[INFO] RetroArch 1.15.0 (Git 6616b807ed)
[INFO] === Build =======================================
[INFO] CPU Model Name: AMD Ryzen 7 5700X 8-Core Processor             
[INFO] Capacidades: MMX MMXEXT SSE SSE2 SSE3 SSE4 SSE4.2 AES AVX AVX2
[INFO] Built: Sep 13 2023
[INFO] Version: 1.15.0
[INFO] Git: 6616b807ed
[INFO] =================================================
[INFO] [Input]: Found input driver: "x".
[INFO] [Environ]: SET_PIXEL_FORMAT: RGB565.
[INFO] [Core]: Versão da API libretro: 1, Compilado contra a API: 1
[INFO] [Audio]: Set audio input rate to: 48000.00 Hz.
[INFO] [Video]: Set video size to: fullscreen.
[ERROR] [Wayland]: Failed to connect to Wayland server.
[INFO] [Vulkan]: Vulkan dynamic library loaded.
[INFO] [Vulkan]: Found vulkan context: "vk_x".
[INFO] [Vulkan]: Detecting screen resolution: 3840x2160.
[INFO] [XINERAMA]: Xinerama version: 1.1.
[INFO] [XINERAMA]: Xinerama screens: 1.
[INFO] [X/Vulkan]: Using Xinerama on screen #0.
[INFO] [X/Vulkan]: X = 0, Y = 0, W = 3840, H = 2160.
[INFO] [X/Vulkan]: Using windowed fullscreen.
[INFO] [Vulkan]: Found GPU at index 0: "NVIDIA GeForce RTX 2060".
[INFO] [Vulkan]: Using GPU index 0.
[INFO] [Vulkan]: Using fences for WSI acquire.
[INFO] [Vulkan]: Using GPU: "NVIDIA GeForce RTX 2060".
[INFO] [Vulkan]: Queue family 0 supports 16 sub-queues.
[INFO] [Vulkan]: Got 3 swapchain images.
[INFO] [Vulkan]: Using resolution 3840x2160.
[INFO] [Vulkan]: Using RGB565 format.
[INFO] [Vulkan]: Loading stock shader.
[INFO] [udev]: Pad #0 (/dev/input/event15) supports force feedback.
[INFO] [udev]: Pad #0 (/dev/input/event15) supports 16 force feedback effects.
[INFO] [Autoconf]: Sony Interactive Entertainment Wireless Controller configurado na porta 1.
[INFO] [Joypad]: Found joypad driver: "udev".
[INFO] [DBus]: Suspended screensaver via DBus.
[INFO] [Video]: Found display server: "x11".
[ERROR] [Overlay]: Failed to load image: /home/willian/.config/retroarch/overlay/NIL.png.
[INFO] [PulseAudio]: Requested 24576 bytes buffer, got 18432.
[INFO] [Display]: Found display driver: "vulkan".
[INFO] [Playlist]: Carregando o arquivo de favoritos: "/home/willian/.config/retroarch/content_favorites.lpl".
[INFO] [PulseAudio]: Pausing.
[INFO] [X/Vulkan]: Resized fullscreen resolution to 3840x2160.
[INFO] [Environ]: SET_SUBSYSTEM_INFO.
[INFO] [Core]: Using content: ".config/retroarch/roms/FBNeo - Arcade Games/pulstar.zip".
[INFO] [Core]: Content ran for a total of: 00 hours, 00 minutes, 00 seconds.
[INFO] [Core]: Unloading core..
[INFO] [Core]: Unloading core symbols..
[INFO] [XINERAMA]: Xinerama version: 1.1.
[INFO] [XINERAMA]: Xinerama screens: 1.
[INFO] [XINERAMA]: Saved monitor #0.
[INFO] [Video]: Does not have enough samples for monitor refresh rate estimation. Requires to run for at least 4096 frames.
[INFO] RetroArch 1.15.0 (Git 6616b807ed)
[INFO] === Build =======================================
[INFO] CPU Model Name: AMD Ryzen 7 5700X 8-Core Processor             
[INFO] Capacidades: MMX MMXEXT SSE SSE2 SSE3 SSE4 SSE4.2 AES AVX AVX2
[INFO] Built: Sep 13 2023
[INFO] Version: 1.15.0
[INFO] Git: 6616b807ed
[INFO] =================================================
[INFO] [Input]: Found input driver: "x".
[INFO] [Core]: Loading dynamic libretro core from: "/home/willian/.config/retroarch/cores/fbneo_libretro.so"
[INFO] [Overrides]: Game-specific overrides found at "/home/willian/.config/retroarch/config/FinalBurn Neo/pulstar.cfg".
[INFO] [Config]: Loading config: "/home/willian/.config/retroarch/retroarch.cfg".
[INFO] [Config]: Appending override config: "/home/willian/.config/retroarch/config/FinalBurn Neo/pulstar.cfg".
[INFO] [Overrides]: Redirecionando arquivo dados da memória do jogo em "/home/willian/.config/retroarch/saves/pulstar.srm".
[INFO] [Overrides]: Redirecionando o jogo salvo em "/home/willian/.config/retroarch/states/pulstar.state".
[INFO] [Environ]: SET_SERIALIZATION_QUIRKS.
[INFO] [Environ]: GET_LOG_INTERFACE.
[INFO] [Environ]: GET_MESSAGE_INTERFACE_VERSION.
[INFO] [Environ]: SET_AUDIO_BUFFER_STATUS_CALLBACK.
[INFO] [Content]: Carregamento de conteúdo ignorado. A implementação irá carregar por conta própria.
[INFO] [Environ]: GET_SAVE_DIRECTORY.
[libretro INFO] Setting save dir to /home/willian/.config/retroarch/saves
[INFO] [Environ]: SYSTEM_DIRECTORY: "/home/willian/.config/retroarch/system".
[libretro INFO] Setting system dir to /home/willian/.config/retroarch/system
[libretro INFO] DIP switches offset: 25.
[INFO] [Environ]: SET_CONTROLLER_INFO.
[libretro INFO] Initialize DIP switches.
[INFO] [Environ]: GET_CORE_OPTIONS_VERSION.
[INFO] [Environ]: RETRO_ENVIRONMENT_SET_CORE_OPTIONS_V2.
[libretro INFO] [FBNeo] Searching all possible locations for romset pulstar
[libretro INFO] [FBNeo] No patched romset found at /home/willian/.config/retroarch/system/fbneo/patched/pulstar
[libretro INFO] [FBNeo] Romset found at .config/retroarch/roms/FBNeo - Arcade Games/pulstar
[libretro INFO] [FBNeo] No romset found at /home/willian/.config/retroarch/system/fbneo/pulstar
[libretro INFO] [FBNeo] No romset found at /home/willian/.config/retroarch/system/pulstar
[libretro INFO] [FBNeo] Searching all possible locations for romset neogeo
[libretro INFO] [FBNeo] No patched romset found at /home/willian/.config/retroarch/system/fbneo/patched/neogeo
[libretro INFO] [FBNeo] Romset found at .config/retroarch/roms/FBNeo - Arcade Games/neogeo
[libretro INFO] [FBNeo] No romset found at /home/willian/.config/retroarch/system/fbneo/neogeo
[libretro INFO] [FBNeo] Romset found at /home/willian/.config/retroarch/system/neogeo
[libretro INFO] [FBNeo] Using ROM with known crc 0x5e5847a2 and name 089-p1.p1 from archive .config/retroarch/roms/FBNeo - Arcade Games/pulstar
[libretro INFO] [FBNeo] Using ROM with known crc 0x028b774c and name 089-p2.sp2 from archive .config/retroarch/roms/FBNeo - Arcade Games/pulstar
[libretro INFO] [FBNeo] Using ROM with known crc 0xc79fc2c8 and name 089-s1.s1 from archive .config/retroarch/roms/FBNeo - Arcade Games/pulstar
[libretro INFO] [FBNeo] Using ROM with known crc 0xf4e97332 and name 089-c1.c1 from archive .config/retroarch/roms/FBNeo - Arcade Games/pulstar
[libretro INFO] [FBNeo] Using ROM with known crc 0x836d14da and name 089-c2.c2 from archive .config/retroarch/roms/FBNeo - Arcade Games/pulstar
[libretro INFO] [FBNeo] Using ROM with known crc 0x913611c4 and name 089-c3.c3 from archive .config/retroarch/roms/FBNeo - Arcade Games/pulstar
[libretro INFO] [FBNeo] Using ROM with known crc 0x44cef0e3 and name 089-c4.c4 from archive .config/retroarch/roms/FBNeo - Arcade Games/pulstar
[libretro INFO] [FBNeo] Using ROM with known crc 0x89baa1d7 and name 089-c5.c5 from archive .config/retroarch/roms/FBNeo - Arcade Games/pulstar
[libretro INFO] [FBNeo] Using ROM with known crc 0xb2594d56 and name 089-c6.c6 from archive .config/retroarch/roms/FBNeo - Arcade Games/pulstar
[libretro INFO] [FBNeo] Using ROM with known crc 0x6a5618ca and name 089-c7.c7 from archive .config/retroarch/roms/FBNeo - Arcade Games/pulstar
[libretro INFO] [FBNeo] Using ROM with known crc 0xa223572d and name 089-c8.c8 from archive .config/retroarch/roms/FBNeo - Arcade Games/pulstar
[libretro INFO] [FBNeo] Using ROM with known crc 0xff3df7c7 and name 089-m1.m1 from archive .config/retroarch/roms/FBNeo - Arcade Games/pulstar
[libretro INFO] [FBNeo] Using ROM with known crc 0x6f726ecb and name 089-v1.v1 from archive .config/retroarch/roms/FBNeo - Arcade Games/pulstar
[libretro INFO] [FBNeo] Using ROM with known crc 0x9d2db551 and name 089-v2.v2 from archive .config/retroarch/roms/FBNeo - Arcade Games/pulstar
[libretro INFO] [FBNeo] Using ROM with known crc 0x91b64be3 and name sp-s3.sp1 from archive .config/retroarch/roms/FBNeo - Arcade Games/neogeo
[libretro INFO] [FBNeo] Using ROM with known crc 0x9036d879 and name sp-s2.sp1 from archive .config/retroarch/roms/FBNeo - Arcade Games/neogeo
[libretro INFO] [FBNeo] Using ROM with known crc 0xc7f2fa45 and name sp-s.sp1 from archive .config/retroarch/roms/FBNeo - Arcade Games/neogeo
[libretro INFO] [FBNeo] Using ROM with known crc 0xe72943de and name sp-u2.sp1 from archive .config/retroarch/roms/FBNeo - Arcade Games/neogeo
[libretro INFO] [FBNeo] Using ROM with known crc 0x62f021f4 and name sp1-u2 from archive .config/retroarch/roms/FBNeo - Arcade Games/neogeo
[libretro INFO] [FBNeo] Using ROM with known crc 0x2723a5b5 and name sp-e.sp1 from archive .config/retroarch/roms/FBNeo - Arcade Games/neogeo
[libretro INFO] [FBNeo] Using ROM with known crc 0x1179a30f and name sp1-u4.bin from archive .config/retroarch/roms/FBNeo - Arcade Games/neogeo
[libretro INFO] [FBNeo] Using ROM with known crc 0x2025b7a2 and name sp1-u3.bin from archive .config/retroarch/roms/FBNeo - Arcade Games/neogeo
[libretro INFO] [FBNeo] Using ROM with known crc 0xf0e8f27d and name vs-bios.rom from archive .config/retroarch/roms/FBNeo - Arcade Games/neogeo
[libretro INFO] [FBNeo] Using ROM with known crc 0xacede59c and name sp-j2.sp1 from archive .config/retroarch/roms/FBNeo - Arcade Games/neogeo
[libretro INFO] [FBNeo] Using ROM with known crc 0x9fb0abe4 and name sp1.jipan.1024 from archive .config/retroarch/roms/FBNeo - Arcade Games/neogeo
[libretro INFO] [FBNeo] Using ROM with known crc 0x03cc9f6a and name sp-45.sp1 from archive .config/retroarch/roms/FBNeo - Arcade Games/neogeo
[libretro INFO] [FBNeo] Using ROM with known crc 0x486cb450 and name sp-j3.sp1 from archive .config/retroarch/roms/FBNeo - Arcade Games/neogeo
[libretro INFO] [FBNeo] Using ROM with known crc 0xdff6d41f and name japan-j3.bin from archive .config/retroarch/roms/FBNeo - Arcade Games/neogeo
[libretro INFO] [FBNeo] Using ROM with known crc 0xfbc6d469 and name sp1-j3.bin from archive .config/retroarch/roms/FBNeo - Arcade Games/neogeo
[libretro INFO] [FBNeo] Using ROM with known crc 0x162f0ebe and name sp-1v1_3db8c.bin from archive .config/retroarch/roms/FBNeo - Arcade Games/neogeo
[libretro INFO] [FBNeo] Using ROM with known crc 0xa7aab458 and name uni-bios_4_0.rom from archive .config/retroarch/roms/FBNeo - Arcade Games/neogeo
[libretro INFO] [FBNeo] Using ROM with known crc 0x24858466 and name uni-bios_3_3.rom from archive .config/retroarch/roms/FBNeo - Arcade Games/neogeo
[libretro INFO] [FBNeo] Using ROM with known crc 0xa4e8b9b3 and name uni-bios_3_2.rom from archive .config/retroarch/roms/FBNeo - Arcade Games/neogeo
[libretro INFO] [FBNeo] Using ROM with known crc 0x0c58093f and name uni-bios_3_1.rom from archive .config/retroarch/roms/FBNeo - Arcade Games/neogeo
[libretro INFO] [FBNeo] Using ROM with known crc 0xa97c89a9 and name uni-bios_3_0.rom from archive .config/retroarch/roms/FBNeo - Arcade Games/neogeo
[libretro INFO] [FBNeo] Using ROM with known crc 0x27664eb5 and name uni-bios_2_3.rom from archive .config/retroarch/roms/FBNeo - Arcade Games/neogeo
[libretro INFO] [FBNeo] Using ROM with known crc 0x601720ae and name uni-bios_2_3o.rom from archive .config/retroarch/roms/FBNeo - Arcade Games/neogeo
[libretro INFO] [FBNeo] Using ROM with known crc 0x2d50996a and name uni-bios_2_2.rom from archive .config/retroarch/roms/FBNeo - Arcade Games/neogeo
[libretro INFO] [FBNeo] Using ROM with known crc 0x8dabf76b and name uni-bios_2_1.rom from archive .config/retroarch/roms/FBNeo - Arcade Games/neogeo
[libretro INFO] [FBNeo] Using ROM with known crc 0x0c12c2ad and name uni-bios_2_0.rom from archive .config/retroarch/roms/FBNeo - Arcade Games/neogeo
[libretro INFO] [FBNeo] Using ROM with known crc 0xb24b44a0 and name uni-bios_1_3.rom from archive .config/retroarch/roms/FBNeo - Arcade Games/neogeo
[libretro INFO] [FBNeo] Using ROM with known crc 0x4fa698e9 and name uni-bios_1_2.rom from archive .config/retroarch/roms/FBNeo - Arcade Games/neogeo
[libretro INFO] [FBNeo] Using ROM with known crc 0xe19d3ce9 and name uni-bios_1_2o.rom from archive .config/retroarch/roms/FBNeo - Arcade Games/neogeo
[libretro INFO] [FBNeo] Using ROM with known crc 0x5dda0d84 and name uni-bios_1_1.rom from archive .config/retroarch/roms/FBNeo - Arcade Games/neogeo
[libretro INFO] [FBNeo] Using ROM with known crc 0x0ce453a0 and name uni-bios_1_0.rom from archive .config/retroarch/roms/FBNeo - Arcade Games/neogeo
[libretro INFO] [FBNeo] Using ROM with known crc 0x94416d67 and name sm1.sm1 from archive .config/retroarch/roms/FBNeo - Arcade Games/neogeo
[libretro INFO] [FBNeo] Using ROM with known crc 0xc2ea0cfd and name sfix.sfix from archive .config/retroarch/roms/FBNeo - Arcade Games/neogeo
[libretro INFO] [FBNeo] Using ROM with known crc 0x5a86cff2 and name 000-lo.lo from archive .config/retroarch/roms/FBNeo - Arcade Games/neogeo
[libretro INFO] [FBNeo] Using ROM with known crc 0x16d0c132 and name neo-po.bin from archive /home/willian/.config/retroarch/system/neogeo
[libretro INFO] [FBNeo] Using ROM with known crc 0xd27a71f1 and name neo-epo.bin from archive /home/willian/.config/retroarch/system/neogeo
[libretro INFO] [FBNeo] Using ROM with known crc 0x698ebb7d and name neodebug.bin from archive /home/willian/.config/retroarch/system/neogeo
[libretro INFO] [FBNeo] Using ROM with known crc 0xcb915e76 and name neopen.sp1 from archive /home/willian/.config/retroarch/system/neogeo
[libretro INFO] Found this bios for requested mode => NeoSystem: 0x10 (neo-epo.bin [0xd27a71f1] (AES Asia)).
[libretro INFO] [FBNeo] No missing files, proceeding
[libretro INFO] [FBNeo] Samplerate set to 48000
[libretro INFO] [FBNeo] Applied dipswitches from core options
[libretro INFO] Found this bios for requested mode => NeoSystem: 0x90 (neo-epo.bin [0xd27a71f1] (AES Asia)).
[libretro INFO] [FBNeo] Initialized driver for pulstar
[libretro INFO] [FBNeo] Adjusted audio buffer to match driver's refresh rate (59.180000 Hz)
[libretro INFO] [Cheevos] System RAM set to 0x55f5ba7dd780, size is 65536
[INFO] [Environ]: SET_ROTATION: 0
[INFO] [Environ]: SET_PIXEL_FORMAT: XRGB8888.
[libretro INFO] [FBNeo] Driver pulstar was successfully started : game's full name is Pulstar
[INFO] [Replay]: Found last replay slot: #0
[INFO] [SRAM]: Ignorando carregamento da SRAM.
[INFO] [Core]: Versão da API libretro: 1, Compilado contra a API: 1
[libretro INFO] [FBNeo] Timing set to 59.180000 Hz
[INFO] [Audio]: Set audio input rate to: 47994.98 Hz.
[INFO] [Video]: Set video size to: fullscreen.
[ERROR] [Wayland]: Failed to connect to Wayland server.
[INFO] [Vulkan]: Vulkan dynamic library loaded.
[INFO] [Vulkan]: Found vulkan context: "vk_x".
[INFO] [Vulkan]: Detecting screen resolution: 3840x2160.
[INFO] [XINERAMA]: Xinerama version: 1.1.
[INFO] [XINERAMA]: Xinerama screens: 1.
[INFO] [X/Vulkan]: Using Xinerama on screen #0.
[INFO] [X/Vulkan]: X = 0, Y = 0, W = 3840, H = 2160.
[INFO] [X/Vulkan]: Using windowed fullscreen.
[INFO] [Vulkan]: Found GPU at index 0: "NVIDIA GeForce RTX 2060".
[INFO] [Vulkan]: Using GPU index 0.
[INFO] [Vulkan]: Using fences for WSI acquire.
[INFO] [Vulkan]: Using GPU: "NVIDIA GeForce RTX 2060".
[INFO] [Vulkan]: Queue family 0 supports 16 sub-queues.
[INFO] [Vulkan]: Got 3 swapchain images.
[INFO] [Vulkan]: Using resolution 3840x2160.
[INFO] [Vulkan]: Using BGRA8888 format.
[INFO] [Shaders]: Specific shader preset found at "/home/willian/.config/retroarch/config/global.slangp".
[INFO] [slang]: Compiling shader: "/home/willian/.config/retroarch/shaders/shaders_slang/bezel/Mega_Bezel/shaders/base/add-params-all.slang".
[INFO] [slang]: Using render target format R8G8B8A8_UNORM for pass output #0.
[INFO] [slang]: Compiling shader: "/home/willian/.config/retroarch/shaders/shaders_slang/bezel/Mega_Bezel/shaders/base/stock.slang".
[INFO] [slang]: Using render target format R8G8B8A8_SRGB for pass output #1.
[INFO] [slang]: Compiling shader: "/home/willian/.config/retroarch/shaders/shaders_slang/bezel/Mega_Bezel/shaders/base/add-negative-crop-area.slang".
[INFO] [slang]: Using render target format R8G8B8A8_SRGB for pass output #2.
[INFO] [slang]: Compiling shader: "/home/willian/.config/retroarch/shaders/shaders_slang/bezel/Mega_Bezel/shaders/base/cache-info-all-params.slang".
[INFO] [slang]: Using render target format R32G32B32A32_SFLOAT for pass output #3.
[INFO] [slang]: Compiling shader: "/home/willian/.config/retroarch/shaders/shaders_slang/bezel/Mega_Bezel/shaders/base/text-adv.slang".
[INFO] [slang]: Using render target format R16G16B16A16_SFLOAT for pass output #4.
[INFO] [slang]: Compiling shader: "/home/willian/.config/retroarch/shaders/shaders_slang/bezel/Mega_Bezel/shaders/base/intro.slang".
[INFO] [slang]: Using render target format R16G16B16A16_SFLOAT for pass output #5.
[INFO] [slang]: Compiling shader: "/home/willian/.config/retroarch/shaders/shaders_slang/bezel/Mega_Bezel/shaders/dedither/dedither-gamma-prep-1-before.slang".
[INFO] [slang]: Using render target format R8G8B8A8_UNORM for pass output #6.
[INFO] [slang]: Compiling shader: "/home/willian/.config/retroarch/shaders/shaders_slang/bezel/Mega_Bezel/shaders/hyllian/sgenpt-mix/sgenpt-mix-pass1.slang".
[INFO] [slang]: Using render target format R8G8B8A8_UNORM for pass output #7.
[INFO] [slang]: Compiling shader: "/home/willian/.config/retroarch/shaders/shaders_slang/bezel/Mega_Bezel/shaders/hyllian/sgenpt-mix/sgenpt-mix-pass2.slang".
[INFO] [slang]: Using render target format R8G8B8A8_UNORM for pass output #8.
[INFO] [slang]: Compiling shader: "/home/willian/.config/retroarch/shaders/shaders_slang/bezel/Mega_Bezel/shaders/hyllian/sgenpt-mix/sgenpt-mix-pass3.slang".
[INFO] [slang]: Using render target format R8G8B8A8_UNORM for pass output #9.
[INFO] [slang]: Compiling shader: "/home/willian/.config/retroarch/shaders/shaders_slang/bezel/Mega_Bezel/shaders/hyllian/sgenpt-mix/sgenpt-mix-pass4.slang".
[INFO] [slang]: Using render target format R8G8B8A8_UNORM for pass output #10.
[INFO] [slang]: Compiling shader: "/home/willian/.config/retroarch/shaders/shaders_slang/bezel/Mega_Bezel/shaders/hyllian/sgenpt-mix/sgenpt-mix-pass5.slang".
[INFO] [slang]: Using render target format R8G8B8A8_UNORM for pass output #11.
[INFO] [slang]: Compiling shader: "/home/willian/.config/retroarch/shaders/shaders_slang/bezel/Mega_Bezel/shaders/dedither/dedither-gamma-prep-2-after.slang".
[INFO] [slang]: Using render target format R8G8B8A8_UNORM for pass output #12.
[INFO] [slang]: Compiling shader: "/home/willian/.config/retroarch/shaders/shaders_slang/bezel/Mega_Bezel/shaders/ps1dither/hsm-PS1-Undither-BoxBlur.slang".
[INFO] [slang]: Using render target format R8G8B8A8_UNORM for pass output #13.
[INFO] [slang]: Compiling shader: "/home/willian/.config/retroarch/shaders/shaders_slang/bezel/Mega_Bezel/shaders/guest/extras/hsm-g-sharp_resampler.slang".
[INFO] [slang]: Using render target format R8G8B8A8_UNORM for pass output #14.
[INFO] [slang]: Compiling shader: "/home/willian/.config/retroarch/shaders/shaders_slang/bezel/Mega_Bezel/shaders/guest/extras/hsm-sharpsmoother.slang".
[INFO] [slang]: Using render target format R8G8B8A8_UNORM for pass output #15.
[INFO] [slang]: Compiling shader: "/home/willian/.config/retroarch/shaders/shaders_slang/bezel/Mega_Bezel/shaders/gtu/hsm-gtu-pass1.slang".
[INFO] [slang]: Using render target format R16G16B16A16_SFLOAT for pass output #16.
[INFO] [slang]: Compiling shader: "/home/willian/.config/retroarch/shaders/shaders_slang/bezel/Mega_Bezel/shaders/gtu/hsm-gtu-pass2.slang".
[INFO] [slang]: Using render target format R16G16B16A16_SFLOAT for pass output #17.
[INFO] [slang]: Compiling shader: "/home/willian/.config/retroarch/shaders/shaders_slang/bezel/Mega_Bezel/shaders/base/stock.slang".
[INFO] [slang]: Using render target format R8G8B8A8_UNORM for pass output #18.
[INFO] [slang]: Compiling shader: "/home/willian/.config/retroarch/shaders/shaders_slang/bezel/Mega_Bezel/shaders/guest/hsm-afterglow0.slang".
[INFO] [slang]: Using render target format R8G8B8A8_UNORM for pass output #19.
[INFO] [slang]: Compiling shader: "/home/willian/.config/retroarch/shaders/shaders_slang/bezel/Mega_Bezel/shaders/guest/hsm-pre-shaders-afterglow.slang".
[INFO] [slang]: Using render target format R8G8B8A8_UNORM for pass output #20.
[INFO] [slang]: Compiling shader: "/home/willian/.config/retroarch/shaders/shaders_slang/bezel/Mega_Bezel/shaders/dogway/hsm-grade.slang".
[INFO] [slang]: Using render target format R8G8B8A8_UNORM for pass output #21.
[INFO] [slang]: Compiling shader: "/home/willian/.config/retroarch/shaders/shaders_slang/bezel/Mega_Bezel/shaders/guest/hsm-custom-fast-sharpen.slang".
[INFO] [slang]: Using render target format R8G8B8A8_UNORM for pass output #22.
[INFO] [slang]: Compiling shader: "/home/willian/.config/retroarch/shaders/shaders_slang/bezel/Mega_Bezel/shaders/base/stock.slang".
[INFO] [slang]: Using render target format R8G8B8A8_UNORM for pass output #23.
[INFO] [slang]: Compiling shader: "/home/willian/.config/retroarch/shaders/shaders_slang/bezel/Mega_Bezel/shaders/guest/hsm-avg-lum.slang".
[INFO] [slang]: Using render target format R8G8B8A8_UNORM for pass output #24.
[INFO] [slang]: Compiling shader: "/home/willian/.config/retroarch/shaders/shaders_slang/bezel/Mega_Bezel/shaders/guest/hsm-interlace-and-linearize.slang".
[INFO] [slang]: Using render target format R16G16B16A16_SFLOAT for pass output #25.
[INFO] [slang]: Compiling shader: "/home/willian/.config/retroarch/shaders/shaders_slang/bezel/Mega_Bezel/shaders/guest/hsm-gaussian_horizontal.slang".
[INFO] [slang]: Using render target format R16G16B16A16_SFLOAT for pass output #26.
[INFO] [slang]: Compiling shader: "/home/willian/.config/retroarch/shaders/shaders_slang/bezel/Mega_Bezel/shaders/guest/hsm-gaussian_vertical.slang".
[INFO] [slang]: Using render target format R16G16B16A16_SFLOAT for pass output #27.
[INFO] [slang]: Compiling shader: "/home/willian/.config/retroarch/shaders/shaders_slang/bezel/Mega_Bezel/shaders/guest/hsm-bloom_horizontal.slang".
[INFO] [slang]: Using render target format R16G16B16A16_SFLOAT for pass output #28.
[INFO] [slang]: Compiling shader: "/home/willian/.config/retroarch/shaders/shaders_slang/bezel/Mega_Bezel/shaders/guest/hsm-bloom_vertical.slang".
[INFO] [slang]: Using render target format R16G16B16A16_SFLOAT for pass output #29.
[INFO] [slang]: Compiling shader: "/home/willian/.config/retroarch/shaders/shaders_slang/bezel/Mega_Bezel/shaders/guest/hsm-crt-guest-advanced.slang".
[INFO] [slang]: Using render target format R16G16B16A16_SFLOAT for pass output #30.
[INFO] [slang]: Compiling shader: "/home/willian/.config/retroarch/shaders/shaders_slang/bezel/Mega_Bezel/shaders/guest/hsm-deconvergence.slang".
[INFO] [slang]: Using render target format R16G16B16A16_SFLOAT for pass output #31.
[INFO] [slang]: Compiling shader: "/home/willian/.config/retroarch/shaders/shaders_slang/bezel/Mega_Bezel/shaders/base/post-crt-prep-image-layers.slang".
[INFO] [slang]: Using render target format R16G16B16A16_SFLOAT for pass output #32.
[INFO] [slang]: Compiling shader: "/home/willian/.config/retroarch/shaders/shaders_slang/bezel/Mega_Bezel/shaders/base/bezel-images-under-crt.slang".
[INFO] [slang]: Using render target format R16G16B16A16_SFLOAT for pass output #33.
[INFO] [slang]: Compiling shader: "/home/willian/.config/retroarch/shaders/shaders_slang/bezel/Mega_Bezel/shaders/base/bezel-images-over-crt.slang".
[INFO] [slang]: Using render target format R16G16B16A16_SFLOAT for pass output #34.
[INFO] [slang]: Compiling shader: "/home/willian/.config/retroarch/shaders/shaders_slang/bezel/Mega_Bezel/shaders/base/linearize-crt.slang".
[INFO] [slang]: Using render target format R16G16B16A16_SFLOAT for pass output #35.
[INFO] [slang]: Compiling shader: "/home/willian/.config/retroarch/shaders/shaders_slang/bezel/Mega_Bezel/shaders/base/blur-outside-screen-horiz.slang".
[INFO] [slang]: Using render target format R8G8B8A8_UNORM for pass output #36.
[INFO] [slang]: Compiling shader: "/home/willian/.config/retroarch/shaders/shaders_slang/bezel/Mega_Bezel/shaders/base/blur-outside-screen-vert.slang".
[INFO] [slang]: Using render target format R8G8B8A8_UNORM for pass output #37.
[INFO] [slang]: Compiling shader: "/home/willian/.config/retroarch/shaders/shaders_slang/blurs/shaders/royale/blur9x9.slang".
[INFO] [slang]: Using render target format R16G16B16A16_SFLOAT for pass output #38.
[INFO] [slang]: Compiling shader: "/home/willian/.config/retroarch/shaders/shaders_slang/blurs/shaders/royale/blur9x9.slang".
[INFO] [slang]: Using render target format R16G16B16A16_SFLOAT for pass output #39.
[INFO] [slang]: Compiling shader: "/home/willian/.config/retroarch/shaders/shaders_slang/bezel/Mega_Bezel/shaders/base/reflection.slang".
[INFO] [slang]: Using render target format R16G16B16A16_SFLOAT for pass output #40.
[INFO] [slang]: Compiling shader: "/home/willian/.config/retroarch/shaders/shaders_slang/bezel/Mega_Bezel/shaders/base/combine-passes.slang".
[INFO] [slang]: Using render target format R8G8B8A8_UNORM for pass output #41.
[INFO] [Vulkan filter chain]: Creating framebuffer 512x512 (max 1 level(s)).
[INFO] [Vulkan filter chain]: Creating framebuffer 512x512 (max 1 level(s)).
[INFO] [Vulkan filter chain]: Creating framebuffer 512x512 (max 1 level(s)).
[INFO] [Vulkan filter chain]: Creating framebuffer 512x512 (max 1 level(s)).
[INFO] [Vulkan filter chain]: Creating framebuffer 512x512 (max 1 level(s)).
[INFO] [Vulkan filter chain]: Creating framebuffer 512x512 (max 1 level(s)).
[INFO] [Vulkan filter chain]: Creating framebuffer 512x512 (max 1 level(s)).
[INFO] [Vulkan filter chain]: Creating framebuffer 512x512 (max 1 level(s)).
[INFO] [Vulkan filter chain]: Creating framebuffer 512x512 (max 1 level(s)).
[INFO] [Vulkan filter chain]: Creating framebuffer 512x512 (max 1 level(s)).
[INFO] [Vulkan filter chain]: Creating framebuffer 512x512 (max 1 level(s)).
[INFO] [Vulkan filter chain]: Creating framebuffer 512x512 (max 1 level(s)).
[INFO] [Vulkan filter chain]: Creating framebuffer 512x512 (max 1 level(s)).
[INFO] [Vulkan filter chain]: Creating framebuffer 512x512 (max 1 level(s)).
[INFO] [Vulkan filter chain]: Creating framebuffer 512x512 (max 1 level(s)).
[INFO] [Vulkan filter chain]: Creating framebuffer 512x512 (max 1 level(s)).
[INFO] [Vulkan filter chain]: Creating framebuffer 512x512 (max 1 level(s)).
[INFO] [Vulkan filter chain]: Creating framebuffer 512x512 (max 1 level(s)).
[INFO] [Vulkan filter chain]: Creating framebuffer 512x512 (max 1 level(s)).
[INFO] [Vulkan filter chain]: Creating framebuffer 512x512 (max 4294967295 level(s)).
[INFO] [Vulkan filter chain]: Creating framebuffer 512x512 (max 1 level(s)).
[INFO] [Vulkan filter chain]: Creating framebuffer 512x512 (max 1 level(s)).
[INFO] [Vulkan filter chain]: Creating framebuffer 512x512 (max 4294967295 level(s)).
[INFO] [Vulkan filter chain]: Creating framebuffer 512x512 (max 4294967295 level(s)).
[INFO] [Vulkan filter chain]: Creating framebuffer 512x512 (max 1 level(s)).
[INFO] [Vulkan filter chain]: Creating framebuffer 512x512 (max 1 level(s)).
[INFO] [Vulkan filter chain]: Creating framebuffer 800x512 (max 1 level(s)).
[INFO] [Vulkan filter chain]: Creating framebuffer 800x600 (max 1 level(s)).
[INFO] [Vulkan filter chain]: Creating framebuffer 800x600 (max 1 level(s)).
[INFO] [Vulkan filter chain]: Creating framebuffer 800x600 (max 1 level(s)).
[INFO] [Vulkan filter chain]: Creating framebuffer 3840x2160 (max 1 level(s)).
[INFO] [Vulkan filter chain]: Creating framebuffer 3840x2160 (max 4294967295 level(s)).
[INFO] [Vulkan filter chain]: Creating framebuffer 3840x2160 (max 1 level(s)).
[INFO] [Vulkan filter chain]: Creating framebuffer 3840x2160 (max 1 level(s)).
[INFO] [Vulkan filter chain]: Creating framebuffer 3840x2160 (max 4294967295 level(s)).
[INFO] [Vulkan filter chain]: Creating framebuffer 800x600 (max 4294967295 level(s)).
[INFO] [Vulkan filter chain]: Creating framebuffer 800x600 (max 1 level(s)).
[INFO] [Vulkan filter chain]: Creating framebuffer 800x600 (max 4294967295 level(s)).
[INFO] [Vulkan filter chain]: Creating framebuffer 128x128 (max 4294967295 level(s)).
[INFO] [Vulkan filter chain]: Creating framebuffer 12x12 (max 1 level(s)).
[INFO] [Vulkan filter chain]: Creating framebuffer 3840x2160 (max 1 level(s)).
[INFO] [Vulkan filter chain]: Creating framebuffer 3840x2160 (max 1 level(s)).
[INFO] [Vulkan filter chain]: Creating framebuffer 512x512 (max 1 level(s)).
[INFO] [Vulkan filter chain]: Creating framebuffer 512x512 (max 1 level(s)).
[INFO] [Vulkan filter chain]: Creating framebuffer 512x512 (max 1 level(s)).
[INFO] [Vulkan filter chain]: Creating framebuffer 512x512 (max 1 level(s)).
[INFO] [Vulkan filter chain]: Using framebuffer feedback for pass #3.
[INFO] [Vulkan filter chain]: Creating framebuffer 512x512 (max 1 level(s)).
[INFO] [Vulkan filter chain]: Using framebuffer feedback for pass #4.
[INFO] [Vulkan filter chain]: Creating framebuffer 512x512 (max 4294967295 level(s)).
[INFO] [Vulkan filter chain]: Using framebuffer feedback for pass #19.
[INFO] [Vulkan filter chain]: Creating framebuffer 512x512 (max 1 level(s)).
[INFO] [Vulkan filter chain]: Using framebuffer feedback for pass #24.
[INFO] [Vulkan filter chain]: Creating framebuffer 3840x2160 (max 1 level(s)).
[INFO] [Vulkan filter chain]: Using framebuffer feedback for pass #32.
[INFO] [Vulkan filter chain]: Creating framebuffer 3840x2160 (max 1 level(s)).
[INFO] [Vulkan filter chain]: Using framebuffer feedback for pass #33.
[INFO] [Vulkan filter chain]: Creating framebuffer 3840x2160 (max 4294967295 level(s)).
[INFO] [Vulkan filter chain]: Using framebuffer feedback for pass #34.
[INFO] [Vulkan filter chain]: Creating framebuffer 3840x2160 (max 1 level(s)).
[INFO] [Vulkan filter chain]: Using framebuffer feedback for pass #40.
[INFO] [Vulkan filter chain]: Creating framebuffer 3840x2160 (max 1 level(s)).
[INFO] [Vulkan filter chain]: Using framebuffer feedback for pass #41.
[INFO] [udev]: Pad #0 (/dev/input/event15) supports force feedback.
[INFO] [udev]: Pad #0 (/dev/input/event15) supports 16 force feedback effects.
[INFO] [Joypad]: Found joypad driver: "udev".
[INFO] [DBus]: Suspended screensaver via DBus.
[INFO] [Video]: Found display server: "x11".
[INFO] [PulseAudio]: Requested 24576 bytes buffer, got 18432.
[INFO] [Display]: Found display driver: "vulkan".
[INFO] [Environ]: SET_SUBSYSTEM_INFO.
[libretro INFO] [FBNeo] Unknown device type for port 0, forcing "Classic" instead
[libretro INFO] [FBNeo] Unknown device type for port 1, forcing "Classic" instead
[INFO] [Playlist]: Carregando o arquivo de favoritos: "/home/willian/.config/retroarch/content_favorites.lpl".
[INFO] [Vulkan filter chain]: Creating framebuffer 512x512 (max 1 level(s)).
[INFO] [Vulkan filter chain]: Creating framebuffer 512x512 (max 1 level(s)).
[INFO] [Vulkan filter chain]: Creating framebuffer 512x512 (max 1 level(s)).
[INFO] [Vulkan filter chain]: Creating framebuffer 512x512 (max 1 level(s)).
[INFO] [Vulkan filter chain]: Creating framebuffer 512x512 (max 1 level(s)).
[INFO] [Vulkan filter chain]: Creating framebuffer 512x512 (max 1 level(s)).
[INFO] [Vulkan filter chain]: Creating framebuffer 512x512 (max 1 level(s)).
[INFO] [Vulkan filter chain]: Creating framebuffer 512x512 (max 1 level(s)).
[INFO] [Vulkan filter chain]: Creating framebuffer 512x512 (max 1 level(s)).
[INFO] [Vulkan filter chain]: Creating framebuffer 512x512 (max 1 level(s)).
[INFO] [Vulkan filter chain]: Creating framebuffer 512x512 (max 1 level(s)).
[INFO] [Vulkan filter chain]: Creating framebuffer 512x512 (max 1 level(s)).
[INFO] [Vulkan filter chain]: Creating framebuffer 512x512 (max 1 level(s)).
[INFO] [Vulkan filter chain]: Creating framebuffer 512x512 (max 1 level(s)).
[INFO] [Vulkan filter chain]: Creating framebuffer 512x512 (max 1 level(s)).
[INFO] [Vulkan filter chain]: Creating framebuffer 512x512 (max 1 level(s)).
[INFO] [Vulkan filter chain]: Creating framebuffer 512x512 (max 1 level(s)).
[INFO] [Vulkan filter chain]: Creating framebuffer 512x512 (max 1 level(s)).
[INFO] [Vulkan filter chain]: Creating framebuffer 512x512 (max 1 level(s)).
[INFO] [Vulkan filter chain]: Creating framebuffer 512x512 (max 4294967295 level(s)).
[INFO] [Vulkan filter chain]: Creating framebuffer 512x512 (max 1 level(s)).
[INFO] [Vulkan filter chain]: Creating framebuffer 512x512 (max 1 level(s)).
[INFO] [Vulkan filter chain]: Creating framebuffer 512x512 (max 4294967295 level(s)).
[INFO] [Vulkan filter chain]: Creating framebuffer 512x512 (max 4294967295 level(s)).
[INFO] [Vulkan filter chain]: Creating framebuffer 512x512 (max 1 level(s)).
[INFO] [Vulkan filter chain]: Creating framebuffer 512x512 (max 1 level(s)).
[INFO] [Vulkan filter chain]: Creating framebuffer 800x512 (max 1 level(s)).
[INFO] [Vulkan filter chain]: Creating framebuffer 800x600 (max 1 level(s)).
[INFO] [Vulkan filter chain]: Creating framebuffer 800x600 (max 1 level(s)).
[INFO] [Vulkan filter chain]: Creating framebuffer 800x600 (max 1 level(s)).
[INFO] [Vulkan filter chain]: Creating framebuffer 3840x2160 (max 1 level(s)).
[INFO] [Vulkan filter chain]: Creating framebuffer 3840x2160 (max 4294967295 level(s)).
[INFO] [Vulkan filter chain]: Creating framebuffer 3840x2160 (max 1 level(s)).
[INFO] [Vulkan filter chain]: Creating framebuffer 3840x2160 (max 1 level(s)).
[INFO] [Vulkan filter chain]: Creating framebuffer 3840x2160 (max 4294967295 level(s)).
[INFO] [Vulkan filter chain]: Creating framebuffer 800x600 (max 4294967295 level(s)).
[INFO] [Vulkan filter chain]: Creating framebuffer 800x600 (max 1 level(s)).
[INFO] [Vulkan filter chain]: Creating framebuffer 800x600 (max 4294967295 level(s)).
[INFO] [Vulkan filter chain]: Creating framebuffer 128x128 (max 4294967295 level(s)).
[INFO] [Vulkan filter chain]: Creating framebuffer 12x12 (max 1 level(s)).
[INFO] [Vulkan filter chain]: Creating framebuffer 3840x2160 (max 1 level(s)).
[INFO] [Vulkan filter chain]: Creating framebuffer 3840x2160 (max 1 level(s)).
[INFO] [Vulkan filter chain]: Creating framebuffer 512x512 (max 1 level(s)).
[INFO] [Vulkan filter chain]: Creating framebuffer 512x512 (max 1 level(s)).
[INFO] [Vulkan filter chain]: Creating framebuffer 512x512 (max 1 level(s)).
[INFO] [Vulkan filter chain]: Creating framebuffer 512x512 (max 1 level(s)).
[INFO] [Vulkan filter chain]: Using framebuffer feedback for pass #3.
[INFO] [Vulkan filter chain]: Creating framebuffer 512x512 (max 1 level(s)).
[INFO] [Vulkan filter chain]: Using framebuffer feedback for pass #4.
[INFO] [Vulkan filter chain]: Creating framebuffer 512x512 (max 4294967295 level(s)).
[INFO] [Vulkan filter chain]: Using framebuffer feedback for pass #19.
[INFO] [Vulkan filter chain]: Creating framebuffer 512x512 (max 1 level(s)).
[INFO] [Vulkan filter chain]: Using framebuffer feedback for pass #24.
[INFO] [Vulkan filter chain]: Creating framebuffer 3840x2160 (max 1 level(s)).
[INFO] [Vulkan filter chain]: Using framebuffer feedback for pass #32.
[INFO] [Vulkan filter chain]: Creating framebuffer 3840x2160 (max 1 level(s)).
[INFO] [Vulkan filter chain]: Using framebuffer feedback for pass #33.
[INFO] [Vulkan filter chain]: Creating framebuffer 3840x2160 (max 4294967295 level(s)).
[INFO] [Vulkan filter chain]: Using framebuffer feedback for pass #34.
[INFO] [Vulkan filter chain]: Creating framebuffer 3840x2160 (max 1 level(s)).
[INFO] [Vulkan filter chain]: Using framebuffer feedback for pass #40.
[INFO] [Vulkan filter chain]: Creating framebuffer 3840x2160 (max 1 level(s)).
[INFO] [Vulkan filter chain]: Using framebuffer feedback for pass #41.
[INFO] [Environ]: SET_INPUT_DESCRIPTORS:
[INFO] [X/Vulkan]: Resized fullscreen resolution to 3840x2160.
[INFO] [Vulkan filter chain]: Creating framebuffer 512x512 (max 1 level(s)).
[INFO] [Vulkan filter chain]: Creating framebuffer 512x512 (max 1 level(s)).
[INFO] [Vulkan filter chain]: Creating framebuffer 512x512 (max 1 level(s)).
[INFO] [Vulkan filter chain]: Creating framebuffer 512x512 (max 1 level(s)).
[INFO] [Vulkan filter chain]: Creating framebuffer 512x512 (max 1 level(s)).
[INFO] [Vulkan filter chain]: Creating framebuffer 512x512 (max 1 level(s)).
[INFO] [Vulkan filter chain]: Creating framebuffer 512x512 (max 1 level(s)).
[INFO] [Vulkan filter chain]: Creating framebuffer 512x512 (max 1 level(s)).
[INFO] [Vulkan filter chain]: Creating framebuffer 512x512 (max 1 level(s)).
[INFO] [Vulkan filter chain]: Creating framebuffer 512x512 (max 1 level(s)).
[INFO] [Vulkan filter chain]: Creating framebuffer 512x512 (max 1 level(s)).
[INFO] [Vulkan filter chain]: Creating framebuffer 512x512 (max 1 level(s)).
[INFO] [Vulkan filter chain]: Creating framebuffer 512x512 (max 1 level(s)).
[INFO] [Vulkan filter chain]: Creating framebuffer 512x512 (max 1 level(s)).
[INFO] [Vulkan filter chain]: Creating framebuffer 512x512 (max 1 level(s)).
[INFO] [Vulkan filter chain]: Creating framebuffer 512x512 (max 1 level(s)).
[INFO] [Vulkan filter chain]: Creating framebuffer 512x512 (max 1 level(s)).
[INFO] [Vulkan filter chain]: Creating framebuffer 512x512 (max 1 level(s)).
[INFO] [Vulkan filter chain]: Creating framebuffer 512x512 (max 1 level(s)).
[INFO] [Vulkan filter chain]: Creating framebuffer 512x512 (max 4294967295 level(s)).
[INFO] [Vulkan filter chain]: Creating framebuffer 512x512 (max 1 level(s)).
[INFO] [Vulkan filter chain]: Creating framebuffer 512x512 (max 1 level(s)).
[INFO] [Vulkan filter chain]: Creating framebuffer 512x512 (max 4294967295 level(s)).
[INFO] [Vulkan filter chain]: Creating framebuffer 512x512 (max 4294967295 level(s)).
[INFO] [Vulkan filter chain]: Creating framebuffer 512x512 (max 1 level(s)).
[INFO] [Vulkan filter chain]: Creating framebuffer 512x512 (max 1 level(s)).
[INFO] [Vulkan filter chain]: Creating framebuffer 800x512 (max 1 level(s)).
[INFO] [Vulkan filter chain]: Creating framebuffer 800x600 (max 1 level(s)).
[INFO] [Vulkan filter chain]: Creating framebuffer 800x600 (max 1 level(s)).
[INFO] [Vulkan filter chain]: Creating framebuffer 800x600 (max 1 level(s)).
[INFO] [Vulkan filter chain]: Creating framebuffer 3840x2160 (max 1 level(s)).
[INFO] [Vulkan filter chain]: Creating framebuffer 3840x2160 (max 4294967295 level(s)).
[INFO] [Vulkan filter chain]: Creating framebuffer 3840x2160 (max 1 level(s)).
[INFO] [Vulkan filter chain]: Creating framebuffer 3840x2160 (max 1 level(s)).
[INFO] [Vulkan filter chain]: Creating framebuffer 3840x2160 (max 4294967295 level(s)).
[INFO] [Vulkan filter chain]: Creating framebuffer 800x600 (max 4294967295 level(s)).
[INFO] [Vulkan filter chain]: Creating framebuffer 800x600 (max 1 level(s)).
[INFO] [Vulkan filter chain]: Creating framebuffer 800x600 (max 4294967295 level(s)).
[INFO] [Vulkan filter chain]: Creating framebuffer 128x128 (max 4294967295 level(s)).
[INFO] [Vulkan filter chain]: Creating framebuffer 12x12 (max 1 level(s)).
[INFO] [Vulkan filter chain]: Creating framebuffer 3840x2160 (max 1 level(s)).
[INFO] [Vulkan filter chain]: Creating framebuffer 3840x2160 (max 1 level(s)).
[INFO] [Vulkan filter chain]: Creating framebuffer 512x512 (max 1 level(s)).
[INFO] [Vulkan filter chain]: Creating framebuffer 512x512 (max 1 level(s)).
[INFO] [Vulkan filter chain]: Creating framebuffer 512x512 (max 1 level(s)).
[INFO] [Vulkan filter chain]: Creating framebuffer 512x512 (max 1 level(s)).
[INFO] [Vulkan filter chain]: Using framebuffer feedback for pass #3.
[INFO] [Vulkan filter chain]: Creating framebuffer 512x512 (max 1 level(s)).
[INFO] [Vulkan filter chain]: Using framebuffer feedback for pass #4.
[INFO] [Vulkan filter chain]: Creating framebuffer 512x512 (max 4294967295 level(s)).
[INFO] [Vulkan filter chain]: Using framebuffer feedback for pass #19.
[INFO] [Vulkan filter chain]: Creating framebuffer 512x512 (max 1 level(s)).
[INFO] [Vulkan filter chain]: Using framebuffer feedback for pass #24.
[INFO] [Vulkan filter chain]: Creating framebuffer 3840x2160 (max 1 level(s)).
[INFO] [Vulkan filter chain]: Using framebuffer feedback for pass #32.
[INFO] [Vulkan filter chain]: Creating framebuffer 3840x2160 (max 1 level(s)).
[INFO] [Vulkan filter chain]: Using framebuffer feedback for pass #33.
[INFO] [Vulkan filter chain]: Creating framebuffer 3840x2160 (max 4294967295 level(s)).
[INFO] [Vulkan filter chain]: Using framebuffer feedback for pass #34.
[INFO] [Vulkan filter chain]: Creating framebuffer 3840x2160 (max 1 level(s)).
[INFO] [Vulkan filter chain]: Using framebuffer feedback for pass #40.
[INFO] [Vulkan filter chain]: Creating framebuffer 3840x2160 (max 1 level(s)).
[INFO] [Vulkan filter chain]: Using framebuffer feedback for pass #41.
[INFO] [Vulkan filter chain]: Updating framebuffer size 320x224 (format: 37).
[INFO] [Vulkan filter chain]: Updating framebuffer size 320x224 (format: 43).
[INFO] [Vulkan filter chain]: Updating framebuffer size 320x224 (format: 43).
[INFO] [Vulkan filter chain]: Updating framebuffer size 320x224 (format: 109).
[INFO] [Vulkan filter chain]: Updating framebuffer size 320x224 (format: 97).
[INFO] [Vulkan filter chain]: Updating framebuffer size 320x224 (format: 97).
[INFO] [Vulkan filter chain]: Updating framebuffer size 320x224 (format: 37).
[INFO] [Vulkan filter chain]: Updating framebuffer size 320x224 (format: 37).
[INFO] [Vulkan filter chain]: Updating framebuffer size 320x224 (format: 37).
[INFO] [Vulkan filter chain]: Updating framebuffer size 320x224 (format: 37).
[INFO] [Vulkan filter chain]: Updating framebuffer size 320x224 (format: 37).
[INFO] [Vulkan filter chain]: Updating framebuffer size 320x224 (format: 37).
[INFO] [Vulkan filter chain]: Updating framebuffer size 320x224 (format: 37).
[INFO] [Vulkan filter chain]: Updating framebuffer size 320x224 (format: 37).
[INFO] [Vulkan filter chain]: Updating framebuffer size 320x224 (format: 37).
[INFO] [Vulkan filter chain]: Updating framebuffer size 320x224 (format: 37).
[INFO] [Vulkan filter chain]: Updating framebuffer size 320x224 (format: 97).
[INFO] [Vulkan filter chain]: Updating framebuffer size 320x224 (format: 97).
[INFO] [Vulkan filter chain]: Updating framebuffer size 320x224 (format: 37).
[INFO] [Vulkan filter chain]: Updating framebuffer size 320x224 (format: 37).
[INFO] [Vulkan filter chain]: Updating framebuffer size 320x224 (format: 37).
[INFO] [Vulkan filter chain]: Updating framebuffer size 320x224 (format: 37).
[INFO] [Vulkan filter chain]: Updating framebuffer size 320x224 (format: 37).
[INFO] [Vulkan filter chain]: Updating framebuffer size 320x224 (format: 37).
[INFO] [Vulkan filter chain]: Updating framebuffer size 320x224 (format: 37).
[INFO] [Vulkan filter chain]: Updating framebuffer size 320x224 (format: 97).
[INFO] [Vulkan filter chain]: Updating framebuffer size 800x224 (format: 97).
[INFO] [Vulkan filter chain]: Updating framebuffer size 320x224 (format: 44).
[INFO] [Vulkan filter chain]: Updating framebuffer size 320x224 (format: 109).
[INFO] [Vulkan filter chain]: Updating framebuffer size 320x224 (format: 97).
[INFO] [Vulkan filter chain]: Updating framebuffer size 320x224 (format: 37).
[INFO] [Vulkan filter chain]: Updating framebuffer size 320x224 (format: 37).
[INFO] [Vulkan filter chain]: Updating framebuffer size 320x224 (format: 44).
[INFO] [Vulkan filter chain]: Updating framebuffer size 320x224 (format: 44).
[INFO] [PulseAudio]: Pausing.
[INFO] [Core]: Content ran for a total of: 00 hours, 01 minutes, 43 seconds.
[INFO] [Runtime]: Saving runtime log file: "/home/willian/.config/retroarch/playlists/logs/FinalBurn Neo/pulstar.lrtl".
[INFO] [Config]: Loading config: "/home/willian/.config/retroarch/retroarch.cfg".
[INFO] [Overrides]: Configuration overrides unloaded, original configuration restored.
[INFO] [Core]: Sem conteúdo, iniciando um núcleo vazio.
[INFO] [Core]: Content ran for a total of: 00 hours, 00 minutes, 00 seconds.
[INFO] [Core]: Unloading game..
[INFO] [Core]: Unloading core..
[INFO] [Core]: Unloading core symbols..
[INFO] [Core]: Saved core options file to "/home/willian/.config/retroarch/config/FinalBurn Neo/FinalBurn Neo.opt".
[INFO] [XINERAMA]: Xinerama version: 1.1.
[INFO] [XINERAMA]: Xinerama screens: 1.
[INFO] [XINERAMA]: Saved monitor #0.
[INFO] [Video]: Average monitor Hz: 59.297913 Hz. (15.548 % frame time deviation, based on 2048 last samples).
[INFO] RetroArch 1.15.0 (Git 6616b807ed)
[INFO] === Build =======================================
[INFO] CPU Model Name: AMD Ryzen 7 5700X 8-Core Processor             
[INFO] Capacidades: MMX MMXEXT SSE SSE2 SSE3 SSE4 SSE4.2 AES AVX AVX2
[INFO] Built: Sep 13 2023
[INFO] Version: 1.15.0
[INFO] Git: 6616b807ed
[INFO] =================================================
[INFO] [Input]: Found input driver: "x".
[INFO] [Environ]: SET_PIXEL_FORMAT: RGB565.
[INFO] [Core]: Versão da API libretro: 1, Compilado contra a API: 1
[INFO] [Audio]: Set audio input rate to: 48000.00 Hz.
[INFO] [Video]: Set video size to: fullscreen.
[ERROR] [Wayland]: Failed to connect to Wayland server.
[INFO] [Vulkan]: Vulkan dynamic library loaded.
[INFO] [Vulkan]: Found vulkan context: "vk_x".
[INFO] [Vulkan]: Detecting screen resolution: 3840x2160.
[INFO] [XINERAMA]: Xinerama version: 1.1.
[INFO] [XINERAMA]: Xinerama screens: 1.
[INFO] [X/Vulkan]: Using Xinerama on screen #0.
[INFO] [X/Vulkan]: X = 0, Y = 0, W = 3840, H = 2160.
[INFO] [X/Vulkan]: Using windowed fullscreen.
[INFO] [Vulkan]: Found GPU at index 0: "NVIDIA GeForce RTX 2060".
[INFO] [Vulkan]: Using GPU index 0.
[INFO] [Vulkan]: Using fences for WSI acquire.
[INFO] [Vulkan]: Using GPU: "NVIDIA GeForce RTX 2060".
[INFO] [Vulkan]: Queue family 0 supports 16 sub-queues.
[INFO] [Vulkan]: Got 3 swapchain images.
[INFO] [Vulkan]: Using resolution 3840x2160.
[INFO] [Vulkan]: Using RGB565 format.
[INFO] [Vulkan]: Loading stock shader.
[INFO] [udev]: Pad #0 (/dev/input/event15) supports force feedback.
[INFO] [udev]: Pad #0 (/dev/input/event15) supports 16 force feedback effects.
[INFO] [Joypad]: Found joypad driver: "udev".
[INFO] [DBus]: Suspended screensaver via DBus.
[INFO] [Video]: Found display server: "x11".
[INFO] [PulseAudio]: Requested 24576 bytes buffer, got 18432.
[INFO] [Display]: Found display driver: "vulkan".
[INFO] [Environ]: SET_SUBSYSTEM_INFO.
[INFO] [Shaders]: Specific shader preset found at "/home/willian/.config/retroarch/config/global.slangp".
[INFO] [Playlist]: Carregando o arquivo de favoritos: "/home/willian/.config/retroarch/content_favorites.lpl".
[INFO] [PulseAudio]: Pausing.
[INFO] [X/Vulkan]: Resized fullscreen resolution to 3840x2160.
[INFO] [Core]: Using content: "/home/willian/.config/retroarch/roms/Sega - Atomiswave/dolphin.zip".
[INFO] [Core]: Content ran for a total of: 00 hours, 00 minutes, 00 seconds.
[INFO] [Core]: Unloading core..
[INFO] [Core]: Unloading core symbols..
[INFO] [XINERAMA]: Xinerama version: 1.1.
[INFO] [XINERAMA]: Xinerama screens: 1.
[INFO] [XINERAMA]: Saved monitor #0.
[INFO] [Video]: Does not have enough samples for monitor refresh rate estimation. Requires to run for at least 4096 frames.
[INFO] RetroArch 1.15.0 (Git 6616b807ed)
[INFO] === Build =======================================
[INFO] CPU Model Name: AMD Ryzen 7 5700X 8-Core Processor             
[INFO] Capacidades: MMX MMXEXT SSE SSE2 SSE3 SSE4 SSE4.2 AES AVX AVX2
[INFO] Built: Sep 13 2023
[INFO] Version: 1.15.0
[INFO] Git: 6616b807ed
[INFO] =================================================
[INFO] [Input]: Found input driver: "x".
[INFO] [Core]: Loading dynamic libretro core from: "/home/willian/.config/retroarch/cores/flycast_libretro.so"
[INFO] [Overrides]: Game-specific overrides found at "/home/willian/.config/retroarch/config/Flycast/dolphin.cfg".
[INFO] [Config]: Loading config: "/home/willian/.config/retroarch/retroarch.cfg".
[INFO] [Config]: Appending override config: "/home/willian/.config/retroarch/config/Flycast/dolphin.cfg".
[INFO] [Environ]: GET_CORE_OPTIONS_VERSION.
[INFO] [Environ]: GET_LANGUAGE: "7".
[INFO] [Environ]: RETRO_ENVIRONMENT_SET_CORE_OPTIONS_V2_INTL.
[INFO] [Environ]: SET_CONTROLLER_INFO.
[INFO] [Remaps]: Core-specific remap found at "/home/willian/.config/retroarch/config/remaps/Flycast/Flycast.rmp".
[INFO] [Overrides]: Redirecionando arquivo dados da memória do jogo em "/home/willian/.config/retroarch/saves/dolphin.srm".
[INFO] [Overrides]: Redirecionando o jogo salvo em "/home/willian/.config/retroarch/states/dolphin.state".
[INFO] [Environ]: GET_LOG_INTERFACE.
[libretro INFO] shell/libretro/libretro.cpp:312 N[BOOT]: retro_init
[INFO] [Environ]: GET_PERF_INTERFACE.
[INFO] [Environ]: SET_PIXEL_FORMAT: XRGB8888.
[INFO] [Environ]: SET_KEYBOARD_CALLBACK.
[INFO] [Environ]: GET_DISK_CONTROL_INTERFACE_VERSION.
[INFO] [Environ]: SET_DISK_CONTROL_EXT_INTERFACE.
[libretro INFO] core/hw/mem/addrspace.cpp:431 N[VMEM]: Info: nvmem is enabled
[libretro INFO] core/hw/mem/addrspace.cpp:462 N[VMEM]: BASE 0x7fd1d3df0000 RAM(16 MB) 0x7fd1dfdf0000 VRAM64(8 MB) 0x7fd1d7df0000 ARAM(2 MB) 0x7fd1f3df0000
[INFO] [Content]: Carregamento de conteúdo ignorado. A implementação irá carregar por conta própria.
[libretro INFO] shell/libretro/libretro.cpp:1816 N[BOOT]: retro_load_game: /home/willian/.config/retroarch/roms/Sega - Atomiswave/dolphin.zip
[INFO] [Environ]: GET_RUMBLE_INTERFACE.
[INFO] [Environ]: SYSTEM_DIRECTORY: "/home/willian/.config/retroarch/system".
[INFO] [Environ]: GET_SAVE_DIRECTORY.
[ERROR] [Environ]: GET_VARIABLE: pvr.rend - Invalid value.
[ERROR] [Environ]: GET_VARIABLE: rend.PerStripSorting - Invalid value.
[INFO] [Environ]: SET_SAVE_STATE_IN_BACKGROUND: yes.
[libretro INFO] File extension is: .zip
[INFO] [Environ]: GET_PREFERRED_HW_RENDER, video driver name: vulkan.
[INFO] [Environ]: GET_PREFERRED_HW_RENDER - Context callback set to RETRO_HW_CONTEXT_VULKAN.
[INFO] [Environ]: SET_HW_RENDER, context type: vulkan.
[INFO] Requesting Vulkan context.
[INFO] [Environ]: SET_HW_RENDER_CONTEXT_NEGOTIATION_INTERFACE.
[INFO] [Environ]: GET_SAVE_DIRECTORY.
[libretro INFO] core/hw/mem/addrspace.cpp:431 N[VMEM]: Info: nvmem is enabled
[libretro INFO] core/hw/mem/addrspace.cpp:462 N[VMEM]: BASE 0x7fd1d3df0000 RAM(16 MB) 0x7fd1dfdf0000 VRAM64(8 MB) 0x7fd1d7df0000 ARAM(2 MB) 0x7fd1f3df0000
[ERROR] [Environ]: GET_VARIABLE: pvr.rend - Invalid value.
[ERROR] [Environ]: GET_VARIABLE: rend.PerStripSorting - Invalid value.
[libretro WARN] core/hw/naomi/naomi_cart.cpp:171 W[NAOMI]: Warning: Region 1 bios not found in awbios
[libretro INFO] core/hw/naomi/naomi_cart.cpp:587 N[NAOMI]: NAOMI GAME ID [Dolphin Blue] region 0 players 0 vertical 0
[libretro INFO] core/emulator.cpp:54 N[BOOT]: Game ID is [Dolphin Blue]
[libretro INFO] core/emulator.cpp:54 N[BOOT]: Game ID is [Dolphin Blue]
[INFO] [Environ]: SET_ROTATION: 0
[INFO] [Environ]: SET_INPUT_DESCRIPTORS:
[INFO] [Replay]: Found last replay slot: #0
[INFO] [SRAM]: Ignorando carregamento da SRAM.
[INFO] [Core]: Versão da API libretro: 1, Compilado contra a API: 1
[libretro INFO] shell/libretro/libretro.cpp:2165 N[RENDERER]: retro_get_system_av_info: Res=960
[INFO] [Audio]: Set audio input rate to: 44100.00 Hz.
[INFO] [Video]: Set video size to: fullscreen.
[INFO] [Video]: Using HW render, vulkan driver forced.
[ERROR] [Wayland]: Failed to connect to Wayland server.
[INFO] [Vulkan]: Vulkan dynamic library loaded.
[INFO] [Vulkan]: Found vulkan context: "vk_x".
[INFO] [Vulkan]: Detecting screen resolution: 3840x2160.
[INFO] [XINERAMA]: Xinerama version: 1.1.
[INFO] [XINERAMA]: Xinerama screens: 1.
[INFO] [X/Vulkan]: Using Xinerama on screen #0.
[INFO] [X/Vulkan]: X = 0, Y = 0, W = 3840, H = 2160.
[INFO] [X/Vulkan]: Using windowed fullscreen.
[INFO] [Vulkan]: Got HW context negotiation interface 1.
[INFO] [Vulkan]: Found GPU at index 0: "NVIDIA GeForce RTX 2060".
[INFO] [Vulkan]: Using GPU index 0.
[INFO] [Vulkan]: Using fences for WSI acquire.
[INFO] [Vulkan]: Using GPU: "NVIDIA GeForce RTX 2060".
[INFO] [Vulkan]: Got 3 swapchain images.
[INFO] [Vulkan]: Using resolution 3840x2160.
[INFO] [Vulkan]: Using BGRA8888 format.
[INFO] [Shaders]: Specific shader preset found at "/home/willian/.config/retroarch/config/global.slangp".
[INFO] [slang]: Compiling shader: "/home/willian/.config/retroarch/shaders/shaders_slang/bezel/Mega_Bezel/shaders/base/add-params-all.slang".
[INFO] [slang]: Using render target format R8G8B8A8_UNORM for pass output #0.
[INFO] [slang]: Compiling shader: "/home/willian/.config/retroarch/shaders/shaders_slang/bezel/Mega_Bezel/shaders/base/stock.slang".
[INFO] [slang]: Using render target format R8G8B8A8_SRGB for pass output #1.
[INFO] [slang]: Compiling shader: "/home/willian/.config/retroarch/shaders/shaders_slang/bezel/Mega_Bezel/shaders/base/add-negative-crop-area.slang".
[INFO] [slang]: Using render target format R8G8B8A8_SRGB for pass output #2.
[INFO] [slang]: Compiling shader: "/home/willian/.config/retroarch/shaders/shaders_slang/bezel/Mega_Bezel/shaders/base/cache-info-all-params.slang".
[INFO] [slang]: Using render target format R32G32B32A32_SFLOAT for pass output #3.
[INFO] [slang]: Compiling shader: "/home/willian/.config/retroarch/shaders/shaders_slang/bezel/Mega_Bezel/shaders/base/text-adv.slang".
[INFO] [slang]: Using render target format R16G16B16A16_SFLOAT for pass output #4.
[INFO] [slang]: Compiling shader: "/home/willian/.config/retroarch/shaders/shaders_slang/bezel/Mega_Bezel/shaders/base/intro.slang".
[INFO] [slang]: Using render target format R16G16B16A16_SFLOAT for pass output #5.
[INFO] [slang]: Compiling shader: "/home/willian/.config/retroarch/shaders/shaders_slang/bezel/Mega_Bezel/shaders/dedither/dedither-gamma-prep-1-before.slang".
[INFO] [slang]: Using render target format R8G8B8A8_UNORM for pass output #6.
[INFO] [slang]: Compiling shader: "/home/willian/.config/retroarch/shaders/shaders_slang/bezel/Mega_Bezel/shaders/hyllian/sgenpt-mix/sgenpt-mix-pass1.slang".
[INFO] [slang]: Using render target format R8G8B8A8_UNORM for pass output #7.
[INFO] [slang]: Compiling shader: "/home/willian/.config/retroarch/shaders/shaders_slang/bezel/Mega_Bezel/shaders/hyllian/sgenpt-mix/sgenpt-mix-pass2.slang".
[INFO] [slang]: Using render target format R8G8B8A8_UNORM for pass output #8.
[INFO] [slang]: Compiling shader: "/home/willian/.config/retroarch/shaders/shaders_slang/bezel/Mega_Bezel/shaders/hyllian/sgenpt-mix/sgenpt-mix-pass3.slang".
[INFO] [slang]: Using render target format R8G8B8A8_UNORM for pass output #9.
[INFO] [slang]: Compiling shader: "/home/willian/.config/retroarch/shaders/shaders_slang/bezel/Mega_Bezel/shaders/hyllian/sgenpt-mix/sgenpt-mix-pass4.slang".
[INFO] [slang]: Using render target format R8G8B8A8_UNORM for pass output #10.
[INFO] [slang]: Compiling shader: "/home/willian/.config/retroarch/shaders/shaders_slang/bezel/Mega_Bezel/shaders/hyllian/sgenpt-mix/sgenpt-mix-pass5.slang".
[INFO] [slang]: Using render target format R8G8B8A8_UNORM for pass output #11.
[INFO] [slang]: Compiling shader: "/home/willian/.config/retroarch/shaders/shaders_slang/bezel/Mega_Bezel/shaders/dedither/dedither-gamma-prep-2-after.slang".
[INFO] [slang]: Using render target format R8G8B8A8_UNORM for pass output #12.
[INFO] [slang]: Compiling shader: "/home/willian/.config/retroarch/shaders/shaders_slang/bezel/Mega_Bezel/shaders/ps1dither/hsm-PS1-Undither-BoxBlur.slang".
[INFO] [slang]: Using render target format R8G8B8A8_UNORM for pass output #13.
[INFO] [slang]: Compiling shader: "/home/willian/.config/retroarch/shaders/shaders_slang/bezel/Mega_Bezel/shaders/guest/extras/hsm-g-sharp_resampler.slang".
[INFO] [slang]: Using render target format R8G8B8A8_UNORM for pass output #14.
[INFO] [slang]: Compiling shader: "/home/willian/.config/retroarch/shaders/shaders_slang/bezel/Mega_Bezel/shaders/guest/extras/hsm-sharpsmoother.slang".
[INFO] [slang]: Using render target format R8G8B8A8_UNORM for pass output #15.
[INFO] [slang]: Compiling shader: "/home/willian/.config/retroarch/shaders/shaders_slang/bezel/Mega_Bezel/shaders/gtu/hsm-gtu-pass1.slang".
[INFO] [slang]: Using render target format R16G16B16A16_SFLOAT for pass output #16.
[INFO] [slang]: Compiling shader: "/home/willian/.config/retroarch/shaders/shaders_slang/bezel/Mega_Bezel/shaders/gtu/hsm-gtu-pass2.slang".
[INFO] [slang]: Using render target format R16G16B16A16_SFLOAT for pass output #17.
[INFO] [slang]: Compiling shader: "/home/willian/.config/retroarch/shaders/shaders_slang/bezel/Mega_Bezel/shaders/base/stock.slang".
[INFO] [slang]: Using render target format R8G8B8A8_UNORM for pass output #18.
[INFO] [slang]: Compiling shader: "/home/willian/.config/retroarch/shaders/shaders_slang/bezel/Mega_Bezel/shaders/guest/hsm-afterglow0.slang".
[INFO] [slang]: Using render target format R8G8B8A8_UNORM for pass output #19.
[INFO] [slang]: Compiling shader: "/home/willian/.config/retroarch/shaders/shaders_slang/bezel/Mega_Bezel/shaders/guest/hsm-pre-shaders-afterglow.slang".
[INFO] [slang]: Using render target format R8G8B8A8_UNORM for pass output #20.
[INFO] [slang]: Compiling shader: "/home/willian/.config/retroarch/shaders/shaders_slang/bezel/Mega_Bezel/shaders/dogway/hsm-grade.slang".
[INFO] [slang]: Using render target format R8G8B8A8_UNORM for pass output #21.
[INFO] [slang]: Compiling shader: "/home/willian/.config/retroarch/shaders/shaders_slang/bezel/Mega_Bezel/shaders/guest/hsm-custom-fast-sharpen.slang".
[INFO] [slang]: Using render target format R8G8B8A8_UNORM for pass output #22.
[INFO] [slang]: Compiling shader: "/home/willian/.config/retroarch/shaders/shaders_slang/bezel/Mega_Bezel/shaders/base/stock.slang".
[INFO] [slang]: Using render target format R8G8B8A8_UNORM for pass output #23.
[INFO] [slang]: Compiling shader: "/home/willian/.config/retroarch/shaders/shaders_slang/bezel/Mega_Bezel/shaders/guest/hsm-avg-lum.slang".
[INFO] [slang]: Using render target format R8G8B8A8_UNORM for pass output #24.
[INFO] [slang]: Compiling shader: "/home/willian/.config/retroarch/shaders/shaders_slang/bezel/Mega_Bezel/shaders/guest/hsm-interlace-and-linearize.slang".
[INFO] [slang]: Using render target format R16G16B16A16_SFLOAT for pass output #25.
[INFO] [slang]: Compiling shader: "/home/willian/.config/retroarch/shaders/shaders_slang/bezel/Mega_Bezel/shaders/guest/hsm-gaussian_horizontal.slang".
[INFO] [slang]: Using render target format R16G16B16A16_SFLOAT for pass output #26.
[INFO] [slang]: Compiling shader: "/home/willian/.config/retroarch/shaders/shaders_slang/bezel/Mega_Bezel/shaders/guest/hsm-gaussian_vertical.slang".
[INFO] [slang]: Using render target format R16G16B16A16_SFLOAT for pass output #27.
[INFO] [slang]: Compiling shader: "/home/willian/.config/retroarch/shaders/shaders_slang/bezel/Mega_Bezel/shaders/guest/hsm-bloom_horizontal.slang".
[INFO] [slang]: Using render target format R16G16B16A16_SFLOAT for pass output #28.
[INFO] [slang]: Compiling shader: "/home/willian/.config/retroarch/shaders/shaders_slang/bezel/Mega_Bezel/shaders/guest/hsm-bloom_vertical.slang".
[INFO] [slang]: Using render target format R16G16B16A16_SFLOAT for pass output #29.
[INFO] [slang]: Compiling shader: "/home/willian/.config/retroarch/shaders/shaders_slang/bezel/Mega_Bezel/shaders/guest/hsm-crt-guest-advanced.slang".
[INFO] [slang]: Using render target format R16G16B16A16_SFLOAT for pass output #30.
[INFO] [slang]: Compiling shader: "/home/willian/.config/retroarch/shaders/shaders_slang/bezel/Mega_Bezel/shaders/guest/hsm-deconvergence.slang".
[INFO] [slang]: Using render target format R16G16B16A16_SFLOAT for pass output #31.
[INFO] [slang]: Compiling shader: "/home/willian/.config/retroarch/shaders/shaders_slang/bezel/Mega_Bezel/shaders/base/post-crt-prep-image-layers.slang".
[INFO] [slang]: Using render target format R16G16B16A16_SFLOAT for pass output #32.
[INFO] [slang]: Compiling shader: "/home/willian/.config/retroarch/shaders/shaders_slang/bezel/Mega_Bezel/shaders/base/bezel-images-under-crt.slang".
[INFO] [slang]: Using render target format R16G16B16A16_SFLOAT for pass output #33.
[INFO] [slang]: Compiling shader: "/home/willian/.config/retroarch/shaders/shaders_slang/bezel/Mega_Bezel/shaders/base/bezel-images-over-crt.slang".
[INFO] [slang]: Using render target format R16G16B16A16_SFLOAT for pass output #34.
[INFO] [slang]: Compiling shader: "/home/willian/.config/retroarch/shaders/shaders_slang/bezel/Mega_Bezel/shaders/base/linearize-crt.slang".
[INFO] [slang]: Using render target format R16G16B16A16_SFLOAT for pass output #35.
[INFO] [slang]: Compiling shader: "/home/willian/.config/retroarch/shaders/shaders_slang/bezel/Mega_Bezel/shaders/base/blur-outside-screen-horiz.slang".
[INFO] [slang]: Using render target format R8G8B8A8_UNORM for pass output #36.
[INFO] [slang]: Compiling shader: "/home/willian/.config/retroarch/shaders/shaders_slang/bezel/Mega_Bezel/shaders/base/blur-outside-screen-vert.slang".
[INFO] [slang]: Using render target format R8G8B8A8_UNORM for pass output #37.
[INFO] [slang]: Compiling shader: "/home/willian/.config/retroarch/shaders/shaders_slang/blurs/shaders/royale/blur9x9.slang".
[INFO] [slang]: Using render target format R16G16B16A16_SFLOAT for pass output #38.
[INFO] [slang]: Compiling shader: "/home/willian/.config/retroarch/shaders/shaders_slang/blurs/shaders/royale/blur9x9.slang".
[INFO] [slang]: Using render target format R16G16B16A16_SFLOAT for pass output #39.
[INFO] [slang]: Compiling shader: "/home/willian/.config/retroarch/shaders/shaders_slang/bezel/Mega_Bezel/shaders/base/reflection.slang".
[INFO] [slang]: Using render target format R16G16B16A16_SFLOAT for pass output #40.
[INFO] [slang]: Compiling shader: "/home/willian/.config/retroarch/shaders/shaders_slang/bezel/Mega_Bezel/shaders/base/combine-passes.slang".
[INFO] [slang]: Using render target format R8G8B8A8_UNORM for pass output #41.
[INFO] [Vulkan filter chain]: Creating framebuffer 2048x2048 (max 1 level(s)).
[INFO] [Vulkan filter chain]: Creating framebuffer 2048x2048 (max 1 level(s)).
[INFO] [Vulkan filter chain]: Creating framebuffer 2048x2048 (max 1 level(s)).
[INFO] [Vulkan filter chain]: Creating framebuffer 2048x2048 (max 1 level(s)).
[INFO] [Vulkan filter chain]: Creating framebuffer 2048x2048 (max 1 level(s)).
[INFO] [Vulkan filter chain]: Creating framebuffer 2048x2048 (max 1 level(s)).
[INFO] [Vulkan filter chain]: Creating framebuffer 2048x2048 (max 1 level(s)).
[INFO] [Vulkan filter chain]: Creating framebuffer 2048x2048 (max 1 level(s)).
[INFO] [Vulkan filter chain]: Creating framebuffer 2048x2048 (max 1 level(s)).
[INFO] [Vulkan filter chain]: Creating framebuffer 2048x2048 (max 1 level(s)).
[INFO] [Vulkan filter chain]: Creating framebuffer 2048x2048 (max 1 level(s)).
[INFO] [Vulkan filter chain]: Creating framebuffer 2048x2048 (max 1 level(s)).
[INFO] [Vulkan filter chain]: Creating framebuffer 2048x2048 (max 1 level(s)).
[INFO] [Vulkan filter chain]: Creating framebuffer 2048x2048 (max 1 level(s)).
[INFO] [Vulkan filter chain]: Creating framebuffer 2048x2048 (max 1 level(s)).
[INFO] [Vulkan filter chain]: Creating framebuffer 2048x2048 (max 1 level(s)).
[INFO] [Vulkan filter chain]: Creating framebuffer 2048x2048 (max 1 level(s)).
[INFO] [Vulkan filter chain]: Creating framebuffer 2048x2048 (max 1 level(s)).
[INFO] [Vulkan filter chain]: Creating framebuffer 2048x2048 (max 1 level(s)).
[INFO] [Vulkan filter chain]: Creating framebuffer 2048x2048 (max 4294967295 level(s)).
[INFO] [Vulkan filter chain]: Creating framebuffer 2048x2048 (max 1 level(s)).
[INFO] [Vulkan filter chain]: Creating framebuffer 2048x2048 (max 1 level(s)).
[INFO] [Vulkan filter chain]: Creating framebuffer 2048x2048 (max 4294967295 level(s)).
[INFO] [Vulkan filter chain]: Creating framebuffer 2048x2048 (max 4294967295 level(s)).
[INFO] [Vulkan filter chain]: Creating framebuffer 2048x2048 (max 1 level(s)).
[INFO] [Vulkan filter chain]: Creating framebuffer 2048x2048 (max 1 level(s)).
[INFO] [Vulkan filter chain]: Creating framebuffer 800x2048 (max 1 level(s)).
[INFO] [Vulkan filter chain]: Creating framebuffer 800x600 (max 1 level(s)).
[INFO] [Vulkan filter chain]: Creating framebuffer 800x600 (max 1 level(s)).
[INFO] [Vulkan filter chain]: Creating framebuffer 800x600 (max 1 level(s)).
[INFO] [Vulkan filter chain]: Creating framebuffer 3840x2160 (max 1 level(s)).
[INFO] [Vulkan filter chain]: Creating framebuffer 3840x2160 (max 4294967295 level(s)).
[INFO] [Vulkan filter chain]: Creating framebuffer 3840x2160 (max 1 level(s)).
[INFO] [Vulkan filter chain]: Creating framebuffer 3840x2160 (max 1 level(s)).
[INFO] [Vulkan filter chain]: Creating framebuffer 3840x2160 (max 4294967295 level(s)).
[INFO] [Vulkan filter chain]: Creating framebuffer 800x600 (max 4294967295 level(s)).
[INFO] [Vulkan filter chain]: Creating framebuffer 800x600 (max 1 level(s)).
[INFO] [Vulkan filter chain]: Creating framebuffer 800x600 (max 4294967295 level(s)).
[INFO] [Vulkan filter chain]: Creating framebuffer 128x128 (max 4294967295 level(s)).
[INFO] [Vulkan filter chain]: Creating framebuffer 12x12 (max 1 level(s)).
[INFO] [Vulkan filter chain]: Creating framebuffer 3840x2160 (max 1 level(s)).
[INFO] [Vulkan filter chain]: Creating framebuffer 3840x2160 (max 1 level(s)).
[INFO] [Vulkan filter chain]: Creating framebuffer 2048x2048 (max 1 level(s)).
[INFO] [Vulkan filter chain]: Creating framebuffer 2048x2048 (max 1 level(s)).
[INFO] [Vulkan filter chain]: Creating framebuffer 2048x2048 (max 1 level(s)).
[INFO] [Vulkan filter chain]: Creating framebuffer 2048x2048 (max 1 level(s)).
[INFO] [Vulkan filter chain]: Using framebuffer feedback for pass #3.
[INFO] [Vulkan filter chain]: Creating framebuffer 2048x2048 (max 1 level(s)).
[INFO] [Vulkan filter chain]: Using framebuffer feedback for pass #4.
[INFO] [Vulkan filter chain]: Creating framebuffer 2048x2048 (max 4294967295 level(s)).
[INFO] [Vulkan filter chain]: Using framebuffer feedback for pass #19.
[INFO] [Vulkan filter chain]: Creating framebuffer 2048x2048 (max 1 level(s)).
[INFO] [Vulkan filter chain]: Using framebuffer feedback for pass #24.
[INFO] [Vulkan filter chain]: Creating framebuffer 3840x2160 (max 1 level(s)).
[INFO] [Vulkan filter chain]: Using framebuffer feedback for pass #32.
[INFO] [Vulkan filter chain]: Creating framebuffer 3840x2160 (max 1 level(s)).
[INFO] [Vulkan filter chain]: Using framebuffer feedback for pass #33.
[INFO] [Vulkan filter chain]: Creating framebuffer 3840x2160 (max 4294967295 level(s)).
[INFO] [Vulkan filter chain]: Using framebuffer feedback for pass #34.
[INFO] [Vulkan filter chain]: Creating framebuffer 3840x2160 (max 1 level(s)).
[INFO] [Vulkan filter chain]: Using framebuffer feedback for pass #40.
[INFO] [Vulkan filter chain]: Creating framebuffer 3840x2160 (max 1 level(s)).
[INFO] [Vulkan filter chain]: Using framebuffer feedback for pass #41.
[INFO] [udev]: Pad #0 (/dev/input/event15) supports force feedback.
[INFO] [udev]: Pad #0 (/dev/input/event15) supports 16 force feedback effects.
[INFO] [Joypad]: Found joypad driver: "udev".
[INFO] [DBus]: Suspended screensaver via DBus.
[INFO] [Video]: Found display server: "x11".
[libretro INFO] shell/libretro/libretro.cpp:1628 N[RENDERER]: retro_vk_context_reset
[libretro INFO] core/rend/vulkan/vk_context_lr.cpp:195 N[RENDERER]: GPU Supports Vulkan API: 1.3.242
[libretro INFO] core/rend/vulkan/vk_context_lr.cpp:201 N[RENDERER]: GPU Supports vkGetPhysicalDeviceProperties2
[libretro INFO] core/rend/vulkan/vk_context_lr.cpp:226 N[RENDERER]: eR5G5B5A1UnormPack16 not supported for optimal tiling
[libretro INFO] core/rend/vulkan/vk_context_lr.cpp:240 N[RENDERER]: eR4G4B4A4UnormPack16 not supported for optimal tiling
[libretro INFO] core/rend/vulkan/vulkan_context.h:266 N[RENDERER]: Using depth format D32SfloatS8Uint tiling Optimal
[libretro INFO] core/rend/vulkan/oit/oit_renderer.cpp:32 N[RENDERER]: OITVulkanRenderer::Init
[INFO] [PulseAudio]: Requested 24576 bytes buffer, got 18432.
[INFO] [Display]: Found display driver: "vulkan".
[INFO] [Playlist]: Carregando o arquivo de favoritos: "/home/willian/.config/retroarch/content_favorites.lpl".
[INFO] [Vulkan filter chain]: Creating framebuffer 2048x2048 (max 1 level(s)).
[INFO] [Vulkan filter chain]: Creating framebuffer 2048x2048 (max 1 level(s)).
[INFO] [Vulkan filter chain]: Creating framebuffer 2048x2048 (max 1 level(s)).
[INFO] [Vulkan filter chain]: Creating framebuffer 2048x2048 (max 1 level(s)).
[INFO] [Vulkan filter chain]: Creating framebuffer 2048x2048 (max 1 level(s)).
[INFO] [Vulkan filter chain]: Creating framebuffer 2048x2048 (max 1 level(s)).
[INFO] [Vulkan filter chain]: Creating framebuffer 2048x2048 (max 1 level(s)).
[INFO] [Vulkan filter chain]: Creating framebuffer 2048x2048 (max 1 level(s)).
[INFO] [Vulkan filter chain]: Creating framebuffer 2048x2048 (max 1 level(s)).
[INFO] [Vulkan filter chain]: Creating framebuffer 2048x2048 (max 1 level(s)).
[INFO] [Vulkan filter chain]: Creating framebuffer 2048x2048 (max 1 level(s)).
[INFO] [Vulkan filter chain]: Creating framebuffer 2048x2048 (max 1 level(s)).
[INFO] [Vulkan filter chain]: Creating framebuffer 2048x2048 (max 1 level(s)).
[INFO] [Vulkan filter chain]: Creating framebuffer 2048x2048 (max 1 level(s)).
[INFO] [Vulkan filter chain]: Creating framebuffer 2048x2048 (max 1 level(s)).
[INFO] [Vulkan filter chain]: Creating framebuffer 2048x2048 (max 1 level(s)).
[INFO] [Vulkan filter chain]: Creating framebuffer 2048x2048 (max 1 level(s)).
[INFO] [Vulkan filter chain]: Creating framebuffer 2048x2048 (max 1 level(s)).
[INFO] [Vulkan filter chain]: Creating framebuffer 2048x2048 (max 1 level(s)).
[INFO] [Vulkan filter chain]: Creating framebuffer 2048x2048 (max 4294967295 level(s)).
[INFO] [Vulkan filter chain]: Creating framebuffer 2048x2048 (max 1 level(s)).
[INFO] [Vulkan filter chain]: Creating framebuffer 2048x2048 (max 1 level(s)).
[INFO] [Vulkan filter chain]: Creating framebuffer 2048x2048 (max 4294967295 level(s)).
[INFO] [Vulkan filter chain]: Creating framebuffer 2048x2048 (max 4294967295 level(s)).
[INFO] [Vulkan filter chain]: Creating framebuffer 2048x2048 (max 1 level(s)).
[INFO] [Vulkan filter chain]: Creating framebuffer 2048x2048 (max 1 level(s)).
[INFO] [Vulkan filter chain]: Creating framebuffer 800x2048 (max 1 level(s)).
[INFO] [Vulkan filter chain]: Creating framebuffer 800x600 (max 1 level(s)).
[INFO] [Vulkan filter chain]: Creating framebuffer 800x600 (max 1 level(s)).
[INFO] [Vulkan filter chain]: Creating framebuffer 800x600 (max 1 level(s)).
[INFO] [Vulkan filter chain]: Creating framebuffer 3840x2160 (max 1 level(s)).
[INFO] [Vulkan filter chain]: Creating framebuffer 3840x2160 (max 4294967295 level(s)).
[INFO] [Vulkan filter chain]: Creating framebuffer 3840x2160 (max 1 level(s)).
[INFO] [Vulkan filter chain]: Creating framebuffer 3840x2160 (max 1 level(s)).
[INFO] [Vulkan filter chain]: Creating framebuffer 3840x2160 (max 4294967295 level(s)).
[INFO] [Vulkan filter chain]: Creating framebuffer 800x600 (max 4294967295 level(s)).
[INFO] [Vulkan filter chain]: Creating framebuffer 800x600 (max 1 level(s)).
[INFO] [Vulkan filter chain]: Creating framebuffer 800x600 (max 4294967295 level(s)).
[INFO] [Vulkan filter chain]: Creating framebuffer 128x128 (max 4294967295 level(s)).
[INFO] [Vulkan filter chain]: Creating framebuffer 12x12 (max 1 level(s)).
[INFO] [Vulkan filter chain]: Creating framebuffer 3840x2160 (max 1 level(s)).
[INFO] [Vulkan filter chain]: Creating framebuffer 3840x2160 (max 1 level(s)).
[INFO] [Vulkan filter chain]: Creating framebuffer 2048x2048 (max 1 level(s)).
[INFO] [Vulkan filter chain]: Creating framebuffer 2048x2048 (max 1 level(s)).
[INFO] [Vulkan filter chain]: Creating framebuffer 2048x2048 (max 1 level(s)).
[INFO] [Vulkan filter chain]: Creating framebuffer 2048x2048 (max 1 level(s)).
[INFO] [Vulkan filter chain]: Using framebuffer feedback for pass #3.
[INFO] [Vulkan filter chain]: Creating framebuffer 2048x2048 (max 1 level(s)).
[INFO] [Vulkan filter chain]: Using framebuffer feedback for pass #4.
[INFO] [Vulkan filter chain]: Creating framebuffer 2048x2048 (max 4294967295 level(s)).
[INFO] [Vulkan filter chain]: Using framebuffer feedback for pass #19.
[INFO] [Vulkan filter chain]: Creating framebuffer 2048x2048 (max 1 level(s)).
[INFO] [Vulkan filter chain]: Using framebuffer feedback for pass #24.
[INFO] [Vulkan filter chain]: Creating framebuffer 3840x2160 (max 1 level(s)).
[INFO] [Vulkan filter chain]: Using framebuffer feedback for pass #32.
[INFO] [Vulkan filter chain]: Creating framebuffer 3840x2160 (max 1 level(s)).
[INFO] [Vulkan filter chain]: Using framebuffer feedback for pass #33.
[INFO] [Vulkan filter chain]: Creating framebuffer 3840x2160 (max 4294967295 level(s)).
[INFO] [Vulkan filter chain]: Using framebuffer feedback for pass #34.
[INFO] [Vulkan filter chain]: Creating framebuffer 3840x2160 (max 1 level(s)).
[INFO] [Vulkan filter chain]: Using framebuffer feedback for pass #40.
[INFO] [Vulkan filter chain]: Creating framebuffer 3840x2160 (max 1 level(s)).
[INFO] [Vulkan filter chain]: Using framebuffer feedback for pass #41.
[INFO] [Environ]: SET_INPUT_DESCRIPTORS:
[INFO] [Environ]: SET_GEOMETRY: 640x480, Aspect: 1.333.
[INFO] [Vulkan filter chain]: Updating framebuffer size 640x240 (format: 37).
[INFO] [Vulkan filter chain]: Updating framebuffer size 640x240 (format: 43).
[INFO] [Vulkan filter chain]: Updating framebuffer size 640x240 (format: 43).
[INFO] [Vulkan filter chain]: Updating framebuffer size 640x240 (format: 109).
[INFO] [Vulkan filter chain]: Updating framebuffer size 640x240 (format: 97).
[INFO] [Vulkan filter chain]: Updating framebuffer size 640x240 (format: 97).
[INFO] [Vulkan filter chain]: Updating framebuffer size 640x240 (format: 37).
[INFO] [Vulkan filter chain]: Updating framebuffer size 640x240 (format: 37).
[INFO] [Vulkan filter chain]: Updating framebuffer size 640x240 (format: 37).
[INFO] [Vulkan filter chain]: Updating framebuffer size 640x240 (format: 37).
[INFO] [Vulkan filter chain]: Updating framebuffer size 640x240 (format: 37).
[INFO] [Vulkan filter chain]: Updating framebuffer size 640x240 (format: 37).
[INFO] [Vulkan filter chain]: Updating framebuffer size 640x240 (format: 37).
[INFO] [Vulkan filter chain]: Updating framebuffer size 640x240 (format: 37).
[INFO] [Vulkan filter chain]: Updating framebuffer size 640x240 (format: 37).
[INFO] [Vulkan filter chain]: Updating framebuffer size 640x240 (format: 37).
[INFO] [Vulkan filter chain]: Updating framebuffer size 640x240 (format: 97).
[INFO] [Vulkan filter chain]: Updating framebuffer size 640x240 (format: 97).
[INFO] [Vulkan filter chain]: Updating framebuffer size 640x240 (format: 37).
[INFO] [Vulkan filter chain]: Updating framebuffer size 640x240 (format: 37).
[INFO] [Vulkan filter chain]: Updating framebuffer size 640x240 (format: 37).
[INFO] [Vulkan filter chain]: Updating framebuffer size 640x240 (format: 37).
[INFO] [Vulkan filter chain]: Updating framebuffer size 640x240 (format: 37).
[INFO] [Vulkan filter chain]: Updating framebuffer size 640x240 (format: 37).
[INFO] [Vulkan filter chain]: Updating framebuffer size 640x240 (format: 37).
[INFO] [Vulkan filter chain]: Updating framebuffer size 640x240 (format: 97).
[INFO] [Vulkan filter chain]: Updating framebuffer size 800x240 (format: 97).
[INFO] [Vulkan filter chain]: Updating framebuffer size 640x240 (format: 37).
[INFO] [X/Vulkan]: Resized fullscreen resolution to 3840x2160.
[INFO] [Vulkan filter chain]: Creating framebuffer 2048x2048 (max 1 level(s)).
[INFO] [Vulkan filter chain]: Creating framebuffer 2048x2048 (max 1 level(s)).
[INFO] [Vulkan filter chain]: Creating framebuffer 2048x2048 (max 1 level(s)).
[INFO] [Vulkan filter chain]: Creating framebuffer 2048x2048 (max 1 level(s)).
[INFO] [Vulkan filter chain]: Creating framebuffer 2048x2048 (max 1 level(s)).
[INFO] [Vulkan filter chain]: Creating framebuffer 2048x2048 (max 1 level(s)).
[INFO] [Vulkan filter chain]: Creating framebuffer 2048x2048 (max 1 level(s)).
[INFO] [Vulkan filter chain]: Creating framebuffer 2048x2048 (max 1 level(s)).
[INFO] [Vulkan filter chain]: Creating framebuffer 2048x2048 (max 1 level(s)).
[INFO] [Vulkan filter chain]: Creating framebuffer 2048x2048 (max 1 level(s)).
[INFO] [Vulkan filter chain]: Creating framebuffer 2048x2048 (max 1 level(s)).
[INFO] [Vulkan filter chain]: Creating framebuffer 2048x2048 (max 1 level(s)).
[INFO] [Vulkan filter chain]: Creating framebuffer 2048x2048 (max 1 level(s)).
[INFO] [Vulkan filter chain]: Creating framebuffer 2048x2048 (max 1 level(s)).
[INFO] [Vulkan filter chain]: Creating framebuffer 2048x2048 (max 1 level(s)).
[INFO] [Vulkan filter chain]: Creating framebuffer 2048x2048 (max 1 level(s)).
[INFO] [Vulkan filter chain]: Creating framebuffer 2048x2048 (max 1 level(s)).
[INFO] [Vulkan filter chain]: Creating framebuffer 2048x2048 (max 1 level(s)).
[INFO] [Vulkan filter chain]: Creating framebuffer 2048x2048 (max 1 level(s)).
[INFO] [Vulkan filter chain]: Creating framebuffer 2048x2048 (max 4294967295 level(s)).
[INFO] [Vulkan filter chain]: Creating framebuffer 2048x2048 (max 1 level(s)).
[INFO] [Vulkan filter chain]: Creating framebuffer 2048x2048 (max 1 level(s)).
[INFO] [Vulkan filter chain]: Creating framebuffer 2048x2048 (max 4294967295 level(s)).
[INFO] [Vulkan filter chain]: Creating framebuffer 2048x2048 (max 4294967295 level(s)).
[INFO] [Vulkan filter chain]: Creating framebuffer 2048x2048 (max 1 level(s)).
[INFO] [Vulkan filter chain]: Creating framebuffer 2048x2048 (max 1 level(s)).
[INFO] [Vulkan filter chain]: Creating framebuffer 800x2048 (max 1 level(s)).
[INFO] [Vulkan filter chain]: Creating framebuffer 800x600 (max 1 level(s)).
[INFO] [Vulkan filter chain]: Creating framebuffer 800x600 (max 1 level(s)).
[INFO] [Vulkan filter chain]: Creating framebuffer 800x600 (max 1 level(s)).
[INFO] [Vulkan filter chain]: Creating framebuffer 3840x2160 (max 1 level(s)).
[INFO] [Vulkan filter chain]: Creating framebuffer 3840x2160 (max 4294967295 level(s)).
[INFO] [Vulkan filter chain]: Creating framebuffer 3840x2160 (max 1 level(s)).
[INFO] [Vulkan filter chain]: Creating framebuffer 3840x2160 (max 1 level(s)).
[INFO] [Vulkan filter chain]: Creating framebuffer 3840x2160 (max 4294967295 level(s)).
[INFO] [Vulkan filter chain]: Creating framebuffer 800x600 (max 4294967295 level(s)).
[INFO] [Vulkan filter chain]: Creating framebuffer 800x600 (max 1 level(s)).
[INFO] [Vulkan filter chain]: Creating framebuffer 800x600 (max 4294967295 level(s)).
[INFO] [Vulkan filter chain]: Creating framebuffer 128x128 (max 4294967295 level(s)).
[INFO] [Vulkan filter chain]: Creating framebuffer 12x12 (max 1 level(s)).
[INFO] [Vulkan filter chain]: Creating framebuffer 3840x2160 (max 1 level(s)).
[INFO] [Vulkan filter chain]: Creating framebuffer 3840x2160 (max 1 level(s)).
[INFO] [Vulkan filter chain]: Creating framebuffer 2048x2048 (max 1 level(s)).
[INFO] [Vulkan filter chain]: Creating framebuffer 2048x2048 (max 1 level(s)).
[INFO] [Vulkan filter chain]: Creating framebuffer 2048x2048 (max 1 level(s)).
[INFO] [Vulkan filter chain]: Creating framebuffer 2048x2048 (max 1 level(s)).
[INFO] [Vulkan filter chain]: Using framebuffer feedback for pass #3.
[INFO] [Vulkan filter chain]: Creating framebuffer 2048x2048 (max 1 level(s)).
[INFO] [Vulkan filter chain]: Using framebuffer feedback for pass #4.
[INFO] [Vulkan filter chain]: Creating framebuffer 2048x2048 (max 4294967295 level(s)).
[INFO] [Vulkan filter chain]: Using framebuffer feedback for pass #19.
[INFO] [Vulkan filter chain]: Creating framebuffer 2048x2048 (max 1 level(s)).
[INFO] [Vulkan filter chain]: Using framebuffer feedback for pass #24.
[INFO] [Vulkan filter chain]: Creating framebuffer 3840x2160 (max 1 level(s)).
[INFO] [Vulkan filter chain]: Using framebuffer feedback for pass #32.
[INFO] [Vulkan filter chain]: Creating framebuffer 3840x2160 (max 1 level(s)).
[INFO] [Vulkan filter chain]: Using framebuffer feedback for pass #33.
[INFO] [Vulkan filter chain]: Creating framebuffer 3840x2160 (max 4294967295 level(s)).
[INFO] [Vulkan filter chain]: Using framebuffer feedback for pass #34.
[INFO] [Vulkan filter chain]: Creating framebuffer 3840x2160 (max 1 level(s)).
[INFO] [Vulkan filter chain]: Using framebuffer feedback for pass #40.
[INFO] [Vulkan filter chain]: Creating framebuffer 3840x2160 (max 1 level(s)).
[INFO] [Vulkan filter chain]: Using framebuffer feedback for pass #41.
[INFO] [Environ]: SET_GEOMETRY.
[INFO] [Vulkan filter chain]: Updating framebuffer size 2x1 (format: 37).
[INFO] [Vulkan filter chain]: Updating framebuffer size 2x1 (format: 43).
[INFO] [Vulkan filter chain]: Updating framebuffer size 2x1 (format: 43).
[INFO] [Vulkan filter chain]: Updating framebuffer size 2x1 (format: 109).
[INFO] [Vulkan filter chain]: Updating framebuffer size 2x1 (format: 97).
[INFO] [Vulkan filter chain]: Updating framebuffer size 2x1 (format: 97).
[INFO] [Vulkan filter chain]: Updating framebuffer size 2x1 (format: 37).
[INFO] [Vulkan filter chain]: Updating framebuffer size 2x1 (format: 37).
[INFO] [Vulkan filter chain]: Updating framebuffer size 2x1 (format: 37).
[INFO] [Vulkan filter chain]: Updating framebuffer size 2x1 (format: 37).
[INFO] [Vulkan filter chain]: Updating framebuffer size 2x1 (format: 37).
[INFO] [Vulkan filter chain]: Updating framebuffer size 2x1 (format: 37).
[INFO] [Vulkan filter chain]: Updating framebuffer size 2x1 (format: 37).
[INFO] [Vulkan filter chain]: Updating framebuffer size 2x1 (format: 37).
[INFO] [Vulkan filter chain]: Updating framebuffer size 2x1 (format: 37).
[INFO] [Vulkan filter chain]: Updating framebuffer size 2x1 (format: 37).
[INFO] [Vulkan filter chain]: Updating framebuffer size 2x1 (format: 97).
[INFO] [Vulkan filter chain]: Updating framebuffer size 2x1 (format: 97).
[INFO] [Vulkan filter chain]: Updating framebuffer size 2x1 (format: 37).
[INFO] [Vulkan filter chain]: Updating framebuffer size 2x1 (format: 37).
[INFO] [Vulkan filter chain]: Updating framebuffer size 2x1 (format: 37).
[INFO] [Vulkan filter chain]: Updating framebuffer size 2x1 (format: 37).
[INFO] [Vulkan filter chain]: Updating framebuffer size 2x1 (format: 37).
[INFO] [Vulkan filter chain]: Updating framebuffer size 2x1 (format: 37).
[INFO] [Vulkan filter chain]: Updating framebuffer size 2x1 (format: 37).
[INFO] [Vulkan filter chain]: Updating framebuffer size 2x1 (format: 97).
[INFO] [Vulkan filter chain]: Updating framebuffer size 800x1 (format: 97).
[INFO] [Vulkan filter chain]: Updating framebuffer size 2x1 (format: 37).
[INFO] [Vulkan filter chain]: Updating framebuffer size 2x1 (format: 109).
[INFO] [Vulkan filter chain]: Updating framebuffer size 2x1 (format: 97).
[INFO] [Vulkan filter chain]: Updating framebuffer size 2x1 (format: 37).
[INFO] [Vulkan filter chain]: Updating framebuffer size 2x1 (format: 37).
[INFO] [Vulkan filter chain]: Updating framebuffer size 2x1 (format: 37).
[INFO] [Vulkan filter chain]: Updating framebuffer size 2x1 (format: 37).
[INFO] [Environ]: SET_GEOMETRY.
[INFO] [Vulkan filter chain]: Updating framebuffer size 640x239 (format: 37).
[INFO] [Vulkan filter chain]: Updating framebuffer size 640x239 (format: 43).
[INFO] [Vulkan filter chain]: Updating framebuffer size 640x239 (format: 43).
[INFO] [Vulkan filter chain]: Updating framebuffer size 640x239 (format: 109).
[INFO] [Vulkan filter chain]: Updating framebuffer size 640x239 (format: 97).
[INFO] [Vulkan filter chain]: Updating framebuffer size 640x239 (format: 97).
[INFO] [Vulkan filter chain]: Updating framebuffer size 640x239 (format: 37).
[INFO] [Vulkan filter chain]: Updating framebuffer size 640x239 (format: 37).
[INFO] [Vulkan filter chain]: Updating framebuffer size 640x239 (format: 37).
[INFO] [Vulkan filter chain]: Updating framebuffer size 640x239 (format: 37).
[INFO] [Vulkan filter chain]: Updating framebuffer size 640x239 (format: 37).
[INFO] [Vulkan filter chain]: Updating framebuffer size 640x239 (format: 37).
[INFO] [Vulkan filter chain]: Updating framebuffer size 640x239 (format: 37).
[INFO] [Vulkan filter chain]: Updating framebuffer size 640x239 (format: 37).
[INFO] [Vulkan filter chain]: Updating framebuffer size 640x239 (format: 37).
[INFO] [Vulkan filter chain]: Updating framebuffer size 640x239 (format: 37).
[INFO] [Vulkan filter chain]: Updating framebuffer size 640x239 (format: 97).
[INFO] [Vulkan filter chain]: Updating framebuffer size 640x239 (format: 97).
[INFO] [Vulkan filter chain]: Updating framebuffer size 640x239 (format: 37).
[INFO] [Vulkan filter chain]: Updating framebuffer size 640x239 (format: 37).
[INFO] [Vulkan filter chain]: Updating framebuffer size 640x239 (format: 37).
[INFO] [Vulkan filter chain]: Updating framebuffer size 640x239 (format: 37).
[INFO] [Vulkan filter chain]: Updating framebuffer size 640x239 (format: 37).
[INFO] [Vulkan filter chain]: Updating framebuffer size 640x239 (format: 37).
[INFO] [Vulkan filter chain]: Updating framebuffer size 640x239 (format: 37).
[INFO] [Vulkan filter chain]: Updating framebuffer size 640x239 (format: 97).
[INFO] [Vulkan filter chain]: Updating framebuffer size 800x239 (format: 97).
[INFO] [Vulkan filter chain]: Updating framebuffer size 640x239 (format: 37).
[INFO] [Vulkan filter chain]: Updating framebuffer size 640x239 (format: 109).
[INFO] [Vulkan filter chain]: Updating framebuffer size 640x239 (format: 97).
[INFO] [Vulkan filter chain]: Updating framebuffer size 640x239 (format: 37).
[INFO] [Vulkan filter chain]: Updating framebuffer size 640x239 (format: 37).
[INFO] [Vulkan filter chain]: Updating framebuffer size 640x239 (format: 37).
[INFO] [Vulkan filter chain]: Updating framebuffer size 640x239 (format: 37).
[INFO] [Environ]: SET_GEOMETRY.
[INFO] [Vulkan filter chain]: Updating framebuffer size 640x478 (format: 37).
[INFO] [Vulkan filter chain]: Updating framebuffer size 640x478 (format: 43).
[INFO] [Vulkan filter chain]: Updating framebuffer size 640x478 (format: 43).
[INFO] [Vulkan filter chain]: Updating framebuffer size 640x478 (format: 109).
[INFO] [Vulkan filter chain]: Updating framebuffer size 640x478 (format: 97).
[INFO] [Vulkan filter chain]: Updating framebuffer size 640x478 (format: 97).
[INFO] [Vulkan filter chain]: Updating framebuffer size 640x478 (format: 37).
[INFO] [Vulkan filter chain]: Updating framebuffer size 640x478 (format: 37).
[INFO] [Vulkan filter chain]: Updating framebuffer size 640x478 (format: 37).
[INFO] [Vulkan filter chain]: Updating framebuffer size 640x478 (format: 37).
[INFO] [Vulkan filter chain]: Updating framebuffer size 640x478 (format: 37).
[INFO] [Vulkan filter chain]: Updating framebuffer size 640x478 (format: 37).
[INFO] [Vulkan filter chain]: Updating framebuffer size 640x478 (format: 37).
[INFO] [Vulkan filter chain]: Updating framebuffer size 640x478 (format: 37).
[INFO] [Vulkan filter chain]: Updating framebuffer size 640x478 (format: 37).
[INFO] [Vulkan filter chain]: Updating framebuffer size 640x478 (format: 37).
[INFO] [Vulkan filter chain]: Updating framebuffer size 640x478 (format: 97).
[INFO] [Vulkan filter chain]: Updating framebuffer size 640x478 (format: 97).
[INFO] [Vulkan filter chain]: Updating framebuffer size 640x478 (format: 37).
[INFO] [Vulkan filter chain]: Updating framebuffer size 640x478 (format: 37).
[INFO] [Vulkan filter chain]: Updating framebuffer size 640x478 (format: 37).
[INFO] [Vulkan filter chain]: Updating framebuffer size 640x478 (format: 37).
[INFO] [Vulkan filter chain]: Updating framebuffer size 640x478 (format: 37).
[INFO] [Vulkan filter chain]: Updating framebuffer size 640x478 (format: 37).
[INFO] [Vulkan filter chain]: Updating framebuffer size 640x478 (format: 37).
[INFO] [Vulkan filter chain]: Updating framebuffer size 640x478 (format: 97).
[INFO] [Vulkan filter chain]: Updating framebuffer size 800x478 (format: 97).
[INFO] [Vulkan filter chain]: Updating framebuffer size 640x478 (format: 37).
[INFO] [Vulkan filter chain]: Updating framebuffer size 640x478 (format: 109).
[INFO] [Vulkan filter chain]: Updating framebuffer size 640x478 (format: 97).
[INFO] [Vulkan filter chain]: Updating framebuffer size 640x478 (format: 37).
[INFO] [Vulkan filter chain]: Updating framebuffer size 640x478 (format: 37).
[INFO] [Vulkan filter chain]: Updating framebuffer size 640x478 (format: 37).
[INFO] [Vulkan filter chain]: Updating framebuffer size 640x478 (format: 37).
[INFO] [Config]: Loading config: "/home/willian/.config/retroarch/retroarch.cfg".
[INFO] [Overrides]: Configuration overrides unloaded, original configuration restored.
[INFO] [Core]: Content ran for a total of: 00 hours, 00 minutes, 51 seconds.
[INFO] [Runtime]: Saving runtime log file: "/home/willian/.config/retroarch/playlists/logs/Flycast/dolphin.lrtl".
[libretro INFO] shell/libretro/libretro.cpp:1642 N[RENDERER]: retro_vk_context_destroy
[INFO] [Core]: Unloading game..
[ERROR] [Environ]: GET_VARIABLE: pvr.rend - Invalid value.
[ERROR] [Environ]: GET_VARIABLE: rend.PerStripSorting - Invalid value.
[INFO] [PulseAudio]: Pausing.
[INFO] [Core]: Unloading core..
[INFO] [Core]: Unloading core symbols..
[INFO] [Core]: Saved core options file to "/home/willian/.config/retroarch/config/Flycast/Flycast.opt".
[INFO] [XINERAMA]: Xinerama version: 1.1.
[INFO] [XINERAMA]: Xinerama screens: 1.
[INFO] [XINERAMA]: Saved monitor #0.
[INFO] [Video]: Does not have enough samples for monitor refresh rate estimation. Requires to run for at least 4096 frames.
