[INFO] RetroArch 1.16.0 (Git 6c2cc45628)
[INFO] === Build =======================================
[INFO] CPU Model Name: AMD Ryzen 7 5700X 8-Core Processor             
[INFO] Capacidades: MMX MMXEXT SSE SSE2 SSE3 SSSE3 SSE4 SSE42 AES AVX AVX2 
[INFO] Version: 1.16.0
[INFO] Git: 6c2cc45628
[INFO] Built: Oct  9 2023
[INFO] =================================================
[INFO] [Input]: Found input driver: "x".
[INFO] [Environ]: SET_PIXEL_FORMAT: RGB565.
[INFO] [Core]: Versão da API libretro: 1, Compilado contra a API: 1
[INFO] [Core]: Geometry: 320x240, Aspect: 1.333, FPS: 60.00, Sample rate: 48000.00 Hz.
[INFO] [Audio]: Set audio input rate to: 48000.00 Hz.
[INFO] [Video]: Set video size to: fullscreen.
[ERROR] [Wayland]: Failed to connect to Wayland server.
[INFO] [Vulkan]: Vulkan dynamic library loaded.
[INFO] [Vulkan]: Found vulkan context: "vk_x".
[INFO] [Vulkan]: Detecting screen resolution: 3840x2160.
[INFO] [XINERAMA]: Xinerama version: 1.1.
[INFO] [XINERAMA]: Xinerama screens: 1.
[INFO] [X/Vulkan]: Using Xinerama on screen #0.
[INFO] [X/Vulkan]: X = 0, Y = 0, W = 3840, H = 2160.
[INFO] [X/Vulkan]: Using windowed fullscreen.
[INFO] [Vulkan]: Found GPU at index 0: "NVIDIA GeForce RTX 2060".
[INFO] [Vulkan]: Using GPU index 0.
[INFO] [Vulkan]: Using fences for WSI acquire.
[INFO] [Vulkan]: Using GPU: "NVIDIA GeForce RTX 2060".
[INFO] [Vulkan]: Queue family 0 supports 16 sub-queues.
[INFO] [Vulkan]: Got 3 swapchain images.
[INFO] [Vulkan]: Using resolution 3840x2160.
[INFO] [Vulkan]: Using RGB565 format.
[INFO] [Vulkan]: Loading stock shader.
[INFO] [udev]: Pad #0 (/dev/input/event23) supports force feedback.
[INFO] [udev]: Pad #0 (/dev/input/event23) supports 16 force feedback effects.
[INFO] [Autoconf]: Sony Interactive Entertainment Wireless Controller configurado na porta 1.
[INFO] [Joypad]: Found joypad driver: "udev".
[INFO] [DBus]: Suspended screensaver via DBus.
[INFO] [Video]: Found display server: "x11".
[ERROR] [Overlay]: Failed to load image: /home/willian/.config/retroarch/overlay/NIL.png.
[INFO] [PulseAudio]: Requested 24576 bytes buffer, got 18432.
[INFO] [Audio]: Started synchronous audio driver.
[INFO] [ALSA] Using ALSA version 1.2.10
[INFO] [Microphone]: Initialized microphone driver.
[INFO] [Display]: Found display driver: "vulkan".
[INFO] [Playlist]: Carregando o arquivo de favoritos: "/home/willian/.config/retroarch/content_favorites.lpl".
[INFO] [X/Vulkan]: Resized fullscreen resolution to 3840x2160.
[ERROR] [Thumbnail]: Download "/home/willian/.config/retroarch/thumbnails/The 3DO Company - 3DO/Named_Snaps/Killing Time (USA) (Rev 2).png" failed: File not found.
[ERROR] [Thumbnail]: Download "/home/willian/.config/retroarch/thumbnails/The 3DO Company - 3DO/Named_Titles/Killing Time (USA) (Rev 2).png" failed: File not found.
[ERROR] [Thumbnail]: Download "/home/willian/.config/retroarch/thumbnails/The 3DO Company - 3DO/Named_Boxarts/Killing Time (USA) (Rev 2).png" failed: File not found.
[INFO] [Scanner]: Analisando conteúdo: "/home/willian/.config/retroarch/roms/Sony - Playstation"..
[INFO] [Scanner]: 1/32: Alone in the Dark - The New Nightmare (USA) (Disc 1).chd..
[INFO] [Scanner]: 2/32: Alone in the Dark - The New Nightmare (USA) (Disc 2).chd..
[INFO] [Scanner]: 3/32: Castlevania - Symphony of the Night (USA).chd..
[INFO] [Scanner]: 4/32: Darkstalkers - The Night Warriors (USA).chd..
[INFO] [Scanner]: 5/32: Darkstalkers 3 (USA).chd..
[INFO] [Scanner]: 6/32: Dino Crisis (USA) (Rev 1).chd..
[INFO] [Scanner]: 7/32: Dino Crisis 2 (USA).chd..
[INFO] [Scanner]: 8/32: Final Fantasy Chronicles - Chrono Trigger (USA) (Rev 1).chd..
[INFO] [Scanner]: 9/32: International Superstar Soccer Deluxe (Europe).chd..
[INFO] [Scanner]: 10/32: Looney Tunes - Sheep Raider (USA).chd..
[INFO] [Scanner]: 11/32: Medal of Honor - Underground (USA).chd..
[INFO] [Scanner]: 12/32: Medal of Honor (USA).chd..
[INFO] [Scanner]: 13/32: Mega Man X4 (USA).chd..
[INFO] [Scanner]: 14/32: Mega Man X5 (USA).chd..
[INFO] [Scanner]: 15/32: Mega Man X6 (USA).chd..
[INFO] [Scanner]: 16/32: Mortal Kombat Trilogy (USA).chd..
[INFO] [Scanner]: 17/32: Resident Evil 2 (USA) (Disc 1).chd..
[INFO] [Scanner]: 18/32: Resident Evil 2 (USA) (Disc 2).chd..
[INFO] [Scanner]: 19/32: Resident Evil 3 - Nemesis (USA).chd..
[INFO] [Scanner]: 20/32: Silent Hill (USA).chd..
[INFO] [Scanner]: 21/32: Street Fighter Alpha - Warriors' Dreams (USA).chd..
[INFO] [Scanner]: 22/32: Street Fighter Alpha 2 (USA) (Rev 1).chd..
[INFO] [Scanner]: 23/32: Street Fighter Alpha 3 (USA).chd..
[INFO] [Scanner]: 24/32: Street Fighter Collection (USA) (Disc 1) (Rev 1).chd..
[INFO] [Scanner]: 25/32: Street Fighter Collection (USA) (Disc 2) (Rev 1).chd..
[INFO] [Scanner]: 26/32: Street Fighter Collection 2 (USA).chd..
[INFO] [Scanner]: 27/32: Street Fighter EX Plus Alpha (USA).chd..
[INFO] [Scanner]: 28/32: Street Fighter EX2 Plus (USA).chd..
[INFO] [Scanner]: 29/32: Strider (USA).chd..
[INFO] [Scanner]: 30/32: Strider 2 (USA).chd..
[INFO] [Scanner]: 31/32: Tony Hawk's Pro Skater 3 (USA).chd..
[INFO] [Scanner]: 32/32: Star Wars - Episode I - Jedi Power Battles (USA).chd..
[INFO] [Scanner]: Add "Star Wars - Episode I - Jedi Power Battles (USA)" to "Sony - PlayStation.lpl"
[INFO] [Playlist]: Written to playlist file: "/home/willian/.config/retroarch/playlists/Sony - PlayStation.lpl".
[INFO] [Scanner]: Análise de diretório terminada
[INFO] [Thumbnail]: Download "/home/willian/.config/retroarch/thumbnails/Sony - PlayStation/Named_Snaps/Star Wars - Episode I - Jedi Power Battles (USA).png".
[INFO] [Thumbnail]: Download "/home/willian/.config/retroarch/thumbnails/Sony - PlayStation/Named_Titles/Star Wars - Episode I - Jedi Power Battles (USA).png".
[INFO] [Playlist]: Written to playlist file: "/home/willian/.config/retroarch/playlists/Sony - PlayStation.lpl".
[INFO] [Core]: Using content: "/home/willian/.config/retroarch/roms/Sony - Playstation/Star Wars - Episode I - Jedi Power Battles (USA).chd".
[INFO] [Core]: Content ran for a total of: 00 hours, 00 minutes, 00 seconds.
[INFO] [PulseAudio]: Pausing.
[INFO] [Core]: Unloading core..
[INFO] [Core]: Unloading core symbols..
[INFO] [XINERAMA]: Xinerama version: 1.1.
[INFO] [XINERAMA]: Xinerama screens: 1.
[INFO] [XINERAMA]: Saved monitor #0.
[INFO] [Video]: Does not have enough samples for monitor refresh rate estimation. Requires to run for at least 4096 frames.
[INFO] RetroArch 1.16.0 (Git 6c2cc45628)
[INFO] === Build =======================================
[INFO] CPU Model Name: AMD Ryzen 7 5700X 8-Core Processor             
[INFO] Capacidades: MMX MMXEXT SSE SSE2 SSE3 SSSE3 SSE4 SSE42 AES AVX AVX2 
[INFO] Version: 1.16.0
[INFO] Git: 6c2cc45628
[INFO] Built: Oct  9 2023
[INFO] =================================================
[INFO] [Input]: Found input driver: "x".
[INFO] [Core]: Loading dynamic libretro core from: "/home/willian/.config/retroarch/cores/mednafen_psx_hw_libretro.so"
[INFO] [Overrides]: Game-specific overrides found at "/home/willian/.config/retroarch/config/Beetle PSX HW/Star Wars - Episode I - Jedi Power Battles (USA).cfg".
[INFO] [Config]: Loading config: "/home/willian/.config/retroarch/retroarch.cfg".
[INFO] [Config]: Appending override config: "/home/willian/.config/retroarch/config/Beetle PSX HW/Star Wars - Episode I - Jedi Power Battles (USA).cfg".
[INFO] [Environ]: GET_CORE_OPTIONS_VERSION.
[INFO] [Environ]: GET_LANGUAGE: "7".
[INFO] [Environ]: RETRO_ENVIRONMENT_SET_CORE_OPTIONS_V2_INTL.
[INFO] [Environ]: GET_VFS_INTERFACE. Core requested version >= V2, providing V3.
[INFO] [Environ]: GET_LED_INTERFACE.
[INFO] [Environ]: SET_CONTROLLER_INFO.
[INFO] [Overrides]: Redirecionando arquivo dados da memória do jogo em "/home/willian/.config/retroarch/saves/Star Wars - Episode I - Jedi Power Battles (USA).srm".
[INFO] [Overrides]: Redirecionando o jogo salvo em "/home/willian/.config/retroarch/states/Star Wars - Episode I - Jedi Power Battles (USA).state".
[INFO] [Environ]: GET_LOG_INTERFACE.
[INFO] [Environ]: GET_MESSAGE_INTERFACE_VERSION.
[INFO] [Environ]: SYSTEM_DIRECTORY: "/home/willian/.config/retroarch/system".
[INFO] [Environ]: GET_SAVE_DIRECTORY.
[INFO] [Environ]: GET_DISK_CONTROL_INTERFACE_VERSION.
[INFO] [Environ]: SET_DISK_CONTROL_EXT_INTERFACE.
[INFO] [Environ]: GET_PERF_INTERFACE.
[INFO] [Environ]: SET_SERIALIZATION_QUIRKS.
[INFO] [Environ]: PERFORMANCE_LEVEL: 15.
[INFO] [Content]: Carregamento de conteúdo ignorado. A implementação irá carregar por conta própria.
[INFO] [Environ]: SET_INPUT_DESCRIPTORS:
[INFO] [Environ]: GET_RUMBLE_INTERFACE.
[libretro INFO] Rumble interface supported!
[INFO] [Environ]: SET_PIXEL_FORMAT: XRGB8888.
[INFO] [Environ]: SET_CONTROLLER_INFO.
[libretro INFO] Loading /home/willian/.config/retroarch/roms/Sony - Playstation/Star Wars - Episode I - Jedi Power Battles (USA).chd...
[libretro INFO] chd_load '/home/willian/.config/retroarch/roms/Sony - Playstation/Star Wars - Episode I - Jedi Power Battles (USA).chd' hunkbytes=19584
[libretro INFO] chd_read_toc: finished
[libretro INFO] Checking if required firmware is present...
[libretro INFO] Firmware found: /home/willian/.config/retroarch/system/scph5501.bin
[libretro INFO] Firmware SHA1: 0555C6FAE8906F3F09BAF5988F00E55F88E9F30B
[INFO] [Environ]: SET_HW_RENDER, context type: vulkan.
[INFO] Requesting Vulkan context.
[INFO] [Environ]: SET_HW_RENDER_CONTEXT_NEGOTIATION_INTERFACE.
[INFO] [Replay]: Found last replay slot: #0
[INFO] [SRAM]: Ignorando carregamento da SRAM.
[INFO] [Core]: Versão da API libretro: 1, Compilado contra a API: 1
[INFO] [Core]: Geometry: 320x240, Aspect: 1.219, FPS: 59.83, Sample rate: 44100.00 Hz.
[INFO] [Audio]: Set audio input rate to: 44100.00 Hz.
[INFO] [Video]: Set video size to: fullscreen.
[INFO] [Video]: Using HW render, vulkan driver forced.
[ERROR] [Wayland]: Failed to connect to Wayland server.
[INFO] [Vulkan]: Vulkan dynamic library loaded.
[INFO] [Vulkan]: Found vulkan context: "vk_x".
[INFO] [Vulkan]: Detecting screen resolution: 3840x2160.
[INFO] [XINERAMA]: Xinerama version: 1.1.
[INFO] [XINERAMA]: Xinerama screens: 1.
[INFO] [X/Vulkan]: Using Xinerama on screen #0.
[INFO] [X/Vulkan]: X = 0, Y = 0, W = 3840, H = 2160.
[INFO] [X/Vulkan]: Using windowed fullscreen.
[INFO] [Vulkan]: Got HW context negotiation interface 2.
[INFO] [Vulkan]: Found GPU at index 0: "NVIDIA GeForce RTX 2060".
[INFO] [Vulkan]: Using GPU index 0.
[libretro INFO] Selected Vulkan GPU: NVIDIA GeForce RTX 2060
[libretro INFO] GPU supports Vulkan 1.1.
[INFO] [Vulkan]: Using fences for WSI acquire.
[INFO] [Vulkan]: Using GPU: "NVIDIA GeForce RTX 2060".
[INFO] [Vulkan]: Got 3 swapchain images.
[INFO] [Vulkan]: Using resolution 3840x2160.
[INFO] [Vulkan]: Using BGRA8888 format.
[INFO] [Shaders]: Specific shader preset found at "/home/willian/.config/retroarch/config/Beetle PSX HW/Sony - Playstation.slangp".
[INFO] [slang]: Compiling shader: "/home/willian/.config/retroarch/shaders/shaders_slang/bezel/Mega_Bezel/shaders/base/add-params-all.slang".
[INFO] [slang]: Using render target format R8G8B8A8_UNORM for pass output #0.
[INFO] [slang]: Compiling shader: "/home/willian/.config/retroarch/shaders/shaders_slang/bezel/Mega_Bezel/shaders/base/stock.slang".
[INFO] [slang]: Using render target format R8G8B8A8_SRGB for pass output #1.
[INFO] [slang]: Compiling shader: "/home/willian/.config/retroarch/shaders/shaders_slang/bezel/Mega_Bezel/shaders/base/add-negative-crop-area.slang".
[INFO] [slang]: Using render target format R8G8B8A8_SRGB for pass output #2.
[INFO] [slang]: Compiling shader: "/home/willian/.config/retroarch/shaders/shaders_slang/bezel/Mega_Bezel/shaders/base/cache-info-all-params.slang".
[INFO] [slang]: Using render target format R32G32B32A32_SFLOAT for pass output #3.
[INFO] [slang]: Compiling shader: "/home/willian/.config/retroarch/shaders/shaders_slang/bezel/Mega_Bezel/shaders/base/text-adv.slang".
[INFO] [slang]: Using render target format R16G16B16A16_SFLOAT for pass output #4.
[INFO] [slang]: Compiling shader: "/home/willian/.config/retroarch/shaders/shaders_slang/bezel/Mega_Bezel/shaders/base/intro.slang".
[INFO] [slang]: Using render target format R16G16B16A16_SFLOAT for pass output #5.
[INFO] [slang]: Compiling shader: "/home/willian/.config/retroarch/shaders/shaders_slang/bezel/Mega_Bezel/shaders/dedither/dedither-gamma-prep-1-before.slang".
[INFO] [slang]: Using render target format R8G8B8A8_UNORM for pass output #6.
[INFO] [slang]: Compiling shader: "/home/willian/.config/retroarch/shaders/shaders_slang/bezel/Mega_Bezel/shaders/hyllian/sgenpt-mix/sgenpt-mix-pass1.slang".
[INFO] [slang]: Using render target format R8G8B8A8_UNORM for pass output #7.
[INFO] [slang]: Compiling shader: "/home/willian/.config/retroarch/shaders/shaders_slang/bezel/Mega_Bezel/shaders/hyllian/sgenpt-mix/sgenpt-mix-pass2.slang".
[INFO] [slang]: Using render target format R8G8B8A8_UNORM for pass output #8.
[INFO] [slang]: Compiling shader: "/home/willian/.config/retroarch/shaders/shaders_slang/bezel/Mega_Bezel/shaders/hyllian/sgenpt-mix/sgenpt-mix-pass3.slang".
[INFO] [slang]: Using render target format R8G8B8A8_UNORM for pass output #9.
[INFO] [slang]: Compiling shader: "/home/willian/.config/retroarch/shaders/shaders_slang/bezel/Mega_Bezel/shaders/hyllian/sgenpt-mix/sgenpt-mix-pass4.slang".
[INFO] [slang]: Using render target format R8G8B8A8_UNORM for pass output #10.
[INFO] [slang]: Compiling shader: "/home/willian/.config/retroarch/shaders/shaders_slang/bezel/Mega_Bezel/shaders/hyllian/sgenpt-mix/sgenpt-mix-pass5.slang".
[INFO] [slang]: Using render target format R8G8B8A8_UNORM for pass output #11.
[INFO] [slang]: Compiling shader: "/home/willian/.config/retroarch/shaders/shaders_slang/bezel/Mega_Bezel/shaders/dedither/dedither-gamma-prep-2-after.slang".
[INFO] [slang]: Using render target format R8G8B8A8_UNORM for pass output #12.
[INFO] [slang]: Compiling shader: "/home/willian/.config/retroarch/shaders/shaders_slang/bezel/Mega_Bezel/shaders/ps1dither/hsm-PS1-Undither-BoxBlur.slang".
[INFO] [slang]: Using render target format R8G8B8A8_UNORM for pass output #13.
[INFO] [slang]: Compiling shader: "/home/willian/.config/retroarch/shaders/shaders_slang/bezel/Mega_Bezel/shaders/guest/extras/hsm-g-sharp_resampler.slang".
[INFO] [slang]: Using render target format R8G8B8A8_UNORM for pass output #14.
[INFO] [slang]: Compiling shader: "/home/willian/.config/retroarch/shaders/shaders_slang/bezel/Mega_Bezel/shaders/guest/extras/hsm-sharpsmoother.slang".
[INFO] [slang]: Using render target format R8G8B8A8_UNORM for pass output #15.
[INFO] [slang]: Compiling shader: "/home/willian/.config/retroarch/shaders/shaders_slang/bezel/Mega_Bezel/shaders/base/stock.slang".
[INFO] [slang]: Using render target format R8G8B8A8_UNORM for pass output #16.
[INFO] [slang]: Compiling shader: "/home/willian/.config/retroarch/shaders/shaders_slang/bezel/Mega_Bezel/shaders/scalefx/hsm-scalefx-pass0.slang".
[INFO] [slang]: Using render target format R16G16B16A16_SFLOAT for pass output #17.
[INFO] [slang]: Compiling shader: "/home/willian/.config/retroarch/shaders/shaders_slang/bezel/Mega_Bezel/shaders/scalefx/hsm-scalefx-pass1.slang".
[INFO] [slang]: Using render target format R8G8B8A8_UNORM for pass output #18.
[INFO] [slang]: Compiling shader: "/home/willian/.config/retroarch/shaders/shaders_slang/bezel/Mega_Bezel/shaders/scalefx/hsm-scalefx-pass2.slang".
[INFO] [slang]: Using render target format R8G8B8A8_UNORM for pass output #19.
[INFO] [slang]: Compiling shader: "/home/willian/.config/retroarch/shaders/shaders_slang/bezel/Mega_Bezel/shaders/scalefx/hsm-scalefx-pass3.slang".
[INFO] [slang]: Using render target format R8G8B8A8_UNORM for pass output #20.
[INFO] [slang]: Compiling shader: "/home/willian/.config/retroarch/shaders/shaders_slang/bezel/Mega_Bezel/shaders/scalefx/hsm-scalefx-pass4.slang".
[INFO] [slang]: Using render target format R8G8B8A8_UNORM for pass output #21.
[INFO] [slang]: Compiling shader: "/home/willian/.config/retroarch/shaders/shaders_slang/bezel/Mega_Bezel/shaders/gtu/hsm-gtu-pass1.slang".
[INFO] [slang]: Using render target format R16G16B16A16_SFLOAT for pass output #22.
[INFO] [slang]: Compiling shader: "/home/willian/.config/retroarch/shaders/shaders_slang/bezel/Mega_Bezel/shaders/gtu/hsm-gtu-pass2.slang".
[INFO] [slang]: Using render target format R16G16B16A16_SFLOAT for pass output #23.
[INFO] [slang]: Compiling shader: "/home/willian/.config/retroarch/shaders/shaders_slang/bezel/Mega_Bezel/shaders/base/stock.slang".
[INFO] [slang]: Using render target format R8G8B8A8_UNORM for pass output #24.
[INFO] [slang]: Compiling shader: "/home/willian/.config/retroarch/shaders/shaders_slang/bezel/Mega_Bezel/shaders/guest/hsm-afterglow0.slang".
[INFO] [slang]: Using render target format R8G8B8A8_UNORM for pass output #25.
[INFO] [slang]: Compiling shader: "/home/willian/.config/retroarch/shaders/shaders_slang/bezel/Mega_Bezel/shaders/guest/hsm-pre-shaders-afterglow.slang".
[INFO] [slang]: Using render target format R8G8B8A8_UNORM for pass output #26.
[INFO] [slang]: Compiling shader: "/home/willian/.config/retroarch/shaders/shaders_slang/bezel/Mega_Bezel/shaders/dogway/hsm-grade.slang".
[INFO] [slang]: Using render target format R8G8B8A8_UNORM for pass output #27.
[INFO] [slang]: Compiling shader: "/home/willian/.config/retroarch/shaders/shaders_slang/bezel/Mega_Bezel/shaders/guest/hsm-custom-fast-sharpen.slang".
[INFO] [slang]: Using render target format R8G8B8A8_UNORM for pass output #28.
[INFO] [slang]: Compiling shader: "/home/willian/.config/retroarch/shaders/shaders_slang/bezel/Mega_Bezel/shaders/base/stock.slang".
[INFO] [slang]: Using render target format R8G8B8A8_UNORM for pass output #29.
[INFO] [slang]: Compiling shader: "/home/willian/.config/retroarch/shaders/shaders_slang/bezel/Mega_Bezel/shaders/guest/hsm-avg-lum.slang".
[INFO] [slang]: Using render target format R8G8B8A8_UNORM for pass output #30.
[INFO] [slang]: Compiling shader: "/home/willian/.config/retroarch/shaders/shaders_slang/bezel/Mega_Bezel/shaders/guest/hsm-interlace-and-linearize.slang".
[INFO] [slang]: Using render target format R16G16B16A16_SFLOAT for pass output #31.
[INFO] [slang]: Compiling shader: "/home/willian/.config/retroarch/shaders/shaders_slang/bezel/Mega_Bezel/shaders/guest/hsm-gaussian_horizontal.slang".
[INFO] [slang]: Using render target format R16G16B16A16_SFLOAT for pass output #32.
[INFO] [slang]: Compiling shader: "/home/willian/.config/retroarch/shaders/shaders_slang/bezel/Mega_Bezel/shaders/guest/hsm-gaussian_vertical.slang".
[INFO] [slang]: Using render target format R16G16B16A16_SFLOAT for pass output #33.
[INFO] [slang]: Compiling shader: "/home/willian/.config/retroarch/shaders/shaders_slang/bezel/Mega_Bezel/shaders/guest/hsm-bloom_horizontal.slang".
[INFO] [slang]: Using render target format R16G16B16A16_SFLOAT for pass output #34.
[INFO] [slang]: Compiling shader: "/home/willian/.config/retroarch/shaders/shaders_slang/bezel/Mega_Bezel/shaders/guest/hsm-bloom_vertical.slang".
[INFO] [slang]: Using render target format R16G16B16A16_SFLOAT for pass output #35.
[INFO] [slang]: Compiling shader: "/home/willian/.config/retroarch/shaders/shaders_slang/bezel/Mega_Bezel/shaders/guest/hsm-crt-guest-advanced.slang".
[INFO] [slang]: Using render target format R16G16B16A16_SFLOAT for pass output #36.
[INFO] [slang]: Compiling shader: "/home/willian/.config/retroarch/shaders/shaders_slang/bezel/Mega_Bezel/shaders/guest/hsm-deconvergence.slang".
[INFO] [slang]: Using render target format R16G16B16A16_SFLOAT for pass output #37.
[INFO] [slang]: Compiling shader: "/home/willian/.config/retroarch/shaders/shaders_slang/bezel/Mega_Bezel/shaders/base/post-crt-prep-image-layers.slang".
[INFO] [slang]: Using render target format R16G16B16A16_SFLOAT for pass output #38.
[INFO] [slang]: Compiling shader: "/home/willian/.config/retroarch/shaders/shaders_slang/bezel/Mega_Bezel/shaders/base/bezel-images-under-crt.slang".
[INFO] [slang]: Using render target format R16G16B16A16_SFLOAT for pass output #39.
[INFO] [slang]: Compiling shader: "/home/willian/.config/retroarch/shaders/shaders_slang/bezel/Mega_Bezel/shaders/base/bezel-images-over-crt.slang".
[INFO] [slang]: Using render target format R16G16B16A16_SFLOAT for pass output #40.
[INFO] [slang]: Compiling shader: "/home/willian/.config/retroarch/shaders/shaders_slang/bezel/Mega_Bezel/shaders/base/linearize-crt.slang".
[INFO] [slang]: Using render target format R16G16B16A16_SFLOAT for pass output #41.
[INFO] [slang]: Compiling shader: "/home/willian/.config/retroarch/shaders/shaders_slang/bezel/Mega_Bezel/shaders/base/blur-outside-screen-horiz.slang".
[INFO] [slang]: Using render target format R8G8B8A8_UNORM for pass output #42.
[INFO] [slang]: Compiling shader: "/home/willian/.config/retroarch/shaders/shaders_slang/bezel/Mega_Bezel/shaders/base/blur-outside-screen-vert.slang".
[INFO] [slang]: Using render target format R8G8B8A8_UNORM for pass output #43.
[INFO] [slang]: Compiling shader: "/home/willian/.config/retroarch/shaders/shaders_slang/blurs/shaders/royale/blur9x9.slang".
[INFO] [slang]: Using render target format R16G16B16A16_SFLOAT for pass output #44.
[INFO] [slang]: Compiling shader: "/home/willian/.config/retroarch/shaders/shaders_slang/blurs/shaders/royale/blur9x9.slang".
[INFO] [slang]: Using render target format R16G16B16A16_SFLOAT for pass output #45.
[INFO] [slang]: Compiling shader: "/home/willian/.config/retroarch/shaders/shaders_slang/bezel/Mega_Bezel/shaders/base/reflection.slang".
[INFO] [slang]: Using render target format R16G16B16A16_SFLOAT for pass output #46.
[INFO] [slang]: Compiling shader: "/home/willian/.config/retroarch/shaders/shaders_slang/bezel/Mega_Bezel/shaders/base/combine-passes.slang".
[INFO] [slang]: Using render target format R8G8B8A8_UNORM for pass output #47.
[INFO] [Vulkan filter chain]: Creating framebuffer 1024x1024 (max 1 level(s)).
[INFO] [Vulkan filter chain]: Creating framebuffer 1024x1024 (max 1 level(s)).
[INFO] [Vulkan filter chain]: Creating framebuffer 1024x1024 (max 1 level(s)).
[INFO] [Vulkan filter chain]: Creating framebuffer 1024x1024 (max 1 level(s)).
[INFO] [Vulkan filter chain]: Creating framebuffer 1024x1024 (max 1 level(s)).
[INFO] [Vulkan filter chain]: Creating framebuffer 1024x1024 (max 1 level(s)).
[INFO] [Vulkan filter chain]: Creating framebuffer 1024x1024 (max 1 level(s)).
[INFO] [Vulkan filter chain]: Creating framebuffer 1024x1024 (max 1 level(s)).
[INFO] [Vulkan filter chain]: Creating framebuffer 1024x1024 (max 1 level(s)).
[INFO] [Vulkan filter chain]: Creating framebuffer 1024x1024 (max 1 level(s)).
[INFO] [Vulkan filter chain]: Creating framebuffer 1024x1024 (max 1 level(s)).
[INFO] [Vulkan filter chain]: Creating framebuffer 1024x1024 (max 1 level(s)).
[INFO] [Vulkan filter chain]: Creating framebuffer 1024x1024 (max 1 level(s)).
[INFO] [Vulkan filter chain]: Creating framebuffer 1024x1024 (max 1 level(s)).
[INFO] [Vulkan filter chain]: Creating framebuffer 1024x1024 (max 1 level(s)).
[INFO] [Vulkan filter chain]: Creating framebuffer 1024x1024 (max 1 level(s)).
[INFO] [Vulkan filter chain]: Creating framebuffer 1024x1024 (max 1 level(s)).
[INFO] [Vulkan filter chain]: Creating framebuffer 1024x1024 (max 1 level(s)).
[INFO] [Vulkan filter chain]: Creating framebuffer 1024x1024 (max 1 level(s)).
[INFO] [Vulkan filter chain]: Creating framebuffer 1024x1024 (max 1 level(s)).
[INFO] [Vulkan filter chain]: Creating framebuffer 1024x1024 (max 1 level(s)).
[INFO] [Vulkan filter chain]: Creating framebuffer 3072x3072 (max 1 level(s)).
[INFO] [Vulkan filter chain]: Creating framebuffer 3072x3072 (max 1 level(s)).
[INFO] [Vulkan filter chain]: Creating framebuffer 3072x3072 (max 1 level(s)).
[INFO] [Vulkan filter chain]: Creating framebuffer 3072x3072 (max 1 level(s)).
[INFO] [Vulkan filter chain]: Creating framebuffer 3072x3072 (max 4294967295 level(s)).
[INFO] [Vulkan filter chain]: Creating framebuffer 3072x3072 (max 1 level(s)).
[INFO] [Vulkan filter chain]: Creating framebuffer 3072x3072 (max 1 level(s)).
[INFO] [Vulkan filter chain]: Creating framebuffer 3072x3072 (max 4294967295 level(s)).
[INFO] [Vulkan filter chain]: Creating framebuffer 3072x3072 (max 4294967295 level(s)).
[INFO] [Vulkan filter chain]: Creating framebuffer 3072x3072 (max 1 level(s)).
[INFO] [Vulkan filter chain]: Creating framebuffer 3072x3072 (max 1 level(s)).
[INFO] [Vulkan filter chain]: Creating framebuffer 800x3072 (max 1 level(s)).
[INFO] [Vulkan filter chain]: Creating framebuffer 800x600 (max 1 level(s)).
[INFO] [Vulkan filter chain]: Creating framebuffer 800x600 (max 1 level(s)).
[INFO] [Vulkan filter chain]: Creating framebuffer 800x600 (max 1 level(s)).
[INFO] [Vulkan filter chain]: Creating framebuffer 3840x2160 (max 1 level(s)).
[INFO] [Vulkan filter chain]: Creating framebuffer 3840x2160 (max 4294967295 level(s)).
[INFO] [Vulkan filter chain]: Creating framebuffer 3840x2160 (max 1 level(s)).
[INFO] [Vulkan filter chain]: Creating framebuffer 3840x2160 (max 1 level(s)).
[INFO] [Vulkan filter chain]: Creating framebuffer 3840x2160 (max 4294967295 level(s)).
[INFO] [Vulkan filter chain]: Creating framebuffer 800x600 (max 4294967295 level(s)).
[INFO] [Vulkan filter chain]: Creating framebuffer 800x600 (max 1 level(s)).
[INFO] [Vulkan filter chain]: Creating framebuffer 800x600 (max 4294967295 level(s)).
[INFO] [Vulkan filter chain]: Creating framebuffer 128x128 (max 4294967295 level(s)).
[INFO] [Vulkan filter chain]: Creating framebuffer 12x12 (max 1 level(s)).
[INFO] [Vulkan filter chain]: Creating framebuffer 3840x2160 (max 1 level(s)).
[INFO] [Vulkan filter chain]: Creating framebuffer 3840x2160 (max 1 level(s)).
[INFO] [Vulkan filter chain]: Creating framebuffer 1024x1024 (max 1 level(s)).
[INFO] [Vulkan filter chain]: Creating framebuffer 1024x1024 (max 1 level(s)).
[INFO] [Vulkan filter chain]: Creating framebuffer 1024x1024 (max 1 level(s)).
[INFO] [Vulkan filter chain]: Creating framebuffer 1024x1024 (max 1 level(s)).
[INFO] [Vulkan filter chain]: Using framebuffer feedback for pass #3.
[INFO] [Vulkan filter chain]: Creating framebuffer 1024x1024 (max 1 level(s)).
[INFO] [Vulkan filter chain]: Using framebuffer feedback for pass #4.
[INFO] [Vulkan filter chain]: Creating framebuffer 3072x3072 (max 4294967295 level(s)).
[INFO] [Vulkan filter chain]: Using framebuffer feedback for pass #25.
[INFO] [Vulkan filter chain]: Creating framebuffer 3072x3072 (max 1 level(s)).
[INFO] [Vulkan filter chain]: Using framebuffer feedback for pass #30.
[INFO] [Vulkan filter chain]: Creating framebuffer 3840x2160 (max 1 level(s)).
[INFO] [Vulkan filter chain]: Using framebuffer feedback for pass #38.
[INFO] [Vulkan filter chain]: Creating framebuffer 3840x2160 (max 1 level(s)).
[INFO] [Vulkan filter chain]: Using framebuffer feedback for pass #39.
[INFO] [Vulkan filter chain]: Creating framebuffer 3840x2160 (max 4294967295 level(s)).
[INFO] [Vulkan filter chain]: Using framebuffer feedback for pass #40.
[INFO] [Vulkan filter chain]: Creating framebuffer 3840x2160 (max 1 level(s)).
[INFO] [Vulkan filter chain]: Using framebuffer feedback for pass #46.
[INFO] [Vulkan filter chain]: Creating framebuffer 3840x2160 (max 1 level(s)).
[INFO] [Vulkan filter chain]: Using framebuffer feedback for pass #47.
[INFO] [udev]: Pad #0 (/dev/input/event23) supports force feedback.
[INFO] [udev]: Pad #0 (/dev/input/event23) supports 16 force feedback effects.
[INFO] [Joypad]: Found joypad driver: "udev".
[INFO] [DBus]: Suspended screensaver via DBus.
[INFO] [Video]: Found display server: "x11".
[libretro INFO] num hd textures: 0
[libretro INFO] Creating shader module.
[libretro INFO] Creating descriptor set layout.
[libretro INFO] Creating descriptor set layout.
[libretro INFO] Creating descriptor set layout.
[libretro INFO] Creating pipeline layout.
[libretro INFO] Creating shader module.
[libretro INFO] Creating shader module.
[libretro INFO] Creating descriptor set layout.
[libretro INFO] Creating pipeline layout.
[libretro INFO] Creating shader module.
[libretro INFO] Creating descriptor set layout.
[libretro INFO] Creating pipeline layout.
[libretro INFO] Creating shader module.
[libretro INFO] Creating descriptor set layout.
[libretro INFO] Creating pipeline layout.
[libretro INFO] Creating shader module.
[libretro INFO] Creating shader module.
[libretro INFO] Creating shader module.
[libretro INFO] Creating descriptor set layout.
[libretro INFO] Creating pipeline layout.
[libretro INFO] Creating shader module.
[libretro INFO] Creating descriptor set layout.
[libretro INFO] Creating pipeline layout.
[libretro INFO] Creating shader module.
[libretro INFO] Creating shader module.
[libretro INFO] Creating descriptor set layout.
[libretro INFO] Creating pipeline layout.
[libretro INFO] Creating shader module.
[libretro INFO] Creating descriptor set layout.
[libretro INFO] Creating pipeline layout.
[libretro INFO] Creating shader module.
[libretro INFO] Creating shader module.
[libretro INFO] Creating descriptor set layout.
[libretro INFO] Creating pipeline layout.
[libretro INFO] Creating shader module.
[libretro INFO] Creating shader module.
[libretro INFO] Creating descriptor set layout.
[libretro INFO] Creating pipeline layout.
[libretro INFO] Creating shader module.
[libretro INFO] Creating shader module.
[libretro INFO] Creating descriptor set layout.
[libretro INFO] Creating pipeline layout.
[libretro INFO] Creating shader module.
[libretro INFO] Creating shader module.
[libretro INFO] Creating descriptor set layout.
[libretro INFO] Creating pipeline layout.
[libretro INFO] Creating shader module.
[libretro INFO] Creating descriptor set layout.
[libretro INFO] Creating pipeline layout.
[libretro INFO] Creating shader module.
[libretro INFO] Creating shader module.
[libretro INFO] Creating pipeline layout.
[libretro INFO] Creating shader module.
[libretro INFO] Creating shader module.
[libretro INFO] Creating pipeline layout.
[libretro INFO] Creating shader module.
[libretro INFO] Creating shader module.
[libretro INFO] Creating descriptor set layout.
[libretro INFO] Creating pipeline layout.
[libretro INFO] Creating shader module.
[libretro INFO] Creating shader module.
[libretro INFO] Creating descriptor set layout.
[libretro INFO] Creating pipeline layout.
[libretro INFO] Creating shader module.
[libretro INFO] Creating descriptor set layout.
[libretro INFO] Creating pipeline layout.
[libretro INFO] Creating shader module.
[libretro INFO] Creating descriptor set layout.
[libretro INFO] Creating pipeline layout.
[libretro INFO] Creating shader module.
[libretro INFO] Creating descriptor set layout.
[libretro INFO] Creating pipeline layout.
[libretro INFO] Creating shader module.
[libretro INFO] Creating descriptor set layout.
[libretro INFO] Creating pipeline layout.
[INFO] [PulseAudio]: Requested 24576 bytes buffer, got 18432.
[INFO] [Audio]: Started synchronous audio driver.
[INFO] [ALSA] Using ALSA version 1.2.10
[INFO] [Microphone]: Initialized microphone driver.
[INFO] [Display]: Found display driver: "vulkan".
[libretro INFO] Controller 1: PlayStation Controller
[libretro INFO] Controller 2: PlayStation Controller
[INFO] [Playlist]: Carregando o arquivo de favoritos: "/home/willian/.config/retroarch/content_favorites.lpl".
[INFO] [Vulkan filter chain]: Creating framebuffer 1024x1024 (max 1 level(s)).
[INFO] [Vulkan filter chain]: Creating framebuffer 1024x1024 (max 1 level(s)).
[INFO] [Vulkan filter chain]: Creating framebuffer 1024x1024 (max 1 level(s)).
[INFO] [Vulkan filter chain]: Creating framebuffer 1024x1024 (max 1 level(s)).
[INFO] [Vulkan filter chain]: Creating framebuffer 1024x1024 (max 1 level(s)).
[INFO] [Vulkan filter chain]: Creating framebuffer 1024x1024 (max 1 level(s)).
[INFO] [Vulkan filter chain]: Creating framebuffer 1024x1024 (max 1 level(s)).
[INFO] [Vulkan filter chain]: Creating framebuffer 1024x1024 (max 1 level(s)).
[INFO] [Vulkan filter chain]: Creating framebuffer 1024x1024 (max 1 level(s)).
[INFO] [Vulkan filter chain]: Creating framebuffer 1024x1024 (max 1 level(s)).
[INFO] [Vulkan filter chain]: Creating framebuffer 1024x1024 (max 1 level(s)).
[INFO] [Vulkan filter chain]: Creating framebuffer 1024x1024 (max 1 level(s)).
[INFO] [Vulkan filter chain]: Creating framebuffer 1024x1024 (max 1 level(s)).
[INFO] [Vulkan filter chain]: Creating framebuffer 1024x1024 (max 1 level(s)).
[INFO] [Vulkan filter chain]: Creating framebuffer 1024x1024 (max 1 level(s)).
[INFO] [Vulkan filter chain]: Creating framebuffer 1024x1024 (max 1 level(s)).
[INFO] [Vulkan filter chain]: Creating framebuffer 1024x1024 (max 1 level(s)).
[INFO] [Vulkan filter chain]: Creating framebuffer 1024x1024 (max 1 level(s)).
[INFO] [Vulkan filter chain]: Creating framebuffer 1024x1024 (max 1 level(s)).
[INFO] [Vulkan filter chain]: Creating framebuffer 1024x1024 (max 1 level(s)).
[INFO] [Vulkan filter chain]: Creating framebuffer 1024x1024 (max 1 level(s)).
[INFO] [Vulkan filter chain]: Creating framebuffer 3072x3072 (max 1 level(s)).
[INFO] [Vulkan filter chain]: Creating framebuffer 3072x3072 (max 1 level(s)).
[INFO] [Vulkan filter chain]: Creating framebuffer 3072x3072 (max 1 level(s)).
[INFO] [Vulkan filter chain]: Creating framebuffer 3072x3072 (max 1 level(s)).
[INFO] [Vulkan filter chain]: Creating framebuffer 3072x3072 (max 4294967295 level(s)).
[INFO] [Vulkan filter chain]: Creating framebuffer 3072x3072 (max 1 level(s)).
[INFO] [Vulkan filter chain]: Creating framebuffer 3072x3072 (max 1 level(s)).
[INFO] [Vulkan filter chain]: Creating framebuffer 3072x3072 (max 4294967295 level(s)).
[INFO] [Vulkan filter chain]: Creating framebuffer 3072x3072 (max 4294967295 level(s)).
[INFO] [Vulkan filter chain]: Creating framebuffer 3072x3072 (max 1 level(s)).
[INFO] [Vulkan filter chain]: Creating framebuffer 3072x3072 (max 1 level(s)).
[INFO] [Vulkan filter chain]: Creating framebuffer 800x3072 (max 1 level(s)).
[INFO] [Vulkan filter chain]: Creating framebuffer 800x600 (max 1 level(s)).
[INFO] [Vulkan filter chain]: Creating framebuffer 800x600 (max 1 level(s)).
[INFO] [Vulkan filter chain]: Creating framebuffer 800x600 (max 1 level(s)).
[INFO] [Vulkan filter chain]: Creating framebuffer 3840x2160 (max 1 level(s)).
[INFO] [Vulkan filter chain]: Creating framebuffer 3840x2160 (max 4294967295 level(s)).
[INFO] [Vulkan filter chain]: Creating framebuffer 3840x2160 (max 1 level(s)).
[INFO] [Vulkan filter chain]: Creating framebuffer 3840x2160 (max 1 level(s)).
[INFO] [Vulkan filter chain]: Creating framebuffer 3840x2160 (max 4294967295 level(s)).
[INFO] [Vulkan filter chain]: Creating framebuffer 800x600 (max 4294967295 level(s)).
[INFO] [Vulkan filter chain]: Creating framebuffer 800x600 (max 1 level(s)).
[INFO] [Vulkan filter chain]: Creating framebuffer 800x600 (max 4294967295 level(s)).
[INFO] [Vulkan filter chain]: Creating framebuffer 128x128 (max 4294967295 level(s)).
[INFO] [Vulkan filter chain]: Creating framebuffer 12x12 (max 1 level(s)).
[INFO] [Vulkan filter chain]: Creating framebuffer 3840x2160 (max 1 level(s)).
[INFO] [Vulkan filter chain]: Creating framebuffer 3840x2160 (max 1 level(s)).
[INFO] [Vulkan filter chain]: Creating framebuffer 1024x1024 (max 1 level(s)).
[INFO] [Vulkan filter chain]: Creating framebuffer 1024x1024 (max 1 level(s)).
[INFO] [Vulkan filter chain]: Creating framebuffer 1024x1024 (max 1 level(s)).
[INFO] [Vulkan filter chain]: Creating framebuffer 1024x1024 (max 1 level(s)).
[INFO] [Vulkan filter chain]: Using framebuffer feedback for pass #3.
[INFO] [Vulkan filter chain]: Creating framebuffer 1024x1024 (max 1 level(s)).
[INFO] [Vulkan filter chain]: Using framebuffer feedback for pass #4.
[INFO] [Vulkan filter chain]: Creating framebuffer 3072x3072 (max 4294967295 level(s)).
[INFO] [Vulkan filter chain]: Using framebuffer feedback for pass #25.
[INFO] [Vulkan filter chain]: Creating framebuffer 3072x3072 (max 1 level(s)).
[INFO] [Vulkan filter chain]: Using framebuffer feedback for pass #30.
[INFO] [Vulkan filter chain]: Creating framebuffer 3840x2160 (max 1 level(s)).
[INFO] [Vulkan filter chain]: Using framebuffer feedback for pass #38.
[INFO] [Vulkan filter chain]: Creating framebuffer 3840x2160 (max 1 level(s)).
[INFO] [Vulkan filter chain]: Using framebuffer feedback for pass #39.
[INFO] [Vulkan filter chain]: Creating framebuffer 3840x2160 (max 4294967295 level(s)).
[INFO] [Vulkan filter chain]: Using framebuffer feedback for pass #40.
[INFO] [Vulkan filter chain]: Creating framebuffer 3840x2160 (max 1 level(s)).
[INFO] [Vulkan filter chain]: Using framebuffer feedback for pass #46.
[INFO] [Vulkan filter chain]: Creating framebuffer 3840x2160 (max 1 level(s)).
[INFO] [Vulkan filter chain]: Using framebuffer feedback for pass #47.
[libretro INFO] Creating render pass.
[libretro INFO] Creating render pass.
[INFO] [Vulkan filter chain]: Updating framebuffer size 64x64 (format: 37).
[INFO] [Vulkan filter chain]: Updating framebuffer size 64x64 (format: 43).
[INFO] [Vulkan filter chain]: Updating framebuffer size 64x64 (format: 43).
[INFO] [Vulkan filter chain]: Updating framebuffer size 64x64 (format: 109).
[INFO] [Vulkan filter chain]: Updating framebuffer size 64x64 (format: 97).
[INFO] [Vulkan filter chain]: Updating framebuffer size 64x64 (format: 97).
[INFO] [Vulkan filter chain]: Updating framebuffer size 64x64 (format: 37).
[INFO] [Vulkan filter chain]: Updating framebuffer size 64x64 (format: 37).
[INFO] [Vulkan filter chain]: Updating framebuffer size 64x64 (format: 37).
[INFO] [Vulkan filter chain]: Updating framebuffer size 64x64 (format: 37).
[INFO] [Vulkan filter chain]: Updating framebuffer size 64x64 (format: 37).
[INFO] [Vulkan filter chain]: Updating framebuffer size 64x64 (format: 37).
[INFO] [Vulkan filter chain]: Updating framebuffer size 64x64 (format: 37).
[INFO] [Vulkan filter chain]: Updating framebuffer size 64x64 (format: 37).
[INFO] [Vulkan filter chain]: Updating framebuffer size 64x64 (format: 37).
[INFO] [Vulkan filter chain]: Updating framebuffer size 64x64 (format: 37).
[INFO] [Vulkan filter chain]: Updating framebuffer size 64x64 (format: 37).
[INFO] [Vulkan filter chain]: Updating framebuffer size 64x64 (format: 97).
[INFO] [Vulkan filter chain]: Updating framebuffer size 64x64 (format: 37).
[INFO] [Vulkan filter chain]: Updating framebuffer size 64x64 (format: 37).
[INFO] [Vulkan filter chain]: Updating framebuffer size 64x64 (format: 37).
[INFO] [Vulkan filter chain]: Updating framebuffer size 192x192 (format: 37).
[INFO] [Vulkan filter chain]: Updating framebuffer size 192x192 (format: 97).
[INFO] [Vulkan filter chain]: Updating framebuffer size 192x192 (format: 97).
[INFO] [Vulkan filter chain]: Updating framebuffer size 192x192 (format: 37).
[INFO] [Vulkan filter chain]: Updating framebuffer size 192x192 (format: 37).
[INFO] [Vulkan filter chain]: Updating framebuffer size 192x192 (format: 37).
[INFO] [Vulkan filter chain]: Updating framebuffer size 192x192 (format: 37).
[INFO] [Vulkan filter chain]: Updating framebuffer size 192x192 (format: 37).
[INFO] [Vulkan filter chain]: Updating framebuffer size 192x192 (format: 37).
[INFO] [Vulkan filter chain]: Updating framebuffer size 192x192 (format: 37).
[INFO] [Vulkan filter chain]: Updating framebuffer size 192x192 (format: 97).
[INFO] [Vulkan filter chain]: Updating framebuffer size 800x192 (format: 97).
[INFO] [Vulkan filter chain]: Updating framebuffer size 64x64 (format: 37).
[INFO] [X/Vulkan]: Resized fullscreen resolution to 3840x2160.
[INFO] [Vulkan filter chain]: Creating framebuffer 1024x1024 (max 1 level(s)).
[INFO] [Vulkan filter chain]: Creating framebuffer 1024x1024 (max 1 level(s)).
[INFO] [Vulkan filter chain]: Creating framebuffer 1024x1024 (max 1 level(s)).
[INFO] [Vulkan filter chain]: Creating framebuffer 1024x1024 (max 1 level(s)).
[INFO] [Vulkan filter chain]: Creating framebuffer 1024x1024 (max 1 level(s)).
[INFO] [Vulkan filter chain]: Creating framebuffer 1024x1024 (max 1 level(s)).
[INFO] [Vulkan filter chain]: Creating framebuffer 1024x1024 (max 1 level(s)).
[INFO] [Vulkan filter chain]: Creating framebuffer 1024x1024 (max 1 level(s)).
[INFO] [Vulkan filter chain]: Creating framebuffer 1024x1024 (max 1 level(s)).
[INFO] [Vulkan filter chain]: Creating framebuffer 1024x1024 (max 1 level(s)).
[INFO] [Vulkan filter chain]: Creating framebuffer 1024x1024 (max 1 level(s)).
[INFO] [Vulkan filter chain]: Creating framebuffer 1024x1024 (max 1 level(s)).
[INFO] [Vulkan filter chain]: Creating framebuffer 1024x1024 (max 1 level(s)).
[INFO] [Vulkan filter chain]: Creating framebuffer 1024x1024 (max 1 level(s)).
[INFO] [Vulkan filter chain]: Creating framebuffer 1024x1024 (max 1 level(s)).
[INFO] [Vulkan filter chain]: Creating framebuffer 1024x1024 (max 1 level(s)).
[INFO] [Vulkan filter chain]: Creating framebuffer 1024x1024 (max 1 level(s)).
[INFO] [Vulkan filter chain]: Creating framebuffer 1024x1024 (max 1 level(s)).
[INFO] [Vulkan filter chain]: Creating framebuffer 1024x1024 (max 1 level(s)).
[INFO] [Vulkan filter chain]: Creating framebuffer 1024x1024 (max 1 level(s)).
[INFO] [Vulkan filter chain]: Creating framebuffer 1024x1024 (max 1 level(s)).
[INFO] [Vulkan filter chain]: Creating framebuffer 3072x3072 (max 1 level(s)).
[INFO] [Vulkan filter chain]: Creating framebuffer 3072x3072 (max 1 level(s)).
[INFO] [Vulkan filter chain]: Creating framebuffer 3072x3072 (max 1 level(s)).
[INFO] [Vulkan filter chain]: Creating framebuffer 3072x3072 (max 1 level(s)).
[INFO] [Vulkan filter chain]: Creating framebuffer 3072x3072 (max 4294967295 level(s)).
[INFO] [Vulkan filter chain]: Creating framebuffer 3072x3072 (max 1 level(s)).
[INFO] [Vulkan filter chain]: Creating framebuffer 3072x3072 (max 1 level(s)).
[INFO] [Vulkan filter chain]: Creating framebuffer 3072x3072 (max 4294967295 level(s)).
[INFO] [Vulkan filter chain]: Creating framebuffer 3072x3072 (max 4294967295 level(s)).
[INFO] [Vulkan filter chain]: Creating framebuffer 3072x3072 (max 1 level(s)).
[INFO] [Vulkan filter chain]: Creating framebuffer 3072x3072 (max 1 level(s)).
[INFO] [Vulkan filter chain]: Creating framebuffer 800x3072 (max 1 level(s)).
[INFO] [Vulkan filter chain]: Creating framebuffer 800x600 (max 1 level(s)).
[INFO] [Vulkan filter chain]: Creating framebuffer 800x600 (max 1 level(s)).
[INFO] [Vulkan filter chain]: Creating framebuffer 800x600 (max 1 level(s)).
[INFO] [Vulkan filter chain]: Creating framebuffer 3840x2160 (max 1 level(s)).
[INFO] [Vulkan filter chain]: Creating framebuffer 3840x2160 (max 4294967295 level(s)).
[INFO] [Vulkan filter chain]: Creating framebuffer 3840x2160 (max 1 level(s)).
[INFO] [Vulkan filter chain]: Creating framebuffer 3840x2160 (max 1 level(s)).
[INFO] [Vulkan filter chain]: Creating framebuffer 3840x2160 (max 4294967295 level(s)).
[INFO] [Vulkan filter chain]: Creating framebuffer 800x600 (max 4294967295 level(s)).
[INFO] [Vulkan filter chain]: Creating framebuffer 800x600 (max 1 level(s)).
[INFO] [Vulkan filter chain]: Creating framebuffer 800x600 (max 4294967295 level(s)).
[INFO] [Vulkan filter chain]: Creating framebuffer 128x128 (max 4294967295 level(s)).
[INFO] [Vulkan filter chain]: Creating framebuffer 12x12 (max 1 level(s)).
[INFO] [Vulkan filter chain]: Creating framebuffer 3840x2160 (max 1 level(s)).
[INFO] [Vulkan filter chain]: Creating framebuffer 3840x2160 (max 1 level(s)).
[INFO] [Vulkan filter chain]: Creating framebuffer 1024x1024 (max 1 level(s)).
[INFO] [Vulkan filter chain]: Creating framebuffer 1024x1024 (max 1 level(s)).
[INFO] [Vulkan filter chain]: Creating framebuffer 1024x1024 (max 1 level(s)).
[INFO] [Vulkan filter chain]: Creating framebuffer 1024x1024 (max 1 level(s)).
[INFO] [Vulkan filter chain]: Using framebuffer feedback for pass #3.
[INFO] [Vulkan filter chain]: Creating framebuffer 1024x1024 (max 1 level(s)).
[INFO] [Vulkan filter chain]: Using framebuffer feedback for pass #4.
[INFO] [Vulkan filter chain]: Creating framebuffer 3072x3072 (max 4294967295 level(s)).
[INFO] [Vulkan filter chain]: Using framebuffer feedback for pass #25.
[INFO] [Vulkan filter chain]: Creating framebuffer 3072x3072 (max 1 level(s)).
[INFO] [Vulkan filter chain]: Using framebuffer feedback for pass #30.
[INFO] [Vulkan filter chain]: Creating framebuffer 3840x2160 (max 1 level(s)).
[INFO] [Vulkan filter chain]: Using framebuffer feedback for pass #38.
[INFO] [Vulkan filter chain]: Creating framebuffer 3840x2160 (max 1 level(s)).
[INFO] [Vulkan filter chain]: Using framebuffer feedback for pass #39.
[INFO] [Vulkan filter chain]: Creating framebuffer 3840x2160 (max 4294967295 level(s)).
[INFO] [Vulkan filter chain]: Using framebuffer feedback for pass #40.
[INFO] [Vulkan filter chain]: Creating framebuffer 3840x2160 (max 1 level(s)).
[INFO] [Vulkan filter chain]: Using framebuffer feedback for pass #46.
[INFO] [Vulkan filter chain]: Creating framebuffer 3840x2160 (max 1 level(s)).
[INFO] [Vulkan filter chain]: Using framebuffer feedback for pass #47.
[INFO] [Vulkan filter chain]: Updating framebuffer size 64x64 (format: 37).
[INFO] [Vulkan filter chain]: Updating framebuffer size 64x64 (format: 43).
[INFO] [Vulkan filter chain]: Updating framebuffer size 64x64 (format: 43).
[INFO] [Vulkan filter chain]: Updating framebuffer size 64x64 (format: 109).
[INFO] [Vulkan filter chain]: Updating framebuffer size 64x64 (format: 97).
[INFO] [Vulkan filter chain]: Updating framebuffer size 64x64 (format: 97).
[INFO] [Vulkan filter chain]: Updating framebuffer size 64x64 (format: 37).
[INFO] [Vulkan filter chain]: Updating framebuffer size 64x64 (format: 37).
[INFO] [Vulkan filter chain]: Updating framebuffer size 64x64 (format: 37).
[INFO] [Vulkan filter chain]: Updating framebuffer size 64x64 (format: 37).
[INFO] [Vulkan filter chain]: Updating framebuffer size 64x64 (format: 37).
[INFO] [Vulkan filter chain]: Updating framebuffer size 64x64 (format: 37).
[INFO] [Vulkan filter chain]: Updating framebuffer size 64x64 (format: 37).
[INFO] [Vulkan filter chain]: Updating framebuffer size 64x64 (format: 37).
[INFO] [Vulkan filter chain]: Updating framebuffer size 64x64 (format: 37).
[INFO] [Vulkan filter chain]: Updating framebuffer size 64x64 (format: 37).
[INFO] [Vulkan filter chain]: Updating framebuffer size 64x64 (format: 37).
[INFO] [Vulkan filter chain]: Updating framebuffer size 64x64 (format: 97).
[INFO] [Vulkan filter chain]: Updating framebuffer size 64x64 (format: 37).
[INFO] [Vulkan filter chain]: Updating framebuffer size 64x64 (format: 37).
[INFO] [Vulkan filter chain]: Updating framebuffer size 64x64 (format: 37).
[INFO] [Vulkan filter chain]: Updating framebuffer size 192x192 (format: 37).
[INFO] [Vulkan filter chain]: Updating framebuffer size 192x192 (format: 97).
[INFO] [Vulkan filter chain]: Updating framebuffer size 192x192 (format: 97).
[INFO] [Vulkan filter chain]: Updating framebuffer size 192x192 (format: 37).
[INFO] [Vulkan filter chain]: Updating framebuffer size 192x192 (format: 37).
[INFO] [Vulkan filter chain]: Updating framebuffer size 192x192 (format: 37).
[INFO] [Vulkan filter chain]: Updating framebuffer size 192x192 (format: 37).
[INFO] [Vulkan filter chain]: Updating framebuffer size 192x192 (format: 37).
[INFO] [Vulkan filter chain]: Updating framebuffer size 192x192 (format: 37).
[INFO] [Vulkan filter chain]: Updating framebuffer size 192x192 (format: 37).
[INFO] [Vulkan filter chain]: Updating framebuffer size 192x192 (format: 97).
[INFO] [Vulkan filter chain]: Updating framebuffer size 800x192 (format: 97).
[INFO] [Vulkan filter chain]: Updating framebuffer size 64x64 (format: 37).
[INFO] [Vulkan filter chain]: Updating framebuffer size 64x64 (format: 109).
[INFO] [Vulkan filter chain]: Updating framebuffer size 64x64 (format: 97).
[INFO] [Vulkan filter chain]: Updating framebuffer size 192x192 (format: 37).
[INFO] [Vulkan filter chain]: Updating framebuffer size 192x192 (format: 37).
[INFO] [Vulkan filter chain]: Updating framebuffer size 64x64 (format: 37).
[INFO] [Vulkan filter chain]: Updating framebuffer size 64x64 (format: 37).
[INFO] [Thumbnail]: Download "/home/willian/.config/retroarch/thumbnails/Sony - PlayStation/Named_Boxarts/Star Wars - Episode I - Jedi Power Battles (USA).png".
[libretro INFO] Creating render pass.
[libretro INFO] Creating render pass.
[libretro INFO] Creating graphics pipeline.
[libretro INFO] Creating compute pipeline.
[libretro INFO] Creating render pass.
[libretro INFO] Creating compute pipeline.
[libretro INFO] Creating compute pipeline.
[libretro INFO] Creating compute pipeline.
[libretro INFO] Creating graphics pipeline.
[INFO] [Vulkan filter chain]: Updating framebuffer size 320x480 (format: 37).
[INFO] [Vulkan filter chain]: Updating framebuffer size 320x480 (format: 43).
[INFO] [Vulkan filter chain]: Updating framebuffer size 320x480 (format: 43).
[INFO] [Vulkan filter chain]: Updating framebuffer size 320x480 (format: 109).
[INFO] [Vulkan filter chain]: Updating framebuffer size 320x480 (format: 97).
[INFO] [Vulkan filter chain]: Updating framebuffer size 320x480 (format: 97).
[INFO] [Vulkan filter chain]: Updating framebuffer size 320x480 (format: 37).
[INFO] [Vulkan filter chain]: Updating framebuffer size 320x480 (format: 37).
[INFO] [Vulkan filter chain]: Updating framebuffer size 320x480 (format: 37).
[INFO] [Vulkan filter chain]: Updating framebuffer size 320x480 (format: 37).
[INFO] [Vulkan filter chain]: Updating framebuffer size 320x480 (format: 37).
[INFO] [Vulkan filter chain]: Updating framebuffer size 320x480 (format: 37).
[INFO] [Vulkan filter chain]: Updating framebuffer size 320x480 (format: 37).
[INFO] [Vulkan filter chain]: Updating framebuffer size 320x480 (format: 37).
[INFO] [Vulkan filter chain]: Updating framebuffer size 320x480 (format: 37).
[INFO] [Vulkan filter chain]: Updating framebuffer size 320x480 (format: 37).
[INFO] [Vulkan filter chain]: Updating framebuffer size 320x480 (format: 37).
[INFO] [Vulkan filter chain]: Updating framebuffer size 320x480 (format: 97).
[INFO] [Vulkan filter chain]: Updating framebuffer size 320x480 (format: 37).
[INFO] [Vulkan filter chain]: Updating framebuffer size 320x480 (format: 37).
[INFO] [Vulkan filter chain]: Updating framebuffer size 320x480 (format: 37).
[INFO] [Vulkan filter chain]: Updating framebuffer size 960x1440 (format: 37).
[INFO] [Vulkan filter chain]: Updating framebuffer size 960x1440 (format: 97).
[INFO] [Vulkan filter chain]: Updating framebuffer size 960x1440 (format: 97).
[INFO] [Vulkan filter chain]: Updating framebuffer size 960x1440 (format: 37).
[INFO] [Vulkan filter chain]: Updating framebuffer size 960x1440 (format: 37).
[INFO] [Vulkan filter chain]: Updating framebuffer size 960x1440 (format: 37).
[INFO] [Vulkan filter chain]: Updating framebuffer size 960x1440 (format: 37).
[INFO] [Vulkan filter chain]: Updating framebuffer size 960x1440 (format: 37).
[INFO] [Vulkan filter chain]: Updating framebuffer size 960x1440 (format: 37).
[INFO] [Vulkan filter chain]: Updating framebuffer size 960x1440 (format: 37).
[INFO] [Vulkan filter chain]: Updating framebuffer size 960x1440 (format: 97).
[INFO] [Vulkan filter chain]: Updating framebuffer size 800x1440 (format: 97).
[INFO] [Vulkan filter chain]: Updating framebuffer size 320x480 (format: 37).
[INFO] [Vulkan filter chain]: Updating framebuffer size 320x480 (format: 109).
[INFO] [Vulkan filter chain]: Updating framebuffer size 320x480 (format: 97).
[INFO] [Vulkan filter chain]: Updating framebuffer size 960x1440 (format: 37).
[INFO] [Vulkan filter chain]: Updating framebuffer size 960x1440 (format: 37).
[INFO] [Vulkan filter chain]: Updating framebuffer size 320x480 (format: 37).
[INFO] [Vulkan filter chain]: Updating framebuffer size 320x480 (format: 37).
[INFO] [Vulkan filter chain]: Updating framebuffer size 64x64 (format: 37).
[INFO] [Vulkan filter chain]: Updating framebuffer size 64x64 (format: 43).
[INFO] [Vulkan filter chain]: Updating framebuffer size 64x64 (format: 43).
[INFO] [Vulkan filter chain]: Updating framebuffer size 64x64 (format: 109).
[INFO] [Vulkan filter chain]: Updating framebuffer size 64x64 (format: 97).
[INFO] [Vulkan filter chain]: Updating framebuffer size 64x64 (format: 97).
[INFO] [Vulkan filter chain]: Updating framebuffer size 64x64 (format: 37).
[INFO] [Vulkan filter chain]: Updating framebuffer size 64x64 (format: 37).
[INFO] [Vulkan filter chain]: Updating framebuffer size 64x64 (format: 37).
[INFO] [Vulkan filter chain]: Updating framebuffer size 64x64 (format: 37).
[INFO] [Vulkan filter chain]: Updating framebuffer size 64x64 (format: 37).
[INFO] [Vulkan filter chain]: Updating framebuffer size 64x64 (format: 37).
[INFO] [Vulkan filter chain]: Updating framebuffer size 64x64 (format: 37).
[INFO] [Vulkan filter chain]: Updating framebuffer size 64x64 (format: 37).
[INFO] [Vulkan filter chain]: Updating framebuffer size 64x64 (format: 37).
[INFO] [Vulkan filter chain]: Updating framebuffer size 64x64 (format: 37).
[INFO] [Vulkan filter chain]: Updating framebuffer size 64x64 (format: 37).
[INFO] [Vulkan filter chain]: Updating framebuffer size 64x64 (format: 97).
[INFO] [Vulkan filter chain]: Updating framebuffer size 64x64 (format: 37).
[INFO] [Vulkan filter chain]: Updating framebuffer size 64x64 (format: 37).
[INFO] [Vulkan filter chain]: Updating framebuffer size 64x64 (format: 37).
[INFO] [Vulkan filter chain]: Updating framebuffer size 192x192 (format: 37).
[INFO] [Vulkan filter chain]: Updating framebuffer size 192x192 (format: 97).
[INFO] [Vulkan filter chain]: Updating framebuffer size 192x192 (format: 97).
[INFO] [Vulkan filter chain]: Updating framebuffer size 192x192 (format: 37).
[INFO] [Vulkan filter chain]: Updating framebuffer size 192x192 (format: 37).
[INFO] [Vulkan filter chain]: Updating framebuffer size 192x192 (format: 37).
[INFO] [Vulkan filter chain]: Updating framebuffer size 192x192 (format: 37).
[INFO] [Vulkan filter chain]: Updating framebuffer size 192x192 (format: 37).
[INFO] [Vulkan filter chain]: Updating framebuffer size 192x192 (format: 37).
[INFO] [Vulkan filter chain]: Updating framebuffer size 192x192 (format: 37).
[INFO] [Vulkan filter chain]: Updating framebuffer size 192x192 (format: 97).
[INFO] [Vulkan filter chain]: Updating framebuffer size 800x192 (format: 97).
[INFO] [Vulkan filter chain]: Updating framebuffer size 64x64 (format: 37).
[INFO] [Vulkan filter chain]: Updating framebuffer size 64x64 (format: 109).
[INFO] [Vulkan filter chain]: Updating framebuffer size 64x64 (format: 97).
[INFO] [Vulkan filter chain]: Updating framebuffer size 192x192 (format: 37).
[INFO] [Vulkan filter chain]: Updating framebuffer size 192x192 (format: 37).
[INFO] [Vulkan filter chain]: Updating framebuffer size 64x64 (format: 37).
[INFO] [Vulkan filter chain]: Updating framebuffer size 64x64 (format: 37).
[libretro INFO] Creating render pass.
[libretro INFO] Creating render pass.
[libretro INFO] Creating graphics pipeline.
[INFO] [Vulkan filter chain]: Updating framebuffer size 256x240 (format: 37).
[INFO] [Vulkan filter chain]: Updating framebuffer size 256x240 (format: 43).
[INFO] [Vulkan filter chain]: Updating framebuffer size 256x240 (format: 43).
[INFO] [Vulkan filter chain]: Updating framebuffer size 256x240 (format: 109).
[INFO] [Vulkan filter chain]: Updating framebuffer size 256x240 (format: 97).
[INFO] [Vulkan filter chain]: Updating framebuffer size 256x240 (format: 97).
[INFO] [Vulkan filter chain]: Updating framebuffer size 256x240 (format: 37).
[INFO] [Vulkan filter chain]: Updating framebuffer size 256x240 (format: 37).
[INFO] [Vulkan filter chain]: Updating framebuffer size 256x240 (format: 37).
[INFO] [Vulkan filter chain]: Updating framebuffer size 256x240 (format: 37).
[INFO] [Vulkan filter chain]: Updating framebuffer size 256x240 (format: 37).
[INFO] [Vulkan filter chain]: Updating framebuffer size 256x240 (format: 37).
[INFO] [Vulkan filter chain]: Updating framebuffer size 256x240 (format: 37).
[INFO] [Vulkan filter chain]: Updating framebuffer size 256x240 (format: 37).
[INFO] [Vulkan filter chain]: Updating framebuffer size 256x240 (format: 37).
[INFO] [Vulkan filter chain]: Updating framebuffer size 256x240 (format: 37).
[INFO] [Vulkan filter chain]: Updating framebuffer size 256x240 (format: 37).
[INFO] [Vulkan filter chain]: Updating framebuffer size 256x240 (format: 97).
[INFO] [Vulkan filter chain]: Updating framebuffer size 256x240 (format: 37).
[INFO] [Vulkan filter chain]: Updating framebuffer size 256x240 (format: 37).
[INFO] [Vulkan filter chain]: Updating framebuffer size 256x240 (format: 37).
[INFO] [Vulkan filter chain]: Updating framebuffer size 768x720 (format: 37).
[INFO] [Vulkan filter chain]: Updating framebuffer size 768x720 (format: 97).
[INFO] [Vulkan filter chain]: Updating framebuffer size 768x720 (format: 97).
[INFO] [Vulkan filter chain]: Updating framebuffer size 768x720 (format: 37).
[INFO] [Vulkan filter chain]: Updating framebuffer size 768x720 (format: 37).
[INFO] [Vulkan filter chain]: Updating framebuffer size 768x720 (format: 37).
[INFO] [Vulkan filter chain]: Updating framebuffer size 768x720 (format: 37).
[INFO] [Vulkan filter chain]: Updating framebuffer size 768x720 (format: 37).
[INFO] [Vulkan filter chain]: Updating framebuffer size 768x720 (format: 37).
[INFO] [Vulkan filter chain]: Updating framebuffer size 768x720 (format: 37).
[INFO] [Vulkan filter chain]: Updating framebuffer size 768x720 (format: 97).
[INFO] [Vulkan filter chain]: Updating framebuffer size 800x720 (format: 97).
[INFO] [Vulkan filter chain]: Updating framebuffer size 256x240 (format: 8).
[INFO] [Vulkan filter chain]: Updating framebuffer size 256x240 (format: 109).
[INFO] [Vulkan filter chain]: Updating framebuffer size 256x240 (format: 97).
[INFO] [Vulkan filter chain]: Updating framebuffer size 768x720 (format: 37).
[INFO] [Vulkan filter chain]: Updating framebuffer size 768x720 (format: 37).
[INFO] [Vulkan filter chain]: Updating framebuffer size 256x240 (format: 8).
[INFO] [Vulkan filter chain]: Updating framebuffer size 256x240 (format: 8).
[INFO] [Vulkan filter chain]: Updating framebuffer size 64x64 (format: 37).
[INFO] [Vulkan filter chain]: Updating framebuffer size 64x64 (format: 43).
[INFO] [Vulkan filter chain]: Updating framebuffer size 64x64 (format: 43).
[INFO] [Vulkan filter chain]: Updating framebuffer size 64x64 (format: 109).
[INFO] [Vulkan filter chain]: Updating framebuffer size 64x64 (format: 97).
[INFO] [Vulkan filter chain]: Updating framebuffer size 64x64 (format: 97).
[INFO] [Vulkan filter chain]: Updating framebuffer size 64x64 (format: 37).
[INFO] [Vulkan filter chain]: Updating framebuffer size 64x64 (format: 37).
[INFO] [Vulkan filter chain]: Updating framebuffer size 64x64 (format: 37).
[INFO] [Vulkan filter chain]: Updating framebuffer size 64x64 (format: 37).
[INFO] [Vulkan filter chain]: Updating framebuffer size 64x64 (format: 37).
[INFO] [Vulkan filter chain]: Updating framebuffer size 64x64 (format: 37).
[INFO] [Vulkan filter chain]: Updating framebuffer size 64x64 (format: 37).
[INFO] [Vulkan filter chain]: Updating framebuffer size 64x64 (format: 37).
[INFO] [Vulkan filter chain]: Updating framebuffer size 64x64 (format: 37).
[INFO] [Vulkan filter chain]: Updating framebuffer size 64x64 (format: 37).
[INFO] [Vulkan filter chain]: Updating framebuffer size 64x64 (format: 37).
[INFO] [Vulkan filter chain]: Updating framebuffer size 64x64 (format: 97).
[INFO] [Vulkan filter chain]: Updating framebuffer size 64x64 (format: 37).
[INFO] [Vulkan filter chain]: Updating framebuffer size 64x64 (format: 37).
[INFO] [Vulkan filter chain]: Updating framebuffer size 64x64 (format: 37).
[INFO] [Vulkan filter chain]: Updating framebuffer size 192x192 (format: 37).
[INFO] [Vulkan filter chain]: Updating framebuffer size 192x192 (format: 97).
[INFO] [Vulkan filter chain]: Updating framebuffer size 192x192 (format: 97).
[INFO] [Vulkan filter chain]: Updating framebuffer size 192x192 (format: 37).
[INFO] [Vulkan filter chain]: Updating framebuffer size 192x192 (format: 37).
[INFO] [Vulkan filter chain]: Updating framebuffer size 192x192 (format: 37).
[INFO] [Vulkan filter chain]: Updating framebuffer size 192x192 (format: 37).
[INFO] [Vulkan filter chain]: Updating framebuffer size 192x192 (format: 37).
[INFO] [Vulkan filter chain]: Updating framebuffer size 192x192 (format: 37).
[INFO] [Vulkan filter chain]: Updating framebuffer size 192x192 (format: 37).
[INFO] [Vulkan filter chain]: Updating framebuffer size 192x192 (format: 97).
[INFO] [Vulkan filter chain]: Updating framebuffer size 800x192 (format: 97).
[INFO] [Vulkan filter chain]: Updating framebuffer size 64x64 (format: 37).
[INFO] [Vulkan filter chain]: Updating framebuffer size 64x64 (format: 109).
[INFO] [Vulkan filter chain]: Updating framebuffer size 64x64 (format: 97).
[INFO] [Vulkan filter chain]: Updating framebuffer size 192x192 (format: 37).
[INFO] [Vulkan filter chain]: Updating framebuffer size 192x192 (format: 37).
[INFO] [Vulkan filter chain]: Updating framebuffer size 64x64 (format: 37).
[INFO] [Vulkan filter chain]: Updating framebuffer size 64x64 (format: 37).
[libretro INFO] Creating compute pipeline.
[INFO] [Vulkan filter chain]: Updating framebuffer size 512x224 (format: 37).
[INFO] [Vulkan filter chain]: Updating framebuffer size 512x224 (format: 43).
[INFO] [Vulkan filter chain]: Updating framebuffer size 512x224 (format: 43).
[INFO] [Vulkan filter chain]: Updating framebuffer size 512x224 (format: 109).
[INFO] [Vulkan filter chain]: Updating framebuffer size 512x224 (format: 97).
[INFO] [Vulkan filter chain]: Updating framebuffer size 512x224 (format: 97).
[INFO] [Vulkan filter chain]: Updating framebuffer size 512x224 (format: 37).
[INFO] [Vulkan filter chain]: Updating framebuffer size 512x224 (format: 37).
[INFO] [Vulkan filter chain]: Updating framebuffer size 512x224 (format: 37).
[INFO] [Vulkan filter chain]: Updating framebuffer size 512x224 (format: 37).
[INFO] [Vulkan filter chain]: Updating framebuffer size 512x224 (format: 37).
[INFO] [Vulkan filter chain]: Updating framebuffer size 512x224 (format: 37).
[INFO] [Vulkan filter chain]: Updating framebuffer size 512x224 (format: 37).
[INFO] [Vulkan filter chain]: Updating framebuffer size 512x224 (format: 37).
[INFO] [Vulkan filter chain]: Updating framebuffer size 512x224 (format: 37).
[INFO] [Vulkan filter chain]: Updating framebuffer size 512x224 (format: 37).
[INFO] [Vulkan filter chain]: Updating framebuffer size 512x224 (format: 37).
[INFO] [Vulkan filter chain]: Updating framebuffer size 512x224 (format: 97).
[INFO] [Vulkan filter chain]: Updating framebuffer size 512x224 (format: 37).
[INFO] [Vulkan filter chain]: Updating framebuffer size 512x224 (format: 37).
[INFO] [Vulkan filter chain]: Updating framebuffer size 512x224 (format: 37).
[INFO] [Vulkan filter chain]: Updating framebuffer size 1536x672 (format: 37).
[INFO] [Vulkan filter chain]: Updating framebuffer size 1536x672 (format: 97).
[INFO] [Vulkan filter chain]: Updating framebuffer size 1536x672 (format: 97).
[INFO] [Vulkan filter chain]: Updating framebuffer size 1536x672 (format: 37).
[INFO] [Vulkan filter chain]: Updating framebuffer size 1536x672 (format: 37).
[INFO] [Vulkan filter chain]: Updating framebuffer size 1536x672 (format: 37).
[INFO] [Vulkan filter chain]: Updating framebuffer size 1536x672 (format: 37).
[INFO] [Vulkan filter chain]: Updating framebuffer size 1536x672 (format: 37).
[INFO] [Vulkan filter chain]: Updating framebuffer size 1536x672 (format: 37).
[INFO] [Vulkan filter chain]: Updating framebuffer size 1536x672 (format: 37).
[INFO] [Vulkan filter chain]: Updating framebuffer size 1536x672 (format: 97).
[INFO] [Vulkan filter chain]: Updating framebuffer size 800x672 (format: 97).
[INFO] [Vulkan filter chain]: Updating framebuffer size 512x224 (format: 8).
[INFO] [Vulkan filter chain]: Updating framebuffer size 512x224 (format: 109).
[INFO] [Vulkan filter chain]: Updating framebuffer size 512x224 (format: 97).
[INFO] [Vulkan filter chain]: Updating framebuffer size 1536x672 (format: 37).
[INFO] [Vulkan filter chain]: Updating framebuffer size 1536x672 (format: 37).
[INFO] [Vulkan filter chain]: Updating framebuffer size 512x224 (format: 8).
[INFO] [Vulkan filter chain]: Updating framebuffer size 512x224 (format: 8).
[libretro INFO] Creating render pass.
[libretro INFO] Creating render pass.
[libretro INFO] Creating graphics pipeline.
[libretro INFO] Creating graphics pipeline.
[libretro INFO] Creating graphics pipeline.
[INFO] [Vulkan filter chain]: Updating framebuffer size 64x64 (format: 37).
[INFO] [Vulkan filter chain]: Updating framebuffer size 64x64 (format: 43).
[INFO] [Vulkan filter chain]: Updating framebuffer size 64x64 (format: 43).
[INFO] [Vulkan filter chain]: Updating framebuffer size 64x64 (format: 109).
[INFO] [Vulkan filter chain]: Updating framebuffer size 64x64 (format: 97).
[INFO] [Vulkan filter chain]: Updating framebuffer size 64x64 (format: 97).
[INFO] [Vulkan filter chain]: Updating framebuffer size 64x64 (format: 37).
[INFO] [Vulkan filter chain]: Updating framebuffer size 64x64 (format: 37).
[INFO] [Vulkan filter chain]: Updating framebuffer size 64x64 (format: 37).
[INFO] [Vulkan filter chain]: Updating framebuffer size 64x64 (format: 37).
[INFO] [Vulkan filter chain]: Updating framebuffer size 64x64 (format: 37).
[INFO] [Vulkan filter chain]: Updating framebuffer size 64x64 (format: 37).
[INFO] [Vulkan filter chain]: Updating framebuffer size 64x64 (format: 37).
[INFO] [Vulkan filter chain]: Updating framebuffer size 64x64 (format: 37).
[INFO] [Vulkan filter chain]: Updating framebuffer size 64x64 (format: 37).
[INFO] [Vulkan filter chain]: Updating framebuffer size 64x64 (format: 37).
[INFO] [Vulkan filter chain]: Updating framebuffer size 64x64 (format: 37).
[INFO] [Vulkan filter chain]: Updating framebuffer size 64x64 (format: 97).
[INFO] [Vulkan filter chain]: Updating framebuffer size 64x64 (format: 37).
[INFO] [Vulkan filter chain]: Updating framebuffer size 64x64 (format: 37).
[INFO] [Vulkan filter chain]: Updating framebuffer size 64x64 (format: 37).
[INFO] [Vulkan filter chain]: Updating framebuffer size 192x192 (format: 37).
[INFO] [Vulkan filter chain]: Updating framebuffer size 192x192 (format: 97).
[INFO] [Vulkan filter chain]: Updating framebuffer size 192x192 (format: 97).
[INFO] [Vulkan filter chain]: Updating framebuffer size 192x192 (format: 37).
[INFO] [Vulkan filter chain]: Updating framebuffer size 192x192 (format: 37).
[INFO] [Vulkan filter chain]: Updating framebuffer size 192x192 (format: 37).
[INFO] [Vulkan filter chain]: Updating framebuffer size 192x192 (format: 37).
[INFO] [Vulkan filter chain]: Updating framebuffer size 192x192 (format: 37).
[INFO] [Vulkan filter chain]: Updating framebuffer size 192x192 (format: 37).
[INFO] [Vulkan filter chain]: Updating framebuffer size 192x192 (format: 37).
[INFO] [Vulkan filter chain]: Updating framebuffer size 192x192 (format: 97).
[INFO] [Vulkan filter chain]: Updating framebuffer size 800x192 (format: 97).
[INFO] [Vulkan filter chain]: Updating framebuffer size 64x64 (format: 37).
[INFO] [Vulkan filter chain]: Updating framebuffer size 64x64 (format: 109).
[INFO] [Vulkan filter chain]: Updating framebuffer size 64x64 (format: 97).
[INFO] [Vulkan filter chain]: Updating framebuffer size 192x192 (format: 37).
[INFO] [Vulkan filter chain]: Updating framebuffer size 192x192 (format: 37).
[INFO] [Vulkan filter chain]: Updating framebuffer size 64x64 (format: 37).
[INFO] [Vulkan filter chain]: Updating framebuffer size 64x64 (format: 37).
[libretro INFO] Creating graphics pipeline.
[libretro INFO] Creating graphics pipeline.
[libretro INFO] Creating graphics pipeline.
[libretro INFO] Creating graphics pipeline.
[libretro INFO] Creating graphics pipeline.
[libretro INFO] Creating graphics pipeline.
[INFO] [Vulkan filter chain]: Updating framebuffer size 512x224 (format: 37).
[INFO] [Vulkan filter chain]: Updating framebuffer size 512x224 (format: 43).
[INFO] [Vulkan filter chain]: Updating framebuffer size 512x224 (format: 43).
[INFO] [Vulkan filter chain]: Updating framebuffer size 512x224 (format: 109).
[INFO] [Vulkan filter chain]: Updating framebuffer size 512x224 (format: 97).
[INFO] [Vulkan filter chain]: Updating framebuffer size 512x224 (format: 97).
[INFO] [Vulkan filter chain]: Updating framebuffer size 512x224 (format: 37).
[INFO] [Vulkan filter chain]: Updating framebuffer size 512x224 (format: 37).
[INFO] [Vulkan filter chain]: Updating framebuffer size 512x224 (format: 37).
[INFO] [Vulkan filter chain]: Updating framebuffer size 512x224 (format: 37).
[INFO] [Vulkan filter chain]: Updating framebuffer size 512x224 (format: 37).
[INFO] [Vulkan filter chain]: Updating framebuffer size 512x224 (format: 37).
[INFO] [Vulkan filter chain]: Updating framebuffer size 512x224 (format: 37).
[INFO] [Vulkan filter chain]: Updating framebuffer size 512x224 (format: 37).
[INFO] [Vulkan filter chain]: Updating framebuffer size 512x224 (format: 37).
[INFO] [Vulkan filter chain]: Updating framebuffer size 512x224 (format: 37).
[INFO] [Vulkan filter chain]: Updating framebuffer size 512x224 (format: 37).
[INFO] [Vulkan filter chain]: Updating framebuffer size 512x224 (format: 97).
[INFO] [Vulkan filter chain]: Updating framebuffer size 512x224 (format: 37).
[INFO] [Vulkan filter chain]: Updating framebuffer size 512x224 (format: 37).
[INFO] [Vulkan filter chain]: Updating framebuffer size 512x224 (format: 37).
[INFO] [Vulkan filter chain]: Updating framebuffer size 1536x672 (format: 37).
[INFO] [Vulkan filter chain]: Updating framebuffer size 1536x672 (format: 97).
[INFO] [Vulkan filter chain]: Updating framebuffer size 1536x672 (format: 97).
[INFO] [Vulkan filter chain]: Updating framebuffer size 1536x672 (format: 37).
[INFO] [Vulkan filter chain]: Updating framebuffer size 1536x672 (format: 37).
[INFO] [Vulkan filter chain]: Updating framebuffer size 1536x672 (format: 37).
[INFO] [Vulkan filter chain]: Updating framebuffer size 1536x672 (format: 37).
[INFO] [Vulkan filter chain]: Updating framebuffer size 1536x672 (format: 37).
[INFO] [Vulkan filter chain]: Updating framebuffer size 1536x672 (format: 37).
[INFO] [Vulkan filter chain]: Updating framebuffer size 1536x672 (format: 37).
[INFO] [Vulkan filter chain]: Updating framebuffer size 1536x672 (format: 97).
[INFO] [Vulkan filter chain]: Updating framebuffer size 800x672 (format: 97).
[INFO] [Vulkan filter chain]: Updating framebuffer size 512x224 (format: 8).
[INFO] [Vulkan filter chain]: Updating framebuffer size 512x224 (format: 109).
[INFO] [Vulkan filter chain]: Updating framebuffer size 512x224 (format: 97).
[INFO] [Vulkan filter chain]: Updating framebuffer size 1536x672 (format: 37).
[INFO] [Vulkan filter chain]: Updating framebuffer size 1536x672 (format: 37).
[INFO] [Vulkan filter chain]: Updating framebuffer size 512x224 (format: 8).
[INFO] [Vulkan filter chain]: Updating framebuffer size 512x224 (format: 8).
[libretro INFO] Creating render pass.
[libretro INFO] Creating graphics pipeline.
[libretro INFO] Creating graphics pipeline.
[libretro INFO] Creating graphics pipeline.
[libretro INFO] Creating graphics pipeline.
[INFO] [Vulkan filter chain]: Updating framebuffer size 64x64 (format: 37).
[INFO] [Vulkan filter chain]: Updating framebuffer size 64x64 (format: 43).
[INFO] [Vulkan filter chain]: Updating framebuffer size 64x64 (format: 43).
[INFO] [Vulkan filter chain]: Updating framebuffer size 64x64 (format: 109).
[INFO] [Vulkan filter chain]: Updating framebuffer size 64x64 (format: 97).
[INFO] [Vulkan filter chain]: Updating framebuffer size 64x64 (format: 97).
[INFO] [Vulkan filter chain]: Updating framebuffer size 64x64 (format: 37).
[INFO] [Vulkan filter chain]: Updating framebuffer size 64x64 (format: 37).
[INFO] [Vulkan filter chain]: Updating framebuffer size 64x64 (format: 37).
[INFO] [Vulkan filter chain]: Updating framebuffer size 64x64 (format: 37).
[INFO] [Vulkan filter chain]: Updating framebuffer size 64x64 (format: 37).
[INFO] [Vulkan filter chain]: Updating framebuffer size 64x64 (format: 37).
[INFO] [Vulkan filter chain]: Updating framebuffer size 64x64 (format: 37).
[INFO] [Vulkan filter chain]: Updating framebuffer size 64x64 (format: 37).
[INFO] [Vulkan filter chain]: Updating framebuffer size 64x64 (format: 37).
[INFO] [Vulkan filter chain]: Updating framebuffer size 64x64 (format: 37).
[INFO] [Vulkan filter chain]: Updating framebuffer size 64x64 (format: 37).
[INFO] [Vulkan filter chain]: Updating framebuffer size 64x64 (format: 97).
[INFO] [Vulkan filter chain]: Updating framebuffer size 64x64 (format: 37).
[INFO] [Vulkan filter chain]: Updating framebuffer size 64x64 (format: 37).
[INFO] [Vulkan filter chain]: Updating framebuffer size 64x64 (format: 37).
[INFO] [Vulkan filter chain]: Updating framebuffer size 192x192 (format: 37).
[INFO] [Vulkan filter chain]: Updating framebuffer size 192x192 (format: 97).
[INFO] [Vulkan filter chain]: Updating framebuffer size 192x192 (format: 97).
[INFO] [Vulkan filter chain]: Updating framebuffer size 192x192 (format: 37).
[INFO] [Vulkan filter chain]: Updating framebuffer size 192x192 (format: 37).
[INFO] [Vulkan filter chain]: Updating framebuffer size 192x192 (format: 37).
[INFO] [Vulkan filter chain]: Updating framebuffer size 192x192 (format: 37).
[INFO] [Vulkan filter chain]: Updating framebuffer size 192x192 (format: 37).
[INFO] [Vulkan filter chain]: Updating framebuffer size 192x192 (format: 37).
[INFO] [Vulkan filter chain]: Updating framebuffer size 192x192 (format: 37).
[INFO] [Vulkan filter chain]: Updating framebuffer size 192x192 (format: 97).
[INFO] [Vulkan filter chain]: Updating framebuffer size 800x192 (format: 97).
[INFO] [Vulkan filter chain]: Updating framebuffer size 64x64 (format: 37).
[INFO] [Vulkan filter chain]: Updating framebuffer size 64x64 (format: 109).
[INFO] [Vulkan filter chain]: Updating framebuffer size 64x64 (format: 97).
[INFO] [Vulkan filter chain]: Updating framebuffer size 192x192 (format: 37).
[INFO] [Vulkan filter chain]: Updating framebuffer size 192x192 (format: 37).
[INFO] [Vulkan filter chain]: Updating framebuffer size 64x64 (format: 37).
[INFO] [Vulkan filter chain]: Updating framebuffer size 64x64 (format: 37).
[INFO] [Vulkan filter chain]: Updating framebuffer size 320x480 (format: 37).
[INFO] [Vulkan filter chain]: Updating framebuffer size 320x480 (format: 43).
[INFO] [Vulkan filter chain]: Updating framebuffer size 320x480 (format: 43).
[INFO] [Vulkan filter chain]: Updating framebuffer size 320x480 (format: 109).
[INFO] [Vulkan filter chain]: Updating framebuffer size 320x480 (format: 97).
[INFO] [Vulkan filter chain]: Updating framebuffer size 320x480 (format: 97).
[INFO] [Vulkan filter chain]: Updating framebuffer size 320x480 (format: 37).
[INFO] [Vulkan filter chain]: Updating framebuffer size 320x480 (format: 37).
[INFO] [Vulkan filter chain]: Updating framebuffer size 320x480 (format: 37).
[INFO] [Vulkan filter chain]: Updating framebuffer size 320x480 (format: 37).
[INFO] [Vulkan filter chain]: Updating framebuffer size 320x480 (format: 37).
[INFO] [Vulkan filter chain]: Updating framebuffer size 320x480 (format: 37).
[INFO] [Vulkan filter chain]: Updating framebuffer size 320x480 (format: 37).
[INFO] [Vulkan filter chain]: Updating framebuffer size 320x480 (format: 37).
[INFO] [Vulkan filter chain]: Updating framebuffer size 320x480 (format: 37).
[INFO] [Vulkan filter chain]: Updating framebuffer size 320x480 (format: 37).
[INFO] [Vulkan filter chain]: Updating framebuffer size 320x480 (format: 37).
[INFO] [Vulkan filter chain]: Updating framebuffer size 320x480 (format: 97).
[INFO] [Vulkan filter chain]: Updating framebuffer size 320x480 (format: 37).
[INFO] [Vulkan filter chain]: Updating framebuffer size 320x480 (format: 37).
[INFO] [Vulkan filter chain]: Updating framebuffer size 320x480 (format: 37).
[INFO] [Vulkan filter chain]: Updating framebuffer size 960x1440 (format: 37).
[INFO] [Vulkan filter chain]: Updating framebuffer size 960x1440 (format: 97).
[INFO] [Vulkan filter chain]: Updating framebuffer size 960x1440 (format: 97).
[INFO] [Vulkan filter chain]: Updating framebuffer size 960x1440 (format: 37).
[INFO] [Vulkan filter chain]: Updating framebuffer size 960x1440 (format: 37).
[INFO] [Vulkan filter chain]: Updating framebuffer size 960x1440 (format: 37).
[INFO] [Vulkan filter chain]: Updating framebuffer size 960x1440 (format: 37).
[INFO] [Vulkan filter chain]: Updating framebuffer size 960x1440 (format: 37).
[INFO] [Vulkan filter chain]: Updating framebuffer size 960x1440 (format: 37).
[INFO] [Vulkan filter chain]: Updating framebuffer size 960x1440 (format: 37).
[INFO] [Vulkan filter chain]: Updating framebuffer size 960x1440 (format: 97).
[INFO] [Vulkan filter chain]: Updating framebuffer size 800x1440 (format: 97).
[INFO] [Vulkan filter chain]: Updating framebuffer size 320x480 (format: 37).
[INFO] [Vulkan filter chain]: Updating framebuffer size 320x480 (format: 109).
[INFO] [Vulkan filter chain]: Updating framebuffer size 320x480 (format: 97).
[INFO] [Vulkan filter chain]: Updating framebuffer size 960x1440 (format: 37).
[INFO] [Vulkan filter chain]: Updating framebuffer size 960x1440 (format: 37).
[INFO] [Vulkan filter chain]: Updating framebuffer size 320x480 (format: 37).
[INFO] [Vulkan filter chain]: Updating framebuffer size 320x480 (format: 37).
[INFO] [Vulkan filter chain]: Updating framebuffer size 64x64 (format: 37).
[INFO] [Vulkan filter chain]: Updating framebuffer size 64x64 (format: 43).
[INFO] [Vulkan filter chain]: Updating framebuffer size 64x64 (format: 43).
[INFO] [Vulkan filter chain]: Updating framebuffer size 64x64 (format: 109).
[INFO] [Vulkan filter chain]: Updating framebuffer size 64x64 (format: 97).
[INFO] [Vulkan filter chain]: Updating framebuffer size 64x64 (format: 97).
[INFO] [Vulkan filter chain]: Updating framebuffer size 64x64 (format: 37).
[INFO] [Vulkan filter chain]: Updating framebuffer size 64x64 (format: 37).
[INFO] [Vulkan filter chain]: Updating framebuffer size 64x64 (format: 37).
[INFO] [Vulkan filter chain]: Updating framebuffer size 64x64 (format: 37).
[INFO] [Vulkan filter chain]: Updating framebuffer size 64x64 (format: 37).
[INFO] [Vulkan filter chain]: Updating framebuffer size 64x64 (format: 37).
[INFO] [Vulkan filter chain]: Updating framebuffer size 64x64 (format: 37).
[INFO] [Vulkan filter chain]: Updating framebuffer size 64x64 (format: 37).
[INFO] [Vulkan filter chain]: Updating framebuffer size 64x64 (format: 37).
[INFO] [Vulkan filter chain]: Updating framebuffer size 64x64 (format: 37).
[INFO] [Vulkan filter chain]: Updating framebuffer size 64x64 (format: 37).
[INFO] [Vulkan filter chain]: Updating framebuffer size 64x64 (format: 97).
[INFO] [Vulkan filter chain]: Updating framebuffer size 64x64 (format: 37).
[INFO] [Vulkan filter chain]: Updating framebuffer size 64x64 (format: 37).
[INFO] [Vulkan filter chain]: Updating framebuffer size 64x64 (format: 37).
[INFO] [Vulkan filter chain]: Updating framebuffer size 192x192 (format: 37).
[INFO] [Vulkan filter chain]: Updating framebuffer size 192x192 (format: 97).
[INFO] [Vulkan filter chain]: Updating framebuffer size 192x192 (format: 97).
[INFO] [Vulkan filter chain]: Updating framebuffer size 192x192 (format: 37).
[INFO] [Vulkan filter chain]: Updating framebuffer size 192x192 (format: 37).
[INFO] [Vulkan filter chain]: Updating framebuffer size 192x192 (format: 37).
[INFO] [Vulkan filter chain]: Updating framebuffer size 192x192 (format: 37).
[INFO] [Vulkan filter chain]: Updating framebuffer size 192x192 (format: 37).
[INFO] [Vulkan filter chain]: Updating framebuffer size 192x192 (format: 37).
[INFO] [Vulkan filter chain]: Updating framebuffer size 192x192 (format: 37).
[INFO] [Vulkan filter chain]: Updating framebuffer size 192x192 (format: 97).
[INFO] [Vulkan filter chain]: Updating framebuffer size 800x192 (format: 97).
[INFO] [Vulkan filter chain]: Updating framebuffer size 64x64 (format: 37).
[INFO] [Vulkan filter chain]: Updating framebuffer size 64x64 (format: 109).
[INFO] [Vulkan filter chain]: Updating framebuffer size 64x64 (format: 97).
[INFO] [Vulkan filter chain]: Updating framebuffer size 192x192 (format: 37).
[INFO] [Vulkan filter chain]: Updating framebuffer size 192x192 (format: 37).
[INFO] [Vulkan filter chain]: Updating framebuffer size 64x64 (format: 37).
[INFO] [Vulkan filter chain]: Updating framebuffer size 64x64 (format: 37).
[INFO] [Vulkan filter chain]: Updating framebuffer size 512x224 (format: 37).
[INFO] [Vulkan filter chain]: Updating framebuffer size 512x224 (format: 43).
[INFO] [Vulkan filter chain]: Updating framebuffer size 512x224 (format: 43).
[INFO] [Vulkan filter chain]: Updating framebuffer size 512x224 (format: 109).
[INFO] [Vulkan filter chain]: Updating framebuffer size 512x224 (format: 97).
[INFO] [Vulkan filter chain]: Updating framebuffer size 512x224 (format: 97).
[INFO] [Vulkan filter chain]: Updating framebuffer size 512x224 (format: 37).
[INFO] [Vulkan filter chain]: Updating framebuffer size 512x224 (format: 37).
[INFO] [Vulkan filter chain]: Updating framebuffer size 512x224 (format: 37).
[INFO] [Vulkan filter chain]: Updating framebuffer size 512x224 (format: 37).
[INFO] [Vulkan filter chain]: Updating framebuffer size 512x224 (format: 37).
[INFO] [Vulkan filter chain]: Updating framebuffer size 512x224 (format: 37).
[INFO] [Vulkan filter chain]: Updating framebuffer size 512x224 (format: 37).
[INFO] [Vulkan filter chain]: Updating framebuffer size 512x224 (format: 37).
[INFO] [Vulkan filter chain]: Updating framebuffer size 512x224 (format: 37).
[INFO] [Vulkan filter chain]: Updating framebuffer size 512x224 (format: 37).
[INFO] [Vulkan filter chain]: Updating framebuffer size 512x224 (format: 37).
[INFO] [Vulkan filter chain]: Updating framebuffer size 512x224 (format: 97).
[INFO] [Vulkan filter chain]: Updating framebuffer size 512x224 (format: 37).
[INFO] [Vulkan filter chain]: Updating framebuffer size 512x224 (format: 37).
[INFO] [Vulkan filter chain]: Updating framebuffer size 512x224 (format: 37).
[INFO] [Vulkan filter chain]: Updating framebuffer size 1536x672 (format: 37).
[INFO] [Vulkan filter chain]: Updating framebuffer size 1536x672 (format: 97).
[INFO] [Vulkan filter chain]: Updating framebuffer size 1536x672 (format: 97).
[INFO] [Vulkan filter chain]: Updating framebuffer size 1536x672 (format: 37).
[INFO] [Vulkan filter chain]: Updating framebuffer size 1536x672 (format: 37).
[INFO] [Vulkan filter chain]: Updating framebuffer size 1536x672 (format: 37).
[INFO] [Vulkan filter chain]: Updating framebuffer size 1536x672 (format: 37).
[INFO] [Vulkan filter chain]: Updating framebuffer size 1536x672 (format: 37).
[INFO] [Vulkan filter chain]: Updating framebuffer size 1536x672 (format: 37).
[INFO] [Vulkan filter chain]: Updating framebuffer size 1536x672 (format: 37).
[INFO] [Vulkan filter chain]: Updating framebuffer size 1536x672 (format: 97).
[INFO] [Vulkan filter chain]: Updating framebuffer size 800x672 (format: 97).
[INFO] [Vulkan filter chain]: Updating framebuffer size 512x224 (format: 8).
[INFO] [Vulkan filter chain]: Updating framebuffer size 512x224 (format: 109).
[INFO] [Vulkan filter chain]: Updating framebuffer size 512x224 (format: 97).
[INFO] [Vulkan filter chain]: Updating framebuffer size 1536x672 (format: 37).
[INFO] [Vulkan filter chain]: Updating framebuffer size 1536x672 (format: 37).
[INFO] [Vulkan filter chain]: Updating framebuffer size 512x224 (format: 8).
[INFO] [Vulkan filter chain]: Updating framebuffer size 512x224 (format: 8).
[libretro INFO] Creating graphics pipeline.
[INFO] [Vulkan filter chain]: Updating framebuffer size 64x64 (format: 37).
[INFO] [Vulkan filter chain]: Updating framebuffer size 64x64 (format: 43).
[INFO] [Vulkan filter chain]: Updating framebuffer size 64x64 (format: 43).
[INFO] [Vulkan filter chain]: Updating framebuffer size 64x64 (format: 109).
[INFO] [Vulkan filter chain]: Updating framebuffer size 64x64 (format: 97).
[INFO] [Vulkan filter chain]: Updating framebuffer size 64x64 (format: 97).
[INFO] [Vulkan filter chain]: Updating framebuffer size 64x64 (format: 37).
[INFO] [Vulkan filter chain]: Updating framebuffer size 64x64 (format: 37).
[INFO] [Vulkan filter chain]: Updating framebuffer size 64x64 (format: 37).
[INFO] [Vulkan filter chain]: Updating framebuffer size 64x64 (format: 37).
[INFO] [Vulkan filter chain]: Updating framebuffer size 64x64 (format: 37).
[INFO] [Vulkan filter chain]: Updating framebuffer size 64x64 (format: 37).
[INFO] [Vulkan filter chain]: Updating framebuffer size 64x64 (format: 37).
[INFO] [Vulkan filter chain]: Updating framebuffer size 64x64 (format: 37).
[INFO] [Vulkan filter chain]: Updating framebuffer size 64x64 (format: 37).
[INFO] [Vulkan filter chain]: Updating framebuffer size 64x64 (format: 37).
[INFO] [Vulkan filter chain]: Updating framebuffer size 64x64 (format: 37).
[INFO] [Vulkan filter chain]: Updating framebuffer size 64x64 (format: 97).
[INFO] [Vulkan filter chain]: Updating framebuffer size 64x64 (format: 37).
[INFO] [Vulkan filter chain]: Updating framebuffer size 64x64 (format: 37).
[INFO] [Vulkan filter chain]: Updating framebuffer size 64x64 (format: 37).
[INFO] [Vulkan filter chain]: Updating framebuffer size 192x192 (format: 37).
[INFO] [Vulkan filter chain]: Updating framebuffer size 192x192 (format: 97).
[INFO] [Vulkan filter chain]: Updating framebuffer size 192x192 (format: 97).
[INFO] [Vulkan filter chain]: Updating framebuffer size 192x192 (format: 37).
[INFO] [Vulkan filter chain]: Updating framebuffer size 192x192 (format: 37).
[INFO] [Vulkan filter chain]: Updating framebuffer size 192x192 (format: 37).
[INFO] [Vulkan filter chain]: Updating framebuffer size 192x192 (format: 37).
[INFO] [Vulkan filter chain]: Updating framebuffer size 192x192 (format: 37).
[INFO] [Vulkan filter chain]: Updating framebuffer size 192x192 (format: 37).
[INFO] [Vulkan filter chain]: Updating framebuffer size 192x192 (format: 37).
[INFO] [Vulkan filter chain]: Updating framebuffer size 192x192 (format: 97).
[INFO] [Vulkan filter chain]: Updating framebuffer size 800x192 (format: 97).
[INFO] [Vulkan filter chain]: Updating framebuffer size 64x64 (format: 37).
[INFO] [Vulkan filter chain]: Updating framebuffer size 64x64 (format: 109).
[INFO] [Vulkan filter chain]: Updating framebuffer size 64x64 (format: 97).
[INFO] [Vulkan filter chain]: Updating framebuffer size 192x192 (format: 37).
[INFO] [Vulkan filter chain]: Updating framebuffer size 192x192 (format: 37).
[INFO] [Vulkan filter chain]: Updating framebuffer size 64x64 (format: 37).
[INFO] [Vulkan filter chain]: Updating framebuffer size 64x64 (format: 37).
[libretro INFO] Creating graphics pipeline.
[libretro INFO] Creating graphics pipeline.
[libretro INFO] Creating graphics pipeline.
[libretro INFO] Creating graphics pipeline.
[libretro INFO] Creating graphics pipeline.
[libretro INFO] Creating graphics pipeline.
[libretro INFO] Creating graphics pipeline.
[INFO] [Vulkan filter chain]: Updating framebuffer size 512x224 (format: 37).
[INFO] [Vulkan filter chain]: Updating framebuffer size 512x224 (format: 43).
[INFO] [Vulkan filter chain]: Updating framebuffer size 512x224 (format: 43).
[INFO] [Vulkan filter chain]: Updating framebuffer size 512x224 (format: 109).
[INFO] [Vulkan filter chain]: Updating framebuffer size 512x224 (format: 97).
[INFO] [Vulkan filter chain]: Updating framebuffer size 512x224 (format: 97).
[INFO] [Vulkan filter chain]: Updating framebuffer size 512x224 (format: 37).
[INFO] [Vulkan filter chain]: Updating framebuffer size 512x224 (format: 37).
[INFO] [Vulkan filter chain]: Updating framebuffer size 512x224 (format: 37).
[INFO] [Vulkan filter chain]: Updating framebuffer size 512x224 (format: 37).
[INFO] [Vulkan filter chain]: Updating framebuffer size 512x224 (format: 37).
[INFO] [Vulkan filter chain]: Updating framebuffer size 512x224 (format: 37).
[INFO] [Vulkan filter chain]: Updating framebuffer size 512x224 (format: 37).
[INFO] [Vulkan filter chain]: Updating framebuffer size 512x224 (format: 37).
[INFO] [Vulkan filter chain]: Updating framebuffer size 512x224 (format: 37).
[INFO] [Vulkan filter chain]: Updating framebuffer size 512x224 (format: 37).
[INFO] [Vulkan filter chain]: Updating framebuffer size 512x224 (format: 37).
[INFO] [Vulkan filter chain]: Updating framebuffer size 512x224 (format: 97).
[INFO] [Vulkan filter chain]: Updating framebuffer size 512x224 (format: 37).
[INFO] [Vulkan filter chain]: Updating framebuffer size 512x224 (format: 37).
[INFO] [Vulkan filter chain]: Updating framebuffer size 512x224 (format: 37).
[INFO] [Vulkan filter chain]: Updating framebuffer size 1536x672 (format: 37).
[INFO] [Vulkan filter chain]: Updating framebuffer size 1536x672 (format: 97).
[INFO] [Vulkan filter chain]: Updating framebuffer size 1536x672 (format: 97).
[INFO] [Vulkan filter chain]: Updating framebuffer size 1536x672 (format: 37).
[INFO] [Vulkan filter chain]: Updating framebuffer size 1536x672 (format: 37).
[INFO] [Vulkan filter chain]: Updating framebuffer size 1536x672 (format: 37).
[INFO] [Vulkan filter chain]: Updating framebuffer size 1536x672 (format: 37).
[INFO] [Vulkan filter chain]: Updating framebuffer size 1536x672 (format: 37).
[INFO] [Vulkan filter chain]: Updating framebuffer size 1536x672 (format: 37).
[INFO] [Vulkan filter chain]: Updating framebuffer size 1536x672 (format: 37).
[INFO] [Vulkan filter chain]: Updating framebuffer size 1536x672 (format: 97).
[INFO] [Vulkan filter chain]: Updating framebuffer size 800x672 (format: 97).
[INFO] [Vulkan filter chain]: Updating framebuffer size 512x224 (format: 8).
[INFO] [Vulkan filter chain]: Updating framebuffer size 512x224 (format: 109).
[INFO] [Vulkan filter chain]: Updating framebuffer size 512x224 (format: 97).
[INFO] [Vulkan filter chain]: Updating framebuffer size 1536x672 (format: 37).
[INFO] [Vulkan filter chain]: Updating framebuffer size 1536x672 (format: 37).
[INFO] [Vulkan filter chain]: Updating framebuffer size 512x224 (format: 8).
[INFO] [Vulkan filter chain]: Updating framebuffer size 512x224 (format: 8).
[libretro INFO] Creating graphics pipeline.
[libretro INFO] Creating graphics pipeline.
[libretro INFO] Controller 1: DualShock
[libretro INFO] Controller 1: Analog Controller
[libretro INFO] Controller 1: DualShock
[INFO] [Config]: Loading config: "/home/willian/.config/retroarch/retroarch.cfg".
[INFO] [Overrides]: Configuration overrides unloaded, original configuration restored.
[INFO] [SRAM]: Salvando tipo de RAM #0 em "/home/willian/.config/retroarch/saves/Star Wars - Episode I - Jedi Power Battles (USA).srm".
[INFO] [SRAM]: Salvo com sucesso em "/home/willian/.config/retroarch/saves/Star Wars - Episode I - Jedi Power Battles (USA).srm".
[INFO] [Core]: Content ran for a total of: 00 hours, 02 minutes, 45 seconds.
[INFO] [Runtime]: Saving runtime log file: "/home/willian/.config/retroarch/playlists/logs/Beetle PSX HW/Star Wars - Episode I - Jedi Power Battles (USA).lrtl".
[INFO] [Core]: Unloading game..
[INFO] [PulseAudio]: Pausing.
[INFO] [Core]: Unloading core..
[INFO] [Core]: Unloading core symbols..
[INFO] [Core]: Saved core options file to "/home/willian/.config/retroarch/config/Beetle PSX HW/Beetle PSX HW.opt".
[INFO] [XINERAMA]: Xinerama version: 1.1.
[INFO] [XINERAMA]: Xinerama screens: 1.
[INFO] [XINERAMA]: Saved monitor #0.
[INFO] [Video]: Average monitor Hz: 57.250816 Hz. (22.199 % frame time deviation, based on 2048 last samples).
