[INFO] RetroArch 1.15.0 (Git 6616b807ed)
[INFO] === Build =======================================
[INFO] CPU Model Name: AMD Ryzen 7 5700X 8-Core Processor             
[INFO] Capacidades: MMX MMXEXT SSE SSE2 SSE3 SSE4 SSE4.2 AES AVX AVX2
[INFO] Built: May 25 2023
[INFO] Version: 1.15.0
[INFO] Git: 6616b807ed
[INFO] =================================================
[INFO] [Input]: Found input driver: "x".
[INFO] [Environ]: SET_PIXEL_FORMAT: RGB565.
[INFO] [Core]: Versão da API libretro: 1, Compilado contra a API: 1
[INFO] [Audio]: Set audio input rate to: 48000.00 Hz.
[INFO] [Video]: Set video size to: fullscreen.
[ERROR] [Wayland]: Failed to connect to Wayland server.
[INFO] [Vulkan]: Vulkan dynamic library loaded.
[INFO] [Vulkan]: Found vulkan context: "vk_x".
[INFO] [Vulkan]: Detecting screen resolution: 3840x2160.
[INFO] [XINERAMA]: Xinerama version: 1.1.
[INFO] [XINERAMA]: Xinerama screens: 1.
[INFO] [X/Vulkan]: Using Xinerama on screen #0.
[INFO] [X/Vulkan]: X = 0, Y = 0, W = 3840, H = 2160.
[INFO] [X/Vulkan]: Using windowed fullscreen.
[INFO] [Vulkan]: Found GPU at index 0: "NVIDIA GeForce RTX 2060".
[INFO] [Vulkan]: Using GPU index 0.
[INFO] [Vulkan]: Using fences for WSI acquire.
[INFO] [Vulkan]: Using GPU: "NVIDIA GeForce RTX 2060".
[INFO] [Vulkan]: Queue family 0 supports 16 sub-queues.
[INFO] [Vulkan]: Got 3 swapchain images.
[INFO] [Vulkan]: Using resolution 3840x2160.
[INFO] [Vulkan]: Using RGB565 format.
[INFO] [Vulkan]: Loading stock shader.
[INFO] [udev]: Pad #0 (/dev/input/event3) supports force feedback.
[INFO] [udev]: Pad #0 (/dev/input/event3) supports 16 force feedback effects.
[INFO] [Joypad]: Found joypad driver: "udev".
[INFO] [DBus]: Suspended screensaver via DBus.
[INFO] [Video]: Found display server: "x11".
[INFO] [PulseAudio]: Requested 24576 bytes buffer, got 18432.
[INFO] [Display]: Found display driver: "vulkan".
[INFO] [Playlist]: Carregando o arquivo de favoritos: "/home/willian/.config/retroarch/content_favorites.lpl".
[INFO] [PulseAudio]: Pausing.
[INFO] [X/Vulkan]: Resized fullscreen resolution to 3840x2160.
[INFO] [Core]: Using content: ".config/retroarch/roms/FB Alpha - Arcade Games/dstlk.zip".
[INFO] [Core]: Content ran for a total of: 00 hours, 00 minutes, 00 seconds.
[INFO] [Core]: Unloading core..
[INFO] [Core]: Unloading core symbols..
[INFO] [XINERAMA]: Xinerama version: 1.1.
[INFO] [XINERAMA]: Xinerama screens: 1.
[INFO] [XINERAMA]: Saved monitor #0.
[INFO] [Video]: Average monitor Hz: 59.998800 Hz. (4.415 % frame time deviation, based on 2048 last samples).
[INFO] RetroArch 1.15.0 (Git 6616b807ed)
[INFO] === Build =======================================
[INFO] CPU Model Name: AMD Ryzen 7 5700X 8-Core Processor             
[INFO] Capacidades: MMX MMXEXT SSE SSE2 SSE3 SSE4 SSE4.2 AES AVX AVX2
[INFO] Built: May 25 2023
[INFO] Version: 1.15.0
[INFO] Git: 6616b807ed
[INFO] =================================================
[INFO] [Input]: Found input driver: "x".
[INFO] [Core]: Loading dynamic libretro core from: "/home/willian/.config/retroarch/cores/fbalpha2012_libretro.so"
[INFO] [Overrides]: Core-specific overrides found at "/home/willian/.config/retroarch/config/FB Alpha 2012/FB Alpha 2012.cfg".
[INFO] [Overrides]: Content dir-specific overrides found at "/home/willian/.config/retroarch/config/FB Alpha 2012/FB Alpha - Arcade Games.cfg".
[INFO] [Overrides]: Content dir-specific overrides stacking on top of previous overrides.
[INFO] [Overrides]: Game-specific overrides found at "/home/willian/.config/retroarch/config/FB Alpha 2012/dstlk.cfg".
[INFO] [Overrides]: Game-specific overrides stacking on top of previous overrides.
[INFO] [Config]: Loading config: "/home/willian/.config/retroarch/retroarch.cfg".
[INFO] [Config]: Appending override config: "/home/willian/.config/retroarch/config/FB Alpha 2012/FB Alpha 2012.cfg".
[INFO] [Config]: Appending override config: "/home/willian/.config/retroarch/config/FB Alpha 2012/FB Alpha - Arcade Games.cfg".
[INFO] [Config]: Appending override config: "/home/willian/.config/retroarch/config/FB Alpha 2012/dstlk.cfg".
[INFO] [Overrides]: Redirecionando arquivo dados da memória do jogo em "/home/willian/.config/retroarch/saves/dstlk.srm".
[INFO] [Overrides]: Redirecionando o jogo salvo em "/home/willian/.config/retroarch/states/dstlk.state".
[INFO] [Environ]: GET_LOG_INTERFACE.
[INFO] [Content]: Carregamento de conteúdo ignorado. A implementação irá carregar por conta própria.
[INFO] [Environ]: GET_SAVE_DIRECTORY.
[libretro INFO] Setting save dir to /home/willian/.config/retroarch/saves
[INFO] [Environ]: SYSTEM_DIRECTORY: "/home/willian/.config/retroarch/system".
[libretro INFO] Setting system dir to /home/willian/.config/retroarch/system
[INFO] [Environ]: SET_CONTROLLER_INFO.
[INFO] [Environ]: SET_VARIABLES.
[libretro INFO] [FBA] Archive: dstlk
[libretro INFO] [FBA] Parsing archive .config/retroarch/roms/FB Alpha - Arcade Games/dstlk.
[INFO] [Environ]: SET_VARIABLES.
[INFO] [Core]: Saved core options file to "/home/willian/.config/retroarch/config/FB Alpha 2012/FB Alpha 2012.opt".
[libretro INFO] Initialize DIP switches.
[INFO] [Environ]: SET_VARIABLES.
[INFO] [Core]: Saved core options file to "/home/willian/.config/retroarch/config/FB Alpha 2012/FB Alpha 2012.opt".
[libretro INFO] Apply DIP switches value from core options.
[libretro INFO] Game: dstlk
[INFO] [Environ]: SET_ROTATION: 0
[INFO] [Environ]: SET_PIXEL_FORMAT: RGB565.
[libretro INFO] Frontend supports RGB565 - will use that instead of XRGB1555.
[INFO] [Replay]: Found last replay slot: #0
[INFO] [SRAM]: Ignorando carregamento da SRAM.
[INFO] [Core]: Versão da API libretro: 1, Compilado contra a API: 1
[libretro INFO] retro_get_system_av_info: base_width: 384, base_height: 224, max_width: 384, max_height: 384, aspect_ratio: (4/3) = 1.333333 (bVerticalMode: 0)
[INFO] [Audio]: Set audio input rate to: 31837.08 Hz.
[INFO] [Video]: Set video size to: fullscreen.
[ERROR] [Wayland]: Failed to connect to Wayland server.
[INFO] [Vulkan]: Vulkan dynamic library loaded.
[INFO] [Vulkan]: Found vulkan context: "vk_x".
[INFO] [Vulkan]: Detecting screen resolution: 3840x2160.
[INFO] [XINERAMA]: Xinerama version: 1.1.
[INFO] [XINERAMA]: Xinerama screens: 1.
[INFO] [X/Vulkan]: Using Xinerama on screen #0.
[INFO] [X/Vulkan]: X = 0, Y = 0, W = 3840, H = 2160.
[INFO] [X/Vulkan]: Using windowed fullscreen.
[INFO] [Vulkan]: Found GPU at index 0: "NVIDIA GeForce RTX 2060".
[INFO] [Vulkan]: Using GPU index 0.
[INFO] [Vulkan]: Using fences for WSI acquire.
[INFO] [Vulkan]: Using GPU: "NVIDIA GeForce RTX 2060".
[INFO] [Vulkan]: Queue family 0 supports 16 sub-queues.
[INFO] [Vulkan]: Got 3 swapchain images.
[INFO] [Vulkan]: Using resolution 3840x2160.
[INFO] [Vulkan]: Using RGB565 format.
[INFO] [Shaders]: Specific shader preset found at "/home/willian/.config/retroarch/config/global.slangp".
[INFO] [slang]: Compiling shader: "/home/willian/.config/retroarch/shaders/shaders_slang/bezel/Mega_Bezel/shaders/base/add-params-all.slang".
[INFO] [slang]: Using render target format R8G8B8A8_UNORM for pass output #0.
[INFO] [slang]: Compiling shader: "/home/willian/.config/retroarch/shaders/shaders_slang/bezel/Mega_Bezel/shaders/base/stock.slang".
[INFO] [slang]: Using render target format R8G8B8A8_SRGB for pass output #1.
[INFO] [slang]: Compiling shader: "/home/willian/.config/retroarch/shaders/shaders_slang/bezel/Mega_Bezel/shaders/base/add-negative-crop-area.slang".
[INFO] [slang]: Using render target format R8G8B8A8_SRGB for pass output #2.
[INFO] [slang]: Compiling shader: "/home/willian/.config/retroarch/shaders/shaders_slang/bezel/Mega_Bezel/shaders/base/cache-info-all-params.slang".
[INFO] [slang]: Using render target format R32G32B32A32_SFLOAT for pass output #3.
[INFO] [slang]: Compiling shader: "/home/willian/.config/retroarch/shaders/shaders_slang/bezel/Mega_Bezel/shaders/base/text-adv.slang".
[INFO] [slang]: Using render target format R16G16B16A16_SFLOAT for pass output #4.
[INFO] [slang]: Compiling shader: "/home/willian/.config/retroarch/shaders/shaders_slang/bezel/Mega_Bezel/shaders/base/intro.slang".
[INFO] [slang]: Using render target format R16G16B16A16_SFLOAT for pass output #5.
[INFO] [slang]: Compiling shader: "/home/willian/.config/retroarch/shaders/shaders_slang/bezel/Mega_Bezel/shaders/dedither/dedither-gamma-prep-1-before.slang".
[INFO] [slang]: Using render target format R8G8B8A8_UNORM for pass output #6.
[INFO] [slang]: Compiling shader: "/home/willian/.config/retroarch/shaders/shaders_slang/bezel/Mega_Bezel/shaders/hyllian/sgenpt-mix/sgenpt-mix-pass1.slang".
[INFO] [slang]: Using render target format R8G8B8A8_UNORM for pass output #7.
[INFO] [slang]: Compiling shader: "/home/willian/.config/retroarch/shaders/shaders_slang/bezel/Mega_Bezel/shaders/hyllian/sgenpt-mix/sgenpt-mix-pass2.slang".
[INFO] [slang]: Using render target format R8G8B8A8_UNORM for pass output #8.
[INFO] [slang]: Compiling shader: "/home/willian/.config/retroarch/shaders/shaders_slang/bezel/Mega_Bezel/shaders/hyllian/sgenpt-mix/sgenpt-mix-pass3.slang".
[INFO] [slang]: Using render target format R8G8B8A8_UNORM for pass output #9.
[INFO] [slang]: Compiling shader: "/home/willian/.config/retroarch/shaders/shaders_slang/bezel/Mega_Bezel/shaders/hyllian/sgenpt-mix/sgenpt-mix-pass4.slang".
[INFO] [slang]: Using render target format R8G8B8A8_UNORM for pass output #10.
[INFO] [slang]: Compiling shader: "/home/willian/.config/retroarch/shaders/shaders_slang/bezel/Mega_Bezel/shaders/hyllian/sgenpt-mix/sgenpt-mix-pass5.slang".
[INFO] [slang]: Using render target format R8G8B8A8_UNORM for pass output #11.
[INFO] [slang]: Compiling shader: "/home/willian/.config/retroarch/shaders/shaders_slang/bezel/Mega_Bezel/shaders/dedither/dedither-gamma-prep-2-after.slang".
[INFO] [slang]: Using render target format R8G8B8A8_UNORM for pass output #12.
[INFO] [slang]: Compiling shader: "/home/willian/.config/retroarch/shaders/shaders_slang/bezel/Mega_Bezel/shaders/ps1dither/hsm-PS1-Undither-BoxBlur.slang".
[INFO] [slang]: Using render target format R8G8B8A8_UNORM for pass output #13.
[INFO] [slang]: Compiling shader: "/home/willian/.config/retroarch/shaders/shaders_slang/bezel/Mega_Bezel/shaders/guest/extras/hsm-g-sharp_resampler.slang".
[INFO] [slang]: Using render target format R8G8B8A8_UNORM for pass output #14.
[INFO] [slang]: Compiling shader: "/home/willian/.config/retroarch/shaders/shaders_slang/bezel/Mega_Bezel/shaders/guest/extras/hsm-sharpsmoother.slang".
[INFO] [slang]: Using render target format R8G8B8A8_UNORM for pass output #15.
[INFO] [slang]: Compiling shader: "/home/willian/.config/retroarch/shaders/shaders_slang/bezel/Mega_Bezel/shaders/base/stock.slang".
[INFO] [slang]: Using render target format R8G8B8A8_UNORM for pass output #16.
[INFO] [slang]: Compiling shader: "/home/willian/.config/retroarch/shaders/shaders_slang/bezel/Mega_Bezel/shaders/scalefx/hsm-scalefx-pass0.slang".
[INFO] [slang]: Using render target format R16G16B16A16_SFLOAT for pass output #17.
[INFO] [slang]: Compiling shader: "/home/willian/.config/retroarch/shaders/shaders_slang/bezel/Mega_Bezel/shaders/scalefx/hsm-scalefx-pass1.slang".
[INFO] [slang]: Using render target format R8G8B8A8_UNORM for pass output #18.
[INFO] [slang]: Compiling shader: "/home/willian/.config/retroarch/shaders/shaders_slang/bezel/Mega_Bezel/shaders/scalefx/hsm-scalefx-pass2.slang".
[INFO] [slang]: Using render target format R8G8B8A8_UNORM for pass output #19.
[INFO] [slang]: Compiling shader: "/home/willian/.config/retroarch/shaders/shaders_slang/bezel/Mega_Bezel/shaders/scalefx/hsm-scalefx-pass3.slang".
[INFO] [slang]: Using render target format R8G8B8A8_UNORM for pass output #20.
[INFO] [slang]: Compiling shader: "/home/willian/.config/retroarch/shaders/shaders_slang/bezel/Mega_Bezel/shaders/scalefx/hsm-scalefx-pass4.slang".
[INFO] [slang]: Using render target format R8G8B8A8_UNORM for pass output #21.
[INFO] [slang]: Compiling shader: "/home/willian/.config/retroarch/shaders/shaders_slang/bezel/Mega_Bezel/shaders/gtu/hsm-gtu-pass1.slang".
[INFO] [slang]: Using render target format R16G16B16A16_SFLOAT for pass output #22.
[INFO] [slang]: Compiling shader: "/home/willian/.config/retroarch/shaders/shaders_slang/bezel/Mega_Bezel/shaders/gtu/hsm-gtu-pass2.slang".
[INFO] [slang]: Using render target format R16G16B16A16_SFLOAT for pass output #23.
[INFO] [slang]: Compiling shader: "/home/willian/.config/retroarch/shaders/shaders_slang/bezel/Mega_Bezel/shaders/base/stock.slang".
[INFO] [slang]: Using render target format R8G8B8A8_UNORM for pass output #24.
[INFO] [slang]: Compiling shader: "/home/willian/.config/retroarch/shaders/shaders_slang/bezel/Mega_Bezel/shaders/guest/hsm-afterglow0.slang".
[INFO] [slang]: Using render target format R8G8B8A8_UNORM for pass output #25.
[INFO] [slang]: Compiling shader: "/home/willian/.config/retroarch/shaders/shaders_slang/bezel/Mega_Bezel/shaders/guest/hsm-pre-shaders-afterglow.slang".
[INFO] [slang]: Using render target format R8G8B8A8_UNORM for pass output #26.
[INFO] [slang]: Compiling shader: "/home/willian/.config/retroarch/shaders/shaders_slang/bezel/Mega_Bezel/shaders/dogway/hsm-grade.slang".
[INFO] [slang]: Using render target format R8G8B8A8_UNORM for pass output #27.
[INFO] [slang]: Compiling shader: "/home/willian/.config/retroarch/shaders/shaders_slang/bezel/Mega_Bezel/shaders/guest/hsm-custom-fast-sharpen.slang".
[INFO] [slang]: Using render target format R8G8B8A8_UNORM for pass output #28.
[INFO] [slang]: Compiling shader: "/home/willian/.config/retroarch/shaders/shaders_slang/bezel/Mega_Bezel/shaders/base/stock.slang".
[INFO] [slang]: Using render target format R8G8B8A8_UNORM for pass output #29.
[INFO] [slang]: Compiling shader: "/home/willian/.config/retroarch/shaders/shaders_slang/bezel/Mega_Bezel/shaders/guest/hsm-avg-lum.slang".
[INFO] [slang]: Using render target format R8G8B8A8_UNORM for pass output #30.
[INFO] [slang]: Compiling shader: "/home/willian/.config/retroarch/shaders/shaders_slang/bezel/Mega_Bezel/shaders/guest/hsm-interlace-and-linearize.slang".
[INFO] [slang]: Using render target format R16G16B16A16_SFLOAT for pass output #31.
[INFO] [slang]: Compiling shader: "/home/willian/.config/retroarch/shaders/shaders_slang/bezel/Mega_Bezel/shaders/guest/hsm-gaussian_horizontal.slang".
[INFO] [slang]: Using render target format R16G16B16A16_SFLOAT for pass output #32.
[INFO] [slang]: Compiling shader: "/home/willian/.config/retroarch/shaders/shaders_slang/bezel/Mega_Bezel/shaders/guest/hsm-gaussian_vertical.slang".
[INFO] [slang]: Using render target format R16G16B16A16_SFLOAT for pass output #33.
[INFO] [slang]: Compiling shader: "/home/willian/.config/retroarch/shaders/shaders_slang/bezel/Mega_Bezel/shaders/guest/hsm-bloom_horizontal.slang".
[INFO] [slang]: Using render target format R16G16B16A16_SFLOAT for pass output #34.
[INFO] [slang]: Compiling shader: "/home/willian/.config/retroarch/shaders/shaders_slang/bezel/Mega_Bezel/shaders/guest/hsm-bloom_vertical.slang".
[INFO] [slang]: Using render target format R16G16B16A16_SFLOAT for pass output #35.
[INFO] [slang]: Compiling shader: "/home/willian/.config/retroarch/shaders/shaders_slang/bezel/Mega_Bezel/shaders/guest/hsm-crt-guest-advanced.slang".
[INFO] [slang]: Using render target format R16G16B16A16_SFLOAT for pass output #36.
[INFO] [slang]: Compiling shader: "/home/willian/.config/retroarch/shaders/shaders_slang/bezel/Mega_Bezel/shaders/guest/hsm-deconvergence.slang".
[INFO] [slang]: Using render target format R16G16B16A16_SFLOAT for pass output #37.
[INFO] [slang]: Compiling shader: "/home/willian/.config/retroarch/shaders/shaders_slang/bezel/Mega_Bezel/shaders/base/post-crt-prep-image-layers.slang".
[INFO] [slang]: Using render target format R16G16B16A16_SFLOAT for pass output #38.
[INFO] [slang]: Compiling shader: "/home/willian/.config/retroarch/shaders/shaders_slang/bezel/Mega_Bezel/shaders/base/bezel-images-under-crt.slang".
[INFO] [slang]: Using render target format R16G16B16A16_SFLOAT for pass output #39.
[INFO] [slang]: Compiling shader: "/home/willian/.config/retroarch/shaders/shaders_slang/bezel/Mega_Bezel/shaders/base/bezel-images-over-crt.slang".
[INFO] [slang]: Using render target format R16G16B16A16_SFLOAT for pass output #40.
[INFO] [slang]: Compiling shader: "/home/willian/.config/retroarch/shaders/shaders_slang/bezel/Mega_Bezel/shaders/base/linearize-crt.slang".
[INFO] [slang]: Using render target format R16G16B16A16_SFLOAT for pass output #41.
[INFO] [slang]: Compiling shader: "/home/willian/.config/retroarch/shaders/shaders_slang/bezel/Mega_Bezel/shaders/base/blur-outside-screen-horiz.slang".
[INFO] [slang]: Using render target format R8G8B8A8_UNORM for pass output #42.
[INFO] [slang]: Compiling shader: "/home/willian/.config/retroarch/shaders/shaders_slang/bezel/Mega_Bezel/shaders/base/blur-outside-screen-vert.slang".
[INFO] [slang]: Using render target format R8G8B8A8_UNORM for pass output #43.
[INFO] [slang]: Compiling shader: "/home/willian/.config/retroarch/shaders/shaders_slang/blurs/shaders/royale/blur9x9.slang".
[INFO] [slang]: Using render target format R16G16B16A16_SFLOAT for pass output #44.
[INFO] [slang]: Compiling shader: "/home/willian/.config/retroarch/shaders/shaders_slang/blurs/shaders/royale/blur9x9.slang".
[INFO] [slang]: Using render target format R16G16B16A16_SFLOAT for pass output #45.
[INFO] [slang]: Compiling shader: "/home/willian/.config/retroarch/shaders/shaders_slang/bezel/Mega_Bezel/shaders/base/reflection.slang".
[INFO] [slang]: Using render target format R16G16B16A16_SFLOAT for pass output #46.
[INFO] [slang]: Compiling shader: "/home/willian/.config/retroarch/shaders/shaders_slang/bezel/Mega_Bezel/shaders/base/combine-passes.slang".
[INFO] [slang]: Using render target format R8G8B8A8_UNORM for pass output #47.
[INFO] [Vulkan filter chain]: Creating framebuffer 512x512 (max 1 level(s)).
[INFO] [Vulkan filter chain]: Creating framebuffer 512x512 (max 1 level(s)).
[INFO] [Vulkan filter chain]: Creating framebuffer 512x512 (max 1 level(s)).
[INFO] [Vulkan filter chain]: Creating framebuffer 512x512 (max 1 level(s)).
[INFO] [Vulkan filter chain]: Creating framebuffer 512x512 (max 1 level(s)).
[INFO] [Vulkan filter chain]: Creating framebuffer 512x512 (max 1 level(s)).
[INFO] [Vulkan filter chain]: Creating framebuffer 512x512 (max 1 level(s)).
[INFO] [Vulkan filter chain]: Creating framebuffer 512x512 (max 1 level(s)).
[INFO] [Vulkan filter chain]: Creating framebuffer 512x512 (max 1 level(s)).
[INFO] [Vulkan filter chain]: Creating framebuffer 512x512 (max 1 level(s)).
[INFO] [Vulkan filter chain]: Creating framebuffer 512x512 (max 1 level(s)).
[INFO] [Vulkan filter chain]: Creating framebuffer 512x512 (max 1 level(s)).
[INFO] [Vulkan filter chain]: Creating framebuffer 512x512 (max 1 level(s)).
[INFO] [Vulkan filter chain]: Creating framebuffer 512x512 (max 1 level(s)).
[INFO] [Vulkan filter chain]: Creating framebuffer 512x512 (max 1 level(s)).
[INFO] [Vulkan filter chain]: Creating framebuffer 512x512 (max 1 level(s)).
[INFO] [Vulkan filter chain]: Creating framebuffer 512x512 (max 1 level(s)).
[INFO] [Vulkan filter chain]: Creating framebuffer 512x512 (max 1 level(s)).
[INFO] [Vulkan filter chain]: Creating framebuffer 512x512 (max 1 level(s)).
[INFO] [Vulkan filter chain]: Creating framebuffer 512x512 (max 1 level(s)).
[INFO] [Vulkan filter chain]: Creating framebuffer 512x512 (max 1 level(s)).
[INFO] [Vulkan filter chain]: Creating framebuffer 1536x1536 (max 1 level(s)).
[INFO] [Vulkan filter chain]: Creating framebuffer 1536x1536 (max 1 level(s)).
[INFO] [Vulkan filter chain]: Creating framebuffer 1536x1536 (max 1 level(s)).
[INFO] [Vulkan filter chain]: Creating framebuffer 1536x1536 (max 1 level(s)).
[INFO] [Vulkan filter chain]: Creating framebuffer 1536x1536 (max 4294967295 level(s)).
[INFO] [Vulkan filter chain]: Creating framebuffer 1536x1536 (max 1 level(s)).
[INFO] [Vulkan filter chain]: Creating framebuffer 1536x1536 (max 1 level(s)).
[INFO] [Vulkan filter chain]: Creating framebuffer 1536x1536 (max 4294967295 level(s)).
[INFO] [Vulkan filter chain]: Creating framebuffer 1536x1536 (max 4294967295 level(s)).
[INFO] [Vulkan filter chain]: Creating framebuffer 1536x1536 (max 1 level(s)).
[INFO] [Vulkan filter chain]: Creating framebuffer 1536x1536 (max 1 level(s)).
[INFO] [Vulkan filter chain]: Creating framebuffer 800x1536 (max 1 level(s)).
[INFO] [Vulkan filter chain]: Creating framebuffer 800x600 (max 1 level(s)).
[INFO] [Vulkan filter chain]: Creating framebuffer 800x600 (max 1 level(s)).
[INFO] [Vulkan filter chain]: Creating framebuffer 800x600 (max 1 level(s)).
[INFO] [Vulkan filter chain]: Creating framebuffer 3840x2160 (max 1 level(s)).
[INFO] [Vulkan filter chain]: Creating framebuffer 3840x2160 (max 4294967295 level(s)).
[INFO] [Vulkan filter chain]: Creating framebuffer 3840x2160 (max 1 level(s)).
[INFO] [Vulkan filter chain]: Creating framebuffer 3840x2160 (max 1 level(s)).
[INFO] [Vulkan filter chain]: Creating framebuffer 3840x2160 (max 4294967295 level(s)).
[INFO] [Vulkan filter chain]: Creating framebuffer 800x600 (max 4294967295 level(s)).
[INFO] [Vulkan filter chain]: Creating framebuffer 800x600 (max 1 level(s)).
[INFO] [Vulkan filter chain]: Creating framebuffer 800x600 (max 4294967295 level(s)).
[INFO] [Vulkan filter chain]: Creating framebuffer 128x128 (max 4294967295 level(s)).
[INFO] [Vulkan filter chain]: Creating framebuffer 12x12 (max 1 level(s)).
[INFO] [Vulkan filter chain]: Creating framebuffer 3840x2160 (max 1 level(s)).
[INFO] [Vulkan filter chain]: Creating framebuffer 3840x2160 (max 1 level(s)).
[INFO] [Vulkan filter chain]: Creating framebuffer 512x512 (max 1 level(s)).
[INFO] [Vulkan filter chain]: Creating framebuffer 512x512 (max 1 level(s)).
[INFO] [Vulkan filter chain]: Creating framebuffer 512x512 (max 1 level(s)).
[INFO] [Vulkan filter chain]: Creating framebuffer 512x512 (max 1 level(s)).
[INFO] [Vulkan filter chain]: Using framebuffer feedback for pass #3.
[INFO] [Vulkan filter chain]: Creating framebuffer 512x512 (max 1 level(s)).
[INFO] [Vulkan filter chain]: Using framebuffer feedback for pass #4.
[INFO] [Vulkan filter chain]: Creating framebuffer 1536x1536 (max 4294967295 level(s)).
[INFO] [Vulkan filter chain]: Using framebuffer feedback for pass #25.
[INFO] [Vulkan filter chain]: Creating framebuffer 1536x1536 (max 1 level(s)).
[INFO] [Vulkan filter chain]: Using framebuffer feedback for pass #30.
[INFO] [Vulkan filter chain]: Creating framebuffer 3840x2160 (max 1 level(s)).
[INFO] [Vulkan filter chain]: Using framebuffer feedback for pass #38.
[INFO] [Vulkan filter chain]: Creating framebuffer 3840x2160 (max 1 level(s)).
[INFO] [Vulkan filter chain]: Using framebuffer feedback for pass #39.
[INFO] [Vulkan filter chain]: Creating framebuffer 3840x2160 (max 4294967295 level(s)).
[INFO] [Vulkan filter chain]: Using framebuffer feedback for pass #40.
[INFO] [Vulkan filter chain]: Creating framebuffer 3840x2160 (max 1 level(s)).
[INFO] [Vulkan filter chain]: Using framebuffer feedback for pass #46.
[INFO] [Vulkan filter chain]: Creating framebuffer 3840x2160 (max 1 level(s)).
[INFO] [Vulkan filter chain]: Using framebuffer feedback for pass #47.
[INFO] [udev]: Pad #0 (/dev/input/event3) supports force feedback.
[INFO] [udev]: Pad #0 (/dev/input/event3) supports 16 force feedback effects.
[INFO] [Joypad]: Found joypad driver: "udev".
[INFO] [DBus]: Suspended screensaver via DBus.
[INFO] [Video]: Found display server: "x11".
[INFO] [PulseAudio]: Requested 24576 bytes buffer, got 18432.
[INFO] [Display]: Found display driver: "vulkan".
[INFO] [Environ]: SET_INPUT_DESCRIPTORS:
[INFO] [Playlist]: Carregando o arquivo de favoritos: "/home/willian/.config/retroarch/content_favorites.lpl".
[INFO] [Vulkan filter chain]: Creating framebuffer 512x512 (max 1 level(s)).
[INFO] [Vulkan filter chain]: Creating framebuffer 512x512 (max 1 level(s)).
[INFO] [Vulkan filter chain]: Creating framebuffer 512x512 (max 1 level(s)).
[INFO] [Vulkan filter chain]: Creating framebuffer 512x512 (max 1 level(s)).
[INFO] [Vulkan filter chain]: Creating framebuffer 512x512 (max 1 level(s)).
[INFO] [Vulkan filter chain]: Creating framebuffer 512x512 (max 1 level(s)).
[INFO] [Vulkan filter chain]: Creating framebuffer 512x512 (max 1 level(s)).
[INFO] [Vulkan filter chain]: Creating framebuffer 512x512 (max 1 level(s)).
[INFO] [Vulkan filter chain]: Creating framebuffer 512x512 (max 1 level(s)).
[INFO] [Vulkan filter chain]: Creating framebuffer 512x512 (max 1 level(s)).
[INFO] [Vulkan filter chain]: Creating framebuffer 512x512 (max 1 level(s)).
[INFO] [Vulkan filter chain]: Creating framebuffer 512x512 (max 1 level(s)).
[INFO] [Vulkan filter chain]: Creating framebuffer 512x512 (max 1 level(s)).
[INFO] [Vulkan filter chain]: Creating framebuffer 512x512 (max 1 level(s)).
[INFO] [Vulkan filter chain]: Creating framebuffer 512x512 (max 1 level(s)).
[INFO] [Vulkan filter chain]: Creating framebuffer 512x512 (max 1 level(s)).
[INFO] [Vulkan filter chain]: Creating framebuffer 512x512 (max 1 level(s)).
[INFO] [Vulkan filter chain]: Creating framebuffer 512x512 (max 1 level(s)).
[INFO] [Vulkan filter chain]: Creating framebuffer 512x512 (max 1 level(s)).
[INFO] [Vulkan filter chain]: Creating framebuffer 512x512 (max 1 level(s)).
[INFO] [Vulkan filter chain]: Creating framebuffer 512x512 (max 1 level(s)).
[INFO] [Vulkan filter chain]: Creating framebuffer 1536x1536 (max 1 level(s)).
[INFO] [Vulkan filter chain]: Creating framebuffer 1536x1536 (max 1 level(s)).
[INFO] [Vulkan filter chain]: Creating framebuffer 1536x1536 (max 1 level(s)).
[INFO] [Vulkan filter chain]: Creating framebuffer 1536x1536 (max 1 level(s)).
[INFO] [Vulkan filter chain]: Creating framebuffer 1536x1536 (max 4294967295 level(s)).
[INFO] [Vulkan filter chain]: Creating framebuffer 1536x1536 (max 1 level(s)).
[INFO] [Vulkan filter chain]: Creating framebuffer 1536x1536 (max 1 level(s)).
[INFO] [Vulkan filter chain]: Creating framebuffer 1536x1536 (max 4294967295 level(s)).
[INFO] [Vulkan filter chain]: Creating framebuffer 1536x1536 (max 4294967295 level(s)).
[INFO] [Vulkan filter chain]: Creating framebuffer 1536x1536 (max 1 level(s)).
[INFO] [Vulkan filter chain]: Creating framebuffer 1536x1536 (max 1 level(s)).
[INFO] [Vulkan filter chain]: Creating framebuffer 800x1536 (max 1 level(s)).
[INFO] [Vulkan filter chain]: Creating framebuffer 800x600 (max 1 level(s)).
[INFO] [Vulkan filter chain]: Creating framebuffer 800x600 (max 1 level(s)).
[INFO] [Vulkan filter chain]: Creating framebuffer 800x600 (max 1 level(s)).
[INFO] [Vulkan filter chain]: Creating framebuffer 3840x2160 (max 1 level(s)).
[INFO] [Vulkan filter chain]: Creating framebuffer 3840x2160 (max 4294967295 level(s)).
[INFO] [Vulkan filter chain]: Creating framebuffer 3840x2160 (max 1 level(s)).
[INFO] [Vulkan filter chain]: Creating framebuffer 3840x2160 (max 1 level(s)).
[INFO] [Vulkan filter chain]: Creating framebuffer 3840x2160 (max 4294967295 level(s)).
[INFO] [Vulkan filter chain]: Creating framebuffer 800x600 (max 4294967295 level(s)).
[INFO] [Vulkan filter chain]: Creating framebuffer 800x600 (max 1 level(s)).
[INFO] [Vulkan filter chain]: Creating framebuffer 800x600 (max 4294967295 level(s)).
[INFO] [Vulkan filter chain]: Creating framebuffer 128x128 (max 4294967295 level(s)).
[INFO] [Vulkan filter chain]: Creating framebuffer 12x12 (max 1 level(s)).
[INFO] [Vulkan filter chain]: Creating framebuffer 3840x2160 (max 1 level(s)).
[INFO] [Vulkan filter chain]: Creating framebuffer 3840x2160 (max 1 level(s)).
[INFO] [Vulkan filter chain]: Creating framebuffer 512x512 (max 1 level(s)).
[INFO] [Vulkan filter chain]: Creating framebuffer 512x512 (max 1 level(s)).
[INFO] [Vulkan filter chain]: Creating framebuffer 512x512 (max 1 level(s)).
[INFO] [Vulkan filter chain]: Creating framebuffer 512x512 (max 1 level(s)).
[INFO] [Vulkan filter chain]: Using framebuffer feedback for pass #3.
[INFO] [Vulkan filter chain]: Creating framebuffer 512x512 (max 1 level(s)).
[INFO] [Vulkan filter chain]: Using framebuffer feedback for pass #4.
[INFO] [Vulkan filter chain]: Creating framebuffer 1536x1536 (max 4294967295 level(s)).
[INFO] [Vulkan filter chain]: Using framebuffer feedback for pass #25.
[INFO] [Vulkan filter chain]: Creating framebuffer 1536x1536 (max 1 level(s)).
[INFO] [Vulkan filter chain]: Using framebuffer feedback for pass #30.
[INFO] [Vulkan filter chain]: Creating framebuffer 3840x2160 (max 1 level(s)).
[INFO] [Vulkan filter chain]: Using framebuffer feedback for pass #38.
[INFO] [Vulkan filter chain]: Creating framebuffer 3840x2160 (max 1 level(s)).
[INFO] [Vulkan filter chain]: Using framebuffer feedback for pass #39.
[INFO] [Vulkan filter chain]: Creating framebuffer 3840x2160 (max 4294967295 level(s)).
[INFO] [Vulkan filter chain]: Using framebuffer feedback for pass #40.
[INFO] [Vulkan filter chain]: Creating framebuffer 3840x2160 (max 1 level(s)).
[INFO] [Vulkan filter chain]: Using framebuffer feedback for pass #46.
[INFO] [Vulkan filter chain]: Creating framebuffer 3840x2160 (max 1 level(s)).
[INFO] [Vulkan filter chain]: Using framebuffer feedback for pass #47.
[INFO] [Vulkan filter chain]: Updating framebuffer size 384x224 (format: 37).
[INFO] [Vulkan filter chain]: Updating framebuffer size 384x224 (format: 43).
[INFO] [Vulkan filter chain]: Updating framebuffer size 384x224 (format: 43).
[INFO] [Vulkan filter chain]: Updating framebuffer size 384x224 (format: 109).
[INFO] [Vulkan filter chain]: Updating framebuffer size 384x224 (format: 97).
[INFO] [Vulkan filter chain]: Updating framebuffer size 384x224 (format: 97).
[INFO] [Vulkan filter chain]: Updating framebuffer size 384x224 (format: 37).
[INFO] [Vulkan filter chain]: Updating framebuffer size 384x224 (format: 37).
[INFO] [Vulkan filter chain]: Updating framebuffer size 384x224 (format: 37).
[INFO] [Vulkan filter chain]: Updating framebuffer size 384x224 (format: 37).
[INFO] [Vulkan filter chain]: Updating framebuffer size 384x224 (format: 37).
[INFO] [Vulkan filter chain]: Updating framebuffer size 384x224 (format: 37).
[INFO] [Vulkan filter chain]: Updating framebuffer size 384x224 (format: 37).
[INFO] [Vulkan filter chain]: Updating framebuffer size 384x224 (format: 37).
[INFO] [Vulkan filter chain]: Updating framebuffer size 384x224 (format: 37).
[INFO] [Vulkan filter chain]: Updating framebuffer size 384x224 (format: 37).
[INFO] [Vulkan filter chain]: Updating framebuffer size 384x224 (format: 37).
[INFO] [Vulkan filter chain]: Updating framebuffer size 384x224 (format: 97).
[INFO] [Vulkan filter chain]: Updating framebuffer size 384x224 (format: 37).
[INFO] [Vulkan filter chain]: Updating framebuffer size 384x224 (format: 37).
[INFO] [Vulkan filter chain]: Updating framebuffer size 384x224 (format: 37).
[INFO] [Vulkan filter chain]: Updating framebuffer size 1152x672 (format: 37).
[INFO] [Vulkan filter chain]: Updating framebuffer size 1152x672 (format: 97).
[INFO] [Vulkan filter chain]: Updating framebuffer size 1152x672 (format: 97).
[INFO] [Vulkan filter chain]: Updating framebuffer size 1152x672 (format: 37).
[INFO] [Vulkan filter chain]: Updating framebuffer size 1152x672 (format: 37).
[INFO] [Vulkan filter chain]: Updating framebuffer size 1152x672 (format: 37).
[INFO] [Vulkan filter chain]: Updating framebuffer size 1152x672 (format: 37).
[INFO] [Vulkan filter chain]: Updating framebuffer size 1152x672 (format: 37).
[INFO] [Vulkan filter chain]: Updating framebuffer size 1152x672 (format: 37).
[INFO] [Vulkan filter chain]: Updating framebuffer size 1152x672 (format: 37).
[INFO] [Vulkan filter chain]: Updating framebuffer size 1152x672 (format: 97).
[INFO] [Vulkan filter chain]: Updating framebuffer size 800x672 (format: 97).
[INFO] [Vulkan filter chain]: Updating framebuffer size 384x224 (format: 37).
[INFO] [X/Vulkan]: Resized fullscreen resolution to 3840x2160.
[INFO] [Vulkan filter chain]: Creating framebuffer 512x512 (max 1 level(s)).
[INFO] [Vulkan filter chain]: Creating framebuffer 512x512 (max 1 level(s)).
[INFO] [Vulkan filter chain]: Creating framebuffer 512x512 (max 1 level(s)).
[INFO] [Vulkan filter chain]: Creating framebuffer 512x512 (max 1 level(s)).
[INFO] [Vulkan filter chain]: Creating framebuffer 512x512 (max 1 level(s)).
[INFO] [Vulkan filter chain]: Creating framebuffer 512x512 (max 1 level(s)).
[INFO] [Vulkan filter chain]: Creating framebuffer 512x512 (max 1 level(s)).
[INFO] [Vulkan filter chain]: Creating framebuffer 512x512 (max 1 level(s)).
[INFO] [Vulkan filter chain]: Creating framebuffer 512x512 (max 1 level(s)).
[INFO] [Vulkan filter chain]: Creating framebuffer 512x512 (max 1 level(s)).
[INFO] [Vulkan filter chain]: Creating framebuffer 512x512 (max 1 level(s)).
[INFO] [Vulkan filter chain]: Creating framebuffer 512x512 (max 1 level(s)).
[INFO] [Vulkan filter chain]: Creating framebuffer 512x512 (max 1 level(s)).
[INFO] [Vulkan filter chain]: Creating framebuffer 512x512 (max 1 level(s)).
[INFO] [Vulkan filter chain]: Creating framebuffer 512x512 (max 1 level(s)).
[INFO] [Vulkan filter chain]: Creating framebuffer 512x512 (max 1 level(s)).
[INFO] [Vulkan filter chain]: Creating framebuffer 512x512 (max 1 level(s)).
[INFO] [Vulkan filter chain]: Creating framebuffer 512x512 (max 1 level(s)).
[INFO] [Vulkan filter chain]: Creating framebuffer 512x512 (max 1 level(s)).
[INFO] [Vulkan filter chain]: Creating framebuffer 512x512 (max 1 level(s)).
[INFO] [Vulkan filter chain]: Creating framebuffer 512x512 (max 1 level(s)).
[INFO] [Vulkan filter chain]: Creating framebuffer 1536x1536 (max 1 level(s)).
[INFO] [Vulkan filter chain]: Creating framebuffer 1536x1536 (max 1 level(s)).
[INFO] [Vulkan filter chain]: Creating framebuffer 1536x1536 (max 1 level(s)).
[INFO] [Vulkan filter chain]: Creating framebuffer 1536x1536 (max 1 level(s)).
[INFO] [Vulkan filter chain]: Creating framebuffer 1536x1536 (max 4294967295 level(s)).
[INFO] [Vulkan filter chain]: Creating framebuffer 1536x1536 (max 1 level(s)).
[INFO] [Vulkan filter chain]: Creating framebuffer 1536x1536 (max 1 level(s)).
[INFO] [Vulkan filter chain]: Creating framebuffer 1536x1536 (max 4294967295 level(s)).
[INFO] [Vulkan filter chain]: Creating framebuffer 1536x1536 (max 4294967295 level(s)).
[INFO] [Vulkan filter chain]: Creating framebuffer 1536x1536 (max 1 level(s)).
[INFO] [Vulkan filter chain]: Creating framebuffer 1536x1536 (max 1 level(s)).
[INFO] [Vulkan filter chain]: Creating framebuffer 800x1536 (max 1 level(s)).
[INFO] [Vulkan filter chain]: Creating framebuffer 800x600 (max 1 level(s)).
[INFO] [Vulkan filter chain]: Creating framebuffer 800x600 (max 1 level(s)).
[INFO] [Vulkan filter chain]: Creating framebuffer 800x600 (max 1 level(s)).
[INFO] [Vulkan filter chain]: Creating framebuffer 3840x2160 (max 1 level(s)).
[INFO] [Vulkan filter chain]: Creating framebuffer 3840x2160 (max 4294967295 level(s)).
[INFO] [Vulkan filter chain]: Creating framebuffer 3840x2160 (max 1 level(s)).
[INFO] [Vulkan filter chain]: Creating framebuffer 3840x2160 (max 1 level(s)).
[INFO] [Vulkan filter chain]: Creating framebuffer 3840x2160 (max 4294967295 level(s)).
[INFO] [Vulkan filter chain]: Creating framebuffer 800x600 (max 4294967295 level(s)).
[INFO] [Vulkan filter chain]: Creating framebuffer 800x600 (max 1 level(s)).
[INFO] [Vulkan filter chain]: Creating framebuffer 800x600 (max 4294967295 level(s)).
[INFO] [Vulkan filter chain]: Creating framebuffer 128x128 (max 4294967295 level(s)).
[INFO] [Vulkan filter chain]: Creating framebuffer 12x12 (max 1 level(s)).
[INFO] [Vulkan filter chain]: Creating framebuffer 3840x2160 (max 1 level(s)).
[INFO] [Vulkan filter chain]: Creating framebuffer 3840x2160 (max 1 level(s)).
[INFO] [Vulkan filter chain]: Creating framebuffer 512x512 (max 1 level(s)).
[INFO] [Vulkan filter chain]: Creating framebuffer 512x512 (max 1 level(s)).
[INFO] [Vulkan filter chain]: Creating framebuffer 512x512 (max 1 level(s)).
[INFO] [Vulkan filter chain]: Creating framebuffer 512x512 (max 1 level(s)).
[INFO] [Vulkan filter chain]: Using framebuffer feedback for pass #3.
[INFO] [Vulkan filter chain]: Creating framebuffer 512x512 (max 1 level(s)).
[INFO] [Vulkan filter chain]: Using framebuffer feedback for pass #4.
[INFO] [Vulkan filter chain]: Creating framebuffer 1536x1536 (max 4294967295 level(s)).
[INFO] [Vulkan filter chain]: Using framebuffer feedback for pass #25.
[INFO] [Vulkan filter chain]: Creating framebuffer 1536x1536 (max 1 level(s)).
[INFO] [Vulkan filter chain]: Using framebuffer feedback for pass #30.
[INFO] [Vulkan filter chain]: Creating framebuffer 3840x2160 (max 1 level(s)).
[INFO] [Vulkan filter chain]: Using framebuffer feedback for pass #38.
[INFO] [Vulkan filter chain]: Creating framebuffer 3840x2160 (max 1 level(s)).
[INFO] [Vulkan filter chain]: Using framebuffer feedback for pass #39.
[INFO] [Vulkan filter chain]: Creating framebuffer 3840x2160 (max 4294967295 level(s)).
[INFO] [Vulkan filter chain]: Using framebuffer feedback for pass #40.
[INFO] [Vulkan filter chain]: Creating framebuffer 3840x2160 (max 1 level(s)).
[INFO] [Vulkan filter chain]: Using framebuffer feedback for pass #46.
[INFO] [Vulkan filter chain]: Creating framebuffer 3840x2160 (max 1 level(s)).
[INFO] [Vulkan filter chain]: Using framebuffer feedback for pass #47.
[INFO] [Vulkan filter chain]: Updating framebuffer size 384x224 (format: 37).
[INFO] [Vulkan filter chain]: Updating framebuffer size 384x224 (format: 43).
[INFO] [Vulkan filter chain]: Updating framebuffer size 384x224 (format: 43).
[INFO] [Vulkan filter chain]: Updating framebuffer size 384x224 (format: 109).
[INFO] [Vulkan filter chain]: Updating framebuffer size 384x224 (format: 97).
[INFO] [Vulkan filter chain]: Updating framebuffer size 384x224 (format: 97).
[INFO] [Vulkan filter chain]: Updating framebuffer size 384x224 (format: 37).
[INFO] [Vulkan filter chain]: Updating framebuffer size 384x224 (format: 37).
[INFO] [Vulkan filter chain]: Updating framebuffer size 384x224 (format: 37).
[INFO] [Vulkan filter chain]: Updating framebuffer size 384x224 (format: 37).
[INFO] [Vulkan filter chain]: Updating framebuffer size 384x224 (format: 37).
[INFO] [Vulkan filter chain]: Updating framebuffer size 384x224 (format: 37).
[INFO] [Vulkan filter chain]: Updating framebuffer size 384x224 (format: 37).
[INFO] [Vulkan filter chain]: Updating framebuffer size 384x224 (format: 37).
[INFO] [Vulkan filter chain]: Updating framebuffer size 384x224 (format: 37).
[INFO] [Vulkan filter chain]: Updating framebuffer size 384x224 (format: 37).
[INFO] [Vulkan filter chain]: Updating framebuffer size 384x224 (format: 37).
[INFO] [Vulkan filter chain]: Updating framebuffer size 384x224 (format: 97).
[INFO] [Vulkan filter chain]: Updating framebuffer size 384x224 (format: 37).
[INFO] [Vulkan filter chain]: Updating framebuffer size 384x224 (format: 37).
[INFO] [Vulkan filter chain]: Updating framebuffer size 384x224 (format: 37).
[INFO] [Vulkan filter chain]: Updating framebuffer size 1152x672 (format: 37).
[INFO] [Vulkan filter chain]: Updating framebuffer size 1152x672 (format: 97).
[INFO] [Vulkan filter chain]: Updating framebuffer size 1152x672 (format: 97).
[INFO] [Vulkan filter chain]: Updating framebuffer size 1152x672 (format: 37).
[INFO] [Vulkan filter chain]: Updating framebuffer size 1152x672 (format: 37).
[INFO] [Vulkan filter chain]: Updating framebuffer size 1152x672 (format: 37).
[INFO] [Vulkan filter chain]: Updating framebuffer size 1152x672 (format: 37).
[INFO] [Vulkan filter chain]: Updating framebuffer size 1152x672 (format: 37).
[INFO] [Vulkan filter chain]: Updating framebuffer size 1152x672 (format: 37).
[INFO] [Vulkan filter chain]: Updating framebuffer size 1152x672 (format: 37).
[INFO] [Vulkan filter chain]: Updating framebuffer size 1152x672 (format: 97).
[INFO] [Vulkan filter chain]: Updating framebuffer size 800x672 (format: 97).
[INFO] [Vulkan filter chain]: Updating framebuffer size 384x224 (format: 37).
[INFO] [Vulkan filter chain]: Updating framebuffer size 384x224 (format: 109).
[INFO] [Vulkan filter chain]: Updating framebuffer size 384x224 (format: 97).
[INFO] [Vulkan filter chain]: Updating framebuffer size 1152x672 (format: 37).
[INFO] [Vulkan filter chain]: Updating framebuffer size 1152x672 (format: 37).
[INFO] [Vulkan filter chain]: Updating framebuffer size 384x224 (format: 37).
[INFO] [Vulkan filter chain]: Updating framebuffer size 384x224 (format: 37).
[INFO] [PulseAudio]: Pausing.
[INFO] [PulseAudio]: Unpausing.
[INFO] [PulseAudio]: Pausing.
[INFO] [PulseAudio]: Unpausing.
[INFO] [Config]: Loading config: "/home/willian/.config/retroarch/retroarch.cfg".
[INFO] [Overrides]: Configuration overrides unloaded, original configuration restored.
[INFO] [Core]: Content ran for a total of: 00 hours, 01 minutes, 30 seconds.
[INFO] [Runtime]: Saving runtime log file: "/home/willian/.config/retroarch/playlists/logs/FB Alpha 2012/dstlk.lrtl".
[INFO] [Core]: Unloading game..
[INFO] [PulseAudio]: Pausing.
[INFO] [Core]: Unloading core..
[INFO] [Core]: Unloading core symbols..
[INFO] [Core]: Saved core options file to "/home/willian/.config/retroarch/config/FB Alpha 2012/FB Alpha 2012.opt".
[INFO] [XINERAMA]: Xinerama version: 1.1.
[INFO] [XINERAMA]: Xinerama screens: 1.
[INFO] [XINERAMA]: Saved monitor #0.
[INFO] [Video]: Average monitor Hz: 60.002400 Hz. (1.937 % frame time deviation, based on 2048 last samples).
