[NFO] RetroArch 1.16.0 (Git 6b0313ed21)
[NFO] === Build =======================================
[NFO] CPU Model Name: AMD Ryzen 7 5700X 8-Core Processor             
[NFO] Capacidades: MMX MMXEXT SSE SSE2 SSE3 SSSE3 SSE4 SSE42 AES AVX AVX2 
[NFO] Version: 1.16.0
[NFO] Git: 6b0313ed21
[NFO] Built: Nov  6 2023
[NFO] =================================================
[NFO] [Input]: Found input driver: "x".
[NFO] [Environ]: SET_PIXEL_FORMAT: RGB565.
[NFO] [Core]: Versão da API libretro: 1, Compilado contra a API: 1
[NFO] [Core]: Geometry: 320x240, Aspect: 1.333, FPS: 60.00, Sample rate: 48000.00 Hz.
[NFO] [Audio]: Set audio input rate to: 48000.00 Hz.
[NFO] [Video]: Set video size to: fullscreen.
[ERR] [Wayland]: Failed to connect to Wayland server.
[NFO] [Vulkan]: Vulkan dynamic library loaded.
[NFO] [Vulkan]: Found vulkan context: "vk_x".
[NFO] [Vulkan]: Detecting screen resolution: 3840x2160.
[NFO] [XINERAMA]: Xinerama version: 1.1.
[NFO] [XINERAMA]: Xinerama screens: 1.
[NFO] [X/Vulkan]: Using Xinerama on screen #0.
[NFO] [X/Vulkan]: X = 0, Y = 0, W = 3840, H = 2160.
[NFO] [X/Vulkan]: Using windowed fullscreen.
[NFO] [Vulkan]: Found GPU at index 0: "NVIDIA GeForce RTX 2060".
[NFO] [Vulkan]: Using GPU index 0.
[NFO] [Vulkan]: Using fences for WSI acquire.
[NFO] [Vulkan]: Using GPU: "NVIDIA GeForce RTX 2060".
[NFO] [Vulkan]: Queue family 0 supports 16 sub-queues.
[NFO] [Vulkan]: Got 3 swapchain images.
[NFO] [Vulkan]: Using resolution 3840x2160.
[NFO] [Vulkan]: Using RGB565 format.
[NFO] [Vulkan]: Loading stock shader.
[NFO] [udev]: Pad #0 (/dev/input/event5) supports force feedback.
[NFO] [udev]: Pad #0 (/dev/input/event5) supports 16 force feedback effects.
[NFO] [Autoconf]: Sony Interactive Entertainment Wireless Controller configurado na porta 1.
[NFO] [Joypad]: Found joypad driver: "udev".
[NFO] [X11]: Suspending screensaver (X11, xdg-screensaver).
[NFO] [Video]: Found display server: "x11".
[NFO] [PulseAudio]: Requested 24576 bytes buffer, got 18432.
[NFO] [Audio]: Started synchronous audio driver.
[NFO] [ALSA] Using ALSA version 1.2.10
[NFO] [Microphone]: Initialized microphone driver.
[NFO] [Display]: Found display driver: "vulkan".
[NFO] [Playlist]: Carregando o arquivo de favoritos: "/home/willian/.config/retroarch/content_favorites.lpl".
[NFO] [X/Vulkan]: Resized fullscreen resolution to 3840x2160.
[ERR] [Thumbnail]: Download "/home/willian/.config/retroarch/thumbnails/Arcade Classics - Data East/Named_Titles/Battle Rangers (World).png" failed: File not found.
[ERR] [Thumbnail]: Download "/home/willian/.config/retroarch/thumbnails/Arcade Classics - Data East/Named_Boxarts/Battle Rangers (World).png" failed: File not found.
[NFO] [Environ]: SET_SUBSYSTEM_INFO.
[NFO] [Core]: Using content: ".config/retroarch/roms/FBNeo - Arcade Games/sfiii3.zip".
[NFO] [Core]: Content ran for a total of: 00 hours, 00 minutes, 00 seconds.
[NFO] [PulseAudio]: Pausing.
[NFO] [Core]: Unloading core..
[NFO] [Core]: Unloading core symbols..
[NFO] [XINERAMA]: Xinerama version: 1.1.
[NFO] [XINERAMA]: Xinerama screens: 1.
[NFO] [XINERAMA]: Saved monitor #0.
[NFO] [Video]: Does not have enough samples for monitor refresh rate estimation. Requires to run for at least 4096 frames.
[NFO] RetroArch 1.16.0 (Git 6b0313ed21)
[NFO] === Build =======================================
[NFO] CPU Model Name: AMD Ryzen 7 5700X 8-Core Processor             
[NFO] Capacidades: MMX MMXEXT SSE SSE2 SSE3 SSSE3 SSE4 SSE42 AES AVX AVX2 
[NFO] Version: 1.16.0
[NFO] Git: 6b0313ed21
[NFO] Built: Nov  6 2023
[NFO] =================================================
[NFO] [Input]: Found input driver: "x".
[NFO] [Core]: Loading dynamic libretro core from: "/home/willian/.config/retroarch/cores/fbneo_libretro.so"
[NFO] [Overrides]: Game-specific overrides found at "/home/willian/.config/retroarch/config/FinalBurn Neo/sfiii3.cfg".
[NFO] [Config]: Loading config: "/home/willian/.config/retroarch/retroarch.cfg".
[NFO] [Config]: Appending override config: "/home/willian/.config/retroarch/config/FinalBurn Neo/sfiii3.cfg".
[NFO] [Overrides]: Redirecionando arquivo dados da memória do jogo em "/home/willian/.config/retroarch/saves/sfiii3.srm".
[NFO] [Overrides]: Redirecionando o jogo salvo em "/home/willian/.config/retroarch/states/sfiii3.state".
[NFO] [Environ]: SET_SERIALIZATION_QUIRKS.
[NFO] [Environ]: GET_LOG_INTERFACE.
[NFO] [Environ]: GET_MESSAGE_INTERFACE_VERSION.
[NFO] [Environ]: SET_AUDIO_BUFFER_STATUS_CALLBACK.
[NFO] [Content]: Carregamento de conteúdo ignorado. A implementação irá carregar por conta própria.
[NFO] [Environ]: SAVE_DIRECTORY: "/home/willian/.config/retroarch/saves".
libretro [NFO] Setting save dir to /home/willian/.config/retroarch/saves
[NFO] [Environ]: SYSTEM_DIRECTORY: "/home/willian/.config/retroarch/system".
libretro [NFO] Setting system dir to /home/willian/.config/retroarch/system
[NFO] [Environ]: SET_CONTROLLER_INFO.
libretro [NFO] Initialize DIP switches.
[NFO] [Environ]: GET_CORE_OPTIONS_VERSION.
[NFO] [Environ]: RETRO_ENVIRONMENT_SET_CORE_OPTIONS_V2.
libretro [NFO] [FBNeo] Searching all possible locations for romset sfiii3
libretro [NFO] [FBNeo] No patched romset found at /home/willian/.config/retroarch/system/fbneo/patched/sfiii3
libretro [NFO] [FBNeo] Romset found at .config/retroarch/roms/FBNeo - Arcade Games/sfiii3
libretro [NFO] [FBNeo] No romset found at /home/willian/.config/retroarch/system/fbneo/sfiii3
libretro [NFO] [FBNeo] No romset found at /home/willian/.config/retroarch/system/sfiii3
libretro [NFO] [FBNeo] Using ROM with known crc 0x30bbf293 and name sfiii3_euro.29f400.u2 from archive .config/retroarch/roms/FBNeo - Arcade Games/sfiii3
libretro [NFO] [FBNeo] Using ROM with known crc 0x11dfd3cd and name sfiii3-simm1.0 from archive .config/retroarch/roms/FBNeo - Arcade Games/sfiii3
libretro [NFO] [FBNeo] Using ROM with known crc 0xc50585e6 and name sfiii3-simm1.1 from archive .config/retroarch/roms/FBNeo - Arcade Games/sfiii3
libretro [NFO] [FBNeo] Using ROM with known crc 0x8e011d9b and name sfiii3-simm1.2 from archive .config/retroarch/roms/FBNeo - Arcade Games/sfiii3
libretro [NFO] [FBNeo] Using ROM with known crc 0xdca8d92f and name sfiii3-simm1.3 from archive .config/retroarch/roms/FBNeo - Arcade Games/sfiii3
libretro [NFO] [FBNeo] Using ROM with known crc 0x06eb969e and name sfiii3-simm2.0 from archive .config/retroarch/roms/FBNeo - Arcade Games/sfiii3
libretro [NFO] [FBNeo] Using ROM with known crc 0xe7039f82 and name sfiii3-simm2.1 from archive .config/retroarch/roms/FBNeo - Arcade Games/sfiii3
libretro [NFO] [FBNeo] Using ROM with known crc 0x645c96f7 and name sfiii3-simm2.2 from archive .config/retroarch/roms/FBNeo - Arcade Games/sfiii3
libretro [NFO] [FBNeo] Using ROM with known crc 0x610efab1 and name sfiii3-simm2.3 from archive .config/retroarch/roms/FBNeo - Arcade Games/sfiii3
libretro [NFO] [FBNeo] Using ROM with known crc 0x7baa1f79 and name sfiii3-simm3.0 from archive .config/retroarch/roms/FBNeo - Arcade Games/sfiii3
libretro [NFO] [FBNeo] Using ROM with known crc 0x234bf8fe and name sfiii3-simm3.1 from archive .config/retroarch/roms/FBNeo - Arcade Games/sfiii3
libretro [NFO] [FBNeo] Using ROM with known crc 0xd9ebc308 and name sfiii3-simm3.2 from archive .config/retroarch/roms/FBNeo - Arcade Games/sfiii3
libretro [NFO] [FBNeo] Using ROM with known crc 0x293cba77 and name sfiii3-simm3.3 from archive .config/retroarch/roms/FBNeo - Arcade Games/sfiii3
libretro [NFO] [FBNeo] Using ROM with known crc 0x6055e747 and name sfiii3-simm3.4 from archive .config/retroarch/roms/FBNeo - Arcade Games/sfiii3
libretro [NFO] [FBNeo] Using ROM with known crc 0x499aa6fc and name sfiii3-simm3.5 from archive .config/retroarch/roms/FBNeo - Arcade Games/sfiii3
libretro [NFO] [FBNeo] Using ROM with known crc 0x6c13879e and name sfiii3-simm3.6 from archive .config/retroarch/roms/FBNeo - Arcade Games/sfiii3
libretro [NFO] [FBNeo] Using ROM with known crc 0xcf4f8ede and name sfiii3-simm3.7 from archive .config/retroarch/roms/FBNeo - Arcade Games/sfiii3
libretro [NFO] [FBNeo] Using ROM with known crc 0x091fd5ba and name sfiii3-simm4.0 from archive .config/retroarch/roms/FBNeo - Arcade Games/sfiii3
libretro [NFO] [FBNeo] Using ROM with known crc 0x0bca8917 and name sfiii3-simm4.1 from archive .config/retroarch/roms/FBNeo - Arcade Games/sfiii3
libretro [NFO] [FBNeo] Using ROM with known crc 0xa0fd578b and name sfiii3-simm4.2 from archive .config/retroarch/roms/FBNeo - Arcade Games/sfiii3
libretro [NFO] [FBNeo] Using ROM with known crc 0x4bf8c699 and name sfiii3-simm4.3 from archive .config/retroarch/roms/FBNeo - Arcade Games/sfiii3
libretro [NFO] [FBNeo] Using ROM with known crc 0x137b8785 and name sfiii3-simm4.4 from archive .config/retroarch/roms/FBNeo - Arcade Games/sfiii3
libretro [NFO] [FBNeo] Using ROM with known crc 0x4fb70671 and name sfiii3-simm4.5 from archive .config/retroarch/roms/FBNeo - Arcade Games/sfiii3
libretro [NFO] [FBNeo] Using ROM with known crc 0x832374a4 and name sfiii3-simm4.6 from archive .config/retroarch/roms/FBNeo - Arcade Games/sfiii3
libretro [NFO] [FBNeo] Using ROM with known crc 0x1c88576d and name sfiii3-simm4.7 from archive .config/retroarch/roms/FBNeo - Arcade Games/sfiii3
libretro [NFO] [FBNeo] Using ROM with known crc 0xc67d9190 and name sfiii3-simm5.0 from archive .config/retroarch/roms/FBNeo - Arcade Games/sfiii3
libretro [NFO] [FBNeo] Using ROM with known crc 0x6cb79868 and name sfiii3-simm5.1 from archive .config/retroarch/roms/FBNeo - Arcade Games/sfiii3
libretro [NFO] [FBNeo] Using ROM with known crc 0xdf69930e and name sfiii3-simm5.2 from archive .config/retroarch/roms/FBNeo - Arcade Games/sfiii3
libretro [NFO] [FBNeo] Using ROM with known crc 0x333754e0 and name sfiii3-simm5.3 from archive .config/retroarch/roms/FBNeo - Arcade Games/sfiii3
libretro [NFO] [FBNeo] Using ROM with known crc 0x78f6d417 and name sfiii3-simm5.4 from archive .config/retroarch/roms/FBNeo - Arcade Games/sfiii3
libretro [NFO] [FBNeo] Using ROM with known crc 0x8ccad9b1 and name sfiii3-simm5.5 from archive .config/retroarch/roms/FBNeo - Arcade Games/sfiii3
libretro [NFO] [FBNeo] Using ROM with known crc 0x85de59e5 and name sfiii3-simm5.6 from archive .config/retroarch/roms/FBNeo - Arcade Games/sfiii3
libretro [NFO] [FBNeo] Using ROM with known crc 0xee7e29b3 and name sfiii3-simm5.7 from archive .config/retroarch/roms/FBNeo - Arcade Games/sfiii3
libretro [NFO] [FBNeo] Using ROM with known crc 0x8da69042 and name sfiii3-simm6.0 from archive .config/retroarch/roms/FBNeo - Arcade Games/sfiii3
libretro [NFO] [FBNeo] Using ROM with known crc 0x1c8c7ac4 and name sfiii3-simm6.1 from archive .config/retroarch/roms/FBNeo - Arcade Games/sfiii3
libretro [NFO] [FBNeo] Using ROM with known crc 0xa671341d and name sfiii3-simm6.2 from archive .config/retroarch/roms/FBNeo - Arcade Games/sfiii3
libretro [NFO] [FBNeo] Using ROM with known crc 0x1a990249 and name sfiii3-simm6.3 from archive .config/retroarch/roms/FBNeo - Arcade Games/sfiii3
libretro [NFO] [FBNeo] Using ROM with known crc 0x20cb39ac and name sfiii3-simm6.4 from archive .config/retroarch/roms/FBNeo - Arcade Games/sfiii3
libretro [NFO] [FBNeo] Using ROM with known crc 0x5f844b2f and name sfiii3-simm6.5 from archive .config/retroarch/roms/FBNeo - Arcade Games/sfiii3
libretro [NFO] [FBNeo] Using ROM with known crc 0x450e8d28 and name sfiii3-simm6.6 from archive .config/retroarch/roms/FBNeo - Arcade Games/sfiii3
libretro [NFO] [FBNeo] Using ROM with known crc 0xcc5f4187 and name sfiii3-simm6.7 from archive .config/retroarch/roms/FBNeo - Arcade Games/sfiii3
libretro [NFO] [FBNeo] No missing files, proceeding
libretro [NFO] [FBNeo] Samplerate set to 48000
libretro [NFO] [FBNeo] Applied dipswitches from core options
libretro [NFO] [FBNeo] Initialized driver for sfiii3
libretro [NFO] [FBNeo] Adjusted audio buffer to match driver's refresh rate (59.590000 Hz)
libretro [NFO] [Cheevos] System RAM set to 0x7f614340f810, size is 524288
libretro [NFO] [FBNeo] EEPROM successfully loaded from /home/willian/.config/retroarch/saves/fbneo/sfiii3.fs
[NFO] [Environ]: SET_ROTATION: 0
[NFO] [Environ]: SET_PIXEL_FORMAT: RGB565.
libretro [NFO] [FBNeo] Driver sfiii3 was successfully started : game's full name is Street Fighter III 3rd Strike: Fight for the Future (Euro 990608)
[NFO] [Replay]: Found last replay slot: #0
[NFO] [SRAM]: Ignorando carregamento da SRAM.
[NFO] [Core]: Versão da API libretro: 1, Compilado contra a API: 1
libretro [NFO] [FBNeo] Timing set to 59.590000 Hz
[NFO] [Core]: Geometry: 384x224, Aspect: 1.333, FPS: 59.59, Sample rate: 48029.54 Hz.
[NFO] [Audio]: Set audio input rate to: 48360.00 Hz.
[NFO] [Video]: Set video size to: fullscreen.
[ERR] [Wayland]: Failed to connect to Wayland server.
[NFO] [Vulkan]: Vulkan dynamic library loaded.
[NFO] [Vulkan]: Found vulkan context: "vk_x".
[NFO] [Vulkan]: Detecting screen resolution: 3840x2160.
[NFO] [XINERAMA]: Xinerama version: 1.1.
[NFO] [XINERAMA]: Xinerama screens: 1.
[NFO] [X/Vulkan]: Using Xinerama on screen #0.
[NFO] [X/Vulkan]: X = 0, Y = 0, W = 3840, H = 2160.
[NFO] [X/Vulkan]: Using windowed fullscreen.
[NFO] [Vulkan]: Found GPU at index 0: "NVIDIA GeForce RTX 2060".
[NFO] [Vulkan]: Using GPU index 0.
[NFO] [Vulkan]: Using fences for WSI acquire.
[NFO] [Vulkan]: Using GPU: "NVIDIA GeForce RTX 2060".
[NFO] [Vulkan]: Queue family 0 supports 16 sub-queues.
[NFO] [Vulkan]: Got 3 swapchain images.
[NFO] [Vulkan]: Using resolution 3840x2160.
[NFO] [Vulkan]: Using RGB565 format.
[NFO] [Shaders]: Specific shader preset found at "/home/willian/.config/retroarch/config/global.slangp".
[NFO] [slang]: Compiling shader: "/home/willian/.config/retroarch/shaders/shaders_slang/bezel/Mega_Bezel/shaders/base/add-params-all.slang".
[NFO] [slang]: Using render target format R8G8B8A8_UNORM for pass output #0.
[NFO] [slang]: Compiling shader: "/home/willian/.config/retroarch/shaders/shaders_slang/bezel/Mega_Bezel/shaders/base/stock.slang".
[NFO] [slang]: Using render target format R8G8B8A8_SRGB for pass output #1.
[NFO] [slang]: Compiling shader: "/home/willian/.config/retroarch/shaders/shaders_slang/bezel/Mega_Bezel/shaders/base/add-negative-crop-area.slang".
[NFO] [slang]: Using render target format R8G8B8A8_SRGB for pass output #2.
[NFO] [slang]: Compiling shader: "/home/willian/.config/retroarch/shaders/shaders_slang/bezel/Mega_Bezel/shaders/base/cache-info-all-params.slang".
[NFO] [slang]: Using render target format R32G32B32A32_SFLOAT for pass output #3.
[NFO] [slang]: Compiling shader: "/home/willian/.config/retroarch/shaders/shaders_slang/bezel/Mega_Bezel/shaders/base/text-std.slang".
[NFO] [slang]: Using render target format R16G16B16A16_SFLOAT for pass output #4.
[NFO] [slang]: Compiling shader: "/home/willian/.config/retroarch/shaders/shaders_slang/bezel/Mega_Bezel/shaders/base/intro.slang".
[NFO] [slang]: Using render target format R16G16B16A16_SFLOAT for pass output #5.
[NFO] [slang]: Compiling shader: "/home/willian/.config/retroarch/shaders/shaders_slang/bezel/Mega_Bezel/shaders/base/stock.slang".
[NFO] [slang]: Using render target format R8G8B8A8_UNORM for pass output #6.
[NFO] [slang]: Compiling shader: "/home/willian/.config/retroarch/shaders/shaders_slang/bezel/Mega_Bezel/shaders/base/stock.slang".
[NFO] [slang]: Using render target format R8G8B8A8_UNORM for pass output #7.
[NFO] [slang]: Compiling shader: "/home/willian/.config/retroarch/shaders/shaders_slang/bezel/Mega_Bezel/shaders/guest/hsm-afterglow0.slang".
[NFO] [slang]: Using render target format R8G8B8A8_UNORM for pass output #8.
[NFO] [slang]: Compiling shader: "/home/willian/.config/retroarch/shaders/shaders_slang/bezel/Mega_Bezel/shaders/guest/hsm-pre-shaders-afterglow.slang".
[NFO] [slang]: Using render target format R8G8B8A8_UNORM for pass output #9.
[NFO] [slang]: Compiling shader: "/home/willian/.config/retroarch/shaders/shaders_slang/bezel/Mega_Bezel/shaders/dogway/hsm-grade.slang".
[NFO] [slang]: Using render target format R8G8B8A8_UNORM for pass output #10.
[NFO] [slang]: Compiling shader: "/home/willian/.config/retroarch/shaders/shaders_slang/bezel/Mega_Bezel/shaders/guest/hsm-custom-fast-sharpen.slang".
[NFO] [slang]: Using render target format R8G8B8A8_UNORM for pass output #11.
[NFO] [slang]: Compiling shader: "/home/willian/.config/retroarch/shaders/shaders_slang/bezel/Mega_Bezel/shaders/base/stock.slang".
[NFO] [slang]: Using render target format R8G8B8A8_UNORM for pass output #12.
[NFO] [slang]: Compiling shader: "/home/willian/.config/retroarch/shaders/shaders_slang/bezel/Mega_Bezel/shaders/guest/hsm-avg-lum.slang".
[NFO] [slang]: Using render target format R8G8B8A8_UNORM for pass output #13.
[NFO] [slang]: Compiling shader: "/home/willian/.config/retroarch/shaders/shaders_slang/bezel/Mega_Bezel/shaders/guest/hsm-interlace-and-linearize.slang".
[NFO] [slang]: Using render target format R16G16B16A16_SFLOAT for pass output #14.
[NFO] [slang]: Compiling shader: "/home/willian/.config/retroarch/shaders/shaders_slang/bezel/Mega_Bezel/shaders/guest/hsm-gaussian_horizontal.slang".
[NFO] [slang]: Using render target format R16G16B16A16_SFLOAT for pass output #15.
[NFO] [slang]: Compiling shader: "/home/willian/.config/retroarch/shaders/shaders_slang/bezel/Mega_Bezel/shaders/guest/hsm-gaussian_vertical.slang".
[NFO] [slang]: Using render target format R16G16B16A16_SFLOAT for pass output #16.
[NFO] [slang]: Compiling shader: "/home/willian/.config/retroarch/shaders/shaders_slang/bezel/Mega_Bezel/shaders/guest/hsm-bloom_horizontal.slang".
[NFO] [slang]: Using render target format R16G16B16A16_SFLOAT for pass output #17.
[NFO] [slang]: Compiling shader: "/home/willian/.config/retroarch/shaders/shaders_slang/bezel/Mega_Bezel/shaders/guest/hsm-bloom_vertical.slang".
[NFO] [slang]: Using render target format R16G16B16A16_SFLOAT for pass output #18.
[NFO] [slang]: Compiling shader: "/home/willian/.config/retroarch/shaders/shaders_slang/bezel/Mega_Bezel/shaders/guest/hsm-crt-guest-advanced.slang".
[NFO] [slang]: Using render target format R16G16B16A16_SFLOAT for pass output #19.
[NFO] [slang]: Compiling shader: "/home/willian/.config/retroarch/shaders/shaders_slang/bezel/Mega_Bezel/shaders/guest/hsm-deconvergence.slang".
[NFO] [slang]: Using render target format R16G16B16A16_SFLOAT for pass output #20.
[NFO] [slang]: Compiling shader: "/home/willian/.config/retroarch/shaders/shaders_slang/bezel/Mega_Bezel/shaders/base/post-crt-prep-image-layers.slang".
[NFO] [slang]: Using render target format R16G16B16A16_SFLOAT for pass output #21.
[NFO] [slang]: Compiling shader: "/home/willian/.config/retroarch/shaders/shaders_slang/bezel/Mega_Bezel/shaders/base/bezel-images-under-crt.slang".
[NFO] [slang]: Using render target format R16G16B16A16_SFLOAT for pass output #22.
[NFO] [slang]: Compiling shader: "/home/willian/.config/retroarch/shaders/shaders_slang/bezel/Mega_Bezel/shaders/base/bezel-images-over-crt.slang".
[NFO] [slang]: Using render target format R16G16B16A16_SFLOAT for pass output #23.
[NFO] [slang]: Compiling shader: "/home/willian/.config/retroarch/shaders/shaders_slang/bezel/Mega_Bezel/shaders/base/linearize-crt.slang".
[NFO] [slang]: Using render target format R16G16B16A16_SFLOAT for pass output #24.
[NFO] [slang]: Compiling shader: "/home/willian/.config/retroarch/shaders/shaders_slang/bezel/Mega_Bezel/shaders/base/blur-outside-screen-horiz.slang".
[NFO] [slang]: Using render target format R8G8B8A8_UNORM for pass output #25.
[NFO] [slang]: Compiling shader: "/home/willian/.config/retroarch/shaders/shaders_slang/bezel/Mega_Bezel/shaders/base/blur-outside-screen-vert.slang".
[NFO] [slang]: Using render target format R8G8B8A8_UNORM for pass output #26.
[NFO] [slang]: Compiling shader: "/home/willian/.config/retroarch/shaders/shaders_slang/blurs/shaders/royale/blur9x9.slang".
[NFO] [slang]: Using render target format R16G16B16A16_SFLOAT for pass output #27.
[NFO] [slang]: Compiling shader: "/home/willian/.config/retroarch/shaders/shaders_slang/blurs/shaders/royale/blur9x9.slang".
[NFO] [slang]: Using render target format R16G16B16A16_SFLOAT for pass output #28.
[NFO] [slang]: Compiling shader: "/home/willian/.config/retroarch/shaders/shaders_slang/bezel/Mega_Bezel/shaders/base/reflection.slang".
[NFO] [slang]: Using render target format R16G16B16A16_SFLOAT for pass output #29.
[NFO] [slang]: Compiling shader: "/home/willian/.config/retroarch/shaders/shaders_slang/bezel/Mega_Bezel/shaders/base/combine-passes.slang".
[NFO] [slang]: Using render target format R8G8B8A8_UNORM for pass output #30.
[NFO] [Vulkan filter chain]: Creating framebuffer 512x512 (max 1 level(s)).
[NFO] [Vulkan filter chain]: Creating framebuffer 512x512 (max 1 level(s)).
[NFO] [Vulkan filter chain]: Creating framebuffer 512x512 (max 1 level(s)).
[NFO] [Vulkan filter chain]: Creating framebuffer 512x512 (max 1 level(s)).
[NFO] [Vulkan filter chain]: Creating framebuffer 512x512 (max 1 level(s)).
[NFO] [Vulkan filter chain]: Creating framebuffer 512x512 (max 1 level(s)).
[NFO] [Vulkan filter chain]: Creating framebuffer 512x512 (max 1 level(s)).
[NFO] [Vulkan filter chain]: Creating framebuffer 512x512 (max 1 level(s)).
[NFO] [Vulkan filter chain]: Creating framebuffer 512x512 (max 4294967295 level(s)).
[NFO] [Vulkan filter chain]: Creating framebuffer 512x512 (max 1 level(s)).
[NFO] [Vulkan filter chain]: Creating framebuffer 512x512 (max 1 level(s)).
[NFO] [Vulkan filter chain]: Creating framebuffer 512x512 (max 4294967295 level(s)).
[NFO] [Vulkan filter chain]: Creating framebuffer 512x512 (max 4294967295 level(s)).
[NFO] [Vulkan filter chain]: Creating framebuffer 512x512 (max 1 level(s)).
[NFO] [Vulkan filter chain]: Creating framebuffer 512x512 (max 1 level(s)).
[NFO] [Vulkan filter chain]: Creating framebuffer 800x512 (max 1 level(s)).
[NFO] [Vulkan filter chain]: Creating framebuffer 800x600 (max 1 level(s)).
[NFO] [Vulkan filter chain]: Creating framebuffer 800x600 (max 1 level(s)).
[NFO] [Vulkan filter chain]: Creating framebuffer 800x600 (max 1 level(s)).
[NFO] [Vulkan filter chain]: Creating framebuffer 3840x2160 (max 1 level(s)).
[NFO] [Vulkan filter chain]: Creating framebuffer 3840x2160 (max 4294967295 level(s)).
[NFO] [Vulkan filter chain]: Creating framebuffer 3840x2160 (max 1 level(s)).
[NFO] [Vulkan filter chain]: Creating framebuffer 3840x2160 (max 1 level(s)).
[NFO] [Vulkan filter chain]: Creating framebuffer 3840x2160 (max 4294967295 level(s)).
[NFO] [Vulkan filter chain]: Creating framebuffer 800x600 (max 4294967295 level(s)).
[NFO] [Vulkan filter chain]: Creating framebuffer 800x600 (max 1 level(s)).
[NFO] [Vulkan filter chain]: Creating framebuffer 800x600 (max 4294967295 level(s)).
[NFO] [Vulkan filter chain]: Creating framebuffer 128x128 (max 4294967295 level(s)).
[NFO] [Vulkan filter chain]: Creating framebuffer 12x12 (max 1 level(s)).
[NFO] [Vulkan filter chain]: Creating framebuffer 3840x2160 (max 1 level(s)).
[NFO] [Vulkan filter chain]: Creating framebuffer 3840x2160 (max 1 level(s)).
[NFO] [Vulkan filter chain]: Creating framebuffer 512x512 (max 1 level(s)).
[NFO] [Vulkan filter chain]: Creating framebuffer 512x512 (max 1 level(s)).
[NFO] [Vulkan filter chain]: Creating framebuffer 512x512 (max 1 level(s)).
[NFO] [Vulkan filter chain]: Creating framebuffer 512x512 (max 1 level(s)).
[NFO] [Vulkan filter chain]: Using framebuffer feedback for pass #3.
[NFO] [Vulkan filter chain]: Creating framebuffer 512x512 (max 1 level(s)).
[NFO] [Vulkan filter chain]: Using framebuffer feedback for pass #4.
[NFO] [Vulkan filter chain]: Creating framebuffer 512x512 (max 4294967295 level(s)).
[NFO] [Vulkan filter chain]: Using framebuffer feedback for pass #8.
[NFO] [Vulkan filter chain]: Creating framebuffer 512x512 (max 1 level(s)).
[NFO] [Vulkan filter chain]: Using framebuffer feedback for pass #13.
[NFO] [Vulkan filter chain]: Creating framebuffer 3840x2160 (max 1 level(s)).
[NFO] [Vulkan filter chain]: Using framebuffer feedback for pass #21.
[NFO] [Vulkan filter chain]: Creating framebuffer 3840x2160 (max 1 level(s)).
[NFO] [Vulkan filter chain]: Using framebuffer feedback for pass #22.
[NFO] [Vulkan filter chain]: Creating framebuffer 3840x2160 (max 4294967295 level(s)).
[NFO] [Vulkan filter chain]: Using framebuffer feedback for pass #23.
[NFO] [Vulkan filter chain]: Creating framebuffer 3840x2160 (max 1 level(s)).
[NFO] [Vulkan filter chain]: Using framebuffer feedback for pass #29.
[NFO] [Vulkan filter chain]: Creating framebuffer 3840x2160 (max 1 level(s)).
[NFO] [Vulkan filter chain]: Using framebuffer feedback for pass #30.
[NFO] [udev]: Pad #0 (/dev/input/event5) supports force feedback.
[NFO] [udev]: Pad #0 (/dev/input/event5) supports 16 force feedback effects.
[NFO] [Joypad]: Found joypad driver: "udev".
[NFO] [X11]: Suspending screensaver (X11, xdg-screensaver).
[NFO] [Video]: Found display server: "x11".
[NFO] [PulseAudio]: Requested 24576 bytes buffer, got 18432.
[NFO] [Audio]: Started synchronous audio driver.
[NFO] [ALSA] Using ALSA version 1.2.10
[NFO] [Microphone]: Initialized microphone driver.
[NFO] [Display]: Found display driver: "vulkan".
[NFO] [Environ]: SET_SUBSYSTEM_INFO.
libretro [NFO] [FBNeo] Unknown device type for port 0, forcing "Classic" instead
libretro [NFO] [FBNeo] Unknown device type for port 1, forcing "Classic" instead
[NFO] [Playlist]: Carregando o arquivo de favoritos: "/home/willian/.config/retroarch/content_favorites.lpl".
[NFO] [Vulkan filter chain]: Creating framebuffer 512x512 (max 1 level(s)).
[NFO] [Vulkan filter chain]: Creating framebuffer 512x512 (max 1 level(s)).
[NFO] [Vulkan filter chain]: Creating framebuffer 512x512 (max 1 level(s)).
[NFO] [Vulkan filter chain]: Creating framebuffer 512x512 (max 1 level(s)).
[NFO] [Vulkan filter chain]: Creating framebuffer 512x512 (max 1 level(s)).
[NFO] [Vulkan filter chain]: Creating framebuffer 512x512 (max 1 level(s)).
[NFO] [Vulkan filter chain]: Creating framebuffer 512x512 (max 1 level(s)).
[NFO] [Vulkan filter chain]: Creating framebuffer 512x512 (max 1 level(s)).
[NFO] [Vulkan filter chain]: Creating framebuffer 512x512 (max 4294967295 level(s)).
[NFO] [Vulkan filter chain]: Creating framebuffer 512x512 (max 1 level(s)).
[NFO] [Vulkan filter chain]: Creating framebuffer 512x512 (max 1 level(s)).
[NFO] [Vulkan filter chain]: Creating framebuffer 512x512 (max 4294967295 level(s)).
[NFO] [Vulkan filter chain]: Creating framebuffer 512x512 (max 4294967295 level(s)).
[NFO] [Vulkan filter chain]: Creating framebuffer 512x512 (max 1 level(s)).
[NFO] [Vulkan filter chain]: Creating framebuffer 512x512 (max 1 level(s)).
[NFO] [Vulkan filter chain]: Creating framebuffer 800x512 (max 1 level(s)).
[NFO] [Vulkan filter chain]: Creating framebuffer 800x600 (max 1 level(s)).
[NFO] [Vulkan filter chain]: Creating framebuffer 800x600 (max 1 level(s)).
[NFO] [Vulkan filter chain]: Creating framebuffer 800x600 (max 1 level(s)).
[NFO] [Vulkan filter chain]: Creating framebuffer 3840x2160 (max 1 level(s)).
[NFO] [Vulkan filter chain]: Creating framebuffer 3840x2160 (max 4294967295 level(s)).
[NFO] [Vulkan filter chain]: Creating framebuffer 3840x2160 (max 1 level(s)).
[NFO] [Vulkan filter chain]: Creating framebuffer 3840x2160 (max 1 level(s)).
[NFO] [Vulkan filter chain]: Creating framebuffer 3840x2160 (max 4294967295 level(s)).
[NFO] [Vulkan filter chain]: Creating framebuffer 800x600 (max 4294967295 level(s)).
[NFO] [Vulkan filter chain]: Creating framebuffer 800x600 (max 1 level(s)).
[NFO] [Vulkan filter chain]: Creating framebuffer 800x600 (max 4294967295 level(s)).
[NFO] [Vulkan filter chain]: Creating framebuffer 128x128 (max 4294967295 level(s)).
[NFO] [Vulkan filter chain]: Creating framebuffer 12x12 (max 1 level(s)).
[NFO] [Vulkan filter chain]: Creating framebuffer 3840x2160 (max 1 level(s)).
[NFO] [Vulkan filter chain]: Creating framebuffer 3840x2160 (max 1 level(s)).
[NFO] [Vulkan filter chain]: Creating framebuffer 512x512 (max 1 level(s)).
[NFO] [Vulkan filter chain]: Creating framebuffer 512x512 (max 1 level(s)).
[NFO] [Vulkan filter chain]: Creating framebuffer 512x512 (max 1 level(s)).
[NFO] [Vulkan filter chain]: Creating framebuffer 512x512 (max 1 level(s)).
[NFO] [Vulkan filter chain]: Using framebuffer feedback for pass #3.
[NFO] [Vulkan filter chain]: Creating framebuffer 512x512 (max 1 level(s)).
[NFO] [Vulkan filter chain]: Using framebuffer feedback for pass #4.
[NFO] [Vulkan filter chain]: Creating framebuffer 512x512 (max 4294967295 level(s)).
[NFO] [Vulkan filter chain]: Using framebuffer feedback for pass #8.
[NFO] [Vulkan filter chain]: Creating framebuffer 512x512 (max 1 level(s)).
[NFO] [Vulkan filter chain]: Using framebuffer feedback for pass #13.
[NFO] [Vulkan filter chain]: Creating framebuffer 3840x2160 (max 1 level(s)).
[NFO] [Vulkan filter chain]: Using framebuffer feedback for pass #21.
[NFO] [Vulkan filter chain]: Creating framebuffer 3840x2160 (max 1 level(s)).
[NFO] [Vulkan filter chain]: Using framebuffer feedback for pass #22.
[NFO] [Vulkan filter chain]: Creating framebuffer 3840x2160 (max 4294967295 level(s)).
[NFO] [Vulkan filter chain]: Using framebuffer feedback for pass #23.
[NFO] [Vulkan filter chain]: Creating framebuffer 3840x2160 (max 1 level(s)).
[NFO] [Vulkan filter chain]: Using framebuffer feedback for pass #29.
[NFO] [Vulkan filter chain]: Creating framebuffer 3840x2160 (max 1 level(s)).
[NFO] [Vulkan filter chain]: Using framebuffer feedback for pass #30.
[NFO] [Environ]: SET_INPUT_DESCRIPTORS:
[NFO] [X/Vulkan]: Resized fullscreen resolution to 3840x2160.
[NFO] [Vulkan filter chain]: Creating framebuffer 512x512 (max 1 level(s)).
[NFO] [Vulkan filter chain]: Creating framebuffer 512x512 (max 1 level(s)).
[NFO] [Vulkan filter chain]: Creating framebuffer 512x512 (max 1 level(s)).
[NFO] [Vulkan filter chain]: Creating framebuffer 512x512 (max 1 level(s)).
[NFO] [Vulkan filter chain]: Creating framebuffer 512x512 (max 1 level(s)).
[NFO] [Vulkan filter chain]: Creating framebuffer 512x512 (max 1 level(s)).
[NFO] [Vulkan filter chain]: Creating framebuffer 512x512 (max 1 level(s)).
[NFO] [Vulkan filter chain]: Creating framebuffer 512x512 (max 1 level(s)).
[NFO] [Vulkan filter chain]: Creating framebuffer 512x512 (max 4294967295 level(s)).
[NFO] [Vulkan filter chain]: Creating framebuffer 512x512 (max 1 level(s)).
[NFO] [Vulkan filter chain]: Creating framebuffer 512x512 (max 1 level(s)).
[NFO] [Vulkan filter chain]: Creating framebuffer 512x512 (max 4294967295 level(s)).
[NFO] [Vulkan filter chain]: Creating framebuffer 512x512 (max 4294967295 level(s)).
[NFO] [Vulkan filter chain]: Creating framebuffer 512x512 (max 1 level(s)).
[NFO] [Vulkan filter chain]: Creating framebuffer 512x512 (max 1 level(s)).
[NFO] [Vulkan filter chain]: Creating framebuffer 800x512 (max 1 level(s)).
[NFO] [Vulkan filter chain]: Creating framebuffer 800x600 (max 1 level(s)).
[NFO] [Vulkan filter chain]: Creating framebuffer 800x600 (max 1 level(s)).
[NFO] [Vulkan filter chain]: Creating framebuffer 800x600 (max 1 level(s)).
[NFO] [Vulkan filter chain]: Creating framebuffer 3840x2160 (max 1 level(s)).
[NFO] [Vulkan filter chain]: Creating framebuffer 3840x2160 (max 4294967295 level(s)).
[NFO] [Vulkan filter chain]: Creating framebuffer 3840x2160 (max 1 level(s)).
[NFO] [Vulkan filter chain]: Creating framebuffer 3840x2160 (max 1 level(s)).
[NFO] [Vulkan filter chain]: Creating framebuffer 3840x2160 (max 4294967295 level(s)).
[NFO] [Vulkan filter chain]: Creating framebuffer 800x600 (max 4294967295 level(s)).
[NFO] [Vulkan filter chain]: Creating framebuffer 800x600 (max 1 level(s)).
[NFO] [Vulkan filter chain]: Creating framebuffer 800x600 (max 4294967295 level(s)).
[NFO] [Vulkan filter chain]: Creating framebuffer 128x128 (max 4294967295 level(s)).
[NFO] [Vulkan filter chain]: Creating framebuffer 12x12 (max 1 level(s)).
[NFO] [Vulkan filter chain]: Creating framebuffer 3840x2160 (max 1 level(s)).
[NFO] [Vulkan filter chain]: Creating framebuffer 3840x2160 (max 1 level(s)).
[NFO] [Vulkan filter chain]: Creating framebuffer 512x512 (max 1 level(s)).
[NFO] [Vulkan filter chain]: Creating framebuffer 512x512 (max 1 level(s)).
[NFO] [Vulkan filter chain]: Creating framebuffer 512x512 (max 1 level(s)).
[NFO] [Vulkan filter chain]: Creating framebuffer 512x512 (max 1 level(s)).
[NFO] [Vulkan filter chain]: Using framebuffer feedback for pass #3.
[NFO] [Vulkan filter chain]: Creating framebuffer 512x512 (max 1 level(s)).
[NFO] [Vulkan filter chain]: Using framebuffer feedback for pass #4.
[NFO] [Vulkan filter chain]: Creating framebuffer 512x512 (max 4294967295 level(s)).
[NFO] [Vulkan filter chain]: Using framebuffer feedback for pass #8.
[NFO] [Vulkan filter chain]: Creating framebuffer 512x512 (max 1 level(s)).
[NFO] [Vulkan filter chain]: Using framebuffer feedback for pass #13.
[NFO] [Vulkan filter chain]: Creating framebuffer 3840x2160 (max 1 level(s)).
[NFO] [Vulkan filter chain]: Using framebuffer feedback for pass #21.
[NFO] [Vulkan filter chain]: Creating framebuffer 3840x2160 (max 1 level(s)).
[NFO] [Vulkan filter chain]: Using framebuffer feedback for pass #22.
[NFO] [Vulkan filter chain]: Creating framebuffer 3840x2160 (max 4294967295 level(s)).
[NFO] [Vulkan filter chain]: Using framebuffer feedback for pass #23.
[NFO] [Vulkan filter chain]: Creating framebuffer 3840x2160 (max 1 level(s)).
[NFO] [Vulkan filter chain]: Using framebuffer feedback for pass #29.
[NFO] [Vulkan filter chain]: Creating framebuffer 3840x2160 (max 1 level(s)).
[NFO] [Vulkan filter chain]: Using framebuffer feedback for pass #30.
[NFO] [Vulkan filter chain]: Updating framebuffer size 384x224 (format: 37).
[NFO] [Vulkan filter chain]: Updating framebuffer size 384x224 (format: 43).
[NFO] [Vulkan filter chain]: Updating framebuffer size 384x224 (format: 43).
[NFO] [Vulkan filter chain]: Updating framebuffer size 384x224 (format: 109).
[NFO] [Vulkan filter chain]: Updating framebuffer size 384x224 (format: 97).
[NFO] [Vulkan filter chain]: Updating framebuffer size 384x224 (format: 97).
[NFO] [Vulkan filter chain]: Updating framebuffer size 384x224 (format: 37).
[NFO] [Vulkan filter chain]: Updating framebuffer size 384x224 (format: 37).
[NFO] [Vulkan filter chain]: Updating framebuffer size 384x224 (format: 37).
[NFO] [Vulkan filter chain]: Updating framebuffer size 384x224 (format: 37).
[NFO] [Vulkan filter chain]: Updating framebuffer size 384x224 (format: 37).
[NFO] [Vulkan filter chain]: Updating framebuffer size 384x224 (format: 37).
[NFO] [Vulkan filter chain]: Updating framebuffer size 384x224 (format: 37).
[NFO] [Vulkan filter chain]: Updating framebuffer size 384x224 (format: 37).
[NFO] [Vulkan filter chain]: Updating framebuffer size 384x224 (format: 97).
[NFO] [Vulkan filter chain]: Updating framebuffer size 800x224 (format: 97).
[NFO] [Vulkan filter chain]: Updating framebuffer size 384x224 (format: 37).
[NFO] [Vulkan filter chain]: Updating framebuffer size 384x224 (format: 109).
[NFO] [Vulkan filter chain]: Updating framebuffer size 384x224 (format: 97).
[NFO] [Vulkan filter chain]: Updating framebuffer size 384x224 (format: 37).
[NFO] [Vulkan filter chain]: Updating framebuffer size 384x224 (format: 37).
[NFO] [Vulkan filter chain]: Updating framebuffer size 384x224 (format: 37).
[NFO] [Vulkan filter chain]: Updating framebuffer size 384x224 (format: 37).
[NFO] [Config]: Loading config: "/home/willian/.config/retroarch/retroarch.cfg".
[NFO] [Overrides]: Configuration overrides unloaded, original configuration restored.
[NFO] [Core]: Content ran for a total of: 00 hours, 00 minutes, 14 seconds.
[NFO] [Runtime]: Saving runtime log file: "/home/willian/.config/retroarch/playlists/logs/FinalBurn Neo/sfiii3.lrtl".
[NFO] [Core]: Unloading game..
libretro [NFO] [FBNeo] EEPROM succesfully saved to /home/willian/.config/retroarch/saves/fbneo/sfiii3.fs
[NFO] [PulseAudio]: Pausing.
[NFO] [Core]: Unloading core..
[NFO] [Core]: Unloading core symbols..
[NFO] [Core]: Saved core options file to "/home/willian/.config/retroarch/config/FinalBurn Neo/FinalBurn Neo.opt".
[NFO] [XINERAMA]: Xinerama version: 1.1.
[NFO] [XINERAMA]: Xinerama screens: 1.
[NFO] [XINERAMA]: Saved monitor #0.
[NFO] [Video]: Does not have enough samples for monitor refresh rate estimation. Requires to run for at least 4096 frames.
