[INFO] RetroArch 1.15.0 (Git 6616b807ed)
[INFO] === Build =======================================
[INFO] CPU Model Name: AMD Ryzen 7 5700X 8-Core Processor             
[INFO] Capacidades: MMX MMXEXT SSE SSE2 SSE3 SSE4 SSE4.2 AES AVX AVX2
[INFO] Built: Sep 13 2023
[INFO] Version: 1.15.0
[INFO] Git: 6616b807ed
[INFO] =================================================
[INFO] [Input]: Found input driver: "x".
[INFO] [Environ]: SET_PIXEL_FORMAT: RGB565.
[INFO] [Core]: Versão da API libretro: 1, Compilado contra a API: 1
[INFO] [Audio]: Set audio input rate to: 48000.00 Hz.
[INFO] [Video]: Set video size to: fullscreen.
[ERROR] [Wayland]: Failed to connect to Wayland server.
[INFO] [Vulkan]: Vulkan dynamic library loaded.
[INFO] [Vulkan]: Found vulkan context: "vk_x".
[INFO] [Vulkan]: Detecting screen resolution: 3840x2160.
[INFO] [XINERAMA]: Xinerama version: 1.1.
[INFO] [XINERAMA]: Xinerama screens: 1.
[INFO] [X/Vulkan]: Using Xinerama on screen #0.
[INFO] [X/Vulkan]: X = 0, Y = 0, W = 3840, H = 2160.
[INFO] [X/Vulkan]: Using windowed fullscreen.
[INFO] [Vulkan]: Found GPU at index 0: "NVIDIA GeForce RTX 2060".
[INFO] [Vulkan]: Using GPU index 0.
[INFO] [Vulkan]: Using fences for WSI acquire.
[INFO] [Vulkan]: Using GPU: "NVIDIA GeForce RTX 2060".
[INFO] [Vulkan]: Queue family 0 supports 16 sub-queues.
[INFO] [Vulkan]: Got 3 swapchain images.
[INFO] [Vulkan]: Using resolution 3840x2160.
[INFO] [Vulkan]: Using RGB565 format.
[INFO] [Vulkan]: Loading stock shader.
[INFO] [udev]: Pad #0 (/dev/input/event6) supports force feedback.
[INFO] [udev]: Pad #0 (/dev/input/event6) supports 16 force feedback effects.
[INFO] [Joypad]: Found joypad driver: "udev".
[INFO] [DBus]: Suspended screensaver via DBus.
[INFO] [Video]: Found display server: "x11".
[ERROR] [Overlay]: Failed to load image: /home/willian/.config/retroarch/overlay/NIL.png.
[INFO] [PulseAudio]: Requested 24576 bytes buffer, got 18432.
[INFO] [Display]: Found display driver: "vulkan".
[INFO] [Playlist]: Carregando o arquivo de favoritos: "/home/willian/.config/retroarch/content_favorites.lpl".
[INFO] [PulseAudio]: Pausing.
[INFO] [X/Vulkan]: Resized fullscreen resolution to 3840x2160.
[INFO] [Core]: Using content: "/home/willian/.config/retroarch/roms/Nintendo - Nintendo 3DS/Donkey Kong Country Returns 3D (USA) (En,Fr,Es).3ds".
[INFO] [Core]: Content ran for a total of: 00 hours, 00 minutes, 00 seconds.
[INFO] [Core]: Unloading core..
[INFO] [Core]: Unloading core symbols..
[INFO] [XINERAMA]: Xinerama version: 1.1.
[INFO] [XINERAMA]: Xinerama screens: 1.
[INFO] [XINERAMA]: Saved monitor #0.
[INFO] [Video]: Does not have enough samples for monitor refresh rate estimation. Requires to run for at least 4096 frames.
[INFO] RetroArch 1.15.0 (Git 6616b807ed)
[INFO] === Build =======================================
[INFO] CPU Model Name: AMD Ryzen 7 5700X 8-Core Processor             
[INFO] Capacidades: MMX MMXEXT SSE SSE2 SSE3 SSE4 SSE4.2 AES AVX AVX2
[INFO] Built: Sep 13 2023
[INFO] Version: 1.15.0
[INFO] Git: 6616b807ed
[INFO] =================================================
[INFO] [Input]: Found input driver: "x".
[INFO] [Core]: Loading dynamic libretro core from: "/home/willian/.config/retroarch/cores/citra_libretro.so"
[INFO] [Overrides]: Game-specific overrides found at "/home/willian/.config/retroarch/config/Citra/Donkey Kong Country Returns 3D (USA) (En,Fr,Es).cfg".
[INFO] [Config]: Loading config: "/home/willian/.config/retroarch/retroarch.cfg".
[INFO] [Config]: Appending override config: "/home/willian/.config/retroarch/config/Citra/Donkey Kong Country Returns 3D (USA) (En,Fr,Es).cfg".
[INFO] [Environ]: SET_VARIABLES.
[INFO] [Environ]: SET_CONTROLLER_INFO.
[INFO] [Overrides]: Redirecionando arquivo dados da memória do jogo em "/home/willian/.config/retroarch/saves/Donkey Kong Country Returns 3D (USA) (En,Fr,Es).srm".
[INFO] [Overrides]: Redirecionando o jogo salvo em "/home/willian/.config/retroarch/states/Donkey Kong Country Returns 3D (USA) (En,Fr,Es).state".
[INFO] [Environ]: GET_LOG_INTERFACE.
[INFO] [Content]: Carregamento de conteúdo ignorado. A implementação irá carregar por conta própria.
[INFO] [Environ]: SET_HW_SHARED_CONTEXT.
[INFO] [Environ]: SET_PIXEL_FORMAT: XRGB8888.
[INFO] [Environ]: SET_HW_RENDER, context type: glcore.
[INFO] Requesting core OpenGL context (3.3).
[INFO] [Environ]: SET_INPUT_DESCRIPTORS:
[libretro INFO] Frontend @ citra_libretro/citra_libretro.cpp:retro_load_game:596: Starting Citra RetroArch game...
[INFO] [Environ]: GET_SAVE_DIRECTORY.
[libretro INFO] Common.Filesystem @ common/file_util.cpp:SetUserPath:713: Using /home/willian/.config/retroarch/saves/Citra/ as the user directory
[libretro INFO] Frontend @ citra_libretro/citra_libretro.cpp:UpdateSettings:447: User dir set to "/home/willian/.config/retroarch/saves/Citra/".
[INFO] [Environ]: SET_GEOMETRY: 800x960, Aspect: 0.833.
[libretro INFO] RPC_Server @ core/rpc/rpc_server.cpp:RPCServer:12: Starting RPC server ...
[libretro INFO] RPC_Server @ core/rpc/rpc_server.cpp:HandleRequestsLoop:113: Request handler started.
[libretro INFO] RPC_Server @ core/rpc/rpc_server.cpp:RPCServer:16: RPC started.
[libretro ERROR] HW.AES @ core/hw/aes/key.cpp:LoadPresetKeys:469: Invalid key name generator
[libretro ERROR] HW.AES @ core/hw/aes/key.cpp:LoadPresetKeys:443: Failed to parse # load encryption game
[libretro ERROR] HW.AES @ core/hw/aes/key.cpp:LoadPresetKeys:443: Failed to parse # share Mii via QR code between Citra and 3DS
[libretro ERROR] HW.AES @ core/hw/aes/key.cpp:LoadPresetKeys:443: Failed to parse # generate accurate UDS data frames
[libretro ERROR] HW.AES @ core/hw/aes/key.cpp:LoadPresetKeys:443: Failed to parse # install encrypted CIA
[libretro ERROR] HW.AES @ core/hw/aes/key.cpp:LoadPresetKeys:443: Failed to parse # Friend
[libretro ERROR] HW.AES @ core/hw/aes/key.cpp:LoadPresetKeys:443: Failed to parse # StreetPass
[libretro ERROR] HW.AES @ core/hw/aes/key.cpp:LoadPresetKeys:443: Failed to parse # BOSS
[libretro ERROR] HW.AES @ core/hw/aes/key.cpp:LoadPresetKeys:443: Failed to parse # ssl cert
[libretro ERROR] HW.AES @ core/hw/aes/key.cpp:LoadPresetKeys:443: Failed to parse # common
[libretro ERROR] HW.AES @ core/hw/aes/key.cpp:LoadPresetKeys:443: Failed to parse 
[libretro ERROR] Service.NWM @ core/hle/service/nwm/nwm_uds.cpp:NWM_UDS:1518: Network isn't initalized
[libretro ERROR] Service.HTTP @ core/hle/service/http_c.cpp:DecryptClCertA:806: ClCertA file missing
[libretro ERROR] Core @ core/telemetry_session.cpp:GetTelemetryId:47: failed to open telemetry_id: /home/willian/.config/retroarch/saves/Citra/config/telemetry_id
[libretro INFO] Loader @ core/loader/ncch.cpp:Load:192: Program ID: 00040000000CCE00
[libretro WARN] Service.FS @ core/file_sys/ncch_container.cpp:OpenFile:130: Failed to open /home/willian/.config/retroarch/saves/Citra/sdmc/Nintendo 3DS/00000000000000000000000000000000/00000000000000000000000000000000/title/0004000e/000cce00/content/00000000.app
[libretro INFO] Loader @ core/hle/kernel/process.cpp:ParseKernelCaps:141: ExHeader kernel version: 2.33
[libretro INFO] Service.FS @ core/file_sys/ncch_container.cpp:LoadSectionExeFS:505: Attempting to load logo from the ExeFS
[libretro INFO] Service.CFG @ core/hle/service/cfg/cfg.cpp:SetPreferredRegionCodes:660: Preferred region code set to 1
[INFO] [Replay]: Found last replay slot: #0
[INFO] [SRAM]: Ignorando carregamento da SRAM.
[INFO] [Core]: Versão da API libretro: 1, Compilado contra a API: 1
[INFO] [Audio]: Set audio input rate to: 32728.00 Hz.
[INFO] [Video]: Set video size to: fullscreen.
[INFO] [Video]: Using HW render, glcore driver forced.
[INFO] [Video]: "glcore" saved as cached driver.
[ERROR] [Wayland]: Failed to connect to Wayland server.
[INFO] [GLX]: GLX_EXT_swap_control_tear supported.
[INFO] [GLCore]: Found GL context: "x".
[INFO] [GLCore]: Detecting screen resolution: 3840x2160.
[INFO] [XINERAMA]: Xinerama version: 1.1.
[INFO] [XINERAMA]: Xinerama screens: 1.
[INFO] [GLX]: Using Xinerama on screen #0.
[INFO] [GLX]: X = 0, Y = 0, W = 3840, H = 2160.
[INFO] [GLX]: Using windowed fullscreen.
[INFO] [GLX]: Creating context for requested version 3.3.
[INFO] [GLX]: Creating shared HW context.
[INFO] [GLX]: Not running Mesa, trying higher versions...
[INFO] [GLX]: Creating context for version 4.6.
[INFO] [GLX]: Creating shared HW context.
[INFO] [GLX]: Found swap function: glXSwapIntervalEXT.
[INFO] [GLCore]: Initializing HW render (8192x8192).
[INFO] [GLCore]: Max texture size: 32768 px, renderbuffer size: 32768 px.
[INFO] [GLCore]: Vendor: NVIDIA Corporation, Renderer: NVIDIA GeForce RTX 2060/PCIe/SSE2.
[INFO] [GLCore]: Version: 4.6.0 NVIDIA 535.104.05.
[INFO] [GLCore]: Using resolution 3840x2160.
[INFO] [udev]: Pad #0 (/dev/input/event6) supports force feedback.
[INFO] [udev]: Pad #0 (/dev/input/event6) supports 16 force feedback effects.
[INFO] [Joypad]: Found joypad driver: "udev".
[INFO] [Shaders]: Specific shader preset found at "/home/willian/.config/retroarch/config/global.slangp".
[INFO] [slang]: Compiling shader: "/home/willian/.config/retroarch/shaders/shaders_slang/bezel/Mega_Bezel/shaders/base/add-params-all.slang".
[INFO] [slang]: Using render target format R8G8B8A8_UNORM for pass output #0.
[INFO] [slang]: Compiling shader: "/home/willian/.config/retroarch/shaders/shaders_slang/bezel/Mega_Bezel/shaders/base/stock.slang".
[INFO] [slang]: Using render target format R8G8B8A8_SRGB for pass output #1.
[INFO] [slang]: Compiling shader: "/home/willian/.config/retroarch/shaders/shaders_slang/bezel/Mega_Bezel/shaders/base/add-negative-crop-area.slang".
[INFO] [slang]: Using render target format R8G8B8A8_SRGB for pass output #2.
[INFO] [slang]: Compiling shader: "/home/willian/.config/retroarch/shaders/shaders_slang/bezel/Mega_Bezel/shaders/base/cache-info-all-params.slang".
[INFO] [slang]: Using render target format R32G32B32A32_SFLOAT for pass output #3.
[INFO] [slang]: Compiling shader: "/home/willian/.config/retroarch/shaders/shaders_slang/bezel/Mega_Bezel/shaders/base/text-adv.slang".
[INFO] [slang]: Using render target format R16G16B16A16_SFLOAT for pass output #4.
[INFO] [slang]: Compiling shader: "/home/willian/.config/retroarch/shaders/shaders_slang/bezel/Mega_Bezel/shaders/base/intro.slang".
[INFO] [slang]: Using render target format R16G16B16A16_SFLOAT for pass output #5.
[INFO] [slang]: Compiling shader: "/home/willian/.config/retroarch/shaders/shaders_slang/bezel/Mega_Bezel/shaders/dedither/dedither-gamma-prep-1-before.slang".
[INFO] [slang]: Using render target format R8G8B8A8_UNORM for pass output #6.
[INFO] [slang]: Compiling shader: "/home/willian/.config/retroarch/shaders/shaders_slang/bezel/Mega_Bezel/shaders/hyllian/sgenpt-mix/sgenpt-mix-pass1.slang".
[INFO] [slang]: Using render target format R8G8B8A8_UNORM for pass output #7.
[INFO] [slang]: Compiling shader: "/home/willian/.config/retroarch/shaders/shaders_slang/bezel/Mega_Bezel/shaders/hyllian/sgenpt-mix/sgenpt-mix-pass2.slang".
[INFO] [slang]: Using render target format R8G8B8A8_UNORM for pass output #8.
[INFO] [slang]: Compiling shader: "/home/willian/.config/retroarch/shaders/shaders_slang/bezel/Mega_Bezel/shaders/hyllian/sgenpt-mix/sgenpt-mix-pass3.slang".
[INFO] [slang]: Using render target format R8G8B8A8_UNORM for pass output #9.
[INFO] [slang]: Compiling shader: "/home/willian/.config/retroarch/shaders/shaders_slang/bezel/Mega_Bezel/shaders/hyllian/sgenpt-mix/sgenpt-mix-pass4.slang".
[INFO] [slang]: Using render target format R8G8B8A8_UNORM for pass output #10.
[INFO] [slang]: Compiling shader: "/home/willian/.config/retroarch/shaders/shaders_slang/bezel/Mega_Bezel/shaders/hyllian/sgenpt-mix/sgenpt-mix-pass5.slang".
[INFO] [slang]: Using render target format R8G8B8A8_UNORM for pass output #11.
[INFO] [slang]: Compiling shader: "/home/willian/.config/retroarch/shaders/shaders_slang/bezel/Mega_Bezel/shaders/dedither/dedither-gamma-prep-2-after.slang".
[INFO] [slang]: Using render target format R8G8B8A8_UNORM for pass output #12.
[INFO] [slang]: Compiling shader: "/home/willian/.config/retroarch/shaders/shaders_slang/bezel/Mega_Bezel/shaders/ps1dither/hsm-PS1-Undither-BoxBlur.slang".
[INFO] [slang]: Using render target format R8G8B8A8_UNORM for pass output #13.
[INFO] [slang]: Compiling shader: "/home/willian/.config/retroarch/shaders/shaders_slang/bezel/Mega_Bezel/shaders/guest/extras/hsm-g-sharp_resampler.slang".
[INFO] [slang]: Using render target format R8G8B8A8_UNORM for pass output #14.
[INFO] [slang]: Compiling shader: "/home/willian/.config/retroarch/shaders/shaders_slang/bezel/Mega_Bezel/shaders/guest/extras/hsm-sharpsmoother.slang".
[INFO] [slang]: Using render target format R8G8B8A8_UNORM for pass output #15.
[INFO] [slang]: Compiling shader: "/home/willian/.config/retroarch/shaders/shaders_slang/bezel/Mega_Bezel/shaders/base/stock.slang".
[INFO] [slang]: Using render target format R8G8B8A8_UNORM for pass output #16.
[INFO] [slang]: Compiling shader: "/home/willian/.config/retroarch/shaders/shaders_slang/bezel/Mega_Bezel/shaders/scalefx/hsm-scalefx-pass0.slang".
[INFO] [slang]: Using render target format R16G16B16A16_SFLOAT for pass output #17.
[INFO] [slang]: Compiling shader: "/home/willian/.config/retroarch/shaders/shaders_slang/bezel/Mega_Bezel/shaders/scalefx/hsm-scalefx-pass1.slang".
[INFO] [slang]: Using render target format R8G8B8A8_UNORM for pass output #18.
[INFO] [slang]: Compiling shader: "/home/willian/.config/retroarch/shaders/shaders_slang/bezel/Mega_Bezel/shaders/scalefx/hsm-scalefx-pass2.slang".
[INFO] [slang]: Using render target format R8G8B8A8_UNORM for pass output #19.
[INFO] [slang]: Compiling shader: "/home/willian/.config/retroarch/shaders/shaders_slang/bezel/Mega_Bezel/shaders/scalefx/hsm-scalefx-pass3.slang".
[INFO] [slang]: Using render target format R8G8B8A8_UNORM for pass output #20.
[INFO] [slang]: Compiling shader: "/home/willian/.config/retroarch/shaders/shaders_slang/bezel/Mega_Bezel/shaders/scalefx/hsm-scalefx-pass4.slang".
[INFO] [slang]: Using render target format R8G8B8A8_UNORM for pass output #21.
[INFO] [slang]: Compiling shader: "/home/willian/.config/retroarch/shaders/shaders_slang/bezel/Mega_Bezel/shaders/gtu/hsm-gtu-pass1.slang".
[INFO] [slang]: Using render target format R16G16B16A16_SFLOAT for pass output #22.
[INFO] [slang]: Compiling shader: "/home/willian/.config/retroarch/shaders/shaders_slang/bezel/Mega_Bezel/shaders/gtu/hsm-gtu-pass2.slang".
[INFO] [slang]: Using render target format R16G16B16A16_SFLOAT for pass output #23.
[INFO] [slang]: Compiling shader: "/home/willian/.config/retroarch/shaders/shaders_slang/bezel/Mega_Bezel/shaders/base/stock.slang".
[INFO] [slang]: Using render target format R8G8B8A8_UNORM for pass output #24.
[INFO] [slang]: Compiling shader: "/home/willian/.config/retroarch/shaders/shaders_slang/bezel/Mega_Bezel/shaders/guest/hsm-afterglow0.slang".
[INFO] [slang]: Using render target format R8G8B8A8_UNORM for pass output #25.
[INFO] [slang]: Compiling shader: "/home/willian/.config/retroarch/shaders/shaders_slang/bezel/Mega_Bezel/shaders/guest/hsm-pre-shaders-afterglow.slang".
[INFO] [slang]: Using render target format R8G8B8A8_UNORM for pass output #26.
[INFO] [slang]: Compiling shader: "/home/willian/.config/retroarch/shaders/shaders_slang/bezel/Mega_Bezel/shaders/dogway/hsm-grade.slang".
[INFO] [slang]: Using render target format R8G8B8A8_UNORM for pass output #27.
[INFO] [slang]: Compiling shader: "/home/willian/.config/retroarch/shaders/shaders_slang/bezel/Mega_Bezel/shaders/guest/hsm-custom-fast-sharpen.slang".
[INFO] [slang]: Using render target format R8G8B8A8_UNORM for pass output #28.
[INFO] [slang]: Compiling shader: "/home/willian/.config/retroarch/shaders/shaders_slang/bezel/Mega_Bezel/shaders/base/stock.slang".
[INFO] [slang]: Using render target format R8G8B8A8_UNORM for pass output #29.
[INFO] [slang]: Compiling shader: "/home/willian/.config/retroarch/shaders/shaders_slang/bezel/Mega_Bezel/shaders/guest/hsm-avg-lum.slang".
[INFO] [slang]: Using render target format R8G8B8A8_UNORM for pass output #30.
[INFO] [slang]: Compiling shader: "/home/willian/.config/retroarch/shaders/shaders_slang/bezel/Mega_Bezel/shaders/guest/hsm-interlace-and-linearize.slang".
[INFO] [slang]: Using render target format R16G16B16A16_SFLOAT for pass output #31.
[INFO] [slang]: Compiling shader: "/home/willian/.config/retroarch/shaders/shaders_slang/bezel/Mega_Bezel/shaders/guest/hsm-gaussian_horizontal.slang".
[INFO] [slang]: Using render target format R16G16B16A16_SFLOAT for pass output #32.
[INFO] [slang]: Compiling shader: "/home/willian/.config/retroarch/shaders/shaders_slang/bezel/Mega_Bezel/shaders/guest/hsm-gaussian_vertical.slang".
[INFO] [slang]: Using render target format R16G16B16A16_SFLOAT for pass output #33.
[INFO] [slang]: Compiling shader: "/home/willian/.config/retroarch/shaders/shaders_slang/bezel/Mega_Bezel/shaders/guest/hsm-bloom_horizontal.slang".
[INFO] [slang]: Using render target format R16G16B16A16_SFLOAT for pass output #34.
[INFO] [slang]: Compiling shader: "/home/willian/.config/retroarch/shaders/shaders_slang/bezel/Mega_Bezel/shaders/guest/hsm-bloom_vertical.slang".
[INFO] [slang]: Using render target format R16G16B16A16_SFLOAT for pass output #35.
[INFO] [slang]: Compiling shader: "/home/willian/.config/retroarch/shaders/shaders_slang/bezel/Mega_Bezel/shaders/guest/hsm-crt-guest-advanced.slang".
[INFO] [slang]: Using render target format R16G16B16A16_SFLOAT for pass output #36.
[INFO] [slang]: Compiling shader: "/home/willian/.config/retroarch/shaders/shaders_slang/bezel/Mega_Bezel/shaders/guest/hsm-deconvergence.slang".
[INFO] [slang]: Using render target format R16G16B16A16_SFLOAT for pass output #37.
[INFO] [slang]: Compiling shader: "/home/willian/.config/retroarch/shaders/shaders_slang/bezel/Mega_Bezel/shaders/base/post-crt-prep-image-layers.slang".
[INFO] [slang]: Using render target format R16G16B16A16_SFLOAT for pass output #38.
[INFO] [slang]: Compiling shader: "/home/willian/.config/retroarch/shaders/shaders_slang/bezel/Mega_Bezel/shaders/base/bezel-images-under-crt.slang".
[INFO] [slang]: Using render target format R16G16B16A16_SFLOAT for pass output #39.
[INFO] [slang]: Compiling shader: "/home/willian/.config/retroarch/shaders/shaders_slang/bezel/Mega_Bezel/shaders/base/bezel-images-over-crt.slang".
[INFO] [slang]: Using render target format R16G16B16A16_SFLOAT for pass output #40.
[INFO] [slang]: Compiling shader: "/home/willian/.config/retroarch/shaders/shaders_slang/bezel/Mega_Bezel/shaders/base/linearize-crt.slang".
[INFO] [slang]: Using render target format R16G16B16A16_SFLOAT for pass output #41.
[INFO] [slang]: Compiling shader: "/home/willian/.config/retroarch/shaders/shaders_slang/bezel/Mega_Bezel/shaders/base/blur-outside-screen-horiz.slang".
[INFO] [slang]: Using render target format R8G8B8A8_UNORM for pass output #42.
[INFO] [slang]: Compiling shader: "/home/willian/.config/retroarch/shaders/shaders_slang/bezel/Mega_Bezel/shaders/base/blur-outside-screen-vert.slang".
[INFO] [slang]: Using render target format R8G8B8A8_UNORM for pass output #43.
[INFO] [slang]: Compiling shader: "/home/willian/.config/retroarch/shaders/shaders_slang/blurs/shaders/royale/blur9x9.slang".
[INFO] [slang]: Using render target format R16G16B16A16_SFLOAT for pass output #44.
[INFO] [slang]: Compiling shader: "/home/willian/.config/retroarch/shaders/shaders_slang/blurs/shaders/royale/blur9x9.slang".
[INFO] [slang]: Using render target format R16G16B16A16_SFLOAT for pass output #45.
[INFO] [slang]: Compiling shader: "/home/willian/.config/retroarch/shaders/shaders_slang/bezel/Mega_Bezel/shaders/base/reflection.slang".
[INFO] [slang]: Using render target format R16G16B16A16_SFLOAT for pass output #46.
[INFO] [slang]: Compiling shader: "/home/willian/.config/retroarch/shaders/shaders_slang/bezel/Mega_Bezel/shaders/base/combine-passes.slang".
[INFO] [slang]: Using render target format R8G8B8A8_UNORM for pass output #47.
[INFO] [slang]: Building pass #0 (CorePass)
[INFO] [slang]: Building pass #1 (DerezedPass)
[INFO] [slang]: Building pass #2 (NegativeCropAddedPass)
[INFO] [slang]: Building pass #3 (InfoCachePass)
[INFO] [slang]: Building pass #4 (TextPass)
[INFO] [slang]: Building pass #5 (IntroPass)
[INFO] [slang]: Building pass #6 (LinearGamma)
[INFO] [slang]: Building pass #7 (N/D)
[INFO] [slang]: Building pass #8 (N/D)
[INFO] [slang]: Building pass #9 (CB_Output)
[INFO] [slang]: Building pass #10 (N/D)
[INFO] [slang]: Building pass #11 (N/D)
[INFO] [slang]: Building pass #12 (N/D)
[INFO] [slang]: Building pass #13 (N/D)
[INFO] [slang]: Building pass #14 (DeditherPass)
[INFO] [slang]: Building pass #15 (N/D)
[INFO] [slang]: Building pass #16 (refpass)
[INFO] [slang]: Building pass #17 (scalefx_pass0)
[INFO] [slang]: Building pass #18 (N/D)
[INFO] [slang]: Building pass #19 (N/D)
[INFO] [slang]: Building pass #20 (N/D)
[INFO] [slang]: Building pass #21 (N/D)
[INFO] [slang]: Building pass #22 (N/D)
[INFO] [slang]: Building pass #23 (N/D)
[INFO] [slang]: Building pass #24 (PreCRTPass)
[INFO] [slang]: Building pass #25 (AfterglowPass)
[INFO] [slang]: Building pass #26 (N/D)
[INFO] [slang]: Building pass #27 (ColorCorrectPass)
[INFO] [slang]: Building pass #28 (N/D)
[INFO] [slang]: Building pass #29 (PrePass)
[INFO] [slang]: Building pass #30 (AvgLumPass)
[INFO] [slang]: Building pass #31 (LinearizePass)
[INFO] [slang]: Building pass #32 (N/D)
[INFO] [slang]: Building pass #33 (GlowPass)
[INFO] [slang]: Building pass #34 (N/D)
[INFO] [slang]: Building pass #35 (BloomPass)
[INFO] [slang]: Building pass #36 (N/D)
[INFO] [slang]: Building pass #37 (CRTPass)
[INFO] [slang]: Building pass #38 (PostCRTPass)
[INFO] [slang]: Building pass #39 (BR_LayersUnderCRTPass)
[INFO] [slang]: Building pass #40 (BR_LayersOverCRTPass)
[INFO] [slang]: Building pass #41 (BR_MirrorLowResPass)
[INFO] [slang]: Building pass #42 (N/D)
[INFO] [slang]: Building pass #43 (BR_MirrorBlurredPass)
[INFO] [slang]: Building pass #44 (BR_MirrorReflectionDiffusedPass)
[INFO] [slang]: Building pass #45 (BR_MirrorFullscreenGlowPass)
[INFO] [slang]: Building pass #46 (ReflectionPass)
[INFO] [slang]: Building pass #47 (CombinePass)
[INFO] [slang]: Building pass #48 (N/D)
[INFO] [GLCore]: Using history of 3 frames.
[INFO] [GLCore]: Using framebuffer feedback for pass #3.
[INFO] [GLCore]: Using framebuffer feedback for pass #4.
[INFO] [GLCore]: Using framebuffer feedback for pass #25.
[INFO] [GLCore]: Using framebuffer feedback for pass #30.
[INFO] [GLCore]: Using framebuffer feedback for pass #38.
[INFO] [GLCore]: Using framebuffer feedback for pass #39.
[INFO] [GLCore]: Using framebuffer feedback for pass #40.
[INFO] [GLCore]: Using framebuffer feedback for pass #46.
[INFO] [GLCore]: Using framebuffer feedback for pass #47.
[INFO] [DBus]: Suspended screensaver via DBus.
[INFO] [Video]: Found display server: "x11".
[libretro INFO] Render.OpenGL @ video_core/renderer_opengl/renderer_opengl.cpp:Init:988: GL_VERSION: 4.6.0 NVIDIA 535.104.05
[libretro INFO] Render.OpenGL @ video_core/renderer_opengl/renderer_opengl.cpp:Init:989: GL_VENDOR: NVIDIA Corporation
[libretro INFO] Render.OpenGL @ video_core/renderer_opengl/renderer_opengl.cpp:Init:990: GL_RENDERER: NVIDIA GeForce RTX 2060/PCIe/SSE2
[libretro INFO] Render.OpenGL @ video_core/renderer_opengl/gl_format_reinterpreter.cpp:FormatReinterpreterOpenGL:378: Using shader for D24S8 to RGBA8 reinterpretation
[libretro INFO] Render.OpenGL @ video_core/renderer_opengl/gl_shader_disk_cache.cpp:LoadTransferable:169: Found a transferable disk cache with 43 entries
[libretro INFO] Render.OpenGL @ video_core/renderer_opengl/gl_shader_disk_cache.cpp:LoadPrecompiledFile:268: Found a precompiled disk cache with 35 decompiled entries and 35 binary entries
[INFO] [Environ]: SET_GEOMETRY: 800x960, Aspect: 0.833.
[INFO] [PulseAudio]: Requested 24576 bytes buffer, got 18432.
[INFO] [Display]: Found display driver: "glcore".
[INFO] [Playlist]: Carregando o arquivo de favoritos: "/home/willian/.config/retroarch/content_favorites.lpl".
[libretro WARN] Service.SRV @ core/hle/service/sm/srv.cpp:RegisterClient:63: (STUBBED) called. Caller PID=11
[libretro WARN] Service.SRV @ core/hle/service/sm/srv.cpp:EnableNotification:85: (STUBBED) called
[libretro WARN] Service.APT @ core/hle/service/apt/apt.cpp:GetLockHandle:317: (STUBBED) called applet_attributes=0X00000000
[libretro WARN] Service.NDM @ core/hle/service/ndm/ndm_u.cpp:OverrideDefaultDaemons:186: (STUBBED) bit_mask=0x0000000F
[libretro WARN] Service.NDM @ core/hle/service/ndm/ndm_u.cpp:SuspendDaemons:74: (STUBBED) bit_mask=0x00000006
[libretro WARN] Service.APT @ core/hle/service/apt/apt.cpp:SetAppCpuTimeLimit:607: (STUBBED) called, cpu_percent=30, value=1
[libretro WARN] Service.FS @ core/hle/service/fs/fs_user.cpp:InitializeWithSdkVersion:600: (STUBBED) called, version: 0x040205C8
[libretro WARN] Service.APT @ core/hle/service/apt/apt.cpp:NotifyToWait:296: (STUBBED) app_id=768
[libretro WARN] Service.APT @ core/hle/service/apt/apt.cpp:AppletUtility:592: (STUBBED) called command=0X00000007, input_size=0X00000004, output_size=0X00000001
[libretro WARN] Service.APT @ core/hle/service/apt/apt.cpp:AppletUtility:592: (STUBBED) called command=0X00000004, input_size=0X00000001, output_size=0X00000001
[libretro ERROR] Service.FS @ core/file_sys/archive_backend.h:GetOpenDelayNs:193: Delay generator was not initalized. Using default
[libretro ERROR] Service.FS @ core/file_sys/archive_backend.h:GetOpenDelayNs:193: Delay generator was not initalized. Using default
[INFO] [GLX]: Resized fullscreen resolution to 3840x2160.
[libretro INFO] Service.DSP @ audio_core/hle/hle.cpp:LoadComponent:497: Firmware hash: 0xe031661c89e654ee
[libretro INFO] Service.DSP @ audio_core/hle/hle.cpp:LoadComponent:501: Structures hash: 0x228655de1258d999
[libretro INFO] Service.DSP @ core/hle/service/dsp/dsp_dsp.cpp:LoadComponent:189: called size=0xC234, prog_mask=0x000000FF, data_mask=0x000B00FF
[libretro INFO] Service.DSP @ core/hle/service/dsp/dsp_dsp.cpp:RegisterInterruptEvents:255: Registered interrupt=2, channel=2, event=event-00113c90
[libretro WARN] Service.DSP @ core/hle/service/dsp/dsp_dsp.cpp:GetSemaphoreEventHandle:271: (STUBBED) called
[libretro WARN] Service.DSP @ core/hle/service/dsp/dsp_dsp.cpp:SetSemaphoreMask:281: (STUBBED) called mask=0x2000
[libretro INFO] Audio.DSP @ audio_core/hle/hle.cpp:PipeWrite:257: Application has requested initialization of DSP hardware
[libretro INFO] Service.DSP @ core/hle/service/dsp/dsp_dsp.cpp:SetSemaphore:57: called, semaphore_value=4000
[libretro INFO] Service.DSP @ core/hle/service/dsp/dsp_dsp.cpp:SetSemaphore:57: called, semaphore_value=4000
[libretro WARN] Service.LDR @ core/hle/service/ldr_ro/ldr_ro.cpp:LoadCRR:155: (STUBBED) called, crr_buffer_ptr=0x0807B000, crr_size=0x00001000
[libretro WARN] Service.GSP @ core/hle/service/gsp/gsp_gpu.cpp:AcquireRight:706: called flag=00000000 process=11 thread_id=0
[libretro ERROR] Render.OpenGL @ video_core/renderer_opengl/gl_rasterizer_cache.cpp:MortonCopy:188: Out of bound texture
[libretro ERROR] Service.FS @ core/file_sys/archive_backend.h:GetOpenDelayNs:193: Delay generator was not initalized. Using default
[libretro ERROR] Service @ core/hle/service/service.cpp:ReportUnimplementedFunction:161: unknown / unimplemented function 'ControlArchive': port='fs:USER' cmd_buf={[0]=0x80d0144, [1]=0x3, [2]=0x0, [3]=0x0, [4]=0x1, [5]=0x1, [6]=0x1a, [7]=0x0, [8]=0x1c, [9]=0x1}
[libretro ERROR] Service.FS @ core/file_sys/savedata_archive.cpp:OpenFile:78: Non-existing file /home/willian/.config/retroarch/saves/Citra/sdmc/Nintendo 3DS/00000000000000000000000000000000/00000000000000000000000000000000/title/00040000/000cce00/data/00000001/slot1.dat can't be open without mode create.
[libretro ERROR] Service.FS @ core/hle/service/fs/fs_user.cpp:OpenFile:77: failed to get a handle for file [Wchar: /slot1.dat]
[libretro ERROR] Service.FS @ core/file_sys/savedata_archive.cpp:OpenFile:78: Non-existing file /home/willian/.config/retroarch/saves/Citra/sdmc/Nintendo 3DS/00000000000000000000000000000000/00000000000000000000000000000000/title/00040000/000cce00/data/00000001/slot2.dat can't be open without mode create.
[libretro ERROR] Service.FS @ core/hle/service/fs/fs_user.cpp:OpenFile:77: failed to get a handle for file [Wchar: /slot2.dat]
[libretro INFO] Service.LDR @ core/hle/service/ldr_ro/cro_helper.cpp:ApplyStaticAnonymousSymbolToCRS:555: CRO "frontend" exports 0 static anonymous symbols
[libretro INFO] Service.LDR @ core/hle/service/ldr_ro/ldr_ro.cpp:LoadCRO:331: CRO "frontend" loaded at 0x010EE000, fixed_end=0x0114B000
[libretro WARN] Render.OpenGL @ video_core/renderer_opengl/renderer_opengl.cpp:DebugHandler:965: API PERFORMANCE 131218: Program/shader state performance warning: Vertex shader in program 180 is being recompiled based on GL state.
[libretro WARN] Render.OpenGL @ video_core/renderer_opengl/renderer_opengl.cpp:DebugHandler:965: API PERFORMANCE 131218: Program/shader state performance warning: Vertex shader in program 178 is being recompiled based on GL state.
[libretro WARN] Service.FS @ core/hle/service/fs/file.cpp:OpenLinkFile:214: (STUBBED) File command OpenLinkFile Path: [Binary: 000000000000000000000000]
[libretro WARN] Service.Y2R @ core/hle/service/y2r_u.cpp:SetTransferEndInterrupt:212: (STUBBED) called
[libretro WARN] Render.OpenGL @ video_core/renderer_opengl/renderer_opengl.cpp:DebugHandler:965: API PERFORMANCE 131218: Program/shader state performance warning: Vertex shader in program 202 is being recompiled based on GL state.
[INFO] [PulseAudio]: Pausing.
[INFO] [PulseAudio]: Unpausing.
[INFO] [Environ]: SET_INPUT_DESCRIPTORS:
[INFO] [Environ]: GET_SAVE_DIRECTORY.
[INFO] [Environ]: SET_GEOMETRY: 400x480, Aspect: 0.833.
[libretro INFO] Common.Filesystem @ common/file_util.cpp:SetUserPath:713: Using /home/willian/.config/retroarch/saves/Citra/ as the user directory
[libretro INFO] Frontend @ citra_libretro/citra_libretro.cpp:UpdateSettings:447: User dir set to "/home/willian/.config/retroarch/saves/Citra/".
[INFO] [GLX]: Resized fullscreen resolution to 3840x2160.
[libretro WARN] Render.OpenGL @ video_core/renderer_opengl/renderer_opengl.cpp:DebugHandler:965: API PERFORMANCE 131218: Program/shader state performance warning: Vertex shader in program 202 is being recompiled based on GL state.
[libretro WARN] Render.OpenGL @ video_core/renderer_opengl/renderer_opengl.cpp:DebugHandler:965: API PERFORMANCE 131218: Program/shader state performance warning: Vertex shader in program 189 is being recompiled based on GL state.
[libretro WARN] Render.OpenGL @ video_core/renderer_opengl/renderer_opengl.cpp:DebugHandler:965: API PERFORMANCE 131218: Program/shader state performance warning: Vertex shader in program 189 is being recompiled based on GL state.
[INFO] [PulseAudio]: Pausing.
[INFO] [Core]: Content ran for a total of: 00 hours, 00 minutes, 09 seconds.
[INFO] [Runtime]: Saving runtime log file: "/home/willian/.config/retroarch/playlists/logs/Citra/Donkey Kong Country Returns 3D (USA) (En,Fr,Es).lrtl".
[INFO] [Config]: Loading config: "/home/willian/.config/retroarch/retroarch.cfg".
[INFO] [Overrides]: Configuration overrides unloaded, original configuration restored.
[INFO] [Video]: Restored video driver to "vulkan".
[INFO] [Core]: Sem conteúdo, iniciando um núcleo vazio.
[INFO] [Core]: Content ran for a total of: 00 hours, 00 minutes, 00 seconds.
[INFO] [Core]: Unloading game..
[libretro INFO] RPC_Server @ core/rpc/rpc_server.cpp:~RPCServer:20: Stopping RPC ...
[libretro INFO] RPC_Server @ core/rpc/server.cpp:NewRequestCallback:37: Received end packet
[libretro INFO] RPC_Server @ core/rpc/rpc_server.cpp:~RPCServer:24: RPC stopped.
[INFO] [Core]: Unloading core..
[INFO] [Core]: Unloading core symbols..
[INFO] [Core]: Saved core options file to "/home/willian/.config/retroarch/config/Citra/Citra.opt".
[INFO] [XINERAMA]: Xinerama version: 1.1.
[INFO] [XINERAMA]: Xinerama screens: 1.
[INFO] [XINERAMA]: Saved monitor #0.
[INFO] [Video]: Does not have enough samples for monitor refresh rate estimation. Requires to run for at least 4096 frames.
[INFO] RetroArch 1.15.0 (Git 6616b807ed)
[INFO] === Build =======================================
[INFO] CPU Model Name: AMD Ryzen 7 5700X 8-Core Processor             
[INFO] Capacidades: MMX MMXEXT SSE SSE2 SSE3 SSE4 SSE4.2 AES AVX AVX2
[INFO] Built: Sep 13 2023
[INFO] Version: 1.15.0
[INFO] Git: 6616b807ed
[INFO] =================================================
[INFO] [Input]: Found input driver: "x".
[INFO] [Environ]: SET_PIXEL_FORMAT: RGB565.
[INFO] [Core]: Versão da API libretro: 1, Compilado contra a API: 1
[INFO] [Audio]: Set audio input rate to: 48000.00 Hz.
[INFO] [Video]: Set video size to: fullscreen.
[ERROR] [Wayland]: Failed to connect to Wayland server.
[INFO] [Vulkan]: Vulkan dynamic library loaded.
[INFO] [Vulkan]: Found vulkan context: "vk_x".
[INFO] [Vulkan]: Detecting screen resolution: 3840x2160.
[INFO] [XINERAMA]: Xinerama version: 1.1.
[INFO] [XINERAMA]: Xinerama screens: 1.
[INFO] [X/Vulkan]: Using Xinerama on screen #0.
[INFO] [X/Vulkan]: X = 0, Y = 0, W = 3840, H = 2160.
[INFO] [X/Vulkan]: Using windowed fullscreen.
[INFO] [Vulkan]: Found GPU at index 0: "NVIDIA GeForce RTX 2060".
[INFO] [Vulkan]: Using GPU index 0.
[INFO] [Vulkan]: Using fences for WSI acquire.
[INFO] [Vulkan]: Using GPU: "NVIDIA GeForce RTX 2060".
[INFO] [Vulkan]: Queue family 0 supports 16 sub-queues.
[INFO] [Vulkan]: Got 3 swapchain images.
[INFO] [Vulkan]: Using resolution 3840x2160.
[INFO] [Vulkan]: Using RGB565 format.
[INFO] [Vulkan]: Loading stock shader.
[INFO] [udev]: Pad #0 (/dev/input/event6) supports force feedback.
[INFO] [udev]: Pad #0 (/dev/input/event6) supports 16 force feedback effects.
[INFO] [Joypad]: Found joypad driver: "udev".
[INFO] [DBus]: Suspended screensaver via DBus.
[INFO] [Video]: Found display server: "x11".
[INFO] [PulseAudio]: Requested 24576 bytes buffer, got 18432.
[INFO] [Display]: Found display driver: "vulkan".
[INFO] [Shaders]: Specific shader preset found at "/home/willian/.config/retroarch/config/global.slangp".
[INFO] [Playlist]: Carregando o arquivo de favoritos: "/home/willian/.config/retroarch/content_favorites.lpl".
[INFO] [PulseAudio]: Pausing.
[INFO] [X/Vulkan]: Resized fullscreen resolution to 3840x2160.
[INFO] [Core]: Using content: "/home/willian/.config/retroarch/roms/Nintendo - Nintendo 3DS/Donkey Kong Country Returns 3D (USA) (En,Fr,Es).3ds".
[INFO] [Core]: Content ran for a total of: 00 hours, 00 minutes, 00 seconds.
[INFO] [Core]: Unloading core..
[INFO] [Core]: Unloading core symbols..
[INFO] [XINERAMA]: Xinerama version: 1.1.
[INFO] [XINERAMA]: Xinerama screens: 1.
[INFO] [XINERAMA]: Saved monitor #0.
[INFO] [Video]: Does not have enough samples for monitor refresh rate estimation. Requires to run for at least 4096 frames.
[INFO] RetroArch 1.15.0 (Git 6616b807ed)
[INFO] === Build =======================================
[INFO] CPU Model Name: AMD Ryzen 7 5700X 8-Core Processor             
[INFO] Capacidades: MMX MMXEXT SSE SSE2 SSE3 SSE4 SSE4.2 AES AVX AVX2
[INFO] Built: Sep 13 2023
[INFO] Version: 1.15.0
[INFO] Git: 6616b807ed
[INFO] =================================================
[INFO] [Input]: Found input driver: "x".
[INFO] [Core]: Loading dynamic libretro core from: "/home/willian/.config/retroarch/cores/citra_libretro.so"
[INFO] [Overrides]: Game-specific overrides found at "/home/willian/.config/retroarch/config/Citra/Donkey Kong Country Returns 3D (USA) (En,Fr,Es).cfg".
[INFO] [Config]: Loading config: "/home/willian/.config/retroarch/retroarch.cfg".
[INFO] [Config]: Appending override config: "/home/willian/.config/retroarch/config/Citra/Donkey Kong Country Returns 3D (USA) (En,Fr,Es).cfg".
[INFO] [Environ]: SET_VARIABLES.
[INFO] [Environ]: SET_CONTROLLER_INFO.
[INFO] [Overrides]: Redirecionando arquivo dados da memória do jogo em "/home/willian/.config/retroarch/saves/Donkey Kong Country Returns 3D (USA) (En,Fr,Es).srm".
[INFO] [Overrides]: Redirecionando o jogo salvo em "/home/willian/.config/retroarch/states/Donkey Kong Country Returns 3D (USA) (En,Fr,Es).state".
[INFO] [Environ]: GET_LOG_INTERFACE.
[INFO] [Content]: Carregamento de conteúdo ignorado. A implementação irá carregar por conta própria.
[INFO] [Environ]: SET_HW_SHARED_CONTEXT.
[INFO] [Environ]: SET_PIXEL_FORMAT: XRGB8888.
[INFO] [Environ]: SET_HW_RENDER, context type: glcore.
[INFO] Requesting core OpenGL context (3.3).
[INFO] [Environ]: SET_INPUT_DESCRIPTORS:
[libretro INFO] Frontend @ citra_libretro/citra_libretro.cpp:retro_load_game:596: Starting Citra RetroArch game...
[INFO] [Environ]: GET_SAVE_DIRECTORY.
[libretro INFO] Common.Filesystem @ common/file_util.cpp:SetUserPath:713: Using /home/willian/.config/retroarch/saves/Citra/ as the user directory
[libretro INFO] Frontend @ citra_libretro/citra_libretro.cpp:UpdateSettings:447: User dir set to "/home/willian/.config/retroarch/saves/Citra/".
[INFO] [Environ]: SET_GEOMETRY: 400x480, Aspect: 0.833.
[libretro INFO] RPC_Server @ core/rpc/rpc_server.cpp:RPCServer:12: Starting RPC server ...
[libretro INFO] RPC_Server @ core/rpc/rpc_server.cpp:HandleRequestsLoop:113: Request handler started.
[libretro INFO] RPC_Server @ core/rpc/rpc_server.cpp:RPCServer:16: RPC started.
[libretro ERROR] HW.AES @ core/hw/aes/key.cpp:LoadPresetKeys:469: Invalid key name generator
[libretro ERROR] HW.AES @ core/hw/aes/key.cpp:LoadPresetKeys:443: Failed to parse # load encryption game
[libretro ERROR] HW.AES @ core/hw/aes/key.cpp:LoadPresetKeys:443: Failed to parse # share Mii via QR code between Citra and 3DS
[libretro ERROR] HW.AES @ core/hw/aes/key.cpp:LoadPresetKeys:443: Failed to parse # generate accurate UDS data frames
[libretro ERROR] HW.AES @ core/hw/aes/key.cpp:LoadPresetKeys:443: Failed to parse # install encrypted CIA
[libretro ERROR] HW.AES @ core/hw/aes/key.cpp:LoadPresetKeys:443: Failed to parse # Friend
[libretro ERROR] HW.AES @ core/hw/aes/key.cpp:LoadPresetKeys:443: Failed to parse # StreetPass
[libretro ERROR] HW.AES @ core/hw/aes/key.cpp:LoadPresetKeys:443: Failed to parse # BOSS
[libretro ERROR] HW.AES @ core/hw/aes/key.cpp:LoadPresetKeys:443: Failed to parse # ssl cert
[libretro ERROR] HW.AES @ core/hw/aes/key.cpp:LoadPresetKeys:443: Failed to parse # common
[libretro ERROR] HW.AES @ core/hw/aes/key.cpp:LoadPresetKeys:443: Failed to parse 
[libretro ERROR] Service.NWM @ core/hle/service/nwm/nwm_uds.cpp:NWM_UDS:1518: Network isn't initalized
[libretro ERROR] Service.HTTP @ core/hle/service/http_c.cpp:DecryptClCertA:806: ClCertA file missing
[libretro ERROR] Core @ core/telemetry_session.cpp:GetTelemetryId:47: failed to open telemetry_id: /home/willian/.config/retroarch/saves/Citra/config/telemetry_id
[libretro INFO] Loader @ core/loader/ncch.cpp:Load:192: Program ID: 00040000000CCE00
[libretro WARN] Service.FS @ core/file_sys/ncch_container.cpp:OpenFile:130: Failed to open /home/willian/.config/retroarch/saves/Citra/sdmc/Nintendo 3DS/00000000000000000000000000000000/00000000000000000000000000000000/title/0004000e/000cce00/content/00000000.app
[libretro INFO] Loader @ core/hle/kernel/process.cpp:ParseKernelCaps:141: ExHeader kernel version: 2.33
[libretro INFO] Service.FS @ core/file_sys/ncch_container.cpp:LoadSectionExeFS:505: Attempting to load logo from the ExeFS
[libretro INFO] Service.CFG @ core/hle/service/cfg/cfg.cpp:SetPreferredRegionCodes:660: Preferred region code set to 1
[INFO] [Replay]: Found last replay slot: #0
[INFO] [SRAM]: Ignorando carregamento da SRAM.
[INFO] [Core]: Versão da API libretro: 1, Compilado contra a API: 1
[INFO] [Audio]: Set audio input rate to: 32728.00 Hz.
[INFO] [Video]: Set video size to: fullscreen.
[INFO] [Video]: Using HW render, glcore driver forced.
[INFO] [Video]: "glcore" saved as cached driver.
[ERROR] [Wayland]: Failed to connect to Wayland server.
[INFO] [GLX]: GLX_EXT_swap_control_tear supported.
[INFO] [GLCore]: Found GL context: "x".
[INFO] [GLCore]: Detecting screen resolution: 3840x2160.
[INFO] [XINERAMA]: Xinerama version: 1.1.
[INFO] [XINERAMA]: Xinerama screens: 1.
[INFO] [GLX]: Using Xinerama on screen #0.
[INFO] [GLX]: X = 0, Y = 0, W = 3840, H = 2160.
[INFO] [GLX]: Using windowed fullscreen.
[INFO] [GLX]: Creating context for requested version 3.3.
[INFO] [GLX]: Creating shared HW context.
[INFO] [GLX]: Not running Mesa, trying higher versions...
[INFO] [GLX]: Creating context for version 4.6.
[INFO] [GLX]: Creating shared HW context.
[INFO] [GLX]: Found swap function: glXSwapIntervalEXT.
[INFO] [GLCore]: Initializing HW render (8192x8192).
[INFO] [GLCore]: Max texture size: 32768 px, renderbuffer size: 32768 px.
[INFO] [GLCore]: Vendor: NVIDIA Corporation, Renderer: NVIDIA GeForce RTX 2060/PCIe/SSE2.
[INFO] [GLCore]: Version: 4.6.0 NVIDIA 535.104.05.
[INFO] [GLCore]: Using resolution 3840x2160.
[INFO] [udev]: Pad #0 (/dev/input/event6) supports force feedback.
[INFO] [udev]: Pad #0 (/dev/input/event6) supports 16 force feedback effects.
[INFO] [Joypad]: Found joypad driver: "udev".
[INFO] [Shaders]: Specific shader preset found at "/home/willian/.config/retroarch/config/global.slangp".
[INFO] [slang]: Compiling shader: "/home/willian/.config/retroarch/shaders/shaders_slang/bezel/Mega_Bezel/shaders/base/add-params-all.slang".
[INFO] [slang]: Using render target format R8G8B8A8_UNORM for pass output #0.
[INFO] [slang]: Compiling shader: "/home/willian/.config/retroarch/shaders/shaders_slang/bezel/Mega_Bezel/shaders/base/stock.slang".
[INFO] [slang]: Using render target format R8G8B8A8_SRGB for pass output #1.
[INFO] [slang]: Compiling shader: "/home/willian/.config/retroarch/shaders/shaders_slang/bezel/Mega_Bezel/shaders/base/add-negative-crop-area.slang".
[INFO] [slang]: Using render target format R8G8B8A8_SRGB for pass output #2.
[INFO] [slang]: Compiling shader: "/home/willian/.config/retroarch/shaders/shaders_slang/bezel/Mega_Bezel/shaders/base/cache-info-all-params.slang".
[INFO] [slang]: Using render target format R32G32B32A32_SFLOAT for pass output #3.
[INFO] [slang]: Compiling shader: "/home/willian/.config/retroarch/shaders/shaders_slang/bezel/Mega_Bezel/shaders/base/text-adv.slang".
[INFO] [slang]: Using render target format R16G16B16A16_SFLOAT for pass output #4.
[INFO] [slang]: Compiling shader: "/home/willian/.config/retroarch/shaders/shaders_slang/bezel/Mega_Bezel/shaders/base/intro.slang".
[INFO] [slang]: Using render target format R16G16B16A16_SFLOAT for pass output #5.
[INFO] [slang]: Compiling shader: "/home/willian/.config/retroarch/shaders/shaders_slang/bezel/Mega_Bezel/shaders/dedither/dedither-gamma-prep-1-before.slang".
[INFO] [slang]: Using render target format R8G8B8A8_UNORM for pass output #6.
[INFO] [slang]: Compiling shader: "/home/willian/.config/retroarch/shaders/shaders_slang/bezel/Mega_Bezel/shaders/hyllian/sgenpt-mix/sgenpt-mix-pass1.slang".
[INFO] [slang]: Using render target format R8G8B8A8_UNORM for pass output #7.
[INFO] [slang]: Compiling shader: "/home/willian/.config/retroarch/shaders/shaders_slang/bezel/Mega_Bezel/shaders/hyllian/sgenpt-mix/sgenpt-mix-pass2.slang".
[INFO] [slang]: Using render target format R8G8B8A8_UNORM for pass output #8.
[INFO] [slang]: Compiling shader: "/home/willian/.config/retroarch/shaders/shaders_slang/bezel/Mega_Bezel/shaders/hyllian/sgenpt-mix/sgenpt-mix-pass3.slang".
[INFO] [slang]: Using render target format R8G8B8A8_UNORM for pass output #9.
[INFO] [slang]: Compiling shader: "/home/willian/.config/retroarch/shaders/shaders_slang/bezel/Mega_Bezel/shaders/hyllian/sgenpt-mix/sgenpt-mix-pass4.slang".
[INFO] [slang]: Using render target format R8G8B8A8_UNORM for pass output #10.
[INFO] [slang]: Compiling shader: "/home/willian/.config/retroarch/shaders/shaders_slang/bezel/Mega_Bezel/shaders/hyllian/sgenpt-mix/sgenpt-mix-pass5.slang".
[INFO] [slang]: Using render target format R8G8B8A8_UNORM for pass output #11.
[INFO] [slang]: Compiling shader: "/home/willian/.config/retroarch/shaders/shaders_slang/bezel/Mega_Bezel/shaders/dedither/dedither-gamma-prep-2-after.slang".
[INFO] [slang]: Using render target format R8G8B8A8_UNORM for pass output #12.
[INFO] [slang]: Compiling shader: "/home/willian/.config/retroarch/shaders/shaders_slang/bezel/Mega_Bezel/shaders/ps1dither/hsm-PS1-Undither-BoxBlur.slang".
[INFO] [slang]: Using render target format R8G8B8A8_UNORM for pass output #13.
[INFO] [slang]: Compiling shader: "/home/willian/.config/retroarch/shaders/shaders_slang/bezel/Mega_Bezel/shaders/guest/extras/hsm-g-sharp_resampler.slang".
[INFO] [slang]: Using render target format R8G8B8A8_UNORM for pass output #14.
[INFO] [slang]: Compiling shader: "/home/willian/.config/retroarch/shaders/shaders_slang/bezel/Mega_Bezel/shaders/guest/extras/hsm-sharpsmoother.slang".
[INFO] [slang]: Using render target format R8G8B8A8_UNORM for pass output #15.
[INFO] [slang]: Compiling shader: "/home/willian/.config/retroarch/shaders/shaders_slang/bezel/Mega_Bezel/shaders/base/stock.slang".
[INFO] [slang]: Using render target format R8G8B8A8_UNORM for pass output #16.
[INFO] [slang]: Compiling shader: "/home/willian/.config/retroarch/shaders/shaders_slang/bezel/Mega_Bezel/shaders/scalefx/hsm-scalefx-pass0.slang".
[INFO] [slang]: Using render target format R16G16B16A16_SFLOAT for pass output #17.
[INFO] [slang]: Compiling shader: "/home/willian/.config/retroarch/shaders/shaders_slang/bezel/Mega_Bezel/shaders/scalefx/hsm-scalefx-pass1.slang".
[INFO] [slang]: Using render target format R8G8B8A8_UNORM for pass output #18.
[INFO] [slang]: Compiling shader: "/home/willian/.config/retroarch/shaders/shaders_slang/bezel/Mega_Bezel/shaders/scalefx/hsm-scalefx-pass2.slang".
[INFO] [slang]: Using render target format R8G8B8A8_UNORM for pass output #19.
[INFO] [slang]: Compiling shader: "/home/willian/.config/retroarch/shaders/shaders_slang/bezel/Mega_Bezel/shaders/scalefx/hsm-scalefx-pass3.slang".
[INFO] [slang]: Using render target format R8G8B8A8_UNORM for pass output #20.
[INFO] [slang]: Compiling shader: "/home/willian/.config/retroarch/shaders/shaders_slang/bezel/Mega_Bezel/shaders/scalefx/hsm-scalefx-pass4.slang".
[INFO] [slang]: Using render target format R8G8B8A8_UNORM for pass output #21.
[INFO] [slang]: Compiling shader: "/home/willian/.config/retroarch/shaders/shaders_slang/bezel/Mega_Bezel/shaders/gtu/hsm-gtu-pass1.slang".
[INFO] [slang]: Using render target format R16G16B16A16_SFLOAT for pass output #22.
[INFO] [slang]: Compiling shader: "/home/willian/.config/retroarch/shaders/shaders_slang/bezel/Mega_Bezel/shaders/gtu/hsm-gtu-pass2.slang".
[INFO] [slang]: Using render target format R16G16B16A16_SFLOAT for pass output #23.
[INFO] [slang]: Compiling shader: "/home/willian/.config/retroarch/shaders/shaders_slang/bezel/Mega_Bezel/shaders/base/stock.slang".
[INFO] [slang]: Using render target format R8G8B8A8_UNORM for pass output #24.
[INFO] [slang]: Compiling shader: "/home/willian/.config/retroarch/shaders/shaders_slang/bezel/Mega_Bezel/shaders/guest/hsm-afterglow0.slang".
[INFO] [slang]: Using render target format R8G8B8A8_UNORM for pass output #25.
[INFO] [slang]: Compiling shader: "/home/willian/.config/retroarch/shaders/shaders_slang/bezel/Mega_Bezel/shaders/guest/hsm-pre-shaders-afterglow.slang".
[INFO] [slang]: Using render target format R8G8B8A8_UNORM for pass output #26.
[INFO] [slang]: Compiling shader: "/home/willian/.config/retroarch/shaders/shaders_slang/bezel/Mega_Bezel/shaders/dogway/hsm-grade.slang".
[INFO] [slang]: Using render target format R8G8B8A8_UNORM for pass output #27.
[INFO] [slang]: Compiling shader: "/home/willian/.config/retroarch/shaders/shaders_slang/bezel/Mega_Bezel/shaders/guest/hsm-custom-fast-sharpen.slang".
[INFO] [slang]: Using render target format R8G8B8A8_UNORM for pass output #28.
[INFO] [slang]: Compiling shader: "/home/willian/.config/retroarch/shaders/shaders_slang/bezel/Mega_Bezel/shaders/base/stock.slang".
[INFO] [slang]: Using render target format R8G8B8A8_UNORM for pass output #29.
[INFO] [slang]: Compiling shader: "/home/willian/.config/retroarch/shaders/shaders_slang/bezel/Mega_Bezel/shaders/guest/hsm-avg-lum.slang".
[INFO] [slang]: Using render target format R8G8B8A8_UNORM for pass output #30.
[INFO] [slang]: Compiling shader: "/home/willian/.config/retroarch/shaders/shaders_slang/bezel/Mega_Bezel/shaders/guest/hsm-interlace-and-linearize.slang".
[INFO] [slang]: Using render target format R16G16B16A16_SFLOAT for pass output #31.
[INFO] [slang]: Compiling shader: "/home/willian/.config/retroarch/shaders/shaders_slang/bezel/Mega_Bezel/shaders/guest/hsm-gaussian_horizontal.slang".
[INFO] [slang]: Using render target format R16G16B16A16_SFLOAT for pass output #32.
[INFO] [slang]: Compiling shader: "/home/willian/.config/retroarch/shaders/shaders_slang/bezel/Mega_Bezel/shaders/guest/hsm-gaussian_vertical.slang".
[INFO] [slang]: Using render target format R16G16B16A16_SFLOAT for pass output #33.
[INFO] [slang]: Compiling shader: "/home/willian/.config/retroarch/shaders/shaders_slang/bezel/Mega_Bezel/shaders/guest/hsm-bloom_horizontal.slang".
[INFO] [slang]: Using render target format R16G16B16A16_SFLOAT for pass output #34.
[INFO] [slang]: Compiling shader: "/home/willian/.config/retroarch/shaders/shaders_slang/bezel/Mega_Bezel/shaders/guest/hsm-bloom_vertical.slang".
[INFO] [slang]: Using render target format R16G16B16A16_SFLOAT for pass output #35.
[INFO] [slang]: Compiling shader: "/home/willian/.config/retroarch/shaders/shaders_slang/bezel/Mega_Bezel/shaders/guest/hsm-crt-guest-advanced.slang".
[INFO] [slang]: Using render target format R16G16B16A16_SFLOAT for pass output #36.
[INFO] [slang]: Compiling shader: "/home/willian/.config/retroarch/shaders/shaders_slang/bezel/Mega_Bezel/shaders/guest/hsm-deconvergence.slang".
[INFO] [slang]: Using render target format R16G16B16A16_SFLOAT for pass output #37.
[INFO] [slang]: Compiling shader: "/home/willian/.config/retroarch/shaders/shaders_slang/bezel/Mega_Bezel/shaders/base/post-crt-prep-image-layers.slang".
[INFO] [slang]: Using render target format R16G16B16A16_SFLOAT for pass output #38.
[INFO] [slang]: Compiling shader: "/home/willian/.config/retroarch/shaders/shaders_slang/bezel/Mega_Bezel/shaders/base/bezel-images-under-crt.slang".
[INFO] [slang]: Using render target format R16G16B16A16_SFLOAT for pass output #39.
[INFO] [slang]: Compiling shader: "/home/willian/.config/retroarch/shaders/shaders_slang/bezel/Mega_Bezel/shaders/base/bezel-images-over-crt.slang".
[INFO] [slang]: Using render target format R16G16B16A16_SFLOAT for pass output #40.
[INFO] [slang]: Compiling shader: "/home/willian/.config/retroarch/shaders/shaders_slang/bezel/Mega_Bezel/shaders/base/linearize-crt.slang".
[INFO] [slang]: Using render target format R16G16B16A16_SFLOAT for pass output #41.
[INFO] [slang]: Compiling shader: "/home/willian/.config/retroarch/shaders/shaders_slang/bezel/Mega_Bezel/shaders/base/blur-outside-screen-horiz.slang".
[INFO] [slang]: Using render target format R8G8B8A8_UNORM for pass output #42.
[INFO] [slang]: Compiling shader: "/home/willian/.config/retroarch/shaders/shaders_slang/bezel/Mega_Bezel/shaders/base/blur-outside-screen-vert.slang".
[INFO] [slang]: Using render target format R8G8B8A8_UNORM for pass output #43.
[INFO] [slang]: Compiling shader: "/home/willian/.config/retroarch/shaders/shaders_slang/blurs/shaders/royale/blur9x9.slang".
[INFO] [slang]: Using render target format R16G16B16A16_SFLOAT for pass output #44.
[INFO] [slang]: Compiling shader: "/home/willian/.config/retroarch/shaders/shaders_slang/blurs/shaders/royale/blur9x9.slang".
[INFO] [slang]: Using render target format R16G16B16A16_SFLOAT for pass output #45.
[INFO] [slang]: Compiling shader: "/home/willian/.config/retroarch/shaders/shaders_slang/bezel/Mega_Bezel/shaders/base/reflection.slang".
[INFO] [slang]: Using render target format R16G16B16A16_SFLOAT for pass output #46.
[INFO] [slang]: Compiling shader: "/home/willian/.config/retroarch/shaders/shaders_slang/bezel/Mega_Bezel/shaders/base/combine-passes.slang".
[INFO] [slang]: Using render target format R8G8B8A8_UNORM for pass output #47.
[INFO] [slang]: Building pass #0 (CorePass)
[INFO] [slang]: Building pass #1 (DerezedPass)
[INFO] [slang]: Building pass #2 (NegativeCropAddedPass)
[INFO] [slang]: Building pass #3 (InfoCachePass)
[INFO] [slang]: Building pass #4 (TextPass)
[INFO] [slang]: Building pass #5 (IntroPass)
[INFO] [slang]: Building pass #6 (LinearGamma)
[INFO] [slang]: Building pass #7 (N/D)
[INFO] [slang]: Building pass #8 (N/D)
[INFO] [slang]: Building pass #9 (CB_Output)
[INFO] [slang]: Building pass #10 (N/D)
[INFO] [slang]: Building pass #11 (N/D)
[INFO] [slang]: Building pass #12 (N/D)
[INFO] [slang]: Building pass #13 (N/D)
[INFO] [slang]: Building pass #14 (DeditherPass)
[INFO] [slang]: Building pass #15 (N/D)
[INFO] [slang]: Building pass #16 (refpass)
[INFO] [slang]: Building pass #17 (scalefx_pass0)
[INFO] [slang]: Building pass #18 (N/D)
[INFO] [slang]: Building pass #19 (N/D)
[INFO] [slang]: Building pass #20 (N/D)
[INFO] [slang]: Building pass #21 (N/D)
[INFO] [slang]: Building pass #22 (N/D)
[INFO] [slang]: Building pass #23 (N/D)
[INFO] [slang]: Building pass #24 (PreCRTPass)
[INFO] [slang]: Building pass #25 (AfterglowPass)
[INFO] [slang]: Building pass #26 (N/D)
[INFO] [slang]: Building pass #27 (ColorCorrectPass)
[INFO] [slang]: Building pass #28 (N/D)
[INFO] [slang]: Building pass #29 (PrePass)
[INFO] [slang]: Building pass #30 (AvgLumPass)
[INFO] [slang]: Building pass #31 (LinearizePass)
[INFO] [slang]: Building pass #32 (N/D)
[INFO] [slang]: Building pass #33 (GlowPass)
[INFO] [slang]: Building pass #34 (N/D)
[INFO] [slang]: Building pass #35 (BloomPass)
[INFO] [slang]: Building pass #36 (N/D)
[INFO] [slang]: Building pass #37 (CRTPass)
[INFO] [slang]: Building pass #38 (PostCRTPass)
[INFO] [slang]: Building pass #39 (BR_LayersUnderCRTPass)
[INFO] [slang]: Building pass #40 (BR_LayersOverCRTPass)
[INFO] [slang]: Building pass #41 (BR_MirrorLowResPass)
[INFO] [slang]: Building pass #42 (N/D)
[INFO] [slang]: Building pass #43 (BR_MirrorBlurredPass)
[INFO] [slang]: Building pass #44 (BR_MirrorReflectionDiffusedPass)
[INFO] [slang]: Building pass #45 (BR_MirrorFullscreenGlowPass)
[INFO] [slang]: Building pass #46 (ReflectionPass)
[INFO] [slang]: Building pass #47 (CombinePass)
[INFO] [slang]: Building pass #48 (N/D)
[INFO] [GLCore]: Using history of 3 frames.
[INFO] [GLCore]: Using framebuffer feedback for pass #3.
[INFO] [GLCore]: Using framebuffer feedback for pass #4.
[INFO] [GLCore]: Using framebuffer feedback for pass #25.
[INFO] [GLCore]: Using framebuffer feedback for pass #30.
[INFO] [GLCore]: Using framebuffer feedback for pass #38.
[INFO] [GLCore]: Using framebuffer feedback for pass #39.
[INFO] [GLCore]: Using framebuffer feedback for pass #40.
[INFO] [GLCore]: Using framebuffer feedback for pass #46.
[INFO] [GLCore]: Using framebuffer feedback for pass #47.
[INFO] [DBus]: Suspended screensaver via DBus.
[INFO] [Video]: Found display server: "x11".
[libretro INFO] Render.OpenGL @ video_core/renderer_opengl/renderer_opengl.cpp:Init:988: GL_VERSION: 4.6.0 NVIDIA 535.104.05
[libretro INFO] Render.OpenGL @ video_core/renderer_opengl/renderer_opengl.cpp:Init:989: GL_VENDOR: NVIDIA Corporation
[libretro INFO] Render.OpenGL @ video_core/renderer_opengl/renderer_opengl.cpp:Init:990: GL_RENDERER: NVIDIA GeForce RTX 2060/PCIe/SSE2
[libretro INFO] Render.OpenGL @ video_core/renderer_opengl/gl_format_reinterpreter.cpp:FormatReinterpreterOpenGL:378: Using shader for D24S8 to RGBA8 reinterpretation
[libretro INFO] Render.OpenGL @ video_core/renderer_opengl/gl_shader_disk_cache.cpp:LoadTransferable:169: Found a transferable disk cache with 43 entries
[libretro INFO] Render.OpenGL @ video_core/renderer_opengl/gl_shader_disk_cache.cpp:LoadPrecompiledFile:268: Found a precompiled disk cache with 43 decompiled entries and 43 binary entries
[INFO] [Environ]: SET_GEOMETRY: 400x480, Aspect: 0.833.
[INFO] [PulseAudio]: Requested 24576 bytes buffer, got 18432.
[INFO] [Display]: Found display driver: "glcore".
[INFO] [Playlist]: Carregando o arquivo de favoritos: "/home/willian/.config/retroarch/content_favorites.lpl".
[libretro WARN] Service.SRV @ core/hle/service/sm/srv.cpp:RegisterClient:63: (STUBBED) called. Caller PID=11
[libretro WARN] Service.SRV @ core/hle/service/sm/srv.cpp:EnableNotification:85: (STUBBED) called
[libretro WARN] Service.APT @ core/hle/service/apt/apt.cpp:GetLockHandle:317: (STUBBED) called applet_attributes=0X00000000
[libretro WARN] Service.NDM @ core/hle/service/ndm/ndm_u.cpp:OverrideDefaultDaemons:186: (STUBBED) bit_mask=0x0000000F
[libretro WARN] Service.NDM @ core/hle/service/ndm/ndm_u.cpp:SuspendDaemons:74: (STUBBED) bit_mask=0x00000006
[libretro WARN] Service.APT @ core/hle/service/apt/apt.cpp:SetAppCpuTimeLimit:607: (STUBBED) called, cpu_percent=30, value=1
[libretro WARN] Service.FS @ core/hle/service/fs/fs_user.cpp:InitializeWithSdkVersion:600: (STUBBED) called, version: 0x040205C8
[libretro WARN] Service.APT @ core/hle/service/apt/apt.cpp:NotifyToWait:296: (STUBBED) app_id=768
[libretro WARN] Service.APT @ core/hle/service/apt/apt.cpp:AppletUtility:592: (STUBBED) called command=0X00000007, input_size=0X00000004, output_size=0X00000001
[libretro WARN] Service.APT @ core/hle/service/apt/apt.cpp:AppletUtility:592: (STUBBED) called command=0X00000004, input_size=0X00000001, output_size=0X00000001
[libretro ERROR] Service.FS @ core/file_sys/archive_backend.h:GetOpenDelayNs:193: Delay generator was not initalized. Using default
[libretro ERROR] Service.FS @ core/file_sys/archive_backend.h:GetOpenDelayNs:193: Delay generator was not initalized. Using default
[INFO] [GLX]: Resized fullscreen resolution to 3840x2160.
[libretro INFO] Service.DSP @ audio_core/hle/hle.cpp:LoadComponent:497: Firmware hash: 0xe031661c89e654ee
[libretro INFO] Service.DSP @ audio_core/hle/hle.cpp:LoadComponent:501: Structures hash: 0x228655de1258d999
[libretro INFO] Service.DSP @ core/hle/service/dsp/dsp_dsp.cpp:LoadComponent:189: called size=0xC234, prog_mask=0x000000FF, data_mask=0x000B00FF
[libretro INFO] Service.DSP @ core/hle/service/dsp/dsp_dsp.cpp:RegisterInterruptEvents:255: Registered interrupt=2, channel=2, event=event-00113c90
[libretro WARN] Service.DSP @ core/hle/service/dsp/dsp_dsp.cpp:GetSemaphoreEventHandle:271: (STUBBED) called
[libretro WARN] Service.DSP @ core/hle/service/dsp/dsp_dsp.cpp:SetSemaphoreMask:281: (STUBBED) called mask=0x2000
[libretro INFO] Audio.DSP @ audio_core/hle/hle.cpp:PipeWrite:257: Application has requested initialization of DSP hardware
[libretro INFO] Service.DSP @ core/hle/service/dsp/dsp_dsp.cpp:SetSemaphore:57: called, semaphore_value=4000
[libretro INFO] Service.DSP @ core/hle/service/dsp/dsp_dsp.cpp:SetSemaphore:57: called, semaphore_value=4000
[libretro WARN] Service.LDR @ core/hle/service/ldr_ro/ldr_ro.cpp:LoadCRR:155: (STUBBED) called, crr_buffer_ptr=0x0807B000, crr_size=0x00001000
[libretro WARN] Service.GSP @ core/hle/service/gsp/gsp_gpu.cpp:AcquireRight:706: called flag=00000000 process=11 thread_id=0
[libretro ERROR] Render.OpenGL @ video_core/renderer_opengl/gl_rasterizer_cache.cpp:MortonCopy:188: Out of bound texture
[libretro ERROR] Service.FS @ core/file_sys/archive_backend.h:GetOpenDelayNs:193: Delay generator was not initalized. Using default
[libretro ERROR] Service @ core/hle/service/service.cpp:ReportUnimplementedFunction:161: unknown / unimplemented function 'ControlArchive': port='fs:USER' cmd_buf={[0]=0x80d0144, [1]=0x3, [2]=0x0, [3]=0x0, [4]=0x1, [5]=0x1, [6]=0x1a, [7]=0x0, [8]=0x1c, [9]=0x1}
[libretro ERROR] Service.FS @ core/file_sys/savedata_archive.cpp:OpenFile:78: Non-existing file /home/willian/.config/retroarch/saves/Citra/sdmc/Nintendo 3DS/00000000000000000000000000000000/00000000000000000000000000000000/title/00040000/000cce00/data/00000001/slot1.dat can't be open without mode create.
[libretro ERROR] Service.FS @ core/hle/service/fs/fs_user.cpp:OpenFile:77: failed to get a handle for file [Wchar: /slot1.dat]
[libretro ERROR] Service.FS @ core/file_sys/savedata_archive.cpp:OpenFile:78: Non-existing file /home/willian/.config/retroarch/saves/Citra/sdmc/Nintendo 3DS/00000000000000000000000000000000/00000000000000000000000000000000/title/00040000/000cce00/data/00000001/slot2.dat can't be open without mode create.
[libretro ERROR] Service.FS @ core/hle/service/fs/fs_user.cpp:OpenFile:77: failed to get a handle for file [Wchar: /slot2.dat]
[libretro INFO] Service.LDR @ core/hle/service/ldr_ro/cro_helper.cpp:ApplyStaticAnonymousSymbolToCRS:555: CRO "frontend" exports 0 static anonymous symbols
[libretro INFO] Service.LDR @ core/hle/service/ldr_ro/ldr_ro.cpp:LoadCRO:331: CRO "frontend" loaded at 0x010EE000, fixed_end=0x0114B000
[libretro WARN] Render.OpenGL @ video_core/renderer_opengl/renderer_opengl.cpp:DebugHandler:965: API PERFORMANCE 131218: Program/shader state performance warning: Vertex shader in program 180 is being recompiled based on GL state.
[libretro WARN] Render.OpenGL @ video_core/renderer_opengl/renderer_opengl.cpp:DebugHandler:965: API PERFORMANCE 131218: Program/shader state performance warning: Vertex shader in program 178 is being recompiled based on GL state.
[libretro WARN] Service.FS @ core/hle/service/fs/file.cpp:OpenLinkFile:214: (STUBBED) File command OpenLinkFile Path: [Binary: 000000000000000000000000]
[libretro WARN] Service.Y2R @ core/hle/service/y2r_u.cpp:SetTransferEndInterrupt:212: (STUBBED) called
[libretro WARN] Render.OpenGL @ video_core/renderer_opengl/renderer_opengl.cpp:DebugHandler:965: API PERFORMANCE 131218: Program/shader state performance warning: Vertex shader in program 202 is being recompiled based on GL state.
[libretro WARN] Render.OpenGL @ video_core/renderer_opengl/renderer_opengl.cpp:DebugHandler:965: API PERFORMANCE 131218: Program/shader state performance warning: Vertex shader in program 202 is being recompiled based on GL state.
[libretro WARN] Render.OpenGL @ video_core/renderer_opengl/renderer_opengl.cpp:DebugHandler:965: API PERFORMANCE 131218: Program/shader state performance warning: Vertex shader in program 189 is being recompiled based on GL state.
[libretro WARN] Render.OpenGL @ video_core/renderer_opengl/renderer_opengl.cpp:DebugHandler:965: API PERFORMANCE 131218: Program/shader state performance warning: Vertex shader in program 189 is being recompiled based on GL state.
[libretro WARN] Render.OpenGL @ video_core/renderer_opengl/renderer_opengl.cpp:DebugHandler:965: API PERFORMANCE 131218: Program/shader state performance warning: Vertex shader in program 189 is being recompiled based on GL state.
[libretro ERROR] Service @ core/hle/service/service.cpp:ReportUnimplementedFunction:161: unknown / unimplemented function 'ControlArchive': port='fs:USER' cmd_buf={[0]=0x80d0144, [1]=0x3, [2]=0x0, [3]=0x0, [4]=0x1, [5]=0x1, [6]=0x1a, [7]=0x0, [8]=0x1c, [9]=0x1}
[libretro INFO] Service.LDR @ core/hle/service/ldr_ro/ldr_ro.cpp:UnloadCRO:369: Unloading CRO "frontend"
[libretro INFO] Service.LDR @ core/hle/service/ldr_ro/cro_helper.cpp:ApplyStaticAnonymousSymbolToCRS:555: CRO "frontend" exports 0 static anonymous symbols
[libretro INFO] Service.LDR @ core/hle/service/ldr_ro/ldr_ro.cpp:LoadCRO:331: CRO "frontend" loaded at 0x010EE000, fixed_end=0x0114B000
[libretro WARN] Render.OpenGL @ video_core/renderer_opengl/renderer_opengl.cpp:DebugHandler:965: API PERFORMANCE 131218: Program/shader state performance warning: Vertex shader in program 201 is being recompiled based on GL state.
[libretro WARN] Render.OpenGL @ video_core/renderer_opengl/renderer_opengl.cpp:DebugHandler:965: API PERFORMANCE 131218: Program/shader state performance warning: Vertex shader in program 202 is being recompiled based on GL state.
[libretro ERROR] Service @ core/hle/service/service.cpp:ReportUnimplementedFunction:161: unknown / unimplemented function 'ControlArchive': port='fs:USER' cmd_buf={[0]=0x80d0144, [1]=0x3, [2]=0x0, [3]=0x0, [4]=0x1, [5]=0x1, [6]=0x1a, [7]=0x0, [8]=0x1c, [9]=0x1}
[libretro INFO] Service.LDR @ core/hle/service/ldr_ro/ldr_ro.cpp:UnloadCRO:369: Unloading CRO "frontend"
[libretro WARN] Render.OpenGL @ video_core/renderer_opengl/renderer_opengl.cpp:DebugHandler:965: API PERFORMANCE 131218: Program/shader state performance warning: Vertex shader in program 178 is being recompiled based on GL state.
[libretro INFO] Service.LDR @ core/hle/service/ldr_ro/cro_helper.cpp:ApplyStaticAnonymousSymbolToCRS:555: CRO "l01_jungle_intro" exports 0 static anonymous symbols
[libretro INFO] Service.LDR @ core/hle/service/ldr_ro/ldr_ro.cpp:LoadCRO:331: CRO "l01_jungle_intro" loaded at 0x010EE000, fixed_end=0x0119A000
[libretro WARN] Render.OpenGL @ video_core/renderer_opengl/renderer_opengl.cpp:DebugHandler:965: API PERFORMANCE 131218: Program/shader state performance warning: Vertex shader in program 180 is being recompiled based on GL state.
[libretro WARN] Render.OpenGL @ video_core/renderer_opengl/renderer_opengl.cpp:DebugHandler:965: API PERFORMANCE 131218: Program/shader state performance warning: Vertex shader in program 189 is being recompiled based on GL state.
[libretro ERROR] Debug @ audio_core/hle/source.cpp:ParseConfig:205: ADPCM not handled for partial buffer updates
[libretro ERROR] Debug @ audio_core/hle/source.cpp:ParseConfig:205: ADPCM not handled for partial buffer updates
[INFO] [Video]: Restored video driver to "vulkan".
[INFO] [Config]: Loading config: "/home/willian/.config/retroarch/retroarch.cfg".
[INFO] [Overrides]: Configuration overrides unloaded, original configuration restored.
[INFO] [Core]: Content ran for a total of: 00 hours, 00 minutes, 54 seconds.
[INFO] [Runtime]: Saving runtime log file: "/home/willian/.config/retroarch/playlists/logs/Citra/Donkey Kong Country Returns 3D (USA) (En,Fr,Es).lrtl".
[INFO] [Core]: Unloading game..
[libretro INFO] RPC_Server @ core/rpc/rpc_server.cpp:~RPCServer:20: Stopping RPC ...
[libretro INFO] RPC_Server @ core/rpc/server.cpp:NewRequestCallback:37: Received end packet
[libretro INFO] RPC_Server @ core/rpc/rpc_server.cpp:~RPCServer:24: RPC stopped.
[INFO] [PulseAudio]: Pausing.
[INFO] [Core]: Unloading core..
[INFO] [Core]: Unloading core symbols..
[INFO] [Core]: Saved core options file to "/home/willian/.config/retroarch/config/Citra/Citra.opt".
[INFO] [XINERAMA]: Xinerama version: 1.1.
[INFO] [XINERAMA]: Xinerama screens: 1.
[INFO] [XINERAMA]: Saved monitor #0.
[INFO] [Video]: Does not have enough samples for monitor refresh rate estimation. Requires to run for at least 4096 frames.
