[INFO] RetroArch 1.16.0 (Git 6c2cc45628)
[INFO] === Build =======================================
[INFO] CPU Model Name: AMD Ryzen 7 5700X 8-Core Processor             
[INFO] Capacidades: MMX MMXEXT SSE SSE2 SSE3 SSSE3 SSE4 SSE42 AES AVX AVX2 
[INFO] Version: 1.16.0
[INFO] Git: 6c2cc45628
[INFO] Built: Oct  9 2023
[INFO] =================================================
[INFO] [Input]: Found input driver: "x".
[INFO] [Environ]: SET_PIXEL_FORMAT: RGB565.
[INFO] [Core]: Versão da API libretro: 1, Compilado contra a API: 1
[INFO] [Core]: Geometry: 320x240, Aspect: 1.333, FPS: 60.00, Sample rate: 48000.00 Hz.
[INFO] [Audio]: Set audio input rate to: 48000.00 Hz.
[INFO] [Video]: Set video size to: 3840x2160.
[ERROR] [Wayland]: Failed to connect to Wayland server.
[INFO] [Vulkan]: Vulkan dynamic library loaded.
[INFO] [Vulkan]: Found vulkan context: "vk_x".
[INFO] [Vulkan]: Detecting screen resolution: 2560x1440.
[INFO] [XINERAMA]: Xinerama version: 1.1.
[INFO] [XINERAMA]: Xinerama screens: 1.
[INFO] [X/Vulkan]: Using Xinerama on screen #0.
[INFO] [X/Vulkan]: X = 0, Y = 0, W = 2560, H = 1440.
[INFO] [X/Vulkan]: Requesting compositor bypass.
[INFO] [X/Vulkan]: Using windowed fullscreen.
[INFO] [Vulkan]: Found GPU at index 0: "NVIDIA GeForce RTX 2060".
[INFO] [Vulkan]: Using GPU index 0.
[INFO] [Vulkan]: Using fences for WSI acquire.
[INFO] [Vulkan]: Using GPU: "NVIDIA GeForce RTX 2060".
[INFO] [Vulkan]: Queue family 0 supports 16 sub-queues.
[INFO] [Vulkan]: Got 2 swapchain images.
[INFO] [Vulkan]: Using resolution 2560x1440.
[INFO] [Vulkan]: Using RGB565 format.
[INFO] [Vulkan]: Loading stock shader.
[INFO] [udev]: Pad #0 (/dev/input/event2) supports force feedback.
[INFO] [udev]: Pad #0 (/dev/input/event2) supports 16 force feedback effects.
[INFO] [Autoconf]: Sony Interactive Entertainment Wireless Controller configurado na porta 1.
[INFO] [Joypad]: Found joypad driver: "udev".
[INFO] [DBus]: Suspended screensaver via DBus.
[INFO] [Video]: Found display server: "x11".
[INFO] [SDL audio]: Requested 64 ms latency for output device, got 85 ms
[INFO] [Audio]: Started synchronous audio driver.
[WARN] [Audio]: Rate control was desired, but driver does not support needed features.
[INFO] [Display]: Found display driver: "vulkan".
[INFO] [Playlist]: Carregando o arquivo de favoritos: "/home/willian/.config/retroarch/content_favorites.lpl".
[INFO] [X/Vulkan]: Resized fullscreen resolution to 2560x1440.
[ERROR] [Thumbnail]: Download "/home/willian/.config/retroarch/thumbnails/Arcade Classics - Irem/Named_Titles/Battle Chopper.png" failed: File not found.
[ERROR] [Thumbnail]: Download "/home/willian/.config/retroarch/thumbnails/Arcade Classics - Irem/Named_Boxarts/Battle Chopper.png" failed: File not found.
[ERROR] [Thumbnail]: Download "/home/willian/.config/retroarch/thumbnails/Arcade Classics - Irem/Named_Titles/Cosmic Cop (World).png" failed: File not found.
[ERROR] [Thumbnail]: Download "/home/willian/.config/retroarch/thumbnails/Arcade Classics - Irem/Named_Boxarts/Cosmic Cop (World).png" failed: File not found.
[ERROR] [Thumbnail]: Download "/home/willian/.config/retroarch/thumbnails/Arcade Classics - Irem/Named_Titles/Gunforce 2 (US).png" failed: File not found.
[ERROR] [Thumbnail]: Download "/home/willian/.config/retroarch/thumbnails/Arcade Classics - Irem/Named_Boxarts/Gunforce 2 (US).png" failed: File not found.
[ERROR] [Thumbnail]: Download "/home/willian/.config/retroarch/thumbnails/Arcade Classics - Irem/Named_Titles/Horizon.png" failed: File not found.
[ERROR] [Thumbnail]: Download "/home/willian/.config/retroarch/thumbnails/Arcade Classics - Irem/Named_Boxarts/Horizon.png" failed: File not found.
[INFO] [Core]: Content ran for a total of: 00 hours, 00 minutes, 00 seconds.
[INFO] [Core]: Unloading core..
[INFO] [Core]: Unloading core symbols..
[INFO] [XINERAMA]: Xinerama version: 1.1.
[INFO] [XINERAMA]: Xinerama screens: 1.
[INFO] [XINERAMA]: Saved monitor #0.
[INFO] [Video]: Does not have enough samples for monitor refresh rate estimation. Requires to run for at least 4096 frames.
