[INFO] RetroArch 1.15.0 (Git 6616b807ed)
[INFO] === Build =======================================
[INFO] CPU Model Name: AMD Ryzen 7 5700X 8-Core Processor             
[INFO] Capacidades: MMX MMXEXT SSE SSE2 SSE3 SSE4 SSE4.2 AES AVX AVX2
[INFO] Built: May 25 2023
[INFO] Version: 1.15.0
[INFO] Git: 6616b807ed
[INFO] =================================================
[INFO] [Input]: Found input driver: "x".
[INFO] [Environ]: SET_PIXEL_FORMAT: RGB565.
[INFO] [Core]: Versão da API libretro: 1, Compilado contra a API: 1
[INFO] [Audio]: Set audio input rate to: 48000.00 Hz.
[INFO] [Video]: Set video size to: fullscreen.
[ERROR] [Wayland]: Failed to connect to Wayland server.
[INFO] [Vulkan]: Vulkan dynamic library loaded.
[INFO] [Vulkan]: Found vulkan context: "vk_x".
[INFO] [Vulkan]: Detecting screen resolution: 3840x2160.
[INFO] [XINERAMA]: Xinerama version: 1.1.
[INFO] [XINERAMA]: Xinerama screens: 1.
[INFO] [X/Vulkan]: Using Xinerama on screen #0.
[INFO] [X/Vulkan]: X = 0, Y = 0, W = 3840, H = 2160.
[INFO] [X/Vulkan]: Using windowed fullscreen.
[INFO] [Vulkan]: Found GPU at index 0: "NVIDIA GeForce RTX 2060".
[INFO] [Vulkan]: Using GPU index 0.
[INFO] [Vulkan]: Using fences for WSI acquire.
[INFO] [Vulkan]: Using GPU: "NVIDIA GeForce RTX 2060".
[INFO] [Vulkan]: Queue family 0 supports 16 sub-queues.
[INFO] [Vulkan]: Got 3 swapchain images.
[INFO] [Vulkan]: Using resolution 3840x2160.
[INFO] [Vulkan]: Using RGB565 format.
[INFO] [Vulkan]: Loading stock shader.
[INFO] [udev]: Pad #0 (/dev/input/event5) supports force feedback.
[INFO] [udev]: Pad #0 (/dev/input/event5) supports 16 force feedback effects.
[INFO] [Joypad]: Found joypad driver: "udev".
[INFO] [DBus]: Suspended screensaver via DBus.
[INFO] [Video]: Found display server: "x11".
[INFO] [PulseAudio]: Requested 24576 bytes buffer, got 18432.
[INFO] [Display]: Found display driver: "vulkan".
[INFO] [Playlist]: Carregando o arquivo de favoritos: "/home/willian/.config/retroarch/content_favorites.lpl".
[INFO] [PulseAudio]: Pausing.
[INFO] [X/Vulkan]: Resized fullscreen resolution to 3840x2160.
[INFO] [Core]: Using content: ".config/retroarch/roms/Nintendo - Super Nintendo Entertainment System/Great Circus Mystery Starring Mickey & Minnie, The (USA).zip".
[INFO] [Core]: Content ran for a total of: 00 hours, 00 minutes, 00 seconds.
[INFO] [Core]: Unloading core..
[INFO] [Core]: Unloading core symbols..
[INFO] [XINERAMA]: Xinerama version: 1.1.
[INFO] [XINERAMA]: Xinerama screens: 1.
[INFO] [XINERAMA]: Saved monitor #0.
[INFO] [Video]: Does not have enough samples for monitor refresh rate estimation. Requires to run for at least 4096 frames.
[INFO] RetroArch 1.15.0 (Git 6616b807ed)
[INFO] === Build =======================================
[INFO] CPU Model Name: AMD Ryzen 7 5700X 8-Core Processor             
[INFO] Capacidades: MMX MMXEXT SSE SSE2 SSE3 SSE4 SSE4.2 AES AVX AVX2
[INFO] Built: May 25 2023
[INFO] Version: 1.15.0
[INFO] Git: 6616b807ed
[INFO] =================================================
[INFO] [Input]: Found input driver: "x".
[INFO] [Core]: Loading dynamic libretro core from: "/home/willian/.config/retroarch/cores/snes9x2010_libretro.so"
[INFO] [Overrides]: Game-specific overrides found at "/home/willian/.config/retroarch/config/Snes9x 2010/Great Circus Mystery Starring Mickey & Minnie, The (USA).cfg".
[INFO] [Config]: Loading config: "/home/willian/.config/retroarch/retroarch.cfg".
[INFO] [Config]: Appending override config: "/home/willian/.config/retroarch/config/Snes9x 2010/Great Circus Mystery Starring Mickey & Minnie, The (USA).cfg".
[INFO] [Environ]: GET_CORE_OPTIONS_VERSION.
[INFO] [Environ]: GET_LANGUAGE: "7".
[INFO] [Environ]: RETRO_ENVIRONMENT_SET_CORE_OPTIONS_V2_INTL.
[INFO] [Environ]: SET_CONTROLLER_INFO.
[INFO] [Environ]: GET_VFS_INTERFACE. Core requested version >= V1, providing V3.
[INFO] [Overrides]: Redirecionando arquivo dados da memória do jogo em "/home/willian/.config/retroarch/saves/Great Circus Mystery Starring Mickey & Minnie, The (USA).srm".
[INFO] [Overrides]: Redirecionando o jogo salvo em "/home/willian/.config/retroarch/states/Great Circus Mystery Starring Mickey & Minnie, The (USA).state".
[INFO] [Environ]: GET_LOG_INTERFACE.
[INFO] [Environ]: SET_SUPPORT_ACHIEVEMENTS: yes.
[INFO] [Environ]: SET_PIXEL_FORMAT: RGB565.
[libretro INFO] EXT: Frontend supports RGB565 - will use that instead of XRGB1555.
[INFO] [Content]: Carregando arquivo de conteúdo: ".config/retroarch/roms/Nintendo - Super Nintendo Entertainment System/Great Circus Mystery Starring Mickey & Minnie, The (USA).zip#Great Circus Mystery Starring Mickey & Minnie, The (USA).smc".
[INFO] [Content]: CRC32: 0x1903ea89.
[INFO] [Environ]: SET_INPUT_DESCRIPTORS:
[libretro INFO] ROM: Map_HiROMMap
[libretro INFO] MAP: PPU.RenderSub = 1
[libretro INFO] MAP: PPU.FullClipping = 1
[libretro INFO] MAP: Settings.Transparency = 1
[libretro INFO] MAP: Settings.SpeedhackGameID = 0
[libretro INFO] MAP: PPU.SFXSpeedupHack = 0
[libretro INFO] MAP: coldata_update_screen = 1
[libretro INFO] ROM: "THE GREAT CIRCUS" [checksum ok] HiROM, 16Mbits, ROM, NTSC, SRAM:0Kbits, ID:    , CRC32:1903EA89
[INFO] [Environ]: SET_AUDIO_BUFFER_STATUS_CALLBACK.
[INFO] [Environ]: PERFORMANCE_LEVEL: 7.
[INFO] [Environ]: SET_MEMORY_MAPS.
[INFO] [Replay]: Found last replay slot: #0
[INFO] [SRAM]: Ignorando carregamento da SRAM.
[INFO] [Core]: Versão da API libretro: 1, Compilado contra a API: 1
[INFO] [Audio]: Set audio input rate to: 31987.50 Hz.
[INFO] [Video]: Set video size to: fullscreen.
[ERROR] [Wayland]: Failed to connect to Wayland server.
[INFO] [Vulkan]: Vulkan dynamic library loaded.
[INFO] [Vulkan]: Found vulkan context: "vk_x".
[INFO] [Vulkan]: Detecting screen resolution: 3840x2160.
[INFO] [XINERAMA]: Xinerama version: 1.1.
[INFO] [XINERAMA]: Xinerama screens: 1.
[INFO] [X/Vulkan]: Using Xinerama on screen #0.
[INFO] [X/Vulkan]: X = 0, Y = 0, W = 3840, H = 2160.
[INFO] [X/Vulkan]: Using windowed fullscreen.
[INFO] [Vulkan]: Found GPU at index 0: "NVIDIA GeForce RTX 2060".
[INFO] [Vulkan]: Using GPU index 0.
[INFO] [Vulkan]: Using fences for WSI acquire.
[INFO] [Vulkan]: Using GPU: "NVIDIA GeForce RTX 2060".
[INFO] [Vulkan]: Queue family 0 supports 16 sub-queues.
[INFO] [Vulkan]: Got 3 swapchain images.
[INFO] [Vulkan]: Using resolution 3840x2160.
[INFO] [Vulkan]: Using RGB565 format.
[INFO] [Shaders]: Specific shader preset found at "/home/willian/.config/retroarch/config/global.slangp".
[INFO] [slang]: Compiling shader: "/home/willian/.config/retroarch/shaders/shaders_slang/bezel/Mega_Bezel/shaders/guest/extras/hsm-drez-none.slang".
[INFO] [slang]: Using render target format R8G8B8A8_SRGB for pass output #0.
[INFO] [slang]: Compiling shader: "/home/willian/.config/retroarch/shaders/shaders_slang/bezel/Mega_Bezel/shaders/base/cache-info-all-params.slang".
[INFO] [slang]: Using render target format R32G32B32A32_SFLOAT for pass output #1.
[INFO] [slang]: Compiling shader: "/home/willian/.config/retroarch/shaders/shaders_slang/bezel/Mega_Bezel/shaders/base/text-adv.slang".
[INFO] [slang]: Using render target format R16G16B16A16_SFLOAT for pass output #2.
[INFO] [slang]: Compiling shader: "/home/willian/.config/retroarch/shaders/shaders_slang/bezel/Mega_Bezel/shaders/guest/extras/hsm-fetch-drez-output.slang".
[INFO] [slang]: Using render target format R8G8B8A8_SRGB for pass output #3.
[INFO] [slang]: Compiling shader: "/home/willian/.config/retroarch/shaders/shaders_slang/bezel/Mega_Bezel/shaders/dedither/dedither-gamma-prep-1-before.slang".
[INFO] [slang]: Using render target format R8G8B8A8_UNORM for pass output #4.
[INFO] [slang]: Compiling shader: "/home/willian/.config/retroarch/shaders/shaders_slang/bezel/Mega_Bezel/shaders/hyllian/sgenpt-mix/sgenpt-mix-pass1.slang".
[INFO] [slang]: Using render target format R8G8B8A8_UNORM for pass output #5.
[INFO] [slang]: Compiling shader: "/home/willian/.config/retroarch/shaders/shaders_slang/bezel/Mega_Bezel/shaders/hyllian/sgenpt-mix/sgenpt-mix-pass2.slang".
[INFO] [slang]: Using render target format R8G8B8A8_UNORM for pass output #6.
[INFO] [slang]: Compiling shader: "/home/willian/.config/retroarch/shaders/shaders_slang/bezel/Mega_Bezel/shaders/hyllian/sgenpt-mix/sgenpt-mix-pass3.slang".
[INFO] [slang]: Using render target format R8G8B8A8_UNORM for pass output #7.
[INFO] [slang]: Compiling shader: "/home/willian/.config/retroarch/shaders/shaders_slang/bezel/Mega_Bezel/shaders/hyllian/sgenpt-mix/sgenpt-mix-pass4.slang".
[INFO] [slang]: Using render target format R8G8B8A8_UNORM for pass output #8.
[INFO] [slang]: Compiling shader: "/home/willian/.config/retroarch/shaders/shaders_slang/bezel/Mega_Bezel/shaders/hyllian/sgenpt-mix/sgenpt-mix-pass5.slang".
[INFO] [slang]: Using render target format R8G8B8A8_UNORM for pass output #9.
[INFO] [slang]: Compiling shader: "/home/willian/.config/retroarch/shaders/shaders_slang/bezel/Mega_Bezel/shaders/dedither/dedither-gamma-prep-2-after.slang".
[INFO] [slang]: Using render target format R8G8B8A8_UNORM for pass output #10.
[INFO] [slang]: Compiling shader: "/home/willian/.config/retroarch/shaders/shaders_slang/bezel/Mega_Bezel/shaders/ps1dither/hsm-PS1-Undither-BoxBlur.slang".
[INFO] [slang]: Using render target format R8G8B8A8_UNORM for pass output #11.
[INFO] [slang]: Compiling shader: "/home/willian/.config/retroarch/shaders/shaders_slang/bezel/Mega_Bezel/shaders/fxaa/fxaa.slang".
[INFO] [slang]: Using render target format R8G8B8A8_UNORM for pass output #12.
[INFO] [slang]: Compiling shader: "/home/willian/.config/retroarch/shaders/shaders_slang/bezel/Mega_Bezel/shaders/guest/extras/hsm-g-sharp_resampler.slang".
[INFO] [slang]: Using render target format R8G8B8A8_UNORM for pass output #13.
[INFO] [slang]: Compiling shader: "/home/willian/.config/retroarch/shaders/shaders_slang/bezel/Mega_Bezel/shaders/guest/extras/hsm-sharpsmoother.slang".
[INFO] [slang]: Using render target format R8G8B8A8_UNORM for pass output #14.
[INFO] [slang]: Compiling shader: "/home/willian/.config/retroarch/shaders/shaders_slang/bezel/Mega_Bezel/shaders/base/stock.slang".
[INFO] [slang]: Using render target format R8G8B8A8_UNORM for pass output #15.
[INFO] [slang]: Compiling shader: "/home/willian/.config/retroarch/shaders/shaders_slang/bezel/Mega_Bezel/shaders/scalefx/hsm-scalefx-pass0.slang".
[INFO] [slang]: Using render target format R16G16B16A16_SFLOAT for pass output #16.
[INFO] [slang]: Compiling shader: "/home/willian/.config/retroarch/shaders/shaders_slang/bezel/Mega_Bezel/shaders/scalefx/hsm-scalefx-pass1.slang".
[INFO] [slang]: Using render target format R8G8B8A8_UNORM for pass output #17.
[INFO] [slang]: Compiling shader: "/home/willian/.config/retroarch/shaders/shaders_slang/bezel/Mega_Bezel/shaders/scalefx/hsm-scalefx-pass2.slang".
[INFO] [slang]: Using render target format R8G8B8A8_UNORM for pass output #18.
[INFO] [slang]: Compiling shader: "/home/willian/.config/retroarch/shaders/shaders_slang/bezel/Mega_Bezel/shaders/scalefx/hsm-scalefx-pass3.slang".
[INFO] [slang]: Using render target format R8G8B8A8_UNORM for pass output #19.
[INFO] [slang]: Compiling shader: "/home/willian/.config/retroarch/shaders/shaders_slang/bezel/Mega_Bezel/shaders/scalefx/hsm-scalefx-pass4.slang".
[INFO] [slang]: Using render target format R8G8B8A8_UNORM for pass output #20.
[INFO] [slang]: Compiling shader: "/home/willian/.config/retroarch/shaders/shaders_slang/bezel/Mega_Bezel/shaders/base/intro.slang".
[INFO] [slang]: Using render target format R16G16B16A16_SFLOAT for pass output #21.
[INFO] [slang]: Compiling shader: "/home/willian/.config/retroarch/shaders/shaders_slang/bezel/Mega_Bezel/shaders/gtu/hsm-gtu-pass1.slang".
[INFO] [slang]: Using render target format R16G16B16A16_SFLOAT for pass output #22.
[INFO] [slang]: Compiling shader: "/home/willian/.config/retroarch/shaders/shaders_slang/bezel/Mega_Bezel/shaders/gtu/hsm-gtu-pass2.slang".
[INFO] [slang]: Using render target format R16G16B16A16_SFLOAT for pass output #23.
[INFO] [slang]: Compiling shader: "/home/willian/.config/retroarch/shaders/shaders_slang/bezel/Mega_Bezel/shaders/base/stock.slang".
[INFO] [slang]: Using render target format R8G8B8A8_UNORM for pass output #24.
[INFO] [slang]: Compiling shader: "/home/willian/.config/retroarch/shaders/shaders_slang/bezel/Mega_Bezel/shaders/guest/hsm-afterglow0.slang".
[INFO] [slang]: Using render target format R8G8B8A8_UNORM for pass output #25.
[INFO] [slang]: Compiling shader: "/home/willian/.config/retroarch/shaders/shaders_slang/bezel/Mega_Bezel/shaders/guest/hsm-pre-shaders-afterglow.slang".
[INFO] [slang]: Using render target format R8G8B8A8_UNORM for pass output #26.
[INFO] [slang]: Compiling shader: "/home/willian/.config/retroarch/shaders/shaders_slang/bezel/Mega_Bezel/shaders/dogway/hsm-grade.slang".
[INFO] [slang]: Using render target format R8G8B8A8_UNORM for pass output #27.
[INFO] [slang]: Compiling shader: "/home/willian/.config/retroarch/shaders/shaders_slang/bezel/Mega_Bezel/shaders/guest/hsm-custom-fast-sharpen.slang".
[INFO] [slang]: Using render target format R8G8B8A8_UNORM for pass output #28.
[INFO] [slang]: Compiling shader: "/home/willian/.config/retroarch/shaders/shaders_slang/bezel/Mega_Bezel/shaders/base/stock.slang".
[INFO] [slang]: Using render target format R8G8B8A8_UNORM for pass output #29.
[INFO] [slang]: Compiling shader: "/home/willian/.config/retroarch/shaders/shaders_slang/bezel/Mega_Bezel/shaders/guest/hsm-avg-lum.slang".
[INFO] [slang]: Using render target format R8G8B8A8_UNORM for pass output #30.
[INFO] [slang]: Compiling shader: "/home/willian/.config/retroarch/shaders/shaders_slang/bezel/Mega_Bezel/shaders/guest/hsm-interlace-and-linearize.slang".
[INFO] [slang]: Using render target format R16G16B16A16_SFLOAT for pass output #31.
[INFO] [slang]: Compiling shader: "/home/willian/.config/retroarch/shaders/shaders_slang/bezel/Mega_Bezel/shaders/guest/hsm-gaussian_horizontal.slang".
[INFO] [slang]: Using render target format R16G16B16A16_SFLOAT for pass output #32.
[INFO] [slang]: Compiling shader: "/home/willian/.config/retroarch/shaders/shaders_slang/bezel/Mega_Bezel/shaders/guest/hsm-gaussian_vertical.slang".
[INFO] [slang]: Using render target format R16G16B16A16_SFLOAT for pass output #33.
[INFO] [slang]: Compiling shader: "/home/willian/.config/retroarch/shaders/shaders_slang/bezel/Mega_Bezel/shaders/guest/hsm-bloom_horizontal.slang".
[INFO] [slang]: Using render target format R16G16B16A16_SFLOAT for pass output #34.
[INFO] [slang]: Compiling shader: "/home/willian/.config/retroarch/shaders/shaders_slang/bezel/Mega_Bezel/shaders/guest/hsm-bloom_vertical.slang".
[INFO] [slang]: Using render target format R16G16B16A16_SFLOAT for pass output #35.
[INFO] [slang]: Compiling shader: "/home/willian/.config/retroarch/shaders/shaders_slang/bezel/Mega_Bezel/shaders/guest/hsm-crt-guest-advanced.slang".
[INFO] [slang]: Using render target format R16G16B16A16_SFLOAT for pass output #36.
[INFO] [slang]: Compiling shader: "/home/willian/.config/retroarch/shaders/shaders_slang/bezel/Mega_Bezel/shaders/guest/hsm-deconvergence.slang".
[INFO] [slang]: Using render target format R16G16B16A16_SFLOAT for pass output #37.
[INFO] [slang]: Compiling shader: "/home/willian/.config/retroarch/shaders/shaders_slang/bezel/Mega_Bezel/shaders/base/post-crt-prep-image-layers.slang".
[INFO] [slang]: Using render target format R16G16B16A16_SFLOAT for pass output #38.
[INFO] [slang]: Compiling shader: "/home/willian/.config/retroarch/shaders/shaders_slang/bezel/Mega_Bezel/shaders/base/bezel-images-under-crt.slang".
[INFO] [slang]: Using render target format R16G16B16A16_SFLOAT for pass output #39.
[INFO] [slang]: Compiling shader: "/home/willian/.config/retroarch/shaders/shaders_slang/bezel/Mega_Bezel/shaders/base/bezel-images-over-crt.slang".
[INFO] [slang]: Using render target format R16G16B16A16_SFLOAT for pass output #40.
[INFO] [slang]: Compiling shader: "/home/willian/.config/retroarch/shaders/shaders_slang/bezel/Mega_Bezel/shaders/base/linearize-crt.slang".
[INFO] [slang]: Using render target format R16G16B16A16_SFLOAT for pass output #41.
[INFO] [slang]: Compiling shader: "/home/willian/.config/retroarch/shaders/shaders_slang/bezel/Mega_Bezel/shaders/base/blur-outside-screen-horiz.slang".
[INFO] [slang]: Using render target format R8G8B8A8_UNORM for pass output #42.
[INFO] [slang]: Compiling shader: "/home/willian/.config/retroarch/shaders/shaders_slang/bezel/Mega_Bezel/shaders/base/blur-outside-screen-vert.slang".
[INFO] [slang]: Using render target format R8G8B8A8_UNORM for pass output #43.
[INFO] [slang]: Compiling shader: "/home/willian/.config/retroarch/shaders/shaders_slang/blurs/shaders/royale/blur9x9.slang".
[INFO] [slang]: Using render target format R16G16B16A16_SFLOAT for pass output #44.
[INFO] [slang]: Compiling shader: "/home/willian/.config/retroarch/shaders/shaders_slang/blurs/shaders/royale/blur9x9.slang".
[INFO] [slang]: Using render target format R16G16B16A16_SFLOAT for pass output #45.
[INFO] [slang]: Compiling shader: "/home/willian/.config/retroarch/shaders/shaders_slang/bezel/Mega_Bezel/shaders/base/reflection.slang".
[INFO] [slang]: Using render target format R16G16B16A16_SFLOAT for pass output #46.
[INFO] [slang]: Compiling shader: "/home/willian/.config/retroarch/shaders/shaders_slang/bezel/Mega_Bezel/shaders/base/combine-passes.slang".
[INFO] [slang]: Using render target format R8G8B8A8_UNORM for pass output #47.
[INFO] [Vulkan filter chain]: Creating framebuffer 1024x1024 (max 1 level(s)).
[INFO] [Vulkan filter chain]: Creating framebuffer 1024x1024 (max 1 level(s)).
[INFO] [Vulkan filter chain]: Creating framebuffer 1024x1024 (max 1 level(s)).
[INFO] [Vulkan filter chain]: Creating framebuffer 1024x1024 (max 1 level(s)).
[INFO] [Vulkan filter chain]: Creating framebuffer 1024x1024 (max 1 level(s)).
[INFO] [Vulkan filter chain]: Creating framebuffer 1024x1024 (max 1 level(s)).
[INFO] [Vulkan filter chain]: Creating framebuffer 1024x1024 (max 1 level(s)).
[INFO] [Vulkan filter chain]: Creating framebuffer 1024x1024 (max 1 level(s)).
[INFO] [Vulkan filter chain]: Creating framebuffer 1024x1024 (max 1 level(s)).
[INFO] [Vulkan filter chain]: Creating framebuffer 1024x1024 (max 1 level(s)).
[INFO] [Vulkan filter chain]: Creating framebuffer 1024x1024 (max 1 level(s)).
[INFO] [Vulkan filter chain]: Creating framebuffer 1024x1024 (max 1 level(s)).
[INFO] [Vulkan filter chain]: Creating framebuffer 1024x1024 (max 1 level(s)).
[INFO] [Vulkan filter chain]: Creating framebuffer 1024x1024 (max 1 level(s)).
[INFO] [Vulkan filter chain]: Creating framebuffer 1024x1024 (max 1 level(s)).
[INFO] [Vulkan filter chain]: Creating framebuffer 1024x1024 (max 1 level(s)).
[INFO] [Vulkan filter chain]: Creating framebuffer 1024x1024 (max 1 level(s)).
[INFO] [Vulkan filter chain]: Creating framebuffer 1024x1024 (max 1 level(s)).
[INFO] [Vulkan filter chain]: Creating framebuffer 1024x1024 (max 1 level(s)).
[INFO] [Vulkan filter chain]: Creating framebuffer 1024x1024 (max 1 level(s)).
[INFO] [Vulkan filter chain]: Creating framebuffer 3072x3072 (max 1 level(s)).
[INFO] [Vulkan filter chain]: Creating framebuffer 3072x3072 (max 1 level(s)).
[INFO] [Vulkan filter chain]: Creating framebuffer 3072x3072 (max 1 level(s)).
[INFO] [Vulkan filter chain]: Creating framebuffer 3072x3072 (max 1 level(s)).
[INFO] [Vulkan filter chain]: Creating framebuffer 3072x3072 (max 1 level(s)).
[INFO] [Vulkan filter chain]: Creating framebuffer 3072x3072 (max 4294967295 level(s)).
[INFO] [Vulkan filter chain]: Creating framebuffer 3072x3072 (max 1 level(s)).
[INFO] [Vulkan filter chain]: Creating framebuffer 3072x3072 (max 1 level(s)).
[INFO] [Vulkan filter chain]: Creating framebuffer 3072x3072 (max 4294967295 level(s)).
[INFO] [Vulkan filter chain]: Creating framebuffer 3072x3072 (max 4294967295 level(s)).
[INFO] [Vulkan filter chain]: Creating framebuffer 3072x3072 (max 1 level(s)).
[INFO] [Vulkan filter chain]: Creating framebuffer 3072x3072 (max 1 level(s)).
[INFO] [Vulkan filter chain]: Creating framebuffer 800x3072 (max 1 level(s)).
[INFO] [Vulkan filter chain]: Creating framebuffer 800x600 (max 1 level(s)).
[INFO] [Vulkan filter chain]: Creating framebuffer 800x600 (max 1 level(s)).
[INFO] [Vulkan filter chain]: Creating framebuffer 800x600 (max 1 level(s)).
[INFO] [Vulkan filter chain]: Creating framebuffer 2880x2160 (max 1 level(s)).
[INFO] [Vulkan filter chain]: Creating framebuffer 2880x2160 (max 4294967295 level(s)).
[INFO] [Vulkan filter chain]: Creating framebuffer 2880x2160 (max 1 level(s)).
[INFO] [Vulkan filter chain]: Creating framebuffer 2880x2160 (max 1 level(s)).
[INFO] [Vulkan filter chain]: Creating framebuffer 2880x2160 (max 4294967295 level(s)).
[INFO] [Vulkan filter chain]: Creating framebuffer 800x600 (max 4294967295 level(s)).
[INFO] [Vulkan filter chain]: Creating framebuffer 800x600 (max 1 level(s)).
[INFO] [Vulkan filter chain]: Creating framebuffer 800x600 (max 4294967295 level(s)).
[INFO] [Vulkan filter chain]: Creating framebuffer 128x128 (max 4294967295 level(s)).
[INFO] [Vulkan filter chain]: Creating framebuffer 12x12 (max 1 level(s)).
[INFO] [Vulkan filter chain]: Creating framebuffer 2880x2160 (max 1 level(s)).
[INFO] [Vulkan filter chain]: Creating framebuffer 2880x2160 (max 1 level(s)).
[INFO] [Vulkan filter chain]: Creating framebuffer 1024x1024 (max 1 level(s)).
[INFO] [Vulkan filter chain]: Creating framebuffer 1024x1024 (max 1 level(s)).
[INFO] [Vulkan filter chain]: Creating framebuffer 1024x1024 (max 1 level(s)).
[INFO] [Vulkan filter chain]: Creating framebuffer 1024x1024 (max 1 level(s)).
[INFO] [Vulkan filter chain]: Using framebuffer feedback for pass #1.
[INFO] [Vulkan filter chain]: Creating framebuffer 1024x1024 (max 1 level(s)).
[INFO] [Vulkan filter chain]: Using framebuffer feedback for pass #2.
[INFO] [Vulkan filter chain]: Creating framebuffer 3072x3072 (max 4294967295 level(s)).
[INFO] [Vulkan filter chain]: Using framebuffer feedback for pass #25.
[INFO] [Vulkan filter chain]: Creating framebuffer 3072x3072 (max 1 level(s)).
[INFO] [Vulkan filter chain]: Using framebuffer feedback for pass #30.
[INFO] [Vulkan filter chain]: Creating framebuffer 2880x2160 (max 1 level(s)).
[INFO] [Vulkan filter chain]: Using framebuffer feedback for pass #38.
[INFO] [Vulkan filter chain]: Creating framebuffer 2880x2160 (max 1 level(s)).
[INFO] [Vulkan filter chain]: Using framebuffer feedback for pass #39.
[INFO] [Vulkan filter chain]: Creating framebuffer 2880x2160 (max 4294967295 level(s)).
[INFO] [Vulkan filter chain]: Using framebuffer feedback for pass #40.
[INFO] [Vulkan filter chain]: Creating framebuffer 2880x2160 (max 1 level(s)).
[INFO] [Vulkan filter chain]: Using framebuffer feedback for pass #46.
[INFO] [Vulkan filter chain]: Creating framebuffer 2880x2160 (max 1 level(s)).
[INFO] [Vulkan filter chain]: Using framebuffer feedback for pass #47.
[INFO] [udev]: Pad #0 (/dev/input/event5) supports force feedback.
[INFO] [udev]: Pad #0 (/dev/input/event5) supports 16 force feedback effects.
[INFO] [Joypad]: Found joypad driver: "udev".
[INFO] [DBus]: Suspended screensaver via DBus.
[INFO] [Video]: Found display server: "x11".
[INFO] [PulseAudio]: Requested 24576 bytes buffer, got 18432.
[INFO] [Display]: Found display driver: "vulkan".
[INFO] [Playlist]: Carregando o arquivo de favoritos: "/home/willian/.config/retroarch/content_favorites.lpl".
[INFO] [Vulkan filter chain]: Creating framebuffer 1024x1024 (max 1 level(s)).
[INFO] [Vulkan filter chain]: Creating framebuffer 1024x1024 (max 1 level(s)).
[INFO] [Vulkan filter chain]: Creating framebuffer 1024x1024 (max 1 level(s)).
[INFO] [Vulkan filter chain]: Creating framebuffer 1024x1024 (max 1 level(s)).
[INFO] [Vulkan filter chain]: Creating framebuffer 1024x1024 (max 1 level(s)).
[INFO] [Vulkan filter chain]: Creating framebuffer 1024x1024 (max 1 level(s)).
[INFO] [Vulkan filter chain]: Creating framebuffer 1024x1024 (max 1 level(s)).
[INFO] [Vulkan filter chain]: Creating framebuffer 1024x1024 (max 1 level(s)).
[INFO] [Vulkan filter chain]: Creating framebuffer 1024x1024 (max 1 level(s)).
[INFO] [Vulkan filter chain]: Creating framebuffer 1024x1024 (max 1 level(s)).
[INFO] [Vulkan filter chain]: Creating framebuffer 1024x1024 (max 1 level(s)).
[INFO] [Vulkan filter chain]: Creating framebuffer 1024x1024 (max 1 level(s)).
[INFO] [Vulkan filter chain]: Creating framebuffer 1024x1024 (max 1 level(s)).
[INFO] [Vulkan filter chain]: Creating framebuffer 1024x1024 (max 1 level(s)).
[INFO] [Vulkan filter chain]: Creating framebuffer 1024x1024 (max 1 level(s)).
[INFO] [Vulkan filter chain]: Creating framebuffer 1024x1024 (max 1 level(s)).
[INFO] [Vulkan filter chain]: Creating framebuffer 1024x1024 (max 1 level(s)).
[INFO] [Vulkan filter chain]: Creating framebuffer 1024x1024 (max 1 level(s)).
[INFO] [Vulkan filter chain]: Creating framebuffer 1024x1024 (max 1 level(s)).
[INFO] [Vulkan filter chain]: Creating framebuffer 1024x1024 (max 1 level(s)).
[INFO] [Vulkan filter chain]: Creating framebuffer 3072x3072 (max 1 level(s)).
[INFO] [Vulkan filter chain]: Creating framebuffer 3072x3072 (max 1 level(s)).
[INFO] [Vulkan filter chain]: Creating framebuffer 3072x3072 (max 1 level(s)).
[INFO] [Vulkan filter chain]: Creating framebuffer 3072x3072 (max 1 level(s)).
[INFO] [Vulkan filter chain]: Creating framebuffer 3072x3072 (max 1 level(s)).
[INFO] [Vulkan filter chain]: Creating framebuffer 3072x3072 (max 4294967295 level(s)).
[INFO] [Vulkan filter chain]: Creating framebuffer 3072x3072 (max 1 level(s)).
[INFO] [Vulkan filter chain]: Creating framebuffer 3072x3072 (max 1 level(s)).
[INFO] [Vulkan filter chain]: Creating framebuffer 3072x3072 (max 4294967295 level(s)).
[INFO] [Vulkan filter chain]: Creating framebuffer 3072x3072 (max 4294967295 level(s)).
[INFO] [Vulkan filter chain]: Creating framebuffer 3072x3072 (max 1 level(s)).
[INFO] [Vulkan filter chain]: Creating framebuffer 3072x3072 (max 1 level(s)).
[INFO] [Vulkan filter chain]: Creating framebuffer 800x3072 (max 1 level(s)).
[INFO] [Vulkan filter chain]: Creating framebuffer 800x600 (max 1 level(s)).
[INFO] [Vulkan filter chain]: Creating framebuffer 800x600 (max 1 level(s)).
[INFO] [Vulkan filter chain]: Creating framebuffer 800x600 (max 1 level(s)).
[INFO] [Vulkan filter chain]: Creating framebuffer 2880x2160 (max 1 level(s)).
[INFO] [Vulkan filter chain]: Creating framebuffer 2880x2160 (max 4294967295 level(s)).
[INFO] [Vulkan filter chain]: Creating framebuffer 2880x2160 (max 1 level(s)).
[INFO] [Vulkan filter chain]: Creating framebuffer 2880x2160 (max 1 level(s)).
[INFO] [Vulkan filter chain]: Creating framebuffer 2880x2160 (max 4294967295 level(s)).
[INFO] [Vulkan filter chain]: Creating framebuffer 800x600 (max 4294967295 level(s)).
[INFO] [Vulkan filter chain]: Creating framebuffer 800x600 (max 1 level(s)).
[INFO] [Vulkan filter chain]: Creating framebuffer 800x600 (max 4294967295 level(s)).
[INFO] [Vulkan filter chain]: Creating framebuffer 128x128 (max 4294967295 level(s)).
[INFO] [Vulkan filter chain]: Creating framebuffer 12x12 (max 1 level(s)).
[INFO] [Vulkan filter chain]: Creating framebuffer 2880x2160 (max 1 level(s)).
[INFO] [Vulkan filter chain]: Creating framebuffer 2880x2160 (max 1 level(s)).
[INFO] [Vulkan filter chain]: Creating framebuffer 1024x1024 (max 1 level(s)).
[INFO] [Vulkan filter chain]: Creating framebuffer 1024x1024 (max 1 level(s)).
[INFO] [Vulkan filter chain]: Creating framebuffer 1024x1024 (max 1 level(s)).
[INFO] [Vulkan filter chain]: Creating framebuffer 1024x1024 (max 1 level(s)).
[INFO] [Vulkan filter chain]: Using framebuffer feedback for pass #1.
[INFO] [Vulkan filter chain]: Creating framebuffer 1024x1024 (max 1 level(s)).
[INFO] [Vulkan filter chain]: Using framebuffer feedback for pass #2.
[INFO] [Vulkan filter chain]: Creating framebuffer 3072x3072 (max 4294967295 level(s)).
[INFO] [Vulkan filter chain]: Using framebuffer feedback for pass #25.
[INFO] [Vulkan filter chain]: Creating framebuffer 3072x3072 (max 1 level(s)).
[INFO] [Vulkan filter chain]: Using framebuffer feedback for pass #30.
[INFO] [Vulkan filter chain]: Creating framebuffer 2880x2160 (max 1 level(s)).
[INFO] [Vulkan filter chain]: Using framebuffer feedback for pass #38.
[INFO] [Vulkan filter chain]: Creating framebuffer 2880x2160 (max 1 level(s)).
[INFO] [Vulkan filter chain]: Using framebuffer feedback for pass #39.
[INFO] [Vulkan filter chain]: Creating framebuffer 2880x2160 (max 4294967295 level(s)).
[INFO] [Vulkan filter chain]: Using framebuffer feedback for pass #40.
[INFO] [Vulkan filter chain]: Creating framebuffer 2880x2160 (max 1 level(s)).
[INFO] [Vulkan filter chain]: Using framebuffer feedback for pass #46.
[INFO] [Vulkan filter chain]: Creating framebuffer 2880x2160 (max 1 level(s)).
[INFO] [Vulkan filter chain]: Using framebuffer feedback for pass #47.
[INFO] [Environ]: RETRO_ENVIRONMENT_SET_MINIMUM_AUDIO_LATENCY.
[INFO] [Vulkan filter chain]: Updating framebuffer size 256x224 (format: 43).
[INFO] [Vulkan filter chain]: Updating framebuffer size 256x224 (format: 109).
[INFO] [Vulkan filter chain]: Updating framebuffer size 256x224 (format: 97).
[INFO] [Vulkan filter chain]: Updating framebuffer size 256x224 (format: 43).
[INFO] [Vulkan filter chain]: Updating framebuffer size 256x224 (format: 37).
[INFO] [Vulkan filter chain]: Updating framebuffer size 256x224 (format: 37).
[INFO] [Vulkan filter chain]: Updating framebuffer size 256x224 (format: 37).
[INFO] [Vulkan filter chain]: Updating framebuffer size 256x224 (format: 37).
[INFO] [Vulkan filter chain]: Updating framebuffer size 256x224 (format: 37).
[INFO] [Vulkan filter chain]: Updating framebuffer size 256x224 (format: 37).
[INFO] [Vulkan filter chain]: Updating framebuffer size 256x224 (format: 37).
[INFO] [Vulkan filter chain]: Updating framebuffer size 256x224 (format: 37).
[INFO] [Vulkan filter chain]: Updating framebuffer size 256x224 (format: 37).
[INFO] [Vulkan filter chain]: Updating framebuffer size 256x224 (format: 37).
[INFO] [Vulkan filter chain]: Updating framebuffer size 256x224 (format: 37).
[INFO] [Vulkan filter chain]: Updating framebuffer size 256x224 (format: 37).
[INFO] [Vulkan filter chain]: Updating framebuffer size 256x224 (format: 97).
[INFO] [Vulkan filter chain]: Updating framebuffer size 256x224 (format: 37).
[INFO] [Vulkan filter chain]: Updating framebuffer size 256x224 (format: 37).
[INFO] [Vulkan filter chain]: Updating framebuffer size 256x224 (format: 37).
[INFO] [Vulkan filter chain]: Updating framebuffer size 768x672 (format: 37).
[INFO] [Vulkan filter chain]: Updating framebuffer size 768x672 (format: 97).
[INFO] [Vulkan filter chain]: Updating framebuffer size 768x672 (format: 97).
[INFO] [Vulkan filter chain]: Updating framebuffer size 768x672 (format: 97).
[INFO] [Vulkan filter chain]: Updating framebuffer size 768x672 (format: 37).
[INFO] [Vulkan filter chain]: Updating framebuffer size 768x672 (format: 37).
[INFO] [Vulkan filter chain]: Updating framebuffer size 768x672 (format: 37).
[INFO] [Vulkan filter chain]: Updating framebuffer size 768x672 (format: 37).
[INFO] [Vulkan filter chain]: Updating framebuffer size 768x672 (format: 37).
[INFO] [Vulkan filter chain]: Updating framebuffer size 768x672 (format: 37).
[INFO] [Vulkan filter chain]: Updating framebuffer size 768x672 (format: 37).
[INFO] [Vulkan filter chain]: Updating framebuffer size 768x672 (format: 97).
[INFO] [Vulkan filter chain]: Updating framebuffer size 800x672 (format: 97).
[INFO] [Vulkan filter chain]: Updating framebuffer size 256x224 (format: 37).
[INFO] [X/Vulkan]: Resized fullscreen resolution to 3840x2160.
[INFO] [Vulkan filter chain]: Creating framebuffer 1024x1024 (max 1 level(s)).
[INFO] [Vulkan filter chain]: Creating framebuffer 1024x1024 (max 1 level(s)).
[INFO] [Vulkan filter chain]: Creating framebuffer 1024x1024 (max 1 level(s)).
[INFO] [Vulkan filter chain]: Creating framebuffer 1024x1024 (max 1 level(s)).
[INFO] [Vulkan filter chain]: Creating framebuffer 1024x1024 (max 1 level(s)).
[INFO] [Vulkan filter chain]: Creating framebuffer 1024x1024 (max 1 level(s)).
[INFO] [Vulkan filter chain]: Creating framebuffer 1024x1024 (max 1 level(s)).
[INFO] [Vulkan filter chain]: Creating framebuffer 1024x1024 (max 1 level(s)).
[INFO] [Vulkan filter chain]: Creating framebuffer 1024x1024 (max 1 level(s)).
[INFO] [Vulkan filter chain]: Creating framebuffer 1024x1024 (max 1 level(s)).
[INFO] [Vulkan filter chain]: Creating framebuffer 1024x1024 (max 1 level(s)).
[INFO] [Vulkan filter chain]: Creating framebuffer 1024x1024 (max 1 level(s)).
[INFO] [Vulkan filter chain]: Creating framebuffer 1024x1024 (max 1 level(s)).
[INFO] [Vulkan filter chain]: Creating framebuffer 1024x1024 (max 1 level(s)).
[INFO] [Vulkan filter chain]: Creating framebuffer 1024x1024 (max 1 level(s)).
[INFO] [Vulkan filter chain]: Creating framebuffer 1024x1024 (max 1 level(s)).
[INFO] [Vulkan filter chain]: Creating framebuffer 1024x1024 (max 1 level(s)).
[INFO] [Vulkan filter chain]: Creating framebuffer 1024x1024 (max 1 level(s)).
[INFO] [Vulkan filter chain]: Creating framebuffer 1024x1024 (max 1 level(s)).
[INFO] [Vulkan filter chain]: Creating framebuffer 1024x1024 (max 1 level(s)).
[INFO] [Vulkan filter chain]: Creating framebuffer 3072x3072 (max 1 level(s)).
[INFO] [Vulkan filter chain]: Creating framebuffer 3072x3072 (max 1 level(s)).
[INFO] [Vulkan filter chain]: Creating framebuffer 3072x3072 (max 1 level(s)).
[INFO] [Vulkan filter chain]: Creating framebuffer 3072x3072 (max 1 level(s)).
[INFO] [Vulkan filter chain]: Creating framebuffer 3072x3072 (max 1 level(s)).
[INFO] [Vulkan filter chain]: Creating framebuffer 3072x3072 (max 4294967295 level(s)).
[INFO] [Vulkan filter chain]: Creating framebuffer 3072x3072 (max 1 level(s)).
[INFO] [Vulkan filter chain]: Creating framebuffer 3072x3072 (max 1 level(s)).
[INFO] [Vulkan filter chain]: Creating framebuffer 3072x3072 (max 4294967295 level(s)).
[INFO] [Vulkan filter chain]: Creating framebuffer 3072x3072 (max 4294967295 level(s)).
[INFO] [Vulkan filter chain]: Creating framebuffer 3072x3072 (max 1 level(s)).
[INFO] [Vulkan filter chain]: Creating framebuffer 3072x3072 (max 1 level(s)).
[INFO] [Vulkan filter chain]: Creating framebuffer 800x3072 (max 1 level(s)).
[INFO] [Vulkan filter chain]: Creating framebuffer 800x600 (max 1 level(s)).
[INFO] [Vulkan filter chain]: Creating framebuffer 800x600 (max 1 level(s)).
[INFO] [Vulkan filter chain]: Creating framebuffer 800x600 (max 1 level(s)).
[INFO] [Vulkan filter chain]: Creating framebuffer 2880x2160 (max 1 level(s)).
[INFO] [Vulkan filter chain]: Creating framebuffer 2880x2160 (max 4294967295 level(s)).
[INFO] [Vulkan filter chain]: Creating framebuffer 2880x2160 (max 1 level(s)).
[INFO] [Vulkan filter chain]: Creating framebuffer 2880x2160 (max 1 level(s)).
[INFO] [Vulkan filter chain]: Creating framebuffer 2880x2160 (max 4294967295 level(s)).
[INFO] [Vulkan filter chain]: Creating framebuffer 800x600 (max 4294967295 level(s)).
[INFO] [Vulkan filter chain]: Creating framebuffer 800x600 (max 1 level(s)).
[INFO] [Vulkan filter chain]: Creating framebuffer 800x600 (max 4294967295 level(s)).
[INFO] [Vulkan filter chain]: Creating framebuffer 128x128 (max 4294967295 level(s)).
[INFO] [Vulkan filter chain]: Creating framebuffer 12x12 (max 1 level(s)).
[INFO] [Vulkan filter chain]: Creating framebuffer 2880x2160 (max 1 level(s)).
[INFO] [Vulkan filter chain]: Creating framebuffer 2880x2160 (max 1 level(s)).
[INFO] [Vulkan filter chain]: Creating framebuffer 1024x1024 (max 1 level(s)).
[INFO] [Vulkan filter chain]: Creating framebuffer 1024x1024 (max 1 level(s)).
[INFO] [Vulkan filter chain]: Creating framebuffer 1024x1024 (max 1 level(s)).
[INFO] [Vulkan filter chain]: Creating framebuffer 1024x1024 (max 1 level(s)).
[INFO] [Vulkan filter chain]: Using framebuffer feedback for pass #1.
[INFO] [Vulkan filter chain]: Creating framebuffer 1024x1024 (max 1 level(s)).
[INFO] [Vulkan filter chain]: Using framebuffer feedback for pass #2.
[INFO] [Vulkan filter chain]: Creating framebuffer 3072x3072 (max 4294967295 level(s)).
[INFO] [Vulkan filter chain]: Using framebuffer feedback for pass #25.
[INFO] [Vulkan filter chain]: Creating framebuffer 3072x3072 (max 1 level(s)).
[INFO] [Vulkan filter chain]: Using framebuffer feedback for pass #30.
[INFO] [Vulkan filter chain]: Creating framebuffer 2880x2160 (max 1 level(s)).
[INFO] [Vulkan filter chain]: Using framebuffer feedback for pass #38.
[INFO] [Vulkan filter chain]: Creating framebuffer 2880x2160 (max 1 level(s)).
[INFO] [Vulkan filter chain]: Using framebuffer feedback for pass #39.
[INFO] [Vulkan filter chain]: Creating framebuffer 2880x2160 (max 4294967295 level(s)).
[INFO] [Vulkan filter chain]: Using framebuffer feedback for pass #40.
[INFO] [Vulkan filter chain]: Creating framebuffer 2880x2160 (max 1 level(s)).
[INFO] [Vulkan filter chain]: Using framebuffer feedback for pass #46.
[INFO] [Vulkan filter chain]: Creating framebuffer 2880x2160 (max 1 level(s)).
[INFO] [Vulkan filter chain]: Using framebuffer feedback for pass #47.
[INFO] [Vulkan filter chain]: Updating framebuffer size 256x224 (format: 43).
[INFO] [Vulkan filter chain]: Updating framebuffer size 256x224 (format: 109).
[INFO] [Vulkan filter chain]: Updating framebuffer size 256x224 (format: 97).
[INFO] [Vulkan filter chain]: Updating framebuffer size 256x224 (format: 43).
[INFO] [Vulkan filter chain]: Updating framebuffer size 256x224 (format: 37).
[INFO] [Vulkan filter chain]: Updating framebuffer size 256x224 (format: 37).
[INFO] [Vulkan filter chain]: Updating framebuffer size 256x224 (format: 37).
[INFO] [Vulkan filter chain]: Updating framebuffer size 256x224 (format: 37).
[INFO] [Vulkan filter chain]: Updating framebuffer size 256x224 (format: 37).
[INFO] [Vulkan filter chain]: Updating framebuffer size 256x224 (format: 37).
[INFO] [Vulkan filter chain]: Updating framebuffer size 256x224 (format: 37).
[INFO] [Vulkan filter chain]: Updating framebuffer size 256x224 (format: 37).
[INFO] [Vulkan filter chain]: Updating framebuffer size 256x224 (format: 37).
[INFO] [Vulkan filter chain]: Updating framebuffer size 256x224 (format: 37).
[INFO] [Vulkan filter chain]: Updating framebuffer size 256x224 (format: 37).
[INFO] [Vulkan filter chain]: Updating framebuffer size 256x224 (format: 37).
[INFO] [Vulkan filter chain]: Updating framebuffer size 256x224 (format: 97).
[INFO] [Vulkan filter chain]: Updating framebuffer size 256x224 (format: 37).
[INFO] [Vulkan filter chain]: Updating framebuffer size 256x224 (format: 37).
[INFO] [Vulkan filter chain]: Updating framebuffer size 256x224 (format: 37).
[INFO] [Vulkan filter chain]: Updating framebuffer size 768x672 (format: 37).
[INFO] [Vulkan filter chain]: Updating framebuffer size 768x672 (format: 97).
[INFO] [Vulkan filter chain]: Updating framebuffer size 768x672 (format: 97).
[INFO] [Vulkan filter chain]: Updating framebuffer size 768x672 (format: 97).
[INFO] [Vulkan filter chain]: Updating framebuffer size 768x672 (format: 37).
[INFO] [Vulkan filter chain]: Updating framebuffer size 768x672 (format: 37).
[INFO] [Vulkan filter chain]: Updating framebuffer size 768x672 (format: 37).
[INFO] [Vulkan filter chain]: Updating framebuffer size 768x672 (format: 37).
[INFO] [Vulkan filter chain]: Updating framebuffer size 768x672 (format: 37).
[INFO] [Vulkan filter chain]: Updating framebuffer size 768x672 (format: 37).
[INFO] [Vulkan filter chain]: Updating framebuffer size 768x672 (format: 37).
[INFO] [Vulkan filter chain]: Updating framebuffer size 768x672 (format: 97).
[INFO] [Vulkan filter chain]: Updating framebuffer size 800x672 (format: 97).
[INFO] [Vulkan filter chain]: Updating framebuffer size 256x224 (format: 37).
[INFO] [Vulkan filter chain]: Updating framebuffer size 256x224 (format: 109).
[INFO] [Vulkan filter chain]: Updating framebuffer size 256x224 (format: 97).
[INFO] [Vulkan filter chain]: Updating framebuffer size 768x672 (format: 37).
[INFO] [Vulkan filter chain]: Updating framebuffer size 768x672 (format: 37).
[INFO] [Vulkan filter chain]: Updating framebuffer size 256x224 (format: 37).
[INFO] [Vulkan filter chain]: Updating framebuffer size 256x224 (format: 37).
[INFO] [PulseAudio]: Pausing.
[INFO] [slang]: Compiling shader: "/home/willian/.config/retroarch/shaders/shaders_slang/misc/grade.slang".
[ERROR] [slang]: Failed to open shader file: "/home/willian/.config/retroarch/shaders/shaders_slang/misc/grade.slang".
[ERROR] [Vulkan]: Failed to compile shader: "/home/willian/.config/retroarch/shaders/shaders_slang/misc/grade.slang".
[ERROR] [Vulkan]: Failed to create preset: "/home/willian/.config/retroarch/shaders/CyberLab CRT-Royale 4K Arcade.slangp".
[ERROR] [Vulkan]: Failed to create filter chain: "/home/willian/.config/retroarch/shaders/CyberLab CRT-Royale 4K Arcade.slangp". Falling back to stock.
[INFO] [slang]: Compiling shader: "/home/willian/.config/retroarch/shaders/shaders_slang/bezel/Mega_Bezel/shaders/guest/extras/hsm-drez-none.slang".
[INFO] [slang]: Using render target format R8G8B8A8_SRGB for pass output #0.
[INFO] [slang]: Compiling shader: "/home/willian/.config/retroarch/shaders/shaders_slang/bezel/Mega_Bezel/shaders/base/cache-info-all-params.slang".
[INFO] [slang]: Using render target format R32G32B32A32_SFLOAT for pass output #1.
[INFO] [slang]: Compiling shader: "/home/willian/.config/retroarch/shaders/shaders_slang/bezel/Mega_Bezel/shaders/base/text-adv.slang".
[INFO] [slang]: Using render target format R16G16B16A16_SFLOAT for pass output #2.
[INFO] [slang]: Compiling shader: "/home/willian/.config/retroarch/shaders/shaders_slang/bezel/Mega_Bezel/shaders/guest/extras/hsm-fetch-drez-output.slang".
[INFO] [slang]: Using render target format R8G8B8A8_SRGB for pass output #3.
[INFO] [slang]: Compiling shader: "/home/willian/.config/retroarch/shaders/shaders_slang/bezel/Mega_Bezel/shaders/dedither/dedither-gamma-prep-1-before.slang".
[INFO] [slang]: Using render target format R8G8B8A8_UNORM for pass output #4.
[INFO] [slang]: Compiling shader: "/home/willian/.config/retroarch/shaders/shaders_slang/bezel/Mega_Bezel/shaders/hyllian/sgenpt-mix/sgenpt-mix-pass1.slang".
[INFO] [slang]: Using render target format R8G8B8A8_UNORM for pass output #5.
[INFO] [slang]: Compiling shader: "/home/willian/.config/retroarch/shaders/shaders_slang/bezel/Mega_Bezel/shaders/hyllian/sgenpt-mix/sgenpt-mix-pass2.slang".
[INFO] [slang]: Using render target format R8G8B8A8_UNORM for pass output #6.
[INFO] [slang]: Compiling shader: "/home/willian/.config/retroarch/shaders/shaders_slang/bezel/Mega_Bezel/shaders/hyllian/sgenpt-mix/sgenpt-mix-pass3.slang".
[INFO] [slang]: Using render target format R8G8B8A8_UNORM for pass output #7.
[INFO] [slang]: Compiling shader: "/home/willian/.config/retroarch/shaders/shaders_slang/bezel/Mega_Bezel/shaders/hyllian/sgenpt-mix/sgenpt-mix-pass4.slang".
[INFO] [slang]: Using render target format R8G8B8A8_UNORM for pass output #8.
[INFO] [slang]: Compiling shader: "/home/willian/.config/retroarch/shaders/shaders_slang/bezel/Mega_Bezel/shaders/hyllian/sgenpt-mix/sgenpt-mix-pass5.slang".
[INFO] [slang]: Using render target format R8G8B8A8_UNORM for pass output #9.
[INFO] [slang]: Compiling shader: "/home/willian/.config/retroarch/shaders/shaders_slang/bezel/Mega_Bezel/shaders/dedither/dedither-gamma-prep-2-after.slang".
[INFO] [slang]: Using render target format R8G8B8A8_UNORM for pass output #10.
[INFO] [slang]: Compiling shader: "/home/willian/.config/retroarch/shaders/shaders_slang/bezel/Mega_Bezel/shaders/ps1dither/hsm-PS1-Undither-BoxBlur.slang".
[INFO] [slang]: Using render target format R8G8B8A8_UNORM for pass output #11.
[INFO] [slang]: Compiling shader: "/home/willian/.config/retroarch/shaders/shaders_slang/bezel/Mega_Bezel/shaders/fxaa/fxaa.slang".
[INFO] [slang]: Using render target format R8G8B8A8_UNORM for pass output #12.
[INFO] [slang]: Compiling shader: "/home/willian/.config/retroarch/shaders/shaders_slang/bezel/Mega_Bezel/shaders/guest/extras/hsm-g-sharp_resampler.slang".
[INFO] [slang]: Using render target format R8G8B8A8_UNORM for pass output #13.
[INFO] [slang]: Compiling shader: "/home/willian/.config/retroarch/shaders/shaders_slang/bezel/Mega_Bezel/shaders/guest/extras/hsm-sharpsmoother.slang".
[INFO] [slang]: Using render target format R8G8B8A8_UNORM for pass output #14.
[INFO] [slang]: Compiling shader: "/home/willian/.config/retroarch/shaders/shaders_slang/bezel/Mega_Bezel/shaders/base/stock.slang".
[INFO] [slang]: Using render target format R8G8B8A8_UNORM for pass output #15.
[INFO] [slang]: Compiling shader: "/home/willian/.config/retroarch/shaders/shaders_slang/bezel/Mega_Bezel/shaders/scalefx/hsm-scalefx-pass0.slang".
[INFO] [slang]: Using render target format R16G16B16A16_SFLOAT for pass output #16.
[INFO] [slang]: Compiling shader: "/home/willian/.config/retroarch/shaders/shaders_slang/bezel/Mega_Bezel/shaders/scalefx/hsm-scalefx-pass1.slang".
[INFO] [slang]: Using render target format R8G8B8A8_UNORM for pass output #17.
[INFO] [slang]: Compiling shader: "/home/willian/.config/retroarch/shaders/shaders_slang/bezel/Mega_Bezel/shaders/scalefx/hsm-scalefx-pass2.slang".
[INFO] [slang]: Using render target format R8G8B8A8_UNORM for pass output #18.
[INFO] [slang]: Compiling shader: "/home/willian/.config/retroarch/shaders/shaders_slang/bezel/Mega_Bezel/shaders/scalefx/hsm-scalefx-pass3.slang".
[INFO] [slang]: Using render target format R8G8B8A8_UNORM for pass output #19.
[INFO] [slang]: Compiling shader: "/home/willian/.config/retroarch/shaders/shaders_slang/bezel/Mega_Bezel/shaders/scalefx/hsm-scalefx-pass4.slang".
[INFO] [slang]: Using render target format R8G8B8A8_UNORM for pass output #20.
[INFO] [slang]: Compiling shader: "/home/willian/.config/retroarch/shaders/shaders_slang/bezel/Mega_Bezel/shaders/base/intro.slang".
[INFO] [slang]: Using render target format R16G16B16A16_SFLOAT for pass output #21.
[INFO] [slang]: Compiling shader: "/home/willian/.config/retroarch/shaders/shaders_slang/bezel/Mega_Bezel/shaders/gtu/hsm-gtu-pass1.slang".
[INFO] [slang]: Using render target format R16G16B16A16_SFLOAT for pass output #22.
[INFO] [slang]: Compiling shader: "/home/willian/.config/retroarch/shaders/shaders_slang/bezel/Mega_Bezel/shaders/gtu/hsm-gtu-pass2.slang".
[INFO] [slang]: Using render target format R16G16B16A16_SFLOAT for pass output #23.
[INFO] [slang]: Compiling shader: "/home/willian/.config/retroarch/shaders/shaders_slang/bezel/Mega_Bezel/shaders/base/stock.slang".
[INFO] [slang]: Using render target format R8G8B8A8_UNORM for pass output #24.
[INFO] [slang]: Compiling shader: "/home/willian/.config/retroarch/shaders/shaders_slang/bezel/Mega_Bezel/shaders/guest/hsm-afterglow0.slang".
[INFO] [slang]: Using render target format R8G8B8A8_UNORM for pass output #25.
[INFO] [slang]: Compiling shader: "/home/willian/.config/retroarch/shaders/shaders_slang/bezel/Mega_Bezel/shaders/guest/hsm-pre-shaders-afterglow.slang".
[INFO] [slang]: Using render target format R8G8B8A8_UNORM for pass output #26.
[INFO] [slang]: Compiling shader: "/home/willian/.config/retroarch/shaders/shaders_slang/bezel/Mega_Bezel/shaders/dogway/hsm-grade.slang".
[INFO] [slang]: Using render target format R8G8B8A8_UNORM for pass output #27.
[INFO] [slang]: Compiling shader: "/home/willian/.config/retroarch/shaders/shaders_slang/bezel/Mega_Bezel/shaders/guest/hsm-custom-fast-sharpen.slang".
[INFO] [slang]: Using render target format R8G8B8A8_UNORM for pass output #28.
[INFO] [slang]: Compiling shader: "/home/willian/.config/retroarch/shaders/shaders_slang/bezel/Mega_Bezel/shaders/base/stock.slang".
[INFO] [slang]: Using render target format R8G8B8A8_UNORM for pass output #29.
[INFO] [slang]: Compiling shader: "/home/willian/.config/retroarch/shaders/shaders_slang/bezel/Mega_Bezel/shaders/guest/hsm-avg-lum.slang".
[INFO] [slang]: Using render target format R8G8B8A8_UNORM for pass output #30.
[INFO] [slang]: Compiling shader: "/home/willian/.config/retroarch/shaders/shaders_slang/bezel/Mega_Bezel/shaders/guest/hsm-interlace-and-linearize.slang".
[INFO] [slang]: Using render target format R16G16B16A16_SFLOAT for pass output #31.
[INFO] [slang]: Compiling shader: "/home/willian/.config/retroarch/shaders/shaders_slang/bezel/Mega_Bezel/shaders/guest/hsm-gaussian_horizontal.slang".
[INFO] [slang]: Using render target format R16G16B16A16_SFLOAT for pass output #32.
[INFO] [slang]: Compiling shader: "/home/willian/.config/retroarch/shaders/shaders_slang/bezel/Mega_Bezel/shaders/guest/hsm-gaussian_vertical.slang".
[INFO] [slang]: Using render target format R16G16B16A16_SFLOAT for pass output #33.
[INFO] [slang]: Compiling shader: "/home/willian/.config/retroarch/shaders/shaders_slang/bezel/Mega_Bezel/shaders/guest/hsm-bloom_horizontal.slang".
[INFO] [slang]: Using render target format R16G16B16A16_SFLOAT for pass output #34.
[INFO] [slang]: Compiling shader: "/home/willian/.config/retroarch/shaders/shaders_slang/bezel/Mega_Bezel/shaders/guest/hsm-bloom_vertical.slang".
[INFO] [slang]: Using render target format R16G16B16A16_SFLOAT for pass output #35.
[INFO] [slang]: Compiling shader: "/home/willian/.config/retroarch/shaders/shaders_slang/bezel/Mega_Bezel/shaders/guest/hsm-crt-guest-advanced.slang".
[INFO] [slang]: Using render target format R16G16B16A16_SFLOAT for pass output #36.
[INFO] [slang]: Compiling shader: "/home/willian/.config/retroarch/shaders/shaders_slang/bezel/Mega_Bezel/shaders/guest/hsm-deconvergence.slang".
[INFO] [slang]: Using render target format R16G16B16A16_SFLOAT for pass output #37.
[INFO] [slang]: Compiling shader: "/home/willian/.config/retroarch/shaders/shaders_slang/bezel/Mega_Bezel/shaders/base/post-crt-prep-image-layers.slang".
[INFO] [slang]: Using render target format R16G16B16A16_SFLOAT for pass output #38.
[INFO] [slang]: Compiling shader: "/home/willian/.config/retroarch/shaders/shaders_slang/bezel/Mega_Bezel/shaders/base/bezel-images-under-crt.slang".
[INFO] [slang]: Using render target format R16G16B16A16_SFLOAT for pass output #39.
[INFO] [slang]: Compiling shader: "/home/willian/.config/retroarch/shaders/shaders_slang/bezel/Mega_Bezel/shaders/base/bezel-images-over-crt.slang".
[INFO] [slang]: Using render target format R16G16B16A16_SFLOAT for pass output #40.
[INFO] [slang]: Compiling shader: "/home/willian/.config/retroarch/shaders/shaders_slang/bezel/Mega_Bezel/shaders/base/linearize-crt.slang".
[INFO] [slang]: Using render target format R16G16B16A16_SFLOAT for pass output #41.
[INFO] [slang]: Compiling shader: "/home/willian/.config/retroarch/shaders/shaders_slang/bezel/Mega_Bezel/shaders/base/blur-outside-screen-horiz.slang".
[INFO] [slang]: Using render target format R8G8B8A8_UNORM for pass output #42.
[INFO] [slang]: Compiling shader: "/home/willian/.config/retroarch/shaders/shaders_slang/bezel/Mega_Bezel/shaders/base/blur-outside-screen-vert.slang".
[INFO] [slang]: Using render target format R8G8B8A8_UNORM for pass output #43.
[INFO] [slang]: Compiling shader: "/home/willian/.config/retroarch/shaders/shaders_slang/blurs/shaders/royale/blur9x9.slang".
[INFO] [slang]: Using render target format R16G16B16A16_SFLOAT for pass output #44.
[INFO] [slang]: Compiling shader: "/home/willian/.config/retroarch/shaders/shaders_slang/blurs/shaders/royale/blur9x9.slang".
[INFO] [slang]: Using render target format R16G16B16A16_SFLOAT for pass output #45.
[INFO] [slang]: Compiling shader: "/home/willian/.config/retroarch/shaders/shaders_slang/bezel/Mega_Bezel/shaders/base/reflection.slang".
[INFO] [slang]: Using render target format R16G16B16A16_SFLOAT for pass output #46.
[INFO] [slang]: Compiling shader: "/home/willian/.config/retroarch/shaders/shaders_slang/bezel/Mega_Bezel/shaders/base/combine-passes.slang".
[INFO] [slang]: Using render target format R8G8B8A8_UNORM for pass output #47.
[INFO] [Vulkan filter chain]: Creating framebuffer 1024x1024 (max 1 level(s)).
[INFO] [Vulkan filter chain]: Creating framebuffer 1024x1024 (max 1 level(s)).
[INFO] [Vulkan filter chain]: Creating framebuffer 1024x1024 (max 1 level(s)).
[INFO] [Vulkan filter chain]: Creating framebuffer 1024x1024 (max 1 level(s)).
[INFO] [Vulkan filter chain]: Creating framebuffer 1024x1024 (max 1 level(s)).
[INFO] [Vulkan filter chain]: Creating framebuffer 1024x1024 (max 1 level(s)).
[INFO] [Vulkan filter chain]: Creating framebuffer 1024x1024 (max 1 level(s)).
[INFO] [Vulkan filter chain]: Creating framebuffer 1024x1024 (max 1 level(s)).
[INFO] [Vulkan filter chain]: Creating framebuffer 1024x1024 (max 1 level(s)).
[INFO] [Vulkan filter chain]: Creating framebuffer 1024x1024 (max 1 level(s)).
[INFO] [Vulkan filter chain]: Creating framebuffer 1024x1024 (max 1 level(s)).
[INFO] [Vulkan filter chain]: Creating framebuffer 1024x1024 (max 1 level(s)).
[INFO] [Vulkan filter chain]: Creating framebuffer 1024x1024 (max 1 level(s)).
[INFO] [Vulkan filter chain]: Creating framebuffer 1024x1024 (max 1 level(s)).
[INFO] [Vulkan filter chain]: Creating framebuffer 1024x1024 (max 1 level(s)).
[INFO] [Vulkan filter chain]: Creating framebuffer 1024x1024 (max 1 level(s)).
[INFO] [Vulkan filter chain]: Creating framebuffer 1024x1024 (max 1 level(s)).
[INFO] [Vulkan filter chain]: Creating framebuffer 1024x1024 (max 1 level(s)).
[INFO] [Vulkan filter chain]: Creating framebuffer 1024x1024 (max 1 level(s)).
[INFO] [Vulkan filter chain]: Creating framebuffer 1024x1024 (max 1 level(s)).
[INFO] [Vulkan filter chain]: Creating framebuffer 3072x3072 (max 1 level(s)).
[INFO] [Vulkan filter chain]: Creating framebuffer 3072x3072 (max 1 level(s)).
[INFO] [Vulkan filter chain]: Creating framebuffer 3072x3072 (max 1 level(s)).
[INFO] [Vulkan filter chain]: Creating framebuffer 3072x3072 (max 1 level(s)).
[INFO] [Vulkan filter chain]: Creating framebuffer 3072x3072 (max 1 level(s)).
[INFO] [Vulkan filter chain]: Creating framebuffer 3072x3072 (max 4294967295 level(s)).
[INFO] [Vulkan filter chain]: Creating framebuffer 3072x3072 (max 1 level(s)).
[INFO] [Vulkan filter chain]: Creating framebuffer 3072x3072 (max 1 level(s)).
[INFO] [Vulkan filter chain]: Creating framebuffer 3072x3072 (max 4294967295 level(s)).
[INFO] [Vulkan filter chain]: Creating framebuffer 3072x3072 (max 4294967295 level(s)).
[INFO] [Vulkan filter chain]: Creating framebuffer 3072x3072 (max 1 level(s)).
[INFO] [Vulkan filter chain]: Creating framebuffer 3072x3072 (max 1 level(s)).
[INFO] [Vulkan filter chain]: Creating framebuffer 800x3072 (max 1 level(s)).
[INFO] [Vulkan filter chain]: Creating framebuffer 800x600 (max 1 level(s)).
[INFO] [Vulkan filter chain]: Creating framebuffer 800x600 (max 1 level(s)).
[INFO] [Vulkan filter chain]: Creating framebuffer 800x600 (max 1 level(s)).
[INFO] [Vulkan filter chain]: Creating framebuffer 2880x2160 (max 1 level(s)).
[INFO] [Vulkan filter chain]: Creating framebuffer 2880x2160 (max 4294967295 level(s)).
[INFO] [Vulkan filter chain]: Creating framebuffer 2880x2160 (max 1 level(s)).
[INFO] [Vulkan filter chain]: Creating framebuffer 2880x2160 (max 1 level(s)).
[INFO] [Vulkan filter chain]: Creating framebuffer 2880x2160 (max 4294967295 level(s)).
[INFO] [Vulkan filter chain]: Creating framebuffer 800x600 (max 4294967295 level(s)).
[INFO] [Vulkan filter chain]: Creating framebuffer 800x600 (max 1 level(s)).
[INFO] [Vulkan filter chain]: Creating framebuffer 800x600 (max 4294967295 level(s)).
[INFO] [Vulkan filter chain]: Creating framebuffer 128x128 (max 4294967295 level(s)).
[INFO] [Vulkan filter chain]: Creating framebuffer 12x12 (max 1 level(s)).
[INFO] [Vulkan filter chain]: Creating framebuffer 2880x2160 (max 1 level(s)).
[INFO] [Vulkan filter chain]: Creating framebuffer 2880x2160 (max 1 level(s)).
[INFO] [Vulkan filter chain]: Creating framebuffer 1024x1024 (max 1 level(s)).
[INFO] [Vulkan filter chain]: Creating framebuffer 1024x1024 (max 1 level(s)).
[INFO] [Vulkan filter chain]: Creating framebuffer 1024x1024 (max 1 level(s)).
[INFO] [Vulkan filter chain]: Creating framebuffer 1024x1024 (max 1 level(s)).
[INFO] [Vulkan filter chain]: Using framebuffer feedback for pass #1.
[INFO] [Vulkan filter chain]: Creating framebuffer 1024x1024 (max 1 level(s)).
[INFO] [Vulkan filter chain]: Using framebuffer feedback for pass #2.
[INFO] [Vulkan filter chain]: Creating framebuffer 3072x3072 (max 4294967295 level(s)).
[INFO] [Vulkan filter chain]: Using framebuffer feedback for pass #25.
[INFO] [Vulkan filter chain]: Creating framebuffer 3072x3072 (max 1 level(s)).
[INFO] [Vulkan filter chain]: Using framebuffer feedback for pass #30.
[INFO] [Vulkan filter chain]: Creating framebuffer 2880x2160 (max 1 level(s)).
[INFO] [Vulkan filter chain]: Using framebuffer feedback for pass #38.
[INFO] [Vulkan filter chain]: Creating framebuffer 2880x2160 (max 1 level(s)).
[INFO] [Vulkan filter chain]: Using framebuffer feedback for pass #39.
[INFO] [Vulkan filter chain]: Creating framebuffer 2880x2160 (max 4294967295 level(s)).
[INFO] [Vulkan filter chain]: Using framebuffer feedback for pass #40.
[INFO] [Vulkan filter chain]: Creating framebuffer 2880x2160 (max 1 level(s)).
[INFO] [Vulkan filter chain]: Using framebuffer feedback for pass #46.
[INFO] [Vulkan filter chain]: Creating framebuffer 2880x2160 (max 1 level(s)).
[INFO] [Vulkan filter chain]: Using framebuffer feedback for pass #47.
[INFO] [Shaders]: Menu shader set to: "/home/willian/.config/retroarch/shaders/Mega_Bezel_Packs/CyberLab/MBZ__0__Smooth-Advance_Full_Reflections/4K_Optimized_Presets/CyberLab__Arcade-Sharp__PVM-Edition__ADV.slangp".
[INFO] [Shaders]: Aplicando sombreador: "/home/willian/.config/retroarch/shaders/Mega_Bezel_Packs/CyberLab/MBZ__0__Smooth-Advance_Full_Reflections/4K_Optimized_Presets/CyberLab__Arcade-Sharp__PVM-Edition__ADV.slangp".
[INFO] [Shaders]: Menu shader set to: "/home/willian/.config/retroarch/shaders/Mega_Bezel_Packs/CyberLab/MBZ__0__Smooth-Advance_Full_Reflections/4K_Optimized_Presets/CyberLab__Arcade-Sharp__PVM-Edition__ADV.slangp".
[INFO] [Vulkan filter chain]: Updating framebuffer size 256x224 (format: 43).
[INFO] [Vulkan filter chain]: Updating framebuffer size 256x224 (format: 109).
[INFO] [Vulkan filter chain]: Updating framebuffer size 256x224 (format: 97).
[INFO] [Vulkan filter chain]: Updating framebuffer size 256x224 (format: 43).
[INFO] [Vulkan filter chain]: Updating framebuffer size 256x224 (format: 37).
[INFO] [Vulkan filter chain]: Updating framebuffer size 256x224 (format: 37).
[INFO] [Vulkan filter chain]: Updating framebuffer size 256x224 (format: 37).
[INFO] [Vulkan filter chain]: Updating framebuffer size 256x224 (format: 37).
[INFO] [Vulkan filter chain]: Updating framebuffer size 256x224 (format: 37).
[INFO] [Vulkan filter chain]: Updating framebuffer size 256x224 (format: 37).
[INFO] [Vulkan filter chain]: Updating framebuffer size 256x224 (format: 37).
[INFO] [Vulkan filter chain]: Updating framebuffer size 256x224 (format: 37).
[INFO] [Vulkan filter chain]: Updating framebuffer size 256x224 (format: 37).
[INFO] [Vulkan filter chain]: Updating framebuffer size 256x224 (format: 37).
[INFO] [Vulkan filter chain]: Updating framebuffer size 256x224 (format: 37).
[INFO] [Vulkan filter chain]: Updating framebuffer size 256x224 (format: 37).
[INFO] [Vulkan filter chain]: Updating framebuffer size 256x224 (format: 97).
[INFO] [Vulkan filter chain]: Updating framebuffer size 256x224 (format: 37).
[INFO] [Vulkan filter chain]: Updating framebuffer size 256x224 (format: 37).
[INFO] [Vulkan filter chain]: Updating framebuffer size 256x224 (format: 37).
[INFO] [Vulkan filter chain]: Updating framebuffer size 768x672 (format: 37).
[INFO] [Vulkan filter chain]: Updating framebuffer size 768x672 (format: 97).
[INFO] [Vulkan filter chain]: Updating framebuffer size 768x672 (format: 97).
[INFO] [Vulkan filter chain]: Updating framebuffer size 768x672 (format: 97).
[INFO] [Vulkan filter chain]: Updating framebuffer size 768x672 (format: 37).
[INFO] [Vulkan filter chain]: Updating framebuffer size 768x672 (format: 37).
[INFO] [Vulkan filter chain]: Updating framebuffer size 768x672 (format: 37).
[INFO] [Vulkan filter chain]: Updating framebuffer size 768x672 (format: 37).
[INFO] [Vulkan filter chain]: Updating framebuffer size 768x672 (format: 37).
[INFO] [Vulkan filter chain]: Updating framebuffer size 768x672 (format: 37).
[INFO] [Vulkan filter chain]: Updating framebuffer size 768x672 (format: 37).
[INFO] [Vulkan filter chain]: Updating framebuffer size 768x672 (format: 97).
[INFO] [Vulkan filter chain]: Updating framebuffer size 800x672 (format: 97).
[INFO] [Vulkan filter chain]: Updating framebuffer size 256x224 (format: 37).
[INFO] [Vulkan filter chain]: Updating framebuffer size 256x224 (format: 109).
[INFO] [Vulkan filter chain]: Updating framebuffer size 256x224 (format: 97).
[INFO] [Vulkan filter chain]: Updating framebuffer size 768x672 (format: 37).
[INFO] [Vulkan filter chain]: Updating framebuffer size 768x672 (format: 37).
[INFO] [Vulkan filter chain]: Updating framebuffer size 256x224 (format: 37).
[INFO] [Vulkan filter chain]: Updating framebuffer size 256x224 (format: 37).
[INFO] [PulseAudio]: Unpausing.
[INFO] [PulseAudio]: Pausing.
[WARN] [Shaders]: Could not read shader preset in #reference line: "/home/willian/.config/retroarch/shaders/shaders_slang/shaders_slang/bezel/Mega_Bezel/Presets/Base_CRT_Presets/MBZ__0__SMOOTH-ADV__GDV.slangp".
[INFO] 
[WARN] [Shaders]: Could not read root preset: "/home/willian/.config/retroarch/shaders/shaders_slang/bezel/Mega_Bezel/Presets/Community_CRT_Variations/CyberLab/MBZ__1__Advance_Full_Reflections/4K/CyberLab__Arcade-Sharp__PVM-Edition__ADV.slangp".
[ERROR] [Vulkan]: Failed to create preset: "/home/willian/.config/retroarch/shaders/shaders_slang/bezel/Mega_Bezel/Presets/Community_CRT_Variations/CyberLab/MBZ__1__Advance_Full_Reflections/4K/CyberLab__Arcade-Sharp__PVM-Edition__ADV.slangp".
[ERROR] [Vulkan]: Failed to create filter chain: "/home/willian/.config/retroarch/shaders/shaders_slang/bezel/Mega_Bezel/Presets/Community_CRT_Variations/CyberLab/MBZ__1__Advance_Full_Reflections/4K/CyberLab__Arcade-Sharp__PVM-Edition__ADV.slangp". Falling back to stock.
[WARN] [Shaders]: Could not read shader preset in #reference line: "/home/willian/.config/retroarch/shaders/shaders_slang/shaders_slang/bezel/Mega_Bezel/Presets/Base_CRT_Presets/MBZ__0__SMOOTH-ADV__GDV.slangp".
[INFO] 
[WARN] [Shaders]: Could not read root preset: "/home/willian/.config/retroarch/shaders/shaders_slang/bezel/Mega_Bezel/Presets/Community_CRT_Variations/CyberLab/MBZ__1__Advance_Full_Reflections/4K/CyberLab__NES__ADV.slangp".
[ERROR] [Vulkan]: Failed to create preset: "/home/willian/.config/retroarch/shaders/shaders_slang/bezel/Mega_Bezel/Presets/Community_CRT_Variations/CyberLab/MBZ__1__Advance_Full_Reflections/4K/CyberLab__NES__ADV.slangp".
[ERROR] [Vulkan]: Failed to create filter chain: "/home/willian/.config/retroarch/shaders/shaders_slang/bezel/Mega_Bezel/Presets/Community_CRT_Variations/CyberLab/MBZ__1__Advance_Full_Reflections/4K/CyberLab__NES__ADV.slangp". Falling back to stock.
[WARN] [Shaders]: Could not read shader preset in #reference line: "/home/willian/.config/retroarch/shaders/shaders_slang/shaders_slang/bezel/Mega_Bezel/Presets/Base_CRT_Presets/MBZ__0__SMOOTH-ADV__GDV.slangp".
[INFO] 
[WARN] [Shaders]: Could not read root preset: "/home/willian/.config/retroarch/shaders/shaders_slang/bezel/Mega_Bezel/Presets/Community_CRT_Variations/CyberLab/MBZ__1__Advance_Full_Reflections/4K/CyberLab__SNES__ADV.slangp".
[ERROR] [Vulkan]: Failed to create preset: "/home/willian/.config/retroarch/shaders/shaders_slang/bezel/Mega_Bezel/Presets/Community_CRT_Variations/CyberLab/MBZ__1__Advance_Full_Reflections/4K/CyberLab__SNES__ADV.slangp".
[ERROR] [Vulkan]: Failed to create filter chain: "/home/willian/.config/retroarch/shaders/shaders_slang/bezel/Mega_Bezel/Presets/Community_CRT_Variations/CyberLab/MBZ__1__Advance_Full_Reflections/4K/CyberLab__SNES__ADV.slangp". Falling back to stock.
[WARN] [Shaders]: Could not read shader preset in #reference line: "/home/willian/.config/retroarch/shaders/shaders_slang/shaders_slang/bezel/Mega_Bezel/Presets/Base_CRT_Presets/MBZ__0__SMOOTH-ADV__GDV.slangp".
[INFO] 
[WARN] [Shaders]: Could not read root preset: "/home/willian/.config/retroarch/shaders/shaders_slang/bezel/Mega_Bezel/Presets/Community_CRT_Variations/CyberLab/MBZ__1__Advance_Full_Reflections/4K/CyberLab__Ultimate_Virtual_Slot_Mask_CRT-1P2RTA__ADV.slangp".
[ERROR] [Vulkan]: Failed to create preset: "/home/willian/.config/retroarch/shaders/shaders_slang/bezel/Mega_Bezel/Presets/Community_CRT_Variations/CyberLab/MBZ__1__Advance_Full_Reflections/4K/CyberLab__Ultimate_Virtual_Slot_Mask_CRT-1P2RTA__ADV.slangp".
[ERROR] [Vulkan]: Failed to create filter chain: "/home/willian/.config/retroarch/shaders/shaders_slang/bezel/Mega_Bezel/Presets/Community_CRT_Variations/CyberLab/MBZ__1__Advance_Full_Reflections/4K/CyberLab__Ultimate_Virtual_Slot_Mask_CRT-1P2RTA__ADV.slangp". Falling back to stock.
[WARN] [Shaders]: Could not read shader preset in #reference line: "/home/willian/.config/retroarch/shaders/shaders_slang/shaders_slang/bezel/Mega_Bezel/Presets/Base_CRT_Presets/MBZ__0__SMOOTH-ADV__GDV.slangp".
[INFO] 
[WARN] [Shaders]: Could not read root preset: "/home/willian/.config/retroarch/shaders/shaders_slang/bezel/Mega_Bezel/Presets/Community_CRT_Variations/CyberLab/MBZ__1__Advance_Full_Reflections/4K/CyberLab__Turbo_Duo__ADV.slangp".
[ERROR] [Vulkan]: Failed to create preset: "/home/willian/.config/retroarch/shaders/shaders_slang/bezel/Mega_Bezel/Presets/Community_CRT_Variations/CyberLab/MBZ__1__Advance_Full_Reflections/4K/CyberLab__Turbo_Duo__ADV.slangp".
[ERROR] [Vulkan]: Failed to create filter chain: "/home/willian/.config/retroarch/shaders/shaders_slang/bezel/Mega_Bezel/Presets/Community_CRT_Variations/CyberLab/MBZ__1__Advance_Full_Reflections/4K/CyberLab__Turbo_Duo__ADV.slangp". Falling back to stock.
[WARN] [Shaders]: Could not read shader preset in #reference line: "/home/willian/.config/retroarch/shaders/shaders_slang/shaders_slang/bezel/Mega_Bezel/Presets/Base_CRT_Presets/MBZ__0__SMOOTH-ADV__GDV.slangp".
[INFO] 
[WARN] [Shaders]: Could not read root preset: "/home/willian/.config/retroarch/shaders/shaders_slang/bezel/Mega_Bezel/Presets/Community_CRT_Variations/CyberLab/MBZ__1__Advance_Full_Reflections/1080p/CyberLab__NES__ADV.slangp".
[ERROR] [Vulkan]: Failed to create preset: "/home/willian/.config/retroarch/shaders/shaders_slang/bezel/Mega_Bezel/Presets/Community_CRT_Variations/CyberLab/MBZ__1__Advance_Full_Reflections/1080p/CyberLab__NES__ADV.slangp".
[ERROR] [Vulkan]: Failed to create filter chain: "/home/willian/.config/retroarch/shaders/shaders_slang/bezel/Mega_Bezel/Presets/Community_CRT_Variations/CyberLab/MBZ__1__Advance_Full_Reflections/1080p/CyberLab__NES__ADV.slangp". Falling back to stock.
[WARN] [Shaders]: Could not read shader preset in #reference line: "/home/willian/.config/retroarch/shaders/shaders_slang/shaders_slang/bezel/Mega_Bezel/Presets/Base_CRT_Presets/MBZ__1__ADV__GDV-NTSC.slangp".
[INFO] 
[WARN] [Shaders]: Could not read root preset: "/home/willian/.config/retroarch/shaders/shaders_slang/bezel/Mega_Bezel/Presets/Community_CRT_Variations/Nesguy/Nesguy__ApertureGrille-TVL-360__ADV__NTSC.slangp".
[ERROR] [Vulkan]: Failed to create preset: "/home/willian/.config/retroarch/shaders/shaders_slang/bezel/Mega_Bezel/Presets/Community_CRT_Variations/Nesguy/Nesguy__ApertureGrille-TVL-360__ADV__NTSC.slangp".
[ERROR] [Vulkan]: Failed to create filter chain: "/home/willian/.config/retroarch/shaders/shaders_slang/bezel/Mega_Bezel/Presets/Community_CRT_Variations/Nesguy/Nesguy__ApertureGrille-TVL-360__ADV__NTSC.slangp". Falling back to stock.
[WARN] [Shaders]: Could not read shader preset in #reference line: "/home/willian/.config/retroarch/shaders/shaders_slang/shaders_slang/bezel/Mega_Bezel/Presets/Base_CRT_Presets/MBZ__1__ADV__GDV-NTSC.slangp".
[INFO] 
[WARN] [Shaders]: Could not read root preset: "/home/willian/.config/retroarch/shaders/shaders_slang/bezel/Mega_Bezel/Presets/Community_CRT_Variations/Nesguy/Nesguy__NTSC__ADV__NTSC.slangp".
[ERROR] [Vulkan]: Failed to create preset: "/home/willian/.config/retroarch/shaders/shaders_slang/bezel/Mega_Bezel/Presets/Community_CRT_Variations/Nesguy/Nesguy__NTSC__ADV__NTSC.slangp".
[ERROR] [Vulkan]: Failed to create filter chain: "/home/willian/.config/retroarch/shaders/shaders_slang/bezel/Mega_Bezel/Presets/Community_CRT_Variations/Nesguy/Nesguy__NTSC__ADV__NTSC.slangp". Falling back to stock.
[WARN] [Shaders]: Could not read shader preset in #reference line: "/home/willian/.config/retroarch/shaders/shaders_slang/shaders_slang/bezel/Mega_Bezel/Presets/MBZ__3__STD.slangp".
[INFO] 
[WARN] [Shaders]: Could not read root preset: "/home/willian/.config/retroarch/shaders/shaders_slang/bezel/Mega_Bezel/Presets/NeoGeo/NeoGeo__Single-Layer__ADV.slangp".
[ERROR] [Vulkan]: Failed to create preset: "/home/willian/.config/retroarch/shaders/shaders_slang/bezel/Mega_Bezel/Presets/NeoGeo/NeoGeo__Single-Layer__ADV.slangp".
[ERROR] [Vulkan]: Failed to create filter chain: "/home/willian/.config/retroarch/shaders/shaders_slang/bezel/Mega_Bezel/Presets/NeoGeo/NeoGeo__Single-Layer__ADV.slangp". Falling back to stock.
[WARN] [Shaders]: Could not read shader preset in #reference line: "/home/willian/.config/retroarch/shaders/shaders_slang/shaders_slang/bezel/Mega_Bezel/Presets/MBZ__3__STD.slangp".
[INFO] 
[WARN] [Shaders]: Could not read root preset: "/home/willian/.config/retroarch/shaders/shaders_slang/bezel/Mega_Bezel/Presets/NeoGeo/NeoGeo__STD.slangp".
[ERROR] [Vulkan]: Failed to create preset: "/home/willian/.config/retroarch/shaders/shaders_slang/bezel/Mega_Bezel/Presets/NeoGeo/NeoGeo__STD.slangp".
[ERROR] [Vulkan]: Failed to create filter chain: "/home/willian/.config/retroarch/shaders/shaders_slang/bezel/Mega_Bezel/Presets/NeoGeo/NeoGeo__STD.slangp". Falling back to stock.
[WARN] [Shaders]: Could not read shader preset in #reference line: "/home/willian/.config/retroarch/shaders/shaders_slang/shaders_slang/bezel/Mega_Bezel/Presets/MBZ__1__ADV.slangp".
[INFO] 
[WARN] [Shaders]: Could not read root preset: "/home/willian/.config/retroarch/shaders/shaders_slang/bezel/Mega_Bezel/Presets/Playstation/Playstation__ADV.slangp".
[ERROR] [Vulkan]: Failed to create preset: "/home/willian/.config/retroarch/shaders/shaders_slang/bezel/Mega_Bezel/Presets/Playstation/Playstation__ADV.slangp".
[ERROR] [Vulkan]: Failed to create filter chain: "/home/willian/.config/retroarch/shaders/shaders_slang/bezel/Mega_Bezel/Presets/Playstation/Playstation__ADV.slangp". Falling back to stock.
[WARN] [Shaders]: Could not read shader preset in #reference line: "/home/willian/.config/retroarch/shaders/shaders_slang/shaders_slang/bezel/Mega_Bezel/Presets/MBZ__3__STD.slangp".
[INFO] 
[WARN] [Shaders]: Could not read root preset: "/home/willian/.config/retroarch/shaders/shaders_slang/bezel/Mega_Bezel/Presets/Playstation/Playstation__STD.slangp".
[ERROR] [Vulkan]: Failed to create preset: "/home/willian/.config/retroarch/shaders/shaders_slang/bezel/Mega_Bezel/Presets/Playstation/Playstation__STD.slangp".
[ERROR] [Vulkan]: Failed to create filter chain: "/home/willian/.config/retroarch/shaders/shaders_slang/bezel/Mega_Bezel/Presets/Playstation/Playstation__STD.slangp". Falling back to stock.
[WARN] [Shaders]: Could not read shader preset in #reference line: "/home/willian/.config/retroarch/shaders/shaders_slang/shaders_slang/bezel/Mega_Bezel/Presets/MBZ__3__STD.slangp".
[INFO] 
[WARN] [Shaders]: Could not read root preset: "/home/willian/.config/retroarch/shaders/shaders_slang/bezel/Mega_Bezel/Presets/Orionsangel_Console/Rayman__STD.slangp".
[ERROR] [Vulkan]: Failed to create preset: "/home/willian/.config/retroarch/shaders/shaders_slang/bezel/Mega_Bezel/Presets/Orionsangel_Console/Rayman__STD.slangp".
[ERROR] [Vulkan]: Failed to create filter chain: "/home/willian/.config/retroarch/shaders/shaders_slang/bezel/Mega_Bezel/Presets/Orionsangel_Console/Rayman__STD.slangp". Falling back to stock.
[INFO] [Config]: Loading config: "/home/willian/.config/retroarch/retroarch.cfg".
[INFO] [Overrides]: Configuration overrides unloaded, original configuration restored.
[INFO] [PulseAudio]: Unpausing.
[INFO] [Core]: Content ran for a total of: 00 hours, 00 minutes, 57 seconds.
[INFO] [Runtime]: Saving runtime log file: "/home/willian/.config/retroarch/playlists/logs/Snes9x 2010/Great Circus Mystery Starring Mickey & Minnie, The (USA).lrtl".
[INFO] [Core]: Unloading game..
[INFO] [PulseAudio]: Pausing.
[INFO] [Core]: Unloading core..
[INFO] [Core]: Unloading core symbols..
[INFO] [Core]: Saved core options file to "/home/willian/.config/retroarch/config/Snes9x 2010/Snes9x 2010.opt".
[INFO] [XINERAMA]: Xinerama version: 1.1.
[INFO] [XINERAMA]: Xinerama screens: 1.
[INFO] [XINERAMA]: Saved monitor #0.
[INFO] [Video]: Average monitor Hz: 60.002400 Hz. (2.009 % frame time deviation, based on 2048 last samples).
