[INFO] RetroArch 1.16.0 (Git 6c2cc45628)
[INFO] === Build =======================================
[INFO] CPU Model Name: AMD Ryzen 7 5700X 8-Core Processor             
[INFO] Capacidades: MMX MMXEXT SSE SSE2 SSE3 SSSE3 SSE4 SSE42 AES AVX AVX2 
[INFO] Version: 1.16.0
[INFO] Git: 6c2cc45628
[INFO] Built: Oct  9 2023
[INFO] =================================================
[INFO] [Input]: Found input driver: "x".
[INFO] [Environ]: SET_PIXEL_FORMAT: RGB565.
[INFO] [Core]: Versão da API libretro: 1, Compilado contra a API: 1
[INFO] [Core]: Geometry: 320x240, Aspect: 1.333, FPS: 60.00, Sample rate: 48000.00 Hz.
[INFO] [Audio]: Set audio input rate to: 48000.00 Hz.
[INFO] [Video]: Set video size to: 1920x1072.
[ERROR] [Wayland]: Failed to connect to Wayland server.
[INFO] [Vulkan]: Vulkan dynamic library loaded.
[INFO] [Vulkan]: Found vulkan context: "vk_x".
[INFO] [Vulkan]: Detecting screen resolution: 3840x2160.
[INFO] [XINERAMA]: Xinerama version: 1.1.
[INFO] [XINERAMA]: Xinerama screens: 1.
[INFO] [X/Vulkan]: Using Xinerama on screen #0.
[INFO] [X/Vulkan]: X = 0, Y = 0, W = 3840, H = 2160.
[INFO] [X/Vulkan]: Using windowed fullscreen.
[INFO] [Vulkan]: Found GPU at index 0: "NVIDIA GeForce RTX 2060".
[INFO] [Vulkan]: Using GPU index 0.
[INFO] [Vulkan]: Using fences for WSI acquire.
[INFO] [Vulkan]: Using GPU: "NVIDIA GeForce RTX 2060".
[INFO] [Vulkan]: Queue family 0 supports 16 sub-queues.
[INFO] [Vulkan]: Got 3 swapchain images.
[INFO] [Vulkan]: Using resolution 3840x2160.
[INFO] [Vulkan]: Using RGB565 format.
[INFO] [Vulkan]: Loading stock shader.
[INFO] [udev]: Pad #0 (/dev/input/event6) supports force feedback.
[INFO] [udev]: Pad #0 (/dev/input/event6) supports 16 force feedback effects.
[INFO] [Autoconf]: Sony Interactive Entertainment Wireless Controller configurado na porta 1.
[INFO] [Joypad]: Found joypad driver: "udev".
[INFO] [DBus]: Suspended screensaver via DBus.
[INFO] [Video]: Found display server: "x11".
[INFO] [PulseAudio]: Requested 24576 bytes buffer, got 18432.
[INFO] [Audio]: Started synchronous audio driver.
[INFO] [ALSA] Using ALSA version 1.2.10
[INFO] [Microphone]: Initialized microphone driver.
[INFO] [Display]: Found display driver: "vulkan".
[INFO] [Playlist]: Carregando o arquivo de favoritos: "/home/willian/.config/retroarch/content_favorites.lpl".
[INFO] [X/Vulkan]: Resized fullscreen resolution to 3840x2160.
[ERROR] [Thumbnail]: Download "/home/willian/.config/retroarch/thumbnails/Arcade Collection - Super Heroes/Named_Titles/Marvel Super Heroes (US 951024).png" failed: File not found.
[ERROR] [Thumbnail]: Download "/home/willian/.config/retroarch/thumbnails/Arcade Collection - Super Heroes/Named_Boxarts/Marvel Super Heroes (US 951024).png" failed: File not found.
[ERROR] [Thumbnail]: Download "/home/willian/.config/retroarch/thumbnails/Atari - 7800/Named_Snaps/Ace of Aces.png" failed: File not found.
[ERROR] [Thumbnail]: Download "/home/willian/.config/retroarch/thumbnails/Atari - 7800/Named_Titles/Ace of Aces.png" failed: File not found.
[ERROR] [Thumbnail]: Download "/home/willian/.config/retroarch/thumbnails/Atari - 7800/Named_Boxarts/Ace of Aces.png" failed: File not found.
[INFO] [Core]: Using content: "/home/willian/.config/retroarch/roms/Sega - Atomiswave/samsptk.zip".
[INFO] [Core]: Content ran for a total of: 00 hours, 00 minutes, 00 seconds.
[INFO] [PulseAudio]: Pausing.
[INFO] [Core]: Unloading core..
[INFO] [Core]: Unloading core symbols..
[INFO] [XINERAMA]: Xinerama version: 1.1.
[INFO] [XINERAMA]: Xinerama screens: 1.
[INFO] [XINERAMA]: Saved monitor #0.
[INFO] [Video]: Does not have enough samples for monitor refresh rate estimation. Requires to run for at least 4096 frames.
[INFO] RetroArch 1.16.0 (Git 6c2cc45628)
[INFO] === Build =======================================
[INFO] CPU Model Name: AMD Ryzen 7 5700X 8-Core Processor             
[INFO] Capacidades: MMX MMXEXT SSE SSE2 SSE3 SSSE3 SSE4 SSE42 AES AVX AVX2 
[INFO] Version: 1.16.0
[INFO] Git: 6c2cc45628
[INFO] Built: Oct  9 2023
[INFO] =================================================
[INFO] [Input]: Found input driver: "x".
[INFO] [Core]: Loading dynamic libretro core from: "/home/willian/.config/retroarch/cores/flycast_libretro.so"
[INFO] [Overrides]: Game-specific overrides found at "/home/willian/.config/retroarch/config/Flycast/samsptk.cfg".
[INFO] [Config]: Loading config: "/home/willian/.config/retroarch/retroarch.cfg".
[INFO] [Config]: Appending override config: "/home/willian/.config/retroarch/config/Flycast/samsptk.cfg".
[INFO] [Environ]: GET_CORE_OPTIONS_VERSION.
[INFO] [Environ]: GET_LANGUAGE: "7".
[INFO] [Environ]: RETRO_ENVIRONMENT_SET_CORE_OPTIONS_V2_INTL.
[INFO] [Environ]: SET_CONTROLLER_INFO.
[INFO] [Remaps]: Core-specific remap found at "/home/willian/.config/retroarch/config/remaps/Flycast/Flycast.rmp".
[INFO] [Overrides]: Redirecionando arquivo dados da memória do jogo em "/home/willian/.config/retroarch/saves/samsptk.srm".
[INFO] [Overrides]: Redirecionando o jogo salvo em "/home/willian/.config/retroarch/states/samsptk.state".
[INFO] [Environ]: GET_LOG_INTERFACE.
[libretro INFO] shell/libretro/libretro.cpp:322 N[BOOT]: retro_init
[INFO] [Environ]: GET_PERF_INTERFACE.
[INFO] [Environ]: SET_PIXEL_FORMAT: XRGB8888.
[INFO] [Environ]: SET_KEYBOARD_CALLBACK.
[INFO] [Environ]: GET_DISK_CONTROL_INTERFACE_VERSION.
[INFO] [Environ]: SET_DISK_CONTROL_EXT_INTERFACE.
[libretro INFO] core/hw/mem/addrspace.cpp:431 N[VMEM]: Info: nvmem is enabled
[libretro INFO] core/hw/mem/addrspace.cpp:462 N[VMEM]: BASE 0x7febd31f0000 RAM(16 MB) 0x7febdf1f0000 VRAM64(8 MB) 0x7febd71f0000 ARAM(2 MB) 0x7febf31f0000
[INFO] [Content]: Carregamento de conteúdo ignorado. A implementação irá carregar por conta própria.
[libretro INFO] shell/libretro/libretro.cpp:1921 N[BOOT]: retro_load_game: /home/willian/.config/retroarch/roms/Sega - Atomiswave/samsptk.zip
[INFO] [Environ]: GET_RUMBLE_INTERFACE.
[INFO] [Environ]: SYSTEM_DIRECTORY: "/home/willian/.config/retroarch/system".
[INFO] [Environ]: GET_SAVE_DIRECTORY.
[ERROR] [Environ]: GET_VARIABLE: pvr.rend - Invalid value.
[ERROR] [Environ]: GET_VARIABLE: rend.PerStripSorting - Invalid value.
[INFO] [Environ]: SET_SAVE_STATE_IN_BACKGROUND: yes.
[libretro INFO] File extension is: .zip
[INFO] [Environ]: GET_PREFERRED_HW_RENDER, video driver name: vulkan.
[INFO] [Environ]: GET_PREFERRED_HW_RENDER - Context callback set to RETRO_HW_CONTEXT_VULKAN.
[INFO] [Environ]: SET_HW_RENDER, context type: vulkan.
[INFO] Requesting Vulkan context.
[INFO] [Environ]: SET_HW_RENDER_CONTEXT_NEGOTIATION_INTERFACE.
[INFO] [Environ]: GET_SAVE_DIRECTORY.
[libretro INFO] core/hw/mem/addrspace.cpp:431 N[VMEM]: Info: nvmem is enabled
[libretro INFO] core/hw/mem/addrspace.cpp:462 N[VMEM]: BASE 0x7febd31f0000 RAM(16 MB) 0x7febdf1f0000 VRAM64(8 MB) 0x7febd71f0000 ARAM(2 MB) 0x7febf31f0000
[ERROR] [Environ]: GET_VARIABLE: pvr.rend - Invalid value.
[ERROR] [Environ]: GET_VARIABLE: rend.PerStripSorting - Invalid value.
[libretro WARN] core/hw/naomi/naomi_cart.cpp:197 W[NAOMI]: Warning: Region 1 bios not found in awbios
[libretro INFO] core/hw/naomi/naomi_cart.cpp:643 N[NAOMI]: NAOMI GAME ID [SAMURAI SPIRITS 6] region 0 players 0 vertical 0
[libretro INFO] core/emulator.cpp:54 N[BOOT]: Game ID is [SAMURAI SPIRITS 6]
[libretro INFO] core/emulator.cpp:54 N[BOOT]: Game ID is [SAMURAI SPIRITS 6]
[INFO] [Environ]: SET_ROTATION: 0
[INFO] [Environ]: SET_INPUT_DESCRIPTORS:
[INFO] [Replay]: Found last replay slot: #0
[INFO] [SRAM]: Ignorando carregamento da SRAM.
[INFO] [Core]: Versão da API libretro: 1, Compilado contra a API: 1
[libretro INFO] shell/libretro/libretro.cpp:2270 N[RENDERER]: retro_get_system_av_info: Res=480
[INFO] [Core]: Geometry: 640x480, Aspect: 1.333, FPS: 60.00, Sample rate: 44100.00 Hz.
[INFO] [Audio]: Set audio input rate to: 44100.00 Hz.
[INFO] [Video]: Set video size to: 1920x1072.
[INFO] [Video]: Using HW render, vulkan driver forced.
[ERROR] [Wayland]: Failed to connect to Wayland server.
[INFO] [Vulkan]: Vulkan dynamic library loaded.
[INFO] [Vulkan]: Found vulkan context: "vk_x".
[INFO] [Vulkan]: Detecting screen resolution: 3840x2160.
[INFO] [XINERAMA]: Xinerama version: 1.1.
[INFO] [XINERAMA]: Xinerama screens: 1.
[INFO] [X/Vulkan]: Using Xinerama on screen #0.
[INFO] [X/Vulkan]: X = 0, Y = 0, W = 3840, H = 2160.
[INFO] [X/Vulkan]: Using windowed fullscreen.
[INFO] [Vulkan]: Got HW context negotiation interface 1.
[INFO] [Vulkan]: Found GPU at index 0: "NVIDIA GeForce RTX 2060".
[INFO] [Vulkan]: Using GPU index 0.
[INFO] [Vulkan]: Using fences for WSI acquire.
[INFO] [Vulkan]: Using GPU: "NVIDIA GeForce RTX 2060".
[INFO] [Vulkan]: Got 3 swapchain images.
[INFO] [Vulkan]: Using resolution 3840x2160.
[INFO] [Vulkan]: Using BGRA8888 format.
[INFO] [Shaders]: Specific shader preset found at "/home/willian/.config/retroarch/config/global.slangp".
[INFO] [slang]: Compiling shader: "/home/willian/.config/retroarch/shaders/shaders_slang/bezel/Mega_Bezel/shaders/base/add-params-all.slang".
[INFO] [slang]: Using render target format R8G8B8A8_UNORM for pass output #0.
[INFO] [slang]: Compiling shader: "/home/willian/.config/retroarch/shaders/shaders_slang/bezel/Mega_Bezel/shaders/base/stock.slang".
[INFO] [slang]: Using render target format R8G8B8A8_SRGB for pass output #1.
[INFO] [slang]: Compiling shader: "/home/willian/.config/retroarch/shaders/shaders_slang/bezel/Mega_Bezel/shaders/base/add-negative-crop-area.slang".
[INFO] [slang]: Using render target format R8G8B8A8_SRGB for pass output #2.
[INFO] [slang]: Compiling shader: "/home/willian/.config/retroarch/shaders/shaders_slang/bezel/Mega_Bezel/shaders/base/cache-info-all-params.slang".
[INFO] [slang]: Using render target format R32G32B32A32_SFLOAT for pass output #3.
[INFO] [slang]: Compiling shader: "/home/willian/.config/retroarch/shaders/shaders_slang/bezel/Mega_Bezel/shaders/base/text-std.slang".
[INFO] [slang]: Using render target format R16G16B16A16_SFLOAT for pass output #4.
[INFO] [slang]: Compiling shader: "/home/willian/.config/retroarch/shaders/shaders_slang/bezel/Mega_Bezel/shaders/base/intro.slang".
[INFO] [slang]: Using render target format R16G16B16A16_SFLOAT for pass output #5.
[INFO] [slang]: Compiling shader: "/home/willian/.config/retroarch/shaders/shaders_slang/bezel/Mega_Bezel/shaders/base/stock.slang".
[INFO] [slang]: Using render target format R8G8B8A8_UNORM for pass output #6.
[INFO] [slang]: Compiling shader: "/home/willian/.config/retroarch/shaders/shaders_slang/bezel/Mega_Bezel/shaders/base/stock.slang".
[INFO] [slang]: Using render target format R8G8B8A8_UNORM for pass output #7.
[INFO] [slang]: Compiling shader: "/home/willian/.config/retroarch/shaders/shaders_slang/bezel/Mega_Bezel/shaders/guest/hsm-afterglow0.slang".
[INFO] [slang]: Using render target format R8G8B8A8_UNORM for pass output #8.
[INFO] [slang]: Compiling shader: "/home/willian/.config/retroarch/shaders/shaders_slang/bezel/Mega_Bezel/shaders/guest/hsm-pre-shaders-afterglow.slang".
[INFO] [slang]: Using render target format R8G8B8A8_UNORM for pass output #9.
[INFO] [slang]: Compiling shader: "/home/willian/.config/retroarch/shaders/shaders_slang/bezel/Mega_Bezel/shaders/dogway/hsm-grade.slang".
[INFO] [slang]: Using render target format R8G8B8A8_UNORM for pass output #10.
[INFO] [slang]: Compiling shader: "/home/willian/.config/retroarch/shaders/shaders_slang/bezel/Mega_Bezel/shaders/guest/hsm-custom-fast-sharpen.slang".
[INFO] [slang]: Using render target format R8G8B8A8_UNORM for pass output #11.
[INFO] [slang]: Compiling shader: "/home/willian/.config/retroarch/shaders/shaders_slang/bezel/Mega_Bezel/shaders/base/stock.slang".
[INFO] [slang]: Using render target format R8G8B8A8_UNORM for pass output #12.
[INFO] [slang]: Compiling shader: "/home/willian/.config/retroarch/shaders/shaders_slang/bezel/Mega_Bezel/shaders/guest/hsm-avg-lum.slang".
[INFO] [slang]: Using render target format R8G8B8A8_UNORM for pass output #13.
[INFO] [slang]: Compiling shader: "/home/willian/.config/retroarch/shaders/shaders_slang/bezel/Mega_Bezel/shaders/guest/hsm-interlace-and-linearize.slang".
[INFO] [slang]: Using render target format R16G16B16A16_SFLOAT for pass output #14.
[INFO] [slang]: Compiling shader: "/home/willian/.config/retroarch/shaders/shaders_slang/bezel/Mega_Bezel/shaders/guest/hsm-gaussian_horizontal.slang".
[INFO] [slang]: Using render target format R16G16B16A16_SFLOAT for pass output #15.
[INFO] [slang]: Compiling shader: "/home/willian/.config/retroarch/shaders/shaders_slang/bezel/Mega_Bezel/shaders/guest/hsm-gaussian_vertical.slang".
[INFO] [slang]: Using render target format R16G16B16A16_SFLOAT for pass output #16.
[INFO] [slang]: Compiling shader: "/home/willian/.config/retroarch/shaders/shaders_slang/bezel/Mega_Bezel/shaders/guest/hsm-bloom_horizontal.slang".
[INFO] [slang]: Using render target format R16G16B16A16_SFLOAT for pass output #17.
[INFO] [slang]: Compiling shader: "/home/willian/.config/retroarch/shaders/shaders_slang/bezel/Mega_Bezel/shaders/guest/hsm-bloom_vertical.slang".
[INFO] [slang]: Using render target format R16G16B16A16_SFLOAT for pass output #18.
[INFO] [slang]: Compiling shader: "/home/willian/.config/retroarch/shaders/shaders_slang/bezel/Mega_Bezel/shaders/guest/hsm-crt-guest-advanced.slang".
[INFO] [slang]: Using render target format R16G16B16A16_SFLOAT for pass output #19.
[INFO] [slang]: Compiling shader: "/home/willian/.config/retroarch/shaders/shaders_slang/bezel/Mega_Bezel/shaders/guest/hsm-deconvergence.slang".
[INFO] [slang]: Using render target format R16G16B16A16_SFLOAT for pass output #20.
[INFO] [slang]: Compiling shader: "/home/willian/.config/retroarch/shaders/shaders_slang/bezel/Mega_Bezel/shaders/base/post-crt-prep-image-layers.slang".
[INFO] [slang]: Using render target format R16G16B16A16_SFLOAT for pass output #21.
[INFO] [slang]: Compiling shader: "/home/willian/.config/retroarch/shaders/shaders_slang/bezel/Mega_Bezel/shaders/base/bezel-images-under-crt.slang".
[INFO] [slang]: Using render target format R16G16B16A16_SFLOAT for pass output #22.
[INFO] [slang]: Compiling shader: "/home/willian/.config/retroarch/shaders/shaders_slang/bezel/Mega_Bezel/shaders/base/bezel-images-over-crt.slang".
[INFO] [slang]: Using render target format R16G16B16A16_SFLOAT for pass output #23.
[INFO] [slang]: Compiling shader: "/home/willian/.config/retroarch/shaders/shaders_slang/bezel/Mega_Bezel/shaders/base/linearize-crt.slang".
[INFO] [slang]: Using render target format R16G16B16A16_SFLOAT for pass output #24.
[INFO] [slang]: Compiling shader: "/home/willian/.config/retroarch/shaders/shaders_slang/bezel/Mega_Bezel/shaders/base/blur-outside-screen-horiz.slang".
[INFO] [slang]: Using render target format R8G8B8A8_UNORM for pass output #25.
[INFO] [slang]: Compiling shader: "/home/willian/.config/retroarch/shaders/shaders_slang/bezel/Mega_Bezel/shaders/base/blur-outside-screen-vert.slang".
[INFO] [slang]: Using render target format R8G8B8A8_UNORM for pass output #26.
[INFO] [slang]: Compiling shader: "/home/willian/.config/retroarch/shaders/shaders_slang/blurs/shaders/royale/blur9x9.slang".
[INFO] [slang]: Using render target format R16G16B16A16_SFLOAT for pass output #27.
[INFO] [slang]: Compiling shader: "/home/willian/.config/retroarch/shaders/shaders_slang/blurs/shaders/royale/blur9x9.slang".
[INFO] [slang]: Using render target format R16G16B16A16_SFLOAT for pass output #28.
[INFO] [slang]: Compiling shader: "/home/willian/.config/retroarch/shaders/shaders_slang/bezel/Mega_Bezel/shaders/base/reflection.slang".
[INFO] [slang]: Using render target format R16G16B16A16_SFLOAT for pass output #29.
[INFO] [slang]: Compiling shader: "/home/willian/.config/retroarch/shaders/shaders_slang/bezel/Mega_Bezel/shaders/base/combine-passes.slang".
[INFO] [slang]: Using render target format R8G8B8A8_UNORM for pass output #30.
[INFO] [Vulkan filter chain]: Creating framebuffer 1024x1024 (max 1 level(s)).
[INFO] [Vulkan filter chain]: Creating framebuffer 1024x1024 (max 1 level(s)).
[INFO] [Vulkan filter chain]: Creating framebuffer 1024x1024 (max 1 level(s)).
[INFO] [Vulkan filter chain]: Creating framebuffer 1024x1024 (max 1 level(s)).
[INFO] [Vulkan filter chain]: Creating framebuffer 1024x1024 (max 1 level(s)).
[INFO] [Vulkan filter chain]: Creating framebuffer 1024x1024 (max 1 level(s)).
[INFO] [Vulkan filter chain]: Creating framebuffer 1024x1024 (max 1 level(s)).
[INFO] [Vulkan filter chain]: Creating framebuffer 1024x1024 (max 1 level(s)).
[INFO] [Vulkan filter chain]: Creating framebuffer 1024x1024 (max 4294967295 level(s)).
[INFO] [Vulkan filter chain]: Creating framebuffer 1024x1024 (max 1 level(s)).
[INFO] [Vulkan filter chain]: Creating framebuffer 1024x1024 (max 1 level(s)).
[INFO] [Vulkan filter chain]: Creating framebuffer 1024x1024 (max 4294967295 level(s)).
[INFO] [Vulkan filter chain]: Creating framebuffer 1024x1024 (max 4294967295 level(s)).
[INFO] [Vulkan filter chain]: Creating framebuffer 1024x1024 (max 1 level(s)).
[INFO] [Vulkan filter chain]: Creating framebuffer 1024x1024 (max 1 level(s)).
[INFO] [Vulkan filter chain]: Creating framebuffer 800x1024 (max 1 level(s)).
[INFO] [Vulkan filter chain]: Creating framebuffer 800x600 (max 1 level(s)).
[INFO] [Vulkan filter chain]: Creating framebuffer 800x600 (max 1 level(s)).
[INFO] [Vulkan filter chain]: Creating framebuffer 800x600 (max 1 level(s)).
[INFO] [Vulkan filter chain]: Creating framebuffer 3840x2160 (max 1 level(s)).
[INFO] [Vulkan filter chain]: Creating framebuffer 3840x2160 (max 4294967295 level(s)).
[INFO] [Vulkan filter chain]: Creating framebuffer 3840x2160 (max 1 level(s)).
[INFO] [Vulkan filter chain]: Creating framebuffer 3840x2160 (max 1 level(s)).
[INFO] [Vulkan filter chain]: Creating framebuffer 3840x2160 (max 4294967295 level(s)).
[INFO] [Vulkan filter chain]: Creating framebuffer 800x600 (max 4294967295 level(s)).
[INFO] [Vulkan filter chain]: Creating framebuffer 800x600 (max 1 level(s)).
[INFO] [Vulkan filter chain]: Creating framebuffer 800x600 (max 4294967295 level(s)).
[INFO] [Vulkan filter chain]: Creating framebuffer 128x128 (max 4294967295 level(s)).
[INFO] [Vulkan filter chain]: Creating framebuffer 12x12 (max 1 level(s)).
[INFO] [Vulkan filter chain]: Creating framebuffer 3840x2160 (max 1 level(s)).
[INFO] [Vulkan filter chain]: Creating framebuffer 3840x2160 (max 1 level(s)).
[INFO] [Vulkan filter chain]: Creating framebuffer 1024x1024 (max 1 level(s)).
[INFO] [Vulkan filter chain]: Creating framebuffer 1024x1024 (max 1 level(s)).
[INFO] [Vulkan filter chain]: Creating framebuffer 1024x1024 (max 1 level(s)).
[INFO] [Vulkan filter chain]: Creating framebuffer 1024x1024 (max 1 level(s)).
[INFO] [Vulkan filter chain]: Using framebuffer feedback for pass #3.
[INFO] [Vulkan filter chain]: Creating framebuffer 1024x1024 (max 1 level(s)).
[INFO] [Vulkan filter chain]: Using framebuffer feedback for pass #4.
[INFO] [Vulkan filter chain]: Creating framebuffer 1024x1024 (max 4294967295 level(s)).
[INFO] [Vulkan filter chain]: Using framebuffer feedback for pass #8.
[INFO] [Vulkan filter chain]: Creating framebuffer 1024x1024 (max 1 level(s)).
[INFO] [Vulkan filter chain]: Using framebuffer feedback for pass #13.
[INFO] [Vulkan filter chain]: Creating framebuffer 3840x2160 (max 1 level(s)).
[INFO] [Vulkan filter chain]: Using framebuffer feedback for pass #21.
[INFO] [Vulkan filter chain]: Creating framebuffer 3840x2160 (max 1 level(s)).
[INFO] [Vulkan filter chain]: Using framebuffer feedback for pass #22.
[INFO] [Vulkan filter chain]: Creating framebuffer 3840x2160 (max 4294967295 level(s)).
[INFO] [Vulkan filter chain]: Using framebuffer feedback for pass #23.
[INFO] [Vulkan filter chain]: Creating framebuffer 3840x2160 (max 1 level(s)).
[INFO] [Vulkan filter chain]: Using framebuffer feedback for pass #29.
[INFO] [Vulkan filter chain]: Creating framebuffer 3840x2160 (max 1 level(s)).
[INFO] [Vulkan filter chain]: Using framebuffer feedback for pass #30.
[INFO] [udev]: Pad #0 (/dev/input/event6) supports force feedback.
[INFO] [udev]: Pad #0 (/dev/input/event6) supports 16 force feedback effects.
[INFO] [Joypad]: Found joypad driver: "udev".
[INFO] [DBus]: Suspended screensaver via DBus.
[INFO] [Video]: Found display server: "x11".
[libretro INFO] shell/libretro/libretro.cpp:1733 N[RENDERER]: retro_vk_context_reset
[libretro INFO] core/rend/vulkan/vk_context_lr.cpp:195 N[RENDERER]: GPU Supports Vulkan API: 1.3.260
[libretro INFO] core/rend/vulkan/vk_context_lr.cpp:201 N[RENDERER]: GPU Supports vkGetPhysicalDeviceProperties2
[libretro INFO] core/rend/vulkan/vk_context_lr.cpp:226 N[RENDERER]: eR5G5B5A1UnormPack16 not supported for optimal tiling
[libretro INFO] core/rend/vulkan/vk_context_lr.cpp:240 N[RENDERER]: eR4G4B4A4UnormPack16 not supported for optimal tiling
[libretro INFO] core/rend/vulkan/vulkan_context.h:264 N[RENDERER]: Using depth format D32SfloatS8Uint tiling Optimal
[libretro INFO] core/rend/vulkan/vulkan_renderer.cpp:30 N[RENDERER]: VulkanRenderer::Init
[INFO] [PulseAudio]: Requested 24576 bytes buffer, got 18432.
[INFO] [Audio]: Started synchronous audio driver.
[INFO] [ALSA] Using ALSA version 1.2.10
[INFO] [Microphone]: Initialized microphone driver.
[INFO] [Display]: Found display driver: "vulkan".
[INFO] [Playlist]: Carregando o arquivo de favoritos: "/home/willian/.config/retroarch/content_favorites.lpl".
[INFO] [Vulkan filter chain]: Creating framebuffer 1024x1024 (max 1 level(s)).
[INFO] [Vulkan filter chain]: Creating framebuffer 1024x1024 (max 1 level(s)).
[INFO] [Vulkan filter chain]: Creating framebuffer 1024x1024 (max 1 level(s)).
[INFO] [Vulkan filter chain]: Creating framebuffer 1024x1024 (max 1 level(s)).
[INFO] [Vulkan filter chain]: Creating framebuffer 1024x1024 (max 1 level(s)).
[INFO] [Vulkan filter chain]: Creating framebuffer 1024x1024 (max 1 level(s)).
[INFO] [Vulkan filter chain]: Creating framebuffer 1024x1024 (max 1 level(s)).
[INFO] [Vulkan filter chain]: Creating framebuffer 1024x1024 (max 1 level(s)).
[INFO] [Vulkan filter chain]: Creating framebuffer 1024x1024 (max 4294967295 level(s)).
[INFO] [Vulkan filter chain]: Creating framebuffer 1024x1024 (max 1 level(s)).
[INFO] [Vulkan filter chain]: Creating framebuffer 1024x1024 (max 1 level(s)).
[INFO] [Vulkan filter chain]: Creating framebuffer 1024x1024 (max 4294967295 level(s)).
[INFO] [Vulkan filter chain]: Creating framebuffer 1024x1024 (max 4294967295 level(s)).
[INFO] [Vulkan filter chain]: Creating framebuffer 1024x1024 (max 1 level(s)).
[INFO] [Vulkan filter chain]: Creating framebuffer 1024x1024 (max 1 level(s)).
[INFO] [Vulkan filter chain]: Creating framebuffer 800x1024 (max 1 level(s)).
[INFO] [Vulkan filter chain]: Creating framebuffer 800x600 (max 1 level(s)).
[INFO] [Vulkan filter chain]: Creating framebuffer 800x600 (max 1 level(s)).
[INFO] [Vulkan filter chain]: Creating framebuffer 800x600 (max 1 level(s)).
[INFO] [Vulkan filter chain]: Creating framebuffer 3840x2160 (max 1 level(s)).
[INFO] [Vulkan filter chain]: Creating framebuffer 3840x2160 (max 4294967295 level(s)).
[INFO] [Vulkan filter chain]: Creating framebuffer 3840x2160 (max 1 level(s)).
[INFO] [Vulkan filter chain]: Creating framebuffer 3840x2160 (max 1 level(s)).
[INFO] [Vulkan filter chain]: Creating framebuffer 3840x2160 (max 4294967295 level(s)).
[INFO] [Vulkan filter chain]: Creating framebuffer 800x600 (max 4294967295 level(s)).
[INFO] [Vulkan filter chain]: Creating framebuffer 800x600 (max 1 level(s)).
[INFO] [Vulkan filter chain]: Creating framebuffer 800x600 (max 4294967295 level(s)).
[INFO] [Vulkan filter chain]: Creating framebuffer 128x128 (max 4294967295 level(s)).
[INFO] [Vulkan filter chain]: Creating framebuffer 12x12 (max 1 level(s)).
[INFO] [Vulkan filter chain]: Creating framebuffer 3840x2160 (max 1 level(s)).
[INFO] [Vulkan filter chain]: Creating framebuffer 3840x2160 (max 1 level(s)).
[INFO] [Vulkan filter chain]: Creating framebuffer 1024x1024 (max 1 level(s)).
[INFO] [Vulkan filter chain]: Creating framebuffer 1024x1024 (max 1 level(s)).
[INFO] [Vulkan filter chain]: Creating framebuffer 1024x1024 (max 1 level(s)).
[INFO] [Vulkan filter chain]: Creating framebuffer 1024x1024 (max 1 level(s)).
[INFO] [Vulkan filter chain]: Using framebuffer feedback for pass #3.
[INFO] [Vulkan filter chain]: Creating framebuffer 1024x1024 (max 1 level(s)).
[INFO] [Vulkan filter chain]: Using framebuffer feedback for pass #4.
[INFO] [Vulkan filter chain]: Creating framebuffer 1024x1024 (max 4294967295 level(s)).
[INFO] [Vulkan filter chain]: Using framebuffer feedback for pass #8.
[INFO] [Vulkan filter chain]: Creating framebuffer 1024x1024 (max 1 level(s)).
[INFO] [Vulkan filter chain]: Using framebuffer feedback for pass #13.
[INFO] [Vulkan filter chain]: Creating framebuffer 3840x2160 (max 1 level(s)).
[INFO] [Vulkan filter chain]: Using framebuffer feedback for pass #21.
[INFO] [Vulkan filter chain]: Creating framebuffer 3840x2160 (max 1 level(s)).
[INFO] [Vulkan filter chain]: Using framebuffer feedback for pass #22.
[INFO] [Vulkan filter chain]: Creating framebuffer 3840x2160 (max 4294967295 level(s)).
[INFO] [Vulkan filter chain]: Using framebuffer feedback for pass #23.
[INFO] [Vulkan filter chain]: Creating framebuffer 3840x2160 (max 1 level(s)).
[INFO] [Vulkan filter chain]: Using framebuffer feedback for pass #29.
[INFO] [Vulkan filter chain]: Creating framebuffer 3840x2160 (max 1 level(s)).
[INFO] [Vulkan filter chain]: Using framebuffer feedback for pass #30.
[INFO] [Environ]: SET_INPUT_DESCRIPTORS:
[INFO] [Vulkan filter chain]: Updating framebuffer size 1x1 (format: 37).
[INFO] [Vulkan filter chain]: Updating framebuffer size 1x1 (format: 43).
[INFO] [Vulkan filter chain]: Updating framebuffer size 1x1 (format: 43).
[INFO] [Vulkan filter chain]: Updating framebuffer size 1x1 (format: 109).
[INFO] [Vulkan filter chain]: Updating framebuffer size 1x1 (format: 97).
[INFO] [Vulkan filter chain]: Updating framebuffer size 1x1 (format: 97).
[INFO] [Vulkan filter chain]: Updating framebuffer size 1x1 (format: 37).
[INFO] [Vulkan filter chain]: Updating framebuffer size 1x1 (format: 37).
[INFO] [Vulkan filter chain]: Updating framebuffer size 1x1 (format: 37).
[INFO] [Vulkan filter chain]: Updating framebuffer size 1x1 (format: 37).
[INFO] [Vulkan filter chain]: Updating framebuffer size 1x1 (format: 37).
[INFO] [Vulkan filter chain]: Updating framebuffer size 1x1 (format: 37).
[INFO] [Vulkan filter chain]: Updating framebuffer size 1x1 (format: 37).
[INFO] [Vulkan filter chain]: Updating framebuffer size 1x1 (format: 37).
[INFO] [Vulkan filter chain]: Updating framebuffer size 1x1 (format: 97).
[INFO] [Vulkan filter chain]: Updating framebuffer size 800x1 (format: 97).
[INFO] [Vulkan filter chain]: Updating framebuffer size 1x1 (format: 44).
[INFO] [X/Vulkan]: Resized fullscreen resolution to 3840x2160.
[INFO] [Vulkan filter chain]: Creating framebuffer 1024x1024 (max 1 level(s)).
[INFO] [Vulkan filter chain]: Creating framebuffer 1024x1024 (max 1 level(s)).
[INFO] [Vulkan filter chain]: Creating framebuffer 1024x1024 (max 1 level(s)).
[INFO] [Vulkan filter chain]: Creating framebuffer 1024x1024 (max 1 level(s)).
[INFO] [Vulkan filter chain]: Creating framebuffer 1024x1024 (max 1 level(s)).
[INFO] [Vulkan filter chain]: Creating framebuffer 1024x1024 (max 1 level(s)).
[INFO] [Vulkan filter chain]: Creating framebuffer 1024x1024 (max 1 level(s)).
[INFO] [Vulkan filter chain]: Creating framebuffer 1024x1024 (max 1 level(s)).
[INFO] [Vulkan filter chain]: Creating framebuffer 1024x1024 (max 4294967295 level(s)).
[INFO] [Vulkan filter chain]: Creating framebuffer 1024x1024 (max 1 level(s)).
[INFO] [Vulkan filter chain]: Creating framebuffer 1024x1024 (max 1 level(s)).
[INFO] [Vulkan filter chain]: Creating framebuffer 1024x1024 (max 4294967295 level(s)).
[INFO] [Vulkan filter chain]: Creating framebuffer 1024x1024 (max 4294967295 level(s)).
[INFO] [Vulkan filter chain]: Creating framebuffer 1024x1024 (max 1 level(s)).
[INFO] [Vulkan filter chain]: Creating framebuffer 1024x1024 (max 1 level(s)).
[INFO] [Vulkan filter chain]: Creating framebuffer 800x1024 (max 1 level(s)).
[INFO] [Vulkan filter chain]: Creating framebuffer 800x600 (max 1 level(s)).
[INFO] [Vulkan filter chain]: Creating framebuffer 800x600 (max 1 level(s)).
[INFO] [Vulkan filter chain]: Creating framebuffer 800x600 (max 1 level(s)).
[INFO] [Vulkan filter chain]: Creating framebuffer 3840x2160 (max 1 level(s)).
[INFO] [Vulkan filter chain]: Creating framebuffer 3840x2160 (max 4294967295 level(s)).
[INFO] [Vulkan filter chain]: Creating framebuffer 3840x2160 (max 1 level(s)).
[INFO] [Vulkan filter chain]: Creating framebuffer 3840x2160 (max 1 level(s)).
[INFO] [Vulkan filter chain]: Creating framebuffer 3840x2160 (max 4294967295 level(s)).
[INFO] [Vulkan filter chain]: Creating framebuffer 800x600 (max 4294967295 level(s)).
[INFO] [Vulkan filter chain]: Creating framebuffer 800x600 (max 1 level(s)).
[INFO] [Vulkan filter chain]: Creating framebuffer 800x600 (max 4294967295 level(s)).
[INFO] [Vulkan filter chain]: Creating framebuffer 128x128 (max 4294967295 level(s)).
[INFO] [Vulkan filter chain]: Creating framebuffer 12x12 (max 1 level(s)).
[INFO] [Vulkan filter chain]: Creating framebuffer 3840x2160 (max 1 level(s)).
[INFO] [Vulkan filter chain]: Creating framebuffer 3840x2160 (max 1 level(s)).
[INFO] [Vulkan filter chain]: Creating framebuffer 1024x1024 (max 1 level(s)).
[INFO] [Vulkan filter chain]: Creating framebuffer 1024x1024 (max 1 level(s)).
[INFO] [Vulkan filter chain]: Creating framebuffer 1024x1024 (max 1 level(s)).
[INFO] [Vulkan filter chain]: Creating framebuffer 1024x1024 (max 1 level(s)).
[INFO] [Vulkan filter chain]: Using framebuffer feedback for pass #3.
[INFO] [Vulkan filter chain]: Creating framebuffer 1024x1024 (max 1 level(s)).
[INFO] [Vulkan filter chain]: Using framebuffer feedback for pass #4.
[INFO] [Vulkan filter chain]: Creating framebuffer 1024x1024 (max 4294967295 level(s)).
[INFO] [Vulkan filter chain]: Using framebuffer feedback for pass #8.
[INFO] [Vulkan filter chain]: Creating framebuffer 1024x1024 (max 1 level(s)).
[INFO] [Vulkan filter chain]: Using framebuffer feedback for pass #13.
[INFO] [Vulkan filter chain]: Creating framebuffer 3840x2160 (max 1 level(s)).
[INFO] [Vulkan filter chain]: Using framebuffer feedback for pass #21.
[INFO] [Vulkan filter chain]: Creating framebuffer 3840x2160 (max 1 level(s)).
[INFO] [Vulkan filter chain]: Using framebuffer feedback for pass #22.
[INFO] [Vulkan filter chain]: Creating framebuffer 3840x2160 (max 4294967295 level(s)).
[INFO] [Vulkan filter chain]: Using framebuffer feedback for pass #23.
[INFO] [Vulkan filter chain]: Creating framebuffer 3840x2160 (max 1 level(s)).
[INFO] [Vulkan filter chain]: Using framebuffer feedback for pass #29.
[INFO] [Vulkan filter chain]: Creating framebuffer 3840x2160 (max 1 level(s)).
[INFO] [Vulkan filter chain]: Using framebuffer feedback for pass #30.
[INFO] [Environ]: SET_GEOMETRY: 640x480, Aspect: 1.333.
[INFO] [Vulkan filter chain]: Updating framebuffer size 640x238 (format: 37).
[INFO] [Vulkan filter chain]: Updating framebuffer size 640x238 (format: 43).
[INFO] [Vulkan filter chain]: Updating framebuffer size 640x238 (format: 43).
[INFO] [Vulkan filter chain]: Updating framebuffer size 640x238 (format: 109).
[INFO] [Vulkan filter chain]: Updating framebuffer size 640x238 (format: 97).
[INFO] [Vulkan filter chain]: Updating framebuffer size 640x238 (format: 97).
[INFO] [Vulkan filter chain]: Updating framebuffer size 640x238 (format: 37).
[INFO] [Vulkan filter chain]: Updating framebuffer size 640x238 (format: 37).
[INFO] [Vulkan filter chain]: Updating framebuffer size 640x238 (format: 37).
[INFO] [Vulkan filter chain]: Updating framebuffer size 640x238 (format: 37).
[INFO] [Vulkan filter chain]: Updating framebuffer size 640x238 (format: 37).
[INFO] [Vulkan filter chain]: Updating framebuffer size 640x238 (format: 37).
[INFO] [Vulkan filter chain]: Updating framebuffer size 640x238 (format: 37).
[INFO] [Vulkan filter chain]: Updating framebuffer size 640x238 (format: 37).
[INFO] [Vulkan filter chain]: Updating framebuffer size 640x238 (format: 97).
[INFO] [Vulkan filter chain]: Updating framebuffer size 800x238 (format: 97).
[INFO] [Vulkan filter chain]: Updating framebuffer size 640x238 (format: 37).
[INFO] [X/Vulkan]: Resized fullscreen resolution to 3840x2160.
[INFO] [Vulkan filter chain]: Creating framebuffer 1024x1024 (max 1 level(s)).
[INFO] [Vulkan filter chain]: Creating framebuffer 1024x1024 (max 1 level(s)).
[INFO] [Vulkan filter chain]: Creating framebuffer 1024x1024 (max 1 level(s)).
[INFO] [Vulkan filter chain]: Creating framebuffer 1024x1024 (max 1 level(s)).
[INFO] [Vulkan filter chain]: Creating framebuffer 1024x1024 (max 1 level(s)).
[INFO] [Vulkan filter chain]: Creating framebuffer 1024x1024 (max 1 level(s)).
[INFO] [Vulkan filter chain]: Creating framebuffer 1024x1024 (max 1 level(s)).
[INFO] [Vulkan filter chain]: Creating framebuffer 1024x1024 (max 1 level(s)).
[INFO] [Vulkan filter chain]: Creating framebuffer 1024x1024 (max 4294967295 level(s)).
[INFO] [Vulkan filter chain]: Creating framebuffer 1024x1024 (max 1 level(s)).
[INFO] [Vulkan filter chain]: Creating framebuffer 1024x1024 (max 1 level(s)).
[INFO] [Vulkan filter chain]: Creating framebuffer 1024x1024 (max 4294967295 level(s)).
[INFO] [Vulkan filter chain]: Creating framebuffer 1024x1024 (max 4294967295 level(s)).
[INFO] [Vulkan filter chain]: Creating framebuffer 1024x1024 (max 1 level(s)).
[INFO] [Vulkan filter chain]: Creating framebuffer 1024x1024 (max 1 level(s)).
[INFO] [Vulkan filter chain]: Creating framebuffer 800x1024 (max 1 level(s)).
[INFO] [Vulkan filter chain]: Creating framebuffer 800x600 (max 1 level(s)).
[INFO] [Vulkan filter chain]: Creating framebuffer 800x600 (max 1 level(s)).
[INFO] [Vulkan filter chain]: Creating framebuffer 800x600 (max 1 level(s)).
[INFO] [Vulkan filter chain]: Creating framebuffer 3840x2160 (max 1 level(s)).
[INFO] [Vulkan filter chain]: Creating framebuffer 3840x2160 (max 4294967295 level(s)).
[INFO] [Vulkan filter chain]: Creating framebuffer 3840x2160 (max 1 level(s)).
[INFO] [Vulkan filter chain]: Creating framebuffer 3840x2160 (max 1 level(s)).
[INFO] [Vulkan filter chain]: Creating framebuffer 3840x2160 (max 4294967295 level(s)).
[INFO] [Vulkan filter chain]: Creating framebuffer 800x600 (max 4294967295 level(s)).
[INFO] [Vulkan filter chain]: Creating framebuffer 800x600 (max 1 level(s)).
[INFO] [Vulkan filter chain]: Creating framebuffer 800x600 (max 4294967295 level(s)).
[INFO] [Vulkan filter chain]: Creating framebuffer 128x128 (max 4294967295 level(s)).
[INFO] [Vulkan filter chain]: Creating framebuffer 12x12 (max 1 level(s)).
[INFO] [Vulkan filter chain]: Creating framebuffer 3840x2160 (max 1 level(s)).
[INFO] [Vulkan filter chain]: Creating framebuffer 3840x2160 (max 1 level(s)).
[INFO] [Vulkan filter chain]: Creating framebuffer 1024x1024 (max 1 level(s)).
[INFO] [Vulkan filter chain]: Creating framebuffer 1024x1024 (max 1 level(s)).
[INFO] [Vulkan filter chain]: Creating framebuffer 1024x1024 (max 1 level(s)).
[INFO] [Vulkan filter chain]: Creating framebuffer 1024x1024 (max 1 level(s)).
[INFO] [Vulkan filter chain]: Using framebuffer feedback for pass #3.
[INFO] [Vulkan filter chain]: Creating framebuffer 1024x1024 (max 1 level(s)).
[INFO] [Vulkan filter chain]: Using framebuffer feedback for pass #4.
[INFO] [Vulkan filter chain]: Creating framebuffer 1024x1024 (max 4294967295 level(s)).
[INFO] [Vulkan filter chain]: Using framebuffer feedback for pass #8.
[INFO] [Vulkan filter chain]: Creating framebuffer 1024x1024 (max 1 level(s)).
[INFO] [Vulkan filter chain]: Using framebuffer feedback for pass #13.
[INFO] [Vulkan filter chain]: Creating framebuffer 3840x2160 (max 1 level(s)).
[INFO] [Vulkan filter chain]: Using framebuffer feedback for pass #21.
[INFO] [Vulkan filter chain]: Creating framebuffer 3840x2160 (max 1 level(s)).
[INFO] [Vulkan filter chain]: Using framebuffer feedback for pass #22.
[INFO] [Vulkan filter chain]: Creating framebuffer 3840x2160 (max 4294967295 level(s)).
[INFO] [Vulkan filter chain]: Using framebuffer feedback for pass #23.
[INFO] [Vulkan filter chain]: Creating framebuffer 3840x2160 (max 1 level(s)).
[INFO] [Vulkan filter chain]: Using framebuffer feedback for pass #29.
[INFO] [Vulkan filter chain]: Creating framebuffer 3840x2160 (max 1 level(s)).
[INFO] [Vulkan filter chain]: Using framebuffer feedback for pass #30.
[INFO] [Vulkan filter chain]: Updating framebuffer size 640x238 (format: 37).
[INFO] [Vulkan filter chain]: Updating framebuffer size 640x238 (format: 43).
[INFO] [Vulkan filter chain]: Updating framebuffer size 640x238 (format: 43).
[INFO] [Vulkan filter chain]: Updating framebuffer size 640x238 (format: 109).
[INFO] [Vulkan filter chain]: Updating framebuffer size 640x238 (format: 97).
[INFO] [Vulkan filter chain]: Updating framebuffer size 640x238 (format: 97).
[INFO] [Vulkan filter chain]: Updating framebuffer size 640x238 (format: 37).
[INFO] [Vulkan filter chain]: Updating framebuffer size 640x238 (format: 37).
[INFO] [Vulkan filter chain]: Updating framebuffer size 640x238 (format: 37).
[INFO] [Vulkan filter chain]: Updating framebuffer size 640x238 (format: 37).
[INFO] [Vulkan filter chain]: Updating framebuffer size 640x238 (format: 37).
[INFO] [Vulkan filter chain]: Updating framebuffer size 640x238 (format: 37).
[INFO] [Vulkan filter chain]: Updating framebuffer size 640x238 (format: 37).
[INFO] [Vulkan filter chain]: Updating framebuffer size 640x238 (format: 37).
[INFO] [Vulkan filter chain]: Updating framebuffer size 640x238 (format: 97).
[INFO] [Vulkan filter chain]: Updating framebuffer size 800x238 (format: 97).
[INFO] [Vulkan filter chain]: Updating framebuffer size 640x238 (format: 37).
[INFO] [Vulkan filter chain]: Updating framebuffer size 640x238 (format: 109).
[INFO] [Vulkan filter chain]: Updating framebuffer size 640x238 (format: 97).
[INFO] [Vulkan filter chain]: Updating framebuffer size 640x238 (format: 37).
[INFO] [Vulkan filter chain]: Updating framebuffer size 640x238 (format: 37).
[INFO] [Vulkan filter chain]: Updating framebuffer size 640x238 (format: 37).
[INFO] [Environ]: SET_GEOMETRY.
[INFO] [Vulkan filter chain]: Updating framebuffer size 640x480 (format: 37).
[INFO] [Vulkan filter chain]: Updating framebuffer size 640x480 (format: 43).
[INFO] [Vulkan filter chain]: Updating framebuffer size 640x480 (format: 43).
[INFO] [Vulkan filter chain]: Updating framebuffer size 640x480 (format: 109).
[INFO] [Vulkan filter chain]: Updating framebuffer size 640x480 (format: 97).
[INFO] [Vulkan filter chain]: Updating framebuffer size 640x480 (format: 97).
[INFO] [Vulkan filter chain]: Updating framebuffer size 640x480 (format: 37).
[INFO] [Vulkan filter chain]: Updating framebuffer size 640x480 (format: 37).
[INFO] [Vulkan filter chain]: Updating framebuffer size 640x480 (format: 37).
[INFO] [Vulkan filter chain]: Updating framebuffer size 640x480 (format: 37).
[INFO] [Vulkan filter chain]: Updating framebuffer size 640x480 (format: 37).
[INFO] [Vulkan filter chain]: Updating framebuffer size 640x480 (format: 37).
[INFO] [Vulkan filter chain]: Updating framebuffer size 640x480 (format: 37).
[INFO] [Vulkan filter chain]: Updating framebuffer size 640x480 (format: 37).
[INFO] [Vulkan filter chain]: Updating framebuffer size 640x480 (format: 97).
[INFO] [Vulkan filter chain]: Updating framebuffer size 800x480 (format: 97).
[INFO] [Vulkan filter chain]: Updating framebuffer size 640x480 (format: 37).
[INFO] [Vulkan filter chain]: Updating framebuffer size 640x480 (format: 109).
[INFO] [Vulkan filter chain]: Updating framebuffer size 640x480 (format: 97).
[INFO] [Vulkan filter chain]: Updating framebuffer size 640x480 (format: 37).
[INFO] [Vulkan filter chain]: Updating framebuffer size 640x480 (format: 37).
[INFO] [Vulkan filter chain]: Updating framebuffer size 640x480 (format: 37).
[INFO] [Vulkan filter chain]: Updating framebuffer size 640x480 (format: 37).
[INFO] [Environ]: SET_GEOMETRY.
[INFO] [Vulkan filter chain]: Updating framebuffer size 640x476 (format: 37).
[INFO] [Vulkan filter chain]: Updating framebuffer size 640x476 (format: 43).
[INFO] [Vulkan filter chain]: Updating framebuffer size 640x476 (format: 43).
[INFO] [Vulkan filter chain]: Updating framebuffer size 640x476 (format: 109).
[INFO] [Vulkan filter chain]: Updating framebuffer size 640x476 (format: 97).
[INFO] [Vulkan filter chain]: Updating framebuffer size 640x476 (format: 97).
[INFO] [Vulkan filter chain]: Updating framebuffer size 640x476 (format: 37).
[INFO] [Vulkan filter chain]: Updating framebuffer size 640x476 (format: 37).
[INFO] [Vulkan filter chain]: Updating framebuffer size 640x476 (format: 37).
[INFO] [Vulkan filter chain]: Updating framebuffer size 640x476 (format: 37).
[INFO] [Vulkan filter chain]: Updating framebuffer size 640x476 (format: 37).
[INFO] [Vulkan filter chain]: Updating framebuffer size 640x476 (format: 37).
[INFO] [Vulkan filter chain]: Updating framebuffer size 640x476 (format: 37).
[INFO] [Vulkan filter chain]: Updating framebuffer size 640x476 (format: 37).
[INFO] [Vulkan filter chain]: Updating framebuffer size 640x476 (format: 97).
[INFO] [Vulkan filter chain]: Updating framebuffer size 800x476 (format: 97).
[INFO] [Vulkan filter chain]: Updating framebuffer size 640x476 (format: 37).
[INFO] [Environ]: SET_GEOMETRY.
[INFO] [Vulkan filter chain]: Updating framebuffer size 640x480 (format: 37).
[INFO] [Vulkan filter chain]: Updating framebuffer size 640x480 (format: 43).
[INFO] [Vulkan filter chain]: Updating framebuffer size 640x480 (format: 43).
[INFO] [Vulkan filter chain]: Updating framebuffer size 640x480 (format: 97).
[INFO] [Vulkan filter chain]: Updating framebuffer size 640x480 (format: 37).
[INFO] [Vulkan filter chain]: Updating framebuffer size 640x480 (format: 37).
[INFO] [Vulkan filter chain]: Updating framebuffer size 640x480 (format: 37).
[INFO] [Vulkan filter chain]: Updating framebuffer size 640x480 (format: 37).
[INFO] [Vulkan filter chain]: Updating framebuffer size 640x480 (format: 37).
[INFO] [Vulkan filter chain]: Updating framebuffer size 640x480 (format: 37).
[INFO] [Vulkan filter chain]: Updating framebuffer size 640x480 (format: 97).
[INFO] [Vulkan filter chain]: Updating framebuffer size 800x480 (format: 97).
[INFO] [Vulkan filter chain]: Updating framebuffer size 640x480 (format: 109).
[INFO] [Vulkan filter chain]: Updating framebuffer size 640x480 (format: 97).
[INFO] [Vulkan filter chain]: Updating framebuffer size 640x480 (format: 37).
[INFO] [Vulkan filter chain]: Updating framebuffer size 640x480 (format: 37).
[INFO] [Vulkan filter chain]: Updating framebuffer size 640x480 (format: 37).
[INFO] [Config]: Loading config: "/home/willian/.config/retroarch/retroarch.cfg".
[INFO] [Overrides]: Configuration overrides unloaded, original configuration restored.
[INFO] [Core]: Content ran for a total of: 00 hours, 01 minutes, 17 seconds.
[INFO] [Runtime]: Saving runtime log file: "/home/willian/.config/retroarch/playlists/logs/Flycast/samsptk.lrtl".
[libretro INFO] shell/libretro/libretro.cpp:1747 N[RENDERER]: retro_vk_context_destroy
[INFO] [Core]: Unloading game..
[ERROR] [Environ]: GET_VARIABLE: pvr.rend - Invalid value.
[ERROR] [Environ]: GET_VARIABLE: rend.PerStripSorting - Invalid value.
[INFO] [PulseAudio]: Pausing.
[INFO] [Core]: Unloading core..
[INFO] [Core]: Unloading core symbols..
[INFO] [Core]: Saved core options file to "/home/willian/.config/retroarch/config/Flycast/Flycast.opt".
[INFO] [XINERAMA]: Xinerama version: 1.1.
[INFO] [XINERAMA]: Xinerama screens: 1.
[INFO] [XINERAMA]: Saved monitor #0.
[INFO] [Video]: Average monitor Hz: 59.619627 Hz. (52.422 % frame time deviation, based on 2048 last samples).
