[INFO] RetroArch 1.15.0 (Git 6616b807ed)
[INFO] === Build =======================================
[INFO] CPU Model Name: AMD Ryzen 7 5700X 8-Core Processor             
[INFO] Capacidades: MMX MMXEXT SSE SSE2 SSE3 SSE4 SSE4.2 AES AVX AVX2
[INFO] Built: May 25 2023
[INFO] Version: 1.15.0
[INFO] Git: 6616b807ed
[INFO] =================================================
[INFO] [Input]: Found input driver: "x".
[INFO] [Environ]: SET_PIXEL_FORMAT: RGB565.
[INFO] [Core]: Versão da API libretro: 1, Compilado contra a API: 1
[INFO] [Audio]: Set audio input rate to: 48000.00 Hz.
[INFO] [Video]: Set video size to: fullscreen.
[ERROR] [Wayland]: Failed to connect to Wayland server.
[INFO] [Vulkan]: Vulkan dynamic library loaded.
[INFO] [Vulkan]: Found vulkan context: "vk_x".
[INFO] [Vulkan]: Detecting screen resolution: 3840x2160.
[INFO] [XINERAMA]: Xinerama version: 1.1.
[INFO] [XINERAMA]: Xinerama screens: 1.
[INFO] [X/Vulkan]: Using Xinerama on screen #0.
[INFO] [X/Vulkan]: X = 0, Y = 0, W = 3840, H = 2160.
[INFO] [X/Vulkan]: Using windowed fullscreen.
[INFO] [Vulkan]: Found GPU at index 0: "NVIDIA GeForce RTX 2060".
[INFO] [Vulkan]: Using GPU index 0.
[INFO] [Vulkan]: Using fences for WSI acquire.
[INFO] [Vulkan]: Using GPU: "NVIDIA GeForce RTX 2060".
[INFO] [Vulkan]: Queue family 0 supports 16 sub-queues.
[INFO] [Vulkan]: Got 3 swapchain images.
[INFO] [Vulkan]: Using resolution 3840x2160.
[INFO] [Vulkan]: Using RGB565 format.
[INFO] [Vulkan]: Loading stock shader.
[INFO] [udev]: Pad #0 (/dev/input/event3) supports force feedback.
[INFO] [udev]: Pad #0 (/dev/input/event3) supports 16 force feedback effects.
[INFO] [Joypad]: Found joypad driver: "udev".
[INFO] [DBus]: Suspended screensaver via DBus.
[INFO] [Video]: Found display server: "x11".
[INFO] [PulseAudio]: Requested 24576 bytes buffer, got 18432.
[INFO] [Display]: Found display driver: "vulkan".
[INFO] [Playlist]: Carregando o arquivo de favoritos: "/home/willian/.config/retroarch/content_favorites.lpl".
[INFO] [PulseAudio]: Pausing.
[INFO] [X/Vulkan]: Resized fullscreen resolution to 3840x2160.
[INFO] [Core]: Using content: "/home/willian/.config/retroarch/roms/Sony - Playstation/Darkstalkers 3 (USA).chd".
[INFO] [Core]: Content ran for a total of: 00 hours, 00 minutes, 00 seconds.
[INFO] [Core]: Unloading core..
[INFO] [Core]: Unloading core symbols..
[INFO] [XINERAMA]: Xinerama version: 1.1.
[INFO] [XINERAMA]: Xinerama screens: 1.
[INFO] [XINERAMA]: Saved monitor #0.
[INFO] [Video]: Does not have enough samples for monitor refresh rate estimation. Requires to run for at least 4096 frames.
[INFO] RetroArch 1.15.0 (Git 6616b807ed)
[INFO] === Build =======================================
[INFO] CPU Model Name: AMD Ryzen 7 5700X 8-Core Processor             
[INFO] Capacidades: MMX MMXEXT SSE SSE2 SSE3 SSE4 SSE4.2 AES AVX AVX2
[INFO] Built: May 25 2023
[INFO] Version: 1.15.0
[INFO] Git: 6616b807ed
[INFO] =================================================
[INFO] [Input]: Found input driver: "x".
[INFO] [Core]: Loading dynamic libretro core from: "/home/willian/.config/retroarch/cores/pcsx_rearmed_libretro.so"
[INFO] [Overrides]: Game-specific overrides found at "/home/willian/.config/retroarch/config/PCSX-ReARMed/Darkstalkers 3 (USA).cfg".
[INFO] [Config]: Loading config: "/home/willian/.config/retroarch/retroarch.cfg".
[INFO] [Config]: Appending override config: "/home/willian/.config/retroarch/config/PCSX-ReARMed/Darkstalkers 3 (USA).cfg".
[INFO] [Environ]: GET_LOG_INTERFACE.
[INFO] [Environ]: SET_CONTROLLER_INFO.
[INFO] [Environ]: GET_CORE_OPTIONS_VERSION.
[INFO] [Environ]: GET_LANGUAGE: "7".
[INFO] [Environ]: RETRO_ENVIRONMENT_SET_CORE_OPTIONS_V2_INTL.
[INFO] [Overrides]: Redirecionando arquivo dados da memória do jogo em "/home/willian/.config/retroarch/saves/Darkstalkers 3 (USA).srm".
[INFO] [Overrides]: Redirecionando o jogo salvo em "/home/willian/.config/retroarch/states/Darkstalkers 3 (USA).state".
[INFO] [Environ]: GET_MESSAGE_INTERFACE_VERSION.
[libretro INFO] Memcard 2: disabled
[libretro INFO] Starting PCSX-ReARMed 1fe066c
[libretro INFO] Running PCSX Version 1.9 (Aug 13 2023).
[INFO] [Environ]: SYSTEM_DIRECTORY: "/home/willian/.config/retroarch/system".
[libretro INFO] found BIOS file: scph5501.bin
[INFO] [Environ]: GET_CAN_DUPE: true
[INFO] [Environ]: GET_DISK_CONTROL_INTERFACE_VERSION.
[INFO] [Environ]: SET_DISK_CONTROL_EXT_INTERFACE.
[INFO] [Environ]: GET_RUMBLE_INTERFACE.
[INFO] [Environ]: PERFORMANCE_LEVEL: 6.
[INFO] [Content]: Carregamento de conteúdo ignorado. A implementação irá carregar por conta própria.
[INFO] [Environ]: SET_INPUT_DESCRIPTORS:
[INFO] [Environ]: SET_PIXEL_FORMAT: RGB565.
[libretro INFO] RGB565 supported, using it
[ERROR] [Environ]: GET_VARIABLE: pcsx_rearmed_nostalls - Invalid value.
[ERROR] [Environ]: GET_VARIABLE: pcsx_rearmed_async_cd - Invalid value.
[libretro INFO] plugin: plugins/builtin_gpu
[libretro INFO] plugin: plugins/builtin_spu
[libretro INFO] plugin: plugins/builtin_pad
[libretro INFO] plugin: plugins/builtin_pad
[libretro INFO] Plugins loaded.
[libretro INFO] chd: TRACK:1 TYPE:MODE2_RAW SUBTYPE:NONE FRAMES:318809 PREGAP:0 PGTYPE:MODE1 PGSUB:NONE POSTGAP:0
[libretro INFO] Loaded CD Image: /home/willian/.config/retroarch/roms/Sony - Playstation/Darkstalkers 3 (USA).chd[+chd].
[libretro INFO] Track 01 (DATA) - Start 00:02:00, Length 70:50:59
[libretro INFO] CD-ROM Label: DARKSTALKERS3                   
[libretro INFO] CD-ROM ID: SLUS00745
[libretro INFO] CD-ROM EXE Name: SLUS_007.45;1
[INFO] [Environ]: SET_AUDIO_BUFFER_STATUS_CALLBACK.
[INFO] [Replay]: Found last replay slot: #0
[INFO] [Core]: Versão da API libretro: 1, Compilado contra a API: 1
[INFO] [Audio]: Set audio input rate to: 44100.00 Hz.
[INFO] [Video]: Set video size to: fullscreen.
[ERROR] [Wayland]: Failed to connect to Wayland server.
[INFO] [Vulkan]: Vulkan dynamic library loaded.
[INFO] [Vulkan]: Found vulkan context: "vk_x".
[INFO] [Vulkan]: Detecting screen resolution: 3840x2160.
[INFO] [XINERAMA]: Xinerama version: 1.1.
[INFO] [XINERAMA]: Xinerama screens: 1.
[INFO] [X/Vulkan]: Using Xinerama on screen #0.
[INFO] [X/Vulkan]: X = 0, Y = 0, W = 3840, H = 2160.
[INFO] [X/Vulkan]: Using windowed fullscreen.
[INFO] [Vulkan]: Found GPU at index 0: "NVIDIA GeForce RTX 2060".
[INFO] [Vulkan]: Using GPU index 0.
[INFO] [Vulkan]: Using fences for WSI acquire.
[INFO] [Vulkan]: Using GPU: "NVIDIA GeForce RTX 2060".
[INFO] [Vulkan]: Queue family 0 supports 16 sub-queues.
[INFO] [Vulkan]: Got 3 swapchain images.
[INFO] [Vulkan]: Using resolution 3840x2160.
[INFO] [Vulkan]: Using RGB565 format.
[INFO] [Shaders]: Specific shader preset found at "/home/willian/.config/retroarch/config/PCSX-ReARMed/Sony - Playstation.slangp".
[INFO] [slang]: Compiling shader: "/home/willian/.config/retroarch/shaders/shaders_slang/bezel/Mega_Bezel/shaders/base/add-params-all.slang".
[INFO] [slang]: Using render target format R8G8B8A8_UNORM for pass output #0.
[INFO] [slang]: Compiling shader: "/home/willian/.config/retroarch/shaders/shaders_slang/bezel/Mega_Bezel/shaders/base/stock.slang".
[INFO] [slang]: Using render target format R8G8B8A8_SRGB for pass output #1.
[INFO] [slang]: Compiling shader: "/home/willian/.config/retroarch/shaders/shaders_slang/bezel/Mega_Bezel/shaders/base/add-negative-crop-area.slang".
[INFO] [slang]: Using render target format R8G8B8A8_SRGB for pass output #2.
[INFO] [slang]: Compiling shader: "/home/willian/.config/retroarch/shaders/shaders_slang/bezel/Mega_Bezel/shaders/base/cache-info-all-params.slang".
[INFO] [slang]: Using render target format R32G32B32A32_SFLOAT for pass output #3.
[INFO] [slang]: Compiling shader: "/home/willian/.config/retroarch/shaders/shaders_slang/bezel/Mega_Bezel/shaders/base/text-adv.slang".
[INFO] [slang]: Using render target format R16G16B16A16_SFLOAT for pass output #4.
[INFO] [slang]: Compiling shader: "/home/willian/.config/retroarch/shaders/shaders_slang/bezel/Mega_Bezel/shaders/base/intro.slang".
[INFO] [slang]: Using render target format R16G16B16A16_SFLOAT for pass output #5.
[INFO] [slang]: Compiling shader: "/home/willian/.config/retroarch/shaders/shaders_slang/bezel/Mega_Bezel/shaders/dedither/dedither-gamma-prep-1-before.slang".
[INFO] [slang]: Using render target format R8G8B8A8_UNORM for pass output #6.
[INFO] [slang]: Compiling shader: "/home/willian/.config/retroarch/shaders/shaders_slang/bezel/Mega_Bezel/shaders/hyllian/sgenpt-mix/sgenpt-mix-pass1.slang".
[INFO] [slang]: Using render target format R8G8B8A8_UNORM for pass output #7.
[INFO] [slang]: Compiling shader: "/home/willian/.config/retroarch/shaders/shaders_slang/bezel/Mega_Bezel/shaders/hyllian/sgenpt-mix/sgenpt-mix-pass2.slang".
[INFO] [slang]: Using render target format R8G8B8A8_UNORM for pass output #8.
[INFO] [slang]: Compiling shader: "/home/willian/.config/retroarch/shaders/shaders_slang/bezel/Mega_Bezel/shaders/hyllian/sgenpt-mix/sgenpt-mix-pass3.slang".
[INFO] [slang]: Using render target format R8G8B8A8_UNORM for pass output #9.
[INFO] [slang]: Compiling shader: "/home/willian/.config/retroarch/shaders/shaders_slang/bezel/Mega_Bezel/shaders/hyllian/sgenpt-mix/sgenpt-mix-pass4.slang".
[INFO] [slang]: Using render target format R8G8B8A8_UNORM for pass output #10.
[INFO] [slang]: Compiling shader: "/home/willian/.config/retroarch/shaders/shaders_slang/bezel/Mega_Bezel/shaders/hyllian/sgenpt-mix/sgenpt-mix-pass5.slang".
[INFO] [slang]: Using render target format R8G8B8A8_UNORM for pass output #11.
[INFO] [slang]: Compiling shader: "/home/willian/.config/retroarch/shaders/shaders_slang/bezel/Mega_Bezel/shaders/dedither/dedither-gamma-prep-2-after.slang".
[INFO] [slang]: Using render target format R8G8B8A8_UNORM for pass output #12.
[INFO] [slang]: Compiling shader: "/home/willian/.config/retroarch/shaders/shaders_slang/bezel/Mega_Bezel/shaders/ps1dither/hsm-PS1-Undither-BoxBlur.slang".
[INFO] [slang]: Using render target format R8G8B8A8_UNORM for pass output #13.
[INFO] [slang]: Compiling shader: "/home/willian/.config/retroarch/shaders/shaders_slang/bezel/Mega_Bezel/shaders/guest/extras/hsm-g-sharp_resampler.slang".
[INFO] [slang]: Using render target format R8G8B8A8_UNORM for pass output #14.
[INFO] [slang]: Compiling shader: "/home/willian/.config/retroarch/shaders/shaders_slang/bezel/Mega_Bezel/shaders/guest/extras/hsm-sharpsmoother.slang".
[INFO] [slang]: Using render target format R8G8B8A8_UNORM for pass output #15.
[INFO] [slang]: Compiling shader: "/home/willian/.config/retroarch/shaders/shaders_slang/bezel/Mega_Bezel/shaders/base/stock.slang".
[INFO] [slang]: Using render target format R8G8B8A8_UNORM for pass output #16.
[INFO] [slang]: Compiling shader: "/home/willian/.config/retroarch/shaders/shaders_slang/bezel/Mega_Bezel/shaders/scalefx/hsm-scalefx-pass0.slang".
[INFO] [slang]: Using render target format R16G16B16A16_SFLOAT for pass output #17.
[INFO] [slang]: Compiling shader: "/home/willian/.config/retroarch/shaders/shaders_slang/bezel/Mega_Bezel/shaders/scalefx/hsm-scalefx-pass1.slang".
[INFO] [slang]: Using render target format R8G8B8A8_UNORM for pass output #18.
[INFO] [slang]: Compiling shader: "/home/willian/.config/retroarch/shaders/shaders_slang/bezel/Mega_Bezel/shaders/scalefx/hsm-scalefx-pass2.slang".
[INFO] [slang]: Using render target format R8G8B8A8_UNORM for pass output #19.
[INFO] [slang]: Compiling shader: "/home/willian/.config/retroarch/shaders/shaders_slang/bezel/Mega_Bezel/shaders/scalefx/hsm-scalefx-pass3.slang".
[INFO] [slang]: Using render target format R8G8B8A8_UNORM for pass output #20.
[INFO] [slang]: Compiling shader: "/home/willian/.config/retroarch/shaders/shaders_slang/bezel/Mega_Bezel/shaders/scalefx/hsm-scalefx-pass4.slang".
[INFO] [slang]: Using render target format R8G8B8A8_UNORM for pass output #21.
[INFO] [slang]: Compiling shader: "/home/willian/.config/retroarch/shaders/shaders_slang/bezel/Mega_Bezel/shaders/gtu/hsm-gtu-pass1.slang".
[INFO] [slang]: Using render target format R16G16B16A16_SFLOAT for pass output #22.
[INFO] [slang]: Compiling shader: "/home/willian/.config/retroarch/shaders/shaders_slang/bezel/Mega_Bezel/shaders/gtu/hsm-gtu-pass2.slang".
[INFO] [slang]: Using render target format R16G16B16A16_SFLOAT for pass output #23.
[INFO] [slang]: Compiling shader: "/home/willian/.config/retroarch/shaders/shaders_slang/bezel/Mega_Bezel/shaders/base/stock.slang".
[INFO] [slang]: Using render target format R8G8B8A8_UNORM for pass output #24.
[INFO] [slang]: Compiling shader: "/home/willian/.config/retroarch/shaders/shaders_slang/bezel/Mega_Bezel/shaders/guest/hsm-afterglow0.slang".
[INFO] [slang]: Using render target format R8G8B8A8_UNORM for pass output #25.
[INFO] [slang]: Compiling shader: "/home/willian/.config/retroarch/shaders/shaders_slang/bezel/Mega_Bezel/shaders/guest/hsm-pre-shaders-afterglow.slang".
[INFO] [slang]: Using render target format R8G8B8A8_UNORM for pass output #26.
[INFO] [slang]: Compiling shader: "/home/willian/.config/retroarch/shaders/shaders_slang/bezel/Mega_Bezel/shaders/dogway/hsm-grade.slang".
[INFO] [slang]: Using render target format R8G8B8A8_UNORM for pass output #27.
[INFO] [slang]: Compiling shader: "/home/willian/.config/retroarch/shaders/shaders_slang/bezel/Mega_Bezel/shaders/guest/hsm-custom-fast-sharpen.slang".
[INFO] [slang]: Using render target format R8G8B8A8_UNORM for pass output #28.
[INFO] [slang]: Compiling shader: "/home/willian/.config/retroarch/shaders/shaders_slang/bezel/Mega_Bezel/shaders/base/stock.slang".
[INFO] [slang]: Using render target format R8G8B8A8_UNORM for pass output #29.
[INFO] [slang]: Compiling shader: "/home/willian/.config/retroarch/shaders/shaders_slang/bezel/Mega_Bezel/shaders/guest/hsm-avg-lum.slang".
[INFO] [slang]: Using render target format R8G8B8A8_UNORM for pass output #30.
[INFO] [slang]: Compiling shader: "/home/willian/.config/retroarch/shaders/shaders_slang/bezel/Mega_Bezel/shaders/guest/hsm-interlace-and-linearize.slang".
[INFO] [slang]: Using render target format R16G16B16A16_SFLOAT for pass output #31.
[INFO] [slang]: Compiling shader: "/home/willian/.config/retroarch/shaders/shaders_slang/bezel/Mega_Bezel/shaders/guest/hsm-gaussian_horizontal.slang".
[INFO] [slang]: Using render target format R16G16B16A16_SFLOAT for pass output #32.
[INFO] [slang]: Compiling shader: "/home/willian/.config/retroarch/shaders/shaders_slang/bezel/Mega_Bezel/shaders/guest/hsm-gaussian_vertical.slang".
[INFO] [slang]: Using render target format R16G16B16A16_SFLOAT for pass output #33.
[INFO] [slang]: Compiling shader: "/home/willian/.config/retroarch/shaders/shaders_slang/bezel/Mega_Bezel/shaders/guest/hsm-bloom_horizontal.slang".
[INFO] [slang]: Using render target format R16G16B16A16_SFLOAT for pass output #34.
[INFO] [slang]: Compiling shader: "/home/willian/.config/retroarch/shaders/shaders_slang/bezel/Mega_Bezel/shaders/guest/hsm-bloom_vertical.slang".
[INFO] [slang]: Using render target format R16G16B16A16_SFLOAT for pass output #35.
[INFO] [slang]: Compiling shader: "/home/willian/.config/retroarch/shaders/shaders_slang/bezel/Mega_Bezel/shaders/guest/hsm-crt-guest-advanced.slang".
[INFO] [slang]: Using render target format R16G16B16A16_SFLOAT for pass output #36.
[INFO] [slang]: Compiling shader: "/home/willian/.config/retroarch/shaders/shaders_slang/bezel/Mega_Bezel/shaders/guest/hsm-deconvergence.slang".
[INFO] [slang]: Using render target format R16G16B16A16_SFLOAT for pass output #37.
[INFO] [slang]: Compiling shader: "/home/willian/.config/retroarch/shaders/shaders_slang/bezel/Mega_Bezel/shaders/base/post-crt-prep-image-layers.slang".
[INFO] [slang]: Using render target format R16G16B16A16_SFLOAT for pass output #38.
[INFO] [slang]: Compiling shader: "/home/willian/.config/retroarch/shaders/shaders_slang/bezel/Mega_Bezel/shaders/base/bezel-images-under-crt.slang".
[INFO] [slang]: Using render target format R16G16B16A16_SFLOAT for pass output #39.
[INFO] [slang]: Compiling shader: "/home/willian/.config/retroarch/shaders/shaders_slang/bezel/Mega_Bezel/shaders/base/bezel-images-over-crt.slang".
[INFO] [slang]: Using render target format R16G16B16A16_SFLOAT for pass output #40.
[INFO] [slang]: Compiling shader: "/home/willian/.config/retroarch/shaders/shaders_slang/bezel/Mega_Bezel/shaders/base/linearize-crt.slang".
[INFO] [slang]: Using render target format R16G16B16A16_SFLOAT for pass output #41.
[INFO] [slang]: Compiling shader: "/home/willian/.config/retroarch/shaders/shaders_slang/bezel/Mega_Bezel/shaders/base/blur-outside-screen-horiz.slang".
[INFO] [slang]: Using render target format R8G8B8A8_UNORM for pass output #42.
[INFO] [slang]: Compiling shader: "/home/willian/.config/retroarch/shaders/shaders_slang/bezel/Mega_Bezel/shaders/base/blur-outside-screen-vert.slang".
[INFO] [slang]: Using render target format R8G8B8A8_UNORM for pass output #43.
[INFO] [slang]: Compiling shader: "/home/willian/.config/retroarch/shaders/shaders_slang/blurs/shaders/royale/blur9x9.slang".
[INFO] [slang]: Using render target format R16G16B16A16_SFLOAT for pass output #44.
[INFO] [slang]: Compiling shader: "/home/willian/.config/retroarch/shaders/shaders_slang/blurs/shaders/royale/blur9x9.slang".
[INFO] [slang]: Using render target format R16G16B16A16_SFLOAT for pass output #45.
[INFO] [slang]: Compiling shader: "/home/willian/.config/retroarch/shaders/shaders_slang/bezel/Mega_Bezel/shaders/base/reflection.slang".
[INFO] [slang]: Using render target format R16G16B16A16_SFLOAT for pass output #46.
[INFO] [slang]: Compiling shader: "/home/willian/.config/retroarch/shaders/shaders_slang/bezel/Mega_Bezel/shaders/base/combine-passes.slang".
[INFO] [slang]: Using render target format R8G8B8A8_UNORM for pass output #47.
[INFO] [Vulkan filter chain]: Creating framebuffer 1024x1024 (max 1 level(s)).
[INFO] [Vulkan filter chain]: Creating framebuffer 1024x1024 (max 1 level(s)).
[INFO] [Vulkan filter chain]: Creating framebuffer 1024x1024 (max 1 level(s)).
[INFO] [Vulkan filter chain]: Creating framebuffer 1024x1024 (max 1 level(s)).
[INFO] [Vulkan filter chain]: Creating framebuffer 1024x1024 (max 1 level(s)).
[INFO] [Vulkan filter chain]: Creating framebuffer 1024x1024 (max 1 level(s)).
[INFO] [Vulkan filter chain]: Creating framebuffer 1024x1024 (max 1 level(s)).
[INFO] [Vulkan filter chain]: Creating framebuffer 1024x1024 (max 1 level(s)).
[INFO] [Vulkan filter chain]: Creating framebuffer 1024x1024 (max 1 level(s)).
[INFO] [Vulkan filter chain]: Creating framebuffer 1024x1024 (max 1 level(s)).
[INFO] [Vulkan filter chain]: Creating framebuffer 1024x1024 (max 1 level(s)).
[INFO] [Vulkan filter chain]: Creating framebuffer 1024x1024 (max 1 level(s)).
[INFO] [Vulkan filter chain]: Creating framebuffer 1024x1024 (max 1 level(s)).
[INFO] [Vulkan filter chain]: Creating framebuffer 1024x1024 (max 1 level(s)).
[INFO] [Vulkan filter chain]: Creating framebuffer 1024x1024 (max 1 level(s)).
[INFO] [Vulkan filter chain]: Creating framebuffer 1024x1024 (max 1 level(s)).
[INFO] [Vulkan filter chain]: Creating framebuffer 1024x1024 (max 1 level(s)).
[INFO] [Vulkan filter chain]: Creating framebuffer 1024x1024 (max 1 level(s)).
[INFO] [Vulkan filter chain]: Creating framebuffer 1024x1024 (max 1 level(s)).
[INFO] [Vulkan filter chain]: Creating framebuffer 1024x1024 (max 1 level(s)).
[INFO] [Vulkan filter chain]: Creating framebuffer 1024x1024 (max 1 level(s)).
[INFO] [Vulkan filter chain]: Creating framebuffer 3072x3072 (max 1 level(s)).
[INFO] [Vulkan filter chain]: Creating framebuffer 3072x3072 (max 1 level(s)).
[INFO] [Vulkan filter chain]: Creating framebuffer 3072x3072 (max 1 level(s)).
[INFO] [Vulkan filter chain]: Creating framebuffer 3072x3072 (max 1 level(s)).
[INFO] [Vulkan filter chain]: Creating framebuffer 3072x3072 (max 4294967295 level(s)).
[INFO] [Vulkan filter chain]: Creating framebuffer 3072x3072 (max 1 level(s)).
[INFO] [Vulkan filter chain]: Creating framebuffer 3072x3072 (max 1 level(s)).
[INFO] [Vulkan filter chain]: Creating framebuffer 3072x3072 (max 4294967295 level(s)).
[INFO] [Vulkan filter chain]: Creating framebuffer 3072x3072 (max 4294967295 level(s)).
[INFO] [Vulkan filter chain]: Creating framebuffer 3072x3072 (max 1 level(s)).
[INFO] [Vulkan filter chain]: Creating framebuffer 3072x3072 (max 1 level(s)).
[INFO] [Vulkan filter chain]: Creating framebuffer 800x3072 (max 1 level(s)).
[INFO] [Vulkan filter chain]: Creating framebuffer 800x600 (max 1 level(s)).
[INFO] [Vulkan filter chain]: Creating framebuffer 800x600 (max 1 level(s)).
[INFO] [Vulkan filter chain]: Creating framebuffer 800x600 (max 1 level(s)).
[INFO] [Vulkan filter chain]: Creating framebuffer 3840x2160 (max 1 level(s)).
[INFO] [Vulkan filter chain]: Creating framebuffer 3840x2160 (max 4294967295 level(s)).
[INFO] [Vulkan filter chain]: Creating framebuffer 3840x2160 (max 1 level(s)).
[INFO] [Vulkan filter chain]: Creating framebuffer 3840x2160 (max 1 level(s)).
[INFO] [Vulkan filter chain]: Creating framebuffer 3840x2160 (max 4294967295 level(s)).
[INFO] [Vulkan filter chain]: Creating framebuffer 800x600 (max 4294967295 level(s)).
[INFO] [Vulkan filter chain]: Creating framebuffer 800x600 (max 1 level(s)).
[INFO] [Vulkan filter chain]: Creating framebuffer 800x600 (max 4294967295 level(s)).
[INFO] [Vulkan filter chain]: Creating framebuffer 128x128 (max 4294967295 level(s)).
[INFO] [Vulkan filter chain]: Creating framebuffer 12x12 (max 1 level(s)).
[INFO] [Vulkan filter chain]: Creating framebuffer 3840x2160 (max 1 level(s)).
[INFO] [Vulkan filter chain]: Creating framebuffer 3840x2160 (max 1 level(s)).
[INFO] [Vulkan filter chain]: Creating framebuffer 1024x1024 (max 1 level(s)).
[INFO] [Vulkan filter chain]: Creating framebuffer 1024x1024 (max 1 level(s)).
[INFO] [Vulkan filter chain]: Creating framebuffer 1024x1024 (max 1 level(s)).
[INFO] [Vulkan filter chain]: Creating framebuffer 1024x1024 (max 1 level(s)).
[INFO] [Vulkan filter chain]: Using framebuffer feedback for pass #3.
[INFO] [Vulkan filter chain]: Creating framebuffer 1024x1024 (max 1 level(s)).
[INFO] [Vulkan filter chain]: Using framebuffer feedback for pass #4.
[INFO] [Vulkan filter chain]: Creating framebuffer 3072x3072 (max 4294967295 level(s)).
[INFO] [Vulkan filter chain]: Using framebuffer feedback for pass #25.
[INFO] [Vulkan filter chain]: Creating framebuffer 3072x3072 (max 1 level(s)).
[INFO] [Vulkan filter chain]: Using framebuffer feedback for pass #30.
[INFO] [Vulkan filter chain]: Creating framebuffer 3840x2160 (max 1 level(s)).
[INFO] [Vulkan filter chain]: Using framebuffer feedback for pass #38.
[INFO] [Vulkan filter chain]: Creating framebuffer 3840x2160 (max 1 level(s)).
[INFO] [Vulkan filter chain]: Using framebuffer feedback for pass #39.
[INFO] [Vulkan filter chain]: Creating framebuffer 3840x2160 (max 4294967295 level(s)).
[INFO] [Vulkan filter chain]: Using framebuffer feedback for pass #40.
[INFO] [Vulkan filter chain]: Creating framebuffer 3840x2160 (max 1 level(s)).
[INFO] [Vulkan filter chain]: Using framebuffer feedback for pass #46.
[INFO] [Vulkan filter chain]: Creating framebuffer 3840x2160 (max 1 level(s)).
[INFO] [Vulkan filter chain]: Using framebuffer feedback for pass #47.
[INFO] [udev]: Pad #0 (/dev/input/event3) supports force feedback.
[INFO] [udev]: Pad #0 (/dev/input/event3) supports 16 force feedback effects.
[INFO] [Joypad]: Found joypad driver: "udev".
[INFO] [DBus]: Suspended screensaver via DBus.
[INFO] [Video]: Found display server: "x11".
[INFO] [PulseAudio]: Requested 24576 bytes buffer, got 18432.
[INFO] [Display]: Found display driver: "vulkan".
[libretro INFO] port: 1  device: standard
[libretro INFO] port: 2  device: standard
[libretro INFO] port: 3  device: standard
[libretro INFO] port: 4  device: standard
[libretro INFO] port: 5  device: standard
[libretro INFO] port: 6  device: none
[libretro INFO] port: 7  device: none
[libretro INFO] port: 8  device: none
[INFO] [Playlist]: Carregando o arquivo de favoritos: "/home/willian/.config/retroarch/content_favorites.lpl".
[INFO] [Vulkan filter chain]: Creating framebuffer 1024x1024 (max 1 level(s)).
[INFO] [Vulkan filter chain]: Creating framebuffer 1024x1024 (max 1 level(s)).
[INFO] [Vulkan filter chain]: Creating framebuffer 1024x1024 (max 1 level(s)).
[INFO] [Vulkan filter chain]: Creating framebuffer 1024x1024 (max 1 level(s)).
[INFO] [Vulkan filter chain]: Creating framebuffer 1024x1024 (max 1 level(s)).
[INFO] [Vulkan filter chain]: Creating framebuffer 1024x1024 (max 1 level(s)).
[INFO] [Vulkan filter chain]: Creating framebuffer 1024x1024 (max 1 level(s)).
[INFO] [Vulkan filter chain]: Creating framebuffer 1024x1024 (max 1 level(s)).
[INFO] [Vulkan filter chain]: Creating framebuffer 1024x1024 (max 1 level(s)).
[INFO] [Vulkan filter chain]: Creating framebuffer 1024x1024 (max 1 level(s)).
[INFO] [Vulkan filter chain]: Creating framebuffer 1024x1024 (max 1 level(s)).
[INFO] [Vulkan filter chain]: Creating framebuffer 1024x1024 (max 1 level(s)).
[INFO] [Vulkan filter chain]: Creating framebuffer 1024x1024 (max 1 level(s)).
[INFO] [Vulkan filter chain]: Creating framebuffer 1024x1024 (max 1 level(s)).
[INFO] [Vulkan filter chain]: Creating framebuffer 1024x1024 (max 1 level(s)).
[INFO] [Vulkan filter chain]: Creating framebuffer 1024x1024 (max 1 level(s)).
[INFO] [Vulkan filter chain]: Creating framebuffer 1024x1024 (max 1 level(s)).
[INFO] [Vulkan filter chain]: Creating framebuffer 1024x1024 (max 1 level(s)).
[INFO] [Vulkan filter chain]: Creating framebuffer 1024x1024 (max 1 level(s)).
[INFO] [Vulkan filter chain]: Creating framebuffer 1024x1024 (max 1 level(s)).
[INFO] [Vulkan filter chain]: Creating framebuffer 1024x1024 (max 1 level(s)).
[INFO] [Vulkan filter chain]: Creating framebuffer 3072x3072 (max 1 level(s)).
[INFO] [Vulkan filter chain]: Creating framebuffer 3072x3072 (max 1 level(s)).
[INFO] [Vulkan filter chain]: Creating framebuffer 3072x3072 (max 1 level(s)).
[INFO] [Vulkan filter chain]: Creating framebuffer 3072x3072 (max 1 level(s)).
[INFO] [Vulkan filter chain]: Creating framebuffer 3072x3072 (max 4294967295 level(s)).
[INFO] [Vulkan filter chain]: Creating framebuffer 3072x3072 (max 1 level(s)).
[INFO] [Vulkan filter chain]: Creating framebuffer 3072x3072 (max 1 level(s)).
[INFO] [Vulkan filter chain]: Creating framebuffer 3072x3072 (max 4294967295 level(s)).
[INFO] [Vulkan filter chain]: Creating framebuffer 3072x3072 (max 4294967295 level(s)).
[INFO] [Vulkan filter chain]: Creating framebuffer 3072x3072 (max 1 level(s)).
[INFO] [Vulkan filter chain]: Creating framebuffer 3072x3072 (max 1 level(s)).
[INFO] [Vulkan filter chain]: Creating framebuffer 800x3072 (max 1 level(s)).
[INFO] [Vulkan filter chain]: Creating framebuffer 800x600 (max 1 level(s)).
[INFO] [Vulkan filter chain]: Creating framebuffer 800x600 (max 1 level(s)).
[INFO] [Vulkan filter chain]: Creating framebuffer 800x600 (max 1 level(s)).
[INFO] [Vulkan filter chain]: Creating framebuffer 3840x2160 (max 1 level(s)).
[INFO] [Vulkan filter chain]: Creating framebuffer 3840x2160 (max 4294967295 level(s)).
[INFO] [Vulkan filter chain]: Creating framebuffer 3840x2160 (max 1 level(s)).
[INFO] [Vulkan filter chain]: Creating framebuffer 3840x2160 (max 1 level(s)).
[INFO] [Vulkan filter chain]: Creating framebuffer 3840x2160 (max 4294967295 level(s)).
[INFO] [Vulkan filter chain]: Creating framebuffer 800x600 (max 4294967295 level(s)).
[INFO] [Vulkan filter chain]: Creating framebuffer 800x600 (max 1 level(s)).
[INFO] [Vulkan filter chain]: Creating framebuffer 800x600 (max 4294967295 level(s)).
[INFO] [Vulkan filter chain]: Creating framebuffer 128x128 (max 4294967295 level(s)).
[INFO] [Vulkan filter chain]: Creating framebuffer 12x12 (max 1 level(s)).
[INFO] [Vulkan filter chain]: Creating framebuffer 3840x2160 (max 1 level(s)).
[INFO] [Vulkan filter chain]: Creating framebuffer 3840x2160 (max 1 level(s)).
[INFO] [Vulkan filter chain]: Creating framebuffer 1024x1024 (max 1 level(s)).
[INFO] [Vulkan filter chain]: Creating framebuffer 1024x1024 (max 1 level(s)).
[INFO] [Vulkan filter chain]: Creating framebuffer 1024x1024 (max 1 level(s)).
[INFO] [Vulkan filter chain]: Creating framebuffer 1024x1024 (max 1 level(s)).
[INFO] [Vulkan filter chain]: Using framebuffer feedback for pass #3.
[INFO] [Vulkan filter chain]: Creating framebuffer 1024x1024 (max 1 level(s)).
[INFO] [Vulkan filter chain]: Using framebuffer feedback for pass #4.
[INFO] [Vulkan filter chain]: Creating framebuffer 3072x3072 (max 4294967295 level(s)).
[INFO] [Vulkan filter chain]: Using framebuffer feedback for pass #25.
[INFO] [Vulkan filter chain]: Creating framebuffer 3072x3072 (max 1 level(s)).
[INFO] [Vulkan filter chain]: Using framebuffer feedback for pass #30.
[INFO] [Vulkan filter chain]: Creating framebuffer 3840x2160 (max 1 level(s)).
[INFO] [Vulkan filter chain]: Using framebuffer feedback for pass #38.
[INFO] [Vulkan filter chain]: Creating framebuffer 3840x2160 (max 1 level(s)).
[INFO] [Vulkan filter chain]: Using framebuffer feedback for pass #39.
[INFO] [Vulkan filter chain]: Creating framebuffer 3840x2160 (max 4294967295 level(s)).
[INFO] [Vulkan filter chain]: Using framebuffer feedback for pass #40.
[INFO] [Vulkan filter chain]: Creating framebuffer 3840x2160 (max 1 level(s)).
[INFO] [Vulkan filter chain]: Using framebuffer feedback for pass #46.
[INFO] [Vulkan filter chain]: Creating framebuffer 3840x2160 (max 1 level(s)).
[INFO] [Vulkan filter chain]: Using framebuffer feedback for pass #47.
[INFO] [Environ]: RETRO_ENVIRONMENT_SET_MINIMUM_AUDIO_LATENCY.
[INFO] [Environ]: SET_GEOMETRY: 640x478, Aspect: 1.333.
[INFO] [Vulkan filter chain]: Updating framebuffer size 640x478 (format: 37).
[INFO] [Vulkan filter chain]: Updating framebuffer size 640x478 (format: 43).
[INFO] [Vulkan filter chain]: Updating framebuffer size 640x478 (format: 43).
[INFO] [Vulkan filter chain]: Updating framebuffer size 640x478 (format: 109).
[INFO] [Vulkan filter chain]: Updating framebuffer size 640x478 (format: 97).
[INFO] [Vulkan filter chain]: Updating framebuffer size 640x478 (format: 97).
[INFO] [Vulkan filter chain]: Updating framebuffer size 640x478 (format: 37).
[INFO] [Vulkan filter chain]: Updating framebuffer size 640x478 (format: 37).
[INFO] [Vulkan filter chain]: Updating framebuffer size 640x478 (format: 37).
[INFO] [Vulkan filter chain]: Updating framebuffer size 640x478 (format: 37).
[INFO] [Vulkan filter chain]: Updating framebuffer size 640x478 (format: 37).
[INFO] [Vulkan filter chain]: Updating framebuffer size 640x478 (format: 37).
[INFO] [Vulkan filter chain]: Updating framebuffer size 640x478 (format: 37).
[INFO] [Vulkan filter chain]: Updating framebuffer size 640x478 (format: 37).
[INFO] [Vulkan filter chain]: Updating framebuffer size 640x478 (format: 37).
[INFO] [Vulkan filter chain]: Updating framebuffer size 640x478 (format: 37).
[INFO] [Vulkan filter chain]: Updating framebuffer size 640x478 (format: 37).
[INFO] [Vulkan filter chain]: Updating framebuffer size 640x478 (format: 97).
[INFO] [Vulkan filter chain]: Updating framebuffer size 640x478 (format: 37).
[INFO] [Vulkan filter chain]: Updating framebuffer size 640x478 (format: 37).
[INFO] [Vulkan filter chain]: Updating framebuffer size 640x478 (format: 37).
[INFO] [Vulkan filter chain]: Updating framebuffer size 1920x1434 (format: 37).
[INFO] [Vulkan filter chain]: Updating framebuffer size 1920x1434 (format: 97).
[INFO] [Vulkan filter chain]: Updating framebuffer size 1920x1434 (format: 97).
[INFO] [Vulkan filter chain]: Updating framebuffer size 1920x1434 (format: 37).
[INFO] [Vulkan filter chain]: Updating framebuffer size 1920x1434 (format: 37).
[INFO] [Vulkan filter chain]: Updating framebuffer size 1920x1434 (format: 37).
[INFO] [Vulkan filter chain]: Updating framebuffer size 1920x1434 (format: 37).
[INFO] [Vulkan filter chain]: Updating framebuffer size 1920x1434 (format: 37).
[INFO] [Vulkan filter chain]: Updating framebuffer size 1920x1434 (format: 37).
[INFO] [Vulkan filter chain]: Updating framebuffer size 1920x1434 (format: 37).
[INFO] [Vulkan filter chain]: Updating framebuffer size 1920x1434 (format: 97).
[INFO] [Vulkan filter chain]: Updating framebuffer size 800x1434 (format: 97).
[INFO] [Vulkan filter chain]: Updating framebuffer size 640x478 (format: 37).
[INFO] [X/Vulkan]: Resized fullscreen resolution to 3840x2160.
[INFO] [Vulkan filter chain]: Creating framebuffer 1024x1024 (max 1 level(s)).
[INFO] [Vulkan filter chain]: Creating framebuffer 1024x1024 (max 1 level(s)).
[INFO] [Vulkan filter chain]: Creating framebuffer 1024x1024 (max 1 level(s)).
[INFO] [Vulkan filter chain]: Creating framebuffer 1024x1024 (max 1 level(s)).
[INFO] [Vulkan filter chain]: Creating framebuffer 1024x1024 (max 1 level(s)).
[INFO] [Vulkan filter chain]: Creating framebuffer 1024x1024 (max 1 level(s)).
[INFO] [Vulkan filter chain]: Creating framebuffer 1024x1024 (max 1 level(s)).
[INFO] [Vulkan filter chain]: Creating framebuffer 1024x1024 (max 1 level(s)).
[INFO] [Vulkan filter chain]: Creating framebuffer 1024x1024 (max 1 level(s)).
[INFO] [Vulkan filter chain]: Creating framebuffer 1024x1024 (max 1 level(s)).
[INFO] [Vulkan filter chain]: Creating framebuffer 1024x1024 (max 1 level(s)).
[INFO] [Vulkan filter chain]: Creating framebuffer 1024x1024 (max 1 level(s)).
[INFO] [Vulkan filter chain]: Creating framebuffer 1024x1024 (max 1 level(s)).
[INFO] [Vulkan filter chain]: Creating framebuffer 1024x1024 (max 1 level(s)).
[INFO] [Vulkan filter chain]: Creating framebuffer 1024x1024 (max 1 level(s)).
[INFO] [Vulkan filter chain]: Creating framebuffer 1024x1024 (max 1 level(s)).
[INFO] [Vulkan filter chain]: Creating framebuffer 1024x1024 (max 1 level(s)).
[INFO] [Vulkan filter chain]: Creating framebuffer 1024x1024 (max 1 level(s)).
[INFO] [Vulkan filter chain]: Creating framebuffer 1024x1024 (max 1 level(s)).
[INFO] [Vulkan filter chain]: Creating framebuffer 1024x1024 (max 1 level(s)).
[INFO] [Vulkan filter chain]: Creating framebuffer 1024x1024 (max 1 level(s)).
[INFO] [Vulkan filter chain]: Creating framebuffer 3072x3072 (max 1 level(s)).
[INFO] [Vulkan filter chain]: Creating framebuffer 3072x3072 (max 1 level(s)).
[INFO] [Vulkan filter chain]: Creating framebuffer 3072x3072 (max 1 level(s)).
[INFO] [Vulkan filter chain]: Creating framebuffer 3072x3072 (max 1 level(s)).
[INFO] [Vulkan filter chain]: Creating framebuffer 3072x3072 (max 4294967295 level(s)).
[INFO] [Vulkan filter chain]: Creating framebuffer 3072x3072 (max 1 level(s)).
[INFO] [Vulkan filter chain]: Creating framebuffer 3072x3072 (max 1 level(s)).
[INFO] [Vulkan filter chain]: Creating framebuffer 3072x3072 (max 4294967295 level(s)).
[INFO] [Vulkan filter chain]: Creating framebuffer 3072x3072 (max 4294967295 level(s)).
[INFO] [Vulkan filter chain]: Creating framebuffer 3072x3072 (max 1 level(s)).
[INFO] [Vulkan filter chain]: Creating framebuffer 3072x3072 (max 1 level(s)).
[INFO] [Vulkan filter chain]: Creating framebuffer 800x3072 (max 1 level(s)).
[INFO] [Vulkan filter chain]: Creating framebuffer 800x600 (max 1 level(s)).
[INFO] [Vulkan filter chain]: Creating framebuffer 800x600 (max 1 level(s)).
[INFO] [Vulkan filter chain]: Creating framebuffer 800x600 (max 1 level(s)).
[INFO] [Vulkan filter chain]: Creating framebuffer 3840x2160 (max 1 level(s)).
[INFO] [Vulkan filter chain]: Creating framebuffer 3840x2160 (max 4294967295 level(s)).
[INFO] [Vulkan filter chain]: Creating framebuffer 3840x2160 (max 1 level(s)).
[INFO] [Vulkan filter chain]: Creating framebuffer 3840x2160 (max 1 level(s)).
[INFO] [Vulkan filter chain]: Creating framebuffer 3840x2160 (max 4294967295 level(s)).
[INFO] [Vulkan filter chain]: Creating framebuffer 800x600 (max 4294967295 level(s)).
[INFO] [Vulkan filter chain]: Creating framebuffer 800x600 (max 1 level(s)).
[INFO] [Vulkan filter chain]: Creating framebuffer 800x600 (max 4294967295 level(s)).
[INFO] [Vulkan filter chain]: Creating framebuffer 128x128 (max 4294967295 level(s)).
[INFO] [Vulkan filter chain]: Creating framebuffer 12x12 (max 1 level(s)).
[INFO] [Vulkan filter chain]: Creating framebuffer 3840x2160 (max 1 level(s)).
[INFO] [Vulkan filter chain]: Creating framebuffer 3840x2160 (max 1 level(s)).
[INFO] [Vulkan filter chain]: Creating framebuffer 1024x1024 (max 1 level(s)).
[INFO] [Vulkan filter chain]: Creating framebuffer 1024x1024 (max 1 level(s)).
[INFO] [Vulkan filter chain]: Creating framebuffer 1024x1024 (max 1 level(s)).
[INFO] [Vulkan filter chain]: Creating framebuffer 1024x1024 (max 1 level(s)).
[INFO] [Vulkan filter chain]: Using framebuffer feedback for pass #3.
[INFO] [Vulkan filter chain]: Creating framebuffer 1024x1024 (max 1 level(s)).
[INFO] [Vulkan filter chain]: Using framebuffer feedback for pass #4.
[INFO] [Vulkan filter chain]: Creating framebuffer 3072x3072 (max 4294967295 level(s)).
[INFO] [Vulkan filter chain]: Using framebuffer feedback for pass #25.
[INFO] [Vulkan filter chain]: Creating framebuffer 3072x3072 (max 1 level(s)).
[INFO] [Vulkan filter chain]: Using framebuffer feedback for pass #30.
[INFO] [Vulkan filter chain]: Creating framebuffer 3840x2160 (max 1 level(s)).
[INFO] [Vulkan filter chain]: Using framebuffer feedback for pass #38.
[INFO] [Vulkan filter chain]: Creating framebuffer 3840x2160 (max 1 level(s)).
[INFO] [Vulkan filter chain]: Using framebuffer feedback for pass #39.
[INFO] [Vulkan filter chain]: Creating framebuffer 3840x2160 (max 4294967295 level(s)).
[INFO] [Vulkan filter chain]: Using framebuffer feedback for pass #40.
[INFO] [Vulkan filter chain]: Creating framebuffer 3840x2160 (max 1 level(s)).
[INFO] [Vulkan filter chain]: Using framebuffer feedback for pass #46.
[INFO] [Vulkan filter chain]: Creating framebuffer 3840x2160 (max 1 level(s)).
[INFO] [Vulkan filter chain]: Using framebuffer feedback for pass #47.
[INFO] [Vulkan filter chain]: Updating framebuffer size 640x478 (format: 37).
[INFO] [Vulkan filter chain]: Updating framebuffer size 640x478 (format: 43).
[INFO] [Vulkan filter chain]: Updating framebuffer size 640x478 (format: 43).
[INFO] [Vulkan filter chain]: Updating framebuffer size 640x478 (format: 109).
[INFO] [Vulkan filter chain]: Updating framebuffer size 640x478 (format: 97).
[INFO] [Vulkan filter chain]: Updating framebuffer size 640x478 (format: 97).
[INFO] [Vulkan filter chain]: Updating framebuffer size 640x478 (format: 37).
[INFO] [Vulkan filter chain]: Updating framebuffer size 640x478 (format: 37).
[INFO] [Vulkan filter chain]: Updating framebuffer size 640x478 (format: 37).
[INFO] [Vulkan filter chain]: Updating framebuffer size 640x478 (format: 37).
[INFO] [Vulkan filter chain]: Updating framebuffer size 640x478 (format: 37).
[INFO] [Vulkan filter chain]: Updating framebuffer size 640x478 (format: 37).
[INFO] [Vulkan filter chain]: Updating framebuffer size 640x478 (format: 37).
[INFO] [Vulkan filter chain]: Updating framebuffer size 640x478 (format: 37).
[INFO] [Vulkan filter chain]: Updating framebuffer size 640x478 (format: 37).
[INFO] [Vulkan filter chain]: Updating framebuffer size 640x478 (format: 37).
[INFO] [Vulkan filter chain]: Updating framebuffer size 640x478 (format: 37).
[INFO] [Vulkan filter chain]: Updating framebuffer size 640x478 (format: 97).
[INFO] [Vulkan filter chain]: Updating framebuffer size 640x478 (format: 37).
[INFO] [Vulkan filter chain]: Updating framebuffer size 640x478 (format: 37).
[INFO] [Vulkan filter chain]: Updating framebuffer size 640x478 (format: 37).
[INFO] [Vulkan filter chain]: Updating framebuffer size 1920x1434 (format: 37).
[INFO] [Vulkan filter chain]: Updating framebuffer size 1920x1434 (format: 97).
[INFO] [Vulkan filter chain]: Updating framebuffer size 1920x1434 (format: 97).
[INFO] [Vulkan filter chain]: Updating framebuffer size 1920x1434 (format: 37).
[INFO] [Vulkan filter chain]: Updating framebuffer size 1920x1434 (format: 37).
[INFO] [Vulkan filter chain]: Updating framebuffer size 1920x1434 (format: 37).
[INFO] [Vulkan filter chain]: Updating framebuffer size 1920x1434 (format: 37).
[INFO] [Vulkan filter chain]: Updating framebuffer size 1920x1434 (format: 37).
[INFO] [Vulkan filter chain]: Updating framebuffer size 1920x1434 (format: 37).
[INFO] [Vulkan filter chain]: Updating framebuffer size 1920x1434 (format: 37).
[INFO] [Vulkan filter chain]: Updating framebuffer size 1920x1434 (format: 97).
[INFO] [Vulkan filter chain]: Updating framebuffer size 800x1434 (format: 97).
[INFO] [Vulkan filter chain]: Updating framebuffer size 640x478 (format: 37).
[INFO] [Vulkan filter chain]: Updating framebuffer size 640x478 (format: 109).
[INFO] [Vulkan filter chain]: Updating framebuffer size 640x478 (format: 97).
[INFO] [Vulkan filter chain]: Updating framebuffer size 1920x1434 (format: 37).
[INFO] [Vulkan filter chain]: Updating framebuffer size 1920x1434 (format: 37).
[INFO] [Vulkan filter chain]: Updating framebuffer size 640x478 (format: 37).
[INFO] [Vulkan filter chain]: Updating framebuffer size 640x478 (format: 37).
[INFO] [Environ]: SET_GEOMETRY: 256x240, Aspect: 1.333.
[INFO] [Vulkan filter chain]: Updating framebuffer size 256x240 (format: 37).
[INFO] [Vulkan filter chain]: Updating framebuffer size 256x240 (format: 43).
[INFO] [Vulkan filter chain]: Updating framebuffer size 256x240 (format: 43).
[INFO] [Vulkan filter chain]: Updating framebuffer size 256x240 (format: 109).
[INFO] [Vulkan filter chain]: Updating framebuffer size 256x240 (format: 97).
[INFO] [Vulkan filter chain]: Updating framebuffer size 256x240 (format: 97).
[INFO] [Vulkan filter chain]: Updating framebuffer size 256x240 (format: 37).
[INFO] [Vulkan filter chain]: Updating framebuffer size 256x240 (format: 37).
[INFO] [Vulkan filter chain]: Updating framebuffer size 256x240 (format: 37).
[INFO] [Vulkan filter chain]: Updating framebuffer size 256x240 (format: 37).
[INFO] [Vulkan filter chain]: Updating framebuffer size 256x240 (format: 37).
[INFO] [Vulkan filter chain]: Updating framebuffer size 256x240 (format: 37).
[INFO] [Vulkan filter chain]: Updating framebuffer size 256x240 (format: 37).
[INFO] [Vulkan filter chain]: Updating framebuffer size 256x240 (format: 37).
[INFO] [Vulkan filter chain]: Updating framebuffer size 256x240 (format: 37).
[INFO] [Vulkan filter chain]: Updating framebuffer size 256x240 (format: 37).
[INFO] [Vulkan filter chain]: Updating framebuffer size 256x240 (format: 37).
[INFO] [Vulkan filter chain]: Updating framebuffer size 256x240 (format: 97).
[INFO] [Vulkan filter chain]: Updating framebuffer size 256x240 (format: 37).
[INFO] [Vulkan filter chain]: Updating framebuffer size 256x240 (format: 37).
[INFO] [Vulkan filter chain]: Updating framebuffer size 256x240 (format: 37).
[INFO] [Vulkan filter chain]: Updating framebuffer size 768x720 (format: 37).
[INFO] [Vulkan filter chain]: Updating framebuffer size 768x720 (format: 97).
[INFO] [Vulkan filter chain]: Updating framebuffer size 768x720 (format: 97).
[INFO] [Vulkan filter chain]: Updating framebuffer size 768x720 (format: 37).
[INFO] [Vulkan filter chain]: Updating framebuffer size 768x720 (format: 37).
[INFO] [Vulkan filter chain]: Updating framebuffer size 768x720 (format: 37).
[INFO] [Vulkan filter chain]: Updating framebuffer size 768x720 (format: 37).
[INFO] [Vulkan filter chain]: Updating framebuffer size 768x720 (format: 37).
[INFO] [Vulkan filter chain]: Updating framebuffer size 768x720 (format: 37).
[INFO] [Vulkan filter chain]: Updating framebuffer size 768x720 (format: 37).
[INFO] [Vulkan filter chain]: Updating framebuffer size 768x720 (format: 97).
[INFO] [Vulkan filter chain]: Updating framebuffer size 800x720 (format: 97).
[INFO] [Vulkan filter chain]: Updating framebuffer size 256x240 (format: 37).
[INFO] [X/Vulkan]: Resized fullscreen resolution to 3840x2160.
[INFO] [Vulkan filter chain]: Creating framebuffer 1024x1024 (max 1 level(s)).
[INFO] [Vulkan filter chain]: Creating framebuffer 1024x1024 (max 1 level(s)).
[INFO] [Vulkan filter chain]: Creating framebuffer 1024x1024 (max 1 level(s)).
[INFO] [Vulkan filter chain]: Creating framebuffer 1024x1024 (max 1 level(s)).
[INFO] [Vulkan filter chain]: Creating framebuffer 1024x1024 (max 1 level(s)).
[INFO] [Vulkan filter chain]: Creating framebuffer 1024x1024 (max 1 level(s)).
[INFO] [Vulkan filter chain]: Creating framebuffer 1024x1024 (max 1 level(s)).
[INFO] [Vulkan filter chain]: Creating framebuffer 1024x1024 (max 1 level(s)).
[INFO] [Vulkan filter chain]: Creating framebuffer 1024x1024 (max 1 level(s)).
[INFO] [Vulkan filter chain]: Creating framebuffer 1024x1024 (max 1 level(s)).
[INFO] [Vulkan filter chain]: Creating framebuffer 1024x1024 (max 1 level(s)).
[INFO] [Vulkan filter chain]: Creating framebuffer 1024x1024 (max 1 level(s)).
[INFO] [Vulkan filter chain]: Creating framebuffer 1024x1024 (max 1 level(s)).
[INFO] [Vulkan filter chain]: Creating framebuffer 1024x1024 (max 1 level(s)).
[INFO] [Vulkan filter chain]: Creating framebuffer 1024x1024 (max 1 level(s)).
[INFO] [Vulkan filter chain]: Creating framebuffer 1024x1024 (max 1 level(s)).
[INFO] [Vulkan filter chain]: Creating framebuffer 1024x1024 (max 1 level(s)).
[INFO] [Vulkan filter chain]: Creating framebuffer 1024x1024 (max 1 level(s)).
[INFO] [Vulkan filter chain]: Creating framebuffer 1024x1024 (max 1 level(s)).
[INFO] [Vulkan filter chain]: Creating framebuffer 1024x1024 (max 1 level(s)).
[INFO] [Vulkan filter chain]: Creating framebuffer 1024x1024 (max 1 level(s)).
[INFO] [Vulkan filter chain]: Creating framebuffer 3072x3072 (max 1 level(s)).
[INFO] [Vulkan filter chain]: Creating framebuffer 3072x3072 (max 1 level(s)).
[INFO] [Vulkan filter chain]: Creating framebuffer 3072x3072 (max 1 level(s)).
[INFO] [Vulkan filter chain]: Creating framebuffer 3072x3072 (max 1 level(s)).
[INFO] [Vulkan filter chain]: Creating framebuffer 3072x3072 (max 4294967295 level(s)).
[INFO] [Vulkan filter chain]: Creating framebuffer 3072x3072 (max 1 level(s)).
[INFO] [Vulkan filter chain]: Creating framebuffer 3072x3072 (max 1 level(s)).
[INFO] [Vulkan filter chain]: Creating framebuffer 3072x3072 (max 4294967295 level(s)).
[INFO] [Vulkan filter chain]: Creating framebuffer 3072x3072 (max 4294967295 level(s)).
[INFO] [Vulkan filter chain]: Creating framebuffer 3072x3072 (max 1 level(s)).
[INFO] [Vulkan filter chain]: Creating framebuffer 3072x3072 (max 1 level(s)).
[INFO] [Vulkan filter chain]: Creating framebuffer 800x3072 (max 1 level(s)).
[INFO] [Vulkan filter chain]: Creating framebuffer 800x600 (max 1 level(s)).
[INFO] [Vulkan filter chain]: Creating framebuffer 800x600 (max 1 level(s)).
[INFO] [Vulkan filter chain]: Creating framebuffer 800x600 (max 1 level(s)).
[INFO] [Vulkan filter chain]: Creating framebuffer 3840x2160 (max 1 level(s)).
[INFO] [Vulkan filter chain]: Creating framebuffer 3840x2160 (max 4294967295 level(s)).
[INFO] [Vulkan filter chain]: Creating framebuffer 3840x2160 (max 1 level(s)).
[INFO] [Vulkan filter chain]: Creating framebuffer 3840x2160 (max 1 level(s)).
[INFO] [Vulkan filter chain]: Creating framebuffer 3840x2160 (max 4294967295 level(s)).
[INFO] [Vulkan filter chain]: Creating framebuffer 800x600 (max 4294967295 level(s)).
[INFO] [Vulkan filter chain]: Creating framebuffer 800x600 (max 1 level(s)).
[INFO] [Vulkan filter chain]: Creating framebuffer 800x600 (max 4294967295 level(s)).
[INFO] [Vulkan filter chain]: Creating framebuffer 128x128 (max 4294967295 level(s)).
[INFO] [Vulkan filter chain]: Creating framebuffer 12x12 (max 1 level(s)).
[INFO] [Vulkan filter chain]: Creating framebuffer 3840x2160 (max 1 level(s)).
[INFO] [Vulkan filter chain]: Creating framebuffer 3840x2160 (max 1 level(s)).
[INFO] [Vulkan filter chain]: Creating framebuffer 1024x1024 (max 1 level(s)).
[INFO] [Vulkan filter chain]: Creating framebuffer 1024x1024 (max 1 level(s)).
[INFO] [Vulkan filter chain]: Creating framebuffer 1024x1024 (max 1 level(s)).
[INFO] [Vulkan filter chain]: Creating framebuffer 1024x1024 (max 1 level(s)).
[INFO] [Vulkan filter chain]: Using framebuffer feedback for pass #3.
[INFO] [Vulkan filter chain]: Creating framebuffer 1024x1024 (max 1 level(s)).
[INFO] [Vulkan filter chain]: Using framebuffer feedback for pass #4.
[INFO] [Vulkan filter chain]: Creating framebuffer 3072x3072 (max 4294967295 level(s)).
[INFO] [Vulkan filter chain]: Using framebuffer feedback for pass #25.
[INFO] [Vulkan filter chain]: Creating framebuffer 3072x3072 (max 1 level(s)).
[INFO] [Vulkan filter chain]: Using framebuffer feedback for pass #30.
[INFO] [Vulkan filter chain]: Creating framebuffer 3840x2160 (max 1 level(s)).
[INFO] [Vulkan filter chain]: Using framebuffer feedback for pass #38.
[INFO] [Vulkan filter chain]: Creating framebuffer 3840x2160 (max 1 level(s)).
[INFO] [Vulkan filter chain]: Using framebuffer feedback for pass #39.
[INFO] [Vulkan filter chain]: Creating framebuffer 3840x2160 (max 4294967295 level(s)).
[INFO] [Vulkan filter chain]: Using framebuffer feedback for pass #40.
[INFO] [Vulkan filter chain]: Creating framebuffer 3840x2160 (max 1 level(s)).
[INFO] [Vulkan filter chain]: Using framebuffer feedback for pass #46.
[INFO] [Vulkan filter chain]: Creating framebuffer 3840x2160 (max 1 level(s)).
[INFO] [Vulkan filter chain]: Using framebuffer feedback for pass #47.
[INFO] [Vulkan filter chain]: Updating framebuffer size 256x240 (format: 37).
[INFO] [Vulkan filter chain]: Updating framebuffer size 256x240 (format: 43).
[INFO] [Vulkan filter chain]: Updating framebuffer size 256x240 (format: 43).
[INFO] [Vulkan filter chain]: Updating framebuffer size 256x240 (format: 109).
[INFO] [Vulkan filter chain]: Updating framebuffer size 256x240 (format: 97).
[INFO] [Vulkan filter chain]: Updating framebuffer size 256x240 (format: 97).
[INFO] [Vulkan filter chain]: Updating framebuffer size 256x240 (format: 37).
[INFO] [Vulkan filter chain]: Updating framebuffer size 256x240 (format: 37).
[INFO] [Vulkan filter chain]: Updating framebuffer size 256x240 (format: 37).
[INFO] [Vulkan filter chain]: Updating framebuffer size 256x240 (format: 37).
[INFO] [Vulkan filter chain]: Updating framebuffer size 256x240 (format: 37).
[INFO] [Vulkan filter chain]: Updating framebuffer size 256x240 (format: 37).
[INFO] [Vulkan filter chain]: Updating framebuffer size 256x240 (format: 37).
[INFO] [Vulkan filter chain]: Updating framebuffer size 256x240 (format: 37).
[INFO] [Vulkan filter chain]: Updating framebuffer size 256x240 (format: 37).
[INFO] [Vulkan filter chain]: Updating framebuffer size 256x240 (format: 37).
[INFO] [Vulkan filter chain]: Updating framebuffer size 256x240 (format: 37).
[INFO] [Vulkan filter chain]: Updating framebuffer size 256x240 (format: 97).
[INFO] [Vulkan filter chain]: Updating framebuffer size 256x240 (format: 37).
[INFO] [Vulkan filter chain]: Updating framebuffer size 256x240 (format: 37).
[INFO] [Vulkan filter chain]: Updating framebuffer size 256x240 (format: 37).
[INFO] [Vulkan filter chain]: Updating framebuffer size 768x720 (format: 37).
[INFO] [Vulkan filter chain]: Updating framebuffer size 768x720 (format: 97).
[INFO] [Vulkan filter chain]: Updating framebuffer size 768x720 (format: 97).
[INFO] [Vulkan filter chain]: Updating framebuffer size 768x720 (format: 37).
[INFO] [Vulkan filter chain]: Updating framebuffer size 768x720 (format: 37).
[INFO] [Vulkan filter chain]: Updating framebuffer size 768x720 (format: 37).
[INFO] [Vulkan filter chain]: Updating framebuffer size 768x720 (format: 37).
[INFO] [Vulkan filter chain]: Updating framebuffer size 768x720 (format: 37).
[INFO] [Vulkan filter chain]: Updating framebuffer size 768x720 (format: 37).
[INFO] [Vulkan filter chain]: Updating framebuffer size 768x720 (format: 37).
[INFO] [Vulkan filter chain]: Updating framebuffer size 768x720 (format: 97).
[INFO] [Vulkan filter chain]: Updating framebuffer size 800x720 (format: 97).
[INFO] [Vulkan filter chain]: Updating framebuffer size 256x240 (format: 37).
[INFO] [Vulkan filter chain]: Updating framebuffer size 256x240 (format: 109).
[INFO] [Vulkan filter chain]: Updating framebuffer size 256x240 (format: 97).
[INFO] [Vulkan filter chain]: Updating framebuffer size 768x720 (format: 37).
[INFO] [Vulkan filter chain]: Updating framebuffer size 768x720 (format: 37).
[INFO] [Vulkan filter chain]: Updating framebuffer size 256x240 (format: 37).
[INFO] [Vulkan filter chain]: Updating framebuffer size 256x240 (format: 37).
[INFO] [Environ]: SET_GEOMETRY: 320x240, Aspect: 1.333.
[INFO] [Vulkan filter chain]: Updating framebuffer size 320x240 (format: 37).
[INFO] [Vulkan filter chain]: Updating framebuffer size 320x240 (format: 43).
[INFO] [Vulkan filter chain]: Updating framebuffer size 320x240 (format: 43).
[INFO] [Vulkan filter chain]: Updating framebuffer size 320x240 (format: 109).
[INFO] [Vulkan filter chain]: Updating framebuffer size 320x240 (format: 97).
[INFO] [Vulkan filter chain]: Updating framebuffer size 320x240 (format: 97).
[INFO] [Vulkan filter chain]: Updating framebuffer size 320x240 (format: 37).
[INFO] [Vulkan filter chain]: Updating framebuffer size 320x240 (format: 37).
[INFO] [Vulkan filter chain]: Updating framebuffer size 320x240 (format: 37).
[INFO] [Vulkan filter chain]: Updating framebuffer size 320x240 (format: 37).
[INFO] [Vulkan filter chain]: Updating framebuffer size 320x240 (format: 37).
[INFO] [Vulkan filter chain]: Updating framebuffer size 320x240 (format: 37).
[INFO] [Vulkan filter chain]: Updating framebuffer size 320x240 (format: 37).
[INFO] [Vulkan filter chain]: Updating framebuffer size 320x240 (format: 37).
[INFO] [Vulkan filter chain]: Updating framebuffer size 320x240 (format: 37).
[INFO] [Vulkan filter chain]: Updating framebuffer size 320x240 (format: 37).
[INFO] [Vulkan filter chain]: Updating framebuffer size 320x240 (format: 37).
[INFO] [Vulkan filter chain]: Updating framebuffer size 320x240 (format: 97).
[INFO] [Vulkan filter chain]: Updating framebuffer size 320x240 (format: 37).
[INFO] [Vulkan filter chain]: Updating framebuffer size 320x240 (format: 37).
[INFO] [Vulkan filter chain]: Updating framebuffer size 320x240 (format: 37).
[INFO] [Vulkan filter chain]: Updating framebuffer size 960x720 (format: 37).
[INFO] [Vulkan filter chain]: Updating framebuffer size 960x720 (format: 97).
[INFO] [Vulkan filter chain]: Updating framebuffer size 960x720 (format: 97).
[INFO] [Vulkan filter chain]: Updating framebuffer size 960x720 (format: 37).
[INFO] [Vulkan filter chain]: Updating framebuffer size 960x720 (format: 37).
[INFO] [Vulkan filter chain]: Updating framebuffer size 960x720 (format: 37).
[INFO] [Vulkan filter chain]: Updating framebuffer size 960x720 (format: 37).
[INFO] [Vulkan filter chain]: Updating framebuffer size 960x720 (format: 37).
[INFO] [Vulkan filter chain]: Updating framebuffer size 960x720 (format: 37).
[INFO] [Vulkan filter chain]: Updating framebuffer size 960x720 (format: 37).
[INFO] [Vulkan filter chain]: Updating framebuffer size 960x720 (format: 97).
[INFO] [Vulkan filter chain]: Updating framebuffer size 320x240 (format: 37).
[INFO] [X/Vulkan]: Resized fullscreen resolution to 3840x2160.
[INFO] [Vulkan filter chain]: Creating framebuffer 1024x1024 (max 1 level(s)).
[INFO] [Vulkan filter chain]: Creating framebuffer 1024x1024 (max 1 level(s)).
[INFO] [Vulkan filter chain]: Creating framebuffer 1024x1024 (max 1 level(s)).
[INFO] [Vulkan filter chain]: Creating framebuffer 1024x1024 (max 1 level(s)).
[INFO] [Vulkan filter chain]: Creating framebuffer 1024x1024 (max 1 level(s)).
[INFO] [Vulkan filter chain]: Creating framebuffer 1024x1024 (max 1 level(s)).
[INFO] [Vulkan filter chain]: Creating framebuffer 1024x1024 (max 1 level(s)).
[INFO] [Vulkan filter chain]: Creating framebuffer 1024x1024 (max 1 level(s)).
[INFO] [Vulkan filter chain]: Creating framebuffer 1024x1024 (max 1 level(s)).
[INFO] [Vulkan filter chain]: Creating framebuffer 1024x1024 (max 1 level(s)).
[INFO] [Vulkan filter chain]: Creating framebuffer 1024x1024 (max 1 level(s)).
[INFO] [Vulkan filter chain]: Creating framebuffer 1024x1024 (max 1 level(s)).
[INFO] [Vulkan filter chain]: Creating framebuffer 1024x1024 (max 1 level(s)).
[INFO] [Vulkan filter chain]: Creating framebuffer 1024x1024 (max 1 level(s)).
[INFO] [Vulkan filter chain]: Creating framebuffer 1024x1024 (max 1 level(s)).
[INFO] [Vulkan filter chain]: Creating framebuffer 1024x1024 (max 1 level(s)).
[INFO] [Vulkan filter chain]: Creating framebuffer 1024x1024 (max 1 level(s)).
[INFO] [Vulkan filter chain]: Creating framebuffer 1024x1024 (max 1 level(s)).
[INFO] [Vulkan filter chain]: Creating framebuffer 1024x1024 (max 1 level(s)).
[INFO] [Vulkan filter chain]: Creating framebuffer 1024x1024 (max 1 level(s)).
[INFO] [Vulkan filter chain]: Creating framebuffer 1024x1024 (max 1 level(s)).
[INFO] [Vulkan filter chain]: Creating framebuffer 3072x3072 (max 1 level(s)).
[INFO] [Vulkan filter chain]: Creating framebuffer 3072x3072 (max 1 level(s)).
[INFO] [Vulkan filter chain]: Creating framebuffer 3072x3072 (max 1 level(s)).
[INFO] [Vulkan filter chain]: Creating framebuffer 3072x3072 (max 1 level(s)).
[INFO] [Vulkan filter chain]: Creating framebuffer 3072x3072 (max 4294967295 level(s)).
[INFO] [Vulkan filter chain]: Creating framebuffer 3072x3072 (max 1 level(s)).
[INFO] [Vulkan filter chain]: Creating framebuffer 3072x3072 (max 1 level(s)).
[INFO] [Vulkan filter chain]: Creating framebuffer 3072x3072 (max 4294967295 level(s)).
[INFO] [Vulkan filter chain]: Creating framebuffer 3072x3072 (max 4294967295 level(s)).
[INFO] [Vulkan filter chain]: Creating framebuffer 3072x3072 (max 1 level(s)).
[INFO] [Vulkan filter chain]: Creating framebuffer 3072x3072 (max 1 level(s)).
[INFO] [Vulkan filter chain]: Creating framebuffer 800x3072 (max 1 level(s)).
[INFO] [Vulkan filter chain]: Creating framebuffer 800x600 (max 1 level(s)).
[INFO] [Vulkan filter chain]: Creating framebuffer 800x600 (max 1 level(s)).
[INFO] [Vulkan filter chain]: Creating framebuffer 800x600 (max 1 level(s)).
[INFO] [Vulkan filter chain]: Creating framebuffer 3840x2160 (max 1 level(s)).
[INFO] [Vulkan filter chain]: Creating framebuffer 3840x2160 (max 4294967295 level(s)).
[INFO] [Vulkan filter chain]: Creating framebuffer 3840x2160 (max 1 level(s)).
[INFO] [Vulkan filter chain]: Creating framebuffer 3840x2160 (max 1 level(s)).
[INFO] [Vulkan filter chain]: Creating framebuffer 3840x2160 (max 4294967295 level(s)).
[INFO] [Vulkan filter chain]: Creating framebuffer 800x600 (max 4294967295 level(s)).
[INFO] [Vulkan filter chain]: Creating framebuffer 800x600 (max 1 level(s)).
[INFO] [Vulkan filter chain]: Creating framebuffer 800x600 (max 4294967295 level(s)).
[INFO] [Vulkan filter chain]: Creating framebuffer 128x128 (max 4294967295 level(s)).
[INFO] [Vulkan filter chain]: Creating framebuffer 12x12 (max 1 level(s)).
[INFO] [Vulkan filter chain]: Creating framebuffer 3840x2160 (max 1 level(s)).
[INFO] [Vulkan filter chain]: Creating framebuffer 3840x2160 (max 1 level(s)).
[INFO] [Vulkan filter chain]: Creating framebuffer 1024x1024 (max 1 level(s)).
[INFO] [Vulkan filter chain]: Creating framebuffer 1024x1024 (max 1 level(s)).
[INFO] [Vulkan filter chain]: Creating framebuffer 1024x1024 (max 1 level(s)).
[INFO] [Vulkan filter chain]: Creating framebuffer 1024x1024 (max 1 level(s)).
[INFO] [Vulkan filter chain]: Using framebuffer feedback for pass #3.
[INFO] [Vulkan filter chain]: Creating framebuffer 1024x1024 (max 1 level(s)).
[INFO] [Vulkan filter chain]: Using framebuffer feedback for pass #4.
[INFO] [Vulkan filter chain]: Creating framebuffer 3072x3072 (max 4294967295 level(s)).
[INFO] [Vulkan filter chain]: Using framebuffer feedback for pass #25.
[INFO] [Vulkan filter chain]: Creating framebuffer 3072x3072 (max 1 level(s)).
[INFO] [Vulkan filter chain]: Using framebuffer feedback for pass #30.
[INFO] [Vulkan filter chain]: Creating framebuffer 3840x2160 (max 1 level(s)).
[INFO] [Vulkan filter chain]: Using framebuffer feedback for pass #38.
[INFO] [Vulkan filter chain]: Creating framebuffer 3840x2160 (max 1 level(s)).
[INFO] [Vulkan filter chain]: Using framebuffer feedback for pass #39.
[INFO] [Vulkan filter chain]: Creating framebuffer 3840x2160 (max 4294967295 level(s)).
[INFO] [Vulkan filter chain]: Using framebuffer feedback for pass #40.
[INFO] [Vulkan filter chain]: Creating framebuffer 3840x2160 (max 1 level(s)).
[INFO] [Vulkan filter chain]: Using framebuffer feedback for pass #46.
[INFO] [Vulkan filter chain]: Creating framebuffer 3840x2160 (max 1 level(s)).
[INFO] [Vulkan filter chain]: Using framebuffer feedback for pass #47.
[INFO] [Vulkan filter chain]: Updating framebuffer size 320x240 (format: 37).
[INFO] [Vulkan filter chain]: Updating framebuffer size 320x240 (format: 43).
[INFO] [Vulkan filter chain]: Updating framebuffer size 320x240 (format: 43).
[INFO] [Vulkan filter chain]: Updating framebuffer size 320x240 (format: 109).
[INFO] [Vulkan filter chain]: Updating framebuffer size 320x240 (format: 97).
[INFO] [Vulkan filter chain]: Updating framebuffer size 320x240 (format: 97).
[INFO] [Vulkan filter chain]: Updating framebuffer size 320x240 (format: 37).
[INFO] [Vulkan filter chain]: Updating framebuffer size 320x240 (format: 37).
[INFO] [Vulkan filter chain]: Updating framebuffer size 320x240 (format: 37).
[INFO] [Vulkan filter chain]: Updating framebuffer size 320x240 (format: 37).
[INFO] [Vulkan filter chain]: Updating framebuffer size 320x240 (format: 37).
[INFO] [Vulkan filter chain]: Updating framebuffer size 320x240 (format: 37).
[INFO] [Vulkan filter chain]: Updating framebuffer size 320x240 (format: 37).
[INFO] [Vulkan filter chain]: Updating framebuffer size 320x240 (format: 37).
[INFO] [Vulkan filter chain]: Updating framebuffer size 320x240 (format: 37).
[INFO] [Vulkan filter chain]: Updating framebuffer size 320x240 (format: 37).
[INFO] [Vulkan filter chain]: Updating framebuffer size 320x240 (format: 37).
[INFO] [Vulkan filter chain]: Updating framebuffer size 320x240 (format: 97).
[INFO] [Vulkan filter chain]: Updating framebuffer size 320x240 (format: 37).
[INFO] [Vulkan filter chain]: Updating framebuffer size 320x240 (format: 37).
[INFO] [Vulkan filter chain]: Updating framebuffer size 320x240 (format: 37).
[INFO] [Vulkan filter chain]: Updating framebuffer size 960x720 (format: 37).
[INFO] [Vulkan filter chain]: Updating framebuffer size 960x720 (format: 97).
[INFO] [Vulkan filter chain]: Updating framebuffer size 960x720 (format: 97).
[INFO] [Vulkan filter chain]: Updating framebuffer size 960x720 (format: 37).
[INFO] [Vulkan filter chain]: Updating framebuffer size 960x720 (format: 37).
[INFO] [Vulkan filter chain]: Updating framebuffer size 960x720 (format: 37).
[INFO] [Vulkan filter chain]: Updating framebuffer size 960x720 (format: 37).
[INFO] [Vulkan filter chain]: Updating framebuffer size 960x720 (format: 37).
[INFO] [Vulkan filter chain]: Updating framebuffer size 960x720 (format: 37).
[INFO] [Vulkan filter chain]: Updating framebuffer size 960x720 (format: 37).
[INFO] [Vulkan filter chain]: Updating framebuffer size 960x720 (format: 97).
[INFO] [Vulkan filter chain]: Updating framebuffer size 800x720 (format: 97).
[INFO] [Vulkan filter chain]: Updating framebuffer size 320x240 (format: 37).
[INFO] [Vulkan filter chain]: Updating framebuffer size 320x240 (format: 109).
[INFO] [Vulkan filter chain]: Updating framebuffer size 320x240 (format: 97).
[INFO] [Vulkan filter chain]: Updating framebuffer size 960x720 (format: 37).
[INFO] [Vulkan filter chain]: Updating framebuffer size 960x720 (format: 37).
[INFO] [Vulkan filter chain]: Updating framebuffer size 320x240 (format: 37).
[INFO] [Vulkan filter chain]: Updating framebuffer size 320x240 (format: 37).
[INFO] [PulseAudio]: Pausing.
[INFO] [slang]: Compiling shader: "/home/willian/.config/retroarch/shaders/shaders_slang/misc/grade.slang".
[ERROR] [slang]: Failed to open shader file: "/home/willian/.config/retroarch/shaders/shaders_slang/misc/grade.slang".
[ERROR] [Vulkan]: Failed to compile shader: "/home/willian/.config/retroarch/shaders/shaders_slang/misc/grade.slang".
[ERROR] [Vulkan]: Failed to create preset: "/home/willian/.config/retroarch/shaders/CyberLab CRT-Royale 4K Arcade Fine.slangp".
[ERROR] [Vulkan]: Failed to create filter chain: "/home/willian/.config/retroarch/shaders/CyberLab CRT-Royale 4K Arcade Fine.slangp". Falling back to stock.
[INFO] [slang]: Compiling shader: "/home/willian/.config/retroarch/shaders/shaders_slang/misc/grade.slang".
[ERROR] [slang]: Failed to open shader file: "/home/willian/.config/retroarch/shaders/shaders_slang/misc/grade.slang".
[ERROR] [Vulkan]: Failed to compile shader: "/home/willian/.config/retroarch/shaders/shaders_slang/misc/grade.slang".
[ERROR] [Vulkan]: Failed to create preset: "/home/willian/.config/retroarch/shaders/CyberLab CRT-Royale 4K Genesis - CyberLab Blargg NTSC Filter Recommended.slangp".
[ERROR] [Vulkan]: Failed to create filter chain: "/home/willian/.config/retroarch/shaders/CyberLab CRT-Royale 4K Genesis - CyberLab Blargg NTSC Filter Recommended.slangp". Falling back to stock.
[INFO] [PulseAudio]: Unpausing.
[INFO] [Environ]: SET_GEOMETRY: 256x240, Aspect: 1.333.
[INFO] [X/Vulkan]: Resized fullscreen resolution to 3840x2160.
[INFO] [Environ]: SET_GEOMETRY: 368x234, Aspect: 1.333.
[INFO] [X/Vulkan]: Resized fullscreen resolution to 3840x2160.
[INFO] [Config]: Loading config: "/home/willian/.config/retroarch/retroarch.cfg".
[INFO] [Overrides]: Configuration overrides unloaded, original configuration restored.
[INFO] [SRAM]: Salvando tipo de RAM #0 em "/home/willian/.config/retroarch/saves/Darkstalkers 3 (USA).srm".
[INFO] [SRAM]: Salvo com sucesso em "/home/willian/.config/retroarch/saves/Darkstalkers 3 (USA).srm".
[INFO] [Core]: Content ran for a total of: 00 hours, 00 minutes, 11 seconds.
[INFO] [Runtime]: Saving runtime log file: "/home/willian/.config/retroarch/playlists/logs/PCSX-ReARMed/Darkstalkers 3 (USA).lrtl".
[INFO] [Core]: Unloading game..
[INFO] [PulseAudio]: Pausing.
[INFO] [Core]: Unloading core..
[INFO] [Core]: Unloading core symbols..
[INFO] [Core]: Saved core options file to "/home/willian/.config/retroarch/config/PCSX-ReARMed/PCSX-ReARMed.opt".
[INFO] [XINERAMA]: Xinerama version: 1.1.
[INFO] [XINERAMA]: Xinerama screens: 1.
[INFO] [XINERAMA]: Saved monitor #0.
[INFO] [Video]: Does not have enough samples for monitor refresh rate estimation. Requires to run for at least 4096 frames.
