[INFO] RetroArch 1.15.0 (Git 6616b807ed)
[INFO] === Build =======================================
[INFO] CPU Model Name: AMD Ryzen 7 5700X 8-Core Processor             
[INFO] Capacidades: MMX MMXEXT SSE SSE2 SSE3 SSE4 SSE4.2 AES AVX AVX2
[INFO] Built: Sep 13 2023
[INFO] Version: 1.15.0
[INFO] Git: 6616b807ed
[INFO] =================================================
[INFO] [Input]: Found input driver: "x".
[INFO] [Environ]: SET_PIXEL_FORMAT: RGB565.
[INFO] [Core]: Versão da API libretro: 1, Compilado contra a API: 1
[INFO] [Audio]: Set audio input rate to: 48000.00 Hz.
[INFO] [Video]: Set video size to: fullscreen.
[ERROR] [Wayland]: Failed to connect to Wayland server.
[INFO] [Vulkan]: Vulkan dynamic library loaded.
[INFO] [Vulkan]: Found vulkan context: "vk_x".
[INFO] [Vulkan]: Detecting screen resolution: 3840x2160.
[INFO] [XINERAMA]: Xinerama version: 1.1.
[INFO] [XINERAMA]: Xinerama screens: 1.
[INFO] [X/Vulkan]: Using Xinerama on screen #0.
[INFO] [X/Vulkan]: X = 0, Y = 0, W = 3840, H = 2160.
[INFO] [X/Vulkan]: Using windowed fullscreen.
[INFO] [Vulkan]: Found GPU at index 0: "NVIDIA GeForce RTX 2060".
[INFO] [Vulkan]: Using GPU index 0.
[INFO] [Vulkan]: Using fences for WSI acquire.
[INFO] [Vulkan]: Using GPU: "NVIDIA GeForce RTX 2060".
[INFO] [Vulkan]: Queue family 0 supports 16 sub-queues.
[INFO] [Vulkan]: Got 3 swapchain images.
[INFO] [Vulkan]: Using resolution 3840x2160.
[INFO] [Vulkan]: Using RGB565 format.
[INFO] [Vulkan]: Loading stock shader.
[INFO] [udev]: Pad #0 (/dev/input/event5) supports force feedback.
[INFO] [udev]: Pad #0 (/dev/input/event5) supports 16 force feedback effects.
[INFO] [Joypad]: Found joypad driver: "udev".
[INFO] [DBus]: Suspended screensaver via DBus.
[INFO] [Video]: Found display server: "x11".
[ERROR] [Overlay]: Failed to load image: /home/willian/.config/retroarch/overlay/NIL.png.
[INFO] [PulseAudio]: Requested 24576 bytes buffer, got 18432.
[INFO] [Display]: Found display driver: "vulkan".
[INFO] [Playlist]: Carregando o arquivo de favoritos: "/home/willian/.config/retroarch/content_favorites.lpl".
[INFO] [PulseAudio]: Pausing.
[INFO] [X/Vulkan]: Resized fullscreen resolution to 3840x2160.
[INFO] [Environ]: SET_SUBSYSTEM_INFO.
[INFO] [Core]: Using content: "/home/willian/.config/retroarch/roms/FBNeo - Arcade Games/armwrest.zip".
[INFO] [Core]: Content ran for a total of: 00 hours, 00 minutes, 00 seconds.
[INFO] [Core]: Unloading core..
[INFO] [Core]: Unloading core symbols..
[INFO] [XINERAMA]: Xinerama version: 1.1.
[INFO] [XINERAMA]: Xinerama screens: 1.
[INFO] [XINERAMA]: Saved monitor #0.
[INFO] [Video]: Does not have enough samples for monitor refresh rate estimation. Requires to run for at least 4096 frames.
[INFO] RetroArch 1.15.0 (Git 6616b807ed)
[INFO] === Build =======================================
[INFO] CPU Model Name: AMD Ryzen 7 5700X 8-Core Processor             
[INFO] Capacidades: MMX MMXEXT SSE SSE2 SSE3 SSE4 SSE4.2 AES AVX AVX2
[INFO] Built: Sep 13 2023
[INFO] Version: 1.15.0
[INFO] Git: 6616b807ed
[INFO] =================================================
[INFO] [Input]: Found input driver: "x".
[INFO] [Core]: Loading dynamic libretro core from: "/home/willian/.config/retroarch/cores/fbneo_libretro.so"
[INFO] [Overrides]: Game-specific overrides found at "/home/willian/.config/retroarch/config/FinalBurn Neo/armwrest.cfg".
[INFO] [Config]: Loading config: "/home/willian/.config/retroarch/retroarch.cfg".
[INFO] [Config]: Appending override config: "/home/willian/.config/retroarch/config/FinalBurn Neo/armwrest.cfg".
[INFO] [Overrides]: Redirecionando arquivo dados da memória do jogo em "/home/willian/.config/retroarch/saves/armwrest.srm".
[INFO] [Overrides]: Redirecionando o jogo salvo em "/home/willian/.config/retroarch/states/armwrest.state".
[INFO] [Environ]: SET_SERIALIZATION_QUIRKS.
[INFO] [Environ]: GET_LOG_INTERFACE.
[INFO] [Environ]: GET_MESSAGE_INTERFACE_VERSION.
[INFO] [Environ]: SET_AUDIO_BUFFER_STATUS_CALLBACK.
[INFO] [Content]: Carregamento de conteúdo ignorado. A implementação irá carregar por conta própria.
[INFO] [Environ]: GET_SAVE_DIRECTORY.
[libretro INFO] Setting save dir to /home/willian/.config/retroarch/saves
[INFO] [Environ]: SYSTEM_DIRECTORY: "/home/willian/.config/retroarch/system".
[libretro INFO] Setting system dir to /home/willian/.config/retroarch/system
[INFO] [Environ]: SET_CONTROLLER_INFO.
[libretro INFO] Initialize DIP switches.
[INFO] [Environ]: GET_CORE_OPTIONS_VERSION.
[INFO] [Environ]: RETRO_ENVIRONMENT_SET_CORE_OPTIONS_V2.
[libretro INFO] [FBNeo] Searching all possible locations for romset armwrest
[libretro INFO] [FBNeo] No patched romset found at /home/willian/.config/retroarch/system/fbneo/patched/armwrest
[libretro INFO] [FBNeo] Romset found at /home/willian/.config/retroarch/roms/FBNeo - Arcade Games/armwrest
[libretro INFO] [FBNeo] No romset found at /home/willian/.config/retroarch/system/fbneo/armwrest
[libretro INFO] [FBNeo] No romset found at /home/willian/.config/retroarch/system/armwrest
[libretro INFO] [FBNeo] Using ROM with known crc 0xb09764c1 and name chv1-c.8l from archive /home/willian/.config/retroarch/roms/FBNeo - Arcade Games/armwrest
[libretro INFO] [FBNeo] Using ROM with known crc 0x0e147ff7 and name chv1-c.8k from archive /home/willian/.config/retroarch/roms/FBNeo - Arcade Games/armwrest
[libretro INFO] [FBNeo] Using ROM with known crc 0xe7365289 and name chv1-c.8j from archive /home/willian/.config/retroarch/roms/FBNeo - Arcade Games/armwrest
[libretro INFO] [FBNeo] Using ROM with known crc 0xa2118eec and name chv1-c.8h from archive /home/willian/.config/retroarch/roms/FBNeo - Arcade Games/armwrest
[libretro INFO] [FBNeo] Using ROM with known crc 0x664a07c4 and name chpv-c.8f from archive /home/willian/.config/retroarch/roms/FBNeo - Arcade Games/armwrest
[libretro INFO] [FBNeo] Using ROM with known crc 0xcb6ef376 and name chp1-c.4k from archive /home/willian/.config/retroarch/roms/FBNeo - Arcade Games/armwrest
[libretro INFO] [FBNeo] Using ROM with known crc 0x8b45f365 and name chpv-b.2e from archive /home/willian/.config/retroarch/roms/FBNeo - Arcade Games/armwrest
[libretro INFO] [FBNeo] Using ROM with known crc 0xb1a2850c and name chpv-b.2d from archive /home/willian/.config/retroarch/roms/FBNeo - Arcade Games/armwrest
[libretro INFO] [FBNeo] Using ROM with known crc 0x19245b37 and name chpv-b.2m from archive /home/willian/.config/retroarch/roms/FBNeo - Arcade Games/armwrest
[libretro INFO] [FBNeo] Using ROM with known crc 0x46797941 and name chpv-b.2l from archive /home/willian/.config/retroarch/roms/FBNeo - Arcade Games/armwrest
[libretro INFO] [FBNeo] Using ROM with known crc 0xde189b00 and name chpv-b.2k from archive /home/willian/.config/retroarch/roms/FBNeo - Arcade Games/armwrest
[libretro INFO] [FBNeo] Using ROM with known crc 0xd86056d9 and name chv1-v.2r from archive /home/willian/.config/retroarch/roms/FBNeo - Arcade Games/armwrest
[libretro INFO] [FBNeo] Using ROM with known crc 0x5ad77059 and name chv1-v.2t from archive /home/willian/.config/retroarch/roms/FBNeo - Arcade Games/armwrest
[libretro INFO] [FBNeo] Using ROM with known crc 0xa0fd7338 and name chv1-v.2v from archive /home/willian/.config/retroarch/roms/FBNeo - Arcade Games/armwrest
[libretro INFO] [FBNeo] Using ROM with known crc 0x690e26fb and name chv1-v.3r from archive /home/willian/.config/retroarch/roms/FBNeo - Arcade Games/armwrest
[libretro INFO] [FBNeo] Using ROM with known crc 0xea5d7759 and name chv1-v.3t from archive /home/willian/.config/retroarch/roms/FBNeo - Arcade Games/armwrest
[libretro INFO] [FBNeo] Using ROM with known crc 0xceb37c05 and name chv1-v.3v from archive /home/willian/.config/retroarch/roms/FBNeo - Arcade Games/armwrest
[libretro INFO] [FBNeo] Using ROM with known crc 0xe291cba0 and name chv1-v.4r from archive /home/willian/.config/retroarch/roms/FBNeo - Arcade Games/armwrest
[libretro INFO] [FBNeo] Using ROM with known crc 0xe01f3b59 and name chv1-v.4t from archive /home/willian/.config/retroarch/roms/FBNeo - Arcade Games/armwrest
[libretro INFO] [FBNeo] Using ROM with known crc 0xd834e142 and name chv1-v.6p from archive /home/willian/.config/retroarch/roms/FBNeo - Arcade Games/armwrest
[libretro INFO] [FBNeo] Using ROM with known crc 0xa2f531db and name chv1-v.8p from archive /home/willian/.config/retroarch/roms/FBNeo - Arcade Games/armwrest
[libretro INFO] [FBNeo] Using ROM with known crc 0xdf6fdeb3 and name chpv-b.7b from archive /home/willian/.config/retroarch/roms/FBNeo - Arcade Games/armwrest
[libretro INFO] [FBNeo] Using ROM with known crc 0xb1da5f42 and name chpv-b.7c from archive /home/willian/.config/retroarch/roms/FBNeo - Arcade Games/armwrest
[libretro INFO] [FBNeo] Using ROM with known crc 0x4ede813e and name chpv-b.7d from archive /home/willian/.config/retroarch/roms/FBNeo - Arcade Games/armwrest
[libretro INFO] [FBNeo] Using ROM with known crc 0x9d51416e and name chpv-b.4b from archive /home/willian/.config/retroarch/roms/FBNeo - Arcade Games/armwrest
[libretro INFO] [FBNeo] Using ROM with known crc 0xb8a25795 and name chpv-b.4c from archive /home/willian/.config/retroarch/roms/FBNeo - Arcade Games/armwrest
[libretro INFO] [FBNeo] Using ROM with known crc 0x474fc3b1 and name chpv-b.4d from archive /home/willian/.config/retroarch/roms/FBNeo - Arcade Games/armwrest
[libretro INFO] [FBNeo] Using ROM with known crc 0xc3f92ea2 and name chv1-b.3c from archive /home/willian/.config/retroarch/roms/FBNeo - Arcade Games/armwrest
[libretro INFO] [FBNeo] Using ROM with known crc 0x71dc0d48 and name chpv-v.2d from archive /home/willian/.config/retroarch/roms/FBNeo - Arcade Games/armwrest
[libretro INFO] [FBNeo] Using ROM with known crc 0x31b52896 and name chv1-c.6p from archive /home/willian/.config/retroarch/roms/FBNeo - Arcade Games/armwrest
[libretro INFO] [FBNeo] No missing files, proceeding
[libretro INFO] [FBNeo] Samplerate set to 48000
[libretro INFO] [FBNeo] Applied dipswitches from core options
[libretro INFO] [FBNeo] Initialized driver for armwrest
[libretro INFO] [FBNeo] Adjusted audio buffer to match driver's refresh rate (60.000000 Hz)
[libretro INFO] [Cheevos] System RAM set to 0x559cd5230f20, size is 16451
[libretro INFO] [FBNeo] EEPROM successfully loaded from /home/willian/.config/retroarch/saves/fbneo/armwrest.fs
[INFO] [Environ]: SET_ROTATION: 0
[INFO] [Environ]: SET_PIXEL_FORMAT: XRGB8888.
[libretro INFO] [FBNeo] Driver armwrest was successfully started : game's full name is Arm Wrestling
[INFO] [Replay]: Found last replay slot: #0
[INFO] [SRAM]: Ignorando carregamento da SRAM.
[INFO] [Core]: Versão da API libretro: 1, Compilado contra a API: 1
[libretro INFO] [FBNeo] Timing set to 60.000000 Hz
[INFO] [Audio]: Set audio input rate to: 48000.00 Hz.
[INFO] [Video]: Set video size to: fullscreen.
[ERROR] [Wayland]: Failed to connect to Wayland server.
[INFO] [Vulkan]: Vulkan dynamic library loaded.
[INFO] [Vulkan]: Found vulkan context: "vk_x".
[INFO] [Vulkan]: Detecting screen resolution: 3840x2160.
[INFO] [XINERAMA]: Xinerama version: 1.1.
[INFO] [XINERAMA]: Xinerama screens: 1.
[INFO] [X/Vulkan]: Using Xinerama on screen #0.
[INFO] [X/Vulkan]: X = 0, Y = 0, W = 3840, H = 2160.
[INFO] [X/Vulkan]: Using windowed fullscreen.
[INFO] [Vulkan]: Found GPU at index 0: "NVIDIA GeForce RTX 2060".
[INFO] [Vulkan]: Using GPU index 0.
[INFO] [Vulkan]: Using fences for WSI acquire.
[INFO] [Vulkan]: Using GPU: "NVIDIA GeForce RTX 2060".
[INFO] [Vulkan]: Queue family 0 supports 16 sub-queues.
[INFO] [Vulkan]: Got 3 swapchain images.
[INFO] [Vulkan]: Using resolution 3840x2160.
[INFO] [Vulkan]: Using BGRA8888 format.
[INFO] [Shaders]: Specific shader preset found at "/home/willian/.config/retroarch/config/global.slangp".
[INFO] [slang]: Compiling shader: "/home/willian/.config/retroarch/shaders/shaders_slang/bezel/Mega_Bezel/shaders/base/add-params-all.slang".
[INFO] [slang]: Using render target format R8G8B8A8_UNORM for pass output #0.
[INFO] [slang]: Compiling shader: "/home/willian/.config/retroarch/shaders/shaders_slang/bezel/Mega_Bezel/shaders/base/stock.slang".
[INFO] [slang]: Using render target format R8G8B8A8_SRGB for pass output #1.
[INFO] [slang]: Compiling shader: "/home/willian/.config/retroarch/shaders/shaders_slang/bezel/Mega_Bezel/shaders/base/add-negative-crop-area.slang".
[INFO] [slang]: Using render target format R8G8B8A8_SRGB for pass output #2.
[INFO] [slang]: Compiling shader: "/home/willian/.config/retroarch/shaders/shaders_slang/bezel/Mega_Bezel/shaders/base/cache-info-all-params.slang".
[INFO] [slang]: Using render target format R32G32B32A32_SFLOAT for pass output #3.
[INFO] [slang]: Compiling shader: "/home/willian/.config/retroarch/shaders/shaders_slang/bezel/Mega_Bezel/shaders/base/text-adv.slang".
[INFO] [slang]: Using render target format R16G16B16A16_SFLOAT for pass output #4.
[INFO] [slang]: Compiling shader: "/home/willian/.config/retroarch/shaders/shaders_slang/bezel/Mega_Bezel/shaders/base/intro.slang".
[INFO] [slang]: Using render target format R16G16B16A16_SFLOAT for pass output #5.
[INFO] [slang]: Compiling shader: "/home/willian/.config/retroarch/shaders/shaders_slang/bezel/Mega_Bezel/shaders/dedither/dedither-gamma-prep-1-before.slang".
[INFO] [slang]: Using render target format R8G8B8A8_UNORM for pass output #6.
[INFO] [slang]: Compiling shader: "/home/willian/.config/retroarch/shaders/shaders_slang/bezel/Mega_Bezel/shaders/hyllian/sgenpt-mix/sgenpt-mix-pass1.slang".
[INFO] [slang]: Using render target format R8G8B8A8_UNORM for pass output #7.
[INFO] [slang]: Compiling shader: "/home/willian/.config/retroarch/shaders/shaders_slang/bezel/Mega_Bezel/shaders/hyllian/sgenpt-mix/sgenpt-mix-pass2.slang".
[INFO] [slang]: Using render target format R8G8B8A8_UNORM for pass output #8.
[INFO] [slang]: Compiling shader: "/home/willian/.config/retroarch/shaders/shaders_slang/bezel/Mega_Bezel/shaders/hyllian/sgenpt-mix/sgenpt-mix-pass3.slang".
[INFO] [slang]: Using render target format R8G8B8A8_UNORM for pass output #9.
[INFO] [slang]: Compiling shader: "/home/willian/.config/retroarch/shaders/shaders_slang/bezel/Mega_Bezel/shaders/hyllian/sgenpt-mix/sgenpt-mix-pass4.slang".
[INFO] [slang]: Using render target format R8G8B8A8_UNORM for pass output #10.
[INFO] [slang]: Compiling shader: "/home/willian/.config/retroarch/shaders/shaders_slang/bezel/Mega_Bezel/shaders/hyllian/sgenpt-mix/sgenpt-mix-pass5.slang".
[INFO] [slang]: Using render target format R8G8B8A8_UNORM for pass output #11.
[INFO] [slang]: Compiling shader: "/home/willian/.config/retroarch/shaders/shaders_slang/bezel/Mega_Bezel/shaders/dedither/dedither-gamma-prep-2-after.slang".
[INFO] [slang]: Using render target format R8G8B8A8_UNORM for pass output #12.
[INFO] [slang]: Compiling shader: "/home/willian/.config/retroarch/shaders/shaders_slang/bezel/Mega_Bezel/shaders/ps1dither/hsm-PS1-Undither-BoxBlur.slang".
[INFO] [slang]: Using render target format R8G8B8A8_UNORM for pass output #13.
[INFO] [slang]: Compiling shader: "/home/willian/.config/retroarch/shaders/shaders_slang/bezel/Mega_Bezel/shaders/guest/extras/hsm-g-sharp_resampler.slang".
[INFO] [slang]: Using render target format R8G8B8A8_UNORM for pass output #14.
[INFO] [slang]: Compiling shader: "/home/willian/.config/retroarch/shaders/shaders_slang/bezel/Mega_Bezel/shaders/guest/extras/hsm-sharpsmoother.slang".
[INFO] [slang]: Using render target format R8G8B8A8_UNORM for pass output #15.
[INFO] [slang]: Compiling shader: "/home/willian/.config/retroarch/shaders/shaders_slang/bezel/Mega_Bezel/shaders/base/stock.slang".
[INFO] [slang]: Using render target format R8G8B8A8_UNORM for pass output #16.
[INFO] [slang]: Compiling shader: "/home/willian/.config/retroarch/shaders/shaders_slang/bezel/Mega_Bezel/shaders/scalefx/hsm-scalefx-pass0.slang".
[INFO] [slang]: Using render target format R16G16B16A16_SFLOAT for pass output #17.
[INFO] [slang]: Compiling shader: "/home/willian/.config/retroarch/shaders/shaders_slang/bezel/Mega_Bezel/shaders/scalefx/hsm-scalefx-pass1.slang".
[INFO] [slang]: Using render target format R8G8B8A8_UNORM for pass output #18.
[INFO] [slang]: Compiling shader: "/home/willian/.config/retroarch/shaders/shaders_slang/bezel/Mega_Bezel/shaders/scalefx/hsm-scalefx-pass2.slang".
[INFO] [slang]: Using render target format R8G8B8A8_UNORM for pass output #19.
[INFO] [slang]: Compiling shader: "/home/willian/.config/retroarch/shaders/shaders_slang/bezel/Mega_Bezel/shaders/scalefx/hsm-scalefx-pass3.slang".
[INFO] [slang]: Using render target format R8G8B8A8_UNORM for pass output #20.
[INFO] [slang]: Compiling shader: "/home/willian/.config/retroarch/shaders/shaders_slang/bezel/Mega_Bezel/shaders/scalefx/hsm-scalefx-pass4.slang".
[INFO] [slang]: Using render target format R8G8B8A8_UNORM for pass output #21.
[INFO] [slang]: Compiling shader: "/home/willian/.config/retroarch/shaders/shaders_slang/bezel/Mega_Bezel/shaders/gtu/hsm-gtu-pass1.slang".
[INFO] [slang]: Using render target format R16G16B16A16_SFLOAT for pass output #22.
[INFO] [slang]: Compiling shader: "/home/willian/.config/retroarch/shaders/shaders_slang/bezel/Mega_Bezel/shaders/gtu/hsm-gtu-pass2.slang".
[INFO] [slang]: Using render target format R16G16B16A16_SFLOAT for pass output #23.
[INFO] [slang]: Compiling shader: "/home/willian/.config/retroarch/shaders/shaders_slang/bezel/Mega_Bezel/shaders/base/stock.slang".
[INFO] [slang]: Using render target format R8G8B8A8_UNORM for pass output #24.
[INFO] [slang]: Compiling shader: "/home/willian/.config/retroarch/shaders/shaders_slang/bezel/Mega_Bezel/shaders/guest/hsm-afterglow0.slang".
[INFO] [slang]: Using render target format R8G8B8A8_UNORM for pass output #25.
[INFO] [slang]: Compiling shader: "/home/willian/.config/retroarch/shaders/shaders_slang/bezel/Mega_Bezel/shaders/guest/hsm-pre-shaders-afterglow.slang".
[INFO] [slang]: Using render target format R8G8B8A8_UNORM for pass output #26.
[INFO] [slang]: Compiling shader: "/home/willian/.config/retroarch/shaders/shaders_slang/bezel/Mega_Bezel/shaders/dogway/hsm-grade.slang".
[INFO] [slang]: Using render target format R8G8B8A8_UNORM for pass output #27.
[INFO] [slang]: Compiling shader: "/home/willian/.config/retroarch/shaders/shaders_slang/bezel/Mega_Bezel/shaders/guest/hsm-custom-fast-sharpen.slang".
[INFO] [slang]: Using render target format R8G8B8A8_UNORM for pass output #28.
[INFO] [slang]: Compiling shader: "/home/willian/.config/retroarch/shaders/shaders_slang/bezel/Mega_Bezel/shaders/base/stock.slang".
[INFO] [slang]: Using render target format R8G8B8A8_UNORM for pass output #29.
[INFO] [slang]: Compiling shader: "/home/willian/.config/retroarch/shaders/shaders_slang/bezel/Mega_Bezel/shaders/guest/hsm-avg-lum.slang".
[INFO] [slang]: Using render target format R8G8B8A8_UNORM for pass output #30.
[INFO] [slang]: Compiling shader: "/home/willian/.config/retroarch/shaders/shaders_slang/bezel/Mega_Bezel/shaders/guest/hsm-interlace-and-linearize.slang".
[INFO] [slang]: Using render target format R16G16B16A16_SFLOAT for pass output #31.
[INFO] [slang]: Compiling shader: "/home/willian/.config/retroarch/shaders/shaders_slang/bezel/Mega_Bezel/shaders/guest/hsm-gaussian_horizontal.slang".
[INFO] [slang]: Using render target format R16G16B16A16_SFLOAT for pass output #32.
[INFO] [slang]: Compiling shader: "/home/willian/.config/retroarch/shaders/shaders_slang/bezel/Mega_Bezel/shaders/guest/hsm-gaussian_vertical.slang".
[INFO] [slang]: Using render target format R16G16B16A16_SFLOAT for pass output #33.
[INFO] [slang]: Compiling shader: "/home/willian/.config/retroarch/shaders/shaders_slang/bezel/Mega_Bezel/shaders/guest/hsm-bloom_horizontal.slang".
[INFO] [slang]: Using render target format R16G16B16A16_SFLOAT for pass output #34.
[INFO] [slang]: Compiling shader: "/home/willian/.config/retroarch/shaders/shaders_slang/bezel/Mega_Bezel/shaders/guest/hsm-bloom_vertical.slang".
[INFO] [slang]: Using render target format R16G16B16A16_SFLOAT for pass output #35.
[INFO] [slang]: Compiling shader: "/home/willian/.config/retroarch/shaders/shaders_slang/bezel/Mega_Bezel/shaders/guest/hsm-crt-guest-advanced.slang".
[INFO] [slang]: Using render target format R16G16B16A16_SFLOAT for pass output #36.
[INFO] [slang]: Compiling shader: "/home/willian/.config/retroarch/shaders/shaders_slang/bezel/Mega_Bezel/shaders/guest/hsm-deconvergence.slang".
[INFO] [slang]: Using render target format R16G16B16A16_SFLOAT for pass output #37.
[INFO] [slang]: Compiling shader: "/home/willian/.config/retroarch/shaders/shaders_slang/bezel/Mega_Bezel/shaders/base/post-crt-prep-image-layers.slang".
[INFO] [slang]: Using render target format R16G16B16A16_SFLOAT for pass output #38.
[INFO] [slang]: Compiling shader: "/home/willian/.config/retroarch/shaders/shaders_slang/bezel/Mega_Bezel/shaders/base/bezel-images-under-crt.slang".
[INFO] [slang]: Using render target format R16G16B16A16_SFLOAT for pass output #39.
[INFO] [slang]: Compiling shader: "/home/willian/.config/retroarch/shaders/shaders_slang/bezel/Mega_Bezel/shaders/base/bezel-images-over-crt.slang".
[INFO] [slang]: Using render target format R16G16B16A16_SFLOAT for pass output #40.
[INFO] [slang]: Compiling shader: "/home/willian/.config/retroarch/shaders/shaders_slang/bezel/Mega_Bezel/shaders/base/linearize-crt.slang".
[INFO] [slang]: Using render target format R16G16B16A16_SFLOAT for pass output #41.
[INFO] [slang]: Compiling shader: "/home/willian/.config/retroarch/shaders/shaders_slang/bezel/Mega_Bezel/shaders/base/blur-outside-screen-horiz.slang".
[INFO] [slang]: Using render target format R8G8B8A8_UNORM for pass output #42.
[INFO] [slang]: Compiling shader: "/home/willian/.config/retroarch/shaders/shaders_slang/bezel/Mega_Bezel/shaders/base/blur-outside-screen-vert.slang".
[INFO] [slang]: Using render target format R8G8B8A8_UNORM for pass output #43.
[INFO] [slang]: Compiling shader: "/home/willian/.config/retroarch/shaders/shaders_slang/blurs/shaders/royale/blur9x9.slang".
[INFO] [slang]: Using render target format R16G16B16A16_SFLOAT for pass output #44.
[INFO] [slang]: Compiling shader: "/home/willian/.config/retroarch/shaders/shaders_slang/blurs/shaders/royale/blur9x9.slang".
[INFO] [slang]: Using render target format R16G16B16A16_SFLOAT for pass output #45.
[INFO] [slang]: Compiling shader: "/home/willian/.config/retroarch/shaders/shaders_slang/bezel/Mega_Bezel/shaders/base/reflection.slang".
[INFO] [slang]: Using render target format R16G16B16A16_SFLOAT for pass output #46.
[INFO] [slang]: Compiling shader: "/home/willian/.config/retroarch/shaders/shaders_slang/bezel/Mega_Bezel/shaders/base/combine-passes.slang".
[INFO] [slang]: Using render target format R8G8B8A8_UNORM for pass output #47.
[INFO] [Vulkan filter chain]: Creating framebuffer 512x512 (max 1 level(s)).
[INFO] [Vulkan filter chain]: Creating framebuffer 512x512 (max 1 level(s)).
[INFO] [Vulkan filter chain]: Creating framebuffer 512x512 (max 1 level(s)).
[INFO] [Vulkan filter chain]: Creating framebuffer 512x512 (max 1 level(s)).
[INFO] [Vulkan filter chain]: Creating framebuffer 512x512 (max 1 level(s)).
[INFO] [Vulkan filter chain]: Creating framebuffer 512x512 (max 1 level(s)).
[INFO] [Vulkan filter chain]: Creating framebuffer 512x512 (max 1 level(s)).
[INFO] [Vulkan filter chain]: Creating framebuffer 512x512 (max 1 level(s)).
[INFO] [Vulkan filter chain]: Creating framebuffer 512x512 (max 1 level(s)).
[INFO] [Vulkan filter chain]: Creating framebuffer 512x512 (max 1 level(s)).
[INFO] [Vulkan filter chain]: Creating framebuffer 512x512 (max 1 level(s)).
[INFO] [Vulkan filter chain]: Creating framebuffer 512x512 (max 1 level(s)).
[INFO] [Vulkan filter chain]: Creating framebuffer 512x512 (max 1 level(s)).
[INFO] [Vulkan filter chain]: Creating framebuffer 512x512 (max 1 level(s)).
[INFO] [Vulkan filter chain]: Creating framebuffer 512x512 (max 1 level(s)).
[INFO] [Vulkan filter chain]: Creating framebuffer 512x512 (max 1 level(s)).
[INFO] [Vulkan filter chain]: Creating framebuffer 512x512 (max 1 level(s)).
[INFO] [Vulkan filter chain]: Creating framebuffer 512x512 (max 1 level(s)).
[INFO] [Vulkan filter chain]: Creating framebuffer 512x512 (max 1 level(s)).
[INFO] [Vulkan filter chain]: Creating framebuffer 512x512 (max 1 level(s)).
[INFO] [Vulkan filter chain]: Creating framebuffer 512x512 (max 1 level(s)).
[INFO] [Vulkan filter chain]: Creating framebuffer 1536x1536 (max 1 level(s)).
[INFO] [Vulkan filter chain]: Creating framebuffer 1536x1536 (max 1 level(s)).
[INFO] [Vulkan filter chain]: Creating framebuffer 1536x1536 (max 1 level(s)).
[INFO] [Vulkan filter chain]: Creating framebuffer 1536x1536 (max 1 level(s)).
[INFO] [Vulkan filter chain]: Creating framebuffer 1536x1536 (max 4294967295 level(s)).
[INFO] [Vulkan filter chain]: Creating framebuffer 1536x1536 (max 1 level(s)).
[INFO] [Vulkan filter chain]: Creating framebuffer 1536x1536 (max 1 level(s)).
[INFO] [Vulkan filter chain]: Creating framebuffer 1536x1536 (max 4294967295 level(s)).
[INFO] [Vulkan filter chain]: Creating framebuffer 1536x1536 (max 4294967295 level(s)).
[INFO] [Vulkan filter chain]: Creating framebuffer 1536x1536 (max 1 level(s)).
[INFO] [Vulkan filter chain]: Creating framebuffer 1536x1536 (max 1 level(s)).
[INFO] [Vulkan filter chain]: Creating framebuffer 800x1536 (max 1 level(s)).
[INFO] [Vulkan filter chain]: Creating framebuffer 800x600 (max 1 level(s)).
[INFO] [Vulkan filter chain]: Creating framebuffer 800x600 (max 1 level(s)).
[INFO] [Vulkan filter chain]: Creating framebuffer 800x600 (max 1 level(s)).
[INFO] [Vulkan filter chain]: Creating framebuffer 3840x2160 (max 1 level(s)).
[INFO] [Vulkan filter chain]: Creating framebuffer 3840x2160 (max 4294967295 level(s)).
[INFO] [Vulkan filter chain]: Creating framebuffer 3840x2160 (max 1 level(s)).
[INFO] [Vulkan filter chain]: Creating framebuffer 3840x2160 (max 1 level(s)).
[INFO] [Vulkan filter chain]: Creating framebuffer 3840x2160 (max 4294967295 level(s)).
[INFO] [Vulkan filter chain]: Creating framebuffer 800x600 (max 4294967295 level(s)).
[INFO] [Vulkan filter chain]: Creating framebuffer 800x600 (max 1 level(s)).
[INFO] [Vulkan filter chain]: Creating framebuffer 800x600 (max 4294967295 level(s)).
[INFO] [Vulkan filter chain]: Creating framebuffer 128x128 (max 4294967295 level(s)).
[INFO] [Vulkan filter chain]: Creating framebuffer 12x12 (max 1 level(s)).
[INFO] [Vulkan filter chain]: Creating framebuffer 3840x2160 (max 1 level(s)).
[INFO] [Vulkan filter chain]: Creating framebuffer 3840x2160 (max 1 level(s)).
[INFO] [Vulkan filter chain]: Creating framebuffer 512x512 (max 1 level(s)).
[INFO] [Vulkan filter chain]: Creating framebuffer 512x512 (max 1 level(s)).
[INFO] [Vulkan filter chain]: Creating framebuffer 512x512 (max 1 level(s)).
[INFO] [Vulkan filter chain]: Creating framebuffer 512x512 (max 1 level(s)).
[INFO] [Vulkan filter chain]: Using framebuffer feedback for pass #3.
[INFO] [Vulkan filter chain]: Creating framebuffer 512x512 (max 1 level(s)).
[INFO] [Vulkan filter chain]: Using framebuffer feedback for pass #4.
[INFO] [Vulkan filter chain]: Creating framebuffer 1536x1536 (max 4294967295 level(s)).
[INFO] [Vulkan filter chain]: Using framebuffer feedback for pass #25.
[INFO] [Vulkan filter chain]: Creating framebuffer 1536x1536 (max 1 level(s)).
[INFO] [Vulkan filter chain]: Using framebuffer feedback for pass #30.
[INFO] [Vulkan filter chain]: Creating framebuffer 3840x2160 (max 1 level(s)).
[INFO] [Vulkan filter chain]: Using framebuffer feedback for pass #38.
[INFO] [Vulkan filter chain]: Creating framebuffer 3840x2160 (max 1 level(s)).
[INFO] [Vulkan filter chain]: Using framebuffer feedback for pass #39.
[INFO] [Vulkan filter chain]: Creating framebuffer 3840x2160 (max 4294967295 level(s)).
[INFO] [Vulkan filter chain]: Using framebuffer feedback for pass #40.
[INFO] [Vulkan filter chain]: Creating framebuffer 3840x2160 (max 1 level(s)).
[INFO] [Vulkan filter chain]: Using framebuffer feedback for pass #46.
[INFO] [Vulkan filter chain]: Creating framebuffer 3840x2160 (max 1 level(s)).
[INFO] [Vulkan filter chain]: Using framebuffer feedback for pass #47.
[INFO] [udev]: Pad #0 (/dev/input/event5) supports force feedback.
[INFO] [udev]: Pad #0 (/dev/input/event5) supports 16 force feedback effects.
[INFO] [Joypad]: Found joypad driver: "udev".
[INFO] [DBus]: Suspended screensaver via DBus.
[INFO] [Video]: Found display server: "x11".
[INFO] [PulseAudio]: Requested 24576 bytes buffer, got 18432.
[INFO] [Display]: Found display driver: "vulkan".
[INFO] [Environ]: SET_SUBSYSTEM_INFO.
[libretro INFO] [FBNeo] Unknown device type for port 0, forcing "Classic" instead
[libretro INFO] [FBNeo] Unknown device type for port 1, forcing "Classic" instead
[INFO] [Playlist]: Carregando o arquivo de favoritos: "/home/willian/.config/retroarch/content_favorites.lpl".
[INFO] [Vulkan filter chain]: Creating framebuffer 512x512 (max 1 level(s)).
[INFO] [Vulkan filter chain]: Creating framebuffer 512x512 (max 1 level(s)).
[INFO] [Vulkan filter chain]: Creating framebuffer 512x512 (max 1 level(s)).
[INFO] [Vulkan filter chain]: Creating framebuffer 512x512 (max 1 level(s)).
[INFO] [Vulkan filter chain]: Creating framebuffer 512x512 (max 1 level(s)).
[INFO] [Vulkan filter chain]: Creating framebuffer 512x512 (max 1 level(s)).
[INFO] [Vulkan filter chain]: Creating framebuffer 512x512 (max 1 level(s)).
[INFO] [Vulkan filter chain]: Creating framebuffer 512x512 (max 1 level(s)).
[INFO] [Vulkan filter chain]: Creating framebuffer 512x512 (max 1 level(s)).
[INFO] [Vulkan filter chain]: Creating framebuffer 512x512 (max 1 level(s)).
[INFO] [Vulkan filter chain]: Creating framebuffer 512x512 (max 1 level(s)).
[INFO] [Vulkan filter chain]: Creating framebuffer 512x512 (max 1 level(s)).
[INFO] [Vulkan filter chain]: Creating framebuffer 512x512 (max 1 level(s)).
[INFO] [Vulkan filter chain]: Creating framebuffer 512x512 (max 1 level(s)).
[INFO] [Vulkan filter chain]: Creating framebuffer 512x512 (max 1 level(s)).
[INFO] [Vulkan filter chain]: Creating framebuffer 512x512 (max 1 level(s)).
[INFO] [Vulkan filter chain]: Creating framebuffer 512x512 (max 1 level(s)).
[INFO] [Vulkan filter chain]: Creating framebuffer 512x512 (max 1 level(s)).
[INFO] [Vulkan filter chain]: Creating framebuffer 512x512 (max 1 level(s)).
[INFO] [Vulkan filter chain]: Creating framebuffer 512x512 (max 1 level(s)).
[INFO] [Vulkan filter chain]: Creating framebuffer 512x512 (max 1 level(s)).
[INFO] [Vulkan filter chain]: Creating framebuffer 1536x1536 (max 1 level(s)).
[INFO] [Vulkan filter chain]: Creating framebuffer 1536x1536 (max 1 level(s)).
[INFO] [Vulkan filter chain]: Creating framebuffer 1536x1536 (max 1 level(s)).
[INFO] [Vulkan filter chain]: Creating framebuffer 1536x1536 (max 1 level(s)).
[INFO] [Vulkan filter chain]: Creating framebuffer 1536x1536 (max 4294967295 level(s)).
[INFO] [Vulkan filter chain]: Creating framebuffer 1536x1536 (max 1 level(s)).
[INFO] [Vulkan filter chain]: Creating framebuffer 1536x1536 (max 1 level(s)).
[INFO] [Vulkan filter chain]: Creating framebuffer 1536x1536 (max 4294967295 level(s)).
[INFO] [Vulkan filter chain]: Creating framebuffer 1536x1536 (max 4294967295 level(s)).
[INFO] [Vulkan filter chain]: Creating framebuffer 1536x1536 (max 1 level(s)).
[INFO] [Vulkan filter chain]: Creating framebuffer 1536x1536 (max 1 level(s)).
[INFO] [Vulkan filter chain]: Creating framebuffer 800x1536 (max 1 level(s)).
[INFO] [Vulkan filter chain]: Creating framebuffer 800x600 (max 1 level(s)).
[INFO] [Vulkan filter chain]: Creating framebuffer 800x600 (max 1 level(s)).
[INFO] [Vulkan filter chain]: Creating framebuffer 800x600 (max 1 level(s)).
[INFO] [Vulkan filter chain]: Creating framebuffer 3840x2160 (max 1 level(s)).
[INFO] [Vulkan filter chain]: Creating framebuffer 3840x2160 (max 4294967295 level(s)).
[INFO] [Vulkan filter chain]: Creating framebuffer 3840x2160 (max 1 level(s)).
[INFO] [Vulkan filter chain]: Creating framebuffer 3840x2160 (max 1 level(s)).
[INFO] [Vulkan filter chain]: Creating framebuffer 3840x2160 (max 4294967295 level(s)).
[INFO] [Vulkan filter chain]: Creating framebuffer 800x600 (max 4294967295 level(s)).
[INFO] [Vulkan filter chain]: Creating framebuffer 800x600 (max 1 level(s)).
[INFO] [Vulkan filter chain]: Creating framebuffer 800x600 (max 4294967295 level(s)).
[INFO] [Vulkan filter chain]: Creating framebuffer 128x128 (max 4294967295 level(s)).
[INFO] [Vulkan filter chain]: Creating framebuffer 12x12 (max 1 level(s)).
[INFO] [Vulkan filter chain]: Creating framebuffer 3840x2160 (max 1 level(s)).
[INFO] [Vulkan filter chain]: Creating framebuffer 3840x2160 (max 1 level(s)).
[INFO] [Vulkan filter chain]: Creating framebuffer 512x512 (max 1 level(s)).
[INFO] [Vulkan filter chain]: Creating framebuffer 512x512 (max 1 level(s)).
[INFO] [Vulkan filter chain]: Creating framebuffer 512x512 (max 1 level(s)).
[INFO] [Vulkan filter chain]: Creating framebuffer 512x512 (max 1 level(s)).
[INFO] [Vulkan filter chain]: Using framebuffer feedback for pass #3.
[INFO] [Vulkan filter chain]: Creating framebuffer 512x512 (max 1 level(s)).
[INFO] [Vulkan filter chain]: Using framebuffer feedback for pass #4.
[INFO] [Vulkan filter chain]: Creating framebuffer 1536x1536 (max 4294967295 level(s)).
[INFO] [Vulkan filter chain]: Using framebuffer feedback for pass #25.
[INFO] [Vulkan filter chain]: Creating framebuffer 1536x1536 (max 1 level(s)).
[INFO] [Vulkan filter chain]: Using framebuffer feedback for pass #30.
[INFO] [Vulkan filter chain]: Creating framebuffer 3840x2160 (max 1 level(s)).
[INFO] [Vulkan filter chain]: Using framebuffer feedback for pass #38.
[INFO] [Vulkan filter chain]: Creating framebuffer 3840x2160 (max 1 level(s)).
[INFO] [Vulkan filter chain]: Using framebuffer feedback for pass #39.
[INFO] [Vulkan filter chain]: Creating framebuffer 3840x2160 (max 4294967295 level(s)).
[INFO] [Vulkan filter chain]: Using framebuffer feedback for pass #40.
[INFO] [Vulkan filter chain]: Creating framebuffer 3840x2160 (max 1 level(s)).
[INFO] [Vulkan filter chain]: Using framebuffer feedback for pass #46.
[INFO] [Vulkan filter chain]: Creating framebuffer 3840x2160 (max 1 level(s)).
[INFO] [Vulkan filter chain]: Using framebuffer feedback for pass #47.
[INFO] [Environ]: SET_INPUT_DESCRIPTORS:
[INFO] [X/Vulkan]: Resized fullscreen resolution to 3840x2160.
[INFO] [Vulkan filter chain]: Creating framebuffer 512x512 (max 1 level(s)).
[INFO] [Vulkan filter chain]: Creating framebuffer 512x512 (max 1 level(s)).
[INFO] [Vulkan filter chain]: Creating framebuffer 512x512 (max 1 level(s)).
[INFO] [Vulkan filter chain]: Creating framebuffer 512x512 (max 1 level(s)).
[INFO] [Vulkan filter chain]: Creating framebuffer 512x512 (max 1 level(s)).
[INFO] [Vulkan filter chain]: Creating framebuffer 512x512 (max 1 level(s)).
[INFO] [Vulkan filter chain]: Creating framebuffer 512x512 (max 1 level(s)).
[INFO] [Vulkan filter chain]: Creating framebuffer 512x512 (max 1 level(s)).
[INFO] [Vulkan filter chain]: Creating framebuffer 512x512 (max 1 level(s)).
[INFO] [Vulkan filter chain]: Creating framebuffer 512x512 (max 1 level(s)).
[INFO] [Vulkan filter chain]: Creating framebuffer 512x512 (max 1 level(s)).
[INFO] [Vulkan filter chain]: Creating framebuffer 512x512 (max 1 level(s)).
[INFO] [Vulkan filter chain]: Creating framebuffer 512x512 (max 1 level(s)).
[INFO] [Vulkan filter chain]: Creating framebuffer 512x512 (max 1 level(s)).
[INFO] [Vulkan filter chain]: Creating framebuffer 512x512 (max 1 level(s)).
[INFO] [Vulkan filter chain]: Creating framebuffer 512x512 (max 1 level(s)).
[INFO] [Vulkan filter chain]: Creating framebuffer 512x512 (max 1 level(s)).
[INFO] [Vulkan filter chain]: Creating framebuffer 512x512 (max 1 level(s)).
[INFO] [Vulkan filter chain]: Creating framebuffer 512x512 (max 1 level(s)).
[INFO] [Vulkan filter chain]: Creating framebuffer 512x512 (max 1 level(s)).
[INFO] [Vulkan filter chain]: Creating framebuffer 512x512 (max 1 level(s)).
[INFO] [Vulkan filter chain]: Creating framebuffer 1536x1536 (max 1 level(s)).
[INFO] [Vulkan filter chain]: Creating framebuffer 1536x1536 (max 1 level(s)).
[INFO] [Vulkan filter chain]: Creating framebuffer 1536x1536 (max 1 level(s)).
[INFO] [Vulkan filter chain]: Creating framebuffer 1536x1536 (max 1 level(s)).
[INFO] [Vulkan filter chain]: Creating framebuffer 1536x1536 (max 4294967295 level(s)).
[INFO] [Vulkan filter chain]: Creating framebuffer 1536x1536 (max 1 level(s)).
[INFO] [Vulkan filter chain]: Creating framebuffer 1536x1536 (max 1 level(s)).
[INFO] [Vulkan filter chain]: Creating framebuffer 1536x1536 (max 4294967295 level(s)).
[INFO] [Vulkan filter chain]: Creating framebuffer 1536x1536 (max 4294967295 level(s)).
[INFO] [Vulkan filter chain]: Creating framebuffer 1536x1536 (max 1 level(s)).
[INFO] [Vulkan filter chain]: Creating framebuffer 1536x1536 (max 1 level(s)).
[INFO] [Vulkan filter chain]: Creating framebuffer 800x1536 (max 1 level(s)).
[INFO] [Vulkan filter chain]: Creating framebuffer 800x600 (max 1 level(s)).
[INFO] [Vulkan filter chain]: Creating framebuffer 800x600 (max 1 level(s)).
[INFO] [Vulkan filter chain]: Creating framebuffer 800x600 (max 1 level(s)).
[INFO] [Vulkan filter chain]: Creating framebuffer 3840x2160 (max 1 level(s)).
[INFO] [Vulkan filter chain]: Creating framebuffer 3840x2160 (max 4294967295 level(s)).
[INFO] [Vulkan filter chain]: Creating framebuffer 3840x2160 (max 1 level(s)).
[INFO] [Vulkan filter chain]: Creating framebuffer 3840x2160 (max 1 level(s)).
[INFO] [Vulkan filter chain]: Creating framebuffer 3840x2160 (max 4294967295 level(s)).
[INFO] [Vulkan filter chain]: Creating framebuffer 800x600 (max 4294967295 level(s)).
[INFO] [Vulkan filter chain]: Creating framebuffer 800x600 (max 1 level(s)).
[INFO] [Vulkan filter chain]: Creating framebuffer 800x600 (max 4294967295 level(s)).
[INFO] [Vulkan filter chain]: Creating framebuffer 128x128 (max 4294967295 level(s)).
[INFO] [Vulkan filter chain]: Creating framebuffer 12x12 (max 1 level(s)).
[INFO] [Vulkan filter chain]: Creating framebuffer 3840x2160 (max 1 level(s)).
[INFO] [Vulkan filter chain]: Creating framebuffer 3840x2160 (max 1 level(s)).
[INFO] [Vulkan filter chain]: Creating framebuffer 512x512 (max 1 level(s)).
[INFO] [Vulkan filter chain]: Creating framebuffer 512x512 (max 1 level(s)).
[INFO] [Vulkan filter chain]: Creating framebuffer 512x512 (max 1 level(s)).
[INFO] [Vulkan filter chain]: Creating framebuffer 512x512 (max 1 level(s)).
[INFO] [Vulkan filter chain]: Using framebuffer feedback for pass #3.
[INFO] [Vulkan filter chain]: Creating framebuffer 512x512 (max 1 level(s)).
[INFO] [Vulkan filter chain]: Using framebuffer feedback for pass #4.
[INFO] [Vulkan filter chain]: Creating framebuffer 1536x1536 (max 4294967295 level(s)).
[INFO] [Vulkan filter chain]: Using framebuffer feedback for pass #25.
[INFO] [Vulkan filter chain]: Creating framebuffer 1536x1536 (max 1 level(s)).
[INFO] [Vulkan filter chain]: Using framebuffer feedback for pass #30.
[INFO] [Vulkan filter chain]: Creating framebuffer 3840x2160 (max 1 level(s)).
[INFO] [Vulkan filter chain]: Using framebuffer feedback for pass #38.
[INFO] [Vulkan filter chain]: Creating framebuffer 3840x2160 (max 1 level(s)).
[INFO] [Vulkan filter chain]: Using framebuffer feedback for pass #39.
[INFO] [Vulkan filter chain]: Creating framebuffer 3840x2160 (max 4294967295 level(s)).
[INFO] [Vulkan filter chain]: Using framebuffer feedback for pass #40.
[INFO] [Vulkan filter chain]: Creating framebuffer 3840x2160 (max 1 level(s)).
[INFO] [Vulkan filter chain]: Using framebuffer feedback for pass #46.
[INFO] [Vulkan filter chain]: Creating framebuffer 3840x2160 (max 1 level(s)).
[INFO] [Vulkan filter chain]: Using framebuffer feedback for pass #47.
[INFO] [Vulkan filter chain]: Updating framebuffer size 256x448 (format: 37).
[INFO] [Vulkan filter chain]: Updating framebuffer size 256x448 (format: 43).
[INFO] [Vulkan filter chain]: Updating framebuffer size 256x448 (format: 43).
[INFO] [Vulkan filter chain]: Updating framebuffer size 256x448 (format: 109).
[INFO] [Vulkan filter chain]: Updating framebuffer size 256x448 (format: 97).
[INFO] [Vulkan filter chain]: Updating framebuffer size 256x448 (format: 97).
[INFO] [Vulkan filter chain]: Updating framebuffer size 256x448 (format: 37).
[INFO] [Vulkan filter chain]: Updating framebuffer size 256x448 (format: 37).
[INFO] [Vulkan filter chain]: Updating framebuffer size 256x448 (format: 37).
[INFO] [Vulkan filter chain]: Updating framebuffer size 256x448 (format: 37).
[INFO] [Vulkan filter chain]: Updating framebuffer size 256x448 (format: 37).
[INFO] [Vulkan filter chain]: Updating framebuffer size 256x448 (format: 37).
[INFO] [Vulkan filter chain]: Updating framebuffer size 256x448 (format: 37).
[INFO] [Vulkan filter chain]: Updating framebuffer size 256x448 (format: 37).
[INFO] [Vulkan filter chain]: Updating framebuffer size 256x448 (format: 37).
[INFO] [Vulkan filter chain]: Updating framebuffer size 256x448 (format: 37).
[INFO] [Vulkan filter chain]: Updating framebuffer size 256x448 (format: 37).
[INFO] [Vulkan filter chain]: Updating framebuffer size 256x448 (format: 97).
[INFO] [Vulkan filter chain]: Updating framebuffer size 256x448 (format: 37).
[INFO] [Vulkan filter chain]: Updating framebuffer size 256x448 (format: 37).
[INFO] [Vulkan filter chain]: Updating framebuffer size 256x448 (format: 37).
[INFO] [Vulkan filter chain]: Updating framebuffer size 768x1344 (format: 37).
[INFO] [Vulkan filter chain]: Updating framebuffer size 768x1344 (format: 97).
[INFO] [Vulkan filter chain]: Updating framebuffer size 768x1344 (format: 97).
[INFO] [Vulkan filter chain]: Updating framebuffer size 768x1344 (format: 37).
[INFO] [Vulkan filter chain]: Updating framebuffer size 768x1344 (format: 37).
[INFO] [Vulkan filter chain]: Updating framebuffer size 768x1344 (format: 37).
[INFO] [Vulkan filter chain]: Updating framebuffer size 768x1344 (format: 37).
[INFO] [Vulkan filter chain]: Updating framebuffer size 768x1344 (format: 37).
[INFO] [Vulkan filter chain]: Updating framebuffer size 768x1344 (format: 37).
[INFO] [Vulkan filter chain]: Updating framebuffer size 768x1344 (format: 37).
[INFO] [Vulkan filter chain]: Updating framebuffer size 768x1344 (format: 97).
[INFO] [Vulkan filter chain]: Updating framebuffer size 800x1344 (format: 97).
[INFO] [Vulkan filter chain]: Updating framebuffer size 256x448 (format: 44).
[INFO] [Vulkan filter chain]: Updating framebuffer size 256x448 (format: 109).
[INFO] [Vulkan filter chain]: Updating framebuffer size 256x448 (format: 97).
[INFO] [Vulkan filter chain]: Updating framebuffer size 768x1344 (format: 37).
[INFO] [Vulkan filter chain]: Updating framebuffer size 768x1344 (format: 37).
[INFO] [Vulkan filter chain]: Updating framebuffer size 256x448 (format: 44).
[INFO] [Vulkan filter chain]: Updating framebuffer size 256x448 (format: 44).
[INFO] [PulseAudio]: Pausing.
[INFO] [PulseAudio]: Unpausing.
[INFO] [PulseAudio]: Pausing.
[INFO] [Environ]: SET_SUBSYSTEM_INFO.
[INFO] [Core]: Using content: "/home/willian/.config/retroarch/roms/FBNeo - Arcade Games/asurabld.zip".
[INFO] [Core]: Content ran for a total of: 00 hours, 00 minutes, 08 seconds.
[INFO] [Runtime]: Saving runtime log file: "/home/willian/.config/retroarch/playlists/logs/FinalBurn Neo/armwrest.lrtl".
[INFO] [Core]: Unloading game..
[libretro INFO] [FBNeo] EEPROM succesfully saved to /home/willian/.config/retroarch/saves/fbneo/armwrest.fs
[INFO] [Core]: Unloading core..
[INFO] [Core]: Unloading core symbols..
[INFO] [Core]: Saved core options file to "/home/willian/.config/retroarch/config/FinalBurn Neo/FinalBurn Neo.opt".
[INFO] [XINERAMA]: Xinerama version: 1.1.
[INFO] [XINERAMA]: Xinerama screens: 1.
[INFO] [XINERAMA]: Saved monitor #0.
[INFO] [Video]: Does not have enough samples for monitor refresh rate estimation. Requires to run for at least 4096 frames.
[INFO] [Config]: Loading config: "/home/willian/.config/retroarch/retroarch.cfg".
[INFO] [Overrides]: Configuration overrides unloaded, original configuration restored.
[INFO] RetroArch 1.15.0 (Git 6616b807ed)
[INFO] === Build =======================================
[INFO] CPU Model Name: AMD Ryzen 7 5700X 8-Core Processor             
[INFO] Capacidades: MMX MMXEXT SSE SSE2 SSE3 SSE4 SSE4.2 AES AVX AVX2
[INFO] Built: Sep 13 2023
[INFO] Version: 1.15.0
[INFO] Git: 6616b807ed
[INFO] =================================================
[INFO] [Input]: Found input driver: "x".
[INFO] [Core]: Loading dynamic libretro core from: "/home/willian/.config/retroarch/cores/fbneo_libretro.so"
[INFO] [Overrides]: Game-specific overrides found at "/home/willian/.config/retroarch/config/FinalBurn Neo/asurabld.cfg".
[INFO] [Config]: Loading config: "/home/willian/.config/retroarch/retroarch.cfg".
[INFO] [Config]: Appending override config: "/home/willian/.config/retroarch/config/FinalBurn Neo/asurabld.cfg".
[INFO] [Overrides]: Redirecionando arquivo dados da memória do jogo em "/home/willian/.config/retroarch/saves/asurabld.srm".
[INFO] [Overrides]: Redirecionando o jogo salvo em "/home/willian/.config/retroarch/states/asurabld.state".
[INFO] [Environ]: SET_SERIALIZATION_QUIRKS.
[INFO] [Environ]: GET_LOG_INTERFACE.
[INFO] [Environ]: GET_MESSAGE_INTERFACE_VERSION.
[INFO] [Environ]: SET_AUDIO_BUFFER_STATUS_CALLBACK.
[INFO] [Content]: Carregamento de conteúdo ignorado. A implementação irá carregar por conta própria.
[INFO] [Environ]: GET_SAVE_DIRECTORY.
[libretro INFO] Setting save dir to /home/willian/.config/retroarch/saves
[INFO] [Environ]: SYSTEM_DIRECTORY: "/home/willian/.config/retroarch/system".
[libretro INFO] Setting system dir to /home/willian/.config/retroarch/system
[libretro INFO] DIP switches offset: 20.
[INFO] [Environ]: SET_CONTROLLER_INFO.
[libretro INFO] Initialize DIP switches.
[INFO] [Environ]: GET_CORE_OPTIONS_VERSION.
[INFO] [Environ]: RETRO_ENVIRONMENT_SET_CORE_OPTIONS_V2.
[libretro INFO] [FBNeo] Searching all possible locations for romset asurabld
[libretro INFO] [FBNeo] No patched romset found at /home/willian/.config/retroarch/system/fbneo/patched/asurabld
[libretro INFO] [FBNeo] Romset found at /home/willian/.config/retroarch/roms/FBNeo - Arcade Games/asurabld
[libretro INFO] [FBNeo] No romset found at /home/willian/.config/retroarch/system/fbneo/asurabld
[libretro INFO] [FBNeo] No romset found at /home/willian/.config/retroarch/system/asurabld
[libretro INFO] [FBNeo] Using ROM with known crc 0x053e9758 and name pgm3.u1 from archive /home/willian/.config/retroarch/roms/FBNeo - Arcade Games/asurabld
[libretro INFO] [FBNeo] Using ROM with known crc 0x16b656ca and name pgm2.u2 from archive /home/willian/.config/retroarch/roms/FBNeo - Arcade Games/asurabld
[libretro INFO] [FBNeo] Using ROM with known crc 0x35104452 and name pgm1.u3 from archive /home/willian/.config/retroarch/roms/FBNeo - Arcade Games/asurabld
[libretro INFO] [FBNeo] Using ROM with known crc 0x68615497 and name pgm0.u4 from archive /home/willian/.config/retroarch/roms/FBNeo - Arcade Games/asurabld
[libretro INFO] [FBNeo] Using ROM with known crc 0xbb1deb89 and name srom.u7 from archive /home/willian/.config/retroarch/roms/FBNeo - Arcade Games/asurabld
[libretro INFO] [FBNeo] Using ROM with known crc 0xac72225a and name pcm.u6 from archive /home/willian/.config/retroarch/roms/FBNeo - Arcade Games/asurabld
[libretro INFO] [FBNeo] Using ROM with known crc 0x94338267 and name bg1113.u23 from archive /home/willian/.config/retroarch/roms/FBNeo - Arcade Games/asurabld
[libretro INFO] [FBNeo] Using ROM with known crc 0xd717a0a1 and name bg1012.u22 from archive /home/willian/.config/retroarch/roms/FBNeo - Arcade Games/asurabld
[libretro INFO] [FBNeo] Using ROM with known crc 0x4acfc469 and name bg2123.u24 from archive /home/willian/.config/retroarch/roms/FBNeo - Arcade Games/asurabld
[libretro INFO] [FBNeo] Using ROM with known crc 0xee312cd3 and name bg2022.u25 from archive /home/willian/.config/retroarch/roms/FBNeo - Arcade Games/asurabld
[libretro INFO] [FBNeo] Using ROM with known crc 0xe681155e and name map.u5 from archive /home/willian/.config/retroarch/roms/FBNeo - Arcade Games/asurabld
[libretro INFO] [FBNeo] Using ROM with known crc 0x7df492eb and name sp23.u14 from archive /home/willian/.config/retroarch/roms/FBNeo - Arcade Games/asurabld
[libretro INFO] [FBNeo] Using ROM with known crc 0x1890f42a and name sp45.u15 from archive /home/willian/.config/retroarch/roms/FBNeo - Arcade Games/asurabld
[libretro INFO] [FBNeo] Using ROM with known crc 0xa48f1ef0 and name sp67.u16 from archive /home/willian/.config/retroarch/roms/FBNeo - Arcade Games/asurabld
[libretro INFO] [FBNeo] Using ROM with known crc 0x6b024362 and name sp89.u17 from archive /home/willian/.config/retroarch/roms/FBNeo - Arcade Games/asurabld
[libretro INFO] [FBNeo] Using ROM with known crc 0x803d2d8c and name spab.u18 from archive /home/willian/.config/retroarch/roms/FBNeo - Arcade Games/asurabld
[libretro INFO] [FBNeo] Using ROM with known crc 0x42e5c26e and name spcd.u19 from archive /home/willian/.config/retroarch/roms/FBNeo - Arcade Games/asurabld
[libretro INFO] [FBNeo] No missing files, proceeding
[libretro INFO] [FBNeo] Samplerate set to 48000
[libretro INFO] [FBNeo] Applied dipswitches from core options
[libretro INFO] [FBNeo] Initialized driver for asurabld
[libretro INFO] [FBNeo] Adjusted audio buffer to match driver's refresh rate (60.000000 Hz)
[libretro INFO] [Cheevos] System RAM set to 0x7f9caa7ae014, size is 332836
[INFO] [Environ]: SET_ROTATION: 0
[INFO] [Environ]: SET_PIXEL_FORMAT: XRGB8888.
[libretro INFO] [FBNeo] Driver asurabld was successfully started : game's full name is Asura Blade - Sword of Dynasty (Japan)
[INFO] [Replay]: Found last replay slot: #0
[INFO] [SRAM]: Ignorando carregamento da SRAM.
[INFO] [Core]: Versão da API libretro: 1, Compilado contra a API: 1
[libretro INFO] [FBNeo] Timing set to 60.000000 Hz
[INFO] [Audio]: Set audio input rate to: 48000.00 Hz.
[INFO] [Video]: Set video size to: fullscreen.
[ERROR] [Wayland]: Failed to connect to Wayland server.
[INFO] [Vulkan]: Vulkan dynamic library loaded.
[INFO] [Vulkan]: Found vulkan context: "vk_x".
[INFO] [Vulkan]: Detecting screen resolution: 3840x2160.
[INFO] [XINERAMA]: Xinerama version: 1.1.
[INFO] [XINERAMA]: Xinerama screens: 1.
[INFO] [X/Vulkan]: Using Xinerama on screen #0.
[INFO] [X/Vulkan]: X = 0, Y = 0, W = 3840, H = 2160.
[INFO] [X/Vulkan]: Using windowed fullscreen.
[INFO] [Vulkan]: Found GPU at index 0: "NVIDIA GeForce RTX 2060".
[INFO] [Vulkan]: Using GPU index 0.
[INFO] [Vulkan]: Using fences for WSI acquire.
[INFO] [Vulkan]: Using GPU: "NVIDIA GeForce RTX 2060".
[INFO] [Vulkan]: Queue family 0 supports 16 sub-queues.
[INFO] [Vulkan]: Got 3 swapchain images.
[INFO] [Vulkan]: Using resolution 3840x2160.
[INFO] [Vulkan]: Using BGRA8888 format.
[INFO] [Shaders]: Specific shader preset found at "/home/willian/.config/retroarch/config/global.slangp".
[INFO] [slang]: Compiling shader: "/home/willian/.config/retroarch/shaders/shaders_slang/bezel/Mega_Bezel/shaders/base/add-params-all.slang".
[INFO] [slang]: Using render target format R8G8B8A8_UNORM for pass output #0.
[INFO] [slang]: Compiling shader: "/home/willian/.config/retroarch/shaders/shaders_slang/bezel/Mega_Bezel/shaders/base/stock.slang".
[INFO] [slang]: Using render target format R8G8B8A8_SRGB for pass output #1.
[INFO] [slang]: Compiling shader: "/home/willian/.config/retroarch/shaders/shaders_slang/bezel/Mega_Bezel/shaders/base/add-negative-crop-area.slang".
[INFO] [slang]: Using render target format R8G8B8A8_SRGB for pass output #2.
[INFO] [slang]: Compiling shader: "/home/willian/.config/retroarch/shaders/shaders_slang/bezel/Mega_Bezel/shaders/base/cache-info-all-params.slang".
[INFO] [slang]: Using render target format R32G32B32A32_SFLOAT for pass output #3.
[INFO] [slang]: Compiling shader: "/home/willian/.config/retroarch/shaders/shaders_slang/bezel/Mega_Bezel/shaders/base/text-adv.slang".
[INFO] [slang]: Using render target format R16G16B16A16_SFLOAT for pass output #4.
[INFO] [slang]: Compiling shader: "/home/willian/.config/retroarch/shaders/shaders_slang/bezel/Mega_Bezel/shaders/base/intro.slang".
[INFO] [slang]: Using render target format R16G16B16A16_SFLOAT for pass output #5.
[INFO] [slang]: Compiling shader: "/home/willian/.config/retroarch/shaders/shaders_slang/bezel/Mega_Bezel/shaders/dedither/dedither-gamma-prep-1-before.slang".
[INFO] [slang]: Using render target format R8G8B8A8_UNORM for pass output #6.
[INFO] [slang]: Compiling shader: "/home/willian/.config/retroarch/shaders/shaders_slang/bezel/Mega_Bezel/shaders/hyllian/sgenpt-mix/sgenpt-mix-pass1.slang".
[INFO] [slang]: Using render target format R8G8B8A8_UNORM for pass output #7.
[INFO] [slang]: Compiling shader: "/home/willian/.config/retroarch/shaders/shaders_slang/bezel/Mega_Bezel/shaders/hyllian/sgenpt-mix/sgenpt-mix-pass2.slang".
[INFO] [slang]: Using render target format R8G8B8A8_UNORM for pass output #8.
[INFO] [slang]: Compiling shader: "/home/willian/.config/retroarch/shaders/shaders_slang/bezel/Mega_Bezel/shaders/hyllian/sgenpt-mix/sgenpt-mix-pass3.slang".
[INFO] [slang]: Using render target format R8G8B8A8_UNORM for pass output #9.
[INFO] [slang]: Compiling shader: "/home/willian/.config/retroarch/shaders/shaders_slang/bezel/Mega_Bezel/shaders/hyllian/sgenpt-mix/sgenpt-mix-pass4.slang".
[INFO] [slang]: Using render target format R8G8B8A8_UNORM for pass output #10.
[INFO] [slang]: Compiling shader: "/home/willian/.config/retroarch/shaders/shaders_slang/bezel/Mega_Bezel/shaders/hyllian/sgenpt-mix/sgenpt-mix-pass5.slang".
[INFO] [slang]: Using render target format R8G8B8A8_UNORM for pass output #11.
[INFO] [slang]: Compiling shader: "/home/willian/.config/retroarch/shaders/shaders_slang/bezel/Mega_Bezel/shaders/dedither/dedither-gamma-prep-2-after.slang".
[INFO] [slang]: Using render target format R8G8B8A8_UNORM for pass output #12.
[INFO] [slang]: Compiling shader: "/home/willian/.config/retroarch/shaders/shaders_slang/bezel/Mega_Bezel/shaders/ps1dither/hsm-PS1-Undither-BoxBlur.slang".
[INFO] [slang]: Using render target format R8G8B8A8_UNORM for pass output #13.
[INFO] [slang]: Compiling shader: "/home/willian/.config/retroarch/shaders/shaders_slang/bezel/Mega_Bezel/shaders/guest/extras/hsm-g-sharp_resampler.slang".
[INFO] [slang]: Using render target format R8G8B8A8_UNORM for pass output #14.
[INFO] [slang]: Compiling shader: "/home/willian/.config/retroarch/shaders/shaders_slang/bezel/Mega_Bezel/shaders/guest/extras/hsm-sharpsmoother.slang".
[INFO] [slang]: Using render target format R8G8B8A8_UNORM for pass output #15.
[INFO] [slang]: Compiling shader: "/home/willian/.config/retroarch/shaders/shaders_slang/bezel/Mega_Bezel/shaders/base/stock.slang".
[INFO] [slang]: Using render target format R8G8B8A8_UNORM for pass output #16.
[INFO] [slang]: Compiling shader: "/home/willian/.config/retroarch/shaders/shaders_slang/bezel/Mega_Bezel/shaders/scalefx/hsm-scalefx-pass0.slang".
[INFO] [slang]: Using render target format R16G16B16A16_SFLOAT for pass output #17.
[INFO] [slang]: Compiling shader: "/home/willian/.config/retroarch/shaders/shaders_slang/bezel/Mega_Bezel/shaders/scalefx/hsm-scalefx-pass1.slang".
[INFO] [slang]: Using render target format R8G8B8A8_UNORM for pass output #18.
[INFO] [slang]: Compiling shader: "/home/willian/.config/retroarch/shaders/shaders_slang/bezel/Mega_Bezel/shaders/scalefx/hsm-scalefx-pass2.slang".
[INFO] [slang]: Using render target format R8G8B8A8_UNORM for pass output #19.
[INFO] [slang]: Compiling shader: "/home/willian/.config/retroarch/shaders/shaders_slang/bezel/Mega_Bezel/shaders/scalefx/hsm-scalefx-pass3.slang".
[INFO] [slang]: Using render target format R8G8B8A8_UNORM for pass output #20.
[INFO] [slang]: Compiling shader: "/home/willian/.config/retroarch/shaders/shaders_slang/bezel/Mega_Bezel/shaders/scalefx/hsm-scalefx-pass4.slang".
[INFO] [slang]: Using render target format R8G8B8A8_UNORM for pass output #21.
[INFO] [slang]: Compiling shader: "/home/willian/.config/retroarch/shaders/shaders_slang/bezel/Mega_Bezel/shaders/gtu/hsm-gtu-pass1.slang".
[INFO] [slang]: Using render target format R16G16B16A16_SFLOAT for pass output #22.
[INFO] [slang]: Compiling shader: "/home/willian/.config/retroarch/shaders/shaders_slang/bezel/Mega_Bezel/shaders/gtu/hsm-gtu-pass2.slang".
[INFO] [slang]: Using render target format R16G16B16A16_SFLOAT for pass output #23.
[INFO] [slang]: Compiling shader: "/home/willian/.config/retroarch/shaders/shaders_slang/bezel/Mega_Bezel/shaders/base/stock.slang".
[INFO] [slang]: Using render target format R8G8B8A8_UNORM for pass output #24.
[INFO] [slang]: Compiling shader: "/home/willian/.config/retroarch/shaders/shaders_slang/bezel/Mega_Bezel/shaders/guest/hsm-afterglow0.slang".
[INFO] [slang]: Using render target format R8G8B8A8_UNORM for pass output #25.
[INFO] [slang]: Compiling shader: "/home/willian/.config/retroarch/shaders/shaders_slang/bezel/Mega_Bezel/shaders/guest/hsm-pre-shaders-afterglow.slang".
[INFO] [slang]: Using render target format R8G8B8A8_UNORM for pass output #26.
[INFO] [slang]: Compiling shader: "/home/willian/.config/retroarch/shaders/shaders_slang/bezel/Mega_Bezel/shaders/dogway/hsm-grade.slang".
[INFO] [slang]: Using render target format R8G8B8A8_UNORM for pass output #27.
[INFO] [slang]: Compiling shader: "/home/willian/.config/retroarch/shaders/shaders_slang/bezel/Mega_Bezel/shaders/guest/hsm-custom-fast-sharpen.slang".
[INFO] [slang]: Using render target format R8G8B8A8_UNORM for pass output #28.
[INFO] [slang]: Compiling shader: "/home/willian/.config/retroarch/shaders/shaders_slang/bezel/Mega_Bezel/shaders/base/stock.slang".
[INFO] [slang]: Using render target format R8G8B8A8_UNORM for pass output #29.
[INFO] [slang]: Compiling shader: "/home/willian/.config/retroarch/shaders/shaders_slang/bezel/Mega_Bezel/shaders/guest/hsm-avg-lum.slang".
[INFO] [slang]: Using render target format R8G8B8A8_UNORM for pass output #30.
[INFO] [slang]: Compiling shader: "/home/willian/.config/retroarch/shaders/shaders_slang/bezel/Mega_Bezel/shaders/guest/hsm-interlace-and-linearize.slang".
[INFO] [slang]: Using render target format R16G16B16A16_SFLOAT for pass output #31.
[INFO] [slang]: Compiling shader: "/home/willian/.config/retroarch/shaders/shaders_slang/bezel/Mega_Bezel/shaders/guest/hsm-gaussian_horizontal.slang".
[INFO] [slang]: Using render target format R16G16B16A16_SFLOAT for pass output #32.
[INFO] [slang]: Compiling shader: "/home/willian/.config/retroarch/shaders/shaders_slang/bezel/Mega_Bezel/shaders/guest/hsm-gaussian_vertical.slang".
[INFO] [slang]: Using render target format R16G16B16A16_SFLOAT for pass output #33.
[INFO] [slang]: Compiling shader: "/home/willian/.config/retroarch/shaders/shaders_slang/bezel/Mega_Bezel/shaders/guest/hsm-bloom_horizontal.slang".
[INFO] [slang]: Using render target format R16G16B16A16_SFLOAT for pass output #34.
[INFO] [slang]: Compiling shader: "/home/willian/.config/retroarch/shaders/shaders_slang/bezel/Mega_Bezel/shaders/guest/hsm-bloom_vertical.slang".
[INFO] [slang]: Using render target format R16G16B16A16_SFLOAT for pass output #35.
[INFO] [slang]: Compiling shader: "/home/willian/.config/retroarch/shaders/shaders_slang/bezel/Mega_Bezel/shaders/guest/hsm-crt-guest-advanced.slang".
[INFO] [slang]: Using render target format R16G16B16A16_SFLOAT for pass output #36.
[INFO] [slang]: Compiling shader: "/home/willian/.config/retroarch/shaders/shaders_slang/bezel/Mega_Bezel/shaders/guest/hsm-deconvergence.slang".
[INFO] [slang]: Using render target format R16G16B16A16_SFLOAT for pass output #37.
[INFO] [slang]: Compiling shader: "/home/willian/.config/retroarch/shaders/shaders_slang/bezel/Mega_Bezel/shaders/base/post-crt-prep-image-layers.slang".
[INFO] [slang]: Using render target format R16G16B16A16_SFLOAT for pass output #38.
[INFO] [slang]: Compiling shader: "/home/willian/.config/retroarch/shaders/shaders_slang/bezel/Mega_Bezel/shaders/base/bezel-images-under-crt.slang".
[INFO] [slang]: Using render target format R16G16B16A16_SFLOAT for pass output #39.
[INFO] [slang]: Compiling shader: "/home/willian/.config/retroarch/shaders/shaders_slang/bezel/Mega_Bezel/shaders/base/bezel-images-over-crt.slang".
[INFO] [slang]: Using render target format R16G16B16A16_SFLOAT for pass output #40.
[INFO] [slang]: Compiling shader: "/home/willian/.config/retroarch/shaders/shaders_slang/bezel/Mega_Bezel/shaders/base/linearize-crt.slang".
[INFO] [slang]: Using render target format R16G16B16A16_SFLOAT for pass output #41.
[INFO] [slang]: Compiling shader: "/home/willian/.config/retroarch/shaders/shaders_slang/bezel/Mega_Bezel/shaders/base/blur-outside-screen-horiz.slang".
[INFO] [slang]: Using render target format R8G8B8A8_UNORM for pass output #42.
[INFO] [slang]: Compiling shader: "/home/willian/.config/retroarch/shaders/shaders_slang/bezel/Mega_Bezel/shaders/base/blur-outside-screen-vert.slang".
[INFO] [slang]: Using render target format R8G8B8A8_UNORM for pass output #43.
[INFO] [slang]: Compiling shader: "/home/willian/.config/retroarch/shaders/shaders_slang/blurs/shaders/royale/blur9x9.slang".
[INFO] [slang]: Using render target format R16G16B16A16_SFLOAT for pass output #44.
[INFO] [slang]: Compiling shader: "/home/willian/.config/retroarch/shaders/shaders_slang/blurs/shaders/royale/blur9x9.slang".
[INFO] [slang]: Using render target format R16G16B16A16_SFLOAT for pass output #45.
[INFO] [slang]: Compiling shader: "/home/willian/.config/retroarch/shaders/shaders_slang/bezel/Mega_Bezel/shaders/base/reflection.slang".
[INFO] [slang]: Using render target format R16G16B16A16_SFLOAT for pass output #46.
[INFO] [slang]: Compiling shader: "/home/willian/.config/retroarch/shaders/shaders_slang/bezel/Mega_Bezel/shaders/base/combine-passes.slang".
[INFO] [slang]: Using render target format R8G8B8A8_UNORM for pass output #47.
[INFO] [Vulkan filter chain]: Creating framebuffer 512x512 (max 1 level(s)).
[INFO] [Vulkan filter chain]: Creating framebuffer 512x512 (max 1 level(s)).
[INFO] [Vulkan filter chain]: Creating framebuffer 512x512 (max 1 level(s)).
[INFO] [Vulkan filter chain]: Creating framebuffer 512x512 (max 1 level(s)).
[INFO] [Vulkan filter chain]: Creating framebuffer 512x512 (max 1 level(s)).
[INFO] [Vulkan filter chain]: Creating framebuffer 512x512 (max 1 level(s)).
[INFO] [Vulkan filter chain]: Creating framebuffer 512x512 (max 1 level(s)).
[INFO] [Vulkan filter chain]: Creating framebuffer 512x512 (max 1 level(s)).
[INFO] [Vulkan filter chain]: Creating framebuffer 512x512 (max 1 level(s)).
[INFO] [Vulkan filter chain]: Creating framebuffer 512x512 (max 1 level(s)).
[INFO] [Vulkan filter chain]: Creating framebuffer 512x512 (max 1 level(s)).
[INFO] [Vulkan filter chain]: Creating framebuffer 512x512 (max 1 level(s)).
[INFO] [Vulkan filter chain]: Creating framebuffer 512x512 (max 1 level(s)).
[INFO] [Vulkan filter chain]: Creating framebuffer 512x512 (max 1 level(s)).
[INFO] [Vulkan filter chain]: Creating framebuffer 512x512 (max 1 level(s)).
[INFO] [Vulkan filter chain]: Creating framebuffer 512x512 (max 1 level(s)).
[INFO] [Vulkan filter chain]: Creating framebuffer 512x512 (max 1 level(s)).
[INFO] [Vulkan filter chain]: Creating framebuffer 512x512 (max 1 level(s)).
[INFO] [Vulkan filter chain]: Creating framebuffer 512x512 (max 1 level(s)).
[INFO] [Vulkan filter chain]: Creating framebuffer 512x512 (max 1 level(s)).
[INFO] [Vulkan filter chain]: Creating framebuffer 512x512 (max 1 level(s)).
[INFO] [Vulkan filter chain]: Creating framebuffer 1536x1536 (max 1 level(s)).
[INFO] [Vulkan filter chain]: Creating framebuffer 1536x1536 (max 1 level(s)).
[INFO] [Vulkan filter chain]: Creating framebuffer 1536x1536 (max 1 level(s)).
[INFO] [Vulkan filter chain]: Creating framebuffer 1536x1536 (max 1 level(s)).
[INFO] [Vulkan filter chain]: Creating framebuffer 1536x1536 (max 4294967295 level(s)).
[INFO] [Vulkan filter chain]: Creating framebuffer 1536x1536 (max 1 level(s)).
[INFO] [Vulkan filter chain]: Creating framebuffer 1536x1536 (max 1 level(s)).
[INFO] [Vulkan filter chain]: Creating framebuffer 1536x1536 (max 4294967295 level(s)).
[INFO] [Vulkan filter chain]: Creating framebuffer 1536x1536 (max 4294967295 level(s)).
[INFO] [Vulkan filter chain]: Creating framebuffer 1536x1536 (max 1 level(s)).
[INFO] [Vulkan filter chain]: Creating framebuffer 1536x1536 (max 1 level(s)).
[INFO] [Vulkan filter chain]: Creating framebuffer 800x1536 (max 1 level(s)).
[INFO] [Vulkan filter chain]: Creating framebuffer 800x600 (max 1 level(s)).
[INFO] [Vulkan filter chain]: Creating framebuffer 800x600 (max 1 level(s)).
[INFO] [Vulkan filter chain]: Creating framebuffer 800x600 (max 1 level(s)).
[INFO] [Vulkan filter chain]: Creating framebuffer 3840x2160 (max 1 level(s)).
[INFO] [Vulkan filter chain]: Creating framebuffer 3840x2160 (max 4294967295 level(s)).
[INFO] [Vulkan filter chain]: Creating framebuffer 3840x2160 (max 1 level(s)).
[INFO] [Vulkan filter chain]: Creating framebuffer 3840x2160 (max 1 level(s)).
[INFO] [Vulkan filter chain]: Creating framebuffer 3840x2160 (max 4294967295 level(s)).
[INFO] [Vulkan filter chain]: Creating framebuffer 800x600 (max 4294967295 level(s)).
[INFO] [Vulkan filter chain]: Creating framebuffer 800x600 (max 1 level(s)).
[INFO] [Vulkan filter chain]: Creating framebuffer 800x600 (max 4294967295 level(s)).
[INFO] [Vulkan filter chain]: Creating framebuffer 128x128 (max 4294967295 level(s)).
[INFO] [Vulkan filter chain]: Creating framebuffer 12x12 (max 1 level(s)).
[INFO] [Vulkan filter chain]: Creating framebuffer 3840x2160 (max 1 level(s)).
[INFO] [Vulkan filter chain]: Creating framebuffer 3840x2160 (max 1 level(s)).
[INFO] [Vulkan filter chain]: Creating framebuffer 512x512 (max 1 level(s)).
[INFO] [Vulkan filter chain]: Creating framebuffer 512x512 (max 1 level(s)).
[INFO] [Vulkan filter chain]: Creating framebuffer 512x512 (max 1 level(s)).
[INFO] [Vulkan filter chain]: Creating framebuffer 512x512 (max 1 level(s)).
[INFO] [Vulkan filter chain]: Using framebuffer feedback for pass #3.
[INFO] [Vulkan filter chain]: Creating framebuffer 512x512 (max 1 level(s)).
[INFO] [Vulkan filter chain]: Using framebuffer feedback for pass #4.
[INFO] [Vulkan filter chain]: Creating framebuffer 1536x1536 (max 4294967295 level(s)).
[INFO] [Vulkan filter chain]: Using framebuffer feedback for pass #25.
[INFO] [Vulkan filter chain]: Creating framebuffer 1536x1536 (max 1 level(s)).
[INFO] [Vulkan filter chain]: Using framebuffer feedback for pass #30.
[INFO] [Vulkan filter chain]: Creating framebuffer 3840x2160 (max 1 level(s)).
[INFO] [Vulkan filter chain]: Using framebuffer feedback for pass #38.
[INFO] [Vulkan filter chain]: Creating framebuffer 3840x2160 (max 1 level(s)).
[INFO] [Vulkan filter chain]: Using framebuffer feedback for pass #39.
[INFO] [Vulkan filter chain]: Creating framebuffer 3840x2160 (max 4294967295 level(s)).
[INFO] [Vulkan filter chain]: Using framebuffer feedback for pass #40.
[INFO] [Vulkan filter chain]: Creating framebuffer 3840x2160 (max 1 level(s)).
[INFO] [Vulkan filter chain]: Using framebuffer feedback for pass #46.
[INFO] [Vulkan filter chain]: Creating framebuffer 3840x2160 (max 1 level(s)).
[INFO] [Vulkan filter chain]: Using framebuffer feedback for pass #47.
[INFO] [udev]: Pad #0 (/dev/input/event5) supports force feedback.
[INFO] [udev]: Pad #0 (/dev/input/event5) supports 16 force feedback effects.
[INFO] [Joypad]: Found joypad driver: "udev".
[INFO] [DBus]: Suspended screensaver via DBus.
[INFO] [Video]: Found display server: "x11".
[INFO] [PulseAudio]: Requested 24576 bytes buffer, got 18432.
[INFO] [Display]: Found display driver: "vulkan".
[INFO] [Environ]: SET_SUBSYSTEM_INFO.
[libretro INFO] [FBNeo] Unknown device type for port 0, forcing "Classic" instead
[libretro INFO] [FBNeo] Unknown device type for port 1, forcing "Classic" instead
[INFO] [Playlist]: Carregando o arquivo de favoritos: "/home/willian/.config/retroarch/content_favorites.lpl".
[INFO] [Vulkan filter chain]: Creating framebuffer 512x512 (max 1 level(s)).
[INFO] [Vulkan filter chain]: Creating framebuffer 512x512 (max 1 level(s)).
[INFO] [Vulkan filter chain]: Creating framebuffer 512x512 (max 1 level(s)).
[INFO] [Vulkan filter chain]: Creating framebuffer 512x512 (max 1 level(s)).
[INFO] [Vulkan filter chain]: Creating framebuffer 512x512 (max 1 level(s)).
[INFO] [Vulkan filter chain]: Creating framebuffer 512x512 (max 1 level(s)).
[INFO] [Vulkan filter chain]: Creating framebuffer 512x512 (max 1 level(s)).
[INFO] [Vulkan filter chain]: Creating framebuffer 512x512 (max 1 level(s)).
[INFO] [Vulkan filter chain]: Creating framebuffer 512x512 (max 1 level(s)).
[INFO] [Vulkan filter chain]: Creating framebuffer 512x512 (max 1 level(s)).
[INFO] [Vulkan filter chain]: Creating framebuffer 512x512 (max 1 level(s)).
[INFO] [Vulkan filter chain]: Creating framebuffer 512x512 (max 1 level(s)).
[INFO] [Vulkan filter chain]: Creating framebuffer 512x512 (max 1 level(s)).
[INFO] [Vulkan filter chain]: Creating framebuffer 512x512 (max 1 level(s)).
[INFO] [Vulkan filter chain]: Creating framebuffer 512x512 (max 1 level(s)).
[INFO] [Vulkan filter chain]: Creating framebuffer 512x512 (max 1 level(s)).
[INFO] [Vulkan filter chain]: Creating framebuffer 512x512 (max 1 level(s)).
[INFO] [Vulkan filter chain]: Creating framebuffer 512x512 (max 1 level(s)).
[INFO] [Vulkan filter chain]: Creating framebuffer 512x512 (max 1 level(s)).
[INFO] [Vulkan filter chain]: Creating framebuffer 512x512 (max 1 level(s)).
[INFO] [Vulkan filter chain]: Creating framebuffer 512x512 (max 1 level(s)).
[INFO] [Vulkan filter chain]: Creating framebuffer 1536x1536 (max 1 level(s)).
[INFO] [Vulkan filter chain]: Creating framebuffer 1536x1536 (max 1 level(s)).
[INFO] [Vulkan filter chain]: Creating framebuffer 1536x1536 (max 1 level(s)).
[INFO] [Vulkan filter chain]: Creating framebuffer 1536x1536 (max 1 level(s)).
[INFO] [Vulkan filter chain]: Creating framebuffer 1536x1536 (max 4294967295 level(s)).
[INFO] [Vulkan filter chain]: Creating framebuffer 1536x1536 (max 1 level(s)).
[INFO] [Vulkan filter chain]: Creating framebuffer 1536x1536 (max 1 level(s)).
[INFO] [Vulkan filter chain]: Creating framebuffer 1536x1536 (max 4294967295 level(s)).
[INFO] [Vulkan filter chain]: Creating framebuffer 1536x1536 (max 4294967295 level(s)).
[INFO] [Vulkan filter chain]: Creating framebuffer 1536x1536 (max 1 level(s)).
[INFO] [Vulkan filter chain]: Creating framebuffer 1536x1536 (max 1 level(s)).
[INFO] [Vulkan filter chain]: Creating framebuffer 800x1536 (max 1 level(s)).
[INFO] [Vulkan filter chain]: Creating framebuffer 800x600 (max 1 level(s)).
[INFO] [Vulkan filter chain]: Creating framebuffer 800x600 (max 1 level(s)).
[INFO] [Vulkan filter chain]: Creating framebuffer 800x600 (max 1 level(s)).
[INFO] [Vulkan filter chain]: Creating framebuffer 3840x2160 (max 1 level(s)).
[INFO] [Vulkan filter chain]: Creating framebuffer 3840x2160 (max 4294967295 level(s)).
[INFO] [Vulkan filter chain]: Creating framebuffer 3840x2160 (max 1 level(s)).
[INFO] [Vulkan filter chain]: Creating framebuffer 3840x2160 (max 1 level(s)).
[INFO] [Vulkan filter chain]: Creating framebuffer 3840x2160 (max 4294967295 level(s)).
[INFO] [Vulkan filter chain]: Creating framebuffer 800x600 (max 4294967295 level(s)).
[INFO] [Vulkan filter chain]: Creating framebuffer 800x600 (max 1 level(s)).
[INFO] [Vulkan filter chain]: Creating framebuffer 800x600 (max 4294967295 level(s)).
[INFO] [Vulkan filter chain]: Creating framebuffer 128x128 (max 4294967295 level(s)).
[INFO] [Vulkan filter chain]: Creating framebuffer 12x12 (max 1 level(s)).
[INFO] [Vulkan filter chain]: Creating framebuffer 3840x2160 (max 1 level(s)).
[INFO] [Vulkan filter chain]: Creating framebuffer 3840x2160 (max 1 level(s)).
[INFO] [Vulkan filter chain]: Creating framebuffer 512x512 (max 1 level(s)).
[INFO] [Vulkan filter chain]: Creating framebuffer 512x512 (max 1 level(s)).
[INFO] [Vulkan filter chain]: Creating framebuffer 512x512 (max 1 level(s)).
[INFO] [Vulkan filter chain]: Creating framebuffer 512x512 (max 1 level(s)).
[INFO] [Vulkan filter chain]: Using framebuffer feedback for pass #3.
[INFO] [Vulkan filter chain]: Creating framebuffer 512x512 (max 1 level(s)).
[INFO] [Vulkan filter chain]: Using framebuffer feedback for pass #4.
[INFO] [Vulkan filter chain]: Creating framebuffer 1536x1536 (max 4294967295 level(s)).
[INFO] [Vulkan filter chain]: Using framebuffer feedback for pass #25.
[INFO] [Vulkan filter chain]: Creating framebuffer 1536x1536 (max 1 level(s)).
[INFO] [Vulkan filter chain]: Using framebuffer feedback for pass #30.
[INFO] [Vulkan filter chain]: Creating framebuffer 3840x2160 (max 1 level(s)).
[INFO] [Vulkan filter chain]: Using framebuffer feedback for pass #38.
[INFO] [Vulkan filter chain]: Creating framebuffer 3840x2160 (max 1 level(s)).
[INFO] [Vulkan filter chain]: Using framebuffer feedback for pass #39.
[INFO] [Vulkan filter chain]: Creating framebuffer 3840x2160 (max 4294967295 level(s)).
[INFO] [Vulkan filter chain]: Using framebuffer feedback for pass #40.
[INFO] [Vulkan filter chain]: Creating framebuffer 3840x2160 (max 1 level(s)).
[INFO] [Vulkan filter chain]: Using framebuffer feedback for pass #46.
[INFO] [Vulkan filter chain]: Creating framebuffer 3840x2160 (max 1 level(s)).
[INFO] [Vulkan filter chain]: Using framebuffer feedback for pass #47.
[INFO] [Environ]: SET_INPUT_DESCRIPTORS:
[INFO] [X/Vulkan]: Resized fullscreen resolution to 3840x2160.
[INFO] [Vulkan filter chain]: Creating framebuffer 512x512 (max 1 level(s)).
[INFO] [Vulkan filter chain]: Creating framebuffer 512x512 (max 1 level(s)).
[INFO] [Vulkan filter chain]: Creating framebuffer 512x512 (max 1 level(s)).
[INFO] [Vulkan filter chain]: Creating framebuffer 512x512 (max 1 level(s)).
[INFO] [Vulkan filter chain]: Creating framebuffer 512x512 (max 1 level(s)).
[INFO] [Vulkan filter chain]: Creating framebuffer 512x512 (max 1 level(s)).
[INFO] [Vulkan filter chain]: Creating framebuffer 512x512 (max 1 level(s)).
[INFO] [Vulkan filter chain]: Creating framebuffer 512x512 (max 1 level(s)).
[INFO] [Vulkan filter chain]: Creating framebuffer 512x512 (max 1 level(s)).
[INFO] [Vulkan filter chain]: Creating framebuffer 512x512 (max 1 level(s)).
[INFO] [Vulkan filter chain]: Creating framebuffer 512x512 (max 1 level(s)).
[INFO] [Vulkan filter chain]: Creating framebuffer 512x512 (max 1 level(s)).
[INFO] [Vulkan filter chain]: Creating framebuffer 512x512 (max 1 level(s)).
[INFO] [Vulkan filter chain]: Creating framebuffer 512x512 (max 1 level(s)).
[INFO] [Vulkan filter chain]: Creating framebuffer 512x512 (max 1 level(s)).
[INFO] [Vulkan filter chain]: Creating framebuffer 512x512 (max 1 level(s)).
[INFO] [Vulkan filter chain]: Creating framebuffer 512x512 (max 1 level(s)).
[INFO] [Vulkan filter chain]: Creating framebuffer 512x512 (max 1 level(s)).
[INFO] [Vulkan filter chain]: Creating framebuffer 512x512 (max 1 level(s)).
[INFO] [Vulkan filter chain]: Creating framebuffer 512x512 (max 1 level(s)).
[INFO] [Vulkan filter chain]: Creating framebuffer 512x512 (max 1 level(s)).
[INFO] [Vulkan filter chain]: Creating framebuffer 1536x1536 (max 1 level(s)).
[INFO] [Vulkan filter chain]: Creating framebuffer 1536x1536 (max 1 level(s)).
[INFO] [Vulkan filter chain]: Creating framebuffer 1536x1536 (max 1 level(s)).
[INFO] [Vulkan filter chain]: Creating framebuffer 1536x1536 (max 1 level(s)).
[INFO] [Vulkan filter chain]: Creating framebuffer 1536x1536 (max 4294967295 level(s)).
[INFO] [Vulkan filter chain]: Creating framebuffer 1536x1536 (max 1 level(s)).
[INFO] [Vulkan filter chain]: Creating framebuffer 1536x1536 (max 1 level(s)).
[INFO] [Vulkan filter chain]: Creating framebuffer 1536x1536 (max 4294967295 level(s)).
[INFO] [Vulkan filter chain]: Creating framebuffer 1536x1536 (max 4294967295 level(s)).
[INFO] [Vulkan filter chain]: Creating framebuffer 1536x1536 (max 1 level(s)).
[INFO] [Vulkan filter chain]: Creating framebuffer 1536x1536 (max 1 level(s)).
[INFO] [Vulkan filter chain]: Creating framebuffer 800x1536 (max 1 level(s)).
[INFO] [Vulkan filter chain]: Creating framebuffer 800x600 (max 1 level(s)).
[INFO] [Vulkan filter chain]: Creating framebuffer 800x600 (max 1 level(s)).
[INFO] [Vulkan filter chain]: Creating framebuffer 800x600 (max 1 level(s)).
[INFO] [Vulkan filter chain]: Creating framebuffer 3840x2160 (max 1 level(s)).
[INFO] [Vulkan filter chain]: Creating framebuffer 3840x2160 (max 4294967295 level(s)).
[INFO] [Vulkan filter chain]: Creating framebuffer 3840x2160 (max 1 level(s)).
[INFO] [Vulkan filter chain]: Creating framebuffer 3840x2160 (max 1 level(s)).
[INFO] [Vulkan filter chain]: Creating framebuffer 3840x2160 (max 4294967295 level(s)).
[INFO] [Vulkan filter chain]: Creating framebuffer 800x600 (max 4294967295 level(s)).
[INFO] [Vulkan filter chain]: Creating framebuffer 800x600 (max 1 level(s)).
[INFO] [Vulkan filter chain]: Creating framebuffer 800x600 (max 4294967295 level(s)).
[INFO] [Vulkan filter chain]: Creating framebuffer 128x128 (max 4294967295 level(s)).
[INFO] [Vulkan filter chain]: Creating framebuffer 12x12 (max 1 level(s)).
[INFO] [Vulkan filter chain]: Creating framebuffer 3840x2160 (max 1 level(s)).
[INFO] [Vulkan filter chain]: Creating framebuffer 3840x2160 (max 1 level(s)).
[INFO] [Vulkan filter chain]: Creating framebuffer 512x512 (max 1 level(s)).
[INFO] [Vulkan filter chain]: Creating framebuffer 512x512 (max 1 level(s)).
[INFO] [Vulkan filter chain]: Creating framebuffer 512x512 (max 1 level(s)).
[INFO] [Vulkan filter chain]: Creating framebuffer 512x512 (max 1 level(s)).
[INFO] [Vulkan filter chain]: Using framebuffer feedback for pass #3.
[INFO] [Vulkan filter chain]: Creating framebuffer 512x512 (max 1 level(s)).
[INFO] [Vulkan filter chain]: Using framebuffer feedback for pass #4.
[INFO] [Vulkan filter chain]: Creating framebuffer 1536x1536 (max 4294967295 level(s)).
[INFO] [Vulkan filter chain]: Using framebuffer feedback for pass #25.
[INFO] [Vulkan filter chain]: Creating framebuffer 1536x1536 (max 1 level(s)).
[INFO] [Vulkan filter chain]: Using framebuffer feedback for pass #30.
[INFO] [Vulkan filter chain]: Creating framebuffer 3840x2160 (max 1 level(s)).
[INFO] [Vulkan filter chain]: Using framebuffer feedback for pass #38.
[INFO] [Vulkan filter chain]: Creating framebuffer 3840x2160 (max 1 level(s)).
[INFO] [Vulkan filter chain]: Using framebuffer feedback for pass #39.
[INFO] [Vulkan filter chain]: Creating framebuffer 3840x2160 (max 4294967295 level(s)).
[INFO] [Vulkan filter chain]: Using framebuffer feedback for pass #40.
[INFO] [Vulkan filter chain]: Creating framebuffer 3840x2160 (max 1 level(s)).
[INFO] [Vulkan filter chain]: Using framebuffer feedback for pass #46.
[INFO] [Vulkan filter chain]: Creating framebuffer 3840x2160 (max 1 level(s)).
[INFO] [Vulkan filter chain]: Using framebuffer feedback for pass #47.
[INFO] [Vulkan filter chain]: Updating framebuffer size 320x240 (format: 37).
[INFO] [Vulkan filter chain]: Updating framebuffer size 320x240 (format: 43).
[INFO] [Vulkan filter chain]: Updating framebuffer size 320x240 (format: 43).
[INFO] [Vulkan filter chain]: Updating framebuffer size 320x240 (format: 109).
[INFO] [Vulkan filter chain]: Updating framebuffer size 320x240 (format: 97).
[INFO] [Vulkan filter chain]: Updating framebuffer size 320x240 (format: 97).
[INFO] [Vulkan filter chain]: Updating framebuffer size 320x240 (format: 37).
[INFO] [Vulkan filter chain]: Updating framebuffer size 320x240 (format: 37).
[INFO] [Vulkan filter chain]: Updating framebuffer size 320x240 (format: 37).
[INFO] [Vulkan filter chain]: Updating framebuffer size 320x240 (format: 37).
[INFO] [Vulkan filter chain]: Updating framebuffer size 320x240 (format: 37).
[INFO] [Vulkan filter chain]: Updating framebuffer size 320x240 (format: 37).
[INFO] [Vulkan filter chain]: Updating framebuffer size 320x240 (format: 37).
[INFO] [Vulkan filter chain]: Updating framebuffer size 320x240 (format: 37).
[INFO] [Vulkan filter chain]: Updating framebuffer size 320x240 (format: 37).
[INFO] [Vulkan filter chain]: Updating framebuffer size 320x240 (format: 37).
[INFO] [Vulkan filter chain]: Updating framebuffer size 320x240 (format: 37).
[INFO] [Vulkan filter chain]: Updating framebuffer size 320x240 (format: 97).
[INFO] [Vulkan filter chain]: Updating framebuffer size 320x240 (format: 37).
[INFO] [Vulkan filter chain]: Updating framebuffer size 320x240 (format: 37).
[INFO] [Vulkan filter chain]: Updating framebuffer size 320x240 (format: 37).
[INFO] [Vulkan filter chain]: Updating framebuffer size 960x720 (format: 37).
[INFO] [Vulkan filter chain]: Updating framebuffer size 960x720 (format: 97).
[INFO] [Vulkan filter chain]: Updating framebuffer size 960x720 (format: 97).
[INFO] [Vulkan filter chain]: Updating framebuffer size 960x720 (format: 37).
[INFO] [Vulkan filter chain]: Updating framebuffer size 960x720 (format: 37).
[INFO] [Vulkan filter chain]: Updating framebuffer size 960x720 (format: 37).
[INFO] [Vulkan filter chain]: Updating framebuffer size 960x720 (format: 37).
[INFO] [Vulkan filter chain]: Updating framebuffer size 960x720 (format: 37).
[INFO] [Vulkan filter chain]: Updating framebuffer size 960x720 (format: 37).
[INFO] [Vulkan filter chain]: Updating framebuffer size 960x720 (format: 37).
[INFO] [Vulkan filter chain]: Updating framebuffer size 960x720 (format: 97).
[INFO] [Vulkan filter chain]: Updating framebuffer size 800x720 (format: 97).
[INFO] [Vulkan filter chain]: Updating framebuffer size 320x240 (format: 44).
[INFO] [Vulkan filter chain]: Updating framebuffer size 320x240 (format: 109).
[INFO] [Vulkan filter chain]: Updating framebuffer size 320x240 (format: 97).
[INFO] [Vulkan filter chain]: Updating framebuffer size 960x720 (format: 37).
[INFO] [Vulkan filter chain]: Updating framebuffer size 960x720 (format: 37).
[INFO] [Vulkan filter chain]: Updating framebuffer size 320x240 (format: 44).
[INFO] [Vulkan filter chain]: Updating framebuffer size 320x240 (format: 44).
[INFO] [Config]: Loading config: "/home/willian/.config/retroarch/retroarch.cfg".
[INFO] [Overrides]: Configuration overrides unloaded, original configuration restored.
[INFO] [Core]: Content ran for a total of: 00 hours, 00 minutes, 10 seconds.
[INFO] [Runtime]: Saving runtime log file: "/home/willian/.config/retroarch/playlists/logs/FinalBurn Neo/asurabld.lrtl".
[INFO] [Core]: Unloading game..
[INFO] [PulseAudio]: Pausing.
[INFO] [Core]: Unloading core..
[INFO] [Core]: Unloading core symbols..
[INFO] [Core]: Saved core options file to "/home/willian/.config/retroarch/config/FinalBurn Neo/FinalBurn Neo.opt".
[INFO] [XINERAMA]: Xinerama version: 1.1.
[INFO] [XINERAMA]: Xinerama screens: 1.
[INFO] [XINERAMA]: Saved monitor #0.
[INFO] [Video]: Does not have enough samples for monitor refresh rate estimation. Requires to run for at least 4096 frames.
