[NFO] RetroArch 1.16.0 (Git 9dbb069b67)
[NFO] === Build =======================================
[NFO] CPU Model Name: AMD Ryzen 7 5700X 8-Core Processor             
[NFO] Capacidades: MMX MMXEXT SSE SSE2 SSE3 SSSE3 SSE4 SSE42 AES AVX AVX2 
[NFO] Version: 1.16.0
[NFO] Git: 9dbb069b67
[NFO] Built: Nov  8 2023
[NFO] =================================================
[NFO] [Input]: Found input driver: "x".
[NFO] [Environ]: SET_PIXEL_FORMAT: RGB565.
[NFO] [Core]: Versão da API libretro: 1, Compilado contra a API: 1
[NFO] [Core]: Geometry: 320x240, Aspect: 1.333, FPS: 60.00, Sample rate: 48000.00 Hz.
[NFO] [Audio]: Set audio input rate to: 48000.00 Hz.
[NFO] [Video]: Set video size to: fullscreen.
[ERR] [Wayland]: Failed to connect to Wayland server.
[NFO] [Vulkan]: Vulkan dynamic library loaded.
[NFO] [Vulkan]: Found vulkan context: "vk_x".
[NFO] [Vulkan]: Detecting screen resolution: 3840x2160.
[NFO] [XINERAMA]: Xinerama version: 1.1.
[NFO] [XINERAMA]: Xinerama screens: 1.
[NFO] [X/Vulkan]: Using Xinerama on screen #0.
[NFO] [X/Vulkan]: X = 0, Y = 0, W = 3840, H = 2160.
[NFO] [X/Vulkan]: Using windowed fullscreen.
[NFO] [Vulkan]: Found GPU at index 0: "NVIDIA GeForce RTX 2060".
[NFO] [Vulkan]: Using GPU index 0.
[NFO] [Vulkan]: Using fences for WSI acquire.
[NFO] [Vulkan]: Using GPU: "NVIDIA GeForce RTX 2060".
[NFO] [Vulkan]: Queue family 0 supports 16 sub-queues.
[NFO] [Vulkan]: Got 3 swapchain images.
[NFO] [Vulkan]: Using resolution 3840x2160.
[NFO] [Vulkan]: Using RGB565 format.
[NFO] [Vulkan]: Loading stock shader.
[NFO] [udev]: Pad #0 (/dev/input/event3) supports force feedback.
[NFO] [udev]: Pad #0 (/dev/input/event3) supports 16 force feedback effects.
[NFO] [Autoconf]: Sony Interactive Entertainment Wireless Controller configurado na porta 1.
[NFO] [Joypad]: Found joypad driver: "udev".
[NFO] [X11]: Suspending screensaver (X11, xdg-screensaver).
[NFO] [Video]: Found display server: "x11".
[NFO] [PulseAudio]: Requested 24576 bytes buffer, got 18432.
[NFO] [Audio]: Started synchronous audio driver.
[NFO] [ALSA] Using ALSA version 1.2.10
[NFO] [Microphone]: Initialized microphone driver.
[NFO] [Display]: Found display driver: "vulkan".
[NFO] [Playlist]: Carregando o arquivo de favoritos: "/home/willian/.config/retroarch/content_favorites.lpl".
[NFO] [X/Vulkan]: Resized fullscreen resolution to 3840x2160.
[ERR] [Thumbnail]: Download "/home/willian/.config/retroarch/thumbnails/Arcade - Capcom CP System II/Named_Titles/Capcom Sports Club (971017 Euro).png" failed: File not found.
[ERR] [Thumbnail]: Download "/home/willian/.config/retroarch/thumbnails/Arcade - Capcom CP System II/Named_Boxarts/Capcom Sports Club (971017 Euro).png" failed: File not found.
[ERR] [Thumbnail]: Download "/home/willian/.config/retroarch/thumbnails/Arcade - Capcom CP System II/Named_Titles/Choko (010820 Japan).png" failed: File not found.
[ERR] [Thumbnail]: Download "/home/willian/.config/retroarch/thumbnails/Arcade - Capcom CP System II/Named_Boxarts/Choko (010820 Japan).png" failed: File not found.
[ERR] [Thumbnail]: Download "/home/willian/.config/retroarch/thumbnails/Arcade - Capcom CP System II/Named_Titles/Jyangokushi  -Haoh no Saihai- (990527 Japan).png" failed: File not found.
[ERR] [Thumbnail]: Download "/home/willian/.config/retroarch/thumbnails/Arcade - Capcom CP System II/Named_Boxarts/Jyangokushi  -Haoh no Saihai- (990527 Japan).png" failed: File not found.
[NFO] [Environ]: SET_SUBSYSTEM_INFO.
[NFO] [Core]: Using content: ".config/retroarch/roms/FBNeo - Arcade Games/hsf2.zip".
[NFO] [Core]: Content ran for a total of: 00 hours, 00 minutes, 00 seconds.
[NFO] [PulseAudio]: Pausing.
[NFO] [Core]: Unloading core..
[NFO] [Core]: Unloading core symbols..
[NFO] [XINERAMA]: Xinerama version: 1.1.
[NFO] [XINERAMA]: Xinerama screens: 1.
[NFO] [XINERAMA]: Saved monitor #0.
[NFO] [Video]: Does not have enough samples for monitor refresh rate estimation. Requires to run for at least 4096 frames.
[NFO] RetroArch 1.16.0 (Git 9dbb069b67)
[NFO] === Build =======================================
[NFO] CPU Model Name: AMD Ryzen 7 5700X 8-Core Processor             
[NFO] Capacidades: MMX MMXEXT SSE SSE2 SSE3 SSSE3 SSE4 SSE42 AES AVX AVX2 
[NFO] Version: 1.16.0
[NFO] Git: 9dbb069b67
[NFO] Built: Nov  8 2023
[NFO] =================================================
[NFO] [Input]: Found input driver: "x".
[NFO] [Core]: Loading dynamic libretro core from: "/home/willian/.config/retroarch/cores/fbneo_libretro.so"
[NFO] [Overrides]: Game-specific overrides found at "/home/willian/.config/retroarch/config/FinalBurn Neo/hsf2.cfg".
[NFO] [Config]: Loading config: "/home/willian/.config/retroarch/retroarch.cfg".
[NFO] [Config]: Appending override config: "/home/willian/.config/retroarch/config/FinalBurn Neo/hsf2.cfg".
[NFO] [Overrides]: Redirecionando arquivo dados da memória do jogo em "/home/willian/.config/retroarch/saves/hsf2.srm".
[NFO] [Overrides]: Redirecionando o jogo salvo em "/home/willian/.config/retroarch/states/hsf2.state".
[NFO] [Environ]: SET_SERIALIZATION_QUIRKS.
[NFO] [Environ]: GET_LOG_INTERFACE.
[NFO] [Environ]: GET_MESSAGE_INTERFACE_VERSION.
[NFO] [Environ]: SET_AUDIO_BUFFER_STATUS_CALLBACK.
[NFO] [Content]: Carregamento de conteúdo ignorado. A implementação irá carregar por conta própria.
[NFO] [Environ]: SAVE_DIRECTORY: "/home/willian/.config/retroarch/saves".
libretro [NFO] Setting save dir to /home/willian/.config/retroarch/saves
[NFO] [Environ]: SYSTEM_DIRECTORY: "/home/willian/.config/retroarch/system".
libretro [NFO] Setting system dir to /home/willian/.config/retroarch/system
[NFO] [Environ]: SET_CONTROLLER_INFO.
libretro [NFO] Initialize DIP switches.
[NFO] [Environ]: GET_CORE_OPTIONS_VERSION.
[NFO] [Environ]: RETRO_ENVIRONMENT_SET_CORE_OPTIONS_V2.
libretro [NFO] [FBNeo] Searching all possible locations for romset hsf2
libretro [NFO] [FBNeo] No patched romset found at /home/willian/.config/retroarch/system/fbneo/patched/hsf2
libretro [NFO] [FBNeo] Romset found at .config/retroarch/roms/FBNeo - Arcade Games/hsf2
libretro [NFO] [FBNeo] No romset found at /home/willian/.config/retroarch/system/fbneo/hsf2
libretro [NFO] [FBNeo] No romset found at /home/willian/.config/retroarch/system/hsf2
libretro [NFO] [FBNeo] Using ROM with known crc 0xb308151e and name hs2u.03 from archive .config/retroarch/roms/FBNeo - Arcade Games/hsf2
libretro [NFO] [FBNeo] Using ROM with known crc 0x327aa49c and name hs2u.04 from archive .config/retroarch/roms/FBNeo - Arcade Games/hsf2
libretro [NFO] [FBNeo] Using ROM with known crc 0xdde34a35 and name hs2.05 from archive .config/retroarch/roms/FBNeo - Arcade Games/hsf2
libretro [NFO] [FBNeo] Using ROM with known crc 0xf4e56dda and name hs2.06 from archive .config/retroarch/roms/FBNeo - Arcade Games/hsf2
libretro [NFO] [FBNeo] Using ROM with known crc 0xee4420fc and name hs2.07 from archive .config/retroarch/roms/FBNeo - Arcade Games/hsf2
libretro [NFO] [FBNeo] Using ROM with known crc 0xc9441533 and name hs2.08 from archive .config/retroarch/roms/FBNeo - Arcade Games/hsf2
libretro [NFO] [FBNeo] Using ROM with known crc 0x3fc638a8 and name hs2.09 from archive .config/retroarch/roms/FBNeo - Arcade Games/hsf2
libretro [NFO] [FBNeo] Using ROM with known crc 0x20d0f9e4 and name hs2.10 from archive .config/retroarch/roms/FBNeo - Arcade Games/hsf2
libretro [NFO] [FBNeo] Using ROM with known crc 0xa6ecab17 and name hs2.13m from archive .config/retroarch/roms/FBNeo - Arcade Games/hsf2
libretro [NFO] [FBNeo] Using ROM with known crc 0x10a0ae4d and name hs2.15m from archive .config/retroarch/roms/FBNeo - Arcade Games/hsf2
libretro [NFO] [FBNeo] Using ROM with known crc 0xadfa7726 and name hs2.17m from archive .config/retroarch/roms/FBNeo - Arcade Games/hsf2
libretro [NFO] [FBNeo] Using ROM with known crc 0xbb3ae322 and name hs2.19m from archive .config/retroarch/roms/FBNeo - Arcade Games/hsf2
libretro [NFO] [FBNeo] Using ROM with known crc 0xc1a13786 and name hs2.01 from archive .config/retroarch/roms/FBNeo - Arcade Games/hsf2
libretro [NFO] [FBNeo] Using ROM with known crc 0x2d8794aa and name hs2.02 from archive .config/retroarch/roms/FBNeo - Arcade Games/hsf2
libretro [NFO] [FBNeo] Using ROM with known crc 0x0e15c359 and name hs2.11m from archive .config/retroarch/roms/FBNeo - Arcade Games/hsf2
libretro [NFO] [FBNeo] Using ROM with known crc 0xfc9b18c9 and name hsf2.key from archive .config/retroarch/roms/FBNeo - Arcade Games/hsf2
libretro [NFO] [FBNeo] No missing files, proceeding
libretro [NFO] [FBNeo] Samplerate set to 48000
libretro [NFO] [FBNeo] Applied dipswitches from core options
libretro [NFO] [FBNeo] Initialized driver for hsf2
libretro [NFO] [FBNeo] Adjusted audio buffer to match driver's refresh rate (59.630000 Hz)
libretro [NFO] [Cheevos] System RAM set to 0x55b6fa8fcd00, size is 65536
[NFO] [Environ]: SET_ROTATION: 0
[NFO] [Environ]: SET_PIXEL_FORMAT: XRGB8888.
libretro [NFO] [FBNeo] Driver hsf2 was successfully started : game's full name is Hyper Street Fighter II: The Anniversary Edition (040202 USA)
[NFO] [Replay]: Found last replay slot: #0
[NFO] [SRAM]: Ignorando carregamento da SRAM.
[NFO] [Core]: Versão da API libretro: 1, Compilado contra a API: 1
libretro [NFO] [FBNeo] Timing set to 59.630000 Hz
[NFO] [Core]: Geometry: 384x224, Aspect: 1.333, FPS: 59.63, Sample rate: 48002.15 Hz.
[NFO] [Audio]: Set audio input rate to: 48300.00 Hz.
[NFO] [Video]: Set video size to: fullscreen.
[ERR] [Wayland]: Failed to connect to Wayland server.
[NFO] [Vulkan]: Vulkan dynamic library loaded.
[NFO] [Vulkan]: Found vulkan context: "vk_x".
[NFO] [Vulkan]: Detecting screen resolution: 3840x2160.
[NFO] [XINERAMA]: Xinerama version: 1.1.
[NFO] [XINERAMA]: Xinerama screens: 1.
[NFO] [X/Vulkan]: Using Xinerama on screen #0.
[NFO] [X/Vulkan]: X = 0, Y = 0, W = 3840, H = 2160.
[NFO] [X/Vulkan]: Using windowed fullscreen.
[NFO] [Vulkan]: Found GPU at index 0: "NVIDIA GeForce RTX 2060".
[NFO] [Vulkan]: Using GPU index 0.
[NFO] [Vulkan]: Using fences for WSI acquire.
[NFO] [Vulkan]: Using GPU: "NVIDIA GeForce RTX 2060".
[NFO] [Vulkan]: Queue family 0 supports 16 sub-queues.
[NFO] [Vulkan]: Got 3 swapchain images.
[NFO] [Vulkan]: Using resolution 3840x2160.
[NFO] [Vulkan]: Using BGRA8888 format.
[NFO] [Shaders]: Specific shader preset found at "/home/willian/.config/retroarch/config/global.slangp".
[NFO] [slang]: Compiling shader: "/home/willian/.config/retroarch/shaders/shaders_slang/bezel/Mega_Bezel/shaders/base/add-params-all.slang".
[NFO] [slang]: Using render target format R8G8B8A8_UNORM for pass output #0.
[NFO] [slang]: Compiling shader: "/home/willian/.config/retroarch/shaders/shaders_slang/bezel/Mega_Bezel/shaders/base/stock.slang".
[NFO] [slang]: Using render target format R8G8B8A8_SRGB for pass output #1.
[NFO] [slang]: Compiling shader: "/home/willian/.config/retroarch/shaders/shaders_slang/bezel/Mega_Bezel/shaders/base/add-negative-crop-area.slang".
[NFO] [slang]: Using render target format R8G8B8A8_SRGB for pass output #2.
[NFO] [slang]: Compiling shader: "/home/willian/.config/retroarch/shaders/shaders_slang/bezel/Mega_Bezel/shaders/base/cache-info-all-params.slang".
[NFO] [slang]: Using render target format R32G32B32A32_SFLOAT for pass output #3.
[NFO] [slang]: Compiling shader: "/home/willian/.config/retroarch/shaders/shaders_slang/bezel/Mega_Bezel/shaders/base/text-std.slang".
[NFO] [slang]: Using render target format R16G16B16A16_SFLOAT for pass output #4.
[NFO] [slang]: Compiling shader: "/home/willian/.config/retroarch/shaders/shaders_slang/bezel/Mega_Bezel/shaders/base/intro.slang".
[NFO] [slang]: Using render target format R16G16B16A16_SFLOAT for pass output #5.
[NFO] [slang]: Compiling shader: "/home/willian/.config/retroarch/shaders/shaders_slang/bezel/Mega_Bezel/shaders/base/stock.slang".
[NFO] [slang]: Using render target format R8G8B8A8_UNORM for pass output #6.
[NFO] [slang]: Compiling shader: "/home/willian/.config/retroarch/shaders/shaders_slang/bezel/Mega_Bezel/shaders/base/stock.slang".
[NFO] [slang]: Using render target format R8G8B8A8_UNORM for pass output #7.
[NFO] [slang]: Compiling shader: "/home/willian/.config/retroarch/shaders/shaders_slang/bezel/Mega_Bezel/shaders/guest/hsm-afterglow0.slang".
[NFO] [slang]: Using render target format R8G8B8A8_UNORM for pass output #8.
[NFO] [slang]: Compiling shader: "/home/willian/.config/retroarch/shaders/shaders_slang/bezel/Mega_Bezel/shaders/guest/hsm-pre-shaders-afterglow.slang".
[NFO] [slang]: Using render target format R8G8B8A8_UNORM for pass output #9.
[NFO] [slang]: Compiling shader: "/home/willian/.config/retroarch/shaders/shaders_slang/bezel/Mega_Bezel/shaders/dogway/hsm-grade.slang".
[NFO] [slang]: Using render target format R8G8B8A8_UNORM for pass output #10.
[NFO] [slang]: Compiling shader: "/home/willian/.config/retroarch/shaders/shaders_slang/bezel/Mega_Bezel/shaders/guest/hsm-custom-fast-sharpen.slang".
[NFO] [slang]: Using render target format R8G8B8A8_UNORM for pass output #11.
[NFO] [slang]: Compiling shader: "/home/willian/.config/retroarch/shaders/shaders_slang/bezel/Mega_Bezel/shaders/base/stock.slang".
[NFO] [slang]: Using render target format R8G8B8A8_UNORM for pass output #12.
[NFO] [slang]: Compiling shader: "/home/willian/.config/retroarch/shaders/shaders_slang/bezel/Mega_Bezel/shaders/guest/hsm-avg-lum.slang".
[NFO] [slang]: Using render target format R8G8B8A8_UNORM for pass output #13.
[NFO] [slang]: Compiling shader: "/home/willian/.config/retroarch/shaders/shaders_slang/bezel/Mega_Bezel/shaders/guest/hsm-interlace-and-linearize.slang".
[NFO] [slang]: Using render target format R16G16B16A16_SFLOAT for pass output #14.
[NFO] [slang]: Compiling shader: "/home/willian/.config/retroarch/shaders/shaders_slang/bezel/Mega_Bezel/shaders/guest/hsm-gaussian_horizontal.slang".
[NFO] [slang]: Using render target format R16G16B16A16_SFLOAT for pass output #15.
[NFO] [slang]: Compiling shader: "/home/willian/.config/retroarch/shaders/shaders_slang/bezel/Mega_Bezel/shaders/guest/hsm-gaussian_vertical.slang".
[NFO] [slang]: Using render target format R16G16B16A16_SFLOAT for pass output #16.
[NFO] [slang]: Compiling shader: "/home/willian/.config/retroarch/shaders/shaders_slang/bezel/Mega_Bezel/shaders/guest/hsm-bloom_horizontal.slang".
[NFO] [slang]: Using render target format R16G16B16A16_SFLOAT for pass output #17.
[NFO] [slang]: Compiling shader: "/home/willian/.config/retroarch/shaders/shaders_slang/bezel/Mega_Bezel/shaders/guest/hsm-bloom_vertical.slang".
[NFO] [slang]: Using render target format R16G16B16A16_SFLOAT for pass output #18.
[NFO] [slang]: Compiling shader: "/home/willian/.config/retroarch/shaders/shaders_slang/bezel/Mega_Bezel/shaders/guest/hsm-crt-guest-advanced.slang".
[NFO] [slang]: Using render target format R16G16B16A16_SFLOAT for pass output #19.
[NFO] [slang]: Compiling shader: "/home/willian/.config/retroarch/shaders/shaders_slang/bezel/Mega_Bezel/shaders/guest/hsm-deconvergence.slang".
[NFO] [slang]: Using render target format R16G16B16A16_SFLOAT for pass output #20.
[NFO] [slang]: Compiling shader: "/home/willian/.config/retroarch/shaders/shaders_slang/bezel/Mega_Bezel/shaders/base/post-crt-prep-image-layers.slang".
[NFO] [slang]: Using render target format R16G16B16A16_SFLOAT for pass output #21.
[NFO] [slang]: Compiling shader: "/home/willian/.config/retroarch/shaders/shaders_slang/bezel/Mega_Bezel/shaders/base/bezel-images-under-crt.slang".
[NFO] [slang]: Using render target format R16G16B16A16_SFLOAT for pass output #22.
[NFO] [slang]: Compiling shader: "/home/willian/.config/retroarch/shaders/shaders_slang/bezel/Mega_Bezel/shaders/base/bezel-images-over-crt.slang".
[NFO] [slang]: Using render target format R16G16B16A16_SFLOAT for pass output #23.
[NFO] [slang]: Compiling shader: "/home/willian/.config/retroarch/shaders/shaders_slang/bezel/Mega_Bezel/shaders/base/linearize-crt.slang".
[NFO] [slang]: Using render target format R16G16B16A16_SFLOAT for pass output #24.
[NFO] [slang]: Compiling shader: "/home/willian/.config/retroarch/shaders/shaders_slang/bezel/Mega_Bezel/shaders/base/blur-outside-screen-horiz.slang".
[NFO] [slang]: Using render target format R8G8B8A8_UNORM for pass output #25.
[NFO] [slang]: Compiling shader: "/home/willian/.config/retroarch/shaders/shaders_slang/bezel/Mega_Bezel/shaders/base/blur-outside-screen-vert.slang".
[NFO] [slang]: Using render target format R8G8B8A8_UNORM for pass output #26.
[NFO] [slang]: Compiling shader: "/home/willian/.config/retroarch/shaders/shaders_slang/blurs/shaders/royale/blur9x9.slang".
[NFO] [slang]: Using render target format R16G16B16A16_SFLOAT for pass output #27.
[NFO] [slang]: Compiling shader: "/home/willian/.config/retroarch/shaders/shaders_slang/blurs/shaders/royale/blur9x9.slang".
[NFO] [slang]: Using render target format R16G16B16A16_SFLOAT for pass output #28.
[NFO] [slang]: Compiling shader: "/home/willian/.config/retroarch/shaders/shaders_slang/bezel/Mega_Bezel/shaders/base/reflection.slang".
[NFO] [slang]: Using render target format R16G16B16A16_SFLOAT for pass output #29.
[NFO] [slang]: Compiling shader: "/home/willian/.config/retroarch/shaders/shaders_slang/bezel/Mega_Bezel/shaders/base/combine-passes.slang".
[NFO] [slang]: Using render target format R8G8B8A8_UNORM for pass output #30.
[NFO] [Vulkan filter chain]: Creating framebuffer 512x512 (max 1 level(s)).
[NFO] [Vulkan filter chain]: Creating framebuffer 512x512 (max 1 level(s)).
[NFO] [Vulkan filter chain]: Creating framebuffer 512x512 (max 1 level(s)).
[NFO] [Vulkan filter chain]: Creating framebuffer 512x512 (max 1 level(s)).
[NFO] [Vulkan filter chain]: Creating framebuffer 512x512 (max 1 level(s)).
[NFO] [Vulkan filter chain]: Creating framebuffer 512x512 (max 1 level(s)).
[NFO] [Vulkan filter chain]: Creating framebuffer 512x512 (max 1 level(s)).
[NFO] [Vulkan filter chain]: Creating framebuffer 512x512 (max 1 level(s)).
[NFO] [Vulkan filter chain]: Creating framebuffer 512x512 (max 4294967295 level(s)).
[NFO] [Vulkan filter chain]: Creating framebuffer 512x512 (max 1 level(s)).
[NFO] [Vulkan filter chain]: Creating framebuffer 512x512 (max 1 level(s)).
[NFO] [Vulkan filter chain]: Creating framebuffer 512x512 (max 4294967295 level(s)).
[NFO] [Vulkan filter chain]: Creating framebuffer 512x512 (max 4294967295 level(s)).
[NFO] [Vulkan filter chain]: Creating framebuffer 512x512 (max 1 level(s)).
[NFO] [Vulkan filter chain]: Creating framebuffer 512x512 (max 1 level(s)).
[NFO] [Vulkan filter chain]: Creating framebuffer 800x512 (max 1 level(s)).
[NFO] [Vulkan filter chain]: Creating framebuffer 800x600 (max 1 level(s)).
[NFO] [Vulkan filter chain]: Creating framebuffer 800x600 (max 1 level(s)).
[NFO] [Vulkan filter chain]: Creating framebuffer 800x600 (max 1 level(s)).
[NFO] [Vulkan filter chain]: Creating framebuffer 3840x2160 (max 1 level(s)).
[NFO] [Vulkan filter chain]: Creating framebuffer 3840x2160 (max 4294967295 level(s)).
[NFO] [Vulkan filter chain]: Creating framebuffer 3840x2160 (max 1 level(s)).
[NFO] [Vulkan filter chain]: Creating framebuffer 3840x2160 (max 1 level(s)).
[NFO] [Vulkan filter chain]: Creating framebuffer 3840x2160 (max 4294967295 level(s)).
[NFO] [Vulkan filter chain]: Creating framebuffer 800x600 (max 4294967295 level(s)).
[NFO] [Vulkan filter chain]: Creating framebuffer 800x600 (max 1 level(s)).
[NFO] [Vulkan filter chain]: Creating framebuffer 800x600 (max 4294967295 level(s)).
[NFO] [Vulkan filter chain]: Creating framebuffer 128x128 (max 4294967295 level(s)).
[NFO] [Vulkan filter chain]: Creating framebuffer 12x12 (max 1 level(s)).
[NFO] [Vulkan filter chain]: Creating framebuffer 3840x2160 (max 1 level(s)).
[NFO] [Vulkan filter chain]: Creating framebuffer 3840x2160 (max 1 level(s)).
[NFO] [Vulkan filter chain]: Creating framebuffer 512x512 (max 1 level(s)).
[NFO] [Vulkan filter chain]: Creating framebuffer 512x512 (max 1 level(s)).
[NFO] [Vulkan filter chain]: Creating framebuffer 512x512 (max 1 level(s)).
[NFO] [Vulkan filter chain]: Creating framebuffer 512x512 (max 1 level(s)).
[NFO] [Vulkan filter chain]: Using framebuffer feedback for pass #3.
[NFO] [Vulkan filter chain]: Creating framebuffer 512x512 (max 1 level(s)).
[NFO] [Vulkan filter chain]: Using framebuffer feedback for pass #4.
[NFO] [Vulkan filter chain]: Creating framebuffer 512x512 (max 4294967295 level(s)).
[NFO] [Vulkan filter chain]: Using framebuffer feedback for pass #8.
[NFO] [Vulkan filter chain]: Creating framebuffer 512x512 (max 1 level(s)).
[NFO] [Vulkan filter chain]: Using framebuffer feedback for pass #13.
[NFO] [Vulkan filter chain]: Creating framebuffer 3840x2160 (max 1 level(s)).
[NFO] [Vulkan filter chain]: Using framebuffer feedback for pass #21.
[NFO] [Vulkan filter chain]: Creating framebuffer 3840x2160 (max 1 level(s)).
[NFO] [Vulkan filter chain]: Using framebuffer feedback for pass #22.
[NFO] [Vulkan filter chain]: Creating framebuffer 3840x2160 (max 4294967295 level(s)).
[NFO] [Vulkan filter chain]: Using framebuffer feedback for pass #23.
[NFO] [Vulkan filter chain]: Creating framebuffer 3840x2160 (max 1 level(s)).
[NFO] [Vulkan filter chain]: Using framebuffer feedback for pass #29.
[NFO] [Vulkan filter chain]: Creating framebuffer 3840x2160 (max 1 level(s)).
[NFO] [Vulkan filter chain]: Using framebuffer feedback for pass #30.
[NFO] [udev]: Pad #0 (/dev/input/event3) supports force feedback.
[NFO] [udev]: Pad #0 (/dev/input/event3) supports 16 force feedback effects.
[NFO] [Joypad]: Found joypad driver: "udev".
[NFO] [X11]: Suspending screensaver (X11, xdg-screensaver).
[NFO] [Video]: Found display server: "x11".
[NFO] [PulseAudio]: Requested 24576 bytes buffer, got 18432.
[NFO] [Audio]: Started synchronous audio driver.
[NFO] [ALSA] Using ALSA version 1.2.10
[NFO] [Microphone]: Initialized microphone driver.
[NFO] [Display]: Found display driver: "vulkan".
[NFO] [Environ]: SET_SUBSYSTEM_INFO.
libretro [NFO] [FBNeo] Unknown device type for port 0, forcing "Classic" instead
libretro [NFO] [FBNeo] Unknown device type for port 1, forcing "Classic" instead
[NFO] [Playlist]: Carregando o arquivo de favoritos: "/home/willian/.config/retroarch/content_favorites.lpl".
[NFO] [Vulkan filter chain]: Creating framebuffer 512x512 (max 1 level(s)).
[NFO] [Vulkan filter chain]: Creating framebuffer 512x512 (max 1 level(s)).
[NFO] [Vulkan filter chain]: Creating framebuffer 512x512 (max 1 level(s)).
[NFO] [Vulkan filter chain]: Creating framebuffer 512x512 (max 1 level(s)).
[NFO] [Vulkan filter chain]: Creating framebuffer 512x512 (max 1 level(s)).
[NFO] [Vulkan filter chain]: Creating framebuffer 512x512 (max 1 level(s)).
[NFO] [Vulkan filter chain]: Creating framebuffer 512x512 (max 1 level(s)).
[NFO] [Vulkan filter chain]: Creating framebuffer 512x512 (max 1 level(s)).
[NFO] [Vulkan filter chain]: Creating framebuffer 512x512 (max 4294967295 level(s)).
[NFO] [Vulkan filter chain]: Creating framebuffer 512x512 (max 1 level(s)).
[NFO] [Vulkan filter chain]: Creating framebuffer 512x512 (max 1 level(s)).
[NFO] [Vulkan filter chain]: Creating framebuffer 512x512 (max 4294967295 level(s)).
[NFO] [Vulkan filter chain]: Creating framebuffer 512x512 (max 4294967295 level(s)).
[NFO] [Vulkan filter chain]: Creating framebuffer 512x512 (max 1 level(s)).
[NFO] [Vulkan filter chain]: Creating framebuffer 512x512 (max 1 level(s)).
[NFO] [Vulkan filter chain]: Creating framebuffer 800x512 (max 1 level(s)).
[NFO] [Vulkan filter chain]: Creating framebuffer 800x600 (max 1 level(s)).
[NFO] [Vulkan filter chain]: Creating framebuffer 800x600 (max 1 level(s)).
[NFO] [Vulkan filter chain]: Creating framebuffer 800x600 (max 1 level(s)).
[NFO] [Vulkan filter chain]: Creating framebuffer 3840x2160 (max 1 level(s)).
[NFO] [Vulkan filter chain]: Creating framebuffer 3840x2160 (max 4294967295 level(s)).
[NFO] [Vulkan filter chain]: Creating framebuffer 3840x2160 (max 1 level(s)).
[NFO] [Vulkan filter chain]: Creating framebuffer 3840x2160 (max 1 level(s)).
[NFO] [Vulkan filter chain]: Creating framebuffer 3840x2160 (max 4294967295 level(s)).
[NFO] [Vulkan filter chain]: Creating framebuffer 800x600 (max 4294967295 level(s)).
[NFO] [Vulkan filter chain]: Creating framebuffer 800x600 (max 1 level(s)).
[NFO] [Vulkan filter chain]: Creating framebuffer 800x600 (max 4294967295 level(s)).
[NFO] [Vulkan filter chain]: Creating framebuffer 128x128 (max 4294967295 level(s)).
[NFO] [Vulkan filter chain]: Creating framebuffer 12x12 (max 1 level(s)).
[NFO] [Vulkan filter chain]: Creating framebuffer 3840x2160 (max 1 level(s)).
[NFO] [Vulkan filter chain]: Creating framebuffer 3840x2160 (max 1 level(s)).
[NFO] [Vulkan filter chain]: Creating framebuffer 512x512 (max 1 level(s)).
[NFO] [Vulkan filter chain]: Creating framebuffer 512x512 (max 1 level(s)).
[NFO] [Vulkan filter chain]: Creating framebuffer 512x512 (max 1 level(s)).
[NFO] [Vulkan filter chain]: Creating framebuffer 512x512 (max 1 level(s)).
[NFO] [Vulkan filter chain]: Using framebuffer feedback for pass #3.
[NFO] [Vulkan filter chain]: Creating framebuffer 512x512 (max 1 level(s)).
[NFO] [Vulkan filter chain]: Using framebuffer feedback for pass #4.
[NFO] [Vulkan filter chain]: Creating framebuffer 512x512 (max 4294967295 level(s)).
[NFO] [Vulkan filter chain]: Using framebuffer feedback for pass #8.
[NFO] [Vulkan filter chain]: Creating framebuffer 512x512 (max 1 level(s)).
[NFO] [Vulkan filter chain]: Using framebuffer feedback for pass #13.
[NFO] [Vulkan filter chain]: Creating framebuffer 3840x2160 (max 1 level(s)).
[NFO] [Vulkan filter chain]: Using framebuffer feedback for pass #21.
[NFO] [Vulkan filter chain]: Creating framebuffer 3840x2160 (max 1 level(s)).
[NFO] [Vulkan filter chain]: Using framebuffer feedback for pass #22.
[NFO] [Vulkan filter chain]: Creating framebuffer 3840x2160 (max 4294967295 level(s)).
[NFO] [Vulkan filter chain]: Using framebuffer feedback for pass #23.
[NFO] [Vulkan filter chain]: Creating framebuffer 3840x2160 (max 1 level(s)).
[NFO] [Vulkan filter chain]: Using framebuffer feedback for pass #29.
[NFO] [Vulkan filter chain]: Creating framebuffer 3840x2160 (max 1 level(s)).
[NFO] [Vulkan filter chain]: Using framebuffer feedback for pass #30.
[NFO] [Environ]: SET_INPUT_DESCRIPTORS:
[NFO] [X/Vulkan]: Resized fullscreen resolution to 3840x2160.
[NFO] [Vulkan filter chain]: Creating framebuffer 512x512 (max 1 level(s)).
[NFO] [Vulkan filter chain]: Creating framebuffer 512x512 (max 1 level(s)).
[NFO] [Vulkan filter chain]: Creating framebuffer 512x512 (max 1 level(s)).
[NFO] [Vulkan filter chain]: Creating framebuffer 512x512 (max 1 level(s)).
[NFO] [Vulkan filter chain]: Creating framebuffer 512x512 (max 1 level(s)).
[NFO] [Vulkan filter chain]: Creating framebuffer 512x512 (max 1 level(s)).
[NFO] [Vulkan filter chain]: Creating framebuffer 512x512 (max 1 level(s)).
[NFO] [Vulkan filter chain]: Creating framebuffer 512x512 (max 1 level(s)).
[NFO] [Vulkan filter chain]: Creating framebuffer 512x512 (max 4294967295 level(s)).
[NFO] [Vulkan filter chain]: Creating framebuffer 512x512 (max 1 level(s)).
[NFO] [Vulkan filter chain]: Creating framebuffer 512x512 (max 1 level(s)).
[NFO] [Vulkan filter chain]: Creating framebuffer 512x512 (max 4294967295 level(s)).
[NFO] [Vulkan filter chain]: Creating framebuffer 512x512 (max 4294967295 level(s)).
[NFO] [Vulkan filter chain]: Creating framebuffer 512x512 (max 1 level(s)).
[NFO] [Vulkan filter chain]: Creating framebuffer 512x512 (max 1 level(s)).
[NFO] [Vulkan filter chain]: Creating framebuffer 800x512 (max 1 level(s)).
[NFO] [Vulkan filter chain]: Creating framebuffer 800x600 (max 1 level(s)).
[NFO] [Vulkan filter chain]: Creating framebuffer 800x600 (max 1 level(s)).
[NFO] [Vulkan filter chain]: Creating framebuffer 800x600 (max 1 level(s)).
[NFO] [Vulkan filter chain]: Creating framebuffer 3840x2160 (max 1 level(s)).
[NFO] [Vulkan filter chain]: Creating framebuffer 3840x2160 (max 4294967295 level(s)).
[NFO] [Vulkan filter chain]: Creating framebuffer 3840x2160 (max 1 level(s)).
[NFO] [Vulkan filter chain]: Creating framebuffer 3840x2160 (max 1 level(s)).
[NFO] [Vulkan filter chain]: Creating framebuffer 3840x2160 (max 4294967295 level(s)).
[NFO] [Vulkan filter chain]: Creating framebuffer 800x600 (max 4294967295 level(s)).
[NFO] [Vulkan filter chain]: Creating framebuffer 800x600 (max 1 level(s)).
[NFO] [Vulkan filter chain]: Creating framebuffer 800x600 (max 4294967295 level(s)).
[NFO] [Vulkan filter chain]: Creating framebuffer 128x128 (max 4294967295 level(s)).
[NFO] [Vulkan filter chain]: Creating framebuffer 12x12 (max 1 level(s)).
[NFO] [Vulkan filter chain]: Creating framebuffer 3840x2160 (max 1 level(s)).
[NFO] [Vulkan filter chain]: Creating framebuffer 3840x2160 (max 1 level(s)).
[NFO] [Vulkan filter chain]: Creating framebuffer 512x512 (max 1 level(s)).
[NFO] [Vulkan filter chain]: Creating framebuffer 512x512 (max 1 level(s)).
[NFO] [Vulkan filter chain]: Creating framebuffer 512x512 (max 1 level(s)).
[NFO] [Vulkan filter chain]: Creating framebuffer 512x512 (max 1 level(s)).
[NFO] [Vulkan filter chain]: Using framebuffer feedback for pass #3.
[NFO] [Vulkan filter chain]: Creating framebuffer 512x512 (max 1 level(s)).
[NFO] [Vulkan filter chain]: Using framebuffer feedback for pass #4.
[NFO] [Vulkan filter chain]: Creating framebuffer 512x512 (max 4294967295 level(s)).
[NFO] [Vulkan filter chain]: Using framebuffer feedback for pass #8.
[NFO] [Vulkan filter chain]: Creating framebuffer 512x512 (max 1 level(s)).
[NFO] [Vulkan filter chain]: Using framebuffer feedback for pass #13.
[NFO] [Vulkan filter chain]: Creating framebuffer 3840x2160 (max 1 level(s)).
[NFO] [Vulkan filter chain]: Using framebuffer feedback for pass #21.
[NFO] [Vulkan filter chain]: Creating framebuffer 3840x2160 (max 1 level(s)).
[NFO] [Vulkan filter chain]: Using framebuffer feedback for pass #22.
[NFO] [Vulkan filter chain]: Creating framebuffer 3840x2160 (max 4294967295 level(s)).
[NFO] [Vulkan filter chain]: Using framebuffer feedback for pass #23.
[NFO] [Vulkan filter chain]: Creating framebuffer 3840x2160 (max 1 level(s)).
[NFO] [Vulkan filter chain]: Using framebuffer feedback for pass #29.
[NFO] [Vulkan filter chain]: Creating framebuffer 3840x2160 (max 1 level(s)).
[NFO] [Vulkan filter chain]: Using framebuffer feedback for pass #30.
[NFO] [Vulkan filter chain]: Updating framebuffer size 384x224 (format: 37).
[NFO] [Vulkan filter chain]: Updating framebuffer size 384x224 (format: 43).
[NFO] [Vulkan filter chain]: Updating framebuffer size 384x224 (format: 43).
[NFO] [Vulkan filter chain]: Updating framebuffer size 384x224 (format: 109).
[NFO] [Vulkan filter chain]: Updating framebuffer size 384x224 (format: 97).
[NFO] [Vulkan filter chain]: Updating framebuffer size 384x224 (format: 97).
[NFO] [Vulkan filter chain]: Updating framebuffer size 384x224 (format: 37).
[NFO] [Vulkan filter chain]: Updating framebuffer size 384x224 (format: 37).
[NFO] [Vulkan filter chain]: Updating framebuffer size 384x224 (format: 37).
[NFO] [Vulkan filter chain]: Updating framebuffer size 384x224 (format: 37).
[NFO] [Vulkan filter chain]: Updating framebuffer size 384x224 (format: 37).
[NFO] [Vulkan filter chain]: Updating framebuffer size 384x224 (format: 37).
[NFO] [Vulkan filter chain]: Updating framebuffer size 384x224 (format: 37).
[NFO] [Vulkan filter chain]: Updating framebuffer size 384x224 (format: 37).
[NFO] [Vulkan filter chain]: Updating framebuffer size 384x224 (format: 97).
[NFO] [Vulkan filter chain]: Updating framebuffer size 800x224 (format: 97).
[NFO] [Vulkan filter chain]: Updating framebuffer size 384x224 (format: 44).
[NFO] [Vulkan filter chain]: Updating framebuffer size 384x224 (format: 109).
[NFO] [Vulkan filter chain]: Updating framebuffer size 384x224 (format: 97).
[NFO] [Vulkan filter chain]: Updating framebuffer size 384x224 (format: 37).
[NFO] [Vulkan filter chain]: Updating framebuffer size 384x224 (format: 37).
[NFO] [Vulkan filter chain]: Updating framebuffer size 384x224 (format: 44).
[NFO] [Vulkan filter chain]: Updating framebuffer size 384x224 (format: 44).
[NFO] [XINERAMA]: Xinerama version: 1.1.
[NFO] [XINERAMA]: Xinerama screens: 1.
[NFO] [XINERAMA]: Saved monitor #0.
[NFO] [Video]: Does not have enough samples for monitor refresh rate estimation. Requires to run for at least 4096 frames.
[NFO] [Audio]: Set audio input rate to: 48300.00 Hz.
[NFO] [Video]: Set video size to: 2560x1440.
[ERR] [Wayland]: Failed to connect to Wayland server.
[NFO] [Vulkan]: Vulkan dynamic library loaded.
[NFO] [Vulkan]: Found vulkan context: "vk_x".
[NFO] [Vulkan]: Detecting screen resolution: 3840x2160.
[NFO] [X/Vulkan]: X = 0, Y = 0, W = 2560, H = 1440.
[NFO] [Vulkan]: Found GPU at index 0: "NVIDIA GeForce RTX 2060".
[NFO] [Vulkan]: Using GPU index 0.
[NFO] [Vulkan]: Using fences for WSI acquire.
[NFO] [Vulkan]: Using GPU: "NVIDIA GeForce RTX 2060".
[NFO] [Vulkan]: Queue family 0 supports 16 sub-queues.
[NFO] [Vulkan]: Got 3 swapchain images.
[NFO] [Vulkan]: Using resolution 2560x1440.
[NFO] [Vulkan]: Using BGRA8888 format.
[NFO] [slang]: Compiling shader: "/home/willian/.config/retroarch/shaders/shaders_slang/bezel/Mega_Bezel/shaders/base/add-params-all.slang".
[NFO] [slang]: Using render target format R8G8B8A8_UNORM for pass output #0.
[NFO] [slang]: Compiling shader: "/home/willian/.config/retroarch/shaders/shaders_slang/bezel/Mega_Bezel/shaders/base/stock.slang".
[NFO] [slang]: Using render target format R8G8B8A8_SRGB for pass output #1.
[NFO] [slang]: Compiling shader: "/home/willian/.config/retroarch/shaders/shaders_slang/bezel/Mega_Bezel/shaders/base/add-negative-crop-area.slang".
[NFO] [slang]: Using render target format R8G8B8A8_SRGB for pass output #2.
[NFO] [slang]: Compiling shader: "/home/willian/.config/retroarch/shaders/shaders_slang/bezel/Mega_Bezel/shaders/base/cache-info-all-params.slang".
[NFO] [slang]: Using render target format R32G32B32A32_SFLOAT for pass output #3.
[NFO] [slang]: Compiling shader: "/home/willian/.config/retroarch/shaders/shaders_slang/bezel/Mega_Bezel/shaders/base/text-std.slang".
[NFO] [slang]: Using render target format R16G16B16A16_SFLOAT for pass output #4.
[NFO] [slang]: Compiling shader: "/home/willian/.config/retroarch/shaders/shaders_slang/bezel/Mega_Bezel/shaders/base/intro.slang".
[NFO] [slang]: Using render target format R16G16B16A16_SFLOAT for pass output #5.
[NFO] [slang]: Compiling shader: "/home/willian/.config/retroarch/shaders/shaders_slang/bezel/Mega_Bezel/shaders/base/stock.slang".
[NFO] [slang]: Using render target format R8G8B8A8_UNORM for pass output #6.
[NFO] [slang]: Compiling shader: "/home/willian/.config/retroarch/shaders/shaders_slang/bezel/Mega_Bezel/shaders/base/stock.slang".
[NFO] [slang]: Using render target format R8G8B8A8_UNORM for pass output #7.
[NFO] [slang]: Compiling shader: "/home/willian/.config/retroarch/shaders/shaders_slang/bezel/Mega_Bezel/shaders/guest/hsm-afterglow0.slang".
[NFO] [slang]: Using render target format R8G8B8A8_UNORM for pass output #8.
[NFO] [slang]: Compiling shader: "/home/willian/.config/retroarch/shaders/shaders_slang/bezel/Mega_Bezel/shaders/guest/hsm-pre-shaders-afterglow.slang".
[NFO] [slang]: Using render target format R8G8B8A8_UNORM for pass output #9.
[NFO] [slang]: Compiling shader: "/home/willian/.config/retroarch/shaders/shaders_slang/bezel/Mega_Bezel/shaders/dogway/hsm-grade.slang".
[NFO] [slang]: Using render target format R8G8B8A8_UNORM for pass output #10.
[NFO] [slang]: Compiling shader: "/home/willian/.config/retroarch/shaders/shaders_slang/bezel/Mega_Bezel/shaders/guest/hsm-custom-fast-sharpen.slang".
[NFO] [slang]: Using render target format R8G8B8A8_UNORM for pass output #11.
[NFO] [slang]: Compiling shader: "/home/willian/.config/retroarch/shaders/shaders_slang/bezel/Mega_Bezel/shaders/base/stock.slang".
[NFO] [slang]: Using render target format R8G8B8A8_UNORM for pass output #12.
[NFO] [slang]: Compiling shader: "/home/willian/.config/retroarch/shaders/shaders_slang/bezel/Mega_Bezel/shaders/guest/hsm-avg-lum.slang".
[NFO] [slang]: Using render target format R8G8B8A8_UNORM for pass output #13.
[NFO] [slang]: Compiling shader: "/home/willian/.config/retroarch/shaders/shaders_slang/bezel/Mega_Bezel/shaders/guest/hsm-interlace-and-linearize.slang".
[NFO] [slang]: Using render target format R16G16B16A16_SFLOAT for pass output #14.
[NFO] [slang]: Compiling shader: "/home/willian/.config/retroarch/shaders/shaders_slang/bezel/Mega_Bezel/shaders/guest/hsm-gaussian_horizontal.slang".
[NFO] [slang]: Using render target format R16G16B16A16_SFLOAT for pass output #15.
[NFO] [slang]: Compiling shader: "/home/willian/.config/retroarch/shaders/shaders_slang/bezel/Mega_Bezel/shaders/guest/hsm-gaussian_vertical.slang".
[NFO] [slang]: Using render target format R16G16B16A16_SFLOAT for pass output #16.
[NFO] [slang]: Compiling shader: "/home/willian/.config/retroarch/shaders/shaders_slang/bezel/Mega_Bezel/shaders/guest/hsm-bloom_horizontal.slang".
[NFO] [slang]: Using render target format R16G16B16A16_SFLOAT for pass output #17.
[NFO] [slang]: Compiling shader: "/home/willian/.config/retroarch/shaders/shaders_slang/bezel/Mega_Bezel/shaders/guest/hsm-bloom_vertical.slang".
[NFO] [slang]: Using render target format R16G16B16A16_SFLOAT for pass output #18.
[NFO] [slang]: Compiling shader: "/home/willian/.config/retroarch/shaders/shaders_slang/bezel/Mega_Bezel/shaders/guest/hsm-crt-guest-advanced.slang".
[NFO] [slang]: Using render target format R16G16B16A16_SFLOAT for pass output #19.
[NFO] [slang]: Compiling shader: "/home/willian/.config/retroarch/shaders/shaders_slang/bezel/Mega_Bezel/shaders/guest/hsm-deconvergence.slang".
[NFO] [slang]: Using render target format R16G16B16A16_SFLOAT for pass output #20.
[NFO] [slang]: Compiling shader: "/home/willian/.config/retroarch/shaders/shaders_slang/bezel/Mega_Bezel/shaders/base/post-crt-prep-image-layers.slang".
[NFO] [slang]: Using render target format R16G16B16A16_SFLOAT for pass output #21.
[NFO] [slang]: Compiling shader: "/home/willian/.config/retroarch/shaders/shaders_slang/bezel/Mega_Bezel/shaders/base/bezel-images-under-crt.slang".
[NFO] [slang]: Using render target format R16G16B16A16_SFLOAT for pass output #22.
[NFO] [slang]: Compiling shader: "/home/willian/.config/retroarch/shaders/shaders_slang/bezel/Mega_Bezel/shaders/base/bezel-images-over-crt.slang".
[NFO] [slang]: Using render target format R16G16B16A16_SFLOAT for pass output #23.
[NFO] [slang]: Compiling shader: "/home/willian/.config/retroarch/shaders/shaders_slang/bezel/Mega_Bezel/shaders/base/linearize-crt.slang".
[NFO] [slang]: Using render target format R16G16B16A16_SFLOAT for pass output #24.
[NFO] [slang]: Compiling shader: "/home/willian/.config/retroarch/shaders/shaders_slang/bezel/Mega_Bezel/shaders/base/blur-outside-screen-horiz.slang".
[NFO] [slang]: Using render target format R8G8B8A8_UNORM for pass output #25.
[NFO] [slang]: Compiling shader: "/home/willian/.config/retroarch/shaders/shaders_slang/bezel/Mega_Bezel/shaders/base/blur-outside-screen-vert.slang".
[NFO] [slang]: Using render target format R8G8B8A8_UNORM for pass output #26.
[NFO] [slang]: Compiling shader: "/home/willian/.config/retroarch/shaders/shaders_slang/blurs/shaders/royale/blur9x9.slang".
[NFO] [slang]: Using render target format R16G16B16A16_SFLOAT for pass output #27.
[NFO] [slang]: Compiling shader: "/home/willian/.config/retroarch/shaders/shaders_slang/blurs/shaders/royale/blur9x9.slang".
[NFO] [slang]: Using render target format R16G16B16A16_SFLOAT for pass output #28.
[NFO] [slang]: Compiling shader: "/home/willian/.config/retroarch/shaders/shaders_slang/bezel/Mega_Bezel/shaders/base/reflection.slang".
[NFO] [slang]: Using render target format R16G16B16A16_SFLOAT for pass output #29.
[NFO] [slang]: Compiling shader: "/home/willian/.config/retroarch/shaders/shaders_slang/bezel/Mega_Bezel/shaders/base/combine-passes.slang".
[NFO] [slang]: Using render target format R8G8B8A8_UNORM for pass output #30.
[NFO] [Vulkan filter chain]: Creating framebuffer 512x512 (max 1 level(s)).
[NFO] [Vulkan filter chain]: Creating framebuffer 512x512 (max 1 level(s)).
[NFO] [Vulkan filter chain]: Creating framebuffer 512x512 (max 1 level(s)).
[NFO] [Vulkan filter chain]: Creating framebuffer 512x512 (max 1 level(s)).
[NFO] [Vulkan filter chain]: Creating framebuffer 512x512 (max 1 level(s)).
[NFO] [Vulkan filter chain]: Creating framebuffer 512x512 (max 1 level(s)).
[NFO] [Vulkan filter chain]: Creating framebuffer 512x512 (max 1 level(s)).
[NFO] [Vulkan filter chain]: Creating framebuffer 512x512 (max 1 level(s)).
[NFO] [Vulkan filter chain]: Creating framebuffer 512x512 (max 4294967295 level(s)).
[NFO] [Vulkan filter chain]: Creating framebuffer 512x512 (max 1 level(s)).
[NFO] [Vulkan filter chain]: Creating framebuffer 512x512 (max 1 level(s)).
[NFO] [Vulkan filter chain]: Creating framebuffer 512x512 (max 4294967295 level(s)).
[NFO] [Vulkan filter chain]: Creating framebuffer 512x512 (max 4294967295 level(s)).
[NFO] [Vulkan filter chain]: Creating framebuffer 512x512 (max 1 level(s)).
[NFO] [Vulkan filter chain]: Creating framebuffer 512x512 (max 1 level(s)).
[NFO] [Vulkan filter chain]: Creating framebuffer 800x512 (max 1 level(s)).
[NFO] [Vulkan filter chain]: Creating framebuffer 800x600 (max 1 level(s)).
[NFO] [Vulkan filter chain]: Creating framebuffer 800x600 (max 1 level(s)).
[NFO] [Vulkan filter chain]: Creating framebuffer 800x600 (max 1 level(s)).
[NFO] [Vulkan filter chain]: Creating framebuffer 2560x1440 (max 1 level(s)).
[NFO] [Vulkan filter chain]: Creating framebuffer 2560x1440 (max 4294967295 level(s)).
[NFO] [Vulkan filter chain]: Creating framebuffer 2560x1440 (max 1 level(s)).
[NFO] [Vulkan filter chain]: Creating framebuffer 2560x1440 (max 1 level(s)).
[NFO] [Vulkan filter chain]: Creating framebuffer 2560x1440 (max 4294967295 level(s)).
[NFO] [Vulkan filter chain]: Creating framebuffer 800x600 (max 4294967295 level(s)).
[NFO] [Vulkan filter chain]: Creating framebuffer 800x600 (max 1 level(s)).
[NFO] [Vulkan filter chain]: Creating framebuffer 800x600 (max 4294967295 level(s)).
[NFO] [Vulkan filter chain]: Creating framebuffer 128x128 (max 4294967295 level(s)).
[NFO] [Vulkan filter chain]: Creating framebuffer 12x12 (max 1 level(s)).
[NFO] [Vulkan filter chain]: Creating framebuffer 2560x1440 (max 1 level(s)).
[NFO] [Vulkan filter chain]: Creating framebuffer 2560x1440 (max 1 level(s)).
[NFO] [Vulkan filter chain]: Creating framebuffer 512x512 (max 1 level(s)).
[NFO] [Vulkan filter chain]: Creating framebuffer 512x512 (max 1 level(s)).
[NFO] [Vulkan filter chain]: Creating framebuffer 512x512 (max 1 level(s)).
[NFO] [Vulkan filter chain]: Creating framebuffer 512x512 (max 1 level(s)).
[NFO] [Vulkan filter chain]: Using framebuffer feedback for pass #3.
[NFO] [Vulkan filter chain]: Creating framebuffer 512x512 (max 1 level(s)).
[NFO] [Vulkan filter chain]: Using framebuffer feedback for pass #4.
[NFO] [Vulkan filter chain]: Creating framebuffer 512x512 (max 4294967295 level(s)).
[NFO] [Vulkan filter chain]: Using framebuffer feedback for pass #8.
[NFO] [Vulkan filter chain]: Creating framebuffer 512x512 (max 1 level(s)).
[NFO] [Vulkan filter chain]: Using framebuffer feedback for pass #13.
[NFO] [Vulkan filter chain]: Creating framebuffer 2560x1440 (max 1 level(s)).
[NFO] [Vulkan filter chain]: Using framebuffer feedback for pass #21.
[NFO] [Vulkan filter chain]: Creating framebuffer 2560x1440 (max 1 level(s)).
[NFO] [Vulkan filter chain]: Using framebuffer feedback for pass #22.
[NFO] [Vulkan filter chain]: Creating framebuffer 2560x1440 (max 4294967295 level(s)).
[NFO] [Vulkan filter chain]: Using framebuffer feedback for pass #23.
[NFO] [Vulkan filter chain]: Creating framebuffer 2560x1440 (max 1 level(s)).
[NFO] [Vulkan filter chain]: Using framebuffer feedback for pass #29.
[NFO] [Vulkan filter chain]: Creating framebuffer 2560x1440 (max 1 level(s)).
[NFO] [Vulkan filter chain]: Using framebuffer feedback for pass #30.
[NFO] [udev]: Pad #0 (/dev/input/event3) supports force feedback.
[NFO] [udev]: Pad #0 (/dev/input/event3) supports 16 force feedback effects.
[NFO] [Joypad]: Found joypad driver: "udev".
[NFO] [X11]: Suspending screensaver (X11, xdg-screensaver).
[NFO] [Video]: Found display server: "x11".
[NFO] [PulseAudio]: Requested 24576 bytes buffer, got 18432.
[NFO] [Audio]: Started synchronous audio driver.
[NFO] [ALSA] Using ALSA version 1.2.10
[NFO] [Microphone]: Initialized microphone driver.
[NFO] [Display]: Found display driver: "vulkan".
[NFO] [Environ]: SET_SUBSYSTEM_INFO.
[NFO] [Input]: Game Focus => OFF
[NFO] [Vulkan filter chain]: Updating framebuffer size 384x224 (format: 37).
[NFO] [Vulkan filter chain]: Updating framebuffer size 384x224 (format: 43).
[NFO] [Vulkan filter chain]: Updating framebuffer size 384x224 (format: 43).
[NFO] [Vulkan filter chain]: Updating framebuffer size 384x224 (format: 109).
[NFO] [Vulkan filter chain]: Updating framebuffer size 384x224 (format: 97).
[NFO] [Vulkan filter chain]: Updating framebuffer size 384x224 (format: 97).
[NFO] [Vulkan filter chain]: Updating framebuffer size 384x224 (format: 37).
[NFO] [Vulkan filter chain]: Updating framebuffer size 384x224 (format: 37).
[NFO] [Vulkan filter chain]: Updating framebuffer size 384x224 (format: 37).
[NFO] [Vulkan filter chain]: Updating framebuffer size 384x224 (format: 37).
[NFO] [Vulkan filter chain]: Updating framebuffer size 384x224 (format: 37).
[NFO] [Vulkan filter chain]: Updating framebuffer size 384x224 (format: 37).
[NFO] [Vulkan filter chain]: Updating framebuffer size 384x224 (format: 37).
[NFO] [Vulkan filter chain]: Updating framebuffer size 384x224 (format: 37).
[NFO] [Vulkan filter chain]: Updating framebuffer size 384x224 (format: 97).
[NFO] [Vulkan filter chain]: Updating framebuffer size 800x224 (format: 97).
[NFO] [Vulkan filter chain]: Updating framebuffer size 384x224 (format: 44).
[NFO] [Vulkan]: QueuePresent failed, destroying swapchain.
[NFO] [Vulkan]: Got 3 swapchain images.
[NFO] [Vulkan filter chain]: Creating framebuffer 512x512 (max 1 level(s)).
[NFO] [Vulkan filter chain]: Creating framebuffer 512x512 (max 1 level(s)).
[NFO] [Vulkan filter chain]: Creating framebuffer 512x512 (max 1 level(s)).
[NFO] [Vulkan filter chain]: Creating framebuffer 512x512 (max 1 level(s)).
[NFO] [Vulkan filter chain]: Creating framebuffer 512x512 (max 1 level(s)).
[NFO] [Vulkan filter chain]: Creating framebuffer 512x512 (max 1 level(s)).
[NFO] [Vulkan filter chain]: Creating framebuffer 512x512 (max 1 level(s)).
[NFO] [Vulkan filter chain]: Creating framebuffer 512x512 (max 1 level(s)).
[NFO] [Vulkan filter chain]: Creating framebuffer 512x512 (max 4294967295 level(s)).
[NFO] [Vulkan filter chain]: Creating framebuffer 512x512 (max 1 level(s)).
[NFO] [Vulkan filter chain]: Creating framebuffer 512x512 (max 1 level(s)).
[NFO] [Vulkan filter chain]: Creating framebuffer 512x512 (max 4294967295 level(s)).
[NFO] [Vulkan filter chain]: Creating framebuffer 512x512 (max 4294967295 level(s)).
[NFO] [Vulkan filter chain]: Creating framebuffer 512x512 (max 1 level(s)).
[NFO] [Vulkan filter chain]: Creating framebuffer 512x512 (max 1 level(s)).
[NFO] [Vulkan filter chain]: Creating framebuffer 800x512 (max 1 level(s)).
[NFO] [Vulkan filter chain]: Creating framebuffer 800x600 (max 1 level(s)).
[NFO] [Vulkan filter chain]: Creating framebuffer 800x600 (max 1 level(s)).
[NFO] [Vulkan filter chain]: Creating framebuffer 800x600 (max 1 level(s)).
[NFO] [Vulkan filter chain]: Creating framebuffer 2560x1440 (max 1 level(s)).
[NFO] [Vulkan filter chain]: Creating framebuffer 2560x1440 (max 4294967295 level(s)).
[NFO] [Vulkan filter chain]: Creating framebuffer 2560x1440 (max 1 level(s)).
[NFO] [Vulkan filter chain]: Creating framebuffer 2560x1440 (max 1 level(s)).
[NFO] [Vulkan filter chain]: Creating framebuffer 2560x1440 (max 4294967295 level(s)).
[NFO] [Vulkan filter chain]: Creating framebuffer 800x600 (max 4294967295 level(s)).
[NFO] [Vulkan filter chain]: Creating framebuffer 800x600 (max 1 level(s)).
[NFO] [Vulkan filter chain]: Creating framebuffer 800x600 (max 4294967295 level(s)).
[NFO] [Vulkan filter chain]: Creating framebuffer 128x128 (max 4294967295 level(s)).
[NFO] [Vulkan filter chain]: Creating framebuffer 12x12 (max 1 level(s)).
[NFO] [Vulkan filter chain]: Creating framebuffer 2560x1440 (max 1 level(s)).
[NFO] [Vulkan filter chain]: Creating framebuffer 2560x1440 (max 1 level(s)).
[NFO] [Vulkan filter chain]: Creating framebuffer 512x512 (max 1 level(s)).
[NFO] [Vulkan filter chain]: Creating framebuffer 512x512 (max 1 level(s)).
[NFO] [Vulkan filter chain]: Creating framebuffer 512x512 (max 1 level(s)).
[NFO] [Vulkan filter chain]: Creating framebuffer 512x512 (max 1 level(s)).
[NFO] [Vulkan filter chain]: Using framebuffer feedback for pass #3.
[NFO] [Vulkan filter chain]: Creating framebuffer 512x512 (max 1 level(s)).
[NFO] [Vulkan filter chain]: Using framebuffer feedback for pass #4.
[NFO] [Vulkan filter chain]: Creating framebuffer 512x512 (max 4294967295 level(s)).
[NFO] [Vulkan filter chain]: Using framebuffer feedback for pass #8.
[NFO] [Vulkan filter chain]: Creating framebuffer 512x512 (max 1 level(s)).
[NFO] [Vulkan filter chain]: Using framebuffer feedback for pass #13.
[NFO] [Vulkan filter chain]: Creating framebuffer 2560x1440 (max 1 level(s)).
[NFO] [Vulkan filter chain]: Using framebuffer feedback for pass #21.
[NFO] [Vulkan filter chain]: Creating framebuffer 2560x1440 (max 1 level(s)).
[NFO] [Vulkan filter chain]: Using framebuffer feedback for pass #22.
[NFO] [Vulkan filter chain]: Creating framebuffer 2560x1440 (max 4294967295 level(s)).
[NFO] [Vulkan filter chain]: Using framebuffer feedback for pass #23.
[NFO] [Vulkan filter chain]: Creating framebuffer 2560x1440 (max 1 level(s)).
[NFO] [Vulkan filter chain]: Using framebuffer feedback for pass #29.
[NFO] [Vulkan filter chain]: Creating framebuffer 2560x1440 (max 1 level(s)).
[NFO] [Vulkan filter chain]: Using framebuffer feedback for pass #30.
[NFO] [Vulkan filter chain]: Updating framebuffer size 384x224 (format: 37).
[NFO] [Vulkan filter chain]: Updating framebuffer size 384x224 (format: 43).
[NFO] [Vulkan filter chain]: Updating framebuffer size 384x224 (format: 43).
[NFO] [Vulkan filter chain]: Updating framebuffer size 384x224 (format: 109).
[NFO] [Vulkan filter chain]: Updating framebuffer size 384x224 (format: 97).
[NFO] [Vulkan filter chain]: Updating framebuffer size 384x224 (format: 97).
[NFO] [Vulkan filter chain]: Updating framebuffer size 384x224 (format: 37).
[NFO] [Vulkan filter chain]: Updating framebuffer size 384x224 (format: 37).
[NFO] [Vulkan filter chain]: Updating framebuffer size 384x224 (format: 37).
[NFO] [Vulkan filter chain]: Updating framebuffer size 384x224 (format: 37).
[NFO] [Vulkan filter chain]: Updating framebuffer size 384x224 (format: 37).
[NFO] [Vulkan filter chain]: Updating framebuffer size 384x224 (format: 37).
[NFO] [Vulkan filter chain]: Updating framebuffer size 384x224 (format: 37).
[NFO] [Vulkan filter chain]: Updating framebuffer size 384x224 (format: 37).
[NFO] [Vulkan filter chain]: Updating framebuffer size 384x224 (format: 97).
[NFO] [Vulkan filter chain]: Updating framebuffer size 800x224 (format: 97).
[NFO] [Vulkan filter chain]: Updating framebuffer size 3840x2040 (format: 97).
[NFO] [Vulkan filter chain]: Updating framebuffer size 3840x2040 (format: 97).
[NFO] [Vulkan filter chain]: Updating framebuffer size 3840x2040 (format: 97).
[NFO] [Vulkan filter chain]: Updating framebuffer size 3840x2040 (format: 97).
[NFO] [Vulkan filter chain]: Updating framebuffer size 3840x2040 (format: 97).
[NFO] [Vulkan filter chain]: Updating framebuffer size 3840x2040 (format: 97).
[NFO] [Vulkan filter chain]: Updating framebuffer size 3840x2040 (format: 37).
[NFO] [Vulkan filter chain]: Updating framebuffer size 384x224 (format: 44).
[NFO] [Vulkan filter chain]: Creating framebuffer 512x512 (max 1 level(s)).
[NFO] [Vulkan filter chain]: Creating framebuffer 512x512 (max 1 level(s)).
[NFO] [Vulkan filter chain]: Creating framebuffer 512x512 (max 1 level(s)).
[NFO] [Vulkan filter chain]: Creating framebuffer 512x512 (max 1 level(s)).
[NFO] [Vulkan filter chain]: Creating framebuffer 512x512 (max 1 level(s)).
[NFO] [Vulkan filter chain]: Creating framebuffer 512x512 (max 1 level(s)).
[NFO] [Vulkan filter chain]: Creating framebuffer 512x512 (max 1 level(s)).
[NFO] [Vulkan filter chain]: Creating framebuffer 512x512 (max 1 level(s)).
[NFO] [Vulkan filter chain]: Creating framebuffer 512x512 (max 4294967295 level(s)).
[NFO] [Vulkan filter chain]: Creating framebuffer 512x512 (max 1 level(s)).
[NFO] [Vulkan filter chain]: Creating framebuffer 512x512 (max 1 level(s)).
[NFO] [Vulkan filter chain]: Creating framebuffer 512x512 (max 4294967295 level(s)).
[NFO] [Vulkan filter chain]: Creating framebuffer 512x512 (max 4294967295 level(s)).
[NFO] [Vulkan filter chain]: Creating framebuffer 512x512 (max 1 level(s)).
[NFO] [Vulkan filter chain]: Creating framebuffer 512x512 (max 1 level(s)).
[NFO] [Vulkan filter chain]: Creating framebuffer 800x512 (max 1 level(s)).
[NFO] [Vulkan filter chain]: Creating framebuffer 800x600 (max 1 level(s)).
[NFO] [Vulkan filter chain]: Creating framebuffer 800x600 (max 1 level(s)).
[NFO] [Vulkan filter chain]: Creating framebuffer 800x600 (max 1 level(s)).
[NFO] [Vulkan filter chain]: Creating framebuffer 3840x2040 (max 1 level(s)).
[NFO] [Vulkan filter chain]: Creating framebuffer 3840x2040 (max 4294967295 level(s)).
[NFO] [Vulkan filter chain]: Creating framebuffer 3840x2040 (max 1 level(s)).
[NFO] [Vulkan filter chain]: Creating framebuffer 3840x2040 (max 1 level(s)).
[NFO] [Vulkan filter chain]: Creating framebuffer 3840x2040 (max 4294967295 level(s)).
[NFO] [Vulkan filter chain]: Creating framebuffer 800x600 (max 4294967295 level(s)).
[NFO] [Vulkan filter chain]: Creating framebuffer 800x600 (max 1 level(s)).
[NFO] [Vulkan filter chain]: Creating framebuffer 800x600 (max 4294967295 level(s)).
[NFO] [Vulkan filter chain]: Creating framebuffer 128x128 (max 4294967295 level(s)).
[NFO] [Vulkan filter chain]: Creating framebuffer 12x12 (max 1 level(s)).
[NFO] [Vulkan filter chain]: Creating framebuffer 3840x2040 (max 1 level(s)).
[NFO] [Vulkan filter chain]: Creating framebuffer 3840x2040 (max 1 level(s)).
[NFO] [Vulkan filter chain]: Creating framebuffer 512x512 (max 1 level(s)).
[NFO] [Vulkan filter chain]: Creating framebuffer 512x512 (max 1 level(s)).
[NFO] [Vulkan filter chain]: Creating framebuffer 512x512 (max 1 level(s)).
[NFO] [Vulkan filter chain]: Creating framebuffer 512x512 (max 1 level(s)).
[NFO] [Vulkan filter chain]: Using framebuffer feedback for pass #3.
[NFO] [Vulkan filter chain]: Creating framebuffer 512x512 (max 1 level(s)).
[NFO] [Vulkan filter chain]: Using framebuffer feedback for pass #4.
[NFO] [Vulkan filter chain]: Creating framebuffer 512x512 (max 4294967295 level(s)).
[NFO] [Vulkan filter chain]: Using framebuffer feedback for pass #8.
[NFO] [Vulkan filter chain]: Creating framebuffer 512x512 (max 1 level(s)).
[NFO] [Vulkan filter chain]: Using framebuffer feedback for pass #13.
[NFO] [Vulkan filter chain]: Creating framebuffer 3840x2040 (max 1 level(s)).
[NFO] [Vulkan filter chain]: Using framebuffer feedback for pass #21.
[NFO] [Vulkan filter chain]: Creating framebuffer 3840x2040 (max 1 level(s)).
[NFO] [Vulkan filter chain]: Using framebuffer feedback for pass #22.
[NFO] [Vulkan filter chain]: Creating framebuffer 3840x2040 (max 4294967295 level(s)).
[NFO] [Vulkan filter chain]: Using framebuffer feedback for pass #23.
[NFO] [Vulkan filter chain]: Creating framebuffer 3840x2040 (max 1 level(s)).
[NFO] [Vulkan filter chain]: Using framebuffer feedback for pass #29.
[NFO] [Vulkan filter chain]: Creating framebuffer 3840x2040 (max 1 level(s)).
[NFO] [Vulkan filter chain]: Using framebuffer feedback for pass #30.
[NFO] [Vulkan filter chain]: Updating framebuffer size 384x224 (format: 37).
[NFO] [Vulkan filter chain]: Updating framebuffer size 384x224 (format: 43).
[NFO] [Vulkan filter chain]: Updating framebuffer size 384x224 (format: 43).
[NFO] [Vulkan filter chain]: Updating framebuffer size 384x224 (format: 109).
[NFO] [Vulkan filter chain]: Updating framebuffer size 384x224 (format: 97).
[NFO] [Vulkan filter chain]: Updating framebuffer size 384x224 (format: 97).
[NFO] [Vulkan filter chain]: Updating framebuffer size 384x224 (format: 37).
[NFO] [Vulkan filter chain]: Updating framebuffer size 384x224 (format: 37).
[NFO] [Vulkan filter chain]: Updating framebuffer size 384x224 (format: 37).
[NFO] [Vulkan filter chain]: Updating framebuffer size 384x224 (format: 37).
[NFO] [Vulkan filter chain]: Updating framebuffer size 384x224 (format: 37).
[NFO] [Vulkan filter chain]: Updating framebuffer size 384x224 (format: 37).
[NFO] [Vulkan filter chain]: Updating framebuffer size 384x224 (format: 37).
[NFO] [Vulkan filter chain]: Updating framebuffer size 384x224 (format: 37).
[NFO] [Vulkan filter chain]: Updating framebuffer size 384x224 (format: 97).
[NFO] [Vulkan filter chain]: Updating framebuffer size 800x224 (format: 97).
[NFO] [Vulkan filter chain]: Updating framebuffer size 384x224 (format: 44).
[NFO] [Vulkan filter chain]: Updating framebuffer size 384x224 (format: 109).
[NFO] [Vulkan filter chain]: Updating framebuffer size 384x224 (format: 97).
[NFO] [Vulkan filter chain]: Updating framebuffer size 384x224 (format: 37).
[NFO] [Vulkan filter chain]: Updating framebuffer size 384x224 (format: 37).
[NFO] [Vulkan filter chain]: Updating framebuffer size 384x224 (format: 44).
[NFO] [Vulkan filter chain]: Updating framebuffer size 384x224 (format: 44).
[NFO] [Config]: Loading config: "/home/willian/.config/retroarch/retroarch.cfg".
[NFO] [Overrides]: Configuration overrides unloaded, original configuration restored.
[NFO] [Core]: Content ran for a total of: 00 hours, 01 minutes, 16 seconds.
[NFO] [Runtime]: Saving runtime log file: "/home/willian/.config/retroarch/playlists/logs/FinalBurn Neo/hsf2.lrtl".
[NFO] [Core]: Unloading game..
[NFO] [PulseAudio]: Pausing.
[NFO] [Core]: Unloading core..
[NFO] [Core]: Unloading core symbols..
[NFO] [Core]: Saved core options file to "/home/willian/.config/retroarch/config/FinalBurn Neo/FinalBurn Neo.opt".
[NFO] [XINERAMA]: Xinerama version: 1.1.
[NFO] [XINERAMA]: Xinerama screens: 1.
[NFO] [XINERAMA]: Saved monitor #0.
[NFO] [Video]: Average monitor Hz: 60.211946 Hz. (18.701 % frame time deviation, based on 2048 last samples).
