[INFO] RetroArch 1.15.0 (Git 6616b807ed)
[INFO] === Build =======================================
[INFO] CPU Model Name: AMD Ryzen 7 5700X 8-Core Processor             
[INFO] Capacidades: MMX MMXEXT SSE SSE2 SSE3 SSE4 SSE4.2 AES AVX AVX2
[INFO] Built: Sep 13 2023
[INFO] Version: 1.15.0
[INFO] Git: 6616b807ed
[INFO] =================================================
[INFO] [Input]: Found input driver: "x".
[INFO] [Environ]: SET_PIXEL_FORMAT: RGB565.
[INFO] [Core]: Versão da API libretro: 1, Compilado contra a API: 1
[INFO] [Audio]: Set audio input rate to: 48000.00 Hz.
[INFO] [Video]: Set video size to: fullscreen.
[ERROR] [Wayland]: Failed to connect to Wayland server.
[INFO] [Vulkan]: Vulkan dynamic library loaded.
[INFO] [Vulkan]: Found vulkan context: "vk_x".
[INFO] [Vulkan]: Detecting screen resolution: 3840x2160.
[INFO] [XINERAMA]: Xinerama version: 1.1.
[INFO] [XINERAMA]: Xinerama screens: 1.
[INFO] [X/Vulkan]: Using Xinerama on screen #0.
[INFO] [X/Vulkan]: X = 0, Y = 0, W = 3840, H = 2160.
[INFO] [X/Vulkan]: Using windowed fullscreen.
[INFO] [Vulkan]: Found GPU at index 0: "NVIDIA GeForce RTX 2060".
[INFO] [Vulkan]: Using GPU index 0.
[INFO] [Vulkan]: Using fences for WSI acquire.
[INFO] [Vulkan]: Using GPU: "NVIDIA GeForce RTX 2060".
[INFO] [Vulkan]: Queue family 0 supports 16 sub-queues.
[INFO] [Vulkan]: Got 3 swapchain images.
[INFO] [Vulkan]: Using resolution 3840x2160.
[INFO] [Vulkan]: Using RGB565 format.
[INFO] [Vulkan]: Loading stock shader.
[INFO] [udev]: Pad #0 (/dev/input/event7) supports force feedback.
[INFO] [udev]: Pad #0 (/dev/input/event7) supports 16 force feedback effects.
[INFO] [Joypad]: Found joypad driver: "udev".
[INFO] [DBus]: Suspended screensaver via DBus.
[INFO] [Video]: Found display server: "x11".
[ERROR] [Overlay]: Failed to load image: /home/willian/.config/retroarch/overlay/NIL.png.
[INFO] [PulseAudio]: Requested 24576 bytes buffer, got 18432.
[INFO] [Display]: Found display driver: "vulkan".
[INFO] [Playlist]: Carregando o arquivo de favoritos: "/home/willian/.config/retroarch/content_favorites.lpl".
[INFO] [PulseAudio]: Pausing.
[INFO] [X/Vulkan]: Resized fullscreen resolution to 3840x2160.
[WARN] Error parsing chunk:
---snip---
{
  "version": "1.5",
  "default_core_path": "",
  "default_core_name": "",
  "label_display_mode": 0,
  "right_thumbnail_mode": 0,
  "left_thumbnail_mode": 0,
  "sort_mode": 0,
  "items": [
    {
      "path": "/home/willian/.config/retroarch/roms/Sony\ -\ Playstation\ 3/Dark\ Souls\ II\ -\ Scholar\ of\ the\ First\ Sin\ \(USA\)\ \(En\,Fr\,Es\,Pt\)/PS3_GAME/USRDIR/EBOOT.BIN",
      "label": "Dark Souls II",
      "core_path": "rpcs3 --no-gui --fullscreen",
      "core_name": "Sony - PlayStation 3 (RPCS3)",
---snip---
[WARN] Error: Invalid JSON at line 11, column 58 - invalid escaped ' '.
[INFO] [PulseAudio]: Unpausing.
[INFO] [Core]: Content ran for a total of: 00 hours, 00 minutes, 00 seconds.
[INFO] [PulseAudio]: Pausing.
[INFO] [Core]: Unloading core..
[INFO] [Core]: Unloading core symbols..
[INFO] [XINERAMA]: Xinerama version: 1.1.
[INFO] [XINERAMA]: Xinerama screens: 1.
[INFO] [XINERAMA]: Saved monitor #0.
[INFO] [Video]: Does not have enough samples for monitor refresh rate estimation. Requires to run for at least 4096 frames.
