[NFO] RetroArch 1.16.0 (Git b703cd94da)
[NFO] === Build =======================================
[NFO] CPU Model Name: AMD Ryzen 7 5700X 8-Core Processor             
[NFO] Capacidades: MMX MMXEXT SSE SSE2 SSE3 SSSE3 SSE4 SSE42 AES AVX AVX2 
[NFO] Version: 1.16.0
[NFO] Git: b703cd94da
[NFO] Built: Nov  4 2023
[NFO] =================================================
[NFO] [Input]: Found input driver: "x".
[NFO] [Environ]: SET_PIXEL_FORMAT: RGB565.
[NFO] [Core]: Versão da API libretro: 1, Compilado contra a API: 1
[NFO] [Core]: Geometry: 320x240, Aspect: 1.333, FPS: 60.00, Sample rate: 48000.00 Hz.
[NFO] [Audio]: Set audio input rate to: 48000.00 Hz.
[NFO] [Video]: Set video size to: fullscreen.
[ERR] [Wayland]: Failed to connect to Wayland server.
[NFO] [Vulkan]: Vulkan dynamic library loaded.
[NFO] [Vulkan]: Found vulkan context: "vk_x".
[NFO] [Vulkan]: Detecting screen resolution: 3840x2160.
[NFO] [XINERAMA]: Xinerama version: 1.1.
[NFO] [XINERAMA]: Xinerama screens: 1.
[NFO] [X/Vulkan]: Using Xinerama on screen #0.
[NFO] [X/Vulkan]: X = 0, Y = 0, W = 3840, H = 2160.
[NFO] [X/Vulkan]: Using windowed fullscreen.
[NFO] [Vulkan]: Found GPU at index 0: "NVIDIA GeForce RTX 2060".
[NFO] [Vulkan]: Using GPU index 0.
[NFO] [Vulkan]: Using fences for WSI acquire.
[NFO] [Vulkan]: Using GPU: "NVIDIA GeForce RTX 2060".
[NFO] [Vulkan]: Queue family 0 supports 16 sub-queues.
[NFO] [Vulkan]: Got 3 swapchain images.
[NFO] [Vulkan]: Using resolution 3840x2160.
[NFO] [Vulkan]: Using RGB565 format.
[NFO] [Vulkan]: Loading stock shader.
[NFO] [udev]: Pad #0 (/dev/input/event3) supports force feedback.
[NFO] [udev]: Pad #0 (/dev/input/event3) supports 16 force feedback effects.
[NFO] [Autoconf]: Sony Interactive Entertainment Wireless Controller configurado na porta 1.
[NFO] [Joypad]: Found joypad driver: "udev".
[NFO] [X11]: Suspending screensaver (X11, xdg-screensaver).
[NFO] [Video]: Found display server: "x11".
[NFO] [PulseAudio]: Requested 24576 bytes buffer, got 18432.
[NFO] [Audio]: Started synchronous audio driver.
[NFO] [ALSA] Using ALSA version 1.2.10
[NFO] [Microphone]: Initialized microphone driver.
[NFO] [Display]: Found display driver: "vulkan".
[NFO] [Playlist]: Carregando o arquivo de favoritos: "/home/willian/.config/retroarch/content_favorites.lpl".
[NFO] [X/Vulkan]: Resized fullscreen resolution to 3840x2160.
[ERR] [Thumbnail]: Download "/home/willian/.config/retroarch/thumbnails/The 3DO Company - 3DO/Named_Snaps/Killing Time (USA) (Rev 2).png" failed: File not found.
[ERR] [Thumbnail]: Download "/home/willian/.config/retroarch/thumbnails/The 3DO Company - 3DO/Named_Titles/Killing Time (USA) (Rev 2).png" failed: File not found.
[ERR] [Thumbnail]: Download "/home/willian/.config/retroarch/thumbnails/The 3DO Company - 3DO/Named_Boxarts/Killing Time (USA) (Rev 2).png" failed: File not found.
[NFO] [Environ]: SET_SUBSYSTEM_INFO.
[NFO] [Core]: Using content: ".config/retroarch/roms/FBNeo - Arcade Games/sfiii.zip".
[NFO] [Core]: Content ran for a total of: 00 hours, 00 minutes, 00 seconds.
[NFO] [PulseAudio]: Pausing.
[NFO] [Core]: Unloading core..
[NFO] [Core]: Unloading core symbols..
[NFO] [XINERAMA]: Xinerama version: 1.1.
[NFO] [XINERAMA]: Xinerama screens: 1.
[NFO] [XINERAMA]: Saved monitor #0.
[NFO] [Video]: Does not have enough samples for monitor refresh rate estimation. Requires to run for at least 4096 frames.
[NFO] RetroArch 1.16.0 (Git b703cd94da)
[NFO] === Build =======================================
[NFO] CPU Model Name: AMD Ryzen 7 5700X 8-Core Processor             
[NFO] Capacidades: MMX MMXEXT SSE SSE2 SSE3 SSSE3 SSE4 SSE42 AES AVX AVX2 
[NFO] Version: 1.16.0
[NFO] Git: b703cd94da
[NFO] Built: Nov  4 2023
[NFO] =================================================
[NFO] [Input]: Found input driver: "x".
[NFO] [Core]: Loading dynamic libretro core from: "/home/willian/.config/retroarch/cores/fbneo_libretro.so"
[NFO] [Overrides]: Game-specific overrides found at "/home/willian/.config/retroarch/config/FinalBurn Neo/sfiii.cfg".
[NFO] [Config]: Loading config: "/home/willian/.config/retroarch/retroarch.cfg".
[NFO] [Config]: Appending override config: "/home/willian/.config/retroarch/config/FinalBurn Neo/sfiii.cfg".
[NFO] [Overrides]: Redirecionando arquivo dados da memória do jogo em "/home/willian/.config/retroarch/saves/sfiii.srm".
[NFO] [Overrides]: Redirecionando o jogo salvo em "/home/willian/.config/retroarch/states/sfiii.state".
[NFO] [Environ]: SET_SERIALIZATION_QUIRKS.
[NFO] [Environ]: GET_LOG_INTERFACE.
[NFO] [Environ]: GET_MESSAGE_INTERFACE_VERSION.
[NFO] [Environ]: SET_AUDIO_BUFFER_STATUS_CALLBACK.
[NFO] [Content]: Carregamento de conteúdo ignorado. A implementação irá carregar por conta própria.
[NFO] [Environ]: SAVE_DIRECTORY: "/home/willian/.config/retroarch/saves".
libretro [NFO] Setting save dir to /home/willian/.config/retroarch/saves
[NFO] [Environ]: SYSTEM_DIRECTORY: "/home/willian/.config/retroarch/system".
libretro [NFO] Setting system dir to /home/willian/.config/retroarch/system
[NFO] [Environ]: SET_CONTROLLER_INFO.
libretro [NFO] Initialize DIP switches.
[NFO] [Environ]: GET_CORE_OPTIONS_VERSION.
[NFO] [Environ]: RETRO_ENVIRONMENT_SET_CORE_OPTIONS_V2.
libretro [NFO] [FBNeo] Searching all possible locations for romset sfiii
libretro [NFO] [FBNeo] No patched romset found at /home/willian/.config/retroarch/system/fbneo/patched/sfiii
libretro [NFO] [FBNeo] Romset found at .config/retroarch/roms/FBNeo - Arcade Games/sfiii
libretro [NFO] [FBNeo] No romset found at /home/willian/.config/retroarch/system/fbneo/sfiii
libretro [NFO] [FBNeo] No romset found at /home/willian/.config/retroarch/system/sfiii
libretro [NFO] [FBNeo] Using ROM with known crc 0x27699ddc and name sfiii_euro.29f400.u2 from archive .config/retroarch/roms/FBNeo - Arcade Games/sfiii
libretro [NFO] [FBNeo] Using ROM with known crc 0xcfc9e45a and name sfiii-simm1.0 from archive .config/retroarch/roms/FBNeo - Arcade Games/sfiii
libretro [NFO] [FBNeo] Using ROM with known crc 0x57920546 and name sfiii-simm1.1 from archive .config/retroarch/roms/FBNeo - Arcade Games/sfiii
libretro [NFO] [FBNeo] Using ROM with known crc 0x0d8f2680 and name sfiii-simm1.2 from archive .config/retroarch/roms/FBNeo - Arcade Games/sfiii
libretro [NFO] [FBNeo] Using ROM with known crc 0xea4ca054 and name sfiii-simm1.3 from archive .config/retroarch/roms/FBNeo - Arcade Games/sfiii
libretro [NFO] [FBNeo] Using ROM with known crc 0x080b3bd3 and name sfiii-simm3.0 from archive .config/retroarch/roms/FBNeo - Arcade Games/sfiii
libretro [NFO] [FBNeo] Using ROM with known crc 0x5c356f2f and name sfiii-simm3.1 from archive .config/retroarch/roms/FBNeo - Arcade Games/sfiii
libretro [NFO] [FBNeo] Using ROM with known crc 0xf9c97a45 and name sfiii-simm3.2 from archive .config/retroarch/roms/FBNeo - Arcade Games/sfiii
libretro [NFO] [FBNeo] Using ROM with known crc 0x09de3ead and name sfiii-simm3.3 from archive .config/retroarch/roms/FBNeo - Arcade Games/sfiii
libretro [NFO] [FBNeo] Using ROM with known crc 0x7dd7e1f3 and name sfiii-simm3.4 from archive .config/retroarch/roms/FBNeo - Arcade Games/sfiii
libretro [NFO] [FBNeo] Using ROM with known crc 0x47a03a3a and name sfiii-simm3.5 from archive .config/retroarch/roms/FBNeo - Arcade Games/sfiii
libretro [NFO] [FBNeo] Using ROM with known crc 0xe9eb7a26 and name sfiii-simm3.6 from archive .config/retroarch/roms/FBNeo - Arcade Games/sfiii
libretro [NFO] [FBNeo] Using ROM with known crc 0x7f44395c and name sfiii-simm3.7 from archive .config/retroarch/roms/FBNeo - Arcade Games/sfiii
libretro [NFO] [FBNeo] Using ROM with known crc 0x9ac080fc and name sfiii-simm4.0 from archive .config/retroarch/roms/FBNeo - Arcade Games/sfiii
libretro [NFO] [FBNeo] Using ROM with known crc 0x6e2c4c94 and name sfiii-simm4.1 from archive .config/retroarch/roms/FBNeo - Arcade Games/sfiii
libretro [NFO] [FBNeo] Using ROM with known crc 0x8afc22d4 and name sfiii-simm4.2 from archive .config/retroarch/roms/FBNeo - Arcade Games/sfiii
libretro [NFO] [FBNeo] Using ROM with known crc 0x9f3873b8 and name sfiii-simm4.3 from archive .config/retroarch/roms/FBNeo - Arcade Games/sfiii
libretro [NFO] [FBNeo] Using ROM with known crc 0x166b3c97 and name sfiii-simm4.4 from archive .config/retroarch/roms/FBNeo - Arcade Games/sfiii
libretro [NFO] [FBNeo] Using ROM with known crc 0xe5ea2547 and name sfiii-simm4.5 from archive .config/retroarch/roms/FBNeo - Arcade Games/sfiii
libretro [NFO] [FBNeo] Using ROM with known crc 0xe85b9fdd and name sfiii-simm4.6 from archive .config/retroarch/roms/FBNeo - Arcade Games/sfiii
libretro [NFO] [FBNeo] Using ROM with known crc 0x362c01b7 and name sfiii-simm4.7 from archive .config/retroarch/roms/FBNeo - Arcade Games/sfiii
libretro [NFO] [FBNeo] Using ROM with known crc 0x9bc108b2 and name sfiii-simm5.0 from archive .config/retroarch/roms/FBNeo - Arcade Games/sfiii
libretro [NFO] [FBNeo] Using ROM with known crc 0xc6f1c066 and name sfiii-simm5.1 from archive .config/retroarch/roms/FBNeo - Arcade Games/sfiii
libretro [NFO] [FBNeo] No missing files, proceeding
libretro [NFO] [FBNeo] Samplerate set to 48000
libretro [NFO] [FBNeo] Applied dipswitches from core options
libretro [NFO] [FBNeo] Initialized driver for sfiii
libretro [NFO] [FBNeo] Adjusted audio buffer to match driver's refresh rate (59.590000 Hz)
libretro [NFO] [Cheevos] System RAM set to 0x7f65fd18e810, size is 524288
libretro [NFO] [FBNeo] EEPROM successfully loaded from /home/willian/.config/retroarch/saves/fbneo/sfiii.fs
[NFO] [Environ]: SET_ROTATION: 0
[NFO] [Environ]: SET_PIXEL_FORMAT: RGB565.
libretro [NFO] [FBNeo] Driver sfiii was successfully started : game's full name is Street Fighter III: New Generation (Euro 970204)
[NFO] [Replay]: Found last replay slot: #0
[NFO] [SRAM]: Ignorando carregamento da SRAM.
[NFO] [Core]: Versão da API libretro: 1, Compilado contra a API: 1
libretro [NFO] [FBNeo] Timing set to 59.590000 Hz
[NFO] [Core]: Geometry: 384x224, Aspect: 1.333, FPS: 59.59, Sample rate: 48029.54 Hz.
[NFO] [Audio]: Set audio input rate to: 48360.00 Hz.
[NFO] [Video]: Set video size to: fullscreen.
[ERR] [Wayland]: Failed to connect to Wayland server.
[NFO] [Vulkan]: Vulkan dynamic library loaded.
[NFO] [Vulkan]: Found vulkan context: "vk_x".
[NFO] [Vulkan]: Detecting screen resolution: 3840x2160.
[NFO] [XINERAMA]: Xinerama version: 1.1.
[NFO] [XINERAMA]: Xinerama screens: 1.
[NFO] [X/Vulkan]: Using Xinerama on screen #0.
[NFO] [X/Vulkan]: X = 0, Y = 0, W = 3840, H = 2160.
[NFO] [X/Vulkan]: Using windowed fullscreen.
[NFO] [Vulkan]: Found GPU at index 0: "NVIDIA GeForce RTX 2060".
[NFO] [Vulkan]: Using GPU index 0.
[NFO] [Vulkan]: Using fences for WSI acquire.
[NFO] [Vulkan]: Using GPU: "NVIDIA GeForce RTX 2060".
[NFO] [Vulkan]: Queue family 0 supports 16 sub-queues.
[NFO] [Vulkan]: Got 3 swapchain images.
[NFO] [Vulkan]: Using resolution 3840x2160.
[NFO] [Vulkan]: Using RGB565 format.
[NFO] [Shaders]: Specific shader preset found at "/home/willian/.config/retroarch/config/global.slangp".
[NFO] [slang]: Compiling shader: "/home/willian/.config/retroarch/shaders/shaders_slang/bezel/Mega_Bezel/shaders/base/add-params-all.slang".
[NFO] [slang]: Using render target format R8G8B8A8_UNORM for pass output #0.
[NFO] [slang]: Compiling shader: "/home/willian/.config/retroarch/shaders/shaders_slang/bezel/Mega_Bezel/shaders/base/stock.slang".
[NFO] [slang]: Using render target format R8G8B8A8_SRGB for pass output #1.
[NFO] [slang]: Compiling shader: "/home/willian/.config/retroarch/shaders/shaders_slang/bezel/Mega_Bezel/shaders/base/add-negative-crop-area.slang".
[NFO] [slang]: Using render target format R8G8B8A8_SRGB for pass output #2.
[NFO] [slang]: Compiling shader: "/home/willian/.config/retroarch/shaders/shaders_slang/bezel/Mega_Bezel/shaders/base/cache-info-all-params.slang".
[NFO] [slang]: Using render target format R32G32B32A32_SFLOAT for pass output #3.
[NFO] [slang]: Compiling shader: "/home/willian/.config/retroarch/shaders/shaders_slang/bezel/Mega_Bezel/shaders/base/text-adv.slang".
[NFO] [slang]: Using render target format R16G16B16A16_SFLOAT for pass output #4.
[NFO] [slang]: Compiling shader: "/home/willian/.config/retroarch/shaders/shaders_slang/bezel/Mega_Bezel/shaders/base/intro.slang".
[NFO] [slang]: Using render target format R16G16B16A16_SFLOAT for pass output #5.
[NFO] [slang]: Compiling shader: "/home/willian/.config/retroarch/shaders/shaders_slang/bezel/Mega_Bezel/shaders/dedither/dedither-gamma-prep-1-before.slang".
[NFO] [slang]: Using render target format R8G8B8A8_UNORM for pass output #6.
[NFO] [slang]: Compiling shader: "/home/willian/.config/retroarch/shaders/shaders_slang/bezel/Mega_Bezel/shaders/hyllian/sgenpt-mix/sgenpt-mix-pass1.slang".
[NFO] [slang]: Using render target format R8G8B8A8_UNORM for pass output #7.
[NFO] [slang]: Compiling shader: "/home/willian/.config/retroarch/shaders/shaders_slang/bezel/Mega_Bezel/shaders/hyllian/sgenpt-mix/sgenpt-mix-pass2.slang".
[NFO] [slang]: Using render target format R8G8B8A8_UNORM for pass output #8.
[NFO] [slang]: Compiling shader: "/home/willian/.config/retroarch/shaders/shaders_slang/bezel/Mega_Bezel/shaders/hyllian/sgenpt-mix/sgenpt-mix-pass3.slang".
[NFO] [slang]: Using render target format R8G8B8A8_UNORM for pass output #9.
[NFO] [slang]: Compiling shader: "/home/willian/.config/retroarch/shaders/shaders_slang/bezel/Mega_Bezel/shaders/hyllian/sgenpt-mix/sgenpt-mix-pass4.slang".
[NFO] [slang]: Using render target format R8G8B8A8_UNORM for pass output #10.
[NFO] [slang]: Compiling shader: "/home/willian/.config/retroarch/shaders/shaders_slang/bezel/Mega_Bezel/shaders/hyllian/sgenpt-mix/sgenpt-mix-pass5.slang".
[NFO] [slang]: Using render target format R8G8B8A8_UNORM for pass output #11.
[NFO] [slang]: Compiling shader: "/home/willian/.config/retroarch/shaders/shaders_slang/bezel/Mega_Bezel/shaders/dedither/dedither-gamma-prep-2-after.slang".
[NFO] [slang]: Using render target format R8G8B8A8_UNORM for pass output #12.
[NFO] [slang]: Compiling shader: "/home/willian/.config/retroarch/shaders/shaders_slang/bezel/Mega_Bezel/shaders/ps1dither/hsm-PS1-Undither-BoxBlur.slang".
[NFO] [slang]: Using render target format R8G8B8A8_UNORM for pass output #13.
[NFO] [slang]: Compiling shader: "/home/willian/.config/retroarch/shaders/shaders_slang/bezel/Mega_Bezel/shaders/guest/extras/hsm-g-sharp_resampler.slang".
[NFO] [slang]: Using render target format R8G8B8A8_UNORM for pass output #14.
[NFO] [slang]: Compiling shader: "/home/willian/.config/retroarch/shaders/shaders_slang/bezel/Mega_Bezel/shaders/guest/extras/hsm-sharpsmoother.slang".
[NFO] [slang]: Using render target format R8G8B8A8_UNORM for pass output #15.
[NFO] [slang]: Compiling shader: "/home/willian/.config/retroarch/shaders/shaders_slang/bezel/Mega_Bezel/shaders/base/stock.slang".
[NFO] [slang]: Using render target format R8G8B8A8_UNORM for pass output #16.
[NFO] [slang]: Compiling shader: "/home/willian/.config/retroarch/shaders/shaders_slang/bezel/Mega_Bezel/shaders/scalefx/hsm-scalefx-pass0.slang".
[NFO] [slang]: Using render target format R16G16B16A16_SFLOAT for pass output #17.
[NFO] [slang]: Compiling shader: "/home/willian/.config/retroarch/shaders/shaders_slang/bezel/Mega_Bezel/shaders/scalefx/hsm-scalefx-pass1.slang".
[NFO] [slang]: Using render target format R8G8B8A8_UNORM for pass output #18.
[NFO] [slang]: Compiling shader: "/home/willian/.config/retroarch/shaders/shaders_slang/bezel/Mega_Bezel/shaders/scalefx/hsm-scalefx-pass2.slang".
[NFO] [slang]: Using render target format R8G8B8A8_UNORM for pass output #19.
[NFO] [slang]: Compiling shader: "/home/willian/.config/retroarch/shaders/shaders_slang/bezel/Mega_Bezel/shaders/scalefx/hsm-scalefx-pass3.slang".
[NFO] [slang]: Using render target format R8G8B8A8_UNORM for pass output #20.
[NFO] [slang]: Compiling shader: "/home/willian/.config/retroarch/shaders/shaders_slang/bezel/Mega_Bezel/shaders/scalefx/hsm-scalefx-pass4.slang".
[NFO] [slang]: Using render target format R8G8B8A8_UNORM for pass output #21.
[NFO] [slang]: Compiling shader: "/home/willian/.config/retroarch/shaders/shaders_slang/bezel/Mega_Bezel/shaders/gtu/hsm-gtu-pass1.slang".
[NFO] [slang]: Using render target format R16G16B16A16_SFLOAT for pass output #22.
[NFO] [slang]: Compiling shader: "/home/willian/.config/retroarch/shaders/shaders_slang/bezel/Mega_Bezel/shaders/gtu/hsm-gtu-pass2.slang".
[NFO] [slang]: Using render target format R16G16B16A16_SFLOAT for pass output #23.
[NFO] [slang]: Compiling shader: "/home/willian/.config/retroarch/shaders/shaders_slang/bezel/Mega_Bezel/shaders/base/stock.slang".
[NFO] [slang]: Using render target format R8G8B8A8_UNORM for pass output #24.
[NFO] [slang]: Compiling shader: "/home/willian/.config/retroarch/shaders/shaders_slang/bezel/Mega_Bezel/shaders/guest/hsm-afterglow0.slang".
[NFO] [slang]: Using render target format R8G8B8A8_UNORM for pass output #25.
[NFO] [slang]: Compiling shader: "/home/willian/.config/retroarch/shaders/shaders_slang/bezel/Mega_Bezel/shaders/guest/hsm-pre-shaders-afterglow.slang".
[NFO] [slang]: Using render target format R8G8B8A8_UNORM for pass output #26.
[NFO] [slang]: Compiling shader: "/home/willian/.config/retroarch/shaders/shaders_slang/bezel/Mega_Bezel/shaders/dogway/hsm-grade.slang".
[NFO] [slang]: Using render target format R8G8B8A8_UNORM for pass output #27.
[NFO] [slang]: Compiling shader: "/home/willian/.config/retroarch/shaders/shaders_slang/bezel/Mega_Bezel/shaders/guest/hsm-custom-fast-sharpen.slang".
[NFO] [slang]: Using render target format R8G8B8A8_UNORM for pass output #28.
[NFO] [slang]: Compiling shader: "/home/willian/.config/retroarch/shaders/shaders_slang/bezel/Mega_Bezel/shaders/base/stock.slang".
[NFO] [slang]: Using render target format R8G8B8A8_UNORM for pass output #29.
[NFO] [slang]: Compiling shader: "/home/willian/.config/retroarch/shaders/shaders_slang/bezel/Mega_Bezel/shaders/guest/hsm-avg-lum.slang".
[NFO] [slang]: Using render target format R8G8B8A8_UNORM for pass output #30.
[NFO] [slang]: Compiling shader: "/home/willian/.config/retroarch/shaders/shaders_slang/bezel/Mega_Bezel/shaders/guest/hsm-interlace-and-linearize.slang".
[NFO] [slang]: Using render target format R16G16B16A16_SFLOAT for pass output #31.
[NFO] [slang]: Compiling shader: "/home/willian/.config/retroarch/shaders/shaders_slang/bezel/Mega_Bezel/shaders/guest/hsm-gaussian_horizontal.slang".
[NFO] [slang]: Using render target format R16G16B16A16_SFLOAT for pass output #32.
[NFO] [slang]: Compiling shader: "/home/willian/.config/retroarch/shaders/shaders_slang/bezel/Mega_Bezel/shaders/guest/hsm-gaussian_vertical.slang".
[NFO] [slang]: Using render target format R16G16B16A16_SFLOAT for pass output #33.
[NFO] [slang]: Compiling shader: "/home/willian/.config/retroarch/shaders/shaders_slang/bezel/Mega_Bezel/shaders/guest/hsm-bloom_horizontal.slang".
[NFO] [slang]: Using render target format R16G16B16A16_SFLOAT for pass output #34.
[NFO] [slang]: Compiling shader: "/home/willian/.config/retroarch/shaders/shaders_slang/bezel/Mega_Bezel/shaders/guest/hsm-bloom_vertical.slang".
[NFO] [slang]: Using render target format R16G16B16A16_SFLOAT for pass output #35.
[NFO] [slang]: Compiling shader: "/home/willian/.config/retroarch/shaders/shaders_slang/bezel/Mega_Bezel/shaders/guest/hsm-crt-guest-advanced.slang".
[NFO] [slang]: Using render target format R16G16B16A16_SFLOAT for pass output #36.
[NFO] [slang]: Compiling shader: "/home/willian/.config/retroarch/shaders/shaders_slang/bezel/Mega_Bezel/shaders/guest/hsm-deconvergence.slang".
[NFO] [slang]: Using render target format R16G16B16A16_SFLOAT for pass output #37.
[NFO] [slang]: Compiling shader: "/home/willian/.config/retroarch/shaders/shaders_slang/bezel/Mega_Bezel/shaders/base/post-crt-prep-image-layers.slang".
[NFO] [slang]: Using render target format R16G16B16A16_SFLOAT for pass output #38.
[NFO] [slang]: Compiling shader: "/home/willian/.config/retroarch/shaders/shaders_slang/bezel/Mega_Bezel/shaders/base/bezel-images-under-crt.slang".
[NFO] [slang]: Using render target format R16G16B16A16_SFLOAT for pass output #39.
[NFO] [slang]: Compiling shader: "/home/willian/.config/retroarch/shaders/shaders_slang/bezel/Mega_Bezel/shaders/base/bezel-images-over-crt.slang".
[NFO] [slang]: Using render target format R16G16B16A16_SFLOAT for pass output #40.
[NFO] [slang]: Compiling shader: "/home/willian/.config/retroarch/shaders/shaders_slang/bezel/Mega_Bezel/shaders/base/linearize-crt.slang".
[NFO] [slang]: Using render target format R16G16B16A16_SFLOAT for pass output #41.
[NFO] [slang]: Compiling shader: "/home/willian/.config/retroarch/shaders/shaders_slang/bezel/Mega_Bezel/shaders/base/blur-outside-screen-horiz.slang".
[NFO] [slang]: Using render target format R8G8B8A8_UNORM for pass output #42.
[NFO] [slang]: Compiling shader: "/home/willian/.config/retroarch/shaders/shaders_slang/bezel/Mega_Bezel/shaders/base/blur-outside-screen-vert.slang".
[NFO] [slang]: Using render target format R8G8B8A8_UNORM for pass output #43.
[NFO] [slang]: Compiling shader: "/home/willian/.config/retroarch/shaders/shaders_slang/blurs/shaders/royale/blur9x9.slang".
[NFO] [slang]: Using render target format R16G16B16A16_SFLOAT for pass output #44.
[NFO] [slang]: Compiling shader: "/home/willian/.config/retroarch/shaders/shaders_slang/blurs/shaders/royale/blur9x9.slang".
[NFO] [slang]: Using render target format R16G16B16A16_SFLOAT for pass output #45.
[NFO] [slang]: Compiling shader: "/home/willian/.config/retroarch/shaders/shaders_slang/bezel/Mega_Bezel/shaders/base/reflection.slang".
[NFO] [slang]: Using render target format R16G16B16A16_SFLOAT for pass output #46.
[NFO] [slang]: Compiling shader: "/home/willian/.config/retroarch/shaders/shaders_slang/bezel/Mega_Bezel/shaders/base/combine-passes.slang".
[NFO] [slang]: Using render target format R8G8B8A8_UNORM for pass output #47.
[NFO] [Vulkan filter chain]: Creating framebuffer 512x512 (max 1 level(s)).
[NFO] [Vulkan filter chain]: Creating framebuffer 512x512 (max 1 level(s)).
[NFO] [Vulkan filter chain]: Creating framebuffer 512x512 (max 1 level(s)).
[NFO] [Vulkan filter chain]: Creating framebuffer 512x512 (max 1 level(s)).
[NFO] [Vulkan filter chain]: Creating framebuffer 512x512 (max 1 level(s)).
[NFO] [Vulkan filter chain]: Creating framebuffer 512x512 (max 1 level(s)).
[NFO] [Vulkan filter chain]: Creating framebuffer 512x512 (max 1 level(s)).
[NFO] [Vulkan filter chain]: Creating framebuffer 512x512 (max 1 level(s)).
[NFO] [Vulkan filter chain]: Creating framebuffer 512x512 (max 1 level(s)).
[NFO] [Vulkan filter chain]: Creating framebuffer 512x512 (max 1 level(s)).
[NFO] [Vulkan filter chain]: Creating framebuffer 512x512 (max 1 level(s)).
[NFO] [Vulkan filter chain]: Creating framebuffer 512x512 (max 1 level(s)).
[NFO] [Vulkan filter chain]: Creating framebuffer 512x512 (max 1 level(s)).
[NFO] [Vulkan filter chain]: Creating framebuffer 512x512 (max 1 level(s)).
[NFO] [Vulkan filter chain]: Creating framebuffer 512x512 (max 1 level(s)).
[NFO] [Vulkan filter chain]: Creating framebuffer 512x512 (max 1 level(s)).
[NFO] [Vulkan filter chain]: Creating framebuffer 512x512 (max 1 level(s)).
[NFO] [Vulkan filter chain]: Creating framebuffer 512x512 (max 1 level(s)).
[NFO] [Vulkan filter chain]: Creating framebuffer 512x512 (max 1 level(s)).
[NFO] [Vulkan filter chain]: Creating framebuffer 512x512 (max 1 level(s)).
[NFO] [Vulkan filter chain]: Creating framebuffer 512x512 (max 1 level(s)).
[NFO] [Vulkan filter chain]: Creating framebuffer 1536x1536 (max 1 level(s)).
[NFO] [Vulkan filter chain]: Creating framebuffer 1536x1536 (max 1 level(s)).
[NFO] [Vulkan filter chain]: Creating framebuffer 1536x1536 (max 1 level(s)).
[NFO] [Vulkan filter chain]: Creating framebuffer 1536x1536 (max 1 level(s)).
[NFO] [Vulkan filter chain]: Creating framebuffer 1536x1536 (max 4294967295 level(s)).
[NFO] [Vulkan filter chain]: Creating framebuffer 1536x1536 (max 1 level(s)).
[NFO] [Vulkan filter chain]: Creating framebuffer 1536x1536 (max 1 level(s)).
[NFO] [Vulkan filter chain]: Creating framebuffer 1536x1536 (max 4294967295 level(s)).
[NFO] [Vulkan filter chain]: Creating framebuffer 1536x1536 (max 4294967295 level(s)).
[NFO] [Vulkan filter chain]: Creating framebuffer 1536x1536 (max 1 level(s)).
[NFO] [Vulkan filter chain]: Creating framebuffer 1536x1536 (max 1 level(s)).
[NFO] [Vulkan filter chain]: Creating framebuffer 800x1536 (max 1 level(s)).
[NFO] [Vulkan filter chain]: Creating framebuffer 800x600 (max 1 level(s)).
[NFO] [Vulkan filter chain]: Creating framebuffer 800x600 (max 1 level(s)).
[NFO] [Vulkan filter chain]: Creating framebuffer 800x600 (max 1 level(s)).
[NFO] [Vulkan filter chain]: Creating framebuffer 3840x2160 (max 1 level(s)).
[NFO] [Vulkan filter chain]: Creating framebuffer 3840x2160 (max 4294967295 level(s)).
[NFO] [Vulkan filter chain]: Creating framebuffer 3840x2160 (max 1 level(s)).
[NFO] [Vulkan filter chain]: Creating framebuffer 3840x2160 (max 1 level(s)).
[NFO] [Vulkan filter chain]: Creating framebuffer 3840x2160 (max 4294967295 level(s)).
[NFO] [Vulkan filter chain]: Creating framebuffer 800x600 (max 4294967295 level(s)).
[NFO] [Vulkan filter chain]: Creating framebuffer 800x600 (max 1 level(s)).
[NFO] [Vulkan filter chain]: Creating framebuffer 800x600 (max 4294967295 level(s)).
[NFO] [Vulkan filter chain]: Creating framebuffer 128x128 (max 4294967295 level(s)).
[NFO] [Vulkan filter chain]: Creating framebuffer 12x12 (max 1 level(s)).
[NFO] [Vulkan filter chain]: Creating framebuffer 3840x2160 (max 1 level(s)).
[NFO] [Vulkan filter chain]: Creating framebuffer 3840x2160 (max 1 level(s)).
[NFO] [Vulkan filter chain]: Creating framebuffer 512x512 (max 1 level(s)).
[NFO] [Vulkan filter chain]: Creating framebuffer 512x512 (max 1 level(s)).
[NFO] [Vulkan filter chain]: Creating framebuffer 512x512 (max 1 level(s)).
[NFO] [Vulkan filter chain]: Creating framebuffer 512x512 (max 1 level(s)).
[NFO] [Vulkan filter chain]: Using framebuffer feedback for pass #3.
[NFO] [Vulkan filter chain]: Creating framebuffer 512x512 (max 1 level(s)).
[NFO] [Vulkan filter chain]: Using framebuffer feedback for pass #4.
[NFO] [Vulkan filter chain]: Creating framebuffer 1536x1536 (max 4294967295 level(s)).
[NFO] [Vulkan filter chain]: Using framebuffer feedback for pass #25.
[NFO] [Vulkan filter chain]: Creating framebuffer 1536x1536 (max 1 level(s)).
[NFO] [Vulkan filter chain]: Using framebuffer feedback for pass #30.
[NFO] [Vulkan filter chain]: Creating framebuffer 3840x2160 (max 1 level(s)).
[NFO] [Vulkan filter chain]: Using framebuffer feedback for pass #38.
[NFO] [Vulkan filter chain]: Creating framebuffer 3840x2160 (max 1 level(s)).
[NFO] [Vulkan filter chain]: Using framebuffer feedback for pass #39.
[NFO] [Vulkan filter chain]: Creating framebuffer 3840x2160 (max 4294967295 level(s)).
[NFO] [Vulkan filter chain]: Using framebuffer feedback for pass #40.
[NFO] [Vulkan filter chain]: Creating framebuffer 3840x2160 (max 1 level(s)).
[NFO] [Vulkan filter chain]: Using framebuffer feedback for pass #46.
[NFO] [Vulkan filter chain]: Creating framebuffer 3840x2160 (max 1 level(s)).
[NFO] [Vulkan filter chain]: Using framebuffer feedback for pass #47.
[NFO] [udev]: Pad #0 (/dev/input/event3) supports force feedback.
[NFO] [udev]: Pad #0 (/dev/input/event3) supports 16 force feedback effects.
[NFO] [Joypad]: Found joypad driver: "udev".
[NFO] [X11]: Suspending screensaver (X11, xdg-screensaver).
[NFO] [Video]: Found display server: "x11".
[NFO] [PulseAudio]: Requested 24576 bytes buffer, got 18432.
[NFO] [Audio]: Started synchronous audio driver.
[NFO] [ALSA] Using ALSA version 1.2.10
[NFO] [Microphone]: Initialized microphone driver.
[NFO] [Display]: Found display driver: "vulkan".
[NFO] [Environ]: SET_SUBSYSTEM_INFO.
libretro [NFO] [FBNeo] Unknown device type for port 0, forcing "Classic" instead
libretro [NFO] [FBNeo] Unknown device type for port 1, forcing "Classic" instead
[NFO] [Playlist]: Carregando o arquivo de favoritos: "/home/willian/.config/retroarch/content_favorites.lpl".
[NFO] [Vulkan filter chain]: Creating framebuffer 512x512 (max 1 level(s)).
[NFO] [Vulkan filter chain]: Creating framebuffer 512x512 (max 1 level(s)).
[NFO] [Vulkan filter chain]: Creating framebuffer 512x512 (max 1 level(s)).
[NFO] [Vulkan filter chain]: Creating framebuffer 512x512 (max 1 level(s)).
[NFO] [Vulkan filter chain]: Creating framebuffer 512x512 (max 1 level(s)).
[NFO] [Vulkan filter chain]: Creating framebuffer 512x512 (max 1 level(s)).
[NFO] [Vulkan filter chain]: Creating framebuffer 512x512 (max 1 level(s)).
[NFO] [Vulkan filter chain]: Creating framebuffer 512x512 (max 1 level(s)).
[NFO] [Vulkan filter chain]: Creating framebuffer 512x512 (max 1 level(s)).
[NFO] [Vulkan filter chain]: Creating framebuffer 512x512 (max 1 level(s)).
[NFO] [Vulkan filter chain]: Creating framebuffer 512x512 (max 1 level(s)).
[NFO] [Vulkan filter chain]: Creating framebuffer 512x512 (max 1 level(s)).
[NFO] [Vulkan filter chain]: Creating framebuffer 512x512 (max 1 level(s)).
[NFO] [Vulkan filter chain]: Creating framebuffer 512x512 (max 1 level(s)).
[NFO] [Vulkan filter chain]: Creating framebuffer 512x512 (max 1 level(s)).
[NFO] [Vulkan filter chain]: Creating framebuffer 512x512 (max 1 level(s)).
[NFO] [Vulkan filter chain]: Creating framebuffer 512x512 (max 1 level(s)).
[NFO] [Vulkan filter chain]: Creating framebuffer 512x512 (max 1 level(s)).
[NFO] [Vulkan filter chain]: Creating framebuffer 512x512 (max 1 level(s)).
[NFO] [Vulkan filter chain]: Creating framebuffer 512x512 (max 1 level(s)).
[NFO] [Vulkan filter chain]: Creating framebuffer 512x512 (max 1 level(s)).
[NFO] [Vulkan filter chain]: Creating framebuffer 1536x1536 (max 1 level(s)).
[NFO] [Vulkan filter chain]: Creating framebuffer 1536x1536 (max 1 level(s)).
[NFO] [Vulkan filter chain]: Creating framebuffer 1536x1536 (max 1 level(s)).
[NFO] [Vulkan filter chain]: Creating framebuffer 1536x1536 (max 1 level(s)).
[NFO] [Vulkan filter chain]: Creating framebuffer 1536x1536 (max 4294967295 level(s)).
[NFO] [Vulkan filter chain]: Creating framebuffer 1536x1536 (max 1 level(s)).
[NFO] [Vulkan filter chain]: Creating framebuffer 1536x1536 (max 1 level(s)).
[NFO] [Vulkan filter chain]: Creating framebuffer 1536x1536 (max 4294967295 level(s)).
[NFO] [Vulkan filter chain]: Creating framebuffer 1536x1536 (max 4294967295 level(s)).
[NFO] [Vulkan filter chain]: Creating framebuffer 1536x1536 (max 1 level(s)).
[NFO] [Vulkan filter chain]: Creating framebuffer 1536x1536 (max 1 level(s)).
[NFO] [Vulkan filter chain]: Creating framebuffer 800x1536 (max 1 level(s)).
[NFO] [Vulkan filter chain]: Creating framebuffer 800x600 (max 1 level(s)).
[NFO] [Vulkan filter chain]: Creating framebuffer 800x600 (max 1 level(s)).
[NFO] [Vulkan filter chain]: Creating framebuffer 800x600 (max 1 level(s)).
[NFO] [Vulkan filter chain]: Creating framebuffer 3840x2160 (max 1 level(s)).
[NFO] [Vulkan filter chain]: Creating framebuffer 3840x2160 (max 4294967295 level(s)).
[NFO] [Vulkan filter chain]: Creating framebuffer 3840x2160 (max 1 level(s)).
[NFO] [Vulkan filter chain]: Creating framebuffer 3840x2160 (max 1 level(s)).
[NFO] [Vulkan filter chain]: Creating framebuffer 3840x2160 (max 4294967295 level(s)).
[NFO] [Vulkan filter chain]: Creating framebuffer 800x600 (max 4294967295 level(s)).
[NFO] [Vulkan filter chain]: Creating framebuffer 800x600 (max 1 level(s)).
[NFO] [Vulkan filter chain]: Creating framebuffer 800x600 (max 4294967295 level(s)).
[NFO] [Vulkan filter chain]: Creating framebuffer 128x128 (max 4294967295 level(s)).
[NFO] [Vulkan filter chain]: Creating framebuffer 12x12 (max 1 level(s)).
[NFO] [Vulkan filter chain]: Creating framebuffer 3840x2160 (max 1 level(s)).
[NFO] [Vulkan filter chain]: Creating framebuffer 3840x2160 (max 1 level(s)).
[NFO] [Vulkan filter chain]: Creating framebuffer 512x512 (max 1 level(s)).
[NFO] [Vulkan filter chain]: Creating framebuffer 512x512 (max 1 level(s)).
[NFO] [Vulkan filter chain]: Creating framebuffer 512x512 (max 1 level(s)).
[NFO] [Vulkan filter chain]: Creating framebuffer 512x512 (max 1 level(s)).
[NFO] [Vulkan filter chain]: Using framebuffer feedback for pass #3.
[NFO] [Vulkan filter chain]: Creating framebuffer 512x512 (max 1 level(s)).
[NFO] [Vulkan filter chain]: Using framebuffer feedback for pass #4.
[NFO] [Vulkan filter chain]: Creating framebuffer 1536x1536 (max 4294967295 level(s)).
[NFO] [Vulkan filter chain]: Using framebuffer feedback for pass #25.
[NFO] [Vulkan filter chain]: Creating framebuffer 1536x1536 (max 1 level(s)).
[NFO] [Vulkan filter chain]: Using framebuffer feedback for pass #30.
[NFO] [Vulkan filter chain]: Creating framebuffer 3840x2160 (max 1 level(s)).
[NFO] [Vulkan filter chain]: Using framebuffer feedback for pass #38.
[NFO] [Vulkan filter chain]: Creating framebuffer 3840x2160 (max 1 level(s)).
[NFO] [Vulkan filter chain]: Using framebuffer feedback for pass #39.
[NFO] [Vulkan filter chain]: Creating framebuffer 3840x2160 (max 4294967295 level(s)).
[NFO] [Vulkan filter chain]: Using framebuffer feedback for pass #40.
[NFO] [Vulkan filter chain]: Creating framebuffer 3840x2160 (max 1 level(s)).
[NFO] [Vulkan filter chain]: Using framebuffer feedback for pass #46.
[NFO] [Vulkan filter chain]: Creating framebuffer 3840x2160 (max 1 level(s)).
[NFO] [Vulkan filter chain]: Using framebuffer feedback for pass #47.
[NFO] [Environ]: SET_INPUT_DESCRIPTORS:
[NFO] [X/Vulkan]: Resized fullscreen resolution to 3840x2160.
[NFO] [Vulkan filter chain]: Creating framebuffer 512x512 (max 1 level(s)).
[NFO] [Vulkan filter chain]: Creating framebuffer 512x512 (max 1 level(s)).
[NFO] [Vulkan filter chain]: Creating framebuffer 512x512 (max 1 level(s)).
[NFO] [Vulkan filter chain]: Creating framebuffer 512x512 (max 1 level(s)).
[NFO] [Vulkan filter chain]: Creating framebuffer 512x512 (max 1 level(s)).
[NFO] [Vulkan filter chain]: Creating framebuffer 512x512 (max 1 level(s)).
[NFO] [Vulkan filter chain]: Creating framebuffer 512x512 (max 1 level(s)).
[NFO] [Vulkan filter chain]: Creating framebuffer 512x512 (max 1 level(s)).
[NFO] [Vulkan filter chain]: Creating framebuffer 512x512 (max 1 level(s)).
[NFO] [Vulkan filter chain]: Creating framebuffer 512x512 (max 1 level(s)).
[NFO] [Vulkan filter chain]: Creating framebuffer 512x512 (max 1 level(s)).
[NFO] [Vulkan filter chain]: Creating framebuffer 512x512 (max 1 level(s)).
[NFO] [Vulkan filter chain]: Creating framebuffer 512x512 (max 1 level(s)).
[NFO] [Vulkan filter chain]: Creating framebuffer 512x512 (max 1 level(s)).
[NFO] [Vulkan filter chain]: Creating framebuffer 512x512 (max 1 level(s)).
[NFO] [Vulkan filter chain]: Creating framebuffer 512x512 (max 1 level(s)).
[NFO] [Vulkan filter chain]: Creating framebuffer 512x512 (max 1 level(s)).
[NFO] [Vulkan filter chain]: Creating framebuffer 512x512 (max 1 level(s)).
[NFO] [Vulkan filter chain]: Creating framebuffer 512x512 (max 1 level(s)).
[NFO] [Vulkan filter chain]: Creating framebuffer 512x512 (max 1 level(s)).
[NFO] [Vulkan filter chain]: Creating framebuffer 512x512 (max 1 level(s)).
[NFO] [Vulkan filter chain]: Creating framebuffer 1536x1536 (max 1 level(s)).
[NFO] [Vulkan filter chain]: Creating framebuffer 1536x1536 (max 1 level(s)).
[NFO] [Vulkan filter chain]: Creating framebuffer 1536x1536 (max 1 level(s)).
[NFO] [Vulkan filter chain]: Creating framebuffer 1536x1536 (max 1 level(s)).
[NFO] [Vulkan filter chain]: Creating framebuffer 1536x1536 (max 4294967295 level(s)).
[NFO] [Vulkan filter chain]: Creating framebuffer 1536x1536 (max 1 level(s)).
[NFO] [Vulkan filter chain]: Creating framebuffer 1536x1536 (max 1 level(s)).
[NFO] [Vulkan filter chain]: Creating framebuffer 1536x1536 (max 4294967295 level(s)).
[NFO] [Vulkan filter chain]: Creating framebuffer 1536x1536 (max 4294967295 level(s)).
[NFO] [Vulkan filter chain]: Creating framebuffer 1536x1536 (max 1 level(s)).
[NFO] [Vulkan filter chain]: Creating framebuffer 1536x1536 (max 1 level(s)).
[NFO] [Vulkan filter chain]: Creating framebuffer 800x1536 (max 1 level(s)).
[NFO] [Vulkan filter chain]: Creating framebuffer 800x600 (max 1 level(s)).
[NFO] [Vulkan filter chain]: Creating framebuffer 800x600 (max 1 level(s)).
[NFO] [Vulkan filter chain]: Creating framebuffer 800x600 (max 1 level(s)).
[NFO] [Vulkan filter chain]: Creating framebuffer 3840x2160 (max 1 level(s)).
[NFO] [Vulkan filter chain]: Creating framebuffer 3840x2160 (max 4294967295 level(s)).
[NFO] [Vulkan filter chain]: Creating framebuffer 3840x2160 (max 1 level(s)).
[NFO] [Vulkan filter chain]: Creating framebuffer 3840x2160 (max 1 level(s)).
[NFO] [Vulkan filter chain]: Creating framebuffer 3840x2160 (max 4294967295 level(s)).
[NFO] [Vulkan filter chain]: Creating framebuffer 800x600 (max 4294967295 level(s)).
[NFO] [Vulkan filter chain]: Creating framebuffer 800x600 (max 1 level(s)).
[NFO] [Vulkan filter chain]: Creating framebuffer 800x600 (max 4294967295 level(s)).
[NFO] [Vulkan filter chain]: Creating framebuffer 128x128 (max 4294967295 level(s)).
[NFO] [Vulkan filter chain]: Creating framebuffer 12x12 (max 1 level(s)).
[NFO] [Vulkan filter chain]: Creating framebuffer 3840x2160 (max 1 level(s)).
[NFO] [Vulkan filter chain]: Creating framebuffer 3840x2160 (max 1 level(s)).
[NFO] [Vulkan filter chain]: Creating framebuffer 512x512 (max 1 level(s)).
[NFO] [Vulkan filter chain]: Creating framebuffer 512x512 (max 1 level(s)).
[NFO] [Vulkan filter chain]: Creating framebuffer 512x512 (max 1 level(s)).
[NFO] [Vulkan filter chain]: Creating framebuffer 512x512 (max 1 level(s)).
[NFO] [Vulkan filter chain]: Using framebuffer feedback for pass #3.
[NFO] [Vulkan filter chain]: Creating framebuffer 512x512 (max 1 level(s)).
[NFO] [Vulkan filter chain]: Using framebuffer feedback for pass #4.
[NFO] [Vulkan filter chain]: Creating framebuffer 1536x1536 (max 4294967295 level(s)).
[NFO] [Vulkan filter chain]: Using framebuffer feedback for pass #25.
[NFO] [Vulkan filter chain]: Creating framebuffer 1536x1536 (max 1 level(s)).
[NFO] [Vulkan filter chain]: Using framebuffer feedback for pass #30.
[NFO] [Vulkan filter chain]: Creating framebuffer 3840x2160 (max 1 level(s)).
[NFO] [Vulkan filter chain]: Using framebuffer feedback for pass #38.
[NFO] [Vulkan filter chain]: Creating framebuffer 3840x2160 (max 1 level(s)).
[NFO] [Vulkan filter chain]: Using framebuffer feedback for pass #39.
[NFO] [Vulkan filter chain]: Creating framebuffer 3840x2160 (max 4294967295 level(s)).
[NFO] [Vulkan filter chain]: Using framebuffer feedback for pass #40.
[NFO] [Vulkan filter chain]: Creating framebuffer 3840x2160 (max 1 level(s)).
[NFO] [Vulkan filter chain]: Using framebuffer feedback for pass #46.
[NFO] [Vulkan filter chain]: Creating framebuffer 3840x2160 (max 1 level(s)).
[NFO] [Vulkan filter chain]: Using framebuffer feedback for pass #47.
[NFO] [Vulkan filter chain]: Updating framebuffer size 384x224 (format: 37).
[NFO] [Vulkan filter chain]: Updating framebuffer size 384x224 (format: 43).
[NFO] [Vulkan filter chain]: Updating framebuffer size 384x224 (format: 43).
[NFO] [Vulkan filter chain]: Updating framebuffer size 384x224 (format: 109).
[NFO] [Vulkan filter chain]: Updating framebuffer size 384x224 (format: 97).
[NFO] [Vulkan filter chain]: Updating framebuffer size 384x224 (format: 97).
[NFO] [Vulkan filter chain]: Updating framebuffer size 384x224 (format: 37).
[NFO] [Vulkan filter chain]: Updating framebuffer size 384x224 (format: 37).
[NFO] [Vulkan filter chain]: Updating framebuffer size 384x224 (format: 37).
[NFO] [Vulkan filter chain]: Updating framebuffer size 384x224 (format: 37).
[NFO] [Vulkan filter chain]: Updating framebuffer size 384x224 (format: 37).
[NFO] [Vulkan filter chain]: Updating framebuffer size 384x224 (format: 37).
[NFO] [Vulkan filter chain]: Updating framebuffer size 384x224 (format: 37).
[NFO] [Vulkan filter chain]: Updating framebuffer size 384x224 (format: 37).
[NFO] [Vulkan filter chain]: Updating framebuffer size 384x224 (format: 37).
[NFO] [Vulkan filter chain]: Updating framebuffer size 384x224 (format: 37).
[NFO] [Vulkan filter chain]: Updating framebuffer size 384x224 (format: 37).
[NFO] [Vulkan filter chain]: Updating framebuffer size 384x224 (format: 97).
[NFO] [Vulkan filter chain]: Updating framebuffer size 384x224 (format: 37).
[NFO] [Vulkan filter chain]: Updating framebuffer size 384x224 (format: 37).
[NFO] [Vulkan filter chain]: Updating framebuffer size 384x224 (format: 37).
[NFO] [Vulkan filter chain]: Updating framebuffer size 1152x672 (format: 37).
[NFO] [Vulkan filter chain]: Updating framebuffer size 1152x672 (format: 97).
[NFO] [Vulkan filter chain]: Updating framebuffer size 1152x672 (format: 97).
[NFO] [Vulkan filter chain]: Updating framebuffer size 1152x672 (format: 37).
[NFO] [Vulkan filter chain]: Updating framebuffer size 1152x672 (format: 37).
[NFO] [Vulkan filter chain]: Updating framebuffer size 1152x672 (format: 37).
[NFO] [Vulkan filter chain]: Updating framebuffer size 1152x672 (format: 37).
[NFO] [Vulkan filter chain]: Updating framebuffer size 1152x672 (format: 37).
[NFO] [Vulkan filter chain]: Updating framebuffer size 1152x672 (format: 37).
[NFO] [Vulkan filter chain]: Updating framebuffer size 1152x672 (format: 37).
[NFO] [Vulkan filter chain]: Updating framebuffer size 1152x672 (format: 97).
[NFO] [Vulkan filter chain]: Updating framebuffer size 800x672 (format: 97).
[NFO] [Vulkan filter chain]: Updating framebuffer size 384x224 (format: 37).
[NFO] [Vulkan filter chain]: Updating framebuffer size 384x224 (format: 109).
[NFO] [Vulkan filter chain]: Updating framebuffer size 384x224 (format: 97).
[NFO] [Vulkan filter chain]: Updating framebuffer size 1152x672 (format: 37).
[NFO] [Vulkan filter chain]: Updating framebuffer size 1152x672 (format: 37).
[NFO] [Vulkan filter chain]: Updating framebuffer size 384x224 (format: 37).
[NFO] [Vulkan filter chain]: Updating framebuffer size 384x224 (format: 37).
[NFO] [slang]: Compiling shader: "/home/willian/.config/retroarch/shaders/shaders_slang/bezel/Mega_Bezel/shaders/base/add-params-all.slang".
[NFO] [slang]: Using render target format R8G8B8A8_UNORM for pass output #0.
[NFO] [slang]: Compiling shader: "/home/willian/.config/retroarch/shaders/shaders_slang/bezel/Mega_Bezel/shaders/base/stock.slang".
[NFO] [slang]: Using render target format R8G8B8A8_SRGB for pass output #1.
[NFO] [slang]: Compiling shader: "/home/willian/.config/retroarch/shaders/shaders_slang/bezel/Mega_Bezel/shaders/base/add-negative-crop-area.slang".
[NFO] [slang]: Using render target format R8G8B8A8_SRGB for pass output #2.
[NFO] [slang]: Compiling shader: "/home/willian/.config/retroarch/shaders/shaders_slang/bezel/Mega_Bezel/shaders/base/cache-info-all-params.slang".
[NFO] [slang]: Using render target format R32G32B32A32_SFLOAT for pass output #3.
[NFO] [slang]: Compiling shader: "/home/willian/.config/retroarch/shaders/shaders_slang/bezel/Mega_Bezel/shaders/base/text-std.slang".
[NFO] [slang]: Using render target format R16G16B16A16_SFLOAT for pass output #4.
[NFO] [slang]: Compiling shader: "/home/willian/.config/retroarch/shaders/shaders_slang/bezel/Mega_Bezel/shaders/base/intro.slang".
[NFO] [slang]: Using render target format R16G16B16A16_SFLOAT for pass output #5.
[NFO] [slang]: Compiling shader: "/home/willian/.config/retroarch/shaders/shaders_slang/bezel/Mega_Bezel/shaders/base/stock.slang".
[NFO] [slang]: Using render target format R8G8B8A8_UNORM for pass output #6.
[NFO] [slang]: Compiling shader: "/home/willian/.config/retroarch/shaders/shaders_slang/bezel/Mega_Bezel/shaders/base/stock.slang".
[NFO] [slang]: Using render target format R8G8B8A8_UNORM for pass output #7.
[NFO] [slang]: Compiling shader: "/home/willian/.config/retroarch/shaders/shaders_slang/bezel/Mega_Bezel/shaders/guest/hsm-afterglow0.slang".
[NFO] [slang]: Using render target format R8G8B8A8_UNORM for pass output #8.
[NFO] [slang]: Compiling shader: "/home/willian/.config/retroarch/shaders/shaders_slang/bezel/Mega_Bezel/shaders/guest/hsm-pre-shaders-afterglow.slang".
[NFO] [slang]: Using render target format R8G8B8A8_UNORM for pass output #9.
[NFO] [slang]: Compiling shader: "/home/willian/.config/retroarch/shaders/shaders_slang/bezel/Mega_Bezel/shaders/dogway/hsm-grade.slang".
[NFO] [slang]: Using render target format R8G8B8A8_UNORM for pass output #10.
[NFO] [slang]: Compiling shader: "/home/willian/.config/retroarch/shaders/shaders_slang/bezel/Mega_Bezel/shaders/guest/hsm-custom-fast-sharpen.slang".
[NFO] [slang]: Using render target format R8G8B8A8_UNORM for pass output #11.
[NFO] [slang]: Compiling shader: "/home/willian/.config/retroarch/shaders/shaders_slang/bezel/Mega_Bezel/shaders/base/stock.slang".
[NFO] [slang]: Using render target format R8G8B8A8_UNORM for pass output #12.
[NFO] [slang]: Compiling shader: "/home/willian/.config/retroarch/shaders/shaders_slang/bezel/Mega_Bezel/shaders/guest/hsm-avg-lum.slang".
[NFO] [slang]: Using render target format R8G8B8A8_UNORM for pass output #13.
[NFO] [slang]: Compiling shader: "/home/willian/.config/retroarch/shaders/shaders_slang/bezel/Mega_Bezel/shaders/guest/hsm-interlace-and-linearize.slang".
[NFO] [slang]: Using render target format R16G16B16A16_SFLOAT for pass output #14.
[NFO] [slang]: Compiling shader: "/home/willian/.config/retroarch/shaders/shaders_slang/bezel/Mega_Bezel/shaders/guest/hsm-gaussian_horizontal.slang".
[NFO] [slang]: Using render target format R16G16B16A16_SFLOAT for pass output #15.
[NFO] [slang]: Compiling shader: "/home/willian/.config/retroarch/shaders/shaders_slang/bezel/Mega_Bezel/shaders/guest/hsm-gaussian_vertical.slang".
[NFO] [slang]: Using render target format R16G16B16A16_SFLOAT for pass output #16.
[NFO] [slang]: Compiling shader: "/home/willian/.config/retroarch/shaders/shaders_slang/bezel/Mega_Bezel/shaders/guest/hsm-bloom_horizontal.slang".
[NFO] [slang]: Using render target format R16G16B16A16_SFLOAT for pass output #17.
[NFO] [slang]: Compiling shader: "/home/willian/.config/retroarch/shaders/shaders_slang/bezel/Mega_Bezel/shaders/guest/hsm-bloom_vertical.slang".
[NFO] [slang]: Using render target format R16G16B16A16_SFLOAT for pass output #18.
[NFO] [slang]: Compiling shader: "/home/willian/.config/retroarch/shaders/shaders_slang/bezel/Mega_Bezel/shaders/guest/hsm-crt-guest-advanced.slang".
[NFO] [slang]: Using render target format R16G16B16A16_SFLOAT for pass output #19.
[NFO] [slang]: Compiling shader: "/home/willian/.config/retroarch/shaders/shaders_slang/bezel/Mega_Bezel/shaders/guest/hsm-deconvergence.slang".
[NFO] [slang]: Using render target format R16G16B16A16_SFLOAT for pass output #20.
[NFO] [slang]: Compiling shader: "/home/willian/.config/retroarch/shaders/shaders_slang/bezel/Mega_Bezel/shaders/base/post-crt-prep-image-layers.slang".
[NFO] [slang]: Using render target format R16G16B16A16_SFLOAT for pass output #21.
[NFO] [slang]: Compiling shader: "/home/willian/.config/retroarch/shaders/shaders_slang/bezel/Mega_Bezel/shaders/base/bezel-images-under-crt.slang".
[NFO] [slang]: Using render target format R16G16B16A16_SFLOAT for pass output #22.
[NFO] [slang]: Compiling shader: "/home/willian/.config/retroarch/shaders/shaders_slang/bezel/Mega_Bezel/shaders/base/bezel-images-over-crt.slang".
[NFO] [slang]: Using render target format R16G16B16A16_SFLOAT for pass output #23.
[NFO] [slang]: Compiling shader: "/home/willian/.config/retroarch/shaders/shaders_slang/bezel/Mega_Bezel/shaders/base/linearize-crt.slang".
[NFO] [slang]: Using render target format R16G16B16A16_SFLOAT for pass output #24.
[NFO] [slang]: Compiling shader: "/home/willian/.config/retroarch/shaders/shaders_slang/bezel/Mega_Bezel/shaders/base/blur-outside-screen-horiz.slang".
[NFO] [slang]: Using render target format R8G8B8A8_UNORM for pass output #25.
[NFO] [slang]: Compiling shader: "/home/willian/.config/retroarch/shaders/shaders_slang/bezel/Mega_Bezel/shaders/base/blur-outside-screen-vert.slang".
[NFO] [slang]: Using render target format R8G8B8A8_UNORM for pass output #26.
[NFO] [slang]: Compiling shader: "/home/willian/.config/retroarch/shaders/shaders_slang/blurs/shaders/royale/blur9x9.slang".
[NFO] [slang]: Using render target format R16G16B16A16_SFLOAT for pass output #27.
[NFO] [slang]: Compiling shader: "/home/willian/.config/retroarch/shaders/shaders_slang/blurs/shaders/royale/blur9x9.slang".
[NFO] [slang]: Using render target format R16G16B16A16_SFLOAT for pass output #28.
[NFO] [slang]: Compiling shader: "/home/willian/.config/retroarch/shaders/shaders_slang/bezel/Mega_Bezel/shaders/base/reflection.slang".
[NFO] [slang]: Using render target format R16G16B16A16_SFLOAT for pass output #29.
[NFO] [slang]: Compiling shader: "/home/willian/.config/retroarch/shaders/shaders_slang/bezel/Mega_Bezel/shaders/base/combine-passes.slang".
[NFO] [slang]: Using render target format R8G8B8A8_UNORM for pass output #30.
[NFO] [Vulkan filter chain]: Creating framebuffer 512x512 (max 1 level(s)).
[NFO] [Vulkan filter chain]: Creating framebuffer 512x512 (max 1 level(s)).
[NFO] [Vulkan filter chain]: Creating framebuffer 512x512 (max 1 level(s)).
[NFO] [Vulkan filter chain]: Creating framebuffer 512x512 (max 1 level(s)).
[NFO] [Vulkan filter chain]: Creating framebuffer 512x512 (max 1 level(s)).
[NFO] [Vulkan filter chain]: Creating framebuffer 512x512 (max 1 level(s)).
[NFO] [Vulkan filter chain]: Creating framebuffer 512x512 (max 1 level(s)).
[NFO] [Vulkan filter chain]: Creating framebuffer 512x512 (max 1 level(s)).
[NFO] [Vulkan filter chain]: Creating framebuffer 512x512 (max 4294967295 level(s)).
[NFO] [Vulkan filter chain]: Creating framebuffer 512x512 (max 1 level(s)).
[NFO] [Vulkan filter chain]: Creating framebuffer 512x512 (max 1 level(s)).
[NFO] [Vulkan filter chain]: Creating framebuffer 512x512 (max 4294967295 level(s)).
[NFO] [Vulkan filter chain]: Creating framebuffer 512x512 (max 4294967295 level(s)).
[NFO] [Vulkan filter chain]: Creating framebuffer 512x512 (max 1 level(s)).
[NFO] [Vulkan filter chain]: Creating framebuffer 512x512 (max 1 level(s)).
[NFO] [Vulkan filter chain]: Creating framebuffer 800x512 (max 1 level(s)).
[NFO] [Vulkan filter chain]: Creating framebuffer 800x600 (max 1 level(s)).
[NFO] [Vulkan filter chain]: Creating framebuffer 800x600 (max 1 level(s)).
[NFO] [Vulkan filter chain]: Creating framebuffer 800x600 (max 1 level(s)).
[NFO] [Vulkan filter chain]: Creating framebuffer 3840x2160 (max 1 level(s)).
[NFO] [Vulkan filter chain]: Creating framebuffer 3840x2160 (max 4294967295 level(s)).
[NFO] [Vulkan filter chain]: Creating framebuffer 3840x2160 (max 1 level(s)).
[NFO] [Vulkan filter chain]: Creating framebuffer 3840x2160 (max 1 level(s)).
[NFO] [Vulkan filter chain]: Creating framebuffer 3840x2160 (max 4294967295 level(s)).
[NFO] [Vulkan filter chain]: Creating framebuffer 800x600 (max 4294967295 level(s)).
[NFO] [Vulkan filter chain]: Creating framebuffer 800x600 (max 1 level(s)).
[NFO] [Vulkan filter chain]: Creating framebuffer 800x600 (max 4294967295 level(s)).
[NFO] [Vulkan filter chain]: Creating framebuffer 128x128 (max 4294967295 level(s)).
[NFO] [Vulkan filter chain]: Creating framebuffer 12x12 (max 1 level(s)).
[NFO] [Vulkan filter chain]: Creating framebuffer 3840x2160 (max 1 level(s)).
[NFO] [Vulkan filter chain]: Creating framebuffer 3840x2160 (max 1 level(s)).
[NFO] [Vulkan filter chain]: Creating framebuffer 512x512 (max 1 level(s)).
[NFO] [Vulkan filter chain]: Creating framebuffer 512x512 (max 1 level(s)).
[NFO] [Vulkan filter chain]: Creating framebuffer 512x512 (max 1 level(s)).
[NFO] [Vulkan filter chain]: Creating framebuffer 512x512 (max 1 level(s)).
[NFO] [Vulkan filter chain]: Using framebuffer feedback for pass #3.
[NFO] [Vulkan filter chain]: Creating framebuffer 512x512 (max 1 level(s)).
[NFO] [Vulkan filter chain]: Using framebuffer feedback for pass #4.
[NFO] [Vulkan filter chain]: Creating framebuffer 512x512 (max 4294967295 level(s)).
[NFO] [Vulkan filter chain]: Using framebuffer feedback for pass #8.
[NFO] [Vulkan filter chain]: Creating framebuffer 512x512 (max 1 level(s)).
[NFO] [Vulkan filter chain]: Using framebuffer feedback for pass #13.
[NFO] [Vulkan filter chain]: Creating framebuffer 3840x2160 (max 1 level(s)).
[NFO] [Vulkan filter chain]: Using framebuffer feedback for pass #21.
[NFO] [Vulkan filter chain]: Creating framebuffer 3840x2160 (max 1 level(s)).
[NFO] [Vulkan filter chain]: Using framebuffer feedback for pass #22.
[NFO] [Vulkan filter chain]: Creating framebuffer 3840x2160 (max 4294967295 level(s)).
[NFO] [Vulkan filter chain]: Using framebuffer feedback for pass #23.
[NFO] [Vulkan filter chain]: Creating framebuffer 3840x2160 (max 1 level(s)).
[NFO] [Vulkan filter chain]: Using framebuffer feedback for pass #29.
[NFO] [Vulkan filter chain]: Creating framebuffer 3840x2160 (max 1 level(s)).
[NFO] [Vulkan filter chain]: Using framebuffer feedback for pass #30.
[NFO] [Shaders]: Menu shader set to: "/home/willian/.config/retroarch/shaders/shaders_slang/bezel/Mega_Bezel/Presets/MBZ__3__STD.slangp".
[NFO] [Shaders]: Aplicando sombreador: "/home/willian/.config/retroarch/shaders/shaders_slang/bezel/Mega_Bezel/Presets/MBZ__3__STD.slangp".
[NFO] [Shaders]: Menu shader set to: "/home/willian/.config/retroarch/shaders/shaders_slang/bezel/Mega_Bezel/Presets/MBZ__3__STD.slangp".
[NFO] [Vulkan filter chain]: Updating framebuffer size 384x224 (format: 37).
[NFO] [Vulkan filter chain]: Updating framebuffer size 384x224 (format: 43).
[NFO] [Vulkan filter chain]: Updating framebuffer size 384x224 (format: 43).
[NFO] [Vulkan filter chain]: Updating framebuffer size 384x224 (format: 109).
[NFO] [Vulkan filter chain]: Updating framebuffer size 384x224 (format: 97).
[NFO] [Vulkan filter chain]: Updating framebuffer size 384x224 (format: 97).
[NFO] [Vulkan filter chain]: Updating framebuffer size 384x224 (format: 37).
[NFO] [Vulkan filter chain]: Updating framebuffer size 384x224 (format: 37).
[NFO] [Vulkan filter chain]: Updating framebuffer size 384x224 (format: 37).
[NFO] [Vulkan filter chain]: Updating framebuffer size 384x224 (format: 37).
[NFO] [Vulkan filter chain]: Updating framebuffer size 384x224 (format: 37).
[NFO] [Vulkan filter chain]: Updating framebuffer size 384x224 (format: 37).
[NFO] [Vulkan filter chain]: Updating framebuffer size 384x224 (format: 37).
[NFO] [Vulkan filter chain]: Updating framebuffer size 384x224 (format: 37).
[NFO] [Vulkan filter chain]: Updating framebuffer size 384x224 (format: 97).
[NFO] [Vulkan filter chain]: Updating framebuffer size 800x224 (format: 97).
[NFO] [Vulkan filter chain]: Updating framebuffer size 384x224 (format: 37).
[NFO] [Vulkan filter chain]: Updating framebuffer size 384x224 (format: 109).
[NFO] [Vulkan filter chain]: Updating framebuffer size 384x224 (format: 97).
[NFO] [Vulkan filter chain]: Updating framebuffer size 384x224 (format: 37).
[NFO] [Vulkan filter chain]: Updating framebuffer size 384x224 (format: 37).
[NFO] [Vulkan filter chain]: Updating framebuffer size 384x224 (format: 37).
[NFO] [Vulkan filter chain]: Updating framebuffer size 384x224 (format: 37).
[NFO] [Config]: Loading config: "/home/willian/.config/retroarch/retroarch.cfg".
[NFO] [Overrides]: Configuration overrides unloaded, original configuration restored.
[NFO] [Core]: Content ran for a total of: 00 hours, 03 minutes, 10 seconds.
[NFO] [Runtime]: Saving runtime log file: "/home/willian/.config/retroarch/playlists/logs/FinalBurn Neo/sfiii.lrtl".
[NFO] [Core]: Unloading game..
libretro [NFO] [FBNeo] EEPROM succesfully saved to /home/willian/.config/retroarch/saves/fbneo/sfiii.fs
[NFO] [PulseAudio]: Pausing.
[NFO] [Core]: Unloading core..
[NFO] [Core]: Unloading core symbols..
[NFO] [Core]: Saved core options file to "/home/willian/.config/retroarch/config/FinalBurn Neo/FinalBurn Neo.opt".
[NFO] [XINERAMA]: Xinerama version: 1.1.
[NFO] [XINERAMA]: Xinerama screens: 1.
[NFO] [XINERAMA]: Saved monitor #0.
[NFO] [Video]: Average monitor Hz: 60.002400 Hz. (2.069 % frame time deviation, based on 2048 last samples).
