[INFO] RetroArch 1.16.0 (Git 6c2cc45628)
[INFO] === Build =======================================
[INFO] CPU Model Name: AMD Ryzen 7 5700X 8-Core Processor             
[INFO] Capacidades: MMX MMXEXT SSE SSE2 SSE3 SSSE3 SSE4 SSE42 AES AVX AVX2 
[INFO] Version: 1.16.0
[INFO] Git: 6c2cc45628
[INFO] Built: Oct  9 2023
[INFO] =================================================
[INFO] [Input]: Found input driver: "x".
[INFO] [Environ]: SET_PIXEL_FORMAT: RGB565.
[INFO] [Core]: Versão da API libretro: 1, Compilado contra a API: 1
[INFO] [Core]: Geometry: 320x240, Aspect: 1.333, FPS: 60.00, Sample rate: 48000.00 Hz.
[INFO] [Audio]: Set audio input rate to: 48000.00 Hz.
[INFO] [Video]: Set video size to: 1920x1072.
[INFO] [Vulkan]: Vulkan dynamic library loaded.
[INFO] [Vulkan]: Found vulkan context: "vk_wayland".
[INFO] [Vulkan]: Detecting screen resolution: 3840x2160.
[INFO] [Vulkan]: Found GPU at index 0: "NVIDIA GeForce RTX 2060".
[INFO] [Vulkan]: Using GPU index 0.
[INFO] [Vulkan]: Using fences for WSI acquire.
[INFO] [Vulkan]: Using GPU: "NVIDIA GeForce RTX 2060".
[INFO] [Vulkan]: Queue family 0 supports 16 sub-queues.
[INFO] [Vulkan]: Got 3 swapchain images.
[INFO] [Wayland] Failed to specify monitor for fullscreen, letting compositor decide
[INFO] [Vulkan]: Using resolution 1920x1072.
[INFO] [Vulkan]: Using RGB565 format.
[INFO] [Vulkan]: Loading stock shader.
[INFO] [udev]: Pad #0 (/dev/input/event5) supports force feedback.
[INFO] [udev]: Pad #0 (/dev/input/event5) supports 16 force feedback effects.
[INFO] [Autoconf]: Sony Interactive Entertainment Wireless Controller configurado na porta 1.
[INFO] [Joypad]: Found joypad driver: "udev".
[INFO] [Wayland]: Enabling idle inhibitor
[INFO] [Video]: Found display server: "null".
[INFO] [PulseAudio]: Requested 24576 bytes buffer, got 18432.
[INFO] [Audio]: Started synchronous audio driver.
[INFO] [ALSA] Using ALSA version 1.2.10
[INFO] [Microphone]: Initialized microphone driver.
[INFO] [Display]: Found display driver: "vulkan".
[INFO] [Playlist]: Carregando o arquivo de favoritos: "/home/willian/.config/retroarch/content_favorites.lpl".
[INFO] [Environ]: SET_SUBSYSTEM_INFO.
[INFO] [Core]: Using content: ".config/retroarch/roms/FBNeo - Arcade Games/sfiii3.zip".
[INFO] [Core]: Content ran for a total of: 00 hours, 00 minutes, 00 seconds.
[INFO] [PulseAudio]: Pausing.
[INFO] [Core]: Unloading core..
[INFO] [Core]: Unloading core symbols..
[INFO] [Video]: Does not have enough samples for monitor refresh rate estimation. Requires to run for at least 4096 frames.
[INFO] RetroArch 1.16.0 (Git 6c2cc45628)
[INFO] === Build =======================================
[INFO] CPU Model Name: AMD Ryzen 7 5700X 8-Core Processor             
[INFO] Capacidades: MMX MMXEXT SSE SSE2 SSE3 SSSE3 SSE4 SSE42 AES AVX AVX2 
[INFO] Version: 1.16.0
[INFO] Git: 6c2cc45628
[INFO] Built: Oct  9 2023
[INFO] =================================================
[INFO] [Input]: Found input driver: "x".
[INFO] [Core]: Loading dynamic libretro core from: "/home/willian/.config/retroarch/cores/fbneo_libretro.so"
[INFO] [Overrides]: Game-specific overrides found at "/home/willian/.config/retroarch/config/FinalBurn Neo/sfiii3.cfg".
[INFO] [Config]: Loading config: "/home/willian/.config/retroarch/retroarch.cfg".
[INFO] [Config]: Appending override config: "/home/willian/.config/retroarch/config/FinalBurn Neo/sfiii3.cfg".
[INFO] [Overrides]: Redirecionando arquivo dados da memória do jogo em "/home/willian/.config/retroarch/saves/sfiii3.srm".
[INFO] [Overrides]: Redirecionando o jogo salvo em "/home/willian/.config/retroarch/states/sfiii3.state".
[INFO] [Environ]: SET_SERIALIZATION_QUIRKS.
[INFO] [Environ]: GET_LOG_INTERFACE.
[INFO] [Environ]: GET_MESSAGE_INTERFACE_VERSION.
[INFO] [Environ]: SET_AUDIO_BUFFER_STATUS_CALLBACK.
[INFO] [Content]: Carregamento de conteúdo ignorado. A implementação irá carregar por conta própria.
[INFO] [Environ]: GET_SAVE_DIRECTORY.
[libretro INFO] Setting save dir to /home/willian/.config/retroarch/saves
[INFO] [Environ]: SYSTEM_DIRECTORY: "/home/willian/.config/retroarch/system".
[libretro INFO] Setting system dir to /home/willian/.config/retroarch/system
[INFO] [Environ]: SET_CONTROLLER_INFO.
[libretro INFO] Initialize DIP switches.
[INFO] [Environ]: GET_CORE_OPTIONS_VERSION.
[INFO] [Environ]: RETRO_ENVIRONMENT_SET_CORE_OPTIONS_V2.
[libretro INFO] [FBNeo] Searching all possible locations for romset sfiii3
[libretro INFO] [FBNeo] No patched romset found at /home/willian/.config/retroarch/system/fbneo/patched/sfiii3
[libretro INFO] [FBNeo] Romset found at .config/retroarch/roms/FBNeo - Arcade Games/sfiii3
[libretro INFO] [FBNeo] No romset found at /home/willian/.config/retroarch/system/fbneo/sfiii3
[libretro INFO] [FBNeo] No romset found at /home/willian/.config/retroarch/system/sfiii3
[libretro INFO] [FBNeo] Using ROM with known crc 0x30bbf293 and name sfiii3_euro.29f400.u2 from archive .config/retroarch/roms/FBNeo - Arcade Games/sfiii3
[libretro INFO] [FBNeo] Using ROM with known crc 0x11dfd3cd and name sfiii3-simm1.0 from archive .config/retroarch/roms/FBNeo - Arcade Games/sfiii3
[libretro INFO] [FBNeo] Using ROM with known crc 0xc50585e6 and name sfiii3-simm1.1 from archive .config/retroarch/roms/FBNeo - Arcade Games/sfiii3
[libretro INFO] [FBNeo] Using ROM with known crc 0x8e011d9b and name sfiii3-simm1.2 from archive .config/retroarch/roms/FBNeo - Arcade Games/sfiii3
[libretro INFO] [FBNeo] Using ROM with known crc 0xdca8d92f and name sfiii3-simm1.3 from archive .config/retroarch/roms/FBNeo - Arcade Games/sfiii3
[libretro INFO] [FBNeo] Using ROM with known crc 0x06eb969e and name sfiii3-simm2.0 from archive .config/retroarch/roms/FBNeo - Arcade Games/sfiii3
[libretro INFO] [FBNeo] Using ROM with known crc 0xe7039f82 and name sfiii3-simm2.1 from archive .config/retroarch/roms/FBNeo - Arcade Games/sfiii3
[libretro INFO] [FBNeo] Using ROM with known crc 0x645c96f7 and name sfiii3-simm2.2 from archive .config/retroarch/roms/FBNeo - Arcade Games/sfiii3
[libretro INFO] [FBNeo] Using ROM with known crc 0x610efab1 and name sfiii3-simm2.3 from archive .config/retroarch/roms/FBNeo - Arcade Games/sfiii3
[libretro INFO] [FBNeo] Using ROM with known crc 0x7baa1f79 and name sfiii3-simm3.0 from archive .config/retroarch/roms/FBNeo - Arcade Games/sfiii3
[libretro INFO] [FBNeo] Using ROM with known crc 0x234bf8fe and name sfiii3-simm3.1 from archive .config/retroarch/roms/FBNeo - Arcade Games/sfiii3
[libretro INFO] [FBNeo] Using ROM with known crc 0xd9ebc308 and name sfiii3-simm3.2 from archive .config/retroarch/roms/FBNeo - Arcade Games/sfiii3
[libretro INFO] [FBNeo] Using ROM with known crc 0x293cba77 and name sfiii3-simm3.3 from archive .config/retroarch/roms/FBNeo - Arcade Games/sfiii3
[libretro INFO] [FBNeo] Using ROM with known crc 0x6055e747 and name sfiii3-simm3.4 from archive .config/retroarch/roms/FBNeo - Arcade Games/sfiii3
[libretro INFO] [FBNeo] Using ROM with known crc 0x499aa6fc and name sfiii3-simm3.5 from archive .config/retroarch/roms/FBNeo - Arcade Games/sfiii3
[libretro INFO] [FBNeo] Using ROM with known crc 0x6c13879e and name sfiii3-simm3.6 from archive .config/retroarch/roms/FBNeo - Arcade Games/sfiii3
[libretro INFO] [FBNeo] Using ROM with known crc 0xcf4f8ede and name sfiii3-simm3.7 from archive .config/retroarch/roms/FBNeo - Arcade Games/sfiii3
[libretro INFO] [FBNeo] Using ROM with known crc 0x091fd5ba and name sfiii3-simm4.0 from archive .config/retroarch/roms/FBNeo - Arcade Games/sfiii3
[libretro INFO] [FBNeo] Using ROM with known crc 0x0bca8917 and name sfiii3-simm4.1 from archive .config/retroarch/roms/FBNeo - Arcade Games/sfiii3
[libretro INFO] [FBNeo] Using ROM with known crc 0xa0fd578b and name sfiii3-simm4.2 from archive .config/retroarch/roms/FBNeo - Arcade Games/sfiii3
[libretro INFO] [FBNeo] Using ROM with known crc 0x4bf8c699 and name sfiii3-simm4.3 from archive .config/retroarch/roms/FBNeo - Arcade Games/sfiii3
[libretro INFO] [FBNeo] Using ROM with known crc 0x137b8785 and name sfiii3-simm4.4 from archive .config/retroarch/roms/FBNeo - Arcade Games/sfiii3
[libretro INFO] [FBNeo] Using ROM with known crc 0x4fb70671 and name sfiii3-simm4.5 from archive .config/retroarch/roms/FBNeo - Arcade Games/sfiii3
[libretro INFO] [FBNeo] Using ROM with known crc 0x832374a4 and name sfiii3-simm4.6 from archive .config/retroarch/roms/FBNeo - Arcade Games/sfiii3
[libretro INFO] [FBNeo] Using ROM with known crc 0x1c88576d and name sfiii3-simm4.7 from archive .config/retroarch/roms/FBNeo - Arcade Games/sfiii3
[libretro INFO] [FBNeo] Using ROM with known crc 0xc67d9190 and name sfiii3-simm5.0 from archive .config/retroarch/roms/FBNeo - Arcade Games/sfiii3
[libretro INFO] [FBNeo] Using ROM with known crc 0x6cb79868 and name sfiii3-simm5.1 from archive .config/retroarch/roms/FBNeo - Arcade Games/sfiii3
[libretro INFO] [FBNeo] Using ROM with known crc 0xdf69930e and name sfiii3-simm5.2 from archive .config/retroarch/roms/FBNeo - Arcade Games/sfiii3
[libretro INFO] [FBNeo] Using ROM with known crc 0x333754e0 and name sfiii3-simm5.3 from archive .config/retroarch/roms/FBNeo - Arcade Games/sfiii3
[libretro INFO] [FBNeo] Using ROM with known crc 0x78f6d417 and name sfiii3-simm5.4 from archive .config/retroarch/roms/FBNeo - Arcade Games/sfiii3
[libretro INFO] [FBNeo] Using ROM with known crc 0x8ccad9b1 and name sfiii3-simm5.5 from archive .config/retroarch/roms/FBNeo - Arcade Games/sfiii3
[libretro INFO] [FBNeo] Using ROM with known crc 0x85de59e5 and name sfiii3-simm5.6 from archive .config/retroarch/roms/FBNeo - Arcade Games/sfiii3
[libretro INFO] [FBNeo] Using ROM with known crc 0xee7e29b3 and name sfiii3-simm5.7 from archive .config/retroarch/roms/FBNeo - Arcade Games/sfiii3
[libretro INFO] [FBNeo] Using ROM with known crc 0x8da69042 and name sfiii3-simm6.0 from archive .config/retroarch/roms/FBNeo - Arcade Games/sfiii3
[libretro INFO] [FBNeo] Using ROM with known crc 0x1c8c7ac4 and name sfiii3-simm6.1 from archive .config/retroarch/roms/FBNeo - Arcade Games/sfiii3
[libretro INFO] [FBNeo] Using ROM with known crc 0xa671341d and name sfiii3-simm6.2 from archive .config/retroarch/roms/FBNeo - Arcade Games/sfiii3
[libretro INFO] [FBNeo] Using ROM with known crc 0x1a990249 and name sfiii3-simm6.3 from archive .config/retroarch/roms/FBNeo - Arcade Games/sfiii3
[libretro INFO] [FBNeo] Using ROM with known crc 0x20cb39ac and name sfiii3-simm6.4 from archive .config/retroarch/roms/FBNeo - Arcade Games/sfiii3
[libretro INFO] [FBNeo] Using ROM with known crc 0x5f844b2f and name sfiii3-simm6.5 from archive .config/retroarch/roms/FBNeo - Arcade Games/sfiii3
[libretro INFO] [FBNeo] Using ROM with known crc 0x450e8d28 and name sfiii3-simm6.6 from archive .config/retroarch/roms/FBNeo - Arcade Games/sfiii3
[libretro INFO] [FBNeo] Using ROM with known crc 0xcc5f4187 and name sfiii3-simm6.7 from archive .config/retroarch/roms/FBNeo - Arcade Games/sfiii3
[libretro INFO] [FBNeo] No missing files, proceeding
[libretro INFO] [FBNeo] Samplerate set to 48000
[libretro INFO] [FBNeo] Applied dipswitches from core options
[libretro INFO] [FBNeo] Initialized driver for sfiii3
[libretro INFO] [FBNeo] Adjusted audio buffer to match driver's refresh rate (59,590000 Hz)
[libretro INFO] [Cheevos] System RAM set to 0x7fa1cf40f810, size is 524288
[libretro INFO] [FBNeo] EEPROM successfully loaded from /home/willian/.config/retroarch/saves/fbneo/sfiii3.fs
[INFO] [Environ]: SET_ROTATION: 0
[INFO] [Environ]: SET_PIXEL_FORMAT: RGB565.
[libretro INFO] [FBNeo] Driver sfiii3 was successfully started : game's full name is Street Fighter III 3rd Strike: Fight for the Future (Euro 990608)
[INFO] [Replay]: Found last replay slot: #0
[INFO] [SRAM]: Ignorando carregamento da SRAM.
[INFO] [Core]: Versão da API libretro: 1, Compilado contra a API: 1
[libretro INFO] [FBNeo] Timing set to 59,590000 Hz
[INFO] [Core]: Geometry: 384x224, Aspect: 1,333, FPS: 59,59, Sample rate: 48029,54 Hz.
[INFO] [Audio]: Set audio input rate to: 48029,54 Hz.
[INFO] [Video]: Timings deviate too much. Will not adjust. (Target = 60,00 Hz, Game = 59,59 Hz)
[INFO] [Video]: Set video size to: 1920x1072.
[INFO] [Vulkan]: Vulkan dynamic library loaded.
[INFO] [Vulkan]: Found vulkan context: "vk_wayland".
[INFO] [Vulkan]: Detecting screen resolution: 3840x2160.
[INFO] [Vulkan]: Found GPU at index 0: "NVIDIA GeForce RTX 2060".
[INFO] [Vulkan]: Using GPU index 0.
[INFO] [Vulkan]: Using fences for WSI acquire.
[INFO] [Vulkan]: Using GPU: "NVIDIA GeForce RTX 2060".
[INFO] [Vulkan]: Queue family 0 supports 16 sub-queues.
[INFO] [Vulkan]: Got 3 swapchain images.
[INFO] [Wayland] Failed to specify monitor for fullscreen, letting compositor decide
[INFO] [Vulkan]: Using resolution 1920x1072.
[INFO] [Vulkan]: Using RGB565 format.
[INFO] [Shaders]: Specific shader preset found at "/home/willian/.config/retroarch/config/global.slangp".
[ERROR] [slang]: Invalid #pragma parameter line: "#pragma parameter GAMMA_INPUT   							"          Gamma In (Game Embedded Gamma) Def 2.4" 2.4 0.1 5 0.05".
[ERROR] [slang]: Invalid #pragma parameter line: "#pragma parameter GAMMA_INPUT   							"          Gamma In (Game Embedded Gamma) Def 2.4" 2.4 0.1 5 0.05".
[ERROR] [slang]: Invalid #pragma parameter line: "#pragma parameter GAMMA_INPUT   							"          Gamma In (Game Embedded Gamma) Def 2.4" 2.4 0.1 5 0.05".
[ERROR] [slang]: Invalid #pragma parameter line: "#pragma parameter GAMMA_INPUT   							"          Gamma In (Game Embedded Gamma) Def 2.4" 2.4 0.1 5 0.05".
[ERROR] [slang]: Invalid #pragma parameter line: "#pragma parameter GDV_GDV_ADV_TITLE 		"[ --- GUEST ADVANCED --- ]:" 0.0 0.0 1.0 1.0".
[ERROR] [slang]: Invalid #pragma parameter line: "#pragma parameter AS             "          Afterglow Strength -- AS" 0.20 0.0 0.60 0.01".
[ERROR] [slang]: Invalid #pragma parameter line: "#pragma parameter GAMMA_INPUT   							"          Gamma In (Game Embedded Gamma) Def 2.4" 2.4 0.1 5 0.05".
[ERROR] [slang]: Invalid #pragma parameter line: "#pragma parameter SHARPEN_TITLE  	"[ FAST SHARPEN - GUEST.R ]:"         			0.00 0.0 2.00 0.05".
[ERROR] [slang]: Invalid #pragma parameter line: "#pragma parameter GAMMA_INPUT   							"          Gamma In (Game Embedded Gamma) Def 2.4" 2.4 0.1 5 0.05".
[ERROR] [slang]: Invalid #pragma parameter line: "#pragma parameter GDV_GDV_ADV_TITLE_2 		"[ --- GUEST-DrVenom Advanced --- ]:" 0.0 0.0 1.0 1.0".
[ERROR] [slang]: Invalid #pragma parameter line: "#pragma parameter SIZEV "          Vertical Radius (Num Samples) -- SIZEV" 6.0 1.0 50.0 1.0 ".
[ERROR] [slang]: Invalid #pragma parameter line: "#pragma parameter bogus_bloom 	"[ BLOOM & HALATION ]:" 0.0 0.0 1.0 1.0".
[ERROR] [slang]: Invalid #pragma parameter line: "#pragma parameter SIZEVB "          Vertical Radius ( Num Samples ) -- SIZEVB" 3.0 1.0 50.0 1.0 ".
[ERROR] [slang]: Invalid #pragma parameter line: "#pragma parameter GAMMA_INPUT   							"          Gamma In (Game Embedded Gamma) Def 2.4" 2.4 0.1 5 0.05".
[ERROR] [slang]: Invalid #pragma parameter line: "#pragma parameter GAMMA_INPUT   							"          Gamma In (Game Embedded Gamma) Def 2.4" 2.4 0.1 5 0.05".
[ERROR] [slang]: Invalid #pragma parameter line: "#pragma parameter GAMMA_INPUT   							"          Gamma In (Game Embedded Gamma) Def 2.4" 2.4 0.1 5 0.05".
[ERROR] [slang]: Invalid #pragma parameter line: "#pragma parameter GAMMA_INPUT   							"          Gamma In (Game Embedded Gamma) Def 2.4" 2.4 0.1 5 0.05".
[ERROR] [slang]: Invalid #pragma parameter line: "#pragma parameter GAMMA_INPUT   							"          Gamma In (Game Embedded Gamma) Def 2.4" 2.4 0.1 5 0.05".
[ERROR] [slang]: Invalid #pragma parameter line: "#pragma parameter GAMMA_INPUT   							"          Gamma In (Game Embedded Gamma) Def 2.4" 2.4 0.1 5 0.05".
[ERROR] [slang]: Invalid #pragma parameter line: "#pragma parameter GAMMA_INPUT   							"          Gamma In (Game Embedded Gamma) Def 2.4" 2.4 0.1 5 0.05".
[ERROR] [slang]: Invalid #pragma parameter line: "#pragma parameter GAMMA_INPUT   							"          Gamma In (Game Embedded Gamma) Def 2.4" 2.4 0.1 5 0.05".
[ERROR] [slang]: Invalid #pragma parameter line: "#pragma parameter GAMMA_INPUT   							"          Gamma In (Game Embedded Gamma) Def 2.4" 2.4 0.1 5 0.05".
[ERROR] [slang]: Invalid #pragma parameter line: "#pragma parameter GAMMA_INPUT   							"          Gamma In (Game Embedded Gamma) Def 2.4" 2.4 0.1 5 0.05".
[INFO] [slang]: Compiling shader: "/home/willian/.config/retroarch/shaders/shaders_slang/bezel/Mega_Bezel/shaders/base/add-params-all.slang".
[ERROR] [slang]: Invalid #pragma parameter line: "#pragma parameter GAMMA_INPUT   							"          Gamma In (Game Embedded Gamma) Def 2.4" 2.4 0.1 5 0.05".
[ERROR] [Vulkan]: Failed to compile shader: "/home/willian/.config/retroarch/shaders/shaders_slang/bezel/Mega_Bezel/shaders/base/add-params-all.slang".
[ERROR] [Vulkan]: Failed to create preset: "/home/willian/.config/retroarch/config/global.slangp".
[INFO] [udev]: Pad #0 (/dev/input/event5) supports force feedback.
[INFO] [udev]: Pad #0 (/dev/input/event5) supports 16 force feedback effects.
[INFO] [Joypad]: Found joypad driver: "udev".
[INFO] [Wayland]: Enabling idle inhibitor
[INFO] [Video]: Found display server: "null".
[INFO] [PulseAudio]: Requested 24576 bytes buffer, got 18432.
[INFO] [Audio]: Started synchronous audio driver.
[INFO] [ALSA] Using ALSA version 1.2.10
[INFO] [Microphone]: Initialized microphone driver.
[INFO] [Display]: Found display driver: "vulkan".
[INFO] [Environ]: SET_SUBSYSTEM_INFO.
[libretro INFO] [FBNeo] Unknown device type for port 0, forcing "Classic" instead
[libretro INFO] [FBNeo] Unknown device type for port 1, forcing "Classic" instead
[ERROR] [slang]: Invalid #pragma parameter line: "#pragma parameter GAMMA_INPUT   							"          Gamma In (Game Embedded Gamma) Def 2.4" 2.4 0.1 5 0.05".
[ERROR] [slang]: Invalid #pragma parameter line: "#pragma parameter GAMMA_INPUT   							"          Gamma In (Game Embedded Gamma) Def 2.4" 2.4 0.1 5 0.05".
[ERROR] [slang]: Invalid #pragma parameter line: "#pragma parameter GAMMA_INPUT   							"          Gamma In (Game Embedded Gamma) Def 2.4" 2.4 0.1 5 0.05".
[ERROR] [slang]: Invalid #pragma parameter line: "#pragma parameter GAMMA_INPUT   							"          Gamma In (Game Embedded Gamma) Def 2.4" 2.4 0.1 5 0.05".
[ERROR] [slang]: Invalid #pragma parameter line: "#pragma parameter GDV_GDV_ADV_TITLE 		"[ --- GUEST ADVANCED --- ]:" 0.0 0.0 1.0 1.0".
[ERROR] [slang]: Invalid #pragma parameter line: "#pragma parameter AS             "          Afterglow Strength -- AS" 0.20 0.0 0.60 0.01".
[ERROR] [slang]: Invalid #pragma parameter line: "#pragma parameter GAMMA_INPUT   							"          Gamma In (Game Embedded Gamma) Def 2.4" 2.4 0.1 5 0.05".
[ERROR] [slang]: Invalid #pragma parameter line: "#pragma parameter SHARPEN_TITLE  	"[ FAST SHARPEN - GUEST.R ]:"         			0.00 0.0 2.00 0.05".
[ERROR] [slang]: Invalid #pragma parameter line: "#pragma parameter GAMMA_INPUT   							"          Gamma In (Game Embedded Gamma) Def 2.4" 2.4 0.1 5 0.05".
[ERROR] [slang]: Invalid #pragma parameter line: "#pragma parameter GDV_GDV_ADV_TITLE_2 		"[ --- GUEST-DrVenom Advanced --- ]:" 0.0 0.0 1.0 1.0".
[ERROR] [slang]: Invalid #pragma parameter line: "#pragma parameter SIZEV "          Vertical Radius (Num Samples) -- SIZEV" 6.0 1.0 50.0 1.0 ".
[ERROR] [slang]: Invalid #pragma parameter line: "#pragma parameter bogus_bloom 	"[ BLOOM & HALATION ]:" 0.0 0.0 1.0 1.0".
[ERROR] [slang]: Invalid #pragma parameter line: "#pragma parameter SIZEVB "          Vertical Radius ( Num Samples ) -- SIZEVB" 3.0 1.0 50.0 1.0 ".
[ERROR] [slang]: Invalid #pragma parameter line: "#pragma parameter GAMMA_INPUT   							"          Gamma In (Game Embedded Gamma) Def 2.4" 2.4 0.1 5 0.05".
[ERROR] [slang]: Invalid #pragma parameter line: "#pragma parameter GAMMA_INPUT   							"          Gamma In (Game Embedded Gamma) Def 2.4" 2.4 0.1 5 0.05".
[ERROR] [slang]: Invalid #pragma parameter line: "#pragma parameter GAMMA_INPUT   							"          Gamma In (Game Embedded Gamma) Def 2.4" 2.4 0.1 5 0.05".
[ERROR] [slang]: Invalid #pragma parameter line: "#pragma parameter GAMMA_INPUT   							"          Gamma In (Game Embedded Gamma) Def 2.4" 2.4 0.1 5 0.05".
[ERROR] [slang]: Invalid #pragma parameter line: "#pragma parameter GAMMA_INPUT   							"          Gamma In (Game Embedded Gamma) Def 2.4" 2.4 0.1 5 0.05".
[ERROR] [slang]: Invalid #pragma parameter line: "#pragma parameter GAMMA_INPUT   							"          Gamma In (Game Embedded Gamma) Def 2.4" 2.4 0.1 5 0.05".
[ERROR] [slang]: Invalid #pragma parameter line: "#pragma parameter GAMMA_INPUT   							"          Gamma In (Game Embedded Gamma) Def 2.4" 2.4 0.1 5 0.05".
[ERROR] [slang]: Invalid #pragma parameter line: "#pragma parameter GAMMA_INPUT   							"          Gamma In (Game Embedded Gamma) Def 2.4" 2.4 0.1 5 0.05".
[ERROR] [slang]: Invalid #pragma parameter line: "#pragma parameter GAMMA_INPUT   							"          Gamma In (Game Embedded Gamma) Def 2.4" 2.4 0.1 5 0.05".
[ERROR] [slang]: Invalid #pragma parameter line: "#pragma parameter GAMMA_INPUT   							"          Gamma In (Game Embedded Gamma) Def 2.4" 2.4 0.1 5 0.05".
[INFO] [Playlist]: Carregando o arquivo de favoritos: "/home/willian/.config/retroarch/content_favorites.lpl".
[INFO] [Environ]: SET_INPUT_DESCRIPTORS:
[INFO] [Config]: Loading config: "/home/willian/.config/retroarch/retroarch.cfg".
[INFO] [Overrides]: Configuration overrides unloaded, original configuration restored.
[INFO] [Core]: Content ran for a total of: 00 hours, 00 minutes, 05 seconds.
[INFO] [Runtime]: Saving runtime log file: "/home/willian/.config/retroarch/playlists/logs/FinalBurn Neo/sfiii3.lrtl".
[INFO] [Core]: Unloading game..
[libretro INFO] [FBNeo] EEPROM succesfully saved to /home/willian/.config/retroarch/saves/fbneo/sfiii3.fs
[INFO] [PulseAudio]: Pausing.
[INFO] [Core]: Unloading core..
[INFO] [Core]: Unloading core symbols..
[INFO] [Core]: Saved core options file to "/home/willian/.config/retroarch/config/FinalBurn Neo/FinalBurn Neo.opt".
[INFO] [Video]: Does not have enough samples for monitor refresh rate estimation. Requires to run for at least 4096 frames.
