[NFO] RetroArch 1.16.0 (Git 7237b6acfc)
[NFO] === Build =======================================
[NFO] CPU Model Name: AMD Ryzen 7 5700X 8-Core Processor             
[NFO] Capacidades: MMX MMXEXT SSE SSE2 SSE3 SSSE3 SSE4 SSE42 AES AVX AVX2 
[NFO] Version: 1.16.0
[NFO] Git: 7237b6acfc
[NFO] Built: Nov  6 2023
[NFO] =================================================
[NFO] [Input]: Found input driver: "x".
[NFO] [Environ]: SET_PIXEL_FORMAT: RGB565.
[NFO] [Core]: Versão da API libretro: 1, Compilado contra a API: 1
[NFO] [Core]: Geometry: 320x240, Aspect: 1.333, FPS: 60.00, Sample rate: 48000.00 Hz.
[NFO] [Audio]: Set audio input rate to: 48000.00 Hz.
[NFO] [Video]: Set video size to: fullscreen.
[ERR] [Wayland]: Failed to connect to Wayland server.
[NFO] [Vulkan]: Vulkan dynamic library loaded.
[NFO] [Vulkan]: Found vulkan context: "vk_x".
[NFO] [Vulkan]: Detecting screen resolution: 3840x2160.
[NFO] [XINERAMA]: Xinerama version: 1.1.
[NFO] [XINERAMA]: Xinerama screens: 1.
[NFO] [X/Vulkan]: Using Xinerama on screen #0.
[NFO] [X/Vulkan]: X = 0, Y = 0, W = 3840, H = 2160.
[NFO] [X/Vulkan]: Using windowed fullscreen.
[NFO] [Vulkan]: Found GPU at index 0: "NVIDIA GeForce RTX 2060".
[NFO] [Vulkan]: Using GPU index 0.
[NFO] [Vulkan]: Using fences for WSI acquire.
[NFO] [Vulkan]: Using GPU: "NVIDIA GeForce RTX 2060".
[NFO] [Vulkan]: Queue family 0 supports 16 sub-queues.
[NFO] [Vulkan]: Got 3 swapchain images.
[NFO] [Vulkan]: Using resolution 3840x2160.
[NFO] [Vulkan]: Using RGB565 format.
[NFO] [Vulkan]: Loading stock shader.
[NFO] [Joypad]: Found joypad driver: "udev".
[NFO] [X11]: Suspending screensaver (X11, xdg-screensaver).
[NFO] [Video]: Found display server: "x11".
[NFO] [PulseAudio]: Requested 24576 bytes buffer, got 18432.
[NFO] [Audio]: Started synchronous audio driver.
[NFO] [ALSA] Using ALSA version 1.2.10
[NFO] [Microphone]: Initialized microphone driver.
[NFO] [Display]: Found display driver: "vulkan".
[NFO] [Playlist]: Carregando o arquivo de favoritos: "/home/willian/.config/retroarch/content_favorites.lpl".
[NFO] [X/Vulkan]: Resized fullscreen resolution to 3840x2160.
[NFO] [udev]: Pad #0 (/dev/input/event5) supports force feedback.
[NFO] [udev]: Pad #0 (/dev/input/event5) supports 16 force feedback effects.
[NFO] [Core]: Content ran for a total of: 00 hours, 00 minutes, 00 seconds.
[NFO] [PulseAudio]: Pausing.
[NFO] [Core]: Unloading core..
[NFO] [Core]: Unloading core symbols..
[NFO] [XINERAMA]: Xinerama version: 1.1.
[NFO] [XINERAMA]: Xinerama screens: 1.
[NFO] [XINERAMA]: Saved monitor #0.
[NFO] [Video]: Does not have enough samples for monitor refresh rate estimation. Requires to run for at least 4096 frames.
