[INFO] RetroArch 1.15.0 (Git 6616b807ed)
[INFO] === Build =======================================
[INFO] CPU Model Name: AMD Ryzen 7 5700X 8-Core Processor             
[INFO] Capacidades: MMX MMXEXT SSE SSE2 SSE3 SSE4 SSE4.2 AES AVX AVX2
[INFO] Built: Sep 13 2023
[INFO] Version: 1.15.0
[INFO] Git: 6616b807ed
[INFO] =================================================
[INFO] [Input]: Found input driver: "x".
[INFO] [Environ]: SET_PIXEL_FORMAT: RGB565.
[INFO] [Core]: Versão da API libretro: 1, Compilado contra a API: 1
[INFO] [Audio]: Set audio input rate to: 48000.00 Hz.
[INFO] [Video]: Set video size to: fullscreen.
[ERROR] [Wayland]: Failed to connect to Wayland server.
[INFO] [Vulkan]: Vulkan dynamic library loaded.
[INFO] [Vulkan]: Found vulkan context: "vk_x".
[INFO] [Vulkan]: Detecting screen resolution: 3840x2160.
[INFO] [XINERAMA]: Xinerama version: 1.1.
[INFO] [XINERAMA]: Xinerama screens: 1.
[INFO] [X/Vulkan]: Using Xinerama on screen #0.
[INFO] [X/Vulkan]: X = 0, Y = 0, W = 3840, H = 2160.
[INFO] [X/Vulkan]: Using windowed fullscreen.
[INFO] [Vulkan]: Found GPU at index 0: "NVIDIA GeForce RTX 2060".
[INFO] [Vulkan]: Using GPU index 0.
[INFO] [Vulkan]: Using fences for WSI acquire.
[INFO] [Vulkan]: Using GPU: "NVIDIA GeForce RTX 2060".
[INFO] [Vulkan]: Queue family 0 supports 16 sub-queues.
[INFO] [Vulkan]: Got 3 swapchain images.
[INFO] [Vulkan]: Using resolution 3840x2160.
[INFO] [Vulkan]: Using RGB565 format.
[INFO] [Vulkan]: Loading stock shader.
[INFO] [Joypad]: Found joypad driver: "udev".
[INFO] [DBus]: Suspended screensaver via DBus.
[INFO] [Video]: Found display server: "x11".
[ERROR] [Overlay]: Failed to load image: /home/willian/.config/retroarch/overlay/NIL.png.
[INFO] [PulseAudio]: Requested 24576 bytes buffer, got 18432.
[INFO] [Display]: Found display driver: "vulkan".
[INFO] [Playlist]: Carregando o arquivo de favoritos: "/home/willian/.config/retroarch/content_favorites.lpl".
[INFO] [PulseAudio]: Pausing.
[INFO] [X/Vulkan]: Resized fullscreen resolution to 3840x2160.
[INFO] [Playlist]: Written to playlist file: "/home/willian/.config/retroarch/playlists/Arcade - MAME Games.lpl".
[INFO] [Core]: Using content: ".config/retroarch/roms/FBNeo - Arcade Games/1943kai.zip".
[INFO] [Core]: Content ran for a total of: 00 hours, 00 minutes, 00 seconds.
[INFO] [Core]: Unloading core..
[INFO] [Core]: Unloading core symbols..
[INFO] [XINERAMA]: Xinerama version: 1.1.
[INFO] [XINERAMA]: Xinerama screens: 1.
[INFO] [XINERAMA]: Saved monitor #0.
[INFO] [Video]: Does not have enough samples for monitor refresh rate estimation. Requires to run for at least 4096 frames.
[INFO] RetroArch 1.15.0 (Git 6616b807ed)
[INFO] === Build =======================================
[INFO] CPU Model Name: AMD Ryzen 7 5700X 8-Core Processor             
[INFO] Capacidades: MMX MMXEXT SSE SSE2 SSE3 SSE4 SSE4.2 AES AVX AVX2
[INFO] Built: Sep 13 2023
[INFO] Version: 1.15.0
[INFO] Git: 6616b807ed
[INFO] =================================================
[INFO] [Input]: Found input driver: "x".
[INFO] [Core]: Loading dynamic libretro core from: "/home/willian/.config/retroarch/cores/mame2003_plus_libretro.so"
[INFO] [Environ]: GET_VFS_INTERFACE. Core requested version >= V1, providing V3.
[INFO] [Overrides]: Redirecionando arquivo dados da memória do jogo em "/home/willian/.config/retroarch/saves/1943kai.srm".
[INFO] [Overrides]: Redirecionando o jogo salvo em "/home/willian/.config/retroarch/states/1943kai.state".
[INFO] [Environ]: GET_LOG_INTERFACE.
[INFO] [Environ]: PERFORMANCE_LEVEL: 10.
[INFO] [Content]: Carregamento de conteúdo ignorado. A implementação irá carregar por conta própria.
[libretro INFO] [MAME 2003+] Full content path .config/retroarch/roms/FBNeo - Arcade Games/1943kai.zip
[libretro INFO] [MAME 2003+] Git Version  6c413c2
[libretro INFO] [MAME 2003+] Content lookup name: 1943kai
[libretro INFO] [MAME 2003+] Driver index counter: 1795. Matched game driver: 1943kai
[libretro INFO] [MAME 2003+] ==== BEGIN DRIVER CONTENT ATTRIBUTES ====
[libretro INFO] [MAME 2003+] * Supports 2 players with 2 distinct controls.
[libretro INFO] [MAME 2003+] * Supports 2 distinct button controls.
[libretro INFO] [MAME 2003+] * Uses multiplayer control labels.
[libretro INFO] [MAME 2003+] * Uses 8-way joystick controls.
[libretro INFO] [MAME 2003+] ==== END DRIVER CONTENT ATTRIBUTES ====
[INFO] [Environ]: SYSTEM_DIRECTORY: "/home/willian/.config/retroarch/system".
[INFO] [Environ]: GET_SAVE_DIRECTORY.
[libretro INFO] [MAME 2003+] content path: .config/retroarch/roms/FBNeo - Arcade Games
[libretro INFO] [MAME 2003+]  system path: /home/willian/.config/retroarch/system
[libretro INFO] [MAME 2003+]    save path: /home/willian/.config/retroarch/saves
[INFO] [Environ]: GET_CORE_OPTIONS_VERSION.
[INFO] [Environ]: RETRO_ENVIRONMENT_SET_CORE_OPTIONS_V2.
[ERROR] [Environ]: GET_VARIABLE: mame2003-plus_nvram_bootstraps - Invalid value.
[ERROR] [Environ]: GET_VARIABLE: mame2003-plus_four_way_emulation - Invalid value.
[ERROR] [Environ]: GET_VARIABLE: mame2003-plus_crosshair_enabled - Invalid value.
[ERROR] [Environ]: GET_VARIABLE: mame2003-plus_crosshair_appearance - Invalid value.
[ERROR] [Environ]: GET_VARIABLE: mame2003-plus_dialsharexy - Invalid value.
[ERROR] [Environ]: GET_VARIABLE: mame2003-plus_dial_swap_xy - Invalid value.
[ERROR] [Environ]: GET_VARIABLE: mame2003-plus_cheat_input_ports - Invalid value.
[ERROR] [Environ]: GET_VARIABLE: mame2003-plus_override_ad_stick - Invalid value.
[ERROR] [Environ]: GET_VARIABLE: mame2003-plus_use_alt_sound - Invalid value.
[INFO] [Environ]: SET_AUDIO_BUFFER_STATUS_CALLBACK.
[ERROR] [Environ]: GET_VARIABLE: mame2003-plus_vector_resolution - Invalid value.
[ERROR] [Environ]: GET_VARIABLE: mame2003-plus_vector_antialias - Invalid value.
[ERROR] [Environ]: GET_VARIABLE: mame2003-plus_vector_beam_width - Invalid value.
[ERROR] [Environ]: GET_VARIABLE: mame2003-plus_vector_translucency - Invalid value.
[ERROR] [Environ]: GET_VARIABLE: mame2003-plus_vector_flicker - Invalid value.
[ERROR] [Environ]: GET_VARIABLE: mame2003-plus_vector_intensity - Invalid value.
[ERROR] [Environ]: GET_VARIABLE: mame2003-plus_neogeo_bios - Invalid value.
[ERROR] [Environ]: GET_VARIABLE: mame2003-plus_stv_bios - Invalid value.
[INFO] [Environ]: GET_LED_INTERFACE.
[INFO] [Environ]: SET_CONTROLLER_INFO.
[libretro INFO] [MAME 2003+] Opening ROM file: 1943kai.01
[libretro INFO] [MAME 2003+] Opening ROM file: 1943kai.02
[libretro INFO] [MAME 2003+] Opening ROM file: 1943kai.03
[libretro INFO] [MAME 2003+] Opening ROM file: 1943kai.05
[libretro INFO] [MAME 2003+] Opening ROM file: 1943kai.04
[libretro INFO] [MAME 2003+] Opening ROM file: 1943kai.15
[libretro INFO] [MAME 2003+] Opening ROM file: 1943kai.16
[libretro INFO] [MAME 2003+] Opening ROM file: 1943kai.17
[libretro INFO] [MAME 2003+] Opening ROM file: 1943kai.18
[libretro INFO] [MAME 2003+] Opening ROM file: 1943kai.19
[libretro INFO] [MAME 2003+] Opening ROM file: 1943kai.20
[libretro INFO] [MAME 2003+] Opening ROM file: 1943kai.21
[libretro INFO] [MAME 2003+] Opening ROM file: 1943kai.22
[libretro INFO] [MAME 2003+] Opening ROM file: 1943kai.24
[libretro INFO] [MAME 2003+] Opening ROM file: 1943kai.25
[libretro INFO] [MAME 2003+] Opening ROM file: 1943kai.06
[libretro INFO] [MAME 2003+] Opening ROM file: 1943kai.07
[libretro INFO] [MAME 2003+] Opening ROM file: 1943kai.08
[libretro INFO] [MAME 2003+] Opening ROM file: 1943kai.09
[libretro INFO] [MAME 2003+] Opening ROM file: 1943kai.10
[libretro INFO] [MAME 2003+] Opening ROM file: 1943kai.11
[libretro INFO] [MAME 2003+] Opening ROM file: 1943kai.12
[libretro INFO] [MAME 2003+] Opening ROM file: 1943kai.13
[libretro INFO] [MAME 2003+] Opening ROM file: 1943kai.14
[libretro INFO] [MAME 2003+] Opening ROM file: 1943kai.23
[libretro INFO] [MAME 2003+] Opening ROM file: bmk01.bin
[libretro INFO] [MAME 2003+] Opening ROM file: bmk02.bin
[libretro INFO] [MAME 2003+] Opening ROM file: bmk03.bin
[libretro INFO] [MAME 2003+] Opening ROM file: bmk05.bin
[libretro INFO] [MAME 2003+] Opening ROM file: bmk10.bin
[libretro INFO] [MAME 2003+] Opening ROM file: bmk09.bin
[libretro INFO] [MAME 2003+] Opening ROM file: bmk12.bin
[libretro INFO] [MAME 2003+] Opening ROM file: bmk11.bin
[libretro INFO] [MAME 2003+] Opening ROM file: bmk08.bin
[libretro INFO] [MAME 2003+] Opening ROM file: bmk07.bin
[libretro INFO] [MAME 2003+] Opening ROM file: bmprom.04
[libretro INFO] [MAME 2003+] Opening ROM file: bmprom.06
[libretro INFO] [MAME 2003+] Succesfully loaded ROMs.
[INFO] [Environ]: SET_ROTATION: 0
[libretro INFO] [MAME 2003+] This port of RetroArch does not support rotation or it has been disabled. Mame will rotate internally.
[INFO] [Environ]: SET_PIXEL_FORMAT: RGB565.
[libretro INFO] [MAME 2003+] 

CONTROLS: 

GAMEINFO: 1943 Kai - Midway Kaisen
1987 Capcom

CPU:
Z80 6.000000 MHz
Z80 3.000000 MHz (sound)

Sound:
2xYM2203 1.500000 MHz

Screen Resolution:
256 x 224 (V) 60.000000 Hz

[libretro INFO] [MAME 2003+] Preparing emulated CPUs for execution.
[libretro INFO] [MAME 2003+] 1943kai hiscore memory map found in hiscore.dat!
[INFO] [Replay]: Found last replay slot: #0
[INFO] [SRAM]: Ignorando carregamento da SRAM.
[INFO] [Core]: Versão da API libretro: 1, Compilado contra a API: 1
[INFO] [Audio]: Set audio input rate to: 48000.00 Hz.
[INFO] [Video]: Set video size to: fullscreen.
[ERROR] [Wayland]: Failed to connect to Wayland server.
[INFO] [Vulkan]: Vulkan dynamic library loaded.
[INFO] [Vulkan]: Found vulkan context: "vk_x".
[INFO] [Vulkan]: Detecting screen resolution: 3840x2160.
[INFO] [XINERAMA]: Xinerama version: 1.1.
[INFO] [XINERAMA]: Xinerama screens: 1.
[INFO] [X/Vulkan]: Using Xinerama on screen #0.
[INFO] [X/Vulkan]: X = 0, Y = 0, W = 3840, H = 2160.
[INFO] [X/Vulkan]: Using windowed fullscreen.
[INFO] [Vulkan]: Found GPU at index 0: "NVIDIA GeForce RTX 2060".
[INFO] [Vulkan]: Using GPU index 0.
[INFO] [Vulkan]: Using fences for WSI acquire.
[INFO] [Vulkan]: Using GPU: "NVIDIA GeForce RTX 2060".
[INFO] [Vulkan]: Queue family 0 supports 16 sub-queues.
[INFO] [Vulkan]: Got 3 swapchain images.
[INFO] [Vulkan]: Using resolution 3840x2160.
[INFO] [Vulkan]: Using RGB565 format.
[INFO] [Shaders]: Specific shader preset found at "/home/willian/.config/retroarch/config/global.slangp".
[INFO] [slang]: Compiling shader: "/home/willian/.config/retroarch/shaders/shaders_slang/bezel/Mega_Bezel/shaders/base/add-params-all.slang".
[INFO] [slang]: Using render target format R8G8B8A8_UNORM for pass output #0.
[INFO] [slang]: Compiling shader: "/home/willian/.config/retroarch/shaders/shaders_slang/bezel/Mega_Bezel/shaders/base/stock.slang".
[INFO] [slang]: Using render target format R8G8B8A8_SRGB for pass output #1.
[INFO] [slang]: Compiling shader: "/home/willian/.config/retroarch/shaders/shaders_slang/bezel/Mega_Bezel/shaders/base/add-negative-crop-area.slang".
[INFO] [slang]: Using render target format R8G8B8A8_SRGB for pass output #2.
[INFO] [slang]: Compiling shader: "/home/willian/.config/retroarch/shaders/shaders_slang/bezel/Mega_Bezel/shaders/base/cache-info-all-params.slang".
[INFO] [slang]: Using render target format R32G32B32A32_SFLOAT for pass output #3.
[INFO] [slang]: Compiling shader: "/home/willian/.config/retroarch/shaders/shaders_slang/bezel/Mega_Bezel/shaders/base/text-adv.slang".
[INFO] [slang]: Using render target format R16G16B16A16_SFLOAT for pass output #4.
[INFO] [slang]: Compiling shader: "/home/willian/.config/retroarch/shaders/shaders_slang/bezel/Mega_Bezel/shaders/base/intro.slang".
[INFO] [slang]: Using render target format R16G16B16A16_SFLOAT for pass output #5.
[INFO] [slang]: Compiling shader: "/home/willian/.config/retroarch/shaders/shaders_slang/bezel/Mega_Bezel/shaders/dedither/dedither-gamma-prep-1-before.slang".
[INFO] [slang]: Using render target format R8G8B8A8_UNORM for pass output #6.
[INFO] [slang]: Compiling shader: "/home/willian/.config/retroarch/shaders/shaders_slang/bezel/Mega_Bezel/shaders/hyllian/sgenpt-mix/sgenpt-mix-pass1.slang".
[INFO] [slang]: Using render target format R8G8B8A8_UNORM for pass output #7.
[INFO] [slang]: Compiling shader: "/home/willian/.config/retroarch/shaders/shaders_slang/bezel/Mega_Bezel/shaders/hyllian/sgenpt-mix/sgenpt-mix-pass2.slang".
[INFO] [slang]: Using render target format R8G8B8A8_UNORM for pass output #8.
[INFO] [slang]: Compiling shader: "/home/willian/.config/retroarch/shaders/shaders_slang/bezel/Mega_Bezel/shaders/hyllian/sgenpt-mix/sgenpt-mix-pass3.slang".
[INFO] [slang]: Using render target format R8G8B8A8_UNORM for pass output #9.
[INFO] [slang]: Compiling shader: "/home/willian/.config/retroarch/shaders/shaders_slang/bezel/Mega_Bezel/shaders/hyllian/sgenpt-mix/sgenpt-mix-pass4.slang".
[INFO] [slang]: Using render target format R8G8B8A8_UNORM for pass output #10.
[INFO] [slang]: Compiling shader: "/home/willian/.config/retroarch/shaders/shaders_slang/bezel/Mega_Bezel/shaders/hyllian/sgenpt-mix/sgenpt-mix-pass5.slang".
[INFO] [slang]: Using render target format R8G8B8A8_UNORM for pass output #11.
[INFO] [slang]: Compiling shader: "/home/willian/.config/retroarch/shaders/shaders_slang/bezel/Mega_Bezel/shaders/dedither/dedither-gamma-prep-2-after.slang".
[INFO] [slang]: Using render target format R8G8B8A8_UNORM for pass output #12.
[INFO] [slang]: Compiling shader: "/home/willian/.config/retroarch/shaders/shaders_slang/bezel/Mega_Bezel/shaders/ps1dither/hsm-PS1-Undither-BoxBlur.slang".
[INFO] [slang]: Using render target format R8G8B8A8_UNORM for pass output #13.
[INFO] [slang]: Compiling shader: "/home/willian/.config/retroarch/shaders/shaders_slang/bezel/Mega_Bezel/shaders/guest/extras/hsm-g-sharp_resampler.slang".
[INFO] [slang]: Using render target format R8G8B8A8_UNORM for pass output #14.
[INFO] [slang]: Compiling shader: "/home/willian/.config/retroarch/shaders/shaders_slang/bezel/Mega_Bezel/shaders/guest/extras/hsm-sharpsmoother.slang".
[INFO] [slang]: Using render target format R8G8B8A8_UNORM for pass output #15.
[INFO] [slang]: Compiling shader: "/home/willian/.config/retroarch/shaders/shaders_slang/bezel/Mega_Bezel/shaders/base/stock.slang".
[INFO] [slang]: Using render target format R8G8B8A8_UNORM for pass output #16.
[INFO] [slang]: Compiling shader: "/home/willian/.config/retroarch/shaders/shaders_slang/bezel/Mega_Bezel/shaders/scalefx/hsm-scalefx-pass0.slang".
[INFO] [slang]: Using render target format R16G16B16A16_SFLOAT for pass output #17.
[INFO] [slang]: Compiling shader: "/home/willian/.config/retroarch/shaders/shaders_slang/bezel/Mega_Bezel/shaders/scalefx/hsm-scalefx-pass1.slang".
[INFO] [slang]: Using render target format R8G8B8A8_UNORM for pass output #18.
[INFO] [slang]: Compiling shader: "/home/willian/.config/retroarch/shaders/shaders_slang/bezel/Mega_Bezel/shaders/scalefx/hsm-scalefx-pass2.slang".
[INFO] [slang]: Using render target format R8G8B8A8_UNORM for pass output #19.
[INFO] [slang]: Compiling shader: "/home/willian/.config/retroarch/shaders/shaders_slang/bezel/Mega_Bezel/shaders/scalefx/hsm-scalefx-pass3.slang".
[INFO] [slang]: Using render target format R8G8B8A8_UNORM for pass output #20.
[INFO] [slang]: Compiling shader: "/home/willian/.config/retroarch/shaders/shaders_slang/bezel/Mega_Bezel/shaders/scalefx/hsm-scalefx-pass4.slang".
[INFO] [slang]: Using render target format R8G8B8A8_UNORM for pass output #21.
[INFO] [slang]: Compiling shader: "/home/willian/.config/retroarch/shaders/shaders_slang/bezel/Mega_Bezel/shaders/gtu/hsm-gtu-pass1.slang".
[INFO] [slang]: Using render target format R16G16B16A16_SFLOAT for pass output #22.
[INFO] [slang]: Compiling shader: "/home/willian/.config/retroarch/shaders/shaders_slang/bezel/Mega_Bezel/shaders/gtu/hsm-gtu-pass2.slang".
[INFO] [slang]: Using render target format R16G16B16A16_SFLOAT for pass output #23.
[INFO] [slang]: Compiling shader: "/home/willian/.config/retroarch/shaders/shaders_slang/bezel/Mega_Bezel/shaders/base/stock.slang".
[INFO] [slang]: Using render target format R8G8B8A8_UNORM for pass output #24.
[INFO] [slang]: Compiling shader: "/home/willian/.config/retroarch/shaders/shaders_slang/bezel/Mega_Bezel/shaders/guest/hsm-afterglow0.slang".
[INFO] [slang]: Using render target format R8G8B8A8_UNORM for pass output #25.
[INFO] [slang]: Compiling shader: "/home/willian/.config/retroarch/shaders/shaders_slang/bezel/Mega_Bezel/shaders/guest/hsm-pre-shaders-afterglow.slang".
[INFO] [slang]: Using render target format R8G8B8A8_UNORM for pass output #26.
[INFO] [slang]: Compiling shader: "/home/willian/.config/retroarch/shaders/shaders_slang/bezel/Mega_Bezel/shaders/dogway/hsm-grade.slang".
[INFO] [slang]: Using render target format R8G8B8A8_UNORM for pass output #27.
[INFO] [slang]: Compiling shader: "/home/willian/.config/retroarch/shaders/shaders_slang/bezel/Mega_Bezel/shaders/guest/hsm-custom-fast-sharpen.slang".
[INFO] [slang]: Using render target format R8G8B8A8_UNORM for pass output #28.
[INFO] [slang]: Compiling shader: "/home/willian/.config/retroarch/shaders/shaders_slang/bezel/Mega_Bezel/shaders/base/stock.slang".
[INFO] [slang]: Using render target format R8G8B8A8_UNORM for pass output #29.
[INFO] [slang]: Compiling shader: "/home/willian/.config/retroarch/shaders/shaders_slang/bezel/Mega_Bezel/shaders/guest/hsm-avg-lum.slang".
[INFO] [slang]: Using render target format R8G8B8A8_UNORM for pass output #30.
[INFO] [slang]: Compiling shader: "/home/willian/.config/retroarch/shaders/shaders_slang/bezel/Mega_Bezel/shaders/guest/hsm-interlace-and-linearize.slang".
[INFO] [slang]: Using render target format R16G16B16A16_SFLOAT for pass output #31.
[INFO] [slang]: Compiling shader: "/home/willian/.config/retroarch/shaders/shaders_slang/bezel/Mega_Bezel/shaders/guest/hsm-gaussian_horizontal.slang".
[INFO] [slang]: Using render target format R16G16B16A16_SFLOAT for pass output #32.
[INFO] [slang]: Compiling shader: "/home/willian/.config/retroarch/shaders/shaders_slang/bezel/Mega_Bezel/shaders/guest/hsm-gaussian_vertical.slang".
[INFO] [slang]: Using render target format R16G16B16A16_SFLOAT for pass output #33.
[INFO] [slang]: Compiling shader: "/home/willian/.config/retroarch/shaders/shaders_slang/bezel/Mega_Bezel/shaders/guest/hsm-bloom_horizontal.slang".
[INFO] [slang]: Using render target format R16G16B16A16_SFLOAT for pass output #34.
[INFO] [slang]: Compiling shader: "/home/willian/.config/retroarch/shaders/shaders_slang/bezel/Mega_Bezel/shaders/guest/hsm-bloom_vertical.slang".
[INFO] [slang]: Using render target format R16G16B16A16_SFLOAT for pass output #35.
[INFO] [slang]: Compiling shader: "/home/willian/.config/retroarch/shaders/shaders_slang/bezel/Mega_Bezel/shaders/guest/hsm-crt-guest-advanced.slang".
[INFO] [slang]: Using render target format R16G16B16A16_SFLOAT for pass output #36.
[INFO] [slang]: Compiling shader: "/home/willian/.config/retroarch/shaders/shaders_slang/bezel/Mega_Bezel/shaders/guest/hsm-deconvergence.slang".
[INFO] [slang]: Using render target format R16G16B16A16_SFLOAT for pass output #37.
[INFO] [slang]: Compiling shader: "/home/willian/.config/retroarch/shaders/shaders_slang/bezel/Mega_Bezel/shaders/base/post-crt-prep-image-layers.slang".
[INFO] [slang]: Using render target format R16G16B16A16_SFLOAT for pass output #38.
[INFO] [slang]: Compiling shader: "/home/willian/.config/retroarch/shaders/shaders_slang/bezel/Mega_Bezel/shaders/base/bezel-images-under-crt.slang".
[INFO] [slang]: Using render target format R16G16B16A16_SFLOAT for pass output #39.
[INFO] [slang]: Compiling shader: "/home/willian/.config/retroarch/shaders/shaders_slang/bezel/Mega_Bezel/shaders/base/bezel-images-over-crt.slang".
[INFO] [slang]: Using render target format R16G16B16A16_SFLOAT for pass output #40.
[INFO] [slang]: Compiling shader: "/home/willian/.config/retroarch/shaders/shaders_slang/bezel/Mega_Bezel/shaders/base/linearize-crt.slang".
[INFO] [slang]: Using render target format R16G16B16A16_SFLOAT for pass output #41.
[INFO] [slang]: Compiling shader: "/home/willian/.config/retroarch/shaders/shaders_slang/bezel/Mega_Bezel/shaders/base/blur-outside-screen-horiz.slang".
[INFO] [slang]: Using render target format R8G8B8A8_UNORM for pass output #42.
[INFO] [slang]: Compiling shader: "/home/willian/.config/retroarch/shaders/shaders_slang/bezel/Mega_Bezel/shaders/base/blur-outside-screen-vert.slang".
[INFO] [slang]: Using render target format R8G8B8A8_UNORM for pass output #43.
[INFO] [slang]: Compiling shader: "/home/willian/.config/retroarch/shaders/shaders_slang/blurs/shaders/royale/blur9x9.slang".
[INFO] [slang]: Using render target format R16G16B16A16_SFLOAT for pass output #44.
[INFO] [slang]: Compiling shader: "/home/willian/.config/retroarch/shaders/shaders_slang/blurs/shaders/royale/blur9x9.slang".
[INFO] [slang]: Using render target format R16G16B16A16_SFLOAT for pass output #45.
[INFO] [slang]: Compiling shader: "/home/willian/.config/retroarch/shaders/shaders_slang/bezel/Mega_Bezel/shaders/base/reflection.slang".
[INFO] [slang]: Using render target format R16G16B16A16_SFLOAT for pass output #46.
[INFO] [slang]: Compiling shader: "/home/willian/.config/retroarch/shaders/shaders_slang/bezel/Mega_Bezel/shaders/base/combine-passes.slang".
[INFO] [slang]: Using render target format R8G8B8A8_UNORM for pass output #47.
[INFO] [Vulkan filter chain]: Creating framebuffer 256x256 (max 1 level(s)).
[INFO] [Vulkan filter chain]: Creating framebuffer 256x256 (max 1 level(s)).
[INFO] [Vulkan filter chain]: Creating framebuffer 256x256 (max 1 level(s)).
[INFO] [Vulkan filter chain]: Creating framebuffer 256x256 (max 1 level(s)).
[INFO] [Vulkan filter chain]: Creating framebuffer 256x256 (max 1 level(s)).
[INFO] [Vulkan filter chain]: Creating framebuffer 256x256 (max 1 level(s)).
[INFO] [Vulkan filter chain]: Creating framebuffer 256x256 (max 1 level(s)).
[INFO] [Vulkan filter chain]: Creating framebuffer 256x256 (max 1 level(s)).
[INFO] [Vulkan filter chain]: Creating framebuffer 256x256 (max 1 level(s)).
[INFO] [Vulkan filter chain]: Creating framebuffer 256x256 (max 1 level(s)).
[INFO] [Vulkan filter chain]: Creating framebuffer 256x256 (max 1 level(s)).
[INFO] [Vulkan filter chain]: Creating framebuffer 256x256 (max 1 level(s)).
[INFO] [Vulkan filter chain]: Creating framebuffer 256x256 (max 1 level(s)).
[INFO] [Vulkan filter chain]: Creating framebuffer 256x256 (max 1 level(s)).
[INFO] [Vulkan filter chain]: Creating framebuffer 256x256 (max 1 level(s)).
[INFO] [Vulkan filter chain]: Creating framebuffer 256x256 (max 1 level(s)).
[INFO] [Vulkan filter chain]: Creating framebuffer 256x256 (max 1 level(s)).
[INFO] [Vulkan filter chain]: Creating framebuffer 256x256 (max 1 level(s)).
[INFO] [Vulkan filter chain]: Creating framebuffer 256x256 (max 1 level(s)).
[INFO] [Vulkan filter chain]: Creating framebuffer 256x256 (max 1 level(s)).
[INFO] [Vulkan filter chain]: Creating framebuffer 256x256 (max 1 level(s)).
[INFO] [Vulkan filter chain]: Creating framebuffer 768x768 (max 1 level(s)).
[INFO] [Vulkan filter chain]: Creating framebuffer 768x768 (max 1 level(s)).
[INFO] [Vulkan filter chain]: Creating framebuffer 768x768 (max 1 level(s)).
[INFO] [Vulkan filter chain]: Creating framebuffer 768x768 (max 1 level(s)).
[INFO] [Vulkan filter chain]: Creating framebuffer 768x768 (max 4294967295 level(s)).
[INFO] [Vulkan filter chain]: Creating framebuffer 768x768 (max 1 level(s)).
[INFO] [Vulkan filter chain]: Creating framebuffer 768x768 (max 1 level(s)).
[INFO] [Vulkan filter chain]: Creating framebuffer 768x768 (max 4294967295 level(s)).
[INFO] [Vulkan filter chain]: Creating framebuffer 768x768 (max 4294967295 level(s)).
[INFO] [Vulkan filter chain]: Creating framebuffer 768x768 (max 1 level(s)).
[INFO] [Vulkan filter chain]: Creating framebuffer 768x768 (max 1 level(s)).
[INFO] [Vulkan filter chain]: Creating framebuffer 800x768 (max 1 level(s)).
[INFO] [Vulkan filter chain]: Creating framebuffer 800x600 (max 1 level(s)).
[INFO] [Vulkan filter chain]: Creating framebuffer 800x600 (max 1 level(s)).
[INFO] [Vulkan filter chain]: Creating framebuffer 800x600 (max 1 level(s)).
[INFO] [Vulkan filter chain]: Creating framebuffer 3840x2160 (max 1 level(s)).
[INFO] [Vulkan filter chain]: Creating framebuffer 3840x2160 (max 4294967295 level(s)).
[INFO] [Vulkan filter chain]: Creating framebuffer 3840x2160 (max 1 level(s)).
[INFO] [Vulkan filter chain]: Creating framebuffer 3840x2160 (max 1 level(s)).
[INFO] [Vulkan filter chain]: Creating framebuffer 3840x2160 (max 4294967295 level(s)).
[INFO] [Vulkan filter chain]: Creating framebuffer 800x600 (max 4294967295 level(s)).
[INFO] [Vulkan filter chain]: Creating framebuffer 800x600 (max 1 level(s)).
[INFO] [Vulkan filter chain]: Creating framebuffer 800x600 (max 4294967295 level(s)).
[INFO] [Vulkan filter chain]: Creating framebuffer 128x128 (max 4294967295 level(s)).
[INFO] [Vulkan filter chain]: Creating framebuffer 12x12 (max 1 level(s)).
[INFO] [Vulkan filter chain]: Creating framebuffer 3840x2160 (max 1 level(s)).
[INFO] [Vulkan filter chain]: Creating framebuffer 3840x2160 (max 1 level(s)).
[INFO] [Vulkan filter chain]: Creating framebuffer 256x256 (max 1 level(s)).
[INFO] [Vulkan filter chain]: Creating framebuffer 256x256 (max 1 level(s)).
[INFO] [Vulkan filter chain]: Creating framebuffer 256x256 (max 1 level(s)).
[INFO] [Vulkan filter chain]: Creating framebuffer 256x256 (max 1 level(s)).
[INFO] [Vulkan filter chain]: Using framebuffer feedback for pass #3.
[INFO] [Vulkan filter chain]: Creating framebuffer 256x256 (max 1 level(s)).
[INFO] [Vulkan filter chain]: Using framebuffer feedback for pass #4.
[INFO] [Vulkan filter chain]: Creating framebuffer 768x768 (max 4294967295 level(s)).
[INFO] [Vulkan filter chain]: Using framebuffer feedback for pass #25.
[INFO] [Vulkan filter chain]: Creating framebuffer 768x768 (max 1 level(s)).
[INFO] [Vulkan filter chain]: Using framebuffer feedback for pass #30.
[INFO] [Vulkan filter chain]: Creating framebuffer 3840x2160 (max 1 level(s)).
[INFO] [Vulkan filter chain]: Using framebuffer feedback for pass #38.
[INFO] [Vulkan filter chain]: Creating framebuffer 3840x2160 (max 1 level(s)).
[INFO] [Vulkan filter chain]: Using framebuffer feedback for pass #39.
[INFO] [Vulkan filter chain]: Creating framebuffer 3840x2160 (max 4294967295 level(s)).
[INFO] [Vulkan filter chain]: Using framebuffer feedback for pass #40.
[INFO] [Vulkan filter chain]: Creating framebuffer 3840x2160 (max 1 level(s)).
[INFO] [Vulkan filter chain]: Using framebuffer feedback for pass #46.
[INFO] [Vulkan filter chain]: Creating framebuffer 3840x2160 (max 1 level(s)).
[INFO] [Vulkan filter chain]: Using framebuffer feedback for pass #47.
[INFO] [Joypad]: Found joypad driver: "udev".
[INFO] [DBus]: Suspended screensaver via DBus.
[INFO] [Video]: Found display server: "x11".
[INFO] [PulseAudio]: Requested 24576 bytes buffer, got 18432.
[INFO] [Display]: Found display driver: "vulkan".
[INFO] [Environ]: SET_INPUT_DESCRIPTORS:
[INFO] [Playlist]: Carregando o arquivo de favoritos: "/home/willian/.config/retroarch/content_favorites.lpl".
[INFO] [Vulkan filter chain]: Creating framebuffer 256x256 (max 1 level(s)).
[INFO] [Vulkan filter chain]: Creating framebuffer 256x256 (max 1 level(s)).
[INFO] [Vulkan filter chain]: Creating framebuffer 256x256 (max 1 level(s)).
[INFO] [Vulkan filter chain]: Creating framebuffer 256x256 (max 1 level(s)).
[INFO] [Vulkan filter chain]: Creating framebuffer 256x256 (max 1 level(s)).
[INFO] [Vulkan filter chain]: Creating framebuffer 256x256 (max 1 level(s)).
[INFO] [Vulkan filter chain]: Creating framebuffer 256x256 (max 1 level(s)).
[INFO] [Vulkan filter chain]: Creating framebuffer 256x256 (max 1 level(s)).
[INFO] [Vulkan filter chain]: Creating framebuffer 256x256 (max 1 level(s)).
[INFO] [Vulkan filter chain]: Creating framebuffer 256x256 (max 1 level(s)).
[INFO] [Vulkan filter chain]: Creating framebuffer 256x256 (max 1 level(s)).
[INFO] [Vulkan filter chain]: Creating framebuffer 256x256 (max 1 level(s)).
[INFO] [Vulkan filter chain]: Creating framebuffer 256x256 (max 1 level(s)).
[INFO] [Vulkan filter chain]: Creating framebuffer 256x256 (max 1 level(s)).
[INFO] [Vulkan filter chain]: Creating framebuffer 256x256 (max 1 level(s)).
[INFO] [Vulkan filter chain]: Creating framebuffer 256x256 (max 1 level(s)).
[INFO] [Vulkan filter chain]: Creating framebuffer 256x256 (max 1 level(s)).
[INFO] [Vulkan filter chain]: Creating framebuffer 256x256 (max 1 level(s)).
[INFO] [Vulkan filter chain]: Creating framebuffer 256x256 (max 1 level(s)).
[INFO] [Vulkan filter chain]: Creating framebuffer 256x256 (max 1 level(s)).
[INFO] [Vulkan filter chain]: Creating framebuffer 256x256 (max 1 level(s)).
[INFO] [Vulkan filter chain]: Creating framebuffer 768x768 (max 1 level(s)).
[INFO] [Vulkan filter chain]: Creating framebuffer 768x768 (max 1 level(s)).
[INFO] [Vulkan filter chain]: Creating framebuffer 768x768 (max 1 level(s)).
[INFO] [Vulkan filter chain]: Creating framebuffer 768x768 (max 1 level(s)).
[INFO] [Vulkan filter chain]: Creating framebuffer 768x768 (max 4294967295 level(s)).
[INFO] [Vulkan filter chain]: Creating framebuffer 768x768 (max 1 level(s)).
[INFO] [Vulkan filter chain]: Creating framebuffer 768x768 (max 1 level(s)).
[INFO] [Vulkan filter chain]: Creating framebuffer 768x768 (max 4294967295 level(s)).
[INFO] [Vulkan filter chain]: Creating framebuffer 768x768 (max 4294967295 level(s)).
[INFO] [Vulkan filter chain]: Creating framebuffer 768x768 (max 1 level(s)).
[INFO] [Vulkan filter chain]: Creating framebuffer 768x768 (max 1 level(s)).
[INFO] [Vulkan filter chain]: Creating framebuffer 800x768 (max 1 level(s)).
[INFO] [Vulkan filter chain]: Creating framebuffer 800x600 (max 1 level(s)).
[INFO] [Vulkan filter chain]: Creating framebuffer 800x600 (max 1 level(s)).
[INFO] [Vulkan filter chain]: Creating framebuffer 800x600 (max 1 level(s)).
[INFO] [Vulkan filter chain]: Creating framebuffer 3840x2160 (max 1 level(s)).
[INFO] [Vulkan filter chain]: Creating framebuffer 3840x2160 (max 4294967295 level(s)).
[INFO] [Vulkan filter chain]: Creating framebuffer 3840x2160 (max 1 level(s)).
[INFO] [Vulkan filter chain]: Creating framebuffer 3840x2160 (max 1 level(s)).
[INFO] [Vulkan filter chain]: Creating framebuffer 3840x2160 (max 4294967295 level(s)).
[INFO] [Vulkan filter chain]: Creating framebuffer 800x600 (max 4294967295 level(s)).
[INFO] [Vulkan filter chain]: Creating framebuffer 800x600 (max 1 level(s)).
[INFO] [Vulkan filter chain]: Creating framebuffer 800x600 (max 4294967295 level(s)).
[INFO] [Vulkan filter chain]: Creating framebuffer 128x128 (max 4294967295 level(s)).
[INFO] [Vulkan filter chain]: Creating framebuffer 12x12 (max 1 level(s)).
[INFO] [Vulkan filter chain]: Creating framebuffer 3840x2160 (max 1 level(s)).
[INFO] [Vulkan filter chain]: Creating framebuffer 3840x2160 (max 1 level(s)).
[INFO] [Vulkan filter chain]: Creating framebuffer 256x256 (max 1 level(s)).
[INFO] [Vulkan filter chain]: Creating framebuffer 256x256 (max 1 level(s)).
[INFO] [Vulkan filter chain]: Creating framebuffer 256x256 (max 1 level(s)).
[INFO] [Vulkan filter chain]: Creating framebuffer 256x256 (max 1 level(s)).
[INFO] [Vulkan filter chain]: Using framebuffer feedback for pass #3.
[INFO] [Vulkan filter chain]: Creating framebuffer 256x256 (max 1 level(s)).
[INFO] [Vulkan filter chain]: Using framebuffer feedback for pass #4.
[INFO] [Vulkan filter chain]: Creating framebuffer 768x768 (max 4294967295 level(s)).
[INFO] [Vulkan filter chain]: Using framebuffer feedback for pass #25.
[INFO] [Vulkan filter chain]: Creating framebuffer 768x768 (max 1 level(s)).
[INFO] [Vulkan filter chain]: Using framebuffer feedback for pass #30.
[INFO] [Vulkan filter chain]: Creating framebuffer 3840x2160 (max 1 level(s)).
[INFO] [Vulkan filter chain]: Using framebuffer feedback for pass #38.
[INFO] [Vulkan filter chain]: Creating framebuffer 3840x2160 (max 1 level(s)).
[INFO] [Vulkan filter chain]: Using framebuffer feedback for pass #39.
[INFO] [Vulkan filter chain]: Creating framebuffer 3840x2160 (max 4294967295 level(s)).
[INFO] [Vulkan filter chain]: Using framebuffer feedback for pass #40.
[INFO] [Vulkan filter chain]: Creating framebuffer 3840x2160 (max 1 level(s)).
[INFO] [Vulkan filter chain]: Using framebuffer feedback for pass #46.
[INFO] [Vulkan filter chain]: Creating framebuffer 3840x2160 (max 1 level(s)).
[INFO] [Vulkan filter chain]: Using framebuffer feedback for pass #47.
[INFO] [Environ]: SET_GEOMETRY: 256x224, Aspect: 0.750.
[INFO] [Vulkan filter chain]: Updating framebuffer size 224x256 (format: 37).
[INFO] [Vulkan filter chain]: Updating framebuffer size 224x256 (format: 43).
[INFO] [Vulkan filter chain]: Updating framebuffer size 224x256 (format: 43).
[INFO] [Vulkan filter chain]: Updating framebuffer size 224x256 (format: 109).
[INFO] [Vulkan filter chain]: Updating framebuffer size 224x256 (format: 97).
[INFO] [Vulkan filter chain]: Updating framebuffer size 224x256 (format: 97).
[INFO] [Vulkan filter chain]: Updating framebuffer size 224x256 (format: 37).
[INFO] [Vulkan filter chain]: Updating framebuffer size 224x256 (format: 37).
[INFO] [Vulkan filter chain]: Updating framebuffer size 224x256 (format: 37).
[INFO] [Vulkan filter chain]: Updating framebuffer size 224x256 (format: 37).
[INFO] [Vulkan filter chain]: Updating framebuffer size 224x256 (format: 37).
[INFO] [Vulkan filter chain]: Updating framebuffer size 224x256 (format: 37).
[INFO] [Vulkan filter chain]: Updating framebuffer size 224x256 (format: 37).
[INFO] [Vulkan filter chain]: Updating framebuffer size 224x256 (format: 37).
[INFO] [Vulkan filter chain]: Updating framebuffer size 224x256 (format: 37).
[INFO] [Vulkan filter chain]: Updating framebuffer size 224x256 (format: 37).
[INFO] [Vulkan filter chain]: Updating framebuffer size 224x256 (format: 37).
[INFO] [Vulkan filter chain]: Updating framebuffer size 224x256 (format: 97).
[INFO] [Vulkan filter chain]: Updating framebuffer size 224x256 (format: 37).
[INFO] [Vulkan filter chain]: Updating framebuffer size 224x256 (format: 37).
[INFO] [Vulkan filter chain]: Updating framebuffer size 224x256 (format: 37).
[INFO] [Vulkan filter chain]: Updating framebuffer size 672x768 (format: 37).
[INFO] [Vulkan filter chain]: Updating framebuffer size 672x768 (format: 97).
[INFO] [Vulkan filter chain]: Updating framebuffer size 672x768 (format: 97).
[INFO] [Vulkan filter chain]: Updating framebuffer size 672x768 (format: 37).
[INFO] [Vulkan filter chain]: Updating framebuffer size 672x768 (format: 37).
[INFO] [Vulkan filter chain]: Updating framebuffer size 672x768 (format: 37).
[INFO] [Vulkan filter chain]: Updating framebuffer size 672x768 (format: 37).
[INFO] [Vulkan filter chain]: Updating framebuffer size 672x768 (format: 37).
[INFO] [Vulkan filter chain]: Updating framebuffer size 672x768 (format: 37).
[INFO] [Vulkan filter chain]: Updating framebuffer size 672x768 (format: 37).
[INFO] [Vulkan filter chain]: Updating framebuffer size 672x768 (format: 97).
[INFO] [Vulkan filter chain]: Updating framebuffer size 224x256 (format: 37).
[INFO] [X/Vulkan]: Resized fullscreen resolution to 3840x2160.
[INFO] [Vulkan filter chain]: Creating framebuffer 256x256 (max 1 level(s)).
[INFO] [Vulkan filter chain]: Creating framebuffer 256x256 (max 1 level(s)).
[INFO] [Vulkan filter chain]: Creating framebuffer 256x256 (max 1 level(s)).
[INFO] [Vulkan filter chain]: Creating framebuffer 256x256 (max 1 level(s)).
[INFO] [Vulkan filter chain]: Creating framebuffer 256x256 (max 1 level(s)).
[INFO] [Vulkan filter chain]: Creating framebuffer 256x256 (max 1 level(s)).
[INFO] [Vulkan filter chain]: Creating framebuffer 256x256 (max 1 level(s)).
[INFO] [Vulkan filter chain]: Creating framebuffer 256x256 (max 1 level(s)).
[INFO] [Vulkan filter chain]: Creating framebuffer 256x256 (max 1 level(s)).
[INFO] [Vulkan filter chain]: Creating framebuffer 256x256 (max 1 level(s)).
[INFO] [Vulkan filter chain]: Creating framebuffer 256x256 (max 1 level(s)).
[INFO] [Vulkan filter chain]: Creating framebuffer 256x256 (max 1 level(s)).
[INFO] [Vulkan filter chain]: Creating framebuffer 256x256 (max 1 level(s)).
[INFO] [Vulkan filter chain]: Creating framebuffer 256x256 (max 1 level(s)).
[INFO] [Vulkan filter chain]: Creating framebuffer 256x256 (max 1 level(s)).
[INFO] [Vulkan filter chain]: Creating framebuffer 256x256 (max 1 level(s)).
[INFO] [Vulkan filter chain]: Creating framebuffer 256x256 (max 1 level(s)).
[INFO] [Vulkan filter chain]: Creating framebuffer 256x256 (max 1 level(s)).
[INFO] [Vulkan filter chain]: Creating framebuffer 256x256 (max 1 level(s)).
[INFO] [Vulkan filter chain]: Creating framebuffer 256x256 (max 1 level(s)).
[INFO] [Vulkan filter chain]: Creating framebuffer 256x256 (max 1 level(s)).
[INFO] [Vulkan filter chain]: Creating framebuffer 768x768 (max 1 level(s)).
[INFO] [Vulkan filter chain]: Creating framebuffer 768x768 (max 1 level(s)).
[INFO] [Vulkan filter chain]: Creating framebuffer 768x768 (max 1 level(s)).
[INFO] [Vulkan filter chain]: Creating framebuffer 768x768 (max 1 level(s)).
[INFO] [Vulkan filter chain]: Creating framebuffer 768x768 (max 4294967295 level(s)).
[INFO] [Vulkan filter chain]: Creating framebuffer 768x768 (max 1 level(s)).
[INFO] [Vulkan filter chain]: Creating framebuffer 768x768 (max 1 level(s)).
[INFO] [Vulkan filter chain]: Creating framebuffer 768x768 (max 4294967295 level(s)).
[INFO] [Vulkan filter chain]: Creating framebuffer 768x768 (max 4294967295 level(s)).
[INFO] [Vulkan filter chain]: Creating framebuffer 768x768 (max 1 level(s)).
[INFO] [Vulkan filter chain]: Creating framebuffer 768x768 (max 1 level(s)).
[INFO] [Vulkan filter chain]: Creating framebuffer 800x768 (max 1 level(s)).
[INFO] [Vulkan filter chain]: Creating framebuffer 800x600 (max 1 level(s)).
[INFO] [Vulkan filter chain]: Creating framebuffer 800x600 (max 1 level(s)).
[INFO] [Vulkan filter chain]: Creating framebuffer 800x600 (max 1 level(s)).
[INFO] [Vulkan filter chain]: Creating framebuffer 3840x2160 (max 1 level(s)).
[INFO] [Vulkan filter chain]: Creating framebuffer 3840x2160 (max 4294967295 level(s)).
[INFO] [Vulkan filter chain]: Creating framebuffer 3840x2160 (max 1 level(s)).
[INFO] [Vulkan filter chain]: Creating framebuffer 3840x2160 (max 1 level(s)).
[INFO] [Vulkan filter chain]: Creating framebuffer 3840x2160 (max 4294967295 level(s)).
[INFO] [Vulkan filter chain]: Creating framebuffer 800x600 (max 4294967295 level(s)).
[INFO] [Vulkan filter chain]: Creating framebuffer 800x600 (max 1 level(s)).
[INFO] [Vulkan filter chain]: Creating framebuffer 800x600 (max 4294967295 level(s)).
[INFO] [Vulkan filter chain]: Creating framebuffer 128x128 (max 4294967295 level(s)).
[INFO] [Vulkan filter chain]: Creating framebuffer 12x12 (max 1 level(s)).
[INFO] [Vulkan filter chain]: Creating framebuffer 3840x2160 (max 1 level(s)).
[INFO] [Vulkan filter chain]: Creating framebuffer 3840x2160 (max 1 level(s)).
[INFO] [Vulkan filter chain]: Creating framebuffer 256x256 (max 1 level(s)).
[INFO] [Vulkan filter chain]: Creating framebuffer 256x256 (max 1 level(s)).
[INFO] [Vulkan filter chain]: Creating framebuffer 256x256 (max 1 level(s)).
[INFO] [Vulkan filter chain]: Creating framebuffer 256x256 (max 1 level(s)).
[INFO] [Vulkan filter chain]: Using framebuffer feedback for pass #3.
[INFO] [Vulkan filter chain]: Creating framebuffer 256x256 (max 1 level(s)).
[INFO] [Vulkan filter chain]: Using framebuffer feedback for pass #4.
[INFO] [Vulkan filter chain]: Creating framebuffer 768x768 (max 4294967295 level(s)).
[INFO] [Vulkan filter chain]: Using framebuffer feedback for pass #25.
[INFO] [Vulkan filter chain]: Creating framebuffer 768x768 (max 1 level(s)).
[INFO] [Vulkan filter chain]: Using framebuffer feedback for pass #30.
[INFO] [Vulkan filter chain]: Creating framebuffer 3840x2160 (max 1 level(s)).
[INFO] [Vulkan filter chain]: Using framebuffer feedback for pass #38.
[INFO] [Vulkan filter chain]: Creating framebuffer 3840x2160 (max 1 level(s)).
[INFO] [Vulkan filter chain]: Using framebuffer feedback for pass #39.
[INFO] [Vulkan filter chain]: Creating framebuffer 3840x2160 (max 4294967295 level(s)).
[INFO] [Vulkan filter chain]: Using framebuffer feedback for pass #40.
[INFO] [Vulkan filter chain]: Creating framebuffer 3840x2160 (max 1 level(s)).
[INFO] [Vulkan filter chain]: Using framebuffer feedback for pass #46.
[INFO] [Vulkan filter chain]: Creating framebuffer 3840x2160 (max 1 level(s)).
[INFO] [Vulkan filter chain]: Using framebuffer feedback for pass #47.
[libretro INFO] watchdog armed
[INFO] [Vulkan filter chain]: Updating framebuffer size 224x256 (format: 37).
[INFO] [Vulkan filter chain]: Updating framebuffer size 224x256 (format: 43).
[INFO] [Vulkan filter chain]: Updating framebuffer size 224x256 (format: 43).
[INFO] [Vulkan filter chain]: Updating framebuffer size 224x256 (format: 109).
[INFO] [Vulkan filter chain]: Updating framebuffer size 224x256 (format: 97).
[INFO] [Vulkan filter chain]: Updating framebuffer size 224x256 (format: 97).
[INFO] [Vulkan filter chain]: Updating framebuffer size 224x256 (format: 37).
[INFO] [Vulkan filter chain]: Updating framebuffer size 224x256 (format: 37).
[INFO] [Vulkan filter chain]: Updating framebuffer size 224x256 (format: 37).
[INFO] [Vulkan filter chain]: Updating framebuffer size 224x256 (format: 37).
[INFO] [Vulkan filter chain]: Updating framebuffer size 224x256 (format: 37).
[INFO] [Vulkan filter chain]: Updating framebuffer size 224x256 (format: 37).
[INFO] [Vulkan filter chain]: Updating framebuffer size 224x256 (format: 37).
[INFO] [Vulkan filter chain]: Updating framebuffer size 224x256 (format: 37).
[INFO] [Vulkan filter chain]: Updating framebuffer size 224x256 (format: 37).
[INFO] [Vulkan filter chain]: Updating framebuffer size 224x256 (format: 37).
[INFO] [Vulkan filter chain]: Updating framebuffer size 224x256 (format: 37).
[INFO] [Vulkan filter chain]: Updating framebuffer size 224x256 (format: 97).
[INFO] [Vulkan filter chain]: Updating framebuffer size 224x256 (format: 37).
[INFO] [Vulkan filter chain]: Updating framebuffer size 224x256 (format: 37).
[INFO] [Vulkan filter chain]: Updating framebuffer size 224x256 (format: 37).
[INFO] [Vulkan filter chain]: Updating framebuffer size 672x768 (format: 37).
[INFO] [Vulkan filter chain]: Updating framebuffer size 672x768 (format: 97).
[INFO] [Vulkan filter chain]: Updating framebuffer size 672x768 (format: 97).
[INFO] [Vulkan filter chain]: Updating framebuffer size 672x768 (format: 37).
[INFO] [Vulkan filter chain]: Updating framebuffer size 672x768 (format: 37).
[INFO] [Vulkan filter chain]: Updating framebuffer size 672x768 (format: 37).
[INFO] [Vulkan filter chain]: Updating framebuffer size 672x768 (format: 37).
[INFO] [Vulkan filter chain]: Updating framebuffer size 672x768 (format: 37).
[INFO] [Vulkan filter chain]: Updating framebuffer size 672x768 (format: 37).
[INFO] [Vulkan filter chain]: Updating framebuffer size 672x768 (format: 37).
[INFO] [Vulkan filter chain]: Updating framebuffer size 672x768 (format: 97).
[INFO] [Vulkan filter chain]: Updating framebuffer size 224x256 (format: 37).
[INFO] [Vulkan filter chain]: Updating framebuffer size 224x256 (format: 109).
[INFO] [Vulkan filter chain]: Updating framebuffer size 224x256 (format: 97).
[INFO] [Vulkan filter chain]: Updating framebuffer size 672x768 (format: 37).
[INFO] [Vulkan filter chain]: Updating framebuffer size 672x768 (format: 37).
[INFO] [Vulkan filter chain]: Updating framebuffer size 224x256 (format: 37).
[INFO] [Vulkan filter chain]: Updating framebuffer size 224x256 (format: 37).
[INFO] [Core]: Content ran for a total of: 00 hours, 00 minutes, 02 seconds.
[INFO] [Runtime]: Saving runtime log file: "/home/willian/.config/retroarch/playlists/logs/MAME 2003-Plus/1943kai.lrtl".
[INFO] [Core]: Unloading game..
[libretro INFO] [MAME 2003+] saving 1943kai.hi hiscore memory file...
[INFO] [PulseAudio]: Pausing.
[INFO] [Core]: Unloading core..
[INFO] [Core]: Unloading core symbols..
[INFO] [Core]: Saved core options file to "/home/willian/.config/retroarch/config/MAME 2003-Plus/MAME 2003-Plus.opt".
[INFO] [XINERAMA]: Xinerama version: 1.1.
[INFO] [XINERAMA]: Xinerama screens: 1.
[INFO] [XINERAMA]: Saved monitor #0.
[INFO] [Video]: Does not have enough samples for monitor refresh rate estimation. Requires to run for at least 4096 frames.
