[INFO] RetroArch 1.15.0 (Git 6616b807ed)
[INFO] === Build =======================================
[INFO] CPU Model Name: AMD Ryzen 7 5700X 8-Core Processor             
[INFO] Capacidades: MMX MMXEXT SSE SSE2 SSE3 SSE4 SSE4.2 AES AVX AVX2
[INFO] Built: May 25 2023
[INFO] Version: 1.15.0
[INFO] Git: 6616b807ed
[INFO] =================================================
[INFO] [Input]: Found input driver: "x".
[INFO] [Environ]: SET_PIXEL_FORMAT: RGB565.
[INFO] [Core]: Versão da API libretro: 1, Compilado contra a API: 1
[INFO] [Audio]: Set audio input rate to: 48000.00 Hz.
[INFO] [Video]: Set video size to: fullscreen.
[ERROR] [Wayland]: Failed to connect to Wayland server.
[INFO] [Vulkan]: Vulkan dynamic library loaded.
[INFO] [Vulkan]: Found vulkan context: "vk_x".
[INFO] [Vulkan]: Detecting screen resolution: 3840x2160.
[INFO] [XINERAMA]: Xinerama version: 1.1.
[INFO] [XINERAMA]: Xinerama screens: 1.
[INFO] [X/Vulkan]: Using Xinerama on screen #0.
[INFO] [X/Vulkan]: X = 0, Y = 0, W = 3840, H = 2160.
[INFO] [X/Vulkan]: Using windowed fullscreen.
[INFO] [Vulkan]: Found GPU at index 0: "NVIDIA GeForce RTX 2060".
[INFO] [Vulkan]: Using GPU index 0.
[INFO] [Vulkan]: Using fences for WSI acquire.
[INFO] [Vulkan]: Using GPU: "NVIDIA GeForce RTX 2060".
[INFO] [Vulkan]: Queue family 0 supports 16 sub-queues.
[INFO] [Vulkan]: Got 3 swapchain images.
[INFO] [Vulkan]: Using resolution 3840x2160.
[INFO] [Vulkan]: Using RGB565 format.
[INFO] [Vulkan]: Loading stock shader.
[INFO] [udev]: Pad #0 (/dev/input/event3) supports force feedback.
[INFO] [udev]: Pad #0 (/dev/input/event3) supports 16 force feedback effects.
[INFO] [Joypad]: Found joypad driver: "udev".
[INFO] [DBus]: Suspended screensaver via DBus.
[INFO] [Video]: Found display server: "x11".
[INFO] [PulseAudio]: Requested 24576 bytes buffer, got 18432.
[INFO] [Display]: Found display driver: "vulkan".
[INFO] [Playlist]: Carregando o arquivo de favoritos: "/home/willian/.config/retroarch/content_favorites.lpl".
[INFO] [PulseAudio]: Pausing.
[INFO] [X/Vulkan]: Resized fullscreen resolution to 3840x2160.
[INFO] [Playlist]: Written to playlist file: "/home/willian/.config/retroarch/playlists/Sony - PlayStation.lpl".
[INFO] [Core]: Using content: "/home/willian/.config/retroarch/roms/Sony - Playstation/Resident Evil - Director's Cut (USA).pbp".
[INFO] [Core]: Content ran for a total of: 00 hours, 00 minutes, 00 seconds.
[INFO] [Core]: Unloading core..
[INFO] [Core]: Unloading core symbols..
[INFO] [XINERAMA]: Xinerama version: 1.1.
[INFO] [XINERAMA]: Xinerama screens: 1.
[INFO] [XINERAMA]: Saved monitor #0.
[INFO] [Video]: Does not have enough samples for monitor refresh rate estimation. Requires to run for at least 4096 frames.
[INFO] RetroArch 1.15.0 (Git 6616b807ed)
[INFO] === Build =======================================
[INFO] CPU Model Name: AMD Ryzen 7 5700X 8-Core Processor             
[INFO] Capacidades: MMX MMXEXT SSE SSE2 SSE3 SSE4 SSE4.2 AES AVX AVX2
[INFO] Built: May 25 2023
[INFO] Version: 1.15.0
[INFO] Git: 6616b807ed
[INFO] =================================================
[INFO] [Input]: Found input driver: "x".
[INFO] [Core]: Loading dynamic libretro core from: "/home/willian/.config/retroarch/cores/mednafen_psx_hw_libretro.so"
[INFO] [Overrides]: Game-specific overrides found at "/home/willian/.config/retroarch/config/Beetle PSX HW/Resident Evil - Director's Cut (USA).cfg".
[INFO] [Config]: Loading config: "/home/willian/.config/retroarch/retroarch.cfg".
[INFO] [Config]: Appending override config: "/home/willian/.config/retroarch/config/Beetle PSX HW/Resident Evil - Director's Cut (USA).cfg".
[INFO] [Environ]: GET_CORE_OPTIONS_VERSION.
[INFO] [Environ]: GET_LANGUAGE: "7".
[INFO] [Environ]: RETRO_ENVIRONMENT_SET_CORE_OPTIONS_V2_INTL.
[INFO] [Environ]: GET_VFS_INTERFACE. Core requested version >= V2, providing V3.
[INFO] [Environ]: GET_LED_INTERFACE.
[INFO] [Environ]: SET_CONTROLLER_INFO.
[INFO] [Overrides]: Redirecionando arquivo dados da memória do jogo em "/home/willian/.config/retroarch/saves/Resident Evil - Director's Cut (USA).srm".
[INFO] [Overrides]: Redirecionando o jogo salvo em "/home/willian/.config/retroarch/states/Resident Evil - Director's Cut (USA).state".
[INFO] [Environ]: GET_LOG_INTERFACE.
[INFO] [Environ]: GET_MESSAGE_INTERFACE_VERSION.
[INFO] [Environ]: SYSTEM_DIRECTORY: "/home/willian/.config/retroarch/system".
[INFO] [Environ]: GET_SAVE_DIRECTORY.
[INFO] [Environ]: GET_DISK_CONTROL_INTERFACE_VERSION.
[INFO] [Environ]: SET_DISK_CONTROL_EXT_INTERFACE.
[INFO] [Environ]: GET_PERF_INTERFACE.
[INFO] [Environ]: SET_SERIALIZATION_QUIRKS.
[INFO] [Environ]: PERFORMANCE_LEVEL: 15.
[INFO] [Content]: Carregamento de conteúdo ignorado. A implementação irá carregar por conta própria.
[INFO] [Environ]: SET_INPUT_DESCRIPTORS:
[INFO] [Environ]: GET_RUMBLE_INTERFACE.
[libretro INFO] Rumble interface supported!
[INFO] [Environ]: SET_PIXEL_FORMAT: XRGB8888.
[INFO] [Environ]: SET_CONTROLLER_INFO.
[libretro INFO] Loading /home/willian/.config/retroarch/roms/Sony - Playstation/Resident Evil - Director's Cut (USA).pbp...
[libretro INFO] Checking if required firmware is present...
[libretro INFO] Firmware found: /home/willian/.config/retroarch/system/scph5501.bin
[libretro INFO] Firmware SHA1: 0555C6FAE8906F3F09BAF5988F00E55F88E9F30B
[INFO] [Environ]: SET_HW_RENDER, context type: vulkan.
[INFO] Requesting Vulkan context.
[INFO] [Environ]: SET_HW_RENDER_CONTEXT_NEGOTIATION_INTERFACE.
[INFO] [Replay]: Found last replay slot: #0
[INFO] [Core]: Versão da API libretro: 1, Compilado contra a API: 1
[INFO] [Audio]: Set audio input rate to: 44100.00 Hz.
[INFO] [Video]: Set video size to: fullscreen.
[INFO] [Video]: Using HW render, vulkan driver forced.
[ERROR] [Wayland]: Failed to connect to Wayland server.
[INFO] [Vulkan]: Vulkan dynamic library loaded.
[INFO] [Vulkan]: Found vulkan context: "vk_x".
[INFO] [Vulkan]: Detecting screen resolution: 3840x2160.
[INFO] [XINERAMA]: Xinerama version: 1.1.
[INFO] [XINERAMA]: Xinerama screens: 1.
[INFO] [X/Vulkan]: Using Xinerama on screen #0.
[INFO] [X/Vulkan]: X = 0, Y = 0, W = 3840, H = 2160.
[INFO] [X/Vulkan]: Using windowed fullscreen.
[INFO] [Vulkan]: Got HW context negotiation interface 2.
[INFO] [Vulkan]: Found GPU at index 0: "NVIDIA GeForce RTX 2060".
[INFO] [Vulkan]: Using GPU index 0.
[libretro INFO] Selected Vulkan GPU: NVIDIA GeForce RTX 2060
[libretro INFO] GPU supports Vulkan 1.1.
[INFO] [Vulkan]: Using fences for WSI acquire.
[INFO] [Vulkan]: Using GPU: "NVIDIA GeForce RTX 2060".
[INFO] [Vulkan]: Got 3 swapchain images.
[INFO] [Vulkan]: Using resolution 3840x2160.
[INFO] [Vulkan]: Using BGRA8888 format.
[INFO] [Shaders]: Specific shader preset found at "/home/willian/.config/retroarch/config/global.slangp".
[INFO] [slang]: Compiling shader: "/home/willian/.config/retroarch/shaders/shaders_slang/bezel/Mega_Bezel/shaders/base/add-params-all.slang".
[INFO] [slang]: Using render target format R8G8B8A8_UNORM for pass output #0.
[INFO] [slang]: Compiling shader: "/home/willian/.config/retroarch/shaders/shaders_slang/bezel/Mega_Bezel/shaders/base/stock.slang".
[INFO] [slang]: Using render target format R8G8B8A8_SRGB for pass output #1.
[INFO] [slang]: Compiling shader: "/home/willian/.config/retroarch/shaders/shaders_slang/bezel/Mega_Bezel/shaders/base/add-negative-crop-area.slang".
[INFO] [slang]: Using render target format R8G8B8A8_SRGB for pass output #2.
[INFO] [slang]: Compiling shader: "/home/willian/.config/retroarch/shaders/shaders_slang/bezel/Mega_Bezel/shaders/base/cache-info-all-params.slang".
[INFO] [slang]: Using render target format R32G32B32A32_SFLOAT for pass output #3.
[INFO] [slang]: Compiling shader: "/home/willian/.config/retroarch/shaders/shaders_slang/bezel/Mega_Bezel/shaders/base/text-adv.slang".
[INFO] [slang]: Using render target format R16G16B16A16_SFLOAT for pass output #4.
[INFO] [slang]: Compiling shader: "/home/willian/.config/retroarch/shaders/shaders_slang/bezel/Mega_Bezel/shaders/base/intro.slang".
[INFO] [slang]: Using render target format R16G16B16A16_SFLOAT for pass output #5.
[INFO] [slang]: Compiling shader: "/home/willian/.config/retroarch/shaders/shaders_slang/bezel/Mega_Bezel/shaders/dedither/dedither-gamma-prep-1-before.slang".
[INFO] [slang]: Using render target format R8G8B8A8_UNORM for pass output #6.
[INFO] [slang]: Compiling shader: "/home/willian/.config/retroarch/shaders/shaders_slang/bezel/Mega_Bezel/shaders/hyllian/sgenpt-mix/sgenpt-mix-pass1.slang".
[INFO] [slang]: Using render target format R8G8B8A8_UNORM for pass output #7.
[INFO] [slang]: Compiling shader: "/home/willian/.config/retroarch/shaders/shaders_slang/bezel/Mega_Bezel/shaders/hyllian/sgenpt-mix/sgenpt-mix-pass2.slang".
[INFO] [slang]: Using render target format R8G8B8A8_UNORM for pass output #8.
[INFO] [slang]: Compiling shader: "/home/willian/.config/retroarch/shaders/shaders_slang/bezel/Mega_Bezel/shaders/hyllian/sgenpt-mix/sgenpt-mix-pass3.slang".
[INFO] [slang]: Using render target format R8G8B8A8_UNORM for pass output #9.
[INFO] [slang]: Compiling shader: "/home/willian/.config/retroarch/shaders/shaders_slang/bezel/Mega_Bezel/shaders/hyllian/sgenpt-mix/sgenpt-mix-pass4.slang".
[INFO] [slang]: Using render target format R8G8B8A8_UNORM for pass output #10.
[INFO] [slang]: Compiling shader: "/home/willian/.config/retroarch/shaders/shaders_slang/bezel/Mega_Bezel/shaders/hyllian/sgenpt-mix/sgenpt-mix-pass5.slang".
[INFO] [slang]: Using render target format R8G8B8A8_UNORM for pass output #11.
[INFO] [slang]: Compiling shader: "/home/willian/.config/retroarch/shaders/shaders_slang/bezel/Mega_Bezel/shaders/dedither/dedither-gamma-prep-2-after.slang".
[INFO] [slang]: Using render target format R8G8B8A8_UNORM for pass output #12.
[INFO] [slang]: Compiling shader: "/home/willian/.config/retroarch/shaders/shaders_slang/bezel/Mega_Bezel/shaders/ps1dither/hsm-PS1-Undither-BoxBlur.slang".
[INFO] [slang]: Using render target format R8G8B8A8_UNORM for pass output #13.
[INFO] [slang]: Compiling shader: "/home/willian/.config/retroarch/shaders/shaders_slang/bezel/Mega_Bezel/shaders/guest/extras/hsm-g-sharp_resampler.slang".
[INFO] [slang]: Using render target format R8G8B8A8_UNORM for pass output #14.
[INFO] [slang]: Compiling shader: "/home/willian/.config/retroarch/shaders/shaders_slang/bezel/Mega_Bezel/shaders/guest/extras/hsm-sharpsmoother.slang".
[INFO] [slang]: Using render target format R8G8B8A8_UNORM for pass output #15.
[INFO] [slang]: Compiling shader: "/home/willian/.config/retroarch/shaders/shaders_slang/bezel/Mega_Bezel/shaders/base/stock.slang".
[INFO] [slang]: Using render target format R8G8B8A8_UNORM for pass output #16.
[INFO] [slang]: Compiling shader: "/home/willian/.config/retroarch/shaders/shaders_slang/bezel/Mega_Bezel/shaders/scalefx/hsm-scalefx-pass0.slang".
[INFO] [slang]: Using render target format R16G16B16A16_SFLOAT for pass output #17.
[INFO] [slang]: Compiling shader: "/home/willian/.config/retroarch/shaders/shaders_slang/bezel/Mega_Bezel/shaders/scalefx/hsm-scalefx-pass1.slang".
[INFO] [slang]: Using render target format R8G8B8A8_UNORM for pass output #18.
[INFO] [slang]: Compiling shader: "/home/willian/.config/retroarch/shaders/shaders_slang/bezel/Mega_Bezel/shaders/scalefx/hsm-scalefx-pass2.slang".
[INFO] [slang]: Using render target format R8G8B8A8_UNORM for pass output #19.
[INFO] [slang]: Compiling shader: "/home/willian/.config/retroarch/shaders/shaders_slang/bezel/Mega_Bezel/shaders/scalefx/hsm-scalefx-pass3.slang".
[INFO] [slang]: Using render target format R8G8B8A8_UNORM for pass output #20.
[INFO] [slang]: Compiling shader: "/home/willian/.config/retroarch/shaders/shaders_slang/bezel/Mega_Bezel/shaders/scalefx/hsm-scalefx-pass4.slang".
[INFO] [slang]: Using render target format R8G8B8A8_UNORM for pass output #21.
[INFO] [slang]: Compiling shader: "/home/willian/.config/retroarch/shaders/shaders_slang/bezel/Mega_Bezel/shaders/gtu/hsm-gtu-pass1.slang".
[INFO] [slang]: Using render target format R16G16B16A16_SFLOAT for pass output #22.
[INFO] [slang]: Compiling shader: "/home/willian/.config/retroarch/shaders/shaders_slang/bezel/Mega_Bezel/shaders/gtu/hsm-gtu-pass2.slang".
[INFO] [slang]: Using render target format R16G16B16A16_SFLOAT for pass output #23.
[INFO] [slang]: Compiling shader: "/home/willian/.config/retroarch/shaders/shaders_slang/bezel/Mega_Bezel/shaders/base/stock.slang".
[INFO] [slang]: Using render target format R8G8B8A8_UNORM for pass output #24.
[INFO] [slang]: Compiling shader: "/home/willian/.config/retroarch/shaders/shaders_slang/bezel/Mega_Bezel/shaders/guest/hsm-afterglow0.slang".
[INFO] [slang]: Using render target format R8G8B8A8_UNORM for pass output #25.
[INFO] [slang]: Compiling shader: "/home/willian/.config/retroarch/shaders/shaders_slang/bezel/Mega_Bezel/shaders/guest/hsm-pre-shaders-afterglow.slang".
[INFO] [slang]: Using render target format R8G8B8A8_UNORM for pass output #26.
[INFO] [slang]: Compiling shader: "/home/willian/.config/retroarch/shaders/shaders_slang/bezel/Mega_Bezel/shaders/dogway/hsm-grade.slang".
[INFO] [slang]: Using render target format R8G8B8A8_UNORM for pass output #27.
[INFO] [slang]: Compiling shader: "/home/willian/.config/retroarch/shaders/shaders_slang/bezel/Mega_Bezel/shaders/guest/hsm-custom-fast-sharpen.slang".
[INFO] [slang]: Using render target format R8G8B8A8_UNORM for pass output #28.
[INFO] [slang]: Compiling shader: "/home/willian/.config/retroarch/shaders/shaders_slang/bezel/Mega_Bezel/shaders/base/stock.slang".
[INFO] [slang]: Using render target format R8G8B8A8_UNORM for pass output #29.
[INFO] [slang]: Compiling shader: "/home/willian/.config/retroarch/shaders/shaders_slang/bezel/Mega_Bezel/shaders/guest/hsm-avg-lum.slang".
[INFO] [slang]: Using render target format R8G8B8A8_UNORM for pass output #30.
[INFO] [slang]: Compiling shader: "/home/willian/.config/retroarch/shaders/shaders_slang/bezel/Mega_Bezel/shaders/guest/hsm-interlace-and-linearize.slang".
[INFO] [slang]: Using render target format R16G16B16A16_SFLOAT for pass output #31.
[INFO] [slang]: Compiling shader: "/home/willian/.config/retroarch/shaders/shaders_slang/bezel/Mega_Bezel/shaders/guest/hsm-gaussian_horizontal.slang".
[INFO] [slang]: Using render target format R16G16B16A16_SFLOAT for pass output #32.
[INFO] [slang]: Compiling shader: "/home/willian/.config/retroarch/shaders/shaders_slang/bezel/Mega_Bezel/shaders/guest/hsm-gaussian_vertical.slang".
[INFO] [slang]: Using render target format R16G16B16A16_SFLOAT for pass output #33.
[INFO] [slang]: Compiling shader: "/home/willian/.config/retroarch/shaders/shaders_slang/bezel/Mega_Bezel/shaders/guest/hsm-bloom_horizontal.slang".
[INFO] [slang]: Using render target format R16G16B16A16_SFLOAT for pass output #34.
[INFO] [slang]: Compiling shader: "/home/willian/.config/retroarch/shaders/shaders_slang/bezel/Mega_Bezel/shaders/guest/hsm-bloom_vertical.slang".
[INFO] [slang]: Using render target format R16G16B16A16_SFLOAT for pass output #35.
[INFO] [slang]: Compiling shader: "/home/willian/.config/retroarch/shaders/shaders_slang/bezel/Mega_Bezel/shaders/guest/hsm-crt-guest-advanced.slang".
[INFO] [slang]: Using render target format R16G16B16A16_SFLOAT for pass output #36.
[INFO] [slang]: Compiling shader: "/home/willian/.config/retroarch/shaders/shaders_slang/bezel/Mega_Bezel/shaders/guest/hsm-deconvergence.slang".
[INFO] [slang]: Using render target format R16G16B16A16_SFLOAT for pass output #37.
[INFO] [slang]: Compiling shader: "/home/willian/.config/retroarch/shaders/shaders_slang/bezel/Mega_Bezel/shaders/base/post-crt-prep-image-layers.slang".
[INFO] [slang]: Using render target format R16G16B16A16_SFLOAT for pass output #38.
[INFO] [slang]: Compiling shader: "/home/willian/.config/retroarch/shaders/shaders_slang/bezel/Mega_Bezel/shaders/base/bezel-images-under-crt.slang".
[INFO] [slang]: Using render target format R16G16B16A16_SFLOAT for pass output #39.
[INFO] [slang]: Compiling shader: "/home/willian/.config/retroarch/shaders/shaders_slang/bezel/Mega_Bezel/shaders/base/bezel-images-over-crt.slang".
[INFO] [slang]: Using render target format R16G16B16A16_SFLOAT for pass output #40.
[INFO] [slang]: Compiling shader: "/home/willian/.config/retroarch/shaders/shaders_slang/bezel/Mega_Bezel/shaders/base/linearize-crt.slang".
[INFO] [slang]: Using render target format R16G16B16A16_SFLOAT for pass output #41.
[INFO] [slang]: Compiling shader: "/home/willian/.config/retroarch/shaders/shaders_slang/bezel/Mega_Bezel/shaders/base/blur-outside-screen-horiz.slang".
[INFO] [slang]: Using render target format R8G8B8A8_UNORM for pass output #42.
[INFO] [slang]: Compiling shader: "/home/willian/.config/retroarch/shaders/shaders_slang/bezel/Mega_Bezel/shaders/base/blur-outside-screen-vert.slang".
[INFO] [slang]: Using render target format R8G8B8A8_UNORM for pass output #43.
[INFO] [slang]: Compiling shader: "/home/willian/.config/retroarch/shaders/shaders_slang/blurs/shaders/royale/blur9x9.slang".
[INFO] [slang]: Using render target format R16G16B16A16_SFLOAT for pass output #44.
[INFO] [slang]: Compiling shader: "/home/willian/.config/retroarch/shaders/shaders_slang/blurs/shaders/royale/blur9x9.slang".
[INFO] [slang]: Using render target format R16G16B16A16_SFLOAT for pass output #45.
[INFO] [slang]: Compiling shader: "/home/willian/.config/retroarch/shaders/shaders_slang/bezel/Mega_Bezel/shaders/base/reflection.slang".
[INFO] [slang]: Using render target format R16G16B16A16_SFLOAT for pass output #46.
[INFO] [slang]: Compiling shader: "/home/willian/.config/retroarch/shaders/shaders_slang/bezel/Mega_Bezel/shaders/base/combine-passes.slang".
[INFO] [slang]: Using render target format R8G8B8A8_UNORM for pass output #47.
[INFO] [Vulkan filter chain]: Creating framebuffer 1024x1024 (max 1 level(s)).
[INFO] [Vulkan filter chain]: Creating framebuffer 1024x1024 (max 1 level(s)).
[INFO] [Vulkan filter chain]: Creating framebuffer 1024x1024 (max 1 level(s)).
[INFO] [Vulkan filter chain]: Creating framebuffer 1024x1024 (max 1 level(s)).
[INFO] [Vulkan filter chain]: Creating framebuffer 1024x1024 (max 1 level(s)).
[INFO] [Vulkan filter chain]: Creating framebuffer 1024x1024 (max 1 level(s)).
[INFO] [Vulkan filter chain]: Creating framebuffer 1024x1024 (max 1 level(s)).
[INFO] [Vulkan filter chain]: Creating framebuffer 1024x1024 (max 1 level(s)).
[INFO] [Vulkan filter chain]: Creating framebuffer 1024x1024 (max 1 level(s)).
[INFO] [Vulkan filter chain]: Creating framebuffer 1024x1024 (max 1 level(s)).
[INFO] [Vulkan filter chain]: Creating framebuffer 1024x1024 (max 1 level(s)).
[INFO] [Vulkan filter chain]: Creating framebuffer 1024x1024 (max 1 level(s)).
[INFO] [Vulkan filter chain]: Creating framebuffer 1024x1024 (max 1 level(s)).
[INFO] [Vulkan filter chain]: Creating framebuffer 1024x1024 (max 1 level(s)).
[INFO] [Vulkan filter chain]: Creating framebuffer 1024x1024 (max 1 level(s)).
[INFO] [Vulkan filter chain]: Creating framebuffer 1024x1024 (max 1 level(s)).
[INFO] [Vulkan filter chain]: Creating framebuffer 1024x1024 (max 1 level(s)).
[INFO] [Vulkan filter chain]: Creating framebuffer 1024x1024 (max 1 level(s)).
[INFO] [Vulkan filter chain]: Creating framebuffer 1024x1024 (max 1 level(s)).
[INFO] [Vulkan filter chain]: Creating framebuffer 1024x1024 (max 1 level(s)).
[INFO] [Vulkan filter chain]: Creating framebuffer 1024x1024 (max 1 level(s)).
[INFO] [Vulkan filter chain]: Creating framebuffer 3072x3072 (max 1 level(s)).
[INFO] [Vulkan filter chain]: Creating framebuffer 3072x3072 (max 1 level(s)).
[INFO] [Vulkan filter chain]: Creating framebuffer 3072x3072 (max 1 level(s)).
[INFO] [Vulkan filter chain]: Creating framebuffer 3072x3072 (max 1 level(s)).
[INFO] [Vulkan filter chain]: Creating framebuffer 3072x3072 (max 4294967295 level(s)).
[INFO] [Vulkan filter chain]: Creating framebuffer 3072x3072 (max 1 level(s)).
[INFO] [Vulkan filter chain]: Creating framebuffer 3072x3072 (max 1 level(s)).
[INFO] [Vulkan filter chain]: Creating framebuffer 3072x3072 (max 4294967295 level(s)).
[INFO] [Vulkan filter chain]: Creating framebuffer 3072x3072 (max 4294967295 level(s)).
[INFO] [Vulkan filter chain]: Creating framebuffer 3072x3072 (max 1 level(s)).
[INFO] [Vulkan filter chain]: Creating framebuffer 3072x3072 (max 1 level(s)).
[INFO] [Vulkan filter chain]: Creating framebuffer 800x3072 (max 1 level(s)).
[INFO] [Vulkan filter chain]: Creating framebuffer 800x600 (max 1 level(s)).
[INFO] [Vulkan filter chain]: Creating framebuffer 800x600 (max 1 level(s)).
[INFO] [Vulkan filter chain]: Creating framebuffer 800x600 (max 1 level(s)).
[INFO] [Vulkan filter chain]: Creating framebuffer 3840x2160 (max 1 level(s)).
[INFO] [Vulkan filter chain]: Creating framebuffer 3840x2160 (max 4294967295 level(s)).
[INFO] [Vulkan filter chain]: Creating framebuffer 3840x2160 (max 1 level(s)).
[INFO] [Vulkan filter chain]: Creating framebuffer 3840x2160 (max 1 level(s)).
[INFO] [Vulkan filter chain]: Creating framebuffer 3840x2160 (max 4294967295 level(s)).
[INFO] [Vulkan filter chain]: Creating framebuffer 800x600 (max 4294967295 level(s)).
[INFO] [Vulkan filter chain]: Creating framebuffer 800x600 (max 1 level(s)).
[INFO] [Vulkan filter chain]: Creating framebuffer 800x600 (max 4294967295 level(s)).
[INFO] [Vulkan filter chain]: Creating framebuffer 128x128 (max 4294967295 level(s)).
[INFO] [Vulkan filter chain]: Creating framebuffer 12x12 (max 1 level(s)).
[INFO] [Vulkan filter chain]: Creating framebuffer 3840x2160 (max 1 level(s)).
[INFO] [Vulkan filter chain]: Creating framebuffer 3840x2160 (max 1 level(s)).
[INFO] [Vulkan filter chain]: Creating framebuffer 1024x1024 (max 1 level(s)).
[INFO] [Vulkan filter chain]: Creating framebuffer 1024x1024 (max 1 level(s)).
[INFO] [Vulkan filter chain]: Creating framebuffer 1024x1024 (max 1 level(s)).
[INFO] [Vulkan filter chain]: Creating framebuffer 1024x1024 (max 1 level(s)).
[INFO] [Vulkan filter chain]: Using framebuffer feedback for pass #3.
[INFO] [Vulkan filter chain]: Creating framebuffer 1024x1024 (max 1 level(s)).
[INFO] [Vulkan filter chain]: Using framebuffer feedback for pass #4.
[INFO] [Vulkan filter chain]: Creating framebuffer 3072x3072 (max 4294967295 level(s)).
[INFO] [Vulkan filter chain]: Using framebuffer feedback for pass #25.
[INFO] [Vulkan filter chain]: Creating framebuffer 3072x3072 (max 1 level(s)).
[INFO] [Vulkan filter chain]: Using framebuffer feedback for pass #30.
[INFO] [Vulkan filter chain]: Creating framebuffer 3840x2160 (max 1 level(s)).
[INFO] [Vulkan filter chain]: Using framebuffer feedback for pass #38.
[INFO] [Vulkan filter chain]: Creating framebuffer 3840x2160 (max 1 level(s)).
[INFO] [Vulkan filter chain]: Using framebuffer feedback for pass #39.
[INFO] [Vulkan filter chain]: Creating framebuffer 3840x2160 (max 4294967295 level(s)).
[INFO] [Vulkan filter chain]: Using framebuffer feedback for pass #40.
[INFO] [Vulkan filter chain]: Creating framebuffer 3840x2160 (max 1 level(s)).
[INFO] [Vulkan filter chain]: Using framebuffer feedback for pass #46.
[INFO] [Vulkan filter chain]: Creating framebuffer 3840x2160 (max 1 level(s)).
[INFO] [Vulkan filter chain]: Using framebuffer feedback for pass #47.
[INFO] [udev]: Pad #0 (/dev/input/event3) supports force feedback.
[INFO] [udev]: Pad #0 (/dev/input/event3) supports 16 force feedback effects.
[INFO] [Joypad]: Found joypad driver: "udev".
[INFO] [DBus]: Suspended screensaver via DBus.
[INFO] [Video]: Found display server: "x11".
[libretro INFO] num hd textures: 0
[libretro INFO] Creating shader module.
[libretro INFO] Creating descriptor set layout.
[libretro INFO] Creating descriptor set layout.
[libretro INFO] Creating descriptor set layout.
[libretro INFO] Creating pipeline layout.
[libretro INFO] Creating shader module.
[libretro INFO] Creating shader module.
[libretro INFO] Creating descriptor set layout.
[libretro INFO] Creating pipeline layout.
[libretro INFO] Creating shader module.
[libretro INFO] Creating descriptor set layout.
[libretro INFO] Creating pipeline layout.
[libretro INFO] Creating shader module.
[libretro INFO] Creating descriptor set layout.
[libretro INFO] Creating pipeline layout.
[libretro INFO] Creating shader module.
[libretro INFO] Creating shader module.
[libretro INFO] Creating shader module.
[libretro INFO] Creating descriptor set layout.
[libretro INFO] Creating pipeline layout.
[libretro INFO] Creating shader module.
[libretro INFO] Creating descriptor set layout.
[libretro INFO] Creating pipeline layout.
[libretro INFO] Creating shader module.
[libretro INFO] Creating shader module.
[libretro INFO] Creating descriptor set layout.
[libretro INFO] Creating pipeline layout.
[libretro INFO] Creating shader module.
[libretro INFO] Creating descriptor set layout.
[libretro INFO] Creating pipeline layout.
[libretro INFO] Creating shader module.
[libretro INFO] Creating shader module.
[libretro INFO] Creating descriptor set layout.
[libretro INFO] Creating pipeline layout.
[libretro INFO] Creating shader module.
[libretro INFO] Creating shader module.
[libretro INFO] Creating descriptor set layout.
[libretro INFO] Creating pipeline layout.
[libretro INFO] Creating shader module.
[libretro INFO] Creating shader module.
[libretro INFO] Creating descriptor set layout.
[libretro INFO] Creating pipeline layout.
[libretro INFO] Creating shader module.
[libretro INFO] Creating shader module.
[libretro INFO] Creating descriptor set layout.
[libretro INFO] Creating pipeline layout.
[libretro INFO] Creating shader module.
[libretro INFO] Creating descriptor set layout.
[libretro INFO] Creating pipeline layout.
[libretro INFO] Creating shader module.
[libretro INFO] Creating shader module.
[libretro INFO] Creating pipeline layout.
[libretro INFO] Creating shader module.
[libretro INFO] Creating shader module.
[libretro INFO] Creating pipeline layout.
[libretro INFO] Creating shader module.
[libretro INFO] Creating shader module.
[libretro INFO] Creating descriptor set layout.
[libretro INFO] Creating pipeline layout.
[libretro INFO] Creating shader module.
[libretro INFO] Creating shader module.
[libretro INFO] Creating descriptor set layout.
[libretro INFO] Creating pipeline layout.
[libretro INFO] Creating shader module.
[libretro INFO] Creating descriptor set layout.
[libretro INFO] Creating pipeline layout.
[libretro INFO] Creating shader module.
[libretro INFO] Creating descriptor set layout.
[libretro INFO] Creating pipeline layout.
[libretro INFO] Creating shader module.
[libretro INFO] Creating descriptor set layout.
[libretro INFO] Creating pipeline layout.
[libretro INFO] Creating shader module.
[libretro INFO] Creating descriptor set layout.
[libretro INFO] Creating pipeline layout.
[INFO] [PulseAudio]: Requested 24576 bytes buffer, got 18432.
[INFO] [Display]: Found display driver: "vulkan".
[libretro INFO] Controller 1: PlayStation Controller
[libretro INFO] Controller 2: PlayStation Controller
[INFO] [Playlist]: Carregando o arquivo de favoritos: "/home/willian/.config/retroarch/content_favorites.lpl".
[INFO] [Vulkan filter chain]: Creating framebuffer 1024x1024 (max 1 level(s)).
[INFO] [Vulkan filter chain]: Creating framebuffer 1024x1024 (max 1 level(s)).
[INFO] [Vulkan filter chain]: Creating framebuffer 1024x1024 (max 1 level(s)).
[INFO] [Vulkan filter chain]: Creating framebuffer 1024x1024 (max 1 level(s)).
[INFO] [Vulkan filter chain]: Creating framebuffer 1024x1024 (max 1 level(s)).
[INFO] [Vulkan filter chain]: Creating framebuffer 1024x1024 (max 1 level(s)).
[INFO] [Vulkan filter chain]: Creating framebuffer 1024x1024 (max 1 level(s)).
[INFO] [Vulkan filter chain]: Creating framebuffer 1024x1024 (max 1 level(s)).
[INFO] [Vulkan filter chain]: Creating framebuffer 1024x1024 (max 1 level(s)).
[INFO] [Vulkan filter chain]: Creating framebuffer 1024x1024 (max 1 level(s)).
[INFO] [Vulkan filter chain]: Creating framebuffer 1024x1024 (max 1 level(s)).
[INFO] [Vulkan filter chain]: Creating framebuffer 1024x1024 (max 1 level(s)).
[INFO] [Vulkan filter chain]: Creating framebuffer 1024x1024 (max 1 level(s)).
[INFO] [Vulkan filter chain]: Creating framebuffer 1024x1024 (max 1 level(s)).
[INFO] [Vulkan filter chain]: Creating framebuffer 1024x1024 (max 1 level(s)).
[INFO] [Vulkan filter chain]: Creating framebuffer 1024x1024 (max 1 level(s)).
[INFO] [Vulkan filter chain]: Creating framebuffer 1024x1024 (max 1 level(s)).
[INFO] [Vulkan filter chain]: Creating framebuffer 1024x1024 (max 1 level(s)).
[INFO] [Vulkan filter chain]: Creating framebuffer 1024x1024 (max 1 level(s)).
[INFO] [Vulkan filter chain]: Creating framebuffer 1024x1024 (max 1 level(s)).
[INFO] [Vulkan filter chain]: Creating framebuffer 1024x1024 (max 1 level(s)).
[INFO] [Vulkan filter chain]: Creating framebuffer 3072x3072 (max 1 level(s)).
[INFO] [Vulkan filter chain]: Creating framebuffer 3072x3072 (max 1 level(s)).
[INFO] [Vulkan filter chain]: Creating framebuffer 3072x3072 (max 1 level(s)).
[INFO] [Vulkan filter chain]: Creating framebuffer 3072x3072 (max 1 level(s)).
[INFO] [Vulkan filter chain]: Creating framebuffer 3072x3072 (max 4294967295 level(s)).
[INFO] [Vulkan filter chain]: Creating framebuffer 3072x3072 (max 1 level(s)).
[INFO] [Vulkan filter chain]: Creating framebuffer 3072x3072 (max 1 level(s)).
[INFO] [Vulkan filter chain]: Creating framebuffer 3072x3072 (max 4294967295 level(s)).
[INFO] [Vulkan filter chain]: Creating framebuffer 3072x3072 (max 4294967295 level(s)).
[INFO] [Vulkan filter chain]: Creating framebuffer 3072x3072 (max 1 level(s)).
[INFO] [Vulkan filter chain]: Creating framebuffer 3072x3072 (max 1 level(s)).
[INFO] [Vulkan filter chain]: Creating framebuffer 800x3072 (max 1 level(s)).
[INFO] [Vulkan filter chain]: Creating framebuffer 800x600 (max 1 level(s)).
[INFO] [Vulkan filter chain]: Creating framebuffer 800x600 (max 1 level(s)).
[INFO] [Vulkan filter chain]: Creating framebuffer 800x600 (max 1 level(s)).
[INFO] [Vulkan filter chain]: Creating framebuffer 3840x2160 (max 1 level(s)).
[INFO] [Vulkan filter chain]: Creating framebuffer 3840x2160 (max 4294967295 level(s)).
[INFO] [Vulkan filter chain]: Creating framebuffer 3840x2160 (max 1 level(s)).
[INFO] [Vulkan filter chain]: Creating framebuffer 3840x2160 (max 1 level(s)).
[INFO] [Vulkan filter chain]: Creating framebuffer 3840x2160 (max 4294967295 level(s)).
[INFO] [Vulkan filter chain]: Creating framebuffer 800x600 (max 4294967295 level(s)).
[INFO] [Vulkan filter chain]: Creating framebuffer 800x600 (max 1 level(s)).
[INFO] [Vulkan filter chain]: Creating framebuffer 800x600 (max 4294967295 level(s)).
[INFO] [Vulkan filter chain]: Creating framebuffer 128x128 (max 4294967295 level(s)).
[INFO] [Vulkan filter chain]: Creating framebuffer 12x12 (max 1 level(s)).
[INFO] [Vulkan filter chain]: Creating framebuffer 3840x2160 (max 1 level(s)).
[INFO] [Vulkan filter chain]: Creating framebuffer 3840x2160 (max 1 level(s)).
[INFO] [Vulkan filter chain]: Creating framebuffer 1024x1024 (max 1 level(s)).
[INFO] [Vulkan filter chain]: Creating framebuffer 1024x1024 (max 1 level(s)).
[INFO] [Vulkan filter chain]: Creating framebuffer 1024x1024 (max 1 level(s)).
[INFO] [Vulkan filter chain]: Creating framebuffer 1024x1024 (max 1 level(s)).
[INFO] [Vulkan filter chain]: Using framebuffer feedback for pass #3.
[INFO] [Vulkan filter chain]: Creating framebuffer 1024x1024 (max 1 level(s)).
[INFO] [Vulkan filter chain]: Using framebuffer feedback for pass #4.
[INFO] [Vulkan filter chain]: Creating framebuffer 3072x3072 (max 4294967295 level(s)).
[INFO] [Vulkan filter chain]: Using framebuffer feedback for pass #25.
[INFO] [Vulkan filter chain]: Creating framebuffer 3072x3072 (max 1 level(s)).
[INFO] [Vulkan filter chain]: Using framebuffer feedback for pass #30.
[INFO] [Vulkan filter chain]: Creating framebuffer 3840x2160 (max 1 level(s)).
[INFO] [Vulkan filter chain]: Using framebuffer feedback for pass #38.
[INFO] [Vulkan filter chain]: Creating framebuffer 3840x2160 (max 1 level(s)).
[INFO] [Vulkan filter chain]: Using framebuffer feedback for pass #39.
[INFO] [Vulkan filter chain]: Creating framebuffer 3840x2160 (max 4294967295 level(s)).
[INFO] [Vulkan filter chain]: Using framebuffer feedback for pass #40.
[INFO] [Vulkan filter chain]: Creating framebuffer 3840x2160 (max 1 level(s)).
[INFO] [Vulkan filter chain]: Using framebuffer feedback for pass #46.
[INFO] [Vulkan filter chain]: Creating framebuffer 3840x2160 (max 1 level(s)).
[INFO] [Vulkan filter chain]: Using framebuffer feedback for pass #47.
[libretro INFO] Creating render pass.
[libretro INFO] Creating render pass.
[INFO] [Vulkan filter chain]: Updating framebuffer size 64x64 (format: 37).
[INFO] [Vulkan filter chain]: Updating framebuffer size 64x64 (format: 43).
[INFO] [Vulkan filter chain]: Updating framebuffer size 64x64 (format: 43).
[INFO] [Vulkan filter chain]: Updating framebuffer size 64x64 (format: 109).
[INFO] [Vulkan filter chain]: Updating framebuffer size 64x64 (format: 97).
[INFO] [Vulkan filter chain]: Updating framebuffer size 64x64 (format: 97).
[INFO] [Vulkan filter chain]: Updating framebuffer size 64x64 (format: 37).
[INFO] [Vulkan filter chain]: Updating framebuffer size 64x64 (format: 37).
[INFO] [Vulkan filter chain]: Updating framebuffer size 64x64 (format: 37).
[INFO] [Vulkan filter chain]: Updating framebuffer size 64x64 (format: 37).
[INFO] [Vulkan filter chain]: Updating framebuffer size 64x64 (format: 37).
[INFO] [Vulkan filter chain]: Updating framebuffer size 64x64 (format: 37).
[INFO] [Vulkan filter chain]: Updating framebuffer size 64x64 (format: 37).
[INFO] [Vulkan filter chain]: Updating framebuffer size 64x64 (format: 37).
[INFO] [Vulkan filter chain]: Updating framebuffer size 64x64 (format: 37).
[INFO] [Vulkan filter chain]: Updating framebuffer size 64x64 (format: 37).
[INFO] [Vulkan filter chain]: Updating framebuffer size 64x64 (format: 37).
[INFO] [Vulkan filter chain]: Updating framebuffer size 64x64 (format: 97).
[INFO] [Vulkan filter chain]: Updating framebuffer size 64x64 (format: 37).
[INFO] [Vulkan filter chain]: Updating framebuffer size 64x64 (format: 37).
[INFO] [Vulkan filter chain]: Updating framebuffer size 64x64 (format: 37).
[INFO] [Vulkan filter chain]: Updating framebuffer size 192x192 (format: 37).
[INFO] [Vulkan filter chain]: Updating framebuffer size 192x192 (format: 97).
[INFO] [Vulkan filter chain]: Updating framebuffer size 192x192 (format: 97).
[INFO] [Vulkan filter chain]: Updating framebuffer size 192x192 (format: 37).
[INFO] [Vulkan filter chain]: Updating framebuffer size 192x192 (format: 37).
[INFO] [Vulkan filter chain]: Updating framebuffer size 192x192 (format: 37).
[INFO] [Vulkan filter chain]: Updating framebuffer size 192x192 (format: 37).
[INFO] [Vulkan filter chain]: Updating framebuffer size 192x192 (format: 37).
[INFO] [Vulkan filter chain]: Updating framebuffer size 192x192 (format: 37).
[INFO] [Vulkan filter chain]: Updating framebuffer size 192x192 (format: 37).
[INFO] [Vulkan filter chain]: Updating framebuffer size 192x192 (format: 97).
[INFO] [Vulkan filter chain]: Updating framebuffer size 800x192 (format: 97).
[INFO] [Vulkan filter chain]: Updating framebuffer size 64x64 (format: 37).
[INFO] [X/Vulkan]: Resized fullscreen resolution to 3840x2160.
[INFO] [Vulkan filter chain]: Creating framebuffer 1024x1024 (max 1 level(s)).
[INFO] [Vulkan filter chain]: Creating framebuffer 1024x1024 (max 1 level(s)).
[INFO] [Vulkan filter chain]: Creating framebuffer 1024x1024 (max 1 level(s)).
[INFO] [Vulkan filter chain]: Creating framebuffer 1024x1024 (max 1 level(s)).
[INFO] [Vulkan filter chain]: Creating framebuffer 1024x1024 (max 1 level(s)).
[INFO] [Vulkan filter chain]: Creating framebuffer 1024x1024 (max 1 level(s)).
[INFO] [Vulkan filter chain]: Creating framebuffer 1024x1024 (max 1 level(s)).
[INFO] [Vulkan filter chain]: Creating framebuffer 1024x1024 (max 1 level(s)).
[INFO] [Vulkan filter chain]: Creating framebuffer 1024x1024 (max 1 level(s)).
[INFO] [Vulkan filter chain]: Creating framebuffer 1024x1024 (max 1 level(s)).
[INFO] [Vulkan filter chain]: Creating framebuffer 1024x1024 (max 1 level(s)).
[INFO] [Vulkan filter chain]: Creating framebuffer 1024x1024 (max 1 level(s)).
[INFO] [Vulkan filter chain]: Creating framebuffer 1024x1024 (max 1 level(s)).
[INFO] [Vulkan filter chain]: Creating framebuffer 1024x1024 (max 1 level(s)).
[INFO] [Vulkan filter chain]: Creating framebuffer 1024x1024 (max 1 level(s)).
[INFO] [Vulkan filter chain]: Creating framebuffer 1024x1024 (max 1 level(s)).
[INFO] [Vulkan filter chain]: Creating framebuffer 1024x1024 (max 1 level(s)).
[INFO] [Vulkan filter chain]: Creating framebuffer 1024x1024 (max 1 level(s)).
[INFO] [Vulkan filter chain]: Creating framebuffer 1024x1024 (max 1 level(s)).
[INFO] [Vulkan filter chain]: Creating framebuffer 1024x1024 (max 1 level(s)).
[INFO] [Vulkan filter chain]: Creating framebuffer 1024x1024 (max 1 level(s)).
[INFO] [Vulkan filter chain]: Creating framebuffer 3072x3072 (max 1 level(s)).
[INFO] [Vulkan filter chain]: Creating framebuffer 3072x3072 (max 1 level(s)).
[INFO] [Vulkan filter chain]: Creating framebuffer 3072x3072 (max 1 level(s)).
[INFO] [Vulkan filter chain]: Creating framebuffer 3072x3072 (max 1 level(s)).
[INFO] [Vulkan filter chain]: Creating framebuffer 3072x3072 (max 4294967295 level(s)).
[INFO] [Vulkan filter chain]: Creating framebuffer 3072x3072 (max 1 level(s)).
[INFO] [Vulkan filter chain]: Creating framebuffer 3072x3072 (max 1 level(s)).
[INFO] [Vulkan filter chain]: Creating framebuffer 3072x3072 (max 4294967295 level(s)).
[INFO] [Vulkan filter chain]: Creating framebuffer 3072x3072 (max 4294967295 level(s)).
[INFO] [Vulkan filter chain]: Creating framebuffer 3072x3072 (max 1 level(s)).
[INFO] [Vulkan filter chain]: Creating framebuffer 3072x3072 (max 1 level(s)).
[INFO] [Vulkan filter chain]: Creating framebuffer 800x3072 (max 1 level(s)).
[INFO] [Vulkan filter chain]: Creating framebuffer 800x600 (max 1 level(s)).
[INFO] [Vulkan filter chain]: Creating framebuffer 800x600 (max 1 level(s)).
[INFO] [Vulkan filter chain]: Creating framebuffer 800x600 (max 1 level(s)).
[INFO] [Vulkan filter chain]: Creating framebuffer 3840x2160 (max 1 level(s)).
[INFO] [Vulkan filter chain]: Creating framebuffer 3840x2160 (max 4294967295 level(s)).
[INFO] [Vulkan filter chain]: Creating framebuffer 3840x2160 (max 1 level(s)).
[INFO] [Vulkan filter chain]: Creating framebuffer 3840x2160 (max 1 level(s)).
[INFO] [Vulkan filter chain]: Creating framebuffer 3840x2160 (max 4294967295 level(s)).
[INFO] [Vulkan filter chain]: Creating framebuffer 800x600 (max 4294967295 level(s)).
[INFO] [Vulkan filter chain]: Creating framebuffer 800x600 (max 1 level(s)).
[INFO] [Vulkan filter chain]: Creating framebuffer 800x600 (max 4294967295 level(s)).
[INFO] [Vulkan filter chain]: Creating framebuffer 128x128 (max 4294967295 level(s)).
[INFO] [Vulkan filter chain]: Creating framebuffer 12x12 (max 1 level(s)).
[INFO] [Vulkan filter chain]: Creating framebuffer 3840x2160 (max 1 level(s)).
[INFO] [Vulkan filter chain]: Creating framebuffer 3840x2160 (max 1 level(s)).
[INFO] [Vulkan filter chain]: Creating framebuffer 1024x1024 (max 1 level(s)).
[INFO] [Vulkan filter chain]: Creating framebuffer 1024x1024 (max 1 level(s)).
[INFO] [Vulkan filter chain]: Creating framebuffer 1024x1024 (max 1 level(s)).
[INFO] [Vulkan filter chain]: Creating framebuffer 1024x1024 (max 1 level(s)).
[INFO] [Vulkan filter chain]: Using framebuffer feedback for pass #3.
[INFO] [Vulkan filter chain]: Creating framebuffer 1024x1024 (max 1 level(s)).
[INFO] [Vulkan filter chain]: Using framebuffer feedback for pass #4.
[INFO] [Vulkan filter chain]: Creating framebuffer 3072x3072 (max 4294967295 level(s)).
[INFO] [Vulkan filter chain]: Using framebuffer feedback for pass #25.
[INFO] [Vulkan filter chain]: Creating framebuffer 3072x3072 (max 1 level(s)).
[INFO] [Vulkan filter chain]: Using framebuffer feedback for pass #30.
[INFO] [Vulkan filter chain]: Creating framebuffer 3840x2160 (max 1 level(s)).
[INFO] [Vulkan filter chain]: Using framebuffer feedback for pass #38.
[INFO] [Vulkan filter chain]: Creating framebuffer 3840x2160 (max 1 level(s)).
[INFO] [Vulkan filter chain]: Using framebuffer feedback for pass #39.
[INFO] [Vulkan filter chain]: Creating framebuffer 3840x2160 (max 4294967295 level(s)).
[INFO] [Vulkan filter chain]: Using framebuffer feedback for pass #40.
[INFO] [Vulkan filter chain]: Creating framebuffer 3840x2160 (max 1 level(s)).
[INFO] [Vulkan filter chain]: Using framebuffer feedback for pass #46.
[INFO] [Vulkan filter chain]: Creating framebuffer 3840x2160 (max 1 level(s)).
[INFO] [Vulkan filter chain]: Using framebuffer feedback for pass #47.
[INFO] [Vulkan filter chain]: Updating framebuffer size 64x64 (format: 37).
[INFO] [Vulkan filter chain]: Updating framebuffer size 64x64 (format: 43).
[INFO] [Vulkan filter chain]: Updating framebuffer size 64x64 (format: 43).
[INFO] [Vulkan filter chain]: Updating framebuffer size 64x64 (format: 109).
[INFO] [Vulkan filter chain]: Updating framebuffer size 64x64 (format: 97).
[INFO] [Vulkan filter chain]: Updating framebuffer size 64x64 (format: 97).
[INFO] [Vulkan filter chain]: Updating framebuffer size 64x64 (format: 37).
[INFO] [Vulkan filter chain]: Updating framebuffer size 64x64 (format: 37).
[INFO] [Vulkan filter chain]: Updating framebuffer size 64x64 (format: 37).
[INFO] [Vulkan filter chain]: Updating framebuffer size 64x64 (format: 37).
[INFO] [Vulkan filter chain]: Updating framebuffer size 64x64 (format: 37).
[INFO] [Vulkan filter chain]: Updating framebuffer size 64x64 (format: 37).
[INFO] [Vulkan filter chain]: Updating framebuffer size 64x64 (format: 37).
[INFO] [Vulkan filter chain]: Updating framebuffer size 64x64 (format: 37).
[INFO] [Vulkan filter chain]: Updating framebuffer size 64x64 (format: 37).
[INFO] [Vulkan filter chain]: Updating framebuffer size 64x64 (format: 37).
[INFO] [Vulkan filter chain]: Updating framebuffer size 64x64 (format: 37).
[INFO] [Vulkan filter chain]: Updating framebuffer size 64x64 (format: 97).
[INFO] [Vulkan filter chain]: Updating framebuffer size 64x64 (format: 37).
[INFO] [Vulkan filter chain]: Updating framebuffer size 64x64 (format: 37).
[INFO] [Vulkan filter chain]: Updating framebuffer size 64x64 (format: 37).
[INFO] [Vulkan filter chain]: Updating framebuffer size 192x192 (format: 37).
[INFO] [Vulkan filter chain]: Updating framebuffer size 192x192 (format: 97).
[INFO] [Vulkan filter chain]: Updating framebuffer size 192x192 (format: 97).
[INFO] [Vulkan filter chain]: Updating framebuffer size 192x192 (format: 37).
[INFO] [Vulkan filter chain]: Updating framebuffer size 192x192 (format: 37).
[INFO] [Vulkan filter chain]: Updating framebuffer size 192x192 (format: 37).
[INFO] [Vulkan filter chain]: Updating framebuffer size 192x192 (format: 37).
[INFO] [Vulkan filter chain]: Updating framebuffer size 192x192 (format: 37).
[INFO] [Vulkan filter chain]: Updating framebuffer size 192x192 (format: 37).
[INFO] [Vulkan filter chain]: Updating framebuffer size 192x192 (format: 37).
[INFO] [Vulkan filter chain]: Updating framebuffer size 192x192 (format: 97).
[INFO] [Vulkan filter chain]: Updating framebuffer size 800x192 (format: 97).
[INFO] [Vulkan filter chain]: Updating framebuffer size 64x64 (format: 37).
[INFO] [Vulkan filter chain]: Updating framebuffer size 64x64 (format: 109).
[INFO] [Vulkan filter chain]: Updating framebuffer size 64x64 (format: 97).
[INFO] [Vulkan filter chain]: Updating framebuffer size 192x192 (format: 37).
[INFO] [Vulkan filter chain]: Updating framebuffer size 192x192 (format: 37).
[INFO] [Vulkan filter chain]: Updating framebuffer size 64x64 (format: 37).
[INFO] [Vulkan filter chain]: Updating framebuffer size 64x64 (format: 37).
[libretro INFO] Creating render pass.
[libretro INFO] Creating render pass.
[libretro INFO] Creating graphics pipeline.
[libretro INFO] Creating render pass.
[libretro INFO] Creating render pass.
[libretro INFO] Creating graphics pipeline.
[INFO] [Vulkan filter chain]: Updating framebuffer size 320x240 (format: 37).
[INFO] [Vulkan filter chain]: Updating framebuffer size 320x240 (format: 43).
[INFO] [Vulkan filter chain]: Updating framebuffer size 320x240 (format: 43).
[INFO] [Vulkan filter chain]: Updating framebuffer size 320x240 (format: 109).
[INFO] [Vulkan filter chain]: Updating framebuffer size 320x240 (format: 97).
[INFO] [Vulkan filter chain]: Updating framebuffer size 320x240 (format: 97).
[INFO] [Vulkan filter chain]: Updating framebuffer size 320x240 (format: 37).
[INFO] [Vulkan filter chain]: Updating framebuffer size 320x240 (format: 37).
[INFO] [Vulkan filter chain]: Updating framebuffer size 320x240 (format: 37).
[INFO] [Vulkan filter chain]: Updating framebuffer size 320x240 (format: 37).
[INFO] [Vulkan filter chain]: Updating framebuffer size 320x240 (format: 37).
[INFO] [Vulkan filter chain]: Updating framebuffer size 320x240 (format: 37).
[INFO] [Vulkan filter chain]: Updating framebuffer size 320x240 (format: 37).
[INFO] [Vulkan filter chain]: Updating framebuffer size 320x240 (format: 37).
[INFO] [Vulkan filter chain]: Updating framebuffer size 320x240 (format: 37).
[INFO] [Vulkan filter chain]: Updating framebuffer size 320x240 (format: 37).
[INFO] [Vulkan filter chain]: Updating framebuffer size 320x240 (format: 37).
[INFO] [Vulkan filter chain]: Updating framebuffer size 320x240 (format: 97).
[INFO] [Vulkan filter chain]: Updating framebuffer size 320x240 (format: 37).
[INFO] [Vulkan filter chain]: Updating framebuffer size 320x240 (format: 37).
[INFO] [Vulkan filter chain]: Updating framebuffer size 320x240 (format: 37).
[INFO] [Vulkan filter chain]: Updating framebuffer size 960x720 (format: 37).
[INFO] [Vulkan filter chain]: Updating framebuffer size 960x720 (format: 97).
[INFO] [Vulkan filter chain]: Updating framebuffer size 960x720 (format: 97).
[INFO] [Vulkan filter chain]: Updating framebuffer size 960x720 (format: 37).
[INFO] [Vulkan filter chain]: Updating framebuffer size 960x720 (format: 37).
[INFO] [Vulkan filter chain]: Updating framebuffer size 960x720 (format: 37).
[INFO] [Vulkan filter chain]: Updating framebuffer size 960x720 (format: 37).
[INFO] [Vulkan filter chain]: Updating framebuffer size 960x720 (format: 37).
[INFO] [Vulkan filter chain]: Updating framebuffer size 960x720 (format: 37).
[INFO] [Vulkan filter chain]: Updating framebuffer size 960x720 (format: 37).
[INFO] [Vulkan filter chain]: Updating framebuffer size 960x720 (format: 97).
[INFO] [Vulkan filter chain]: Updating framebuffer size 800x720 (format: 97).
[INFO] [Vulkan filter chain]: Updating framebuffer size 320x240 (format: 8).
[INFO] [Vulkan filter chain]: Updating framebuffer size 320x240 (format: 109).
[INFO] [Vulkan filter chain]: Updating framebuffer size 320x240 (format: 97).
[INFO] [Vulkan filter chain]: Updating framebuffer size 960x720 (format: 37).
[INFO] [Vulkan filter chain]: Updating framebuffer size 960x720 (format: 37).
[INFO] [Vulkan filter chain]: Updating framebuffer size 320x240 (format: 8).
[INFO] [Vulkan filter chain]: Updating framebuffer size 320x240 (format: 8).
[libretro INFO] Creating compute pipeline.
[libretro INFO] Creating compute pipeline.
[libretro INFO] Creating compute pipeline.
[libretro INFO] Creating render pass.
[libretro INFO] Creating render pass.
[libretro INFO] Creating graphics pipeline.
[INFO] [Vulkan filter chain]: Updating framebuffer size 64x64 (format: 37).
[INFO] [Vulkan filter chain]: Updating framebuffer size 64x64 (format: 43).
[INFO] [Vulkan filter chain]: Updating framebuffer size 64x64 (format: 43).
[INFO] [Vulkan filter chain]: Updating framebuffer size 64x64 (format: 109).
[INFO] [Vulkan filter chain]: Updating framebuffer size 64x64 (format: 97).
[INFO] [Vulkan filter chain]: Updating framebuffer size 64x64 (format: 97).
[INFO] [Vulkan filter chain]: Updating framebuffer size 64x64 (format: 37).
[INFO] [Vulkan filter chain]: Updating framebuffer size 64x64 (format: 37).
[INFO] [Vulkan filter chain]: Updating framebuffer size 64x64 (format: 37).
[INFO] [Vulkan filter chain]: Updating framebuffer size 64x64 (format: 37).
[INFO] [Vulkan filter chain]: Updating framebuffer size 64x64 (format: 37).
[INFO] [Vulkan filter chain]: Updating framebuffer size 64x64 (format: 37).
[INFO] [Vulkan filter chain]: Updating framebuffer size 64x64 (format: 37).
[INFO] [Vulkan filter chain]: Updating framebuffer size 64x64 (format: 37).
[INFO] [Vulkan filter chain]: Updating framebuffer size 64x64 (format: 37).
[INFO] [Vulkan filter chain]: Updating framebuffer size 64x64 (format: 37).
[INFO] [Vulkan filter chain]: Updating framebuffer size 64x64 (format: 37).
[INFO] [Vulkan filter chain]: Updating framebuffer size 64x64 (format: 97).
[INFO] [Vulkan filter chain]: Updating framebuffer size 64x64 (format: 37).
[INFO] [Vulkan filter chain]: Updating framebuffer size 64x64 (format: 37).
[INFO] [Vulkan filter chain]: Updating framebuffer size 64x64 (format: 37).
[INFO] [Vulkan filter chain]: Updating framebuffer size 192x192 (format: 37).
[INFO] [Vulkan filter chain]: Updating framebuffer size 192x192 (format: 97).
[INFO] [Vulkan filter chain]: Updating framebuffer size 192x192 (format: 97).
[INFO] [Vulkan filter chain]: Updating framebuffer size 192x192 (format: 37).
[INFO] [Vulkan filter chain]: Updating framebuffer size 192x192 (format: 37).
[INFO] [Vulkan filter chain]: Updating framebuffer size 192x192 (format: 37).
[INFO] [Vulkan filter chain]: Updating framebuffer size 192x192 (format: 37).
[INFO] [Vulkan filter chain]: Updating framebuffer size 192x192 (format: 37).
[INFO] [Vulkan filter chain]: Updating framebuffer size 192x192 (format: 37).
[INFO] [Vulkan filter chain]: Updating framebuffer size 192x192 (format: 37).
[INFO] [Vulkan filter chain]: Updating framebuffer size 192x192 (format: 97).
[INFO] [Vulkan filter chain]: Updating framebuffer size 800x192 (format: 97).
[INFO] [Vulkan filter chain]: Updating framebuffer size 64x64 (format: 37).
[INFO] [Vulkan filter chain]: Updating framebuffer size 64x64 (format: 109).
[INFO] [Vulkan filter chain]: Updating framebuffer size 64x64 (format: 97).
[INFO] [Vulkan filter chain]: Updating framebuffer size 192x192 (format: 37).
[INFO] [Vulkan filter chain]: Updating framebuffer size 192x192 (format: 37).
[INFO] [Vulkan filter chain]: Updating framebuffer size 64x64 (format: 37).
[INFO] [Vulkan filter chain]: Updating framebuffer size 64x64 (format: 37).
[ERROR] [Environ]: SET_MESSAGE_EXT: Bad sector? - 141654
[ERROR] [Environ]: SET_MESSAGE_EXT: Bad sector? - 141655
[ERROR] [Environ]: SET_MESSAGE_EXT: Bad sector? - 141659
[ERROR] [Environ]: SET_MESSAGE_EXT: Bad sector? - 141660
[ERROR] [Environ]: SET_MESSAGE_EXT: Bad sector? - 141664
[ERROR] [Environ]: SET_MESSAGE_EXT: Bad sector? - 141665
[ERROR] [Environ]: SET_MESSAGE_EXT: Bad sector? - 141669
[ERROR] [Environ]: SET_MESSAGE_EXT: Bad sector? - 141670
[ERROR] [Environ]: SET_MESSAGE_EXT: Bad sector? - 141674
[ERROR] [Environ]: SET_MESSAGE_EXT: Bad sector? - 141675
[ERROR] [Environ]: SET_MESSAGE_EXT: Bad sector? - 141679
[ERROR] [Environ]: SET_MESSAGE_EXT: Bad sector? - 141680
[ERROR] [Environ]: SET_MESSAGE_EXT: Bad sector? - 141684
[ERROR] [Environ]: SET_MESSAGE_EXT: Bad sector? - 141685
[ERROR] [Environ]: SET_MESSAGE_EXT: Bad sector? - 141689
[ERROR] [Environ]: SET_MESSAGE_EXT: Bad sector? - 141690
[ERROR] [Environ]: SET_MESSAGE_EXT: Bad sector? - 141694
[ERROR] [Environ]: SET_MESSAGE_EXT: Bad sector? - 141695
[ERROR] [Environ]: SET_MESSAGE_EXT: Bad sector? - 141699
[ERROR] [Environ]: SET_MESSAGE_EXT: Bad sector? - 141700
[ERROR] [Environ]: SET_MESSAGE_EXT: Bad sector? - 141704
[ERROR] [Environ]: SET_MESSAGE_EXT: Bad sector? - 141705
[ERROR] [Environ]: SET_MESSAGE_EXT: Bad sector? - 141709
[ERROR] [Environ]: SET_MESSAGE_EXT: Bad sector? - 141710
[ERROR] [Environ]: SET_MESSAGE_EXT: Bad sector? - 141714
[ERROR] [Environ]: SET_MESSAGE_EXT: Bad sector? - 141715
[ERROR] [Environ]: SET_MESSAGE_EXT: Bad sector? - 141719
[ERROR] [Environ]: SET_MESSAGE_EXT: Bad sector? - 141720
[ERROR] [Environ]: SET_MESSAGE_EXT: Bad sector? - 141724
[ERROR] [Environ]: SET_MESSAGE_EXT: Bad sector? - 141725
[ERROR] [Environ]: SET_MESSAGE_EXT: Bad sector? - 141729
[ERROR] [Environ]: SET_MESSAGE_EXT: Bad sector? - 141730
[ERROR] [Environ]: SET_MESSAGE_EXT: Bad sector? - 141734
[ERROR] [Environ]: SET_MESSAGE_EXT: Bad sector? - 141735
[ERROR] [Environ]: SET_MESSAGE_EXT: Bad sector? - 141739
[ERROR] [Environ]: SET_MESSAGE_EXT: Bad sector? - 141740
[ERROR] [Environ]: SET_MESSAGE_EXT: Bad sector? - 141744
[ERROR] [Environ]: SET_MESSAGE_EXT: Bad sector? - 141745
[ERROR] [Environ]: SET_MESSAGE_EXT: Bad sector? - 141749
[ERROR] [Environ]: SET_MESSAGE_EXT: Bad sector? - 141750
[ERROR] [Environ]: SET_MESSAGE_EXT: Bad sector? - 141754
[ERROR] [Environ]: SET_MESSAGE_EXT: Bad sector? - 141755
[ERROR] [Environ]: SET_MESSAGE_EXT: Bad sector? - 141759
[ERROR] [Environ]: SET_MESSAGE_EXT: Bad sector? - 141760
[ERROR] [Environ]: SET_MESSAGE_EXT: Bad sector? - 141764
[ERROR] [Environ]: SET_MESSAGE_EXT: Bad sector? - 141765
[ERROR] [Environ]: SET_MESSAGE_EXT: Bad sector? - 141769
[ERROR] [Environ]: SET_MESSAGE_EXT: Bad sector? - 141770
[ERROR] [Environ]: SET_MESSAGE_EXT: Bad sector? - 141774
[ERROR] [Environ]: SET_MESSAGE_EXT: Bad sector? - 141775
[ERROR] [Environ]: SET_MESSAGE_EXT: Bad sector? - 141779
[ERROR] [Environ]: SET_MESSAGE_EXT: Bad sector? - 141780
[ERROR] [Environ]: SET_MESSAGE_EXT: Bad sector? - 141784
[ERROR] [Environ]: SET_MESSAGE_EXT: Bad sector? - 141785
[ERROR] [Environ]: SET_MESSAGE_EXT: Bad sector? - 141789
[ERROR] [Environ]: SET_MESSAGE_EXT: Bad sector? - 141790
[ERROR] [Environ]: SET_MESSAGE_EXT: Bad sector? - 141794
[ERROR] [Environ]: SET_MESSAGE_EXT: Bad sector? - 141795
[ERROR] [Environ]: SET_MESSAGE_EXT: Bad sector? - 141799
[ERROR] [Environ]: SET_MESSAGE_EXT: Bad sector? - 141800
[ERROR] [Environ]: SET_MESSAGE_EXT: Bad sector? - 141804
[ERROR] [Environ]: SET_MESSAGE_EXT: Bad sector? - 141805
[ERROR] [Environ]: SET_MESSAGE_EXT: Bad sector? - 141809
[ERROR] [Environ]: SET_MESSAGE_EXT: Bad sector? - 141810
[ERROR] [Environ]: SET_MESSAGE_EXT: Bad sector? - 141814
[ERROR] [Environ]: SET_MESSAGE_EXT: Bad sector? - 141815
[ERROR] [Environ]: SET_MESSAGE_EXT: Bad sector? - 141819
[ERROR] [Environ]: SET_MESSAGE_EXT: Bad sector? - 141820
[ERROR] [Environ]: SET_MESSAGE_EXT: Bad sector? - 141824
[ERROR] [Environ]: SET_MESSAGE_EXT: Bad sector? - 141825
[ERROR] [Environ]: SET_MESSAGE_EXT: Bad sector? - 141829
[ERROR] [Environ]: SET_MESSAGE_EXT: Bad sector? - 141830
[ERROR] [Environ]: SET_MESSAGE_EXT: Bad sector? - 141834
[ERROR] [Environ]: SET_MESSAGE_EXT: Bad sector? - 141835
[ERROR] [Environ]: SET_MESSAGE_EXT: Bad sector? - 141839
[ERROR] [Environ]: SET_MESSAGE_EXT: Bad sector? - 141840
[ERROR] [Environ]: SET_MESSAGE_EXT: Bad sector? - 141844
[ERROR] [Environ]: SET_MESSAGE_EXT: Bad sector? - 141845
[ERROR] [Environ]: SET_MESSAGE_EXT: Bad sector? - 141849
[ERROR] [Environ]: SET_MESSAGE_EXT: Bad sector? - 141850
[ERROR] [Environ]: SET_MESSAGE_EXT: Bad sector? - 141854
[ERROR] [Environ]: SET_MESSAGE_EXT: Bad sector? - 141855
[ERROR] [Environ]: SET_MESSAGE_EXT: Bad sector? - 141859
[ERROR] [Environ]: SET_MESSAGE_EXT: Bad sector? - 141860
[ERROR] [Environ]: SET_MESSAGE_EXT: Bad sector? - 141864
[ERROR] [Environ]: SET_MESSAGE_EXT: Bad sector? - 141865
[ERROR] [Environ]: SET_MESSAGE_EXT: Bad sector? - 141869
[ERROR] [Environ]: SET_MESSAGE_EXT: Bad sector? - 141870
[ERROR] [Environ]: SET_MESSAGE_EXT: Bad sector? - 141874
[ERROR] [Environ]: SET_MESSAGE_EXT: Bad sector? - 141875
[ERROR] [Environ]: SET_MESSAGE_EXT: Bad sector? - 141879
[ERROR] [Environ]: SET_MESSAGE_EXT: Bad sector? - 141880
[ERROR] [Environ]: SET_MESSAGE_EXT: Bad sector? - 141884
[ERROR] [Environ]: SET_MESSAGE_EXT: Bad sector? - 141885
[ERROR] [Environ]: SET_MESSAGE_EXT: Bad sector? - 141889
[ERROR] [Environ]: SET_MESSAGE_EXT: Bad sector? - 141890
[ERROR] [Environ]: SET_MESSAGE_EXT: Bad sector? - 141894
[ERROR] [Environ]: SET_MESSAGE_EXT: Bad sector? - 141895
[ERROR] [Environ]: SET_MESSAGE_EXT: Bad sector? - 141899
[ERROR] [Environ]: SET_MESSAGE_EXT: Bad sector? - 141900
[ERROR] [Environ]: SET_MESSAGE_EXT: Bad sector? - 141904
[ERROR] [Environ]: SET_MESSAGE_EXT: Bad sector? - 141905
[ERROR] [Environ]: SET_MESSAGE_EXT: Bad sector? - 141909
[ERROR] [Environ]: SET_MESSAGE_EXT: Bad sector? - 141910
[ERROR] [Environ]: SET_MESSAGE_EXT: Bad sector? - 141914
[ERROR] [Environ]: SET_MESSAGE_EXT: Bad sector? - 141915
[ERROR] [Environ]: SET_MESSAGE_EXT: Bad sector? - 141919
[ERROR] [Environ]: SET_MESSAGE_EXT: Bad sector? - 141920
[ERROR] [Environ]: SET_MESSAGE_EXT: Bad sector? - 141924
[ERROR] [Environ]: SET_MESSAGE_EXT: Bad sector? - 141925
[ERROR] [Environ]: SET_MESSAGE_EXT: Bad sector? - 141929
[ERROR] [Environ]: SET_MESSAGE_EXT: Bad sector? - 141930
[ERROR] [Environ]: SET_MESSAGE_EXT: Bad sector? - 141934
[ERROR] [Environ]: SET_MESSAGE_EXT: Bad sector? - 141935
[ERROR] [Environ]: SET_MESSAGE_EXT: Bad sector? - 141939
[ERROR] [Environ]: SET_MESSAGE_EXT: Bad sector? - 141940
[ERROR] [Environ]: SET_MESSAGE_EXT: Bad sector? - 141944
[ERROR] [Environ]: SET_MESSAGE_EXT: Bad sector? - 141945
[ERROR] [Environ]: SET_MESSAGE_EXT: Bad sector? - 141949
[ERROR] [Environ]: SET_MESSAGE_EXT: Bad sector? - 141950
[ERROR] [Environ]: SET_MESSAGE_EXT: Bad sector? - 141954
[ERROR] [Environ]: SET_MESSAGE_EXT: Bad sector? - 141955
[ERROR] [Environ]: SET_MESSAGE_EXT: Bad sector? - 141959
[ERROR] [Environ]: SET_MESSAGE_EXT: Bad sector? - 141960
[ERROR] [Environ]: SET_MESSAGE_EXT: Bad sector? - 141964
[ERROR] [Environ]: SET_MESSAGE_EXT: Bad sector? - 141965
[ERROR] [Environ]: SET_MESSAGE_EXT: Bad sector? - 141969
[ERROR] [Environ]: SET_MESSAGE_EXT: Bad sector? - 141970
[ERROR] [Environ]: SET_MESSAGE_EXT: Bad sector? - 141974
[ERROR] [Environ]: SET_MESSAGE_EXT: Bad sector? - 141975
[ERROR] [Environ]: SET_MESSAGE_EXT: Bad sector? - 141979
[ERROR] [Environ]: SET_MESSAGE_EXT: Bad sector? - 141980
[ERROR] [Environ]: SET_MESSAGE_EXT: Bad sector? - 141984
[ERROR] [Environ]: SET_MESSAGE_EXT: Bad sector? - 141985
[ERROR] [Environ]: SET_MESSAGE_EXT: Bad sector? - 141989
[ERROR] [Environ]: SET_MESSAGE_EXT: Bad sector? - 141990
[ERROR] [Environ]: SET_MESSAGE_EXT: Bad sector? - 141994
[ERROR] [Environ]: SET_MESSAGE_EXT: Bad sector? - 141995
[ERROR] [Environ]: SET_MESSAGE_EXT: Bad sector? - 141999
[ERROR] [Environ]: SET_MESSAGE_EXT: Bad sector? - 142000
[libretro INFO] Creating render pass.
[libretro INFO] Creating graphics pipeline.
[INFO] [Vulkan filter chain]: Updating framebuffer size 320x240 (format: 37).
[INFO] [Vulkan filter chain]: Updating framebuffer size 320x240 (format: 43).
[INFO] [Vulkan filter chain]: Updating framebuffer size 320x240 (format: 43).
[INFO] [Vulkan filter chain]: Updating framebuffer size 320x240 (format: 109).
[INFO] [Vulkan filter chain]: Updating framebuffer size 320x240 (format: 97).
[INFO] [Vulkan filter chain]: Updating framebuffer size 320x240 (format: 97).
[INFO] [Vulkan filter chain]: Updating framebuffer size 320x240 (format: 37).
[INFO] [Vulkan filter chain]: Updating framebuffer size 320x240 (format: 37).
[INFO] [Vulkan filter chain]: Updating framebuffer size 320x240 (format: 37).
[INFO] [Vulkan filter chain]: Updating framebuffer size 320x240 (format: 37).
[INFO] [Vulkan filter chain]: Updating framebuffer size 320x240 (format: 37).
[INFO] [Vulkan filter chain]: Updating framebuffer size 320x240 (format: 37).
[INFO] [Vulkan filter chain]: Updating framebuffer size 320x240 (format: 37).
[INFO] [Vulkan filter chain]: Updating framebuffer size 320x240 (format: 37).
[INFO] [Vulkan filter chain]: Updating framebuffer size 320x240 (format: 37).
[INFO] [Vulkan filter chain]: Updating framebuffer size 320x240 (format: 37).
[INFO] [Vulkan filter chain]: Updating framebuffer size 320x240 (format: 37).
[INFO] [Vulkan filter chain]: Updating framebuffer size 320x240 (format: 97).
[INFO] [Vulkan filter chain]: Updating framebuffer size 320x240 (format: 37).
[INFO] [Vulkan filter chain]: Updating framebuffer size 320x240 (format: 37).
[INFO] [Vulkan filter chain]: Updating framebuffer size 320x240 (format: 37).
[INFO] [Vulkan filter chain]: Updating framebuffer size 960x720 (format: 37).
[INFO] [Vulkan filter chain]: Updating framebuffer size 960x720 (format: 97).
[INFO] [Vulkan filter chain]: Updating framebuffer size 960x720 (format: 97).
[INFO] [Vulkan filter chain]: Updating framebuffer size 960x720 (format: 37).
[INFO] [Vulkan filter chain]: Updating framebuffer size 960x720 (format: 37).
[INFO] [Vulkan filter chain]: Updating framebuffer size 960x720 (format: 37).
[INFO] [Vulkan filter chain]: Updating framebuffer size 960x720 (format: 37).
[INFO] [Vulkan filter chain]: Updating framebuffer size 960x720 (format: 37).
[INFO] [Vulkan filter chain]: Updating framebuffer size 960x720 (format: 37).
[INFO] [Vulkan filter chain]: Updating framebuffer size 960x720 (format: 37).
[INFO] [Vulkan filter chain]: Updating framebuffer size 960x720 (format: 97).
[INFO] [Vulkan filter chain]: Updating framebuffer size 800x720 (format: 97).
[INFO] [Vulkan filter chain]: Updating framebuffer size 320x240 (format: 37).
[INFO] [Vulkan filter chain]: Updating framebuffer size 320x240 (format: 109).
[INFO] [Vulkan filter chain]: Updating framebuffer size 320x240 (format: 97).
[INFO] [Vulkan filter chain]: Updating framebuffer size 960x720 (format: 37).
[INFO] [Vulkan filter chain]: Updating framebuffer size 960x720 (format: 37).
[INFO] [Vulkan filter chain]: Updating framebuffer size 320x240 (format: 37).
[INFO] [Vulkan filter chain]: Updating framebuffer size 320x240 (format: 37).
[ERROR] [Environ]: SET_MESSAGE_EXT: Bad sector? - 219475
[ERROR] [Environ]: SET_MESSAGE_EXT: Bad sector? - 219476
[ERROR] [Environ]: SET_MESSAGE_EXT: Bad sector? - 219480
[ERROR] [Environ]: SET_MESSAGE_EXT: Bad sector? - 219481
[ERROR] [Environ]: SET_MESSAGE_EXT: Bad sector? - 219485
[ERROR] [Environ]: SET_MESSAGE_EXT: Bad sector? - 219486
[ERROR] [Environ]: SET_MESSAGE_EXT: Bad sector? - 219490
[ERROR] [Environ]: SET_MESSAGE_EXT: Bad sector? - 219491
[ERROR] [Environ]: SET_MESSAGE_EXT: Bad sector? - 219495
[ERROR] [Environ]: SET_MESSAGE_EXT: Bad sector? - 219496
[ERROR] [Environ]: SET_MESSAGE_EXT: Bad sector? - 219500
[ERROR] [Environ]: SET_MESSAGE_EXT: Bad sector? - 219501
[ERROR] [Environ]: SET_MESSAGE_EXT: Bad sector? - 219505
[ERROR] [Environ]: SET_MESSAGE_EXT: Bad sector? - 219506
[ERROR] [Environ]: SET_MESSAGE_EXT: Bad sector? - 219510
[ERROR] [Environ]: SET_MESSAGE_EXT: Bad sector? - 219511
[ERROR] [Environ]: SET_MESSAGE_EXT: Bad sector? - 219515
[ERROR] [Environ]: SET_MESSAGE_EXT: Bad sector? - 219516
[ERROR] [Environ]: SET_MESSAGE_EXT: Bad sector? - 219520
[ERROR] [Environ]: SET_MESSAGE_EXT: Bad sector? - 219521
[ERROR] [Environ]: SET_MESSAGE_EXT: Bad sector? - 219525
[ERROR] [Environ]: SET_MESSAGE_EXT: Bad sector? - 219526
[ERROR] [Environ]: SET_MESSAGE_EXT: Bad sector? - 219530
[ERROR] [Environ]: SET_MESSAGE_EXT: Bad sector? - 219531
[ERROR] [Environ]: SET_MESSAGE_EXT: Bad sector? - 219535
[ERROR] [Environ]: SET_MESSAGE_EXT: Bad sector? - 219536
[ERROR] [Environ]: SET_MESSAGE_EXT: Bad sector? - 219540
[ERROR] [Environ]: SET_MESSAGE_EXT: Bad sector? - 219541
[ERROR] [Environ]: SET_MESSAGE_EXT: Bad sector? - 219545
[ERROR] [Environ]: SET_MESSAGE_EXT: Bad sector? - 219546
[ERROR] [Environ]: SET_MESSAGE_EXT: Bad sector? - 219550
[ERROR] [Environ]: SET_MESSAGE_EXT: Bad sector? - 219551
[ERROR] [Environ]: SET_MESSAGE_EXT: Bad sector? - 219555
[ERROR] [Environ]: SET_MESSAGE_EXT: Bad sector? - 219556
[ERROR] [Environ]: SET_MESSAGE_EXT: Bad sector? - 219560
[ERROR] [Environ]: SET_MESSAGE_EXT: Bad sector? - 219561
[ERROR] [Environ]: SET_MESSAGE_EXT: Bad sector? - 219565
[ERROR] [Environ]: SET_MESSAGE_EXT: Bad sector? - 219566
[ERROR] [Environ]: SET_MESSAGE_EXT: Bad sector? - 219570
[ERROR] [Environ]: SET_MESSAGE_EXT: Bad sector? - 219571
[ERROR] [Environ]: SET_MESSAGE_EXT: Bad sector? - 219575
[ERROR] [Environ]: SET_MESSAGE_EXT: Bad sector? - 219576
[ERROR] [Environ]: SET_MESSAGE_EXT: Bad sector? - 219580
[ERROR] [Environ]: SET_MESSAGE_EXT: Bad sector? - 219581
[ERROR] [Environ]: SET_MESSAGE_EXT: Bad sector? - 219585
[ERROR] [Environ]: SET_MESSAGE_EXT: Bad sector? - 219586
[ERROR] [Environ]: SET_MESSAGE_EXT: Bad sector? - 219590
[ERROR] [Environ]: SET_MESSAGE_EXT: Bad sector? - 219591
[ERROR] [Environ]: SET_MESSAGE_EXT: Bad sector? - 219595
[ERROR] [Environ]: SET_MESSAGE_EXT: Bad sector? - 219596
[ERROR] [Environ]: SET_MESSAGE_EXT: Bad sector? - 219600
[ERROR] [Environ]: SET_MESSAGE_EXT: Bad sector? - 219601
[ERROR] [Environ]: SET_MESSAGE_EXT: Bad sector? - 219605
[ERROR] [Environ]: SET_MESSAGE_EXT: Bad sector? - 219606
[ERROR] [Environ]: SET_MESSAGE_EXT: Bad sector? - 219610
[ERROR] [Environ]: SET_MESSAGE_EXT: Bad sector? - 219611
[ERROR] [Environ]: SET_MESSAGE_EXT: Bad sector? - 219615
[ERROR] [Environ]: SET_MESSAGE_EXT: Bad sector? - 219616
[ERROR] [Environ]: SET_MESSAGE_EXT: Bad sector? - 219620
[ERROR] [Environ]: SET_MESSAGE_EXT: Bad sector? - 219621
[ERROR] [Environ]: SET_MESSAGE_EXT: Bad sector? - 219625
[ERROR] [Environ]: SET_MESSAGE_EXT: Bad sector? - 219626
[ERROR] [Environ]: SET_MESSAGE_EXT: Bad sector? - 219630
[ERROR] [Environ]: SET_MESSAGE_EXT: Bad sector? - 219631
[ERROR] [Environ]: SET_MESSAGE_EXT: Bad sector? - 219635
[ERROR] [Environ]: SET_MESSAGE_EXT: Bad sector? - 219636
[ERROR] [Environ]: SET_MESSAGE_EXT: Bad sector? - 219640
[ERROR] [Environ]: SET_MESSAGE_EXT: Bad sector? - 219641
[ERROR] [Environ]: SET_MESSAGE_EXT: Bad sector? - 219645
[ERROR] [Environ]: SET_MESSAGE_EXT: Bad sector? - 219646
[ERROR] [Environ]: SET_MESSAGE_EXT: Bad sector? - 219650
[ERROR] [Environ]: SET_MESSAGE_EXT: Bad sector? - 219651
[ERROR] [Environ]: SET_MESSAGE_EXT: Bad sector? - 219655
[ERROR] [Environ]: SET_MESSAGE_EXT: Bad sector? - 219656
[ERROR] [Environ]: SET_MESSAGE_EXT: Bad sector? - 219660
[ERROR] [Environ]: SET_MESSAGE_EXT: Bad sector? - 219661
[ERROR] [Environ]: SET_MESSAGE_EXT: Bad sector? - 219665
[ERROR] [Environ]: SET_MESSAGE_EXT: Bad sector? - 219666
[ERROR] [Environ]: SET_MESSAGE_EXT: Bad sector? - 219670
[ERROR] [Environ]: SET_MESSAGE_EXT: Bad sector? - 219671
[ERROR] [Environ]: SET_MESSAGE_EXT: Bad sector? - 219675
[ERROR] [Environ]: SET_MESSAGE_EXT: Bad sector? - 219676
[ERROR] [Environ]: SET_MESSAGE_EXT: Bad sector? - 219680
[ERROR] [Environ]: SET_MESSAGE_EXT: Bad sector? - 219681
[ERROR] [Environ]: SET_MESSAGE_EXT: Bad sector? - 219685
[ERROR] [Environ]: SET_MESSAGE_EXT: Bad sector? - 219686
[ERROR] [Environ]: SET_MESSAGE_EXT: Bad sector? - 219690
[ERROR] [Environ]: SET_MESSAGE_EXT: Bad sector? - 219691
[ERROR] [Environ]: SET_MESSAGE_EXT: Bad sector? - 219695
[ERROR] [Environ]: SET_MESSAGE_EXT: Bad sector? - 219696
[ERROR] [Environ]: SET_MESSAGE_EXT: Bad sector? - 219700
[ERROR] [Environ]: SET_MESSAGE_EXT: Bad sector? - 219701
[ERROR] [Environ]: SET_MESSAGE_EXT: Bad sector? - 219705
[ERROR] [Environ]: SET_MESSAGE_EXT: Bad sector? - 219706
[ERROR] [Environ]: SET_MESSAGE_EXT: Bad sector? - 219710
[ERROR] [Environ]: SET_MESSAGE_EXT: Bad sector? - 219711
[ERROR] [Environ]: SET_MESSAGE_EXT: Bad sector? - 219715
[ERROR] [Environ]: SET_MESSAGE_EXT: Bad sector? - 219716
[ERROR] [Environ]: SET_MESSAGE_EXT: Bad sector? - 219720
[ERROR] [Environ]: SET_MESSAGE_EXT: Bad sector? - 219721
[ERROR] [Environ]: SET_MESSAGE_EXT: Bad sector? - 219725
[ERROR] [Environ]: SET_MESSAGE_EXT: Bad sector? - 219726
[ERROR] [Environ]: SET_MESSAGE_EXT: Bad sector? - 219730
[ERROR] [Environ]: SET_MESSAGE_EXT: Bad sector? - 219731
[ERROR] [Environ]: SET_MESSAGE_EXT: Bad sector? - 219735
[ERROR] [Environ]: SET_MESSAGE_EXT: Bad sector? - 219736
[ERROR] [Environ]: SET_MESSAGE_EXT: Bad sector? - 219740
[ERROR] [Environ]: SET_MESSAGE_EXT: Bad sector? - 219741
[ERROR] [Environ]: SET_MESSAGE_EXT: Bad sector? - 219745
[ERROR] [Environ]: SET_MESSAGE_EXT: Bad sector? - 219746
[ERROR] [Environ]: SET_MESSAGE_EXT: Bad sector? - 219750
[ERROR] [Environ]: SET_MESSAGE_EXT: Bad sector? - 219751
[ERROR] [Environ]: SET_MESSAGE_EXT: Bad sector? - 219755
[ERROR] [Environ]: SET_MESSAGE_EXT: Bad sector? - 219756
[ERROR] [Environ]: SET_MESSAGE_EXT: Bad sector? - 219760
[ERROR] [Environ]: SET_MESSAGE_EXT: Bad sector? - 219761
[ERROR] [Environ]: SET_MESSAGE_EXT: Bad sector? - 219765
[ERROR] [Environ]: SET_MESSAGE_EXT: Bad sector? - 219766
[ERROR] [Environ]: SET_MESSAGE_EXT: Bad sector? - 219770
[ERROR] [Environ]: SET_MESSAGE_EXT: Bad sector? - 219771
[ERROR] [Environ]: SET_MESSAGE_EXT: Bad sector? - 219775
[ERROR] [Environ]: SET_MESSAGE_EXT: Bad sector? - 219776
[ERROR] [Environ]: SET_MESSAGE_EXT: Bad sector? - 219780
[ERROR] [Environ]: SET_MESSAGE_EXT: Bad sector? - 219781
[ERROR] [Environ]: SET_MESSAGE_EXT: Bad sector? - 219785
[ERROR] [Environ]: SET_MESSAGE_EXT: Bad sector? - 219786
[ERROR] [Environ]: SET_MESSAGE_EXT: Bad sector? - 219790
[ERROR] [Environ]: SET_MESSAGE_EXT: Bad sector? - 219791
[ERROR] [Environ]: SET_MESSAGE_EXT: Bad sector? - 219795
[ERROR] [Environ]: SET_MESSAGE_EXT: Bad sector? - 219796
[ERROR] [Environ]: SET_MESSAGE_EXT: Bad sector? - 219800
[ERROR] [Environ]: SET_MESSAGE_EXT: Bad sector? - 219801
[ERROR] [Environ]: SET_MESSAGE_EXT: Bad sector? - 219805
[ERROR] [Environ]: SET_MESSAGE_EXT: Bad sector? - 219806
[ERROR] [Environ]: SET_MESSAGE_EXT: Bad sector? - 219810
[ERROR] [Environ]: SET_MESSAGE_EXT: Bad sector? - 219811
[ERROR] [Environ]: SET_MESSAGE_EXT: Bad sector? - 219815
[ERROR] [Environ]: SET_MESSAGE_EXT: Bad sector? - 219816
[ERROR] [Environ]: SET_MESSAGE_EXT: Bad sector? - 219820
[ERROR] [Environ]: SET_MESSAGE_EXT: Bad sector? - 219821
[ERROR] [Environ]: SET_MESSAGE_EXT: Bad sector? - 219475
[ERROR] [Environ]: SET_MESSAGE_EXT: Bad sector? - 219476
[ERROR] [Environ]: SET_MESSAGE_EXT: Bad sector? - 219480
[ERROR] [Environ]: SET_MESSAGE_EXT: Bad sector? - 219481
[ERROR] [Environ]: SET_MESSAGE_EXT: Bad sector? - 219485
[ERROR] [Environ]: SET_MESSAGE_EXT: Bad sector? - 219486
[ERROR] [Environ]: SET_MESSAGE_EXT: Bad sector? - 219490
[ERROR] [Environ]: SET_MESSAGE_EXT: Bad sector? - 219491
[ERROR] [Environ]: SET_MESSAGE_EXT: Bad sector? - 219495
[ERROR] [Environ]: SET_MESSAGE_EXT: Bad sector? - 219496
[ERROR] [Environ]: SET_MESSAGE_EXT: Bad sector? - 219500
[ERROR] [Environ]: SET_MESSAGE_EXT: Bad sector? - 219501
[ERROR] [Environ]: SET_MESSAGE_EXT: Bad sector? - 219505
[ERROR] [Environ]: SET_MESSAGE_EXT: Bad sector? - 219506
[ERROR] [Environ]: SET_MESSAGE_EXT: Bad sector? - 219510
[ERROR] [Environ]: SET_MESSAGE_EXT: Bad sector? - 219511
[ERROR] [Environ]: SET_MESSAGE_EXT: Bad sector? - 219515
[ERROR] [Environ]: SET_MESSAGE_EXT: Bad sector? - 219516
[ERROR] [Environ]: SET_MESSAGE_EXT: Bad sector? - 219520
[ERROR] [Environ]: SET_MESSAGE_EXT: Bad sector? - 219521
[ERROR] [Environ]: SET_MESSAGE_EXT: Bad sector? - 219525
[ERROR] [Environ]: SET_MESSAGE_EXT: Bad sector? - 219526
[ERROR] [Environ]: SET_MESSAGE_EXT: Bad sector? - 219530
[ERROR] [Environ]: SET_MESSAGE_EXT: Bad sector? - 219531
[ERROR] [Environ]: SET_MESSAGE_EXT: Bad sector? - 219535
[ERROR] [Environ]: SET_MESSAGE_EXT: Bad sector? - 219536
[ERROR] [Environ]: SET_MESSAGE_EXT: Bad sector? - 219540
[ERROR] [Environ]: SET_MESSAGE_EXT: Bad sector? - 219541
[ERROR] [Environ]: SET_MESSAGE_EXT: Bad sector? - 219545
[ERROR] [Environ]: SET_MESSAGE_EXT: Bad sector? - 219546
[ERROR] [Environ]: SET_MESSAGE_EXT: Bad sector? - 219550
[ERROR] [Environ]: SET_MESSAGE_EXT: Bad sector? - 219551
[ERROR] [Environ]: SET_MESSAGE_EXT: Bad sector? - 219555
[ERROR] [Environ]: SET_MESSAGE_EXT: Bad sector? - 219556
[ERROR] [Environ]: SET_MESSAGE_EXT: Bad sector? - 219560
[ERROR] [Environ]: SET_MESSAGE_EXT: Bad sector? - 219561
[ERROR] [Environ]: SET_MESSAGE_EXT: Bad sector? - 219565
[ERROR] [Environ]: SET_MESSAGE_EXT: Bad sector? - 219566
[ERROR] [Environ]: SET_MESSAGE_EXT: Bad sector? - 219570
[ERROR] [Environ]: SET_MESSAGE_EXT: Bad sector? - 219571
[ERROR] [Environ]: SET_MESSAGE_EXT: Bad sector? - 219575
[ERROR] [Environ]: SET_MESSAGE_EXT: Bad sector? - 219576
[ERROR] [Environ]: SET_MESSAGE_EXT: Bad sector? - 219580
[ERROR] [Environ]: SET_MESSAGE_EXT: Bad sector? - 219581
[ERROR] [Environ]: SET_MESSAGE_EXT: Bad sector? - 219585
[ERROR] [Environ]: SET_MESSAGE_EXT: Bad sector? - 219586
[ERROR] [Environ]: SET_MESSAGE_EXT: Bad sector? - 219590
[ERROR] [Environ]: SET_MESSAGE_EXT: Bad sector? - 219591
[ERROR] [Environ]: SET_MESSAGE_EXT: Bad sector? - 219595
[ERROR] [Environ]: SET_MESSAGE_EXT: Bad sector? - 219596
[ERROR] [Environ]: SET_MESSAGE_EXT: Bad sector? - 219600
[ERROR] [Environ]: SET_MESSAGE_EXT: Bad sector? - 219601
[ERROR] [Environ]: SET_MESSAGE_EXT: Bad sector? - 219605
[ERROR] [Environ]: SET_MESSAGE_EXT: Bad sector? - 219606
[ERROR] [Environ]: SET_MESSAGE_EXT: Bad sector? - 219610
[ERROR] [Environ]: SET_MESSAGE_EXT: Bad sector? - 219611
[ERROR] [Environ]: SET_MESSAGE_EXT: Bad sector? - 219615
[ERROR] [Environ]: SET_MESSAGE_EXT: Bad sector? - 219616
[ERROR] [Environ]: SET_MESSAGE_EXT: Bad sector? - 219620
[ERROR] [Environ]: SET_MESSAGE_EXT: Bad sector? - 219621
[ERROR] [Environ]: SET_MESSAGE_EXT: Bad sector? - 219625
[ERROR] [Environ]: SET_MESSAGE_EXT: Bad sector? - 219626
[ERROR] [Environ]: SET_MESSAGE_EXT: Bad sector? - 219630
[ERROR] [Environ]: SET_MESSAGE_EXT: Bad sector? - 219631
[ERROR] [Environ]: SET_MESSAGE_EXT: Bad sector? - 219635
[ERROR] [Environ]: SET_MESSAGE_EXT: Bad sector? - 219636
[ERROR] [Environ]: SET_MESSAGE_EXT: Bad sector? - 219640
[ERROR] [Environ]: SET_MESSAGE_EXT: Bad sector? - 219641
[ERROR] [Environ]: SET_MESSAGE_EXT: Bad sector? - 219645
[ERROR] [Environ]: SET_MESSAGE_EXT: Bad sector? - 219646
[ERROR] [Environ]: SET_MESSAGE_EXT: Bad sector? - 219650
[ERROR] [Environ]: SET_MESSAGE_EXT: Bad sector? - 219651
[ERROR] [Environ]: SET_MESSAGE_EXT: Bad sector? - 219655
[ERROR] [Environ]: SET_MESSAGE_EXT: Bad sector? - 219656
[ERROR] [Environ]: SET_MESSAGE_EXT: Bad sector? - 219660
[ERROR] [Environ]: SET_MESSAGE_EXT: Bad sector? - 219661
[ERROR] [Environ]: SET_MESSAGE_EXT: Bad sector? - 219665
[ERROR] [Environ]: SET_MESSAGE_EXT: Bad sector? - 219666
[ERROR] [Environ]: SET_MESSAGE_EXT: Bad sector? - 219670
[ERROR] [Environ]: SET_MESSAGE_EXT: Bad sector? - 219671
[ERROR] [Environ]: SET_MESSAGE_EXT: Bad sector? - 219675
[ERROR] [Environ]: SET_MESSAGE_EXT: Bad sector? - 219676
[ERROR] [Environ]: SET_MESSAGE_EXT: Bad sector? - 219680
[ERROR] [Environ]: SET_MESSAGE_EXT: Bad sector? - 219681
[ERROR] [Environ]: SET_MESSAGE_EXT: Bad sector? - 219685
[ERROR] [Environ]: SET_MESSAGE_EXT: Bad sector? - 219686
[ERROR] [Environ]: SET_MESSAGE_EXT: Bad sector? - 219690
[ERROR] [Environ]: SET_MESSAGE_EXT: Bad sector? - 219691
[ERROR] [Environ]: SET_MESSAGE_EXT: Bad sector? - 219695
[ERROR] [Environ]: SET_MESSAGE_EXT: Bad sector? - 219696
[ERROR] [Environ]: SET_MESSAGE_EXT: Bad sector? - 219700
[INFO] [Config]: Loading config: "/home/willian/.config/retroarch/retroarch.cfg".
[INFO] [Overrides]: Configuration overrides unloaded, original configuration restored.
[INFO] [SRAM]: Salvando tipo de RAM #0 em "/home/willian/.config/retroarch/saves/Resident Evil - Director's Cut (USA).srm".
[INFO] [SRAM]: Salvo com sucesso em "/home/willian/.config/retroarch/saves/Resident Evil - Director's Cut (USA).srm".
[INFO] [Core]: Content ran for a total of: 00 hours, 00 minutes, 25 seconds.
[INFO] [Runtime]: Saving runtime log file: "/home/willian/.config/retroarch/playlists/logs/Beetle PSX HW/Resident Evil - Director's Cut (USA).lrtl".
[INFO] [Core]: Unloading game..
[INFO] [PulseAudio]: Pausing.
[INFO] [Core]: Unloading core..
[INFO] [Core]: Unloading core symbols..
[INFO] [Core]: Saved core options file to "/home/willian/.config/retroarch/config/Beetle PSX HW/Beetle PSX HW.opt".
[INFO] [XINERAMA]: Xinerama version: 1.1.
[INFO] [XINERAMA]: Xinerama screens: 1.
[INFO] [XINERAMA]: Saved monitor #0.
[INFO] [Video]: Does not have enough samples for monitor refresh rate estimation. Requires to run for at least 4096 frames.
