[INFO] RetroArch 1.15.0 (Git 6616b807ed)
[INFO] === Build =======================================
[INFO] CPU Model Name: AMD Ryzen 7 5700X 8-Core Processor             
[INFO] Capacidades: MMX MMXEXT SSE SSE2 SSE3 SSE4 SSE4.2 AES AVX AVX2
[INFO] Built: Sep 13 2023
[INFO] Version: 1.15.0
[INFO] Git: 6616b807ed
[INFO] =================================================
[INFO] [Input]: Found input driver: "x".
[INFO] [Environ]: SET_PIXEL_FORMAT: RGB565.
[INFO] [Core]: Versão da API libretro: 1, Compilado contra a API: 1
[INFO] [Audio]: Set audio input rate to: 48000.00 Hz.
[INFO] [Video]: Set video size to: fullscreen.
[ERROR] [Wayland]: Failed to connect to Wayland server.
[INFO] [Vulkan]: Vulkan dynamic library loaded.
[INFO] [Vulkan]: Found vulkan context: "vk_x".
[INFO] [Vulkan]: Detecting screen resolution: 3840x2160.
[INFO] [XINERAMA]: Xinerama version: 1.1.
[INFO] [XINERAMA]: Xinerama screens: 1.
[INFO] [X/Vulkan]: Using Xinerama on screen #0.
[INFO] [X/Vulkan]: X = 0, Y = 0, W = 3840, H = 2160.
[INFO] [X/Vulkan]: Using windowed fullscreen.
[INFO] [Vulkan]: Found GPU at index 0: "NVIDIA GeForce RTX 2060".
[INFO] [Vulkan]: Using GPU index 0.
[INFO] [Vulkan]: Using fences for WSI acquire.
[INFO] [Vulkan]: Using GPU: "NVIDIA GeForce RTX 2060".
[INFO] [Vulkan]: Queue family 0 supports 16 sub-queues.
[INFO] [Vulkan]: Got 3 swapchain images.
[INFO] [Vulkan]: Using resolution 3840x2160.
[INFO] [Vulkan]: Using RGB565 format.
[INFO] [Vulkan]: Loading stock shader.
[INFO] [Joypad]: Found joypad driver: "udev".
[INFO] [DBus]: Suspended screensaver via DBus.
[INFO] [Video]: Found display server: "x11".
[ERROR] [Overlay]: Failed to load image: /home/willian/.config/retroarch/overlay/NIL.png.
[INFO] [PulseAudio]: Requested 24576 bytes buffer, got 18432.
[INFO] [Display]: Found display driver: "vulkan".
[INFO] [Playlist]: Carregando o arquivo de favoritos: "/home/willian/.config/retroarch/content_favorites.lpl".
[INFO] [PulseAudio]: Pausing.
[INFO] [X/Vulkan]: Resized fullscreen resolution to 3840x2160.
[INFO] [udev]: Pad #0 (/dev/input/event5) supports force feedback.
[INFO] [udev]: Pad #0 (/dev/input/event5) supports 16 force feedback effects.
[INFO] [Autoconf]: Sony Interactive Entertainment Wireless Controller configurado na porta 1.
[INFO] [Environ]: SET_SUBSYSTEM_INFO.
[INFO] [Core]: Using content: ".config/retroarch/roms/FBNeo - Arcade Games/darius2.zip".
[INFO] [Core]: Content ran for a total of: 00 hours, 00 minutes, 00 seconds.
[INFO] [Core]: Unloading core..
[INFO] [Core]: Unloading core symbols..
[INFO] [XINERAMA]: Xinerama version: 1.1.
[INFO] [XINERAMA]: Xinerama screens: 1.
[INFO] [XINERAMA]: Saved monitor #0.
[INFO] [Video]: Average monitor Hz: 60.002400 Hz. (4.002 % frame time deviation, based on 2048 last samples).
[INFO] RetroArch 1.15.0 (Git 6616b807ed)
[INFO] === Build =======================================
[INFO] CPU Model Name: AMD Ryzen 7 5700X 8-Core Processor             
[INFO] Capacidades: MMX MMXEXT SSE SSE2 SSE3 SSE4 SSE4.2 AES AVX AVX2
[INFO] Built: Sep 13 2023
[INFO] Version: 1.15.0
[INFO] Git: 6616b807ed
[INFO] =================================================
[INFO] [Input]: Found input driver: "x".
[INFO] [Core]: Loading dynamic libretro core from: "/home/willian/.config/retroarch/cores/fbneo_libretro.so"
[INFO] [Overrides]: Game-specific overrides found at "/home/willian/.config/retroarch/config/FinalBurn Neo/darius2.cfg".
[INFO] [Config]: Loading config: "/home/willian/.config/retroarch/retroarch.cfg".
[INFO] [Config]: Appending override config: "/home/willian/.config/retroarch/config/FinalBurn Neo/darius2.cfg".
[INFO] [Overrides]: Redirecionando arquivo dados da memória do jogo em "/home/willian/.config/retroarch/saves/darius2.srm".
[INFO] [Overrides]: Redirecionando o jogo salvo em "/home/willian/.config/retroarch/states/darius2.state".
[INFO] [Environ]: SET_SERIALIZATION_QUIRKS.
[INFO] [Environ]: GET_LOG_INTERFACE.
[INFO] [Environ]: GET_MESSAGE_INTERFACE_VERSION.
[INFO] [Environ]: SET_AUDIO_BUFFER_STATUS_CALLBACK.
[INFO] [Content]: Carregamento de conteúdo ignorado. A implementação irá carregar por conta própria.
[INFO] [Environ]: GET_SAVE_DIRECTORY.
[libretro INFO] Setting save dir to /home/willian/.config/retroarch/saves
[INFO] [Environ]: SYSTEM_DIRECTORY: "/home/willian/.config/retroarch/system".
[libretro INFO] Setting system dir to /home/willian/.config/retroarch/system
[INFO] [Environ]: SET_CONTROLLER_INFO.
[libretro INFO] Initialize DIP switches.
[INFO] [Environ]: GET_CORE_OPTIONS_VERSION.
[INFO] [Environ]: RETRO_ENVIRONMENT_SET_CORE_OPTIONS_V2.
[libretro INFO] [FBNeo] Searching all possible locations for romset darius2
[libretro INFO] [FBNeo] No patched romset found at /home/willian/.config/retroarch/system/fbneo/patched/darius2
[libretro INFO] [FBNeo] Romset found at .config/retroarch/roms/FBNeo - Arcade Games/darius2
[libretro INFO] [FBNeo] No romset found at /home/willian/.config/retroarch/system/fbneo/darius2
[libretro INFO] [FBNeo] No romset found at /home/willian/.config/retroarch/system/darius2
[libretro INFO] [FBNeo] Using ROM with known crc 0x216c8f6a and name c07-32-1 from archive .config/retroarch/roms/FBNeo - Arcade Games/darius2
[libretro INFO] [FBNeo] Using ROM with known crc 0x48de567f and name c07-29-1 from archive .config/retroarch/roms/FBNeo - Arcade Games/darius2
[libretro INFO] [FBNeo] Using ROM with known crc 0x8279d2f8 and name c07-31-1 from archive .config/retroarch/roms/FBNeo - Arcade Games/darius2
[libretro INFO] [FBNeo] Using ROM with known crc 0x6122e400 and name c07-30-1 from archive .config/retroarch/roms/FBNeo - Arcade Games/darius2
[libretro INFO] [FBNeo] Using ROM with known crc 0x0a6f7b6c and name c07-27 from archive .config/retroarch/roms/FBNeo - Arcade Games/darius2
[libretro INFO] [FBNeo] Using ROM with known crc 0x059f40ce and name c07-25 from archive .config/retroarch/roms/FBNeo - Arcade Games/darius2
[libretro INFO] [FBNeo] Using ROM with known crc 0x1f411242 and name c07-26 from archive .config/retroarch/roms/FBNeo - Arcade Games/darius2
[libretro INFO] [FBNeo] Using ROM with known crc 0x486c9c20 and name c07-24 from archive .config/retroarch/roms/FBNeo - Arcade Games/darius2
[libretro INFO] [FBNeo] Using ROM with known crc 0xdd8c4723 and name c07-35-1 from archive .config/retroarch/roms/FBNeo - Arcade Games/darius2
[libretro INFO] [FBNeo] Using ROM with known crc 0x46afb85c and name c07-38-1 from archive .config/retroarch/roms/FBNeo - Arcade Games/darius2
[libretro INFO] [FBNeo] Using ROM with known crc 0x296984b8 and name c07-34-1 from archive .config/retroarch/roms/FBNeo - Arcade Games/darius2
[libretro INFO] [FBNeo] Using ROM with known crc 0x8b7d461f and name c07-37-1 from archive .config/retroarch/roms/FBNeo - Arcade Games/darius2
[libretro INFO] [FBNeo] Using ROM with known crc 0x2da03a3f and name c07-33-1 from archive .config/retroarch/roms/FBNeo - Arcade Games/darius2
[libretro INFO] [FBNeo] Using ROM with known crc 0x02cf2b1c and name c07-36-1 from archive .config/retroarch/roms/FBNeo - Arcade Games/darius2
[libretro INFO] [FBNeo] Using ROM with known crc 0xda304bc5 and name c07-28 from archive .config/retroarch/roms/FBNeo - Arcade Games/darius2
[libretro INFO] [FBNeo] Using ROM with known crc 0x189bafce and name c07-03.12 from archive .config/retroarch/roms/FBNeo - Arcade Games/darius2
[libretro INFO] [FBNeo] Using ROM with known crc 0x50421e81 and name c07-04.11 from archive .config/retroarch/roms/FBNeo - Arcade Games/darius2
[libretro INFO] [FBNeo] Using ROM with known crc 0x3cf0f050 and name c07-01 from archive .config/retroarch/roms/FBNeo - Arcade Games/darius2
[libretro INFO] [FBNeo] Using ROM with known crc 0x75d16d4b and name c07-02 from archive .config/retroarch/roms/FBNeo - Arcade Games/darius2
[libretro INFO] [FBNeo] Using ROM with known crc 0x4bbe0ed9 and name c07-10.95 from archive .config/retroarch/roms/FBNeo - Arcade Games/darius2
[libretro INFO] [FBNeo] Using ROM with known crc 0x3c815699 and name c07-11.96 from archive .config/retroarch/roms/FBNeo - Arcade Games/darius2
[libretro INFO] [FBNeo] Using ROM with known crc 0xe0b71258 and name c07-12.107 from archive .config/retroarch/roms/FBNeo - Arcade Games/darius2
[libretro INFO] [FBNeo] No missing files, proceeding
[libretro INFO] [FBNeo] Samplerate set to 48000
[libretro INFO] [FBNeo] Applied dipswitches from core options
[libretro INFO] [FBNeo] Initialized driver for darius2
[libretro INFO] [FBNeo] Adjusted audio buffer to match driver's refresh rate (60.000000 Hz)
[libretro INFO] [Cheevos] System RAM set to 0x559403c5d3b0, size is 221184
[INFO] [Environ]: SET_ROTATION: 0
[INFO] [Environ]: SET_PIXEL_FORMAT: XRGB8888.
[libretro INFO] [FBNeo] Driver darius2 was successfully started : game's full name is Darius II (triple screen) (Japan)
[INFO] [Replay]: Found last replay slot: #0
[INFO] [SRAM]: Ignorando carregamento da SRAM.
[INFO] [Core]: Versão da API libretro: 1, Compilado contra a API: 1
[libretro INFO] [FBNeo] Timing set to 60.000000 Hz
[INFO] [Audio]: Set audio input rate to: 48000.00 Hz.
[INFO] [Video]: Set video size to: fullscreen.
[ERROR] [Wayland]: Failed to connect to Wayland server.
[INFO] [Vulkan]: Vulkan dynamic library loaded.
[INFO] [Vulkan]: Found vulkan context: "vk_x".
[INFO] [Vulkan]: Detecting screen resolution: 3840x2160.
[INFO] [XINERAMA]: Xinerama version: 1.1.
[INFO] [XINERAMA]: Xinerama screens: 1.
[INFO] [X/Vulkan]: Using Xinerama on screen #0.
[INFO] [X/Vulkan]: X = 0, Y = 0, W = 3840, H = 2160.
[INFO] [X/Vulkan]: Using windowed fullscreen.
[INFO] [Vulkan]: Found GPU at index 0: "NVIDIA GeForce RTX 2060".
[INFO] [Vulkan]: Using GPU index 0.
[INFO] [Vulkan]: Using fences for WSI acquire.
[INFO] [Vulkan]: Using GPU: "NVIDIA GeForce RTX 2060".
[INFO] [Vulkan]: Queue family 0 supports 16 sub-queues.
[INFO] [Vulkan]: Got 3 swapchain images.
[INFO] [Vulkan]: Using resolution 3840x2160.
[INFO] [Vulkan]: Using BGRA8888 format.
[INFO] [Shaders]: Specific shader preset found at "/home/willian/.config/retroarch/config/global.slangp".
[INFO] [slang]: Compiling shader: "/home/willian/.config/retroarch/shaders/shaders_slang/bezel/Mega_Bezel/shaders/base/add-params-all.slang".
[INFO] [slang]: Using render target format R8G8B8A8_UNORM for pass output #0.
[INFO] [slang]: Compiling shader: "/home/willian/.config/retroarch/shaders/shaders_slang/bezel/Mega_Bezel/shaders/base/stock.slang".
[INFO] [slang]: Using render target format R8G8B8A8_SRGB for pass output #1.
[INFO] [slang]: Compiling shader: "/home/willian/.config/retroarch/shaders/shaders_slang/bezel/Mega_Bezel/shaders/base/add-negative-crop-area.slang".
[INFO] [slang]: Using render target format R8G8B8A8_SRGB for pass output #2.
[INFO] [slang]: Compiling shader: "/home/willian/.config/retroarch/shaders/shaders_slang/bezel/Mega_Bezel/shaders/base/cache-info-all-params.slang".
[INFO] [slang]: Using render target format R32G32B32A32_SFLOAT for pass output #3.
[INFO] [slang]: Compiling shader: "/home/willian/.config/retroarch/shaders/shaders_slang/bezel/Mega_Bezel/shaders/base/text-adv.slang".
[INFO] [slang]: Using render target format R16G16B16A16_SFLOAT for pass output #4.
[INFO] [slang]: Compiling shader: "/home/willian/.config/retroarch/shaders/shaders_slang/bezel/Mega_Bezel/shaders/base/intro.slang".
[INFO] [slang]: Using render target format R16G16B16A16_SFLOAT for pass output #5.
[INFO] [slang]: Compiling shader: "/home/willian/.config/retroarch/shaders/shaders_slang/bezel/Mega_Bezel/shaders/dedither/dedither-gamma-prep-1-before.slang".
[INFO] [slang]: Using render target format R8G8B8A8_UNORM for pass output #6.
[INFO] [slang]: Compiling shader: "/home/willian/.config/retroarch/shaders/shaders_slang/bezel/Mega_Bezel/shaders/hyllian/sgenpt-mix/sgenpt-mix-pass1.slang".
[INFO] [slang]: Using render target format R8G8B8A8_UNORM for pass output #7.
[INFO] [slang]: Compiling shader: "/home/willian/.config/retroarch/shaders/shaders_slang/bezel/Mega_Bezel/shaders/hyllian/sgenpt-mix/sgenpt-mix-pass2.slang".
[INFO] [slang]: Using render target format R8G8B8A8_UNORM for pass output #8.
[INFO] [slang]: Compiling shader: "/home/willian/.config/retroarch/shaders/shaders_slang/bezel/Mega_Bezel/shaders/hyllian/sgenpt-mix/sgenpt-mix-pass3.slang".
[INFO] [slang]: Using render target format R8G8B8A8_UNORM for pass output #9.
[INFO] [slang]: Compiling shader: "/home/willian/.config/retroarch/shaders/shaders_slang/bezel/Mega_Bezel/shaders/hyllian/sgenpt-mix/sgenpt-mix-pass4.slang".
[INFO] [slang]: Using render target format R8G8B8A8_UNORM for pass output #10.
[INFO] [slang]: Compiling shader: "/home/willian/.config/retroarch/shaders/shaders_slang/bezel/Mega_Bezel/shaders/hyllian/sgenpt-mix/sgenpt-mix-pass5.slang".
[INFO] [slang]: Using render target format R8G8B8A8_UNORM for pass output #11.
[INFO] [slang]: Compiling shader: "/home/willian/.config/retroarch/shaders/shaders_slang/bezel/Mega_Bezel/shaders/dedither/dedither-gamma-prep-2-after.slang".
[INFO] [slang]: Using render target format R8G8B8A8_UNORM for pass output #12.
[INFO] [slang]: Compiling shader: "/home/willian/.config/retroarch/shaders/shaders_slang/bezel/Mega_Bezel/shaders/ps1dither/hsm-PS1-Undither-BoxBlur.slang".
[INFO] [slang]: Using render target format R8G8B8A8_UNORM for pass output #13.
[INFO] [slang]: Compiling shader: "/home/willian/.config/retroarch/shaders/shaders_slang/bezel/Mega_Bezel/shaders/guest/extras/hsm-g-sharp_resampler.slang".
[INFO] [slang]: Using render target format R8G8B8A8_UNORM for pass output #14.
[INFO] [slang]: Compiling shader: "/home/willian/.config/retroarch/shaders/shaders_slang/bezel/Mega_Bezel/shaders/guest/extras/hsm-sharpsmoother.slang".
[INFO] [slang]: Using render target format R8G8B8A8_UNORM for pass output #15.
[INFO] [slang]: Compiling shader: "/home/willian/.config/retroarch/shaders/shaders_slang/bezel/Mega_Bezel/shaders/base/stock.slang".
[INFO] [slang]: Using render target format R8G8B8A8_UNORM for pass output #16.
[INFO] [slang]: Compiling shader: "/home/willian/.config/retroarch/shaders/shaders_slang/bezel/Mega_Bezel/shaders/scalefx/hsm-scalefx-pass0.slang".
[INFO] [slang]: Using render target format R16G16B16A16_SFLOAT for pass output #17.
[INFO] [slang]: Compiling shader: "/home/willian/.config/retroarch/shaders/shaders_slang/bezel/Mega_Bezel/shaders/scalefx/hsm-scalefx-pass1.slang".
[INFO] [slang]: Using render target format R8G8B8A8_UNORM for pass output #18.
[INFO] [slang]: Compiling shader: "/home/willian/.config/retroarch/shaders/shaders_slang/bezel/Mega_Bezel/shaders/scalefx/hsm-scalefx-pass2.slang".
[INFO] [slang]: Using render target format R8G8B8A8_UNORM for pass output #19.
[INFO] [slang]: Compiling shader: "/home/willian/.config/retroarch/shaders/shaders_slang/bezel/Mega_Bezel/shaders/scalefx/hsm-scalefx-pass3.slang".
[INFO] [slang]: Using render target format R8G8B8A8_UNORM for pass output #20.
[INFO] [slang]: Compiling shader: "/home/willian/.config/retroarch/shaders/shaders_slang/bezel/Mega_Bezel/shaders/scalefx/hsm-scalefx-pass4.slang".
[INFO] [slang]: Using render target format R8G8B8A8_UNORM for pass output #21.
[INFO] [slang]: Compiling shader: "/home/willian/.config/retroarch/shaders/shaders_slang/bezel/Mega_Bezel/shaders/gtu/hsm-gtu-pass1.slang".
[INFO] [slang]: Using render target format R16G16B16A16_SFLOAT for pass output #22.
[INFO] [slang]: Compiling shader: "/home/willian/.config/retroarch/shaders/shaders_slang/bezel/Mega_Bezel/shaders/gtu/hsm-gtu-pass2.slang".
[INFO] [slang]: Using render target format R16G16B16A16_SFLOAT for pass output #23.
[INFO] [slang]: Compiling shader: "/home/willian/.config/retroarch/shaders/shaders_slang/bezel/Mega_Bezel/shaders/base/stock.slang".
[INFO] [slang]: Using render target format R8G8B8A8_UNORM for pass output #24.
[INFO] [slang]: Compiling shader: "/home/willian/.config/retroarch/shaders/shaders_slang/bezel/Mega_Bezel/shaders/guest/hsm-afterglow0.slang".
[INFO] [slang]: Using render target format R8G8B8A8_UNORM for pass output #25.
[INFO] [slang]: Compiling shader: "/home/willian/.config/retroarch/shaders/shaders_slang/bezel/Mega_Bezel/shaders/guest/hsm-pre-shaders-afterglow.slang".
[INFO] [slang]: Using render target format R8G8B8A8_UNORM for pass output #26.
[INFO] [slang]: Compiling shader: "/home/willian/.config/retroarch/shaders/shaders_slang/bezel/Mega_Bezel/shaders/dogway/hsm-grade.slang".
[INFO] [slang]: Using render target format R8G8B8A8_UNORM for pass output #27.
[INFO] [slang]: Compiling shader: "/home/willian/.config/retroarch/shaders/shaders_slang/bezel/Mega_Bezel/shaders/guest/hsm-custom-fast-sharpen.slang".
[INFO] [slang]: Using render target format R8G8B8A8_UNORM for pass output #28.
[INFO] [slang]: Compiling shader: "/home/willian/.config/retroarch/shaders/shaders_slang/bezel/Mega_Bezel/shaders/base/stock.slang".
[INFO] [slang]: Using render target format R8G8B8A8_UNORM for pass output #29.
[INFO] [slang]: Compiling shader: "/home/willian/.config/retroarch/shaders/shaders_slang/bezel/Mega_Bezel/shaders/guest/hsm-avg-lum.slang".
[INFO] [slang]: Using render target format R8G8B8A8_UNORM for pass output #30.
[INFO] [slang]: Compiling shader: "/home/willian/.config/retroarch/shaders/shaders_slang/bezel/Mega_Bezel/shaders/guest/hsm-interlace-and-linearize.slang".
[INFO] [slang]: Using render target format R16G16B16A16_SFLOAT for pass output #31.
[INFO] [slang]: Compiling shader: "/home/willian/.config/retroarch/shaders/shaders_slang/bezel/Mega_Bezel/shaders/guest/hsm-gaussian_horizontal.slang".
[INFO] [slang]: Using render target format R16G16B16A16_SFLOAT for pass output #32.
[INFO] [slang]: Compiling shader: "/home/willian/.config/retroarch/shaders/shaders_slang/bezel/Mega_Bezel/shaders/guest/hsm-gaussian_vertical.slang".
[INFO] [slang]: Using render target format R16G16B16A16_SFLOAT for pass output #33.
[INFO] [slang]: Compiling shader: "/home/willian/.config/retroarch/shaders/shaders_slang/bezel/Mega_Bezel/shaders/guest/hsm-bloom_horizontal.slang".
[INFO] [slang]: Using render target format R16G16B16A16_SFLOAT for pass output #34.
[INFO] [slang]: Compiling shader: "/home/willian/.config/retroarch/shaders/shaders_slang/bezel/Mega_Bezel/shaders/guest/hsm-bloom_vertical.slang".
[INFO] [slang]: Using render target format R16G16B16A16_SFLOAT for pass output #35.
[INFO] [slang]: Compiling shader: "/home/willian/.config/retroarch/shaders/shaders_slang/bezel/Mega_Bezel/shaders/guest/hsm-crt-guest-advanced.slang".
[INFO] [slang]: Using render target format R16G16B16A16_SFLOAT for pass output #36.
[INFO] [slang]: Compiling shader: "/home/willian/.config/retroarch/shaders/shaders_slang/bezel/Mega_Bezel/shaders/guest/hsm-deconvergence.slang".
[INFO] [slang]: Using render target format R16G16B16A16_SFLOAT for pass output #37.
[INFO] [slang]: Compiling shader: "/home/willian/.config/retroarch/shaders/shaders_slang/bezel/Mega_Bezel/shaders/base/post-crt-prep-image-layers.slang".
[INFO] [slang]: Using render target format R16G16B16A16_SFLOAT for pass output #38.
[INFO] [slang]: Compiling shader: "/home/willian/.config/retroarch/shaders/shaders_slang/bezel/Mega_Bezel/shaders/base/bezel-images-under-crt.slang".
[INFO] [slang]: Using render target format R16G16B16A16_SFLOAT for pass output #39.
[INFO] [slang]: Compiling shader: "/home/willian/.config/retroarch/shaders/shaders_slang/bezel/Mega_Bezel/shaders/base/bezel-images-over-crt.slang".
[INFO] [slang]: Using render target format R16G16B16A16_SFLOAT for pass output #40.
[INFO] [slang]: Compiling shader: "/home/willian/.config/retroarch/shaders/shaders_slang/bezel/Mega_Bezel/shaders/base/linearize-crt.slang".
[INFO] [slang]: Using render target format R16G16B16A16_SFLOAT for pass output #41.
[INFO] [slang]: Compiling shader: "/home/willian/.config/retroarch/shaders/shaders_slang/bezel/Mega_Bezel/shaders/base/blur-outside-screen-horiz.slang".
[INFO] [slang]: Using render target format R8G8B8A8_UNORM for pass output #42.
[INFO] [slang]: Compiling shader: "/home/willian/.config/retroarch/shaders/shaders_slang/bezel/Mega_Bezel/shaders/base/blur-outside-screen-vert.slang".
[INFO] [slang]: Using render target format R8G8B8A8_UNORM for pass output #43.
[INFO] [slang]: Compiling shader: "/home/willian/.config/retroarch/shaders/shaders_slang/blurs/shaders/royale/blur9x9.slang".
[INFO] [slang]: Using render target format R16G16B16A16_SFLOAT for pass output #44.
[INFO] [slang]: Compiling shader: "/home/willian/.config/retroarch/shaders/shaders_slang/blurs/shaders/royale/blur9x9.slang".
[INFO] [slang]: Using render target format R16G16B16A16_SFLOAT for pass output #45.
[INFO] [slang]: Compiling shader: "/home/willian/.config/retroarch/shaders/shaders_slang/bezel/Mega_Bezel/shaders/base/reflection.slang".
[INFO] [slang]: Using render target format R16G16B16A16_SFLOAT for pass output #46.
[INFO] [slang]: Compiling shader: "/home/willian/.config/retroarch/shaders/shaders_slang/bezel/Mega_Bezel/shaders/base/combine-passes.slang".
[INFO] [slang]: Using render target format R8G8B8A8_UNORM for pass output #47.
[INFO] [Vulkan filter chain]: Creating framebuffer 1024x1024 (max 1 level(s)).
[INFO] [Vulkan filter chain]: Creating framebuffer 1024x1024 (max 1 level(s)).
[INFO] [Vulkan filter chain]: Creating framebuffer 1024x1024 (max 1 level(s)).
[INFO] [Vulkan filter chain]: Creating framebuffer 1024x1024 (max 1 level(s)).
[INFO] [Vulkan filter chain]: Creating framebuffer 1024x1024 (max 1 level(s)).
[INFO] [Vulkan filter chain]: Creating framebuffer 1024x1024 (max 1 level(s)).
[INFO] [Vulkan filter chain]: Creating framebuffer 1024x1024 (max 1 level(s)).
[INFO] [Vulkan filter chain]: Creating framebuffer 1024x1024 (max 1 level(s)).
[INFO] [Vulkan filter chain]: Creating framebuffer 1024x1024 (max 1 level(s)).
[INFO] [Vulkan filter chain]: Creating framebuffer 1024x1024 (max 1 level(s)).
[INFO] [Vulkan filter chain]: Creating framebuffer 1024x1024 (max 1 level(s)).
[INFO] [Vulkan filter chain]: Creating framebuffer 1024x1024 (max 1 level(s)).
[INFO] [Vulkan filter chain]: Creating framebuffer 1024x1024 (max 1 level(s)).
[INFO] [Vulkan filter chain]: Creating framebuffer 1024x1024 (max 1 level(s)).
[INFO] [Vulkan filter chain]: Creating framebuffer 1024x1024 (max 1 level(s)).
[INFO] [Vulkan filter chain]: Creating framebuffer 1024x1024 (max 1 level(s)).
[INFO] [Vulkan filter chain]: Creating framebuffer 1024x1024 (max 1 level(s)).
[INFO] [Vulkan filter chain]: Creating framebuffer 1024x1024 (max 1 level(s)).
[INFO] [Vulkan filter chain]: Creating framebuffer 1024x1024 (max 1 level(s)).
[INFO] [Vulkan filter chain]: Creating framebuffer 1024x1024 (max 1 level(s)).
[INFO] [Vulkan filter chain]: Creating framebuffer 1024x1024 (max 1 level(s)).
[INFO] [Vulkan filter chain]: Creating framebuffer 3072x3072 (max 1 level(s)).
[INFO] [Vulkan filter chain]: Creating framebuffer 3072x3072 (max 1 level(s)).
[INFO] [Vulkan filter chain]: Creating framebuffer 3072x3072 (max 1 level(s)).
[INFO] [Vulkan filter chain]: Creating framebuffer 3072x3072 (max 1 level(s)).
[INFO] [Vulkan filter chain]: Creating framebuffer 3072x3072 (max 4294967295 level(s)).
[INFO] [Vulkan filter chain]: Creating framebuffer 3072x3072 (max 1 level(s)).
[INFO] [Vulkan filter chain]: Creating framebuffer 3072x3072 (max 1 level(s)).
[INFO] [Vulkan filter chain]: Creating framebuffer 3072x3072 (max 4294967295 level(s)).
[INFO] [Vulkan filter chain]: Creating framebuffer 3072x3072 (max 4294967295 level(s)).
[INFO] [Vulkan filter chain]: Creating framebuffer 3072x3072 (max 1 level(s)).
[INFO] [Vulkan filter chain]: Creating framebuffer 3072x3072 (max 1 level(s)).
[INFO] [Vulkan filter chain]: Creating framebuffer 800x3072 (max 1 level(s)).
[INFO] [Vulkan filter chain]: Creating framebuffer 800x600 (max 1 level(s)).
[INFO] [Vulkan filter chain]: Creating framebuffer 800x600 (max 1 level(s)).
[INFO] [Vulkan filter chain]: Creating framebuffer 800x600 (max 1 level(s)).
[INFO] [Vulkan filter chain]: Creating framebuffer 3840x2160 (max 1 level(s)).
[INFO] [Vulkan filter chain]: Creating framebuffer 3840x2160 (max 4294967295 level(s)).
[INFO] [Vulkan filter chain]: Creating framebuffer 3840x2160 (max 1 level(s)).
[INFO] [Vulkan filter chain]: Creating framebuffer 3840x2160 (max 1 level(s)).
[INFO] [Vulkan filter chain]: Creating framebuffer 3840x2160 (max 4294967295 level(s)).
[INFO] [Vulkan filter chain]: Creating framebuffer 800x600 (max 4294967295 level(s)).
[INFO] [Vulkan filter chain]: Creating framebuffer 800x600 (max 1 level(s)).
[INFO] [Vulkan filter chain]: Creating framebuffer 800x600 (max 4294967295 level(s)).
[INFO] [Vulkan filter chain]: Creating framebuffer 128x128 (max 4294967295 level(s)).
[INFO] [Vulkan filter chain]: Creating framebuffer 12x12 (max 1 level(s)).
[INFO] [Vulkan filter chain]: Creating framebuffer 3840x2160 (max 1 level(s)).
[INFO] [Vulkan filter chain]: Creating framebuffer 3840x2160 (max 1 level(s)).
[INFO] [Vulkan filter chain]: Creating framebuffer 1024x1024 (max 1 level(s)).
[INFO] [Vulkan filter chain]: Creating framebuffer 1024x1024 (max 1 level(s)).
[INFO] [Vulkan filter chain]: Creating framebuffer 1024x1024 (max 1 level(s)).
[INFO] [Vulkan filter chain]: Creating framebuffer 1024x1024 (max 1 level(s)).
[INFO] [Vulkan filter chain]: Using framebuffer feedback for pass #3.
[INFO] [Vulkan filter chain]: Creating framebuffer 1024x1024 (max 1 level(s)).
[INFO] [Vulkan filter chain]: Using framebuffer feedback for pass #4.
[INFO] [Vulkan filter chain]: Creating framebuffer 3072x3072 (max 4294967295 level(s)).
[INFO] [Vulkan filter chain]: Using framebuffer feedback for pass #25.
[INFO] [Vulkan filter chain]: Creating framebuffer 3072x3072 (max 1 level(s)).
[INFO] [Vulkan filter chain]: Using framebuffer feedback for pass #30.
[INFO] [Vulkan filter chain]: Creating framebuffer 3840x2160 (max 1 level(s)).
[INFO] [Vulkan filter chain]: Using framebuffer feedback for pass #38.
[INFO] [Vulkan filter chain]: Creating framebuffer 3840x2160 (max 1 level(s)).
[INFO] [Vulkan filter chain]: Using framebuffer feedback for pass #39.
[INFO] [Vulkan filter chain]: Creating framebuffer 3840x2160 (max 4294967295 level(s)).
[INFO] [Vulkan filter chain]: Using framebuffer feedback for pass #40.
[INFO] [Vulkan filter chain]: Creating framebuffer 3840x2160 (max 1 level(s)).
[INFO] [Vulkan filter chain]: Using framebuffer feedback for pass #46.
[INFO] [Vulkan filter chain]: Creating framebuffer 3840x2160 (max 1 level(s)).
[INFO] [Vulkan filter chain]: Using framebuffer feedback for pass #47.
[INFO] [udev]: Pad #0 (/dev/input/event5) supports force feedback.
[INFO] [udev]: Pad #0 (/dev/input/event5) supports 16 force feedback effects.
[INFO] [Joypad]: Found joypad driver: "udev".
[INFO] [DBus]: Suspended screensaver via DBus.
[INFO] [Video]: Found display server: "x11".
[INFO] [PulseAudio]: Requested 24576 bytes buffer, got 18432.
[INFO] [Display]: Found display driver: "vulkan".
[INFO] [Environ]: SET_SUBSYSTEM_INFO.
[libretro INFO] [FBNeo] Unknown device type for port 0, forcing "Classic" instead
[libretro INFO] [FBNeo] Unknown device type for port 1, forcing "Classic" instead
[INFO] [Playlist]: Carregando o arquivo de favoritos: "/home/willian/.config/retroarch/content_favorites.lpl".
[INFO] [Vulkan filter chain]: Creating framebuffer 1024x1024 (max 1 level(s)).
[INFO] [Vulkan filter chain]: Creating framebuffer 1024x1024 (max 1 level(s)).
[INFO] [Vulkan filter chain]: Creating framebuffer 1024x1024 (max 1 level(s)).
[INFO] [Vulkan filter chain]: Creating framebuffer 1024x1024 (max 1 level(s)).
[INFO] [Vulkan filter chain]: Creating framebuffer 1024x1024 (max 1 level(s)).
[INFO] [Vulkan filter chain]: Creating framebuffer 1024x1024 (max 1 level(s)).
[INFO] [Vulkan filter chain]: Creating framebuffer 1024x1024 (max 1 level(s)).
[INFO] [Vulkan filter chain]: Creating framebuffer 1024x1024 (max 1 level(s)).
[INFO] [Vulkan filter chain]: Creating framebuffer 1024x1024 (max 1 level(s)).
[INFO] [Vulkan filter chain]: Creating framebuffer 1024x1024 (max 1 level(s)).
[INFO] [Vulkan filter chain]: Creating framebuffer 1024x1024 (max 1 level(s)).
[INFO] [Vulkan filter chain]: Creating framebuffer 1024x1024 (max 1 level(s)).
[INFO] [Vulkan filter chain]: Creating framebuffer 1024x1024 (max 1 level(s)).
[INFO] [Vulkan filter chain]: Creating framebuffer 1024x1024 (max 1 level(s)).
[INFO] [Vulkan filter chain]: Creating framebuffer 1024x1024 (max 1 level(s)).
[INFO] [Vulkan filter chain]: Creating framebuffer 1024x1024 (max 1 level(s)).
[INFO] [Vulkan filter chain]: Creating framebuffer 1024x1024 (max 1 level(s)).
[INFO] [Vulkan filter chain]: Creating framebuffer 1024x1024 (max 1 level(s)).
[INFO] [Vulkan filter chain]: Creating framebuffer 1024x1024 (max 1 level(s)).
[INFO] [Vulkan filter chain]: Creating framebuffer 1024x1024 (max 1 level(s)).
[INFO] [Vulkan filter chain]: Creating framebuffer 1024x1024 (max 1 level(s)).
[INFO] [Vulkan filter chain]: Creating framebuffer 3072x3072 (max 1 level(s)).
[INFO] [Vulkan filter chain]: Creating framebuffer 3072x3072 (max 1 level(s)).
[INFO] [Vulkan filter chain]: Creating framebuffer 3072x3072 (max 1 level(s)).
[INFO] [Vulkan filter chain]: Creating framebuffer 3072x3072 (max 1 level(s)).
[INFO] [Vulkan filter chain]: Creating framebuffer 3072x3072 (max 4294967295 level(s)).
[INFO] [Vulkan filter chain]: Creating framebuffer 3072x3072 (max 1 level(s)).
[INFO] [Vulkan filter chain]: Creating framebuffer 3072x3072 (max 1 level(s)).
[INFO] [Vulkan filter chain]: Creating framebuffer 3072x3072 (max 4294967295 level(s)).
[INFO] [Vulkan filter chain]: Creating framebuffer 3072x3072 (max 4294967295 level(s)).
[INFO] [Vulkan filter chain]: Creating framebuffer 3072x3072 (max 1 level(s)).
[INFO] [Vulkan filter chain]: Creating framebuffer 3072x3072 (max 1 level(s)).
[INFO] [Vulkan filter chain]: Creating framebuffer 800x3072 (max 1 level(s)).
[INFO] [Vulkan filter chain]: Creating framebuffer 800x600 (max 1 level(s)).
[INFO] [Vulkan filter chain]: Creating framebuffer 800x600 (max 1 level(s)).
[INFO] [Vulkan filter chain]: Creating framebuffer 800x600 (max 1 level(s)).
[INFO] [Vulkan filter chain]: Creating framebuffer 3840x2160 (max 1 level(s)).
[INFO] [Vulkan filter chain]: Creating framebuffer 3840x2160 (max 4294967295 level(s)).
[INFO] [Vulkan filter chain]: Creating framebuffer 3840x2160 (max 1 level(s)).
[INFO] [Vulkan filter chain]: Creating framebuffer 3840x2160 (max 1 level(s)).
[INFO] [Vulkan filter chain]: Creating framebuffer 3840x2160 (max 4294967295 level(s)).
[INFO] [Vulkan filter chain]: Creating framebuffer 800x600 (max 4294967295 level(s)).
[INFO] [Vulkan filter chain]: Creating framebuffer 800x600 (max 1 level(s)).
[INFO] [Vulkan filter chain]: Creating framebuffer 800x600 (max 4294967295 level(s)).
[INFO] [Vulkan filter chain]: Creating framebuffer 128x128 (max 4294967295 level(s)).
[INFO] [Vulkan filter chain]: Creating framebuffer 12x12 (max 1 level(s)).
[INFO] [Vulkan filter chain]: Creating framebuffer 3840x2160 (max 1 level(s)).
[INFO] [Vulkan filter chain]: Creating framebuffer 3840x2160 (max 1 level(s)).
[INFO] [Vulkan filter chain]: Creating framebuffer 1024x1024 (max 1 level(s)).
[INFO] [Vulkan filter chain]: Creating framebuffer 1024x1024 (max 1 level(s)).
[INFO] [Vulkan filter chain]: Creating framebuffer 1024x1024 (max 1 level(s)).
[INFO] [Vulkan filter chain]: Creating framebuffer 1024x1024 (max 1 level(s)).
[INFO] [Vulkan filter chain]: Using framebuffer feedback for pass #3.
[INFO] [Vulkan filter chain]: Creating framebuffer 1024x1024 (max 1 level(s)).
[INFO] [Vulkan filter chain]: Using framebuffer feedback for pass #4.
[INFO] [Vulkan filter chain]: Creating framebuffer 3072x3072 (max 4294967295 level(s)).
[INFO] [Vulkan filter chain]: Using framebuffer feedback for pass #25.
[INFO] [Vulkan filter chain]: Creating framebuffer 3072x3072 (max 1 level(s)).
[INFO] [Vulkan filter chain]: Using framebuffer feedback for pass #30.
[INFO] [Vulkan filter chain]: Creating framebuffer 3840x2160 (max 1 level(s)).
[INFO] [Vulkan filter chain]: Using framebuffer feedback for pass #38.
[INFO] [Vulkan filter chain]: Creating framebuffer 3840x2160 (max 1 level(s)).
[INFO] [Vulkan filter chain]: Using framebuffer feedback for pass #39.
[INFO] [Vulkan filter chain]: Creating framebuffer 3840x2160 (max 4294967295 level(s)).
[INFO] [Vulkan filter chain]: Using framebuffer feedback for pass #40.
[INFO] [Vulkan filter chain]: Creating framebuffer 3840x2160 (max 1 level(s)).
[INFO] [Vulkan filter chain]: Using framebuffer feedback for pass #46.
[INFO] [Vulkan filter chain]: Creating framebuffer 3840x2160 (max 1 level(s)).
[INFO] [Vulkan filter chain]: Using framebuffer feedback for pass #47.
[INFO] [Environ]: SET_INPUT_DESCRIPTORS:
[INFO] [X/Vulkan]: Resized fullscreen resolution to 3840x2160.
[INFO] [Vulkan filter chain]: Creating framebuffer 1024x1024 (max 1 level(s)).
[INFO] [Vulkan filter chain]: Creating framebuffer 1024x1024 (max 1 level(s)).
[INFO] [Vulkan filter chain]: Creating framebuffer 1024x1024 (max 1 level(s)).
[INFO] [Vulkan filter chain]: Creating framebuffer 1024x1024 (max 1 level(s)).
[INFO] [Vulkan filter chain]: Creating framebuffer 1024x1024 (max 1 level(s)).
[INFO] [Vulkan filter chain]: Creating framebuffer 1024x1024 (max 1 level(s)).
[INFO] [Vulkan filter chain]: Creating framebuffer 1024x1024 (max 1 level(s)).
[INFO] [Vulkan filter chain]: Creating framebuffer 1024x1024 (max 1 level(s)).
[INFO] [Vulkan filter chain]: Creating framebuffer 1024x1024 (max 1 level(s)).
[INFO] [Vulkan filter chain]: Creating framebuffer 1024x1024 (max 1 level(s)).
[INFO] [Vulkan filter chain]: Creating framebuffer 1024x1024 (max 1 level(s)).
[INFO] [Vulkan filter chain]: Creating framebuffer 1024x1024 (max 1 level(s)).
[INFO] [Vulkan filter chain]: Creating framebuffer 1024x1024 (max 1 level(s)).
[INFO] [Vulkan filter chain]: Creating framebuffer 1024x1024 (max 1 level(s)).
[INFO] [Vulkan filter chain]: Creating framebuffer 1024x1024 (max 1 level(s)).
[INFO] [Vulkan filter chain]: Creating framebuffer 1024x1024 (max 1 level(s)).
[INFO] [Vulkan filter chain]: Creating framebuffer 1024x1024 (max 1 level(s)).
[INFO] [Vulkan filter chain]: Creating framebuffer 1024x1024 (max 1 level(s)).
[INFO] [Vulkan filter chain]: Creating framebuffer 1024x1024 (max 1 level(s)).
[INFO] [Vulkan filter chain]: Creating framebuffer 1024x1024 (max 1 level(s)).
[INFO] [Vulkan filter chain]: Creating framebuffer 1024x1024 (max 1 level(s)).
[INFO] [Vulkan filter chain]: Creating framebuffer 3072x3072 (max 1 level(s)).
[INFO] [Vulkan filter chain]: Creating framebuffer 3072x3072 (max 1 level(s)).
[INFO] [Vulkan filter chain]: Creating framebuffer 3072x3072 (max 1 level(s)).
[INFO] [Vulkan filter chain]: Creating framebuffer 3072x3072 (max 1 level(s)).
[INFO] [Vulkan filter chain]: Creating framebuffer 3072x3072 (max 4294967295 level(s)).
[INFO] [Vulkan filter chain]: Creating framebuffer 3072x3072 (max 1 level(s)).
[INFO] [Vulkan filter chain]: Creating framebuffer 3072x3072 (max 1 level(s)).
[INFO] [Vulkan filter chain]: Creating framebuffer 3072x3072 (max 4294967295 level(s)).
[INFO] [Vulkan filter chain]: Creating framebuffer 3072x3072 (max 4294967295 level(s)).
[INFO] [Vulkan filter chain]: Creating framebuffer 3072x3072 (max 1 level(s)).
[INFO] [Vulkan filter chain]: Creating framebuffer 3072x3072 (max 1 level(s)).
[INFO] [Vulkan filter chain]: Creating framebuffer 800x3072 (max 1 level(s)).
[INFO] [Vulkan filter chain]: Creating framebuffer 800x600 (max 1 level(s)).
[INFO] [Vulkan filter chain]: Creating framebuffer 800x600 (max 1 level(s)).
[INFO] [Vulkan filter chain]: Creating framebuffer 800x600 (max 1 level(s)).
[INFO] [Vulkan filter chain]: Creating framebuffer 3840x2160 (max 1 level(s)).
[INFO] [Vulkan filter chain]: Creating framebuffer 3840x2160 (max 4294967295 level(s)).
[INFO] [Vulkan filter chain]: Creating framebuffer 3840x2160 (max 1 level(s)).
[INFO] [Vulkan filter chain]: Creating framebuffer 3840x2160 (max 1 level(s)).
[INFO] [Vulkan filter chain]: Creating framebuffer 3840x2160 (max 4294967295 level(s)).
[INFO] [Vulkan filter chain]: Creating framebuffer 800x600 (max 4294967295 level(s)).
[INFO] [Vulkan filter chain]: Creating framebuffer 800x600 (max 1 level(s)).
[INFO] [Vulkan filter chain]: Creating framebuffer 800x600 (max 4294967295 level(s)).
[INFO] [Vulkan filter chain]: Creating framebuffer 128x128 (max 4294967295 level(s)).
[INFO] [Vulkan filter chain]: Creating framebuffer 12x12 (max 1 level(s)).
[INFO] [Vulkan filter chain]: Creating framebuffer 3840x2160 (max 1 level(s)).
[INFO] [Vulkan filter chain]: Creating framebuffer 3840x2160 (max 1 level(s)).
[INFO] [Vulkan filter chain]: Creating framebuffer 1024x1024 (max 1 level(s)).
[INFO] [Vulkan filter chain]: Creating framebuffer 1024x1024 (max 1 level(s)).
[INFO] [Vulkan filter chain]: Creating framebuffer 1024x1024 (max 1 level(s)).
[INFO] [Vulkan filter chain]: Creating framebuffer 1024x1024 (max 1 level(s)).
[INFO] [Vulkan filter chain]: Using framebuffer feedback for pass #3.
[INFO] [Vulkan filter chain]: Creating framebuffer 1024x1024 (max 1 level(s)).
[INFO] [Vulkan filter chain]: Using framebuffer feedback for pass #4.
[INFO] [Vulkan filter chain]: Creating framebuffer 3072x3072 (max 4294967295 level(s)).
[INFO] [Vulkan filter chain]: Using framebuffer feedback for pass #25.
[INFO] [Vulkan filter chain]: Creating framebuffer 3072x3072 (max 1 level(s)).
[INFO] [Vulkan filter chain]: Using framebuffer feedback for pass #30.
[INFO] [Vulkan filter chain]: Creating framebuffer 3840x2160 (max 1 level(s)).
[INFO] [Vulkan filter chain]: Using framebuffer feedback for pass #38.
[INFO] [Vulkan filter chain]: Creating framebuffer 3840x2160 (max 1 level(s)).
[INFO] [Vulkan filter chain]: Using framebuffer feedback for pass #39.
[INFO] [Vulkan filter chain]: Creating framebuffer 3840x2160 (max 4294967295 level(s)).
[INFO] [Vulkan filter chain]: Using framebuffer feedback for pass #40.
[INFO] [Vulkan filter chain]: Creating framebuffer 3840x2160 (max 1 level(s)).
[INFO] [Vulkan filter chain]: Using framebuffer feedback for pass #46.
[INFO] [Vulkan filter chain]: Creating framebuffer 3840x2160 (max 1 level(s)).
[INFO] [Vulkan filter chain]: Using framebuffer feedback for pass #47.
[INFO] [Vulkan filter chain]: Updating framebuffer size 864x224 (format: 37).
[INFO] [Vulkan filter chain]: Updating framebuffer size 864x224 (format: 43).
[INFO] [Vulkan filter chain]: Updating framebuffer size 864x224 (format: 43).
[INFO] [Vulkan filter chain]: Updating framebuffer size 864x224 (format: 109).
[INFO] [Vulkan filter chain]: Updating framebuffer size 864x224 (format: 97).
[INFO] [Vulkan filter chain]: Updating framebuffer size 864x224 (format: 97).
[INFO] [Vulkan filter chain]: Updating framebuffer size 864x224 (format: 37).
[INFO] [Vulkan filter chain]: Updating framebuffer size 864x224 (format: 37).
[INFO] [Vulkan filter chain]: Updating framebuffer size 864x224 (format: 37).
[INFO] [Vulkan filter chain]: Updating framebuffer size 864x224 (format: 37).
[INFO] [Vulkan filter chain]: Updating framebuffer size 864x224 (format: 37).
[INFO] [Vulkan filter chain]: Updating framebuffer size 864x224 (format: 37).
[INFO] [Vulkan filter chain]: Updating framebuffer size 864x224 (format: 37).
[INFO] [Vulkan filter chain]: Updating framebuffer size 864x224 (format: 37).
[INFO] [Vulkan filter chain]: Updating framebuffer size 864x224 (format: 37).
[INFO] [Vulkan filter chain]: Updating framebuffer size 864x224 (format: 37).
[INFO] [Vulkan filter chain]: Updating framebuffer size 864x224 (format: 37).
[INFO] [Vulkan filter chain]: Updating framebuffer size 864x224 (format: 97).
[INFO] [Vulkan filter chain]: Updating framebuffer size 864x224 (format: 37).
[INFO] [Vulkan filter chain]: Updating framebuffer size 864x224 (format: 37).
[INFO] [Vulkan filter chain]: Updating framebuffer size 864x224 (format: 37).
[INFO] [Vulkan filter chain]: Updating framebuffer size 2592x672 (format: 37).
[INFO] [Vulkan filter chain]: Updating framebuffer size 2592x672 (format: 97).
[INFO] [Vulkan filter chain]: Updating framebuffer size 2592x672 (format: 97).
[INFO] [Vulkan filter chain]: Updating framebuffer size 2592x672 (format: 37).
[INFO] [Vulkan filter chain]: Updating framebuffer size 2592x672 (format: 37).
[INFO] [Vulkan filter chain]: Updating framebuffer size 2592x672 (format: 37).
[INFO] [Vulkan filter chain]: Updating framebuffer size 2592x672 (format: 37).
[INFO] [Vulkan filter chain]: Updating framebuffer size 2592x672 (format: 37).
[INFO] [Vulkan filter chain]: Updating framebuffer size 2592x672 (format: 37).
[INFO] [Vulkan filter chain]: Updating framebuffer size 2592x672 (format: 37).
[INFO] [Vulkan filter chain]: Updating framebuffer size 2592x672 (format: 97).
[INFO] [Vulkan filter chain]: Updating framebuffer size 800x672 (format: 97).
[INFO] [Vulkan filter chain]: Updating framebuffer size 864x224 (format: 44).
[INFO] [Vulkan filter chain]: Updating framebuffer size 864x224 (format: 109).
[INFO] [Vulkan filter chain]: Updating framebuffer size 864x224 (format: 97).
[INFO] [Vulkan filter chain]: Updating framebuffer size 2592x672 (format: 37).
[INFO] [Vulkan filter chain]: Updating framebuffer size 2592x672 (format: 37).
[INFO] [Vulkan filter chain]: Updating framebuffer size 864x224 (format: 44).
[INFO] [Vulkan filter chain]: Updating framebuffer size 864x224 (format: 44).
[INFO] [PulseAudio]: Pausing.
[INFO] [PulseAudio]: Unpausing.
[INFO] [Config]: Loading config: "/home/willian/.config/retroarch/retroarch.cfg".
[INFO] [Overrides]: Configuration overrides unloaded, original configuration restored.
[INFO] [Core]: Content ran for a total of: 00 hours, 02 minutes, 01 seconds.
[INFO] [Runtime]: Saving runtime log file: "/home/willian/.config/retroarch/playlists/logs/FinalBurn Neo/darius2.lrtl".
[INFO] [Core]: Unloading game..
[INFO] [PulseAudio]: Pausing.
[INFO] [Core]: Unloading core..
[INFO] [Core]: Unloading core symbols..
[INFO] [Core]: Saved core options file to "/home/willian/.config/retroarch/config/FinalBurn Neo/FinalBurn Neo.opt".
[INFO] [XINERAMA]: Xinerama version: 1.1.
[INFO] [XINERAMA]: Xinerama screens: 1.
[INFO] [XINERAMA]: Saved monitor #0.
[INFO] [Video]: Average monitor Hz: 59.998800 Hz. (1.344 % frame time deviation, based on 2048 last samples).
