[NFO] RetroArch 1.16.0 (Git 7237b6acfc)
[NFO] === Build =======================================
[NFO] CPU Model Name: AMD Ryzen 7 5700X 8-Core Processor             
[NFO] Capacidades: MMX MMXEXT SSE SSE2 SSE3 SSSE3 SSE4 SSE42 AES AVX AVX2 
[NFO] Version: 1.16.0
[NFO] Git: 7237b6acfc
[NFO] Built: Nov  6 2023
[NFO] =================================================
[NFO] [Input]: Found input driver: "x".
[NFO] [Environ]: SET_PIXEL_FORMAT: RGB565.
[NFO] [Core]: Versão da API libretro: 1, Compilado contra a API: 1
[NFO] [Core]: Geometry: 320x240, Aspect: 1.333, FPS: 60.00, Sample rate: 48000.00 Hz.
[NFO] [Audio]: Set audio input rate to: 48000.00 Hz.
[NFO] [Video]: Set video size to: fullscreen.
[ERR] [Wayland]: Failed to connect to Wayland server.
[NFO] [Vulkan]: Vulkan dynamic library loaded.
[NFO] [Vulkan]: Found vulkan context: "vk_x".
[NFO] [Vulkan]: Detecting screen resolution: 3840x2160.
[NFO] [XINERAMA]: Xinerama version: 1.1.
[NFO] [XINERAMA]: Xinerama screens: 1.
[NFO] [X/Vulkan]: Using Xinerama on screen #0.
[NFO] [X/Vulkan]: X = 0, Y = 0, W = 3840, H = 2160.
[NFO] [X/Vulkan]: Using windowed fullscreen.
[NFO] [Vulkan]: Found GPU at index 0: "NVIDIA GeForce RTX 2060".
[NFO] [Vulkan]: Using GPU index 0.
[NFO] [Vulkan]: Using fences for WSI acquire.
[NFO] [Vulkan]: Using GPU: "NVIDIA GeForce RTX 2060".
[NFO] [Vulkan]: Queue family 0 supports 16 sub-queues.
[NFO] [Vulkan]: Got 3 swapchain images.
[NFO] [Vulkan]: Using resolution 3840x2160.
[NFO] [Vulkan]: Using RGB565 format.
[NFO] [Vulkan]: Loading stock shader.
[NFO] [udev]: Pad #0 (/dev/input/event5) supports force feedback.
[NFO] [udev]: Pad #0 (/dev/input/event5) supports 16 force feedback effects.
[NFO] [Autoconf]: DualSense configurado na porta 1.
[NFO] [Joypad]: Found joypad driver: "udev".
[NFO] [X11]: Suspending screensaver (X11, xdg-screensaver).
[NFO] [Video]: Found display server: "x11".
[NFO] [PulseAudio]: Requested 24576 bytes buffer, got 18432.
[NFO] [Audio]: Started synchronous audio driver.
[NFO] [ALSA] Using ALSA version 1.2.10
[NFO] [Microphone]: Initialized microphone driver.
[NFO] [Display]: Found display driver: "vulkan".
[NFO] [Playlist]: Carregando o arquivo de favoritos: "/home/willian/.config/retroarch/content_favorites.lpl".
[NFO] [X/Vulkan]: Resized fullscreen resolution to 3840x2160.
[ERR] [Thumbnail]: Download "/home/willian/.config/retroarch/thumbnails/Arcade Collection - King of Fighters/Named_Snaps/The King of Fighters 2003 [dedicated PCB version, Japan region].png" failed: File not found.
[ERR] [Thumbnail]: Download "/home/willian/.config/retroarch/thumbnails/Arcade Collection - King of Fighters/Named_Titles/The King of Fighters 2003 [dedicated PCB version, Japan region].png" failed: File not found.
[ERR] [Thumbnail]: Download "/home/willian/.config/retroarch/thumbnails/Arcade Collection - King of Fighters/Named_Boxarts/The King of Fighters 2003 [dedicated PCB version, Japan region].png" failed: File not found.
[NFO] [Environ]: SET_SUBSYSTEM_INFO.
[NFO] [Core]: Using content: ".config/retroarch/roms/FBNeo - Arcade Games/19xx.zip".
[NFO] [Core]: Content ran for a total of: 00 hours, 00 minutes, 00 seconds.
[NFO] [PulseAudio]: Pausing.
[NFO] [Core]: Unloading core..
[NFO] [Core]: Unloading core symbols..
[NFO] [XINERAMA]: Xinerama version: 1.1.
[NFO] [XINERAMA]: Xinerama screens: 1.
[NFO] [XINERAMA]: Saved monitor #0.
[NFO] [Video]: Does not have enough samples for monitor refresh rate estimation. Requires to run for at least 4096 frames.
[NFO] RetroArch 1.16.0 (Git 7237b6acfc)
[NFO] === Build =======================================
[NFO] CPU Model Name: AMD Ryzen 7 5700X 8-Core Processor             
[NFO] Capacidades: MMX MMXEXT SSE SSE2 SSE3 SSSE3 SSE4 SSE42 AES AVX AVX2 
[NFO] Version: 1.16.0
[NFO] Git: 7237b6acfc
[NFO] Built: Nov  6 2023
[NFO] =================================================
[NFO] [Input]: Found input driver: "x".
[NFO] [Core]: Loading dynamic libretro core from: "/home/willian/.config/retroarch/cores/fbneo_libretro.so"
[NFO] [Overrides]: Game-specific overrides found at "/home/willian/.config/retroarch/config/FinalBurn Neo/19xx.cfg".
[NFO] [Config]: Loading config: "/home/willian/.config/retroarch/retroarch.cfg".
[NFO] [Config]: Appending override config: "/home/willian/.config/retroarch/config/FinalBurn Neo/19xx.cfg".
[NFO] [Overrides]: Redirecionando arquivo dados da memória do jogo em "/home/willian/.config/retroarch/saves/19xx.srm".
[NFO] [Overrides]: Redirecionando o jogo salvo em "/home/willian/.config/retroarch/states/19xx.state".
[NFO] [Environ]: SET_SERIALIZATION_QUIRKS.
[NFO] [Environ]: GET_LOG_INTERFACE.
[NFO] [Environ]: GET_MESSAGE_INTERFACE_VERSION.
[NFO] [Environ]: SET_AUDIO_BUFFER_STATUS_CALLBACK.
[NFO] [Content]: Carregamento de conteúdo ignorado. A implementação irá carregar por conta própria.
[NFO] [Environ]: SAVE_DIRECTORY: "/home/willian/.config/retroarch/saves".
libretro [NFO] Setting save dir to /home/willian/.config/retroarch/saves
[NFO] [Environ]: SYSTEM_DIRECTORY: "/home/willian/.config/retroarch/system".
libretro [NFO] Setting system dir to /home/willian/.config/retroarch/system
[NFO] [Environ]: SET_CONTROLLER_INFO.
libretro [NFO] Initialize DIP switches.
[NFO] [Environ]: GET_CORE_OPTIONS_VERSION.
[NFO] [Environ]: RETRO_ENVIRONMENT_SET_CORE_OPTIONS_V2.
libretro [NFO] [FBNeo] Searching all possible locations for romset 19xx
libretro [NFO] [FBNeo] No patched romset found at /home/willian/.config/retroarch/system/fbneo/patched/19xx
libretro [NFO] [FBNeo] Romset found at .config/retroarch/roms/FBNeo - Arcade Games/19xx
libretro [NFO] [FBNeo] No romset found at /home/willian/.config/retroarch/system/fbneo/19xx
libretro [NFO] [FBNeo] No romset found at /home/willian/.config/retroarch/system/19xx
libretro [NFO] [FBNeo] Using ROM with known crc 0x9bf9d9b1 and name 19xe.03b from archive .config/retroarch/roms/FBNeo - Arcade Games/19xx
libretro [NFO] [FBNeo] Using ROM with known crc 0x9aa46476 and name 19xe.04b from archive .config/retroarch/roms/FBNeo - Arcade Games/19xx
libretro [NFO] [FBNeo] Using ROM with known crc 0xa04a2c5e and name 19xe.05b from archive .config/retroarch/roms/FBNeo - Arcade Games/19xx
libretro [NFO] [FBNeo] Using ROM with known crc 0xf0a81c33 and name 19xe.06b from archive .config/retroarch/roms/FBNeo - Arcade Games/19xx
libretro [NFO] [FBNeo] Using ROM with known crc 0x61c0296c and name 19x.07 from archive .config/retroarch/roms/FBNeo - Arcade Games/19xx
libretro [NFO] [FBNeo] Using ROM with known crc 0x427aeb18 and name 19x.13m from archive .config/retroarch/roms/FBNeo - Arcade Games/19xx
libretro [NFO] [FBNeo] Using ROM with known crc 0x63bdbf54 and name 19x.15m from archive .config/retroarch/roms/FBNeo - Arcade Games/19xx
libretro [NFO] [FBNeo] Using ROM with known crc 0x2dfe18b5 and name 19x.17m from archive .config/retroarch/roms/FBNeo - Arcade Games/19xx
libretro [NFO] [FBNeo] Using ROM with known crc 0xcbef9579 and name 19x.19m from archive .config/retroarch/roms/FBNeo - Arcade Games/19xx
libretro [NFO] [FBNeo] Using ROM with known crc 0xe916967c and name 19x.14m from archive .config/retroarch/roms/FBNeo - Arcade Games/19xx
libretro [NFO] [FBNeo] Using ROM with known crc 0x6e75f3db and name 19x.16m from archive .config/retroarch/roms/FBNeo - Arcade Games/19xx
libretro [NFO] [FBNeo] Using ROM with known crc 0x2213e798 and name 19x.18m from archive .config/retroarch/roms/FBNeo - Arcade Games/19xx
libretro [NFO] [FBNeo] Using ROM with known crc 0xab9d5b96 and name 19x.20m from archive .config/retroarch/roms/FBNeo - Arcade Games/19xx
libretro [NFO] [FBNeo] Using ROM with known crc 0xef55195e and name 19x.01 from archive .config/retroarch/roms/FBNeo - Arcade Games/19xx
libretro [NFO] [FBNeo] Using ROM with known crc 0xd38beef3 and name 19x.11m from archive .config/retroarch/roms/FBNeo - Arcade Games/19xx
libretro [NFO] [FBNeo] Using ROM with known crc 0xd47c96e2 and name 19x.12m from archive .config/retroarch/roms/FBNeo - Arcade Games/19xx
libretro [NFO] [FBNeo] Using ROM with known crc 0x6f5d6406 and name 19xx.key from archive .config/retroarch/roms/FBNeo - Arcade Games/19xx
libretro [NFO] [FBNeo] No missing files, proceeding
libretro [NFO] [FBNeo] Samplerate set to 48000
libretro [NFO] [FBNeo] Applied dipswitches from core options
libretro [NFO] [FBNeo] Initialized driver for 19xx
libretro [NFO] [FBNeo] Adjusted audio buffer to match driver's refresh rate (59.630000 Hz)
libretro [NFO] [Cheevos] System RAM set to 0x5583cc4e0d60, size is 65536
[NFO] [Environ]: SET_ROTATION: 1
[NFO] [Environ]: SET_PIXEL_FORMAT: XRGB8888.
libretro [NFO] [FBNeo] Driver 19xx was successfully started : game's full name is 19XX - the war against destiny (960104 Euro)
[NFO] [Replay]: Found last replay slot: #0
[NFO] [SRAM]: Ignorando carregamento da SRAM.
[NFO] [Core]: Versão da API libretro: 1, Compilado contra a API: 1
libretro [NFO] [FBNeo] Timing set to 59.630000 Hz
[NFO] [Core]: Geometry: 384x224, Aspect: 1.333, FPS: 59.63, Sample rate: 48002.15 Hz.
[NFO] [Audio]: Set audio input rate to: 48300.00 Hz.
[NFO] [Video]: Set video size to: fullscreen.
[ERR] [Wayland]: Failed to connect to Wayland server.
[NFO] [Vulkan]: Vulkan dynamic library loaded.
[NFO] [Vulkan]: Found vulkan context: "vk_x".
[NFO] [Vulkan]: Detecting screen resolution: 3840x2160.
[NFO] [XINERAMA]: Xinerama version: 1.1.
[NFO] [XINERAMA]: Xinerama screens: 1.
[NFO] [X/Vulkan]: Using Xinerama on screen #0.
[NFO] [X/Vulkan]: X = 0, Y = 0, W = 3840, H = 2160.
[NFO] [X/Vulkan]: Using windowed fullscreen.
[NFO] [Vulkan]: Found GPU at index 0: "NVIDIA GeForce RTX 2060".
[NFO] [Vulkan]: Using GPU index 0.
[NFO] [Vulkan]: Using fences for WSI acquire.
[NFO] [Vulkan]: Using GPU: "NVIDIA GeForce RTX 2060".
[NFO] [Vulkan]: Queue family 0 supports 16 sub-queues.
[NFO] [Vulkan]: Got 3 swapchain images.
[NFO] [Vulkan]: Using resolution 3840x2160.
[NFO] [Vulkan]: Using BGRA8888 format.
[NFO] [Shaders]: Specific shader preset found at "/home/willian/.config/retroarch/config/global.slangp".
[NFO] [slang]: Compiling shader: "/home/willian/.config/retroarch/shaders/shaders_slang/bezel/Mega_Bezel/shaders/base/add-params-all.slang".
[NFO] [slang]: Using render target format R8G8B8A8_UNORM for pass output #0.
[NFO] [slang]: Compiling shader: "/home/willian/.config/retroarch/shaders/shaders_slang/bezel/Mega_Bezel/shaders/base/stock.slang".
[NFO] [slang]: Using render target format R8G8B8A8_SRGB for pass output #1.
[NFO] [slang]: Compiling shader: "/home/willian/.config/retroarch/shaders/shaders_slang/bezel/Mega_Bezel/shaders/base/add-negative-crop-area.slang".
[NFO] [slang]: Using render target format R8G8B8A8_SRGB for pass output #2.
[NFO] [slang]: Compiling shader: "/home/willian/.config/retroarch/shaders/shaders_slang/bezel/Mega_Bezel/shaders/base/cache-info-all-params.slang".
[NFO] [slang]: Using render target format R32G32B32A32_SFLOAT for pass output #3.
[NFO] [slang]: Compiling shader: "/home/willian/.config/retroarch/shaders/shaders_slang/bezel/Mega_Bezel/shaders/base/text-std.slang".
[NFO] [slang]: Using render target format R16G16B16A16_SFLOAT for pass output #4.
[NFO] [slang]: Compiling shader: "/home/willian/.config/retroarch/shaders/shaders_slang/bezel/Mega_Bezel/shaders/base/intro.slang".
[NFO] [slang]: Using render target format R16G16B16A16_SFLOAT for pass output #5.
[NFO] [slang]: Compiling shader: "/home/willian/.config/retroarch/shaders/shaders_slang/bezel/Mega_Bezel/shaders/base/stock.slang".
[NFO] [slang]: Using render target format R8G8B8A8_UNORM for pass output #6.
[NFO] [slang]: Compiling shader: "/home/willian/.config/retroarch/shaders/shaders_slang/bezel/Mega_Bezel/shaders/base/stock.slang".
[NFO] [slang]: Using render target format R8G8B8A8_UNORM for pass output #7.
[NFO] [slang]: Compiling shader: "/home/willian/.config/retroarch/shaders/shaders_slang/bezel/Mega_Bezel/shaders/guest/hsm-afterglow0.slang".
[NFO] [slang]: Using render target format R8G8B8A8_UNORM for pass output #8.
[NFO] [slang]: Compiling shader: "/home/willian/.config/retroarch/shaders/shaders_slang/bezel/Mega_Bezel/shaders/guest/hsm-pre-shaders-afterglow.slang".
[NFO] [slang]: Using render target format R8G8B8A8_UNORM for pass output #9.
[NFO] [slang]: Compiling shader: "/home/willian/.config/retroarch/shaders/shaders_slang/bezel/Mega_Bezel/shaders/dogway/hsm-grade.slang".
[NFO] [slang]: Using render target format R8G8B8A8_UNORM for pass output #10.
[NFO] [slang]: Compiling shader: "/home/willian/.config/retroarch/shaders/shaders_slang/bezel/Mega_Bezel/shaders/guest/hsm-custom-fast-sharpen.slang".
[NFO] [slang]: Using render target format R8G8B8A8_UNORM for pass output #11.
[NFO] [slang]: Compiling shader: "/home/willian/.config/retroarch/shaders/shaders_slang/bezel/Mega_Bezel/shaders/base/stock.slang".
[NFO] [slang]: Using render target format R8G8B8A8_UNORM for pass output #12.
[NFO] [slang]: Compiling shader: "/home/willian/.config/retroarch/shaders/shaders_slang/bezel/Mega_Bezel/shaders/guest/hsm-avg-lum.slang".
[NFO] [slang]: Using render target format R8G8B8A8_UNORM for pass output #13.
[NFO] [slang]: Compiling shader: "/home/willian/.config/retroarch/shaders/shaders_slang/bezel/Mega_Bezel/shaders/guest/hsm-interlace-and-linearize.slang".
[NFO] [slang]: Using render target format R16G16B16A16_SFLOAT for pass output #14.
[NFO] [slang]: Compiling shader: "/home/willian/.config/retroarch/shaders/shaders_slang/bezel/Mega_Bezel/shaders/guest/hsm-gaussian_horizontal.slang".
[NFO] [slang]: Using render target format R16G16B16A16_SFLOAT for pass output #15.
[NFO] [slang]: Compiling shader: "/home/willian/.config/retroarch/shaders/shaders_slang/bezel/Mega_Bezel/shaders/guest/hsm-gaussian_vertical.slang".
[NFO] [slang]: Using render target format R16G16B16A16_SFLOAT for pass output #16.
[NFO] [slang]: Compiling shader: "/home/willian/.config/retroarch/shaders/shaders_slang/bezel/Mega_Bezel/shaders/guest/hsm-bloom_horizontal.slang".
[NFO] [slang]: Using render target format R16G16B16A16_SFLOAT for pass output #17.
[NFO] [slang]: Compiling shader: "/home/willian/.config/retroarch/shaders/shaders_slang/bezel/Mega_Bezel/shaders/guest/hsm-bloom_vertical.slang".
[NFO] [slang]: Using render target format R16G16B16A16_SFLOAT for pass output #18.
[NFO] [slang]: Compiling shader: "/home/willian/.config/retroarch/shaders/shaders_slang/bezel/Mega_Bezel/shaders/guest/hsm-crt-guest-advanced.slang".
[NFO] [slang]: Using render target format R16G16B16A16_SFLOAT for pass output #19.
[NFO] [slang]: Compiling shader: "/home/willian/.config/retroarch/shaders/shaders_slang/bezel/Mega_Bezel/shaders/guest/hsm-deconvergence.slang".
[NFO] [slang]: Using render target format R16G16B16A16_SFLOAT for pass output #20.
[NFO] [slang]: Compiling shader: "/home/willian/.config/retroarch/shaders/shaders_slang/bezel/Mega_Bezel/shaders/base/post-crt-prep-image-layers.slang".
[NFO] [slang]: Using render target format R16G16B16A16_SFLOAT for pass output #21.
[NFO] [slang]: Compiling shader: "/home/willian/.config/retroarch/shaders/shaders_slang/bezel/Mega_Bezel/shaders/base/bezel-images-under-crt.slang".
[NFO] [slang]: Using render target format R16G16B16A16_SFLOAT for pass output #22.
[NFO] [slang]: Compiling shader: "/home/willian/.config/retroarch/shaders/shaders_slang/bezel/Mega_Bezel/shaders/base/bezel-images-over-crt.slang".
[NFO] [slang]: Using render target format R16G16B16A16_SFLOAT for pass output #23.
[NFO] [slang]: Compiling shader: "/home/willian/.config/retroarch/shaders/shaders_slang/bezel/Mega_Bezel/shaders/base/linearize-crt.slang".
[NFO] [slang]: Using render target format R16G16B16A16_SFLOAT for pass output #24.
[NFO] [slang]: Compiling shader: "/home/willian/.config/retroarch/shaders/shaders_slang/bezel/Mega_Bezel/shaders/base/blur-outside-screen-horiz.slang".
[NFO] [slang]: Using render target format R8G8B8A8_UNORM for pass output #25.
[NFO] [slang]: Compiling shader: "/home/willian/.config/retroarch/shaders/shaders_slang/bezel/Mega_Bezel/shaders/base/blur-outside-screen-vert.slang".
[NFO] [slang]: Using render target format R8G8B8A8_UNORM for pass output #26.
[NFO] [slang]: Compiling shader: "/home/willian/.config/retroarch/shaders/shaders_slang/blurs/shaders/royale/blur9x9.slang".
[NFO] [slang]: Using render target format R16G16B16A16_SFLOAT for pass output #27.
[NFO] [slang]: Compiling shader: "/home/willian/.config/retroarch/shaders/shaders_slang/blurs/shaders/royale/blur9x9.slang".
[NFO] [slang]: Using render target format R16G16B16A16_SFLOAT for pass output #28.
[NFO] [slang]: Compiling shader: "/home/willian/.config/retroarch/shaders/shaders_slang/bezel/Mega_Bezel/shaders/base/reflection.slang".
[NFO] [slang]: Using render target format R16G16B16A16_SFLOAT for pass output #29.
[NFO] [slang]: Compiling shader: "/home/willian/.config/retroarch/shaders/shaders_slang/bezel/Mega_Bezel/shaders/base/combine-passes.slang".
[NFO] [slang]: Using render target format R8G8B8A8_UNORM for pass output #30.
[NFO] [Vulkan filter chain]: Creating framebuffer 512x512 (max 1 level(s)).
[NFO] [Vulkan filter chain]: Creating framebuffer 512x512 (max 1 level(s)).
[NFO] [Vulkan filter chain]: Creating framebuffer 512x512 (max 1 level(s)).
[NFO] [Vulkan filter chain]: Creating framebuffer 512x512 (max 1 level(s)).
[NFO] [Vulkan filter chain]: Creating framebuffer 512x512 (max 1 level(s)).
[NFO] [Vulkan filter chain]: Creating framebuffer 512x512 (max 1 level(s)).
[NFO] [Vulkan filter chain]: Creating framebuffer 512x512 (max 1 level(s)).
[NFO] [Vulkan filter chain]: Creating framebuffer 512x512 (max 1 level(s)).
[NFO] [Vulkan filter chain]: Creating framebuffer 512x512 (max 4294967295 level(s)).
[NFO] [Vulkan filter chain]: Creating framebuffer 512x512 (max 1 level(s)).
[NFO] [Vulkan filter chain]: Creating framebuffer 512x512 (max 1 level(s)).
[NFO] [Vulkan filter chain]: Creating framebuffer 512x512 (max 4294967295 level(s)).
[NFO] [Vulkan filter chain]: Creating framebuffer 512x512 (max 4294967295 level(s)).
[NFO] [Vulkan filter chain]: Creating framebuffer 512x512 (max 1 level(s)).
[NFO] [Vulkan filter chain]: Creating framebuffer 512x512 (max 1 level(s)).
[NFO] [Vulkan filter chain]: Creating framebuffer 800x512 (max 1 level(s)).
[NFO] [Vulkan filter chain]: Creating framebuffer 800x600 (max 1 level(s)).
[NFO] [Vulkan filter chain]: Creating framebuffer 800x600 (max 1 level(s)).
[NFO] [Vulkan filter chain]: Creating framebuffer 800x600 (max 1 level(s)).
[NFO] [Vulkan filter chain]: Creating framebuffer 3840x2160 (max 1 level(s)).
[NFO] [Vulkan filter chain]: Creating framebuffer 3840x2160 (max 4294967295 level(s)).
[NFO] [Vulkan filter chain]: Creating framebuffer 3840x2160 (max 1 level(s)).
[NFO] [Vulkan filter chain]: Creating framebuffer 3840x2160 (max 1 level(s)).
[NFO] [Vulkan filter chain]: Creating framebuffer 3840x2160 (max 4294967295 level(s)).
[NFO] [Vulkan filter chain]: Creating framebuffer 800x600 (max 4294967295 level(s)).
[NFO] [Vulkan filter chain]: Creating framebuffer 800x600 (max 1 level(s)).
[NFO] [Vulkan filter chain]: Creating framebuffer 800x600 (max 4294967295 level(s)).
[NFO] [Vulkan filter chain]: Creating framebuffer 128x128 (max 4294967295 level(s)).
[NFO] [Vulkan filter chain]: Creating framebuffer 12x12 (max 1 level(s)).
[NFO] [Vulkan filter chain]: Creating framebuffer 3840x2160 (max 1 level(s)).
[NFO] [Vulkan filter chain]: Creating framebuffer 3840x2160 (max 1 level(s)).
[NFO] [Vulkan filter chain]: Creating framebuffer 512x512 (max 1 level(s)).
[NFO] [Vulkan filter chain]: Creating framebuffer 512x512 (max 1 level(s)).
[NFO] [Vulkan filter chain]: Creating framebuffer 512x512 (max 1 level(s)).
[NFO] [Vulkan filter chain]: Creating framebuffer 512x512 (max 1 level(s)).
[NFO] [Vulkan filter chain]: Using framebuffer feedback for pass #3.
[NFO] [Vulkan filter chain]: Creating framebuffer 512x512 (max 1 level(s)).
[NFO] [Vulkan filter chain]: Using framebuffer feedback for pass #4.
[NFO] [Vulkan filter chain]: Creating framebuffer 512x512 (max 4294967295 level(s)).
[NFO] [Vulkan filter chain]: Using framebuffer feedback for pass #8.
[NFO] [Vulkan filter chain]: Creating framebuffer 512x512 (max 1 level(s)).
[NFO] [Vulkan filter chain]: Using framebuffer feedback for pass #13.
[NFO] [Vulkan filter chain]: Creating framebuffer 3840x2160 (max 1 level(s)).
[NFO] [Vulkan filter chain]: Using framebuffer feedback for pass #21.
[NFO] [Vulkan filter chain]: Creating framebuffer 3840x2160 (max 1 level(s)).
[NFO] [Vulkan filter chain]: Using framebuffer feedback for pass #22.
[NFO] [Vulkan filter chain]: Creating framebuffer 3840x2160 (max 4294967295 level(s)).
[NFO] [Vulkan filter chain]: Using framebuffer feedback for pass #23.
[NFO] [Vulkan filter chain]: Creating framebuffer 3840x2160 (max 1 level(s)).
[NFO] [Vulkan filter chain]: Using framebuffer feedback for pass #29.
[NFO] [Vulkan filter chain]: Creating framebuffer 3840x2160 (max 1 level(s)).
[NFO] [Vulkan filter chain]: Using framebuffer feedback for pass #30.
[NFO] [udev]: Pad #0 (/dev/input/event5) supports force feedback.
[NFO] [udev]: Pad #0 (/dev/input/event5) supports 16 force feedback effects.
[NFO] [Joypad]: Found joypad driver: "udev".
[NFO] [X11]: Suspending screensaver (X11, xdg-screensaver).
[NFO] [Video]: Found display server: "x11".
[NFO] [PulseAudio]: Requested 24576 bytes buffer, got 18432.
[NFO] [Audio]: Started synchronous audio driver.
[NFO] [ALSA] Using ALSA version 1.2.10
[NFO] [Microphone]: Initialized microphone driver.
[NFO] [Display]: Found display driver: "vulkan".
[NFO] [Environ]: SET_SUBSYSTEM_INFO.
libretro [NFO] [FBNeo] Unknown device type for port 0, forcing "Classic" instead
libretro [NFO] [FBNeo] Unknown device type for port 1, forcing "Classic" instead
[NFO] [Playlist]: Carregando o arquivo de favoritos: "/home/willian/.config/retroarch/content_favorites.lpl".
[NFO] [Vulkan filter chain]: Creating framebuffer 512x512 (max 1 level(s)).
[NFO] [Vulkan filter chain]: Creating framebuffer 512x512 (max 1 level(s)).
[NFO] [Vulkan filter chain]: Creating framebuffer 512x512 (max 1 level(s)).
[NFO] [Vulkan filter chain]: Creating framebuffer 512x512 (max 1 level(s)).
[NFO] [Vulkan filter chain]: Creating framebuffer 512x512 (max 1 level(s)).
[NFO] [Vulkan filter chain]: Creating framebuffer 512x512 (max 1 level(s)).
[NFO] [Vulkan filter chain]: Creating framebuffer 512x512 (max 1 level(s)).
[NFO] [Vulkan filter chain]: Creating framebuffer 512x512 (max 1 level(s)).
[NFO] [Vulkan filter chain]: Creating framebuffer 512x512 (max 4294967295 level(s)).
[NFO] [Vulkan filter chain]: Creating framebuffer 512x512 (max 1 level(s)).
[NFO] [Vulkan filter chain]: Creating framebuffer 512x512 (max 1 level(s)).
[NFO] [Vulkan filter chain]: Creating framebuffer 512x512 (max 4294967295 level(s)).
[NFO] [Vulkan filter chain]: Creating framebuffer 512x512 (max 4294967295 level(s)).
[NFO] [Vulkan filter chain]: Creating framebuffer 512x512 (max 1 level(s)).
[NFO] [Vulkan filter chain]: Creating framebuffer 512x512 (max 1 level(s)).
[NFO] [Vulkan filter chain]: Creating framebuffer 800x512 (max 1 level(s)).
[NFO] [Vulkan filter chain]: Creating framebuffer 800x600 (max 1 level(s)).
[NFO] [Vulkan filter chain]: Creating framebuffer 800x600 (max 1 level(s)).
[NFO] [Vulkan filter chain]: Creating framebuffer 800x600 (max 1 level(s)).
[NFO] [Vulkan filter chain]: Creating framebuffer 3840x2160 (max 1 level(s)).
[NFO] [Vulkan filter chain]: Creating framebuffer 3840x2160 (max 4294967295 level(s)).
[NFO] [Vulkan filter chain]: Creating framebuffer 3840x2160 (max 1 level(s)).
[NFO] [Vulkan filter chain]: Creating framebuffer 3840x2160 (max 1 level(s)).
[NFO] [Vulkan filter chain]: Creating framebuffer 3840x2160 (max 4294967295 level(s)).
[NFO] [Vulkan filter chain]: Creating framebuffer 800x600 (max 4294967295 level(s)).
[NFO] [Vulkan filter chain]: Creating framebuffer 800x600 (max 1 level(s)).
[NFO] [Vulkan filter chain]: Creating framebuffer 800x600 (max 4294967295 level(s)).
[NFO] [Vulkan filter chain]: Creating framebuffer 128x128 (max 4294967295 level(s)).
[NFO] [Vulkan filter chain]: Creating framebuffer 12x12 (max 1 level(s)).
[NFO] [Vulkan filter chain]: Creating framebuffer 3840x2160 (max 1 level(s)).
[NFO] [Vulkan filter chain]: Creating framebuffer 3840x2160 (max 1 level(s)).
[NFO] [Vulkan filter chain]: Creating framebuffer 512x512 (max 1 level(s)).
[NFO] [Vulkan filter chain]: Creating framebuffer 512x512 (max 1 level(s)).
[NFO] [Vulkan filter chain]: Creating framebuffer 512x512 (max 1 level(s)).
[NFO] [Vulkan filter chain]: Creating framebuffer 512x512 (max 1 level(s)).
[NFO] [Vulkan filter chain]: Using framebuffer feedback for pass #3.
[NFO] [Vulkan filter chain]: Creating framebuffer 512x512 (max 1 level(s)).
[NFO] [Vulkan filter chain]: Using framebuffer feedback for pass #4.
[NFO] [Vulkan filter chain]: Creating framebuffer 512x512 (max 4294967295 level(s)).
[NFO] [Vulkan filter chain]: Using framebuffer feedback for pass #8.
[NFO] [Vulkan filter chain]: Creating framebuffer 512x512 (max 1 level(s)).
[NFO] [Vulkan filter chain]: Using framebuffer feedback for pass #13.
[NFO] [Vulkan filter chain]: Creating framebuffer 3840x2160 (max 1 level(s)).
[NFO] [Vulkan filter chain]: Using framebuffer feedback for pass #21.
[NFO] [Vulkan filter chain]: Creating framebuffer 3840x2160 (max 1 level(s)).
[NFO] [Vulkan filter chain]: Using framebuffer feedback for pass #22.
[NFO] [Vulkan filter chain]: Creating framebuffer 3840x2160 (max 4294967295 level(s)).
[NFO] [Vulkan filter chain]: Using framebuffer feedback for pass #23.
[NFO] [Vulkan filter chain]: Creating framebuffer 3840x2160 (max 1 level(s)).
[NFO] [Vulkan filter chain]: Using framebuffer feedback for pass #29.
[NFO] [Vulkan filter chain]: Creating framebuffer 3840x2160 (max 1 level(s)).
[NFO] [Vulkan filter chain]: Using framebuffer feedback for pass #30.
[NFO] [Environ]: SET_INPUT_DESCRIPTORS:
[NFO] [X/Vulkan]: Resized fullscreen resolution to 3840x2160.
[NFO] [Vulkan filter chain]: Creating framebuffer 512x512 (max 1 level(s)).
[NFO] [Vulkan filter chain]: Creating framebuffer 512x512 (max 1 level(s)).
[NFO] [Vulkan filter chain]: Creating framebuffer 512x512 (max 1 level(s)).
[NFO] [Vulkan filter chain]: Creating framebuffer 512x512 (max 1 level(s)).
[NFO] [Vulkan filter chain]: Creating framebuffer 512x512 (max 1 level(s)).
[NFO] [Vulkan filter chain]: Creating framebuffer 512x512 (max 1 level(s)).
[NFO] [Vulkan filter chain]: Creating framebuffer 512x512 (max 1 level(s)).
[NFO] [Vulkan filter chain]: Creating framebuffer 512x512 (max 1 level(s)).
[NFO] [Vulkan filter chain]: Creating framebuffer 512x512 (max 4294967295 level(s)).
[NFO] [Vulkan filter chain]: Creating framebuffer 512x512 (max 1 level(s)).
[NFO] [Vulkan filter chain]: Creating framebuffer 512x512 (max 1 level(s)).
[NFO] [Vulkan filter chain]: Creating framebuffer 512x512 (max 4294967295 level(s)).
[NFO] [Vulkan filter chain]: Creating framebuffer 512x512 (max 4294967295 level(s)).
[NFO] [Vulkan filter chain]: Creating framebuffer 512x512 (max 1 level(s)).
[NFO] [Vulkan filter chain]: Creating framebuffer 512x512 (max 1 level(s)).
[NFO] [Vulkan filter chain]: Creating framebuffer 800x512 (max 1 level(s)).
[NFO] [Vulkan filter chain]: Creating framebuffer 800x600 (max 1 level(s)).
[NFO] [Vulkan filter chain]: Creating framebuffer 800x600 (max 1 level(s)).
[NFO] [Vulkan filter chain]: Creating framebuffer 800x600 (max 1 level(s)).
[NFO] [Vulkan filter chain]: Creating framebuffer 3840x2160 (max 1 level(s)).
[NFO] [Vulkan filter chain]: Creating framebuffer 3840x2160 (max 4294967295 level(s)).
[NFO] [Vulkan filter chain]: Creating framebuffer 3840x2160 (max 1 level(s)).
[NFO] [Vulkan filter chain]: Creating framebuffer 3840x2160 (max 1 level(s)).
[NFO] [Vulkan filter chain]: Creating framebuffer 3840x2160 (max 4294967295 level(s)).
[NFO] [Vulkan filter chain]: Creating framebuffer 800x600 (max 4294967295 level(s)).
[NFO] [Vulkan filter chain]: Creating framebuffer 800x600 (max 1 level(s)).
[NFO] [Vulkan filter chain]: Creating framebuffer 800x600 (max 4294967295 level(s)).
[NFO] [Vulkan filter chain]: Creating framebuffer 128x128 (max 4294967295 level(s)).
[NFO] [Vulkan filter chain]: Creating framebuffer 12x12 (max 1 level(s)).
[NFO] [Vulkan filter chain]: Creating framebuffer 3840x2160 (max 1 level(s)).
[NFO] [Vulkan filter chain]: Creating framebuffer 3840x2160 (max 1 level(s)).
[NFO] [Vulkan filter chain]: Creating framebuffer 512x512 (max 1 level(s)).
[NFO] [Vulkan filter chain]: Creating framebuffer 512x512 (max 1 level(s)).
[NFO] [Vulkan filter chain]: Creating framebuffer 512x512 (max 1 level(s)).
[NFO] [Vulkan filter chain]: Creating framebuffer 512x512 (max 1 level(s)).
[NFO] [Vulkan filter chain]: Using framebuffer feedback for pass #3.
[NFO] [Vulkan filter chain]: Creating framebuffer 512x512 (max 1 level(s)).
[NFO] [Vulkan filter chain]: Using framebuffer feedback for pass #4.
[NFO] [Vulkan filter chain]: Creating framebuffer 512x512 (max 4294967295 level(s)).
[NFO] [Vulkan filter chain]: Using framebuffer feedback for pass #8.
[NFO] [Vulkan filter chain]: Creating framebuffer 512x512 (max 1 level(s)).
[NFO] [Vulkan filter chain]: Using framebuffer feedback for pass #13.
[NFO] [Vulkan filter chain]: Creating framebuffer 3840x2160 (max 1 level(s)).
[NFO] [Vulkan filter chain]: Using framebuffer feedback for pass #21.
[NFO] [Vulkan filter chain]: Creating framebuffer 3840x2160 (max 1 level(s)).
[NFO] [Vulkan filter chain]: Using framebuffer feedback for pass #22.
[NFO] [Vulkan filter chain]: Creating framebuffer 3840x2160 (max 4294967295 level(s)).
[NFO] [Vulkan filter chain]: Using framebuffer feedback for pass #23.
[NFO] [Vulkan filter chain]: Creating framebuffer 3840x2160 (max 1 level(s)).
[NFO] [Vulkan filter chain]: Using framebuffer feedback for pass #29.
[NFO] [Vulkan filter chain]: Creating framebuffer 3840x2160 (max 1 level(s)).
[NFO] [Vulkan filter chain]: Using framebuffer feedback for pass #30.
[NFO] [Vulkan filter chain]: Updating framebuffer size 384x224 (format: 37).
[NFO] [Vulkan filter chain]: Updating framebuffer size 384x224 (format: 43).
[NFO] [Vulkan filter chain]: Updating framebuffer size 384x224 (format: 43).
[NFO] [Vulkan filter chain]: Updating framebuffer size 384x224 (format: 109).
[NFO] [Vulkan filter chain]: Updating framebuffer size 384x224 (format: 97).
[NFO] [Vulkan filter chain]: Updating framebuffer size 384x224 (format: 97).
[NFO] [Vulkan filter chain]: Updating framebuffer size 384x224 (format: 37).
[NFO] [Vulkan filter chain]: Updating framebuffer size 384x224 (format: 37).
[NFO] [Vulkan filter chain]: Updating framebuffer size 384x224 (format: 37).
[NFO] [Vulkan filter chain]: Updating framebuffer size 384x224 (format: 37).
[NFO] [Vulkan filter chain]: Updating framebuffer size 384x224 (format: 37).
[NFO] [Vulkan filter chain]: Updating framebuffer size 384x224 (format: 37).
[NFO] [Vulkan filter chain]: Updating framebuffer size 384x224 (format: 37).
[NFO] [Vulkan filter chain]: Updating framebuffer size 384x224 (format: 37).
[NFO] [Vulkan filter chain]: Updating framebuffer size 384x224 (format: 97).
[NFO] [Vulkan filter chain]: Updating framebuffer size 800x224 (format: 97).
[NFO] [Vulkan filter chain]: Updating framebuffer size 384x224 (format: 44).
[NFO] [Vulkan filter chain]: Updating framebuffer size 384x224 (format: 109).
[NFO] [Vulkan filter chain]: Updating framebuffer size 384x224 (format: 97).
[NFO] [Vulkan filter chain]: Updating framebuffer size 384x224 (format: 37).
[NFO] [Vulkan filter chain]: Updating framebuffer size 384x224 (format: 37).
[NFO] [Vulkan filter chain]: Updating framebuffer size 384x224 (format: 44).
[NFO] [Vulkan filter chain]: Updating framebuffer size 384x224 (format: 44).
[NFO] [Autoconf]: DualSense desconectado da porta 1.
[NFO] [Config]: Loading config: "/home/willian/.config/retroarch/retroarch.cfg".
[NFO] [Overrides]: Configuration overrides unloaded, original configuration restored.
[NFO] [Core]: Content ran for a total of: 00 hours, 02 minutes, 01 seconds.
[NFO] [Runtime]: Saving runtime log file: "/home/willian/.config/retroarch/playlists/logs/FinalBurn Neo/19xx.lrtl".
[NFO] [Core]: Unloading game..
[NFO] [PulseAudio]: Pausing.
[NFO] [Core]: Unloading core..
[NFO] [Core]: Unloading core symbols..
[NFO] [Core]: Saved core options file to "/home/willian/.config/retroarch/config/FinalBurn Neo/FinalBurn Neo.opt".
[NFO] [XINERAMA]: Xinerama version: 1.1.
[NFO] [XINERAMA]: Xinerama screens: 1.
[NFO] [XINERAMA]: Saved monitor #0.
[NFO] [Video]: Average monitor Hz: 60.002400 Hz. (3.615 % frame time deviation, based on 2048 last samples).
