[INFO] RetroArch 1.16.0 (Git 6c2cc45628)
[INFO] === Build =======================================
[INFO] CPU Model Name: AMD Ryzen 7 5700X 8-Core Processor             
[INFO] Capacidades: MMX MMXEXT SSE SSE2 SSE3 SSSE3 SSE4 SSE42 AES AVX AVX2 
[INFO] Version: 1.16.0
[INFO] Git: 6c2cc45628
[INFO] Built: Oct  9 2023
[INFO] =================================================
[INFO] [Input]: Found input driver: "x".
[INFO] [Environ]: SET_PIXEL_FORMAT: RGB565.
[INFO] [Core]: Versão da API libretro: 1, Compilado contra a API: 1
[INFO] [Core]: Geometry: 320x240, Aspect: 1.333, FPS: 60.00, Sample rate: 48000.00 Hz.
[INFO] [Audio]: Set audio input rate to: 48000.00 Hz.
[INFO] [Video]: Set video size to: fullscreen.
[ERROR] [Wayland]: Failed to connect to Wayland server.
[INFO] [Vulkan]: Vulkan dynamic library loaded.
[INFO] [Vulkan]: Found vulkan context: "vk_x".
[INFO] [Vulkan]: Detecting screen resolution: 3840x2160.
[INFO] [XINERAMA]: Xinerama version: 1.1.
[INFO] [XINERAMA]: Xinerama screens: 1.
[INFO] [X/Vulkan]: Using Xinerama on screen #0.
[INFO] [X/Vulkan]: X = 0, Y = 0, W = 3840, H = 2160.
[INFO] [X/Vulkan]: Using windowed fullscreen.
[INFO] [Vulkan]: Found GPU at index 0: "NVIDIA GeForce RTX 2060".
[INFO] [Vulkan]: Using GPU index 0.
[INFO] [Vulkan]: Using fences for WSI acquire.
[INFO] [Vulkan]: Using GPU: "NVIDIA GeForce RTX 2060".
[INFO] [Vulkan]: Queue family 0 supports 16 sub-queues.
[INFO] [Vulkan]: Got 3 swapchain images.
[INFO] [Vulkan]: Using resolution 3840x2160.
[INFO] [Vulkan]: Using RGB565 format.
[INFO] [Vulkan]: Loading stock shader.
[INFO] [udev]: Pad #0 (/dev/input/event23) supports force feedback.
[INFO] [udev]: Pad #0 (/dev/input/event23) supports 16 force feedback effects.
[INFO] [Autoconf]: Sony Interactive Entertainment Wireless Controller configurado na porta 1.
[INFO] [Joypad]: Found joypad driver: "udev".
[INFO] [DBus]: Suspended screensaver via DBus.
[INFO] [Video]: Found display server: "x11".
[ERROR] [Overlay]: Failed to load image: /home/willian/.config/retroarch/overlay/NIL.png.
[INFO] [PulseAudio]: Requested 24576 bytes buffer, got 18432.
[INFO] [Audio]: Started synchronous audio driver.
[INFO] [ALSA] Using ALSA version 1.2.10
[INFO] [Microphone]: Initialized microphone driver.
[INFO] [Display]: Found display driver: "vulkan".
[INFO] [Playlist]: Carregando o arquivo de favoritos: "/home/willian/.config/retroarch/content_favorites.lpl".
[INFO] [X/Vulkan]: Resized fullscreen resolution to 3840x2160.
[ERROR] [Thumbnail]: Download "/home/willian/.config/retroarch/thumbnails/Arcade - Capcom CP System II/Named_Titles/Choko (010820 Japan).png" failed: File not found.
[ERROR] [Thumbnail]: Download "/home/willian/.config/retroarch/thumbnails/Arcade - Capcom CP System II/Named_Titles/Capcom Sports Club (971017 Euro).png" failed: File not found.
[ERROR] [Thumbnail]: Download "/home/willian/.config/retroarch/thumbnails/Arcade - Capcom CP System II/Named_Titles/Jyangokushi  -Haoh no Saihai- (990527 Japan).png" failed: File not found.
[ERROR] [Thumbnail]: Download "/home/willian/.config/retroarch/thumbnails/Arcade - Capcom CP System II/Named_Boxarts/Choko (010820 Japan).png" failed: File not found.
[ERROR] [Thumbnail]: Download "/home/willian/.config/retroarch/thumbnails/Arcade - Capcom CP System II/Named_Boxarts/Capcom Sports Club (971017 Euro).png" failed: File not found.
[ERROR] [Thumbnail]: Download "/home/willian/.config/retroarch/thumbnails/Arcade - Capcom CP System II/Named_Boxarts/Jyangokushi  -Haoh no Saihai- (990527 Japan).png" failed: File not found.
[ERROR] [Thumbnail]: Download "/home/willian/.config/retroarch/thumbnails/Arcade - Capcom CP System II/Named_Titles/Mega Man 2 - the power fighters (960708 USA).png" failed: File not found.
[ERROR] [Thumbnail]: Download "/home/willian/.config/retroarch/thumbnails/Arcade - Capcom CP System II/Named_Boxarts/Mega Man 2 - the power fighters (960708 USA).png" failed: File not found.
[ERROR] [Thumbnail]: Download "/home/willian/.config/retroarch/thumbnails/Arcade - Capcom CP System II/Named_Titles/Super Puzzle Fighter II Turbo (Super Puzzle Fighter 2 Turbo 960620 USA).png" failed: File not found.
[ERROR] [Thumbnail]: Download "/home/willian/.config/retroarch/thumbnails/Arcade - Capcom CP System II/Named_Boxarts/Super Puzzle Fighter II Turbo (Super Puzzle Fighter 2 Turbo 960620 USA).png" failed: File not found.
[ERROR] [Thumbnail]: Download "/home/willian/.config/retroarch/thumbnails/Arcade Classics - Capcom/Named_Titles/Capcom Sports Club (971017 Euro).png" failed: File not found.
[ERROR] [Thumbnail]: Download "/home/willian/.config/retroarch/thumbnails/Arcade Classics - Capcom/Named_Boxarts/Capcom Sports Club (971017 Euro).png" failed: File not found.
[ERROR] [Thumbnail]: Download "/home/willian/.config/retroarch/thumbnails/The 3DO Company - 3DO/Named_Snaps/Killing Time (USA) (Rev 2).png" failed: File not found.
[ERROR] [Thumbnail]: Download "/home/willian/.config/retroarch/thumbnails/The 3DO Company - 3DO/Named_Titles/Killing Time (USA) (Rev 2).png" failed: File not found.
[ERROR] [Thumbnail]: Download "/home/willian/.config/retroarch/thumbnails/The 3DO Company - 3DO/Named_Boxarts/Killing Time (USA) (Rev 2).png" failed: File not found.
[INFO] [Core]: Content ran for a total of: 00 hours, 00 minutes, 00 seconds.
[INFO] [PulseAudio]: Pausing.
[INFO] [Core]: Unloading core..
[INFO] [Core]: Unloading core symbols..
[INFO] [XINERAMA]: Xinerama version: 1.1.
[INFO] [XINERAMA]: Xinerama screens: 1.
[INFO] [XINERAMA]: Saved monitor #0.
[INFO] [Video]: Does not have enough samples for monitor refresh rate estimation. Requires to run for at least 4096 frames.
