[NFO] RetroArch 1.16.0 (Git 9dbb069b67)
[NFO] === Build =======================================
[NFO] CPU Model Name: AMD Ryzen 7 5700X 8-Core Processor             
[NFO] Capacidades: MMX MMXEXT SSE SSE2 SSE3 SSSE3 SSE4 SSE42 AES AVX AVX2 
[NFO] Version: 1.16.0
[NFO] Git: 9dbb069b67
[NFO] Built: Nov  8 2023
[NFO] =================================================
[NFO] [Input]: Found input driver: "x".
[NFO] [Environ]: SET_PIXEL_FORMAT: RGB565.
[NFO] [Core]: Versão da API libretro: 1, Compilado contra a API: 1
[NFO] [Core]: Geometry: 320x240, Aspect: 1.333, FPS: 60.00, Sample rate: 48000.00 Hz.
[NFO] [Audio]: Set audio input rate to: 48000.00 Hz.
[NFO] [Video]: Set video size to: fullscreen.
[ERR] [Wayland]: Failed to connect to Wayland server.
[NFO] [Vulkan]: Vulkan dynamic library loaded.
[NFO] [Vulkan]: Found vulkan context: "vk_x".
[NFO] [Vulkan]: Detecting screen resolution: 3840x2160.
[NFO] [XINERAMA]: Xinerama version: 1.1.
[NFO] [XINERAMA]: Xinerama screens: 1.
[NFO] [X/Vulkan]: Using Xinerama on screen #0.
[NFO] [X/Vulkan]: X = 0, Y = 0, W = 3840, H = 2160.
[NFO] [X/Vulkan]: Using windowed fullscreen.
[NFO] [Vulkan]: Found GPU at index 0: "NVIDIA GeForce RTX 2060".
[NFO] [Vulkan]: Using GPU index 0.
[NFO] [Vulkan]: Using fences for WSI acquire.
[NFO] [Vulkan]: Using GPU: "NVIDIA GeForce RTX 2060".
[NFO] [Vulkan]: Queue family 0 supports 16 sub-queues.
[NFO] [Vulkan]: Got 3 swapchain images.
[NFO] [Vulkan]: Using resolution 3840x2160.
[NFO] [Vulkan]: Using RGB565 format.
[NFO] [Vulkan]: Loading stock shader.
[NFO] [udev]: Pad #0 (/dev/input/event3) supports force feedback.
[NFO] [udev]: Pad #0 (/dev/input/event3) supports 16 force feedback effects.
[NFO] [Autoconf]: Sony Interactive Entertainment Wireless Controller configurado na porta 1.
[NFO] [Joypad]: Found joypad driver: "udev".
[NFO] [X11]: Suspending screensaver (X11, xdg-screensaver).
[NFO] [Video]: Found display server: "x11".
[NFO] [PulseAudio]: Requested 24576 bytes buffer, got 18432.
[NFO] [Audio]: Started synchronous audio driver.
[NFO] [ALSA] Using ALSA version 1.2.10
[NFO] [Microphone]: Initialized microphone driver.
[NFO] [Display]: Found display driver: "vulkan".
[NFO] [Playlist]: Carregando o arquivo de favoritos: "/home/willian/.config/retroarch/content_favorites.lpl".
[NFO] [X/Vulkan]: Resized fullscreen resolution to 3840x2160.
[ERR] [Thumbnail]: Download "/home/willian/.config/retroarch/thumbnails/Atari - 7800/Named_Snaps/Ace of Aces.png" failed: File not found.
[ERR] [Thumbnail]: Download "/home/willian/.config/retroarch/thumbnails/Atari - 7800/Named_Titles/Ace of Aces.png" failed: File not found.
[ERR] [Thumbnail]: Download "/home/willian/.config/retroarch/thumbnails/NEC - PC Engine CD/Named_Snaps/Advanced Variable Geo (Japan).png" failed: File not found.
[ERR] [Thumbnail]: Download "/home/willian/.config/retroarch/thumbnails/NEC - PC Engine CD - TurboGrafx-CD/Named_Snaps/It Came from the Desert (USA).png" failed: File not found.
[ERR] [Thumbnail]: Download "/home/willian/.config/retroarch/thumbnails/NEC - TurboGrafx CD/Named_Snaps/4 in 1 Super CD (USA).png" failed: File not found.
[ERR] [Thumbnail]: Download "/home/willian/.config/retroarch/thumbnails/NEC - TurboGrafx 16/Named_Snaps/Aero Blasters (USA).png" failed: File not found.
[ERR] [Thumbnail]: Download "/home/willian/.config/retroarch/thumbnails/Atari - 7800/Named_Boxarts/Ace of Aces.png" failed: File not found.
[ERR] [Thumbnail]: Download "/home/willian/.config/retroarch/thumbnails/NEC - PC Engine CD - TurboGrafx-CD/Named_Titles/It Came from the Desert (USA).png" failed: File not found.
[ERR] [Thumbnail]: Download "/home/willian/.config/retroarch/thumbnails/NEC - PC Engine CD/Named_Titles/Advanced Variable Geo (Japan).png" failed: File not found.
[ERR] [Thumbnail]: Download "/home/willian/.config/retroarch/thumbnails/NEC - TurboGrafx CD/Named_Titles/4 in 1 Super CD (USA).png" failed: File not found.
[ERR] [Thumbnail]: Download "/home/willian/.config/retroarch/thumbnails/NEC - TurboGrafx 16/Named_Titles/Aero Blasters (USA).png" failed: File not found.
[ERR] [Thumbnail]: Download "/home/willian/.config/retroarch/thumbnails/Sega - Master System - Mark III/Named_Snaps/Ace of Aces (Europe).png" failed: File not found.
[ERR] [Thumbnail]: Download "/home/willian/.config/retroarch/thumbnails/Sega - Master System - Mark III/Named_Titles/Ace of Aces (Europe).png" failed: File not found.
[ERR] [Thumbnail]: Download "/home/willian/.config/retroarch/thumbnails/SNK - Neo Geo Pocket/Named_Snaps/Dokodemo Mahjong (Japan).png" failed: File not found.
[ERR] [Thumbnail]: Download "/home/willian/.config/retroarch/thumbnails/SNK - Neo Geo Pocket/Named_Titles/Dokodemo Mahjong (Japan).png" failed: File not found.
[ERR] [Thumbnail]: Download "/home/willian/.config/retroarch/thumbnails/Sega - Master System - Mark III/Named_Snaps/Ace of Aces (Europe).png" failed: File not found.
[ERR] [Thumbnail]: Download "/home/willian/.config/retroarch/thumbnails/Sega - Master System - Mark III/Named_Titles/Ace of Aces (Europe).png" failed: File not found.
[ERR] [Thumbnail]: Download "/home/willian/.config/retroarch/thumbnails/Nintendo - Nintendo Entertainment System/Named_Snaps/Asterix (Europe).png" failed: File not found.
[ERR] [Thumbnail]: Download "/home/willian/.config/retroarch/thumbnails/Nintendo - Nintendo Entertainment System/Named_Titles/Asterix (Europe).png" failed: File not found.
[ERR] [Thumbnail]: Download "/home/willian/.config/retroarch/thumbnails/Nintendo - Nintendo Entertainment System/Named_Snaps/Banana Prince (Germany) (Translated En).png" failed: File not found.
[ERR] [Thumbnail]: Download "/home/willian/.config/retroarch/thumbnails/Nintendo - Nintendo Entertainment System/Named_Titles/Banana Prince (Germany) (Translated En).png" failed: File not found.
[ERR] [Thumbnail]: Download "/home/willian/.config/retroarch/thumbnails/Nintendo - Nintendo Entertainment System/Named_Snaps/Battletank (USA).png" failed: File not found.
[ERR] [Thumbnail]: Download "/home/willian/.config/retroarch/thumbnails/Nintendo - Nintendo Entertainment System/Named_Titles/Battletank (USA).png" failed: File not found.
[ERR] [Thumbnail]: Download "/home/willian/.config/retroarch/thumbnails/NEC - TurboGrafx CD/Named_Snaps/4 in 1 Super CD (USA).png" failed: File not found.
[ERR] [Thumbnail]: Download "/home/willian/.config/retroarch/thumbnails/NEC - TurboGrafx 16/Named_Snaps/Aero Blasters (USA).png" failed: File not found.
[ERR] [Thumbnail]: Download "/home/willian/.config/retroarch/thumbnails/NEC - TurboGrafx CD/Named_Titles/4 in 1 Super CD (USA).png" failed: File not found.
[ERR] [Thumbnail]: Download "/home/willian/.config/retroarch/thumbnails/NEC - TurboGrafx 16/Named_Titles/Aero Blasters (USA).png" failed: File not found.
[ERR] [Thumbnail]: Download "/home/willian/.config/retroarch/thumbnails/NEC - TurboGrafx 16/Named_Snaps/Aero Blasters (USA).png" failed: File not found.
[ERR] [Thumbnail]: Download "/home/willian/.config/retroarch/thumbnails/NEC - TurboGrafx 16/Named_Titles/Aero Blasters (USA).png" failed: File not found.
[ERR] [Thumbnail]: Download "/home/willian/.config/retroarch/thumbnails/NEC - PC Engine CD - TurboGrafx-CD/Named_Snaps/It Came from the Desert (USA).png" failed: File not found.
[ERR] [Thumbnail]: Download "/home/willian/.config/retroarch/thumbnails/NEC - PC Engine CD - TurboGrafx-CD/Named_Titles/It Came from the Desert (USA).png" failed: File not found.
[ERR] [Thumbnail]: Download "/home/willian/.config/retroarch/thumbnails/NEC - PC Engine CD/Named_Snaps/Advanced Variable Geo (Japan).png" failed: File not found.
[ERR] [Thumbnail]: Download "/home/willian/.config/retroarch/thumbnails/NEC - PC Engine CD/Named_Titles/Advanced Variable Geo (Japan).png" failed: File not found.
[ERR] [Thumbnail]: Download "/home/willian/.config/retroarch/thumbnails/NEC - PC Engine CD/Named_Snaps/Ai Chou Aniki (Japan).png" failed: File not found.
[ERR] [Thumbnail]: Download "/home/willian/.config/retroarch/thumbnails/NEC - PC Engine CD/Named_Snaps/Akumajou Dracula X - Chi no Rondo (Japan).png" failed: File not found.
[ERR] [Thumbnail]: Download "/home/willian/.config/retroarch/thumbnails/NEC - PC Engine CD/Named_Titles/Ai Chou Aniki (Japan).png" failed: File not found.
[ERR] [Thumbnail]: Download "/home/willian/.config/retroarch/thumbnails/NEC - PC Engine CD/Named_Titles/Akumajou Dracula X - Chi no Rondo (Japan).png" failed: File not found.
[ERR] [Thumbnail]: Download "/home/willian/.config/retroarch/thumbnails/NEC - PC Engine CD/Named_Snaps/Asuka 120% Maxima Burning Fest (Japan).png" failed: File not found.
[ERR] [Thumbnail]: Download "/home/willian/.config/retroarch/thumbnails/NEC - PC Engine CD/Named_Titles/Asuka 120% Maxima Burning Fest (Japan).png" failed: File not found.
[ERR] [Thumbnail]: Download "/home/willian/.config/retroarch/thumbnails/NEC - PC Engine CD/Named_Snaps/Avenger (Japan).png" failed: File not found.
[ERR] [Thumbnail]: Download "/home/willian/.config/retroarch/thumbnails/NEC - PC Engine CD/Named_Titles/Avenger (Japan).png" failed: File not found.
[ERR] [Thumbnail]: Download "/home/willian/.config/retroarch/thumbnails/NEC - PC Engine CD/Named_Snaps/Baby Jo the Super Hero (Japan).png" failed: File not found.
[ERR] [Thumbnail]: Download "/home/willian/.config/retroarch/thumbnails/NEC - PC Engine CD/Named_Titles/Baby Jo the Super Hero (Japan).png" failed: File not found.
[ERR] [Thumbnail]: Download "/home/willian/.config/retroarch/thumbnails/NEC - PC Engine CD/Named_Snaps/Bakushou Yoshimoto Shinkigeki (Japan).png" failed: File not found.
[ERR] [Thumbnail]: Download "/home/willian/.config/retroarch/thumbnails/NEC - PC Engine CD/Named_Snaps/Battle Field '94 in Tokyo Dome (Japan).png" failed: File not found.
[ERR] [Thumbnail]: Download "/home/willian/.config/retroarch/thumbnails/NEC - PC Engine CD/Named_Titles/Bakushou Yoshimoto Shinkigeki (Japan).png" failed: File not found.
[ERR] [Thumbnail]: Download "/home/willian/.config/retroarch/thumbnails/NEC - PC Engine CD/Named_Titles/Battle Field '94 in Tokyo Dome (Japan).png" failed: File not found.
[ERR] [Thumbnail]: Download "/home/willian/.config/retroarch/thumbnails/NEC - PC Engine CD/Named_Snaps/Bazaru Degozaru no Game Degozaru (Japan).png" failed: File not found.
[ERR] [Thumbnail]: Download "/home/willian/.config/retroarch/thumbnails/NEC - PC Engine CD/Named_Snaps/Bomberman - Panic Bomber (Japan).png" failed: File not found.
[ERR] [Thumbnail]: Download "/home/willian/.config/retroarch/thumbnails/NEC - PC Engine CD/Named_Snaps/Bonanza Bros (Japan).png" failed: File not found.
[ERR] [Thumbnail]: Download "/home/willian/.config/retroarch/thumbnails/NEC - PC Engine CD/Named_Snaps/Browning (Japan).png" failed: File not found.
[ERR] [Thumbnail]: Download "/home/willian/.config/retroarch/thumbnails/NEC - PC Engine CD/Named_Snaps/Builderland - The Story of Melba (Japan).png" failed: File not found.
[ERR] [Thumbnail]: Download "/home/willian/.config/retroarch/thumbnails/NEC - PC Engine CD/Named_Titles/Bazaru Degozaru no Game Degozaru (Japan).png" failed: File not found.
[ERR] [Thumbnail]: Download "/home/willian/.config/retroarch/thumbnails/NEC - PC Engine CD/Named_Snaps/Cardangels (Japan).png" failed: File not found.
[ERR] [Thumbnail]: Download "/home/willian/.config/retroarch/thumbnails/NEC - PC Engine CD/Named_Titles/Bomberman - Panic Bomber (Japan).png" failed: File not found.
[ERR] [Thumbnail]: Download "/home/willian/.config/retroarch/thumbnails/NEC - PC Engine CD/Named_Titles/Bonanza Bros (Japan).png" failed: File not found.
[ERR] [Thumbnail]: Download "/home/willian/.config/retroarch/thumbnails/NEC - PC Engine CD/Named_Titles/Browning (Japan).png" failed: File not found.
[ERR] [Thumbnail]: Download "/home/willian/.config/retroarch/thumbnails/NEC - PC Engine CD/Named_Snaps/Chiki Chiki Boys (Japan).png" failed: File not found.
[ERR] [Thumbnail]: Download "/home/willian/.config/retroarch/thumbnails/NEC - PC Engine CD/Named_Titles/Builderland - The Story of Melba (Japan).png" failed: File not found.
[ERR] [Thumbnail]: Download "/home/willian/.config/retroarch/thumbnails/NEC - PC Engine CD/Named_Snaps/Chou Aniki - Super Big Brothers (Japan).png" failed: File not found.
[ERR] [Thumbnail]: Download "/home/willian/.config/retroarch/thumbnails/NEC - PC Engine CD/Named_Titles/Cardangels (Japan).png" failed: File not found.
[ERR] [Thumbnail]: Download "/home/willian/.config/retroarch/thumbnails/NEC - PC Engine CD/Named_Titles/Chiki Chiki Boys (Japan).png" failed: File not found.
[ERR] [Thumbnail]: Download "/home/willian/.config/retroarch/thumbnails/NEC - PC Engine CD/Named_Snaps/Color Wars (Japan).png" failed: File not found.
[ERR] [Thumbnail]: Download "/home/willian/.config/retroarch/thumbnails/NEC - PC Engine CD/Named_Snaps/Choujikuu Yousai Macross 2036 (Japan).png" failed: File not found.
[ERR] [Thumbnail]: Download "/home/willian/.config/retroarch/thumbnails/NEC - PC Engine CD/Named_Titles/Chou Aniki - Super Big Brothers (Japan).png" failed: File not found.
[ERR] [Thumbnail]: Download "/home/willian/.config/retroarch/thumbnails/NEC - PC Engine CD/Named_Snaps/Davis Cup Tennis, The (Japan).png" failed: File not found.
[ERR] [Thumbnail]: Download "/home/willian/.config/retroarch/thumbnails/NEC - PC Engine CD/Named_Snaps/Doraemon - Nobita no Dorabian Night (Japan).png" failed: File not found.
[ERR] [Thumbnail]: Download "/home/willian/.config/retroarch/thumbnails/NEC - PC Engine CD/Named_Snaps/Daisenpuu Custom (Japan).png" failed: File not found.
[ERR] [Thumbnail]: Download "/home/willian/.config/retroarch/thumbnails/NEC - PC Engine CD/Named_Snaps/Dekoboko Densetsu - Hashiru Wagamanma (Japan).png" failed: File not found.
[ERR] [Thumbnail]: Download "/home/willian/.config/retroarch/thumbnails/NEC - PC Engine CD/Named_Titles/Choujikuu Yousai Macross 2036 (Japan).png" failed: File not found.
[ERR] [Thumbnail]: Download "/home/willian/.config/retroarch/thumbnails/NEC - PC Engine CD/Named_Snaps/Double Dragon 2 - The Revenge (Japan).png" failed: File not found.
[ERR] [Thumbnail]: Download "/home/willian/.config/retroarch/thumbnails/NEC - PC Engine CD/Named_Snaps/Download 2 (Japan).png" failed: File not found.
[ERR] [Thumbnail]: Download "/home/willian/.config/retroarch/thumbnails/NEC - PC Engine CD/Named_Titles/Color Wars (Japan).png" failed: File not found.
[ERR] [Thumbnail]: Download "/home/willian/.config/retroarch/thumbnails/NEC - PC Engine CD/Named_Snaps/Dragon Ball Z - Idainaru Son Gokuu Densetsu (Japan).png" failed: File not found.
[ERR] [Thumbnail]: Download "/home/willian/.config/retroarch/thumbnails/NEC - PC Engine CD/Named_Snaps/Downtown Nekketsu Koushinkyoku - Soreyuke Daiundoukai (Japan).png" failed: File not found.
[ERR] [Thumbnail]: Download "/home/willian/.config/retroarch/thumbnails/NEC - PC Engine CD/Named_Titles/Davis Cup Tennis, The (Japan).png" failed: File not found.
[ERR] [Thumbnail]: Download "/home/willian/.config/retroarch/thumbnails/NEC - PC Engine CD/Named_Snaps/F1 Circus Special - Pole to Win (Japan).png" failed: File not found.
[ERR] [Thumbnail]: Download "/home/willian/.config/retroarch/thumbnails/NEC - PC Engine CD/Named_Titles/Doraemon - Nobita no Dorabian Night (Japan).png" failed: File not found.
[ERR] [Thumbnail]: Download "/home/willian/.config/retroarch/thumbnails/NEC - PC Engine CD/Named_Titles/Daisenpuu Custom (Japan).png" failed: File not found.
[ERR] [Thumbnail]: Download "/home/willian/.config/retroarch/thumbnails/NEC - PC Engine CD/Named_Titles/Dekoboko Densetsu - Hashiru Wagamanma (Japan).png" failed: File not found.
[ERR] [Thumbnail]: Download "/home/willian/.config/retroarch/thumbnails/NEC - PC Engine CD/Named_Snaps/Faceball (Japan).png" failed: File not found.
[ERR] [Thumbnail]: Download "/home/willian/.config/retroarch/thumbnails/NEC - PC Engine CD/Named_Snaps/Faussete Amour (Japan).png" failed: File not found.
[ERR] [Thumbnail]: Download "/home/willian/.config/retroarch/thumbnails/NEC - PC Engine CD/Named_Snaps/Fiend Hunter (Japan).png" failed: File not found.
[ERR] [Thumbnail]: Download "/home/willian/.config/retroarch/thumbnails/NEC - PC Engine CD/Named_Titles/Double Dragon 2 - The Revenge (Japan).png" failed: File not found.
[ERR] [Thumbnail]: Download "/home/willian/.config/retroarch/thumbnails/NEC - PC Engine CD/Named_Snaps/Fire Pro Jyoshi - Shoumu Choujyo Taisen - Zenjo vs JWP (Japan).png" failed: File not found.
[ERR] [Thumbnail]: Download "/home/willian/.config/retroarch/thumbnails/NEC - PC Engine CD/Named_Titles/Download 2 (Japan).png" failed: File not found.
[ERR] [Thumbnail]: Download "/home/willian/.config/retroarch/thumbnails/NEC - PC Engine CD/Named_Snaps/Flash Hiders (Japan).png" failed: File not found.
[ERR] [Thumbnail]: Download "/home/willian/.config/retroarch/thumbnails/NEC - PC Engine CD/Named_Snaps/Gain Ground SX (Japan).png" failed: File not found.
[ERR] [Thumbnail]: Download "/home/willian/.config/retroarch/thumbnails/NEC - PC Engine CD/Named_Snaps/Galaxy Keiji Gayvan (Japan).png" failed: File not found.
[ERR] [Thumbnail]: Download "/home/willian/.config/retroarch/thumbnails/NEC - PC Engine CD/Named_Titles/Dragon Ball Z - Idainaru Son Gokuu Densetsu (Japan).png" failed: File not found.
[ERR] [Thumbnail]: Download "/home/willian/.config/retroarch/thumbnails/NEC - PC Engine CD/Named_Titles/Downtown Nekketsu Koushinkyoku - Soreyuke Daiundoukai (Japan).png" failed: File not found.
[ERR] [Thumbnail]: Download "/home/willian/.config/retroarch/thumbnails/NEC - PC Engine CD/Named_Titles/F1 Circus Special - Pole to Win (Japan).png" failed: File not found.
[ERR] [Thumbnail]: Download "/home/willian/.config/retroarch/thumbnails/NEC - PC Engine CD/Named_Snaps/Garou Densetsu 2 - Aratanaru Tatakai (Japan).png" failed: File not found.
[ERR] [Thumbnail]: Download "/home/willian/.config/retroarch/thumbnails/NEC - PC Engine CD/Named_Titles/Faceball (Japan).png" failed: File not found.
[ERR] [Thumbnail]: Download "/home/willian/.config/retroarch/thumbnails/NEC - PC Engine CD/Named_Titles/Faussete Amour (Japan).png" failed: File not found.
[ERR] [Thumbnail]: Download "/home/willian/.config/retroarch/thumbnails/NEC - PC Engine CD/Named_Titles/Fiend Hunter (Japan).png" failed: File not found.
[ERR] [Thumbnail]: Download "/home/willian/.config/retroarch/thumbnails/NEC - PC Engine CD/Named_Titles/Fire Pro Jyoshi - Shoumu Choujyo Taisen - Zenjo vs JWP (Japan).png" failed: File not found.
[ERR] [Thumbnail]: Download "/home/willian/.config/retroarch/thumbnails/NEC - PC Engine CD/Named_Snaps/Garou Densetsu Special (Japan).png" failed: File not found.
[ERR] [Thumbnail]: Download "/home/willian/.config/retroarch/thumbnails/NEC - PC Engine CD/Named_Titles/Flash Hiders (Japan).png" failed: File not found.
[ERR] [Thumbnail]: Download "/home/willian/.config/retroarch/thumbnails/NEC - PC Engine CD/Named_Titles/Gain Ground SX (Japan).png" failed: File not found.
[ERR] [Thumbnail]: Download "/home/willian/.config/retroarch/thumbnails/NEC - PC Engine CD/Named_Titles/Garou Densetsu 2 - Aratanaru Tatakai (Japan).png" failed: File not found.
[ERR] [Thumbnail]: Download "/home/willian/.config/retroarch/thumbnails/NEC - PC Engine CD/Named_Titles/Galaxy Keiji Gayvan (Japan).png" failed: File not found.
[ERR] [Thumbnail]: Download "/home/willian/.config/retroarch/thumbnails/NEC - PC Engine CD/Named_Titles/Garou Densetsu Special (Japan).png" failed: File not found.
[ERR] [Thumbnail]: Download "/home/willian/.config/retroarch/thumbnails/NEC - PC Engine CD/Named_Snaps/Garou Densetsu Special (Japan).png" failed: File not found.
[ERR] [Thumbnail]: Download "/home/willian/.config/retroarch/thumbnails/NEC - PC Engine CD/Named_Titles/Garou Densetsu Special (Japan).png" failed: File not found.
[ERR] [Thumbnail]: Download "/home/willian/.config/retroarch/thumbnails/NEC - PC Engine CD/Named_Snaps/Garou Densetsu 2 - Aratanaru Tatakai (Japan).png" failed: File not found.
[ERR] [Thumbnail]: Download "/home/willian/.config/retroarch/thumbnails/NEC - PC Engine CD/Named_Titles/Garou Densetsu 2 - Aratanaru Tatakai (Japan).png" failed: File not found.
[ERR] [Thumbnail]: Download "/home/willian/.config/retroarch/thumbnails/NEC - PC Engine CD/Named_Snaps/Garou Densetsu Special (Japan).png" failed: File not found.
[ERR] [Thumbnail]: Download "/home/willian/.config/retroarch/thumbnails/NEC - PC Engine CD/Named_Snaps/Gate of Thunder (Japan).png" failed: File not found.
[ERR] [Thumbnail]: Download "/home/willian/.config/retroarch/thumbnails/NEC - PC Engine CD/Named_Titles/Garou Densetsu Special (Japan).png" failed: File not found.
[ERR] [Thumbnail]: Download "/home/willian/.config/retroarch/thumbnails/NEC - PC Engine CD/Named_Titles/Gate of Thunder (Japan).png" failed: File not found.
[ERR] [Thumbnail]: Download "/home/willian/.config/retroarch/thumbnails/NEC - PC Engine CD/Named_Snaps/Garou Densetsu Special (Japan).png" failed: File not found.
[ERR] [Thumbnail]: Download "/home/willian/.config/retroarch/thumbnails/NEC - PC Engine CD/Named_Snaps/Garou Densetsu 2 - Aratanaru Tatakai (Japan).png" failed: File not found.
[NFO] [Core]: Using content: ".config/retroarch/roms/NEC - PC Engine CD/Garou Densetsu 2 - Aratanaru Tatakai (Japan).cue".
[NFO] [Core]: Content ran for a total of: 00 hours, 00 minutes, 00 seconds.
[NFO] [PulseAudio]: Pausing.
[NFO] [Core]: Unloading core..
[NFO] [Core]: Unloading core symbols..
[NFO] [XINERAMA]: Xinerama version: 1.1.
[NFO] [XINERAMA]: Xinerama screens: 1.
[NFO] [XINERAMA]: Saved monitor #0.
[NFO] [Video]: Average monitor Hz: 60.002400 Hz. (3.643 % frame time deviation, based on 2048 last samples).
[NFO] RetroArch 1.16.0 (Git 9dbb069b67)
[NFO] === Build =======================================
[NFO] CPU Model Name: AMD Ryzen 7 5700X 8-Core Processor             
[NFO] Capacidades: MMX MMXEXT SSE SSE2 SSE3 SSSE3 SSE4 SSE42 AES AVX AVX2 
[NFO] Version: 1.16.0
[NFO] Git: 9dbb069b67
[NFO] Built: Nov  8 2023
[NFO] =================================================
[NFO] [Input]: Found input driver: "x".
[NFO] [Core]: Loading dynamic libretro core from: "/home/willian/.config/retroarch/cores/mednafen_pce_fast_libretro.so"
[NFO] [Overrides]: Core-specific overrides found at "/home/willian/.config/retroarch/config/Beetle PCE Fast/Beetle PCE Fast.cfg".
[NFO] [Config]: Loading config: "/home/willian/.config/retroarch/retroarch.cfg".
[NFO] [Config]: Appending override config: "/home/willian/.config/retroarch/config/Beetle PCE Fast/Beetle PCE Fast.cfg".
[NFO] [Overrides]: Redirecionando arquivo dados da memória do jogo em "/home/willian/.config/retroarch/saves/Garou Densetsu 2 - Aratanaru Tatakai (Japan).srm".
[NFO] [Overrides]: Redirecionando o jogo salvo em "/home/willian/.config/retroarch/states/Garou Densetsu 2 - Aratanaru Tatakai (Japan).state".
[NFO] [Environ]: GET_CORE_OPTIONS_VERSION.
[NFO] [Environ]: GET_LANGUAGE: "7".
[NFO] [Environ]: RETRO_ENVIRONMENT_SET_CORE_OPTIONS_V2_INTL.
[NFO] [Environ]: SET_CONTROLLER_INFO.
[NFO] [Environ]: RETRO_ENVIRONMENT_SET_CONTENT_INFO_OVERRIDE.
[NFO] [Content Override]: File Extension: 'pce' - need_fullpath: FALSE, persistent_data: FALSE
[NFO] [Environ]: GET_VFS_INTERFACE. Core requested version >= V1, providing V3.
[NFO] [Environ]: GET_LOG_INTERFACE.
[NFO] [Environ]: SYSTEM_DIRECTORY: "/home/willian/.config/retroarch/system".
[NFO] [Environ]: SET_PIXEL_FORMAT: RGB565.
libretro [NFO] Frontend supports RGB565 - will use that instead of XRGB1555.
[NFO] [Environ]: GET_PERF_INTERFACE.
[NFO] [Environ]: SET_SUPPORT_ACHIEVEMENTS: yes.
[NFO] [Environ]: PERFORMANCE_LEVEL: 5.
[NFO] [Content]: Carregamento de conteúdo ignorado. A implementação irá carregar por conta própria.
[NFO] [Environ]: RETRO_ENVIRONMENT_GET_GAME_INFO_EXT.
[NFO] [Environ]: SET_INPUT_DESCRIPTORS:
[NFO] [Environ]: SET_AUDIO_BUFFER_STATUS_CALLBACK.
libretro [NFO] PCE CD Audio settings changed.
libretro [NFO] Loading .config/retroarch/roms/NEC - PC Engine CD/Garou Densetsu 2 - Aratanaru Tatakai (Japan).cue...

libretro [NFO] Loading SBI file ".config/retroarch/roms/NEC - PC Engine CD/Garou Densetsu 2 - Aratanaru Tatakai (Japan).sbi"...
libretro [NFO] MDFN_MakeFName: /home/willian/.config/retroarch/system/syscard3.pce
[NFO] [Environ]: SET_MEMORY_MAPS.
[NFO] [Replay]: Found last replay slot: #0
[NFO] [SRAM]: Ignorando carregamento da SRAM.
[NFO] [Core]: Versão da API libretro: 1, Compilado contra a API: 1
[NFO] [Core]: Geometry: 256x243, Aspect: 1.200, FPS: 59.82, Sample rate: 44100.00 Hz.
[NFO] [Audio]: Set audio input rate to: 44232.70 Hz.
[NFO] [Video]: Set video size to: fullscreen.
[ERR] [Wayland]: Failed to connect to Wayland server.
[NFO] [Vulkan]: Vulkan dynamic library loaded.
[NFO] [Vulkan]: Found vulkan context: "vk_x".
[NFO] [Vulkan]: Detecting screen resolution: 3840x2160.
[NFO] [XINERAMA]: Xinerama version: 1.1.
[NFO] [XINERAMA]: Xinerama screens: 1.
[NFO] [X/Vulkan]: Using Xinerama on screen #0.
[NFO] [X/Vulkan]: X = 0, Y = 0, W = 3840, H = 2160.
[NFO] [X/Vulkan]: Using windowed fullscreen.
[NFO] [Vulkan]: Found GPU at index 0: "NVIDIA GeForce RTX 2060".
[NFO] [Vulkan]: Using GPU index 0.
[NFO] [Vulkan]: Using fences for WSI acquire.
[NFO] [Vulkan]: Using GPU: "NVIDIA GeForce RTX 2060".
[NFO] [Vulkan]: Queue family 0 supports 16 sub-queues.
[NFO] [Vulkan]: Got 3 swapchain images.
[NFO] [Vulkan]: Using resolution 3840x2160.
[NFO] [Vulkan]: Using RGB565 format.
[NFO] [Shaders]: Specific shader preset found at "/home/willian/.config/retroarch/config/global.slangp".
[NFO] [slang]: Compiling shader: "/home/willian/.config/retroarch/shaders/shaders_slang/bezel/Mega_Bezel/shaders/base/add-params-all.slang".
[NFO] [slang]: Using render target format R8G8B8A8_UNORM for pass output #0.
[NFO] [slang]: Compiling shader: "/home/willian/.config/retroarch/shaders/shaders_slang/bezel/Mega_Bezel/shaders/base/stock.slang".
[NFO] [slang]: Using render target format R8G8B8A8_SRGB for pass output #1.
[NFO] [slang]: Compiling shader: "/home/willian/.config/retroarch/shaders/shaders_slang/bezel/Mega_Bezel/shaders/base/add-negative-crop-area.slang".
[NFO] [slang]: Using render target format R8G8B8A8_SRGB for pass output #2.
[NFO] [slang]: Compiling shader: "/home/willian/.config/retroarch/shaders/shaders_slang/bezel/Mega_Bezel/shaders/base/cache-info-all-params.slang".
[NFO] [slang]: Using render target format R32G32B32A32_SFLOAT for pass output #3.
[NFO] [slang]: Compiling shader: "/home/willian/.config/retroarch/shaders/shaders_slang/bezel/Mega_Bezel/shaders/base/text-std.slang".
[NFO] [slang]: Using render target format R16G16B16A16_SFLOAT for pass output #4.
[NFO] [slang]: Compiling shader: "/home/willian/.config/retroarch/shaders/shaders_slang/bezel/Mega_Bezel/shaders/base/intro.slang".
[NFO] [slang]: Using render target format R16G16B16A16_SFLOAT for pass output #5.
[NFO] [slang]: Compiling shader: "/home/willian/.config/retroarch/shaders/shaders_slang/bezel/Mega_Bezel/shaders/base/stock.slang".
[NFO] [slang]: Using render target format R8G8B8A8_UNORM for pass output #6.
[NFO] [slang]: Compiling shader: "/home/willian/.config/retroarch/shaders/shaders_slang/bezel/Mega_Bezel/shaders/base/stock.slang".
[NFO] [slang]: Using render target format R8G8B8A8_UNORM for pass output #7.
[NFO] [slang]: Compiling shader: "/home/willian/.config/retroarch/shaders/shaders_slang/bezel/Mega_Bezel/shaders/guest/hsm-afterglow0.slang".
[NFO] [slang]: Using render target format R8G8B8A8_UNORM for pass output #8.
[NFO] [slang]: Compiling shader: "/home/willian/.config/retroarch/shaders/shaders_slang/bezel/Mega_Bezel/shaders/guest/hsm-pre-shaders-afterglow.slang".
[NFO] [slang]: Using render target format R8G8B8A8_UNORM for pass output #9.
[NFO] [slang]: Compiling shader: "/home/willian/.config/retroarch/shaders/shaders_slang/bezel/Mega_Bezel/shaders/dogway/hsm-grade.slang".
[NFO] [slang]: Using render target format R8G8B8A8_UNORM for pass output #10.
[NFO] [slang]: Compiling shader: "/home/willian/.config/retroarch/shaders/shaders_slang/bezel/Mega_Bezel/shaders/guest/hsm-custom-fast-sharpen.slang".
[NFO] [slang]: Using render target format R8G8B8A8_UNORM for pass output #11.
[NFO] [slang]: Compiling shader: "/home/willian/.config/retroarch/shaders/shaders_slang/bezel/Mega_Bezel/shaders/base/stock.slang".
[NFO] [slang]: Using render target format R8G8B8A8_UNORM for pass output #12.
[NFO] [slang]: Compiling shader: "/home/willian/.config/retroarch/shaders/shaders_slang/bezel/Mega_Bezel/shaders/guest/hsm-avg-lum.slang".
[NFO] [slang]: Using render target format R8G8B8A8_UNORM for pass output #13.
[NFO] [slang]: Compiling shader: "/home/willian/.config/retroarch/shaders/shaders_slang/bezel/Mega_Bezel/shaders/guest/hsm-interlace-and-linearize.slang".
[NFO] [slang]: Using render target format R16G16B16A16_SFLOAT for pass output #14.
[NFO] [slang]: Compiling shader: "/home/willian/.config/retroarch/shaders/shaders_slang/bezel/Mega_Bezel/shaders/guest/hsm-gaussian_horizontal.slang".
[NFO] [slang]: Using render target format R16G16B16A16_SFLOAT for pass output #15.
[NFO] [slang]: Compiling shader: "/home/willian/.config/retroarch/shaders/shaders_slang/bezel/Mega_Bezel/shaders/guest/hsm-gaussian_vertical.slang".
[NFO] [slang]: Using render target format R16G16B16A16_SFLOAT for pass output #16.
[NFO] [slang]: Compiling shader: "/home/willian/.config/retroarch/shaders/shaders_slang/bezel/Mega_Bezel/shaders/guest/hsm-bloom_horizontal.slang".
[NFO] [slang]: Using render target format R16G16B16A16_SFLOAT for pass output #17.
[NFO] [slang]: Compiling shader: "/home/willian/.config/retroarch/shaders/shaders_slang/bezel/Mega_Bezel/shaders/guest/hsm-bloom_vertical.slang".
[NFO] [slang]: Using render target format R16G16B16A16_SFLOAT for pass output #18.
[NFO] [slang]: Compiling shader: "/home/willian/.config/retroarch/shaders/shaders_slang/bezel/Mega_Bezel/shaders/guest/hsm-crt-guest-advanced.slang".
[NFO] [slang]: Using render target format R16G16B16A16_SFLOAT for pass output #19.
[NFO] [slang]: Compiling shader: "/home/willian/.config/retroarch/shaders/shaders_slang/bezel/Mega_Bezel/shaders/guest/hsm-deconvergence.slang".
[NFO] [slang]: Using render target format R16G16B16A16_SFLOAT for pass output #20.
[NFO] [slang]: Compiling shader: "/home/willian/.config/retroarch/shaders/shaders_slang/bezel/Mega_Bezel/shaders/base/post-crt-prep-image-layers.slang".
[NFO] [slang]: Using render target format R16G16B16A16_SFLOAT for pass output #21.
[NFO] [slang]: Compiling shader: "/home/willian/.config/retroarch/shaders/shaders_slang/bezel/Mega_Bezel/shaders/base/bezel-images-under-crt.slang".
[NFO] [slang]: Using render target format R16G16B16A16_SFLOAT for pass output #22.
[NFO] [slang]: Compiling shader: "/home/willian/.config/retroarch/shaders/shaders_slang/bezel/Mega_Bezel/shaders/base/bezel-images-over-crt.slang".
[NFO] [slang]: Using render target format R16G16B16A16_SFLOAT for pass output #23.
[NFO] [slang]: Compiling shader: "/home/willian/.config/retroarch/shaders/shaders_slang/bezel/Mega_Bezel/shaders/base/linearize-crt.slang".
[NFO] [slang]: Using render target format R16G16B16A16_SFLOAT for pass output #24.
[NFO] [slang]: Compiling shader: "/home/willian/.config/retroarch/shaders/shaders_slang/bezel/Mega_Bezel/shaders/base/blur-outside-screen-horiz.slang".
[NFO] [slang]: Using render target format R8G8B8A8_UNORM for pass output #25.
[NFO] [slang]: Compiling shader: "/home/willian/.config/retroarch/shaders/shaders_slang/bezel/Mega_Bezel/shaders/base/blur-outside-screen-vert.slang".
[NFO] [slang]: Using render target format R8G8B8A8_UNORM for pass output #26.
[NFO] [slang]: Compiling shader: "/home/willian/.config/retroarch/shaders/shaders_slang/blurs/shaders/royale/blur9x9.slang".
[NFO] [slang]: Using render target format R16G16B16A16_SFLOAT for pass output #27.
[NFO] [slang]: Compiling shader: "/home/willian/.config/retroarch/shaders/shaders_slang/blurs/shaders/royale/blur9x9.slang".
[NFO] [slang]: Using render target format R16G16B16A16_SFLOAT for pass output #28.
[NFO] [slang]: Compiling shader: "/home/willian/.config/retroarch/shaders/shaders_slang/bezel/Mega_Bezel/shaders/base/reflection.slang".
[NFO] [slang]: Using render target format R16G16B16A16_SFLOAT for pass output #29.
[NFO] [slang]: Compiling shader: "/home/willian/.config/retroarch/shaders/shaders_slang/bezel/Mega_Bezel/shaders/base/combine-passes.slang".
[NFO] [slang]: Using render target format R8G8B8A8_UNORM for pass output #30.
[NFO] [Vulkan filter chain]: Creating framebuffer 512x512 (max 1 level(s)).
[NFO] [Vulkan filter chain]: Creating framebuffer 512x512 (max 1 level(s)).
[NFO] [Vulkan filter chain]: Creating framebuffer 512x512 (max 1 level(s)).
[NFO] [Vulkan filter chain]: Creating framebuffer 512x512 (max 1 level(s)).
[NFO] [Vulkan filter chain]: Creating framebuffer 512x512 (max 1 level(s)).
[NFO] [Vulkan filter chain]: Creating framebuffer 512x512 (max 1 level(s)).
[NFO] [Vulkan filter chain]: Creating framebuffer 512x512 (max 1 level(s)).
[NFO] [Vulkan filter chain]: Creating framebuffer 512x512 (max 1 level(s)).
[NFO] [Vulkan filter chain]: Creating framebuffer 512x512 (max 4294967295 level(s)).
[NFO] [Vulkan filter chain]: Creating framebuffer 512x512 (max 1 level(s)).
[NFO] [Vulkan filter chain]: Creating framebuffer 512x512 (max 1 level(s)).
[NFO] [Vulkan filter chain]: Creating framebuffer 512x512 (max 4294967295 level(s)).
[NFO] [Vulkan filter chain]: Creating framebuffer 512x512 (max 4294967295 level(s)).
[NFO] [Vulkan filter chain]: Creating framebuffer 512x512 (max 1 level(s)).
[NFO] [Vulkan filter chain]: Creating framebuffer 512x512 (max 1 level(s)).
[NFO] [Vulkan filter chain]: Creating framebuffer 800x512 (max 1 level(s)).
[NFO] [Vulkan filter chain]: Creating framebuffer 800x600 (max 1 level(s)).
[NFO] [Vulkan filter chain]: Creating framebuffer 800x600 (max 1 level(s)).
[NFO] [Vulkan filter chain]: Creating framebuffer 800x600 (max 1 level(s)).
[NFO] [Vulkan filter chain]: Creating framebuffer 2880x2160 (max 1 level(s)).
[NFO] [Vulkan filter chain]: Creating framebuffer 2880x2160 (max 4294967295 level(s)).
[NFO] [Vulkan filter chain]: Creating framebuffer 2880x2160 (max 1 level(s)).
[NFO] [Vulkan filter chain]: Creating framebuffer 2880x2160 (max 1 level(s)).
[NFO] [Vulkan filter chain]: Creating framebuffer 2880x2160 (max 4294967295 level(s)).
[NFO] [Vulkan filter chain]: Creating framebuffer 800x600 (max 4294967295 level(s)).
[NFO] [Vulkan filter chain]: Creating framebuffer 800x600 (max 1 level(s)).
[NFO] [Vulkan filter chain]: Creating framebuffer 800x600 (max 4294967295 level(s)).
[NFO] [Vulkan filter chain]: Creating framebuffer 128x128 (max 4294967295 level(s)).
[NFO] [Vulkan filter chain]: Creating framebuffer 12x12 (max 1 level(s)).
[NFO] [Vulkan filter chain]: Creating framebuffer 2880x2160 (max 1 level(s)).
[NFO] [Vulkan filter chain]: Creating framebuffer 2880x2160 (max 1 level(s)).
[NFO] [Vulkan filter chain]: Creating framebuffer 512x512 (max 1 level(s)).
[NFO] [Vulkan filter chain]: Creating framebuffer 512x512 (max 1 level(s)).
[NFO] [Vulkan filter chain]: Creating framebuffer 512x512 (max 1 level(s)).
[NFO] [Vulkan filter chain]: Creating framebuffer 512x512 (max 1 level(s)).
[NFO] [Vulkan filter chain]: Using framebuffer feedback for pass #3.
[NFO] [Vulkan filter chain]: Creating framebuffer 512x512 (max 1 level(s)).
[NFO] [Vulkan filter chain]: Using framebuffer feedback for pass #4.
[NFO] [Vulkan filter chain]: Creating framebuffer 512x512 (max 4294967295 level(s)).
[NFO] [Vulkan filter chain]: Using framebuffer feedback for pass #8.
[NFO] [Vulkan filter chain]: Creating framebuffer 512x512 (max 1 level(s)).
[NFO] [Vulkan filter chain]: Using framebuffer feedback for pass #13.
[NFO] [Vulkan filter chain]: Creating framebuffer 2880x2160 (max 1 level(s)).
[NFO] [Vulkan filter chain]: Using framebuffer feedback for pass #21.
[NFO] [Vulkan filter chain]: Creating framebuffer 2880x2160 (max 1 level(s)).
[NFO] [Vulkan filter chain]: Using framebuffer feedback for pass #22.
[NFO] [Vulkan filter chain]: Creating framebuffer 2880x2160 (max 4294967295 level(s)).
[NFO] [Vulkan filter chain]: Using framebuffer feedback for pass #23.
[NFO] [Vulkan filter chain]: Creating framebuffer 2880x2160 (max 1 level(s)).
[NFO] [Vulkan filter chain]: Using framebuffer feedback for pass #29.
[NFO] [Vulkan filter chain]: Creating framebuffer 2880x2160 (max 1 level(s)).
[NFO] [Vulkan filter chain]: Using framebuffer feedback for pass #30.
[NFO] [udev]: Pad #0 (/dev/input/event3) supports force feedback.
[NFO] [udev]: Pad #0 (/dev/input/event3) supports 16 force feedback effects.
[NFO] [Joypad]: Found joypad driver: "udev".
[NFO] [X11]: Suspending screensaver (X11, xdg-screensaver).
[NFO] [Video]: Found display server: "x11".
[NFO] [PulseAudio]: Requested 24576 bytes buffer, got 18432.
[NFO] [Audio]: Started synchronous audio driver.
[NFO] [ALSA] Using ALSA version 1.2.10
[NFO] [Microphone]: Initialized microphone driver.
[NFO] [Display]: Found display driver: "vulkan".
[NFO] [Playlist]: Carregando o arquivo de favoritos: "/home/willian/.config/retroarch/content_favorites.lpl".
[NFO] [Vulkan filter chain]: Creating framebuffer 512x512 (max 1 level(s)).
[NFO] [Vulkan filter chain]: Creating framebuffer 512x512 (max 1 level(s)).
[NFO] [Vulkan filter chain]: Creating framebuffer 512x512 (max 1 level(s)).
[NFO] [Vulkan filter chain]: Creating framebuffer 512x512 (max 1 level(s)).
[NFO] [Vulkan filter chain]: Creating framebuffer 512x512 (max 1 level(s)).
[NFO] [Vulkan filter chain]: Creating framebuffer 512x512 (max 1 level(s)).
[NFO] [Vulkan filter chain]: Creating framebuffer 512x512 (max 1 level(s)).
[NFO] [Vulkan filter chain]: Creating framebuffer 512x512 (max 1 level(s)).
[NFO] [Vulkan filter chain]: Creating framebuffer 512x512 (max 4294967295 level(s)).
[NFO] [Vulkan filter chain]: Creating framebuffer 512x512 (max 1 level(s)).
[NFO] [Vulkan filter chain]: Creating framebuffer 512x512 (max 1 level(s)).
[NFO] [Vulkan filter chain]: Creating framebuffer 512x512 (max 4294967295 level(s)).
[NFO] [Vulkan filter chain]: Creating framebuffer 512x512 (max 4294967295 level(s)).
[NFO] [Vulkan filter chain]: Creating framebuffer 512x512 (max 1 level(s)).
[NFO] [Vulkan filter chain]: Creating framebuffer 512x512 (max 1 level(s)).
[NFO] [Vulkan filter chain]: Creating framebuffer 800x512 (max 1 level(s)).
[NFO] [Vulkan filter chain]: Creating framebuffer 800x600 (max 1 level(s)).
[NFO] [Vulkan filter chain]: Creating framebuffer 800x600 (max 1 level(s)).
[NFO] [Vulkan filter chain]: Creating framebuffer 800x600 (max 1 level(s)).
[NFO] [Vulkan filter chain]: Creating framebuffer 2880x2160 (max 1 level(s)).
[NFO] [Vulkan filter chain]: Creating framebuffer 2880x2160 (max 4294967295 level(s)).
[NFO] [Vulkan filter chain]: Creating framebuffer 2880x2160 (max 1 level(s)).
[NFO] [Vulkan filter chain]: Creating framebuffer 2880x2160 (max 1 level(s)).
[NFO] [Vulkan filter chain]: Creating framebuffer 2880x2160 (max 4294967295 level(s)).
[NFO] [Vulkan filter chain]: Creating framebuffer 800x600 (max 4294967295 level(s)).
[NFO] [Vulkan filter chain]: Creating framebuffer 800x600 (max 1 level(s)).
[NFO] [Vulkan filter chain]: Creating framebuffer 800x600 (max 4294967295 level(s)).
[NFO] [Vulkan filter chain]: Creating framebuffer 128x128 (max 4294967295 level(s)).
[NFO] [Vulkan filter chain]: Creating framebuffer 12x12 (max 1 level(s)).
[NFO] [Vulkan filter chain]: Creating framebuffer 2880x2160 (max 1 level(s)).
[NFO] [Vulkan filter chain]: Creating framebuffer 2880x2160 (max 1 level(s)).
[NFO] [Vulkan filter chain]: Creating framebuffer 512x512 (max 1 level(s)).
[NFO] [Vulkan filter chain]: Creating framebuffer 512x512 (max 1 level(s)).
[NFO] [Vulkan filter chain]: Creating framebuffer 512x512 (max 1 level(s)).
[NFO] [Vulkan filter chain]: Creating framebuffer 512x512 (max 1 level(s)).
[NFO] [Vulkan filter chain]: Using framebuffer feedback for pass #3.
[NFO] [Vulkan filter chain]: Creating framebuffer 512x512 (max 1 level(s)).
[NFO] [Vulkan filter chain]: Using framebuffer feedback for pass #4.
[NFO] [Vulkan filter chain]: Creating framebuffer 512x512 (max 4294967295 level(s)).
[NFO] [Vulkan filter chain]: Using framebuffer feedback for pass #8.
[NFO] [Vulkan filter chain]: Creating framebuffer 512x512 (max 1 level(s)).
[NFO] [Vulkan filter chain]: Using framebuffer feedback for pass #13.
[NFO] [Vulkan filter chain]: Creating framebuffer 2880x2160 (max 1 level(s)).
[NFO] [Vulkan filter chain]: Using framebuffer feedback for pass #21.
[NFO] [Vulkan filter chain]: Creating framebuffer 2880x2160 (max 1 level(s)).
[NFO] [Vulkan filter chain]: Using framebuffer feedback for pass #22.
[NFO] [Vulkan filter chain]: Creating framebuffer 2880x2160 (max 4294967295 level(s)).
[NFO] [Vulkan filter chain]: Using framebuffer feedback for pass #23.
[NFO] [Vulkan filter chain]: Creating framebuffer 2880x2160 (max 1 level(s)).
[NFO] [Vulkan filter chain]: Using framebuffer feedback for pass #29.
[NFO] [Vulkan filter chain]: Creating framebuffer 2880x2160 (max 1 level(s)).
[NFO] [Vulkan filter chain]: Using framebuffer feedback for pass #30.
[ERR] [Thumbnail]: Download "/home/willian/.config/retroarch/thumbnails/NEC - PC Engine CD/Named_Titles/Garou Densetsu Special (Japan).png" failed: File not found.
[ERR] [Thumbnail]: Download "/home/willian/.config/retroarch/thumbnails/NEC - PC Engine CD/Named_Titles/Garou Densetsu 2 - Aratanaru Tatakai (Japan).png" failed: File not found.
[NFO] [Environ]: RETRO_ENVIRONMENT_SET_MINIMUM_AUDIO_LATENCY.
[NFO] [Vulkan filter chain]: Updating framebuffer size 256x240 (format: 37).
[NFO] [Vulkan filter chain]: Updating framebuffer size 256x240 (format: 43).
[NFO] [Vulkan filter chain]: Updating framebuffer size 256x240 (format: 43).
[NFO] [Vulkan filter chain]: Updating framebuffer size 256x240 (format: 109).
[NFO] [Vulkan filter chain]: Updating framebuffer size 256x240 (format: 97).
[NFO] [Vulkan filter chain]: Updating framebuffer size 256x240 (format: 97).
[NFO] [Vulkan filter chain]: Updating framebuffer size 256x240 (format: 37).
[NFO] [Vulkan filter chain]: Updating framebuffer size 256x240 (format: 37).
[NFO] [Vulkan filter chain]: Updating framebuffer size 256x240 (format: 37).
[NFO] [Vulkan filter chain]: Updating framebuffer size 256x240 (format: 37).
[NFO] [Vulkan filter chain]: Updating framebuffer size 256x240 (format: 37).
[NFO] [Vulkan filter chain]: Updating framebuffer size 256x240 (format: 37).
[NFO] [Vulkan filter chain]: Updating framebuffer size 256x240 (format: 37).
[NFO] [Vulkan filter chain]: Updating framebuffer size 256x240 (format: 37).
[NFO] [Vulkan filter chain]: Updating framebuffer size 256x240 (format: 97).
[NFO] [Vulkan filter chain]: Updating framebuffer size 800x240 (format: 97).
[NFO] [Vulkan filter chain]: Updating framebuffer size 256x240 (format: 37).
[NFO] [X/Vulkan]: Resized fullscreen resolution to 3840x2160.
[NFO] [Vulkan filter chain]: Creating framebuffer 512x512 (max 1 level(s)).
[NFO] [Vulkan filter chain]: Creating framebuffer 512x512 (max 1 level(s)).
[NFO] [Vulkan filter chain]: Creating framebuffer 512x512 (max 1 level(s)).
[NFO] [Vulkan filter chain]: Creating framebuffer 512x512 (max 1 level(s)).
[NFO] [Vulkan filter chain]: Creating framebuffer 512x512 (max 1 level(s)).
[NFO] [Vulkan filter chain]: Creating framebuffer 512x512 (max 1 level(s)).
[NFO] [Vulkan filter chain]: Creating framebuffer 512x512 (max 1 level(s)).
[NFO] [Vulkan filter chain]: Creating framebuffer 512x512 (max 1 level(s)).
[NFO] [Vulkan filter chain]: Creating framebuffer 512x512 (max 4294967295 level(s)).
[NFO] [Vulkan filter chain]: Creating framebuffer 512x512 (max 1 level(s)).
[NFO] [Vulkan filter chain]: Creating framebuffer 512x512 (max 1 level(s)).
[NFO] [Vulkan filter chain]: Creating framebuffer 512x512 (max 4294967295 level(s)).
[NFO] [Vulkan filter chain]: Creating framebuffer 512x512 (max 4294967295 level(s)).
[NFO] [Vulkan filter chain]: Creating framebuffer 512x512 (max 1 level(s)).
[NFO] [Vulkan filter chain]: Creating framebuffer 512x512 (max 1 level(s)).
[NFO] [Vulkan filter chain]: Creating framebuffer 800x512 (max 1 level(s)).
[NFO] [Vulkan filter chain]: Creating framebuffer 800x600 (max 1 level(s)).
[NFO] [Vulkan filter chain]: Creating framebuffer 800x600 (max 1 level(s)).
[NFO] [Vulkan filter chain]: Creating framebuffer 800x600 (max 1 level(s)).
[NFO] [Vulkan filter chain]: Creating framebuffer 2880x2160 (max 1 level(s)).
[NFO] [Vulkan filter chain]: Creating framebuffer 2880x2160 (max 4294967295 level(s)).
[NFO] [Vulkan filter chain]: Creating framebuffer 2880x2160 (max 1 level(s)).
[NFO] [Vulkan filter chain]: Creating framebuffer 2880x2160 (max 1 level(s)).
[NFO] [Vulkan filter chain]: Creating framebuffer 2880x2160 (max 4294967295 level(s)).
[NFO] [Vulkan filter chain]: Creating framebuffer 800x600 (max 4294967295 level(s)).
[NFO] [Vulkan filter chain]: Creating framebuffer 800x600 (max 1 level(s)).
[NFO] [Vulkan filter chain]: Creating framebuffer 800x600 (max 4294967295 level(s)).
[NFO] [Vulkan filter chain]: Creating framebuffer 128x128 (max 4294967295 level(s)).
[NFO] [Vulkan filter chain]: Creating framebuffer 12x12 (max 1 level(s)).
[NFO] [Vulkan filter chain]: Creating framebuffer 2880x2160 (max 1 level(s)).
[NFO] [Vulkan filter chain]: Creating framebuffer 2880x2160 (max 1 level(s)).
[NFO] [Vulkan filter chain]: Creating framebuffer 512x512 (max 1 level(s)).
[NFO] [Vulkan filter chain]: Creating framebuffer 512x512 (max 1 level(s)).
[NFO] [Vulkan filter chain]: Creating framebuffer 512x512 (max 1 level(s)).
[NFO] [Vulkan filter chain]: Creating framebuffer 512x512 (max 1 level(s)).
[NFO] [Vulkan filter chain]: Using framebuffer feedback for pass #3.
[NFO] [Vulkan filter chain]: Creating framebuffer 512x512 (max 1 level(s)).
[NFO] [Vulkan filter chain]: Using framebuffer feedback for pass #4.
[NFO] [Vulkan filter chain]: Creating framebuffer 512x512 (max 4294967295 level(s)).
[NFO] [Vulkan filter chain]: Using framebuffer feedback for pass #8.
[NFO] [Vulkan filter chain]: Creating framebuffer 512x512 (max 1 level(s)).
[NFO] [Vulkan filter chain]: Using framebuffer feedback for pass #13.
[NFO] [Vulkan filter chain]: Creating framebuffer 2880x2160 (max 1 level(s)).
[NFO] [Vulkan filter chain]: Using framebuffer feedback for pass #21.
[NFO] [Vulkan filter chain]: Creating framebuffer 2880x2160 (max 1 level(s)).
[NFO] [Vulkan filter chain]: Using framebuffer feedback for pass #22.
[NFO] [Vulkan filter chain]: Creating framebuffer 2880x2160 (max 4294967295 level(s)).
[NFO] [Vulkan filter chain]: Using framebuffer feedback for pass #23.
[NFO] [Vulkan filter chain]: Creating framebuffer 2880x2160 (max 1 level(s)).
[NFO] [Vulkan filter chain]: Using framebuffer feedback for pass #29.
[NFO] [Vulkan filter chain]: Creating framebuffer 2880x2160 (max 1 level(s)).
[NFO] [Vulkan filter chain]: Using framebuffer feedback for pass #30.
[NFO] [Environ]: SET_GEOMETRY: 256x240, Aspect: 1.215.
[NFO] [Vulkan filter chain]: Updating framebuffer size 256x240 (format: 37).
[NFO] [Vulkan filter chain]: Updating framebuffer size 256x240 (format: 43).
[NFO] [Vulkan filter chain]: Updating framebuffer size 256x240 (format: 43).
[NFO] [Vulkan filter chain]: Updating framebuffer size 256x240 (format: 109).
[NFO] [Vulkan filter chain]: Updating framebuffer size 256x240 (format: 97).
[NFO] [Vulkan filter chain]: Updating framebuffer size 256x240 (format: 97).
[NFO] [Vulkan filter chain]: Updating framebuffer size 256x240 (format: 37).
[NFO] [Vulkan filter chain]: Updating framebuffer size 256x240 (format: 37).
[NFO] [Vulkan filter chain]: Updating framebuffer size 256x240 (format: 37).
[NFO] [Vulkan filter chain]: Updating framebuffer size 256x240 (format: 37).
[NFO] [Vulkan filter chain]: Updating framebuffer size 256x240 (format: 37).
[NFO] [Vulkan filter chain]: Updating framebuffer size 256x240 (format: 37).
[NFO] [Vulkan filter chain]: Updating framebuffer size 256x240 (format: 37).
[NFO] [Vulkan filter chain]: Updating framebuffer size 256x240 (format: 37).
[NFO] [Vulkan filter chain]: Updating framebuffer size 256x240 (format: 97).
[NFO] [Vulkan filter chain]: Updating framebuffer size 800x240 (format: 97).
[NFO] [Vulkan filter chain]: Updating framebuffer size 256x240 (format: 37).
[NFO] [X/Vulkan]: Resized fullscreen resolution to 3840x2160.
[NFO] [Vulkan filter chain]: Creating framebuffer 512x512 (max 1 level(s)).
[NFO] [Vulkan filter chain]: Creating framebuffer 512x512 (max 1 level(s)).
[NFO] [Vulkan filter chain]: Creating framebuffer 512x512 (max 1 level(s)).
[NFO] [Vulkan filter chain]: Creating framebuffer 512x512 (max 1 level(s)).
[NFO] [Vulkan filter chain]: Creating framebuffer 512x512 (max 1 level(s)).
[NFO] [Vulkan filter chain]: Creating framebuffer 512x512 (max 1 level(s)).
[NFO] [Vulkan filter chain]: Creating framebuffer 512x512 (max 1 level(s)).
[NFO] [Vulkan filter chain]: Creating framebuffer 512x512 (max 1 level(s)).
[NFO] [Vulkan filter chain]: Creating framebuffer 512x512 (max 4294967295 level(s)).
[NFO] [Vulkan filter chain]: Creating framebuffer 512x512 (max 1 level(s)).
[NFO] [Vulkan filter chain]: Creating framebuffer 512x512 (max 1 level(s)).
[NFO] [Vulkan filter chain]: Creating framebuffer 512x512 (max 4294967295 level(s)).
[NFO] [Vulkan filter chain]: Creating framebuffer 512x512 (max 4294967295 level(s)).
[NFO] [Vulkan filter chain]: Creating framebuffer 512x512 (max 1 level(s)).
[NFO] [Vulkan filter chain]: Creating framebuffer 512x512 (max 1 level(s)).
[NFO] [Vulkan filter chain]: Creating framebuffer 800x512 (max 1 level(s)).
[NFO] [Vulkan filter chain]: Creating framebuffer 800x600 (max 1 level(s)).
[NFO] [Vulkan filter chain]: Creating framebuffer 800x600 (max 1 level(s)).
[NFO] [Vulkan filter chain]: Creating framebuffer 800x600 (max 1 level(s)).
[NFO] [Vulkan filter chain]: Creating framebuffer 2880x2160 (max 1 level(s)).
[NFO] [Vulkan filter chain]: Creating framebuffer 2880x2160 (max 4294967295 level(s)).
[NFO] [Vulkan filter chain]: Creating framebuffer 2880x2160 (max 1 level(s)).
[NFO] [Vulkan filter chain]: Creating framebuffer 2880x2160 (max 1 level(s)).
[NFO] [Vulkan filter chain]: Creating framebuffer 2880x2160 (max 4294967295 level(s)).
[NFO] [Vulkan filter chain]: Creating framebuffer 800x600 (max 4294967295 level(s)).
[NFO] [Vulkan filter chain]: Creating framebuffer 800x600 (max 1 level(s)).
[NFO] [Vulkan filter chain]: Creating framebuffer 800x600 (max 4294967295 level(s)).
[NFO] [Vulkan filter chain]: Creating framebuffer 128x128 (max 4294967295 level(s)).
[NFO] [Vulkan filter chain]: Creating framebuffer 12x12 (max 1 level(s)).
[NFO] [Vulkan filter chain]: Creating framebuffer 2880x2160 (max 1 level(s)).
[NFO] [Vulkan filter chain]: Creating framebuffer 2880x2160 (max 1 level(s)).
[NFO] [Vulkan filter chain]: Creating framebuffer 512x512 (max 1 level(s)).
[NFO] [Vulkan filter chain]: Creating framebuffer 512x512 (max 1 level(s)).
[NFO] [Vulkan filter chain]: Creating framebuffer 512x512 (max 1 level(s)).
[NFO] [Vulkan filter chain]: Creating framebuffer 512x512 (max 1 level(s)).
[NFO] [Vulkan filter chain]: Using framebuffer feedback for pass #3.
[NFO] [Vulkan filter chain]: Creating framebuffer 512x512 (max 1 level(s)).
[NFO] [Vulkan filter chain]: Using framebuffer feedback for pass #4.
[NFO] [Vulkan filter chain]: Creating framebuffer 512x512 (max 4294967295 level(s)).
[NFO] [Vulkan filter chain]: Using framebuffer feedback for pass #8.
[NFO] [Vulkan filter chain]: Creating framebuffer 512x512 (max 1 level(s)).
[NFO] [Vulkan filter chain]: Using framebuffer feedback for pass #13.
[NFO] [Vulkan filter chain]: Creating framebuffer 2880x2160 (max 1 level(s)).
[NFO] [Vulkan filter chain]: Using framebuffer feedback for pass #21.
[NFO] [Vulkan filter chain]: Creating framebuffer 2880x2160 (max 1 level(s)).
[NFO] [Vulkan filter chain]: Using framebuffer feedback for pass #22.
[NFO] [Vulkan filter chain]: Creating framebuffer 2880x2160 (max 4294967295 level(s)).
[NFO] [Vulkan filter chain]: Using framebuffer feedback for pass #23.
[NFO] [Vulkan filter chain]: Creating framebuffer 2880x2160 (max 1 level(s)).
[NFO] [Vulkan filter chain]: Using framebuffer feedback for pass #29.
[NFO] [Vulkan filter chain]: Creating framebuffer 2880x2160 (max 1 level(s)).
[NFO] [Vulkan filter chain]: Using framebuffer feedback for pass #30.
[NFO] [Vulkan filter chain]: Updating framebuffer size 256x240 (format: 37).
[NFO] [Vulkan filter chain]: Updating framebuffer size 256x240 (format: 43).
[NFO] [Vulkan filter chain]: Updating framebuffer size 256x240 (format: 43).
[NFO] [Vulkan filter chain]: Updating framebuffer size 256x240 (format: 109).
[NFO] [Vulkan filter chain]: Updating framebuffer size 256x240 (format: 97).
[NFO] [Vulkan filter chain]: Updating framebuffer size 256x240 (format: 97).
[NFO] [Vulkan filter chain]: Updating framebuffer size 256x240 (format: 37).
[NFO] [Vulkan filter chain]: Updating framebuffer size 256x240 (format: 37).
[NFO] [Vulkan filter chain]: Updating framebuffer size 256x240 (format: 37).
[NFO] [Vulkan filter chain]: Updating framebuffer size 256x240 (format: 37).
[NFO] [Vulkan filter chain]: Updating framebuffer size 256x240 (format: 37).
[NFO] [Vulkan filter chain]: Updating framebuffer size 256x240 (format: 37).
[NFO] [Vulkan filter chain]: Updating framebuffer size 256x240 (format: 37).
[NFO] [Vulkan filter chain]: Updating framebuffer size 256x240 (format: 37).
[NFO] [Vulkan filter chain]: Updating framebuffer size 256x240 (format: 97).
[NFO] [Vulkan filter chain]: Updating framebuffer size 800x240 (format: 97).
[NFO] [Vulkan filter chain]: Updating framebuffer size 256x240 (format: 37).
[NFO] [Vulkan filter chain]: Updating framebuffer size 256x240 (format: 109).
[NFO] [Vulkan filter chain]: Updating framebuffer size 256x240 (format: 97).
[NFO] [Vulkan filter chain]: Updating framebuffer size 256x240 (format: 37).
[NFO] [Vulkan filter chain]: Updating framebuffer size 256x240 (format: 37).
[NFO] [Vulkan filter chain]: Updating framebuffer size 256x240 (format: 37).
[NFO] [Vulkan filter chain]: Updating framebuffer size 256x240 (format: 37).
[NFO] [Config]: Loading config: "/home/willian/.config/retroarch/retroarch.cfg".
[NFO] [Overrides]: Configuration overrides unloaded, original configuration restored.
[NFO] [SRAM]: Salvando tipo de RAM #0 em "/home/willian/.config/retroarch/saves/Garou Densetsu 2 - Aratanaru Tatakai (Japan).srm".
[NFO] [SRAM]: Salvo com sucesso em "/home/willian/.config/retroarch/saves/Garou Densetsu 2 - Aratanaru Tatakai (Japan).srm".
[NFO] [Core]: Content ran for a total of: 00 hours, 01 minutes, 05 seconds.
[NFO] [Runtime]: Saving runtime log file: "/home/willian/.config/retroarch/playlists/logs/Beetle PCE Fast/Garou Densetsu 2 - Aratanaru Tatakai (Japan).lrtl".
[NFO] [Core]: Unloading game..
[NFO] [PulseAudio]: Pausing.
[NFO] [Core]: Unloading core..
libretro [NFO] [Beetle PCE Fast]: Samples / Frame: 737.12561
libretro [NFO] [Beetle PCE Fast]: Estimated FPS: 59.82698
[NFO] [Core]: Unloading core symbols..
[NFO] [Core]: Saved core options file to "/home/willian/.config/retroarch/config/Beetle PCE Fast/Beetle PCE Fast.opt".
[NFO] [XINERAMA]: Xinerama version: 1.1.
[NFO] [XINERAMA]: Xinerama screens: 1.
[NFO] [XINERAMA]: Saved monitor #0.
[NFO] [Video]: Does not have enough samples for monitor refresh rate estimation. Requires to run for at least 4096 frames.
