[INFO] RetroArch 1.15.0 (Git 6616b807ed)
[INFO] === Build =======================================
[INFO] CPU Model Name: AMD Ryzen 7 5700X 8-Core Processor             
[INFO] Capacidades: MMX MMXEXT SSE SSE2 SSE3 SSE4 SSE4.2 AES AVX AVX2
[INFO] Built: Sep 13 2023
[INFO] Version: 1.15.0
[INFO] Git: 6616b807ed
[INFO] =================================================
[INFO] [Input]: Found input driver: "x".
[INFO] [Environ]: SET_PIXEL_FORMAT: RGB565.
[INFO] [Core]: Versão da API libretro: 1, Compilado contra a API: 1
[INFO] [Audio]: Set audio input rate to: 48000.00 Hz.
[INFO] [Video]: Set video size to: fullscreen.
[ERROR] [Wayland]: Failed to connect to Wayland server.
[INFO] [Vulkan]: Vulkan dynamic library loaded.
[INFO] [Vulkan]: Found vulkan context: "vk_x".
[INFO] [Vulkan]: Detecting screen resolution: 3840x2160.
[INFO] [XINERAMA]: Xinerama version: 1.1.
[INFO] [XINERAMA]: Xinerama screens: 1.
[INFO] [X/Vulkan]: Using Xinerama on screen #0.
[INFO] [X/Vulkan]: X = 0, Y = 0, W = 3840, H = 2160.
[INFO] [X/Vulkan]: Using windowed fullscreen.
[INFO] [Vulkan]: Found GPU at index 0: "NVIDIA GeForce RTX 2060".
[INFO] [Vulkan]: Using GPU index 0.
[INFO] [Vulkan]: Using fences for WSI acquire.
[INFO] [Vulkan]: Using GPU: "NVIDIA GeForce RTX 2060".
[INFO] [Vulkan]: Queue family 0 supports 16 sub-queues.
[INFO] [Vulkan]: Got 3 swapchain images.
[INFO] [Vulkan]: Using resolution 3840x2160.
[INFO] [Vulkan]: Using RGB565 format.
[INFO] [Vulkan]: Loading stock shader.
[INFO] [udev]: Pad #0 (/dev/input/event6) supports force feedback.
[INFO] [udev]: Pad #0 (/dev/input/event6) supports 16 force feedback effects.
[INFO] [Joypad]: Found joypad driver: "udev".
[INFO] [DBus]: Suspended screensaver via DBus.
[INFO] [Video]: Found display server: "x11".
[ERROR] [Overlay]: Failed to load image: /home/willian/.config/retroarch/overlay/NIL.png.
[INFO] [PulseAudio]: Requested 24576 bytes buffer, got 18432.
[INFO] [Display]: Found display driver: "vulkan".
[INFO] [Core Info] Wrote to cache file: /home/willian/.config/retroarch/cores/info/core_info.cache
[INFO] [Playlist]: Carregando o arquivo de favoritos: "/home/willian/.config/retroarch/content_favorites.lpl".
[INFO] [PulseAudio]: Pausing.
[INFO] [X/Vulkan]: Resized fullscreen resolution to 3840x2160.
[INFO] [Environ]: SET_SUBSYSTEM_INFO.
[INFO] [Content]: Updating firmware status for: "/home/willian/.config/retroarch/cores/fbneo_libretro.so" on "/home/willian/.config/retroarch/system".
[INFO] [Core]: Using content: "/home/willian/.config/retroarch/roms/MAME - Arcade Games/kofxi.zip".
[INFO] [Core]: Content ran for a total of: 00 hours, 00 minutes, 00 seconds.
[INFO] [Core]: Unloading core..
[INFO] [Core]: Unloading core symbols..
[INFO] [XINERAMA]: Xinerama version: 1.1.
[INFO] [XINERAMA]: Xinerama screens: 1.
[INFO] [XINERAMA]: Saved monitor #0.
[INFO] [Video]: Does not have enough samples for monitor refresh rate estimation. Requires to run for at least 4096 frames.
[INFO] RetroArch 1.15.0 (Git 6616b807ed)
[INFO] === Build =======================================
[INFO] CPU Model Name: AMD Ryzen 7 5700X 8-Core Processor             
[INFO] Capacidades: MMX MMXEXT SSE SSE2 SSE3 SSE4 SSE4.2 AES AVX AVX2
[INFO] Built: Sep 13 2023
[INFO] Version: 1.15.0
[INFO] Git: 6616b807ed
[INFO] =================================================
[INFO] [Input]: Found input driver: "x".
[INFO] [Core]: Loading dynamic libretro core from: "/home/willian/.config/retroarch/cores/fbneo_libretro.so"
[INFO] [Overrides]: Redirecionando arquivo dados da memória do jogo em "/home/willian/.config/retroarch/saves/kofxi.srm".
[INFO] [Overrides]: Redirecionando o jogo salvo em "/home/willian/.config/retroarch/states/kofxi.state".
[INFO] [Environ]: SET_SERIALIZATION_QUIRKS.
[INFO] [Environ]: GET_LOG_INTERFACE.
[INFO] [Environ]: GET_MESSAGE_INTERFACE_VERSION.
[INFO] [Environ]: SET_AUDIO_BUFFER_STATUS_CALLBACK.
[INFO] [Content]: Carregamento de conteúdo ignorado. A implementação irá carregar por conta própria.
[INFO] [Environ]: GET_SAVE_DIRECTORY.
[libretro INFO] Setting save dir to /home/willian/.config/retroarch/saves
[INFO] [Environ]: SYSTEM_DIRECTORY: "/home/willian/.config/retroarch/system".
[libretro INFO] Setting system dir to /home/willian/.config/retroarch/system
[INFO] [Environ]: SET_PIXEL_FORMAT: XRGB8888.
[INFO] [Replay]: Found last replay slot: #0
[INFO] [SRAM]: Ignorando carregamento da SRAM.
[INFO] [Core]: Versão da API libretro: 1, Compilado contra a API: 1
[libretro INFO] [FBNeo] Timing set to 60.000000 Hz
[INFO] [Audio]: Set audio input rate to: 48000.00 Hz.
[INFO] [Video]: Set video size to: fullscreen.
[ERROR] [Wayland]: Failed to connect to Wayland server.
[INFO] [Vulkan]: Vulkan dynamic library loaded.
[INFO] [Vulkan]: Found vulkan context: "vk_x".
[INFO] [Vulkan]: Detecting screen resolution: 3840x2160.
[INFO] [XINERAMA]: Xinerama version: 1.1.
[INFO] [XINERAMA]: Xinerama screens: 1.
[INFO] [X/Vulkan]: Using Xinerama on screen #0.
[INFO] [X/Vulkan]: X = 0, Y = 0, W = 3840, H = 2160.
[INFO] [X/Vulkan]: Using windowed fullscreen.
[INFO] [Vulkan]: Found GPU at index 0: "NVIDIA GeForce RTX 2060".
[INFO] [Vulkan]: Using GPU index 0.
[INFO] [Vulkan]: Using fences for WSI acquire.
[INFO] [Vulkan]: Using GPU: "NVIDIA GeForce RTX 2060".
[INFO] [Vulkan]: Queue family 0 supports 16 sub-queues.
[INFO] [Vulkan]: Got 3 swapchain images.
[INFO] [Vulkan]: Using resolution 3840x2160.
[INFO] [Vulkan]: Using BGRA8888 format.
[INFO] [Shaders]: Specific shader preset found at "/home/willian/.config/retroarch/config/global.slangp".
[INFO] [slang]: Compiling shader: "/home/willian/.config/retroarch/shaders/shaders_slang/bezel/Mega_Bezel/shaders/base/add-params-all.slang".
[INFO] [slang]: Using render target format R8G8B8A8_UNORM for pass output #0.
[INFO] [slang]: Compiling shader: "/home/willian/.config/retroarch/shaders/shaders_slang/bezel/Mega_Bezel/shaders/base/stock.slang".
[INFO] [slang]: Using render target format R8G8B8A8_SRGB for pass output #1.
[INFO] [slang]: Compiling shader: "/home/willian/.config/retroarch/shaders/shaders_slang/bezel/Mega_Bezel/shaders/base/add-negative-crop-area.slang".
[INFO] [slang]: Using render target format R8G8B8A8_SRGB for pass output #2.
[INFO] [slang]: Compiling shader: "/home/willian/.config/retroarch/shaders/shaders_slang/bezel/Mega_Bezel/shaders/base/cache-info-all-params.slang".
[INFO] [slang]: Using render target format R32G32B32A32_SFLOAT for pass output #3.
[INFO] [slang]: Compiling shader: "/home/willian/.config/retroarch/shaders/shaders_slang/bezel/Mega_Bezel/shaders/base/text-adv.slang".
[INFO] [slang]: Using render target format R16G16B16A16_SFLOAT for pass output #4.
[INFO] [slang]: Compiling shader: "/home/willian/.config/retroarch/shaders/shaders_slang/bezel/Mega_Bezel/shaders/base/intro.slang".
[INFO] [slang]: Using render target format R16G16B16A16_SFLOAT for pass output #5.
[INFO] [slang]: Compiling shader: "/home/willian/.config/retroarch/shaders/shaders_slang/bezel/Mega_Bezel/shaders/dedither/dedither-gamma-prep-1-before.slang".
[INFO] [slang]: Using render target format R8G8B8A8_UNORM for pass output #6.
[INFO] [slang]: Compiling shader: "/home/willian/.config/retroarch/shaders/shaders_slang/bezel/Mega_Bezel/shaders/hyllian/sgenpt-mix/sgenpt-mix-pass1.slang".
[INFO] [slang]: Using render target format R8G8B8A8_UNORM for pass output #7.
[INFO] [slang]: Compiling shader: "/home/willian/.config/retroarch/shaders/shaders_slang/bezel/Mega_Bezel/shaders/hyllian/sgenpt-mix/sgenpt-mix-pass2.slang".
[INFO] [slang]: Using render target format R8G8B8A8_UNORM for pass output #8.
[INFO] [slang]: Compiling shader: "/home/willian/.config/retroarch/shaders/shaders_slang/bezel/Mega_Bezel/shaders/hyllian/sgenpt-mix/sgenpt-mix-pass3.slang".
[INFO] [slang]: Using render target format R8G8B8A8_UNORM for pass output #9.
[INFO] [slang]: Compiling shader: "/home/willian/.config/retroarch/shaders/shaders_slang/bezel/Mega_Bezel/shaders/hyllian/sgenpt-mix/sgenpt-mix-pass4.slang".
[INFO] [slang]: Using render target format R8G8B8A8_UNORM for pass output #10.
[INFO] [slang]: Compiling shader: "/home/willian/.config/retroarch/shaders/shaders_slang/bezel/Mega_Bezel/shaders/hyllian/sgenpt-mix/sgenpt-mix-pass5.slang".
[INFO] [slang]: Using render target format R8G8B8A8_UNORM for pass output #11.
[INFO] [slang]: Compiling shader: "/home/willian/.config/retroarch/shaders/shaders_slang/bezel/Mega_Bezel/shaders/dedither/dedither-gamma-prep-2-after.slang".
[INFO] [slang]: Using render target format R8G8B8A8_UNORM for pass output #12.
[INFO] [slang]: Compiling shader: "/home/willian/.config/retroarch/shaders/shaders_slang/bezel/Mega_Bezel/shaders/ps1dither/hsm-PS1-Undither-BoxBlur.slang".
[INFO] [slang]: Using render target format R8G8B8A8_UNORM for pass output #13.
[INFO] [slang]: Compiling shader: "/home/willian/.config/retroarch/shaders/shaders_slang/bezel/Mega_Bezel/shaders/guest/extras/hsm-g-sharp_resampler.slang".
[INFO] [slang]: Using render target format R8G8B8A8_UNORM for pass output #14.
[INFO] [slang]: Compiling shader: "/home/willian/.config/retroarch/shaders/shaders_slang/bezel/Mega_Bezel/shaders/guest/extras/hsm-sharpsmoother.slang".
[INFO] [slang]: Using render target format R8G8B8A8_UNORM for pass output #15.
[INFO] [slang]: Compiling shader: "/home/willian/.config/retroarch/shaders/shaders_slang/bezel/Mega_Bezel/shaders/gtu/hsm-gtu-pass1.slang".
[INFO] [slang]: Using render target format R16G16B16A16_SFLOAT for pass output #16.
[INFO] [slang]: Compiling shader: "/home/willian/.config/retroarch/shaders/shaders_slang/bezel/Mega_Bezel/shaders/gtu/hsm-gtu-pass2.slang".
[INFO] [slang]: Using render target format R16G16B16A16_SFLOAT for pass output #17.
[INFO] [slang]: Compiling shader: "/home/willian/.config/retroarch/shaders/shaders_slang/bezel/Mega_Bezel/shaders/base/stock.slang".
[INFO] [slang]: Using render target format R8G8B8A8_UNORM for pass output #18.
[INFO] [slang]: Compiling shader: "/home/willian/.config/retroarch/shaders/shaders_slang/bezel/Mega_Bezel/shaders/guest/hsm-afterglow0.slang".
[INFO] [slang]: Using render target format R8G8B8A8_UNORM for pass output #19.
[INFO] [slang]: Compiling shader: "/home/willian/.config/retroarch/shaders/shaders_slang/bezel/Mega_Bezel/shaders/guest/hsm-pre-shaders-afterglow.slang".
[INFO] [slang]: Using render target format R8G8B8A8_UNORM for pass output #20.
[INFO] [slang]: Compiling shader: "/home/willian/.config/retroarch/shaders/shaders_slang/bezel/Mega_Bezel/shaders/dogway/hsm-grade.slang".
[INFO] [slang]: Using render target format R8G8B8A8_UNORM for pass output #21.
[INFO] [slang]: Compiling shader: "/home/willian/.config/retroarch/shaders/shaders_slang/bezel/Mega_Bezel/shaders/guest/hsm-custom-fast-sharpen.slang".
[INFO] [slang]: Using render target format R8G8B8A8_UNORM for pass output #22.
[INFO] [slang]: Compiling shader: "/home/willian/.config/retroarch/shaders/shaders_slang/bezel/Mega_Bezel/shaders/base/stock.slang".
[INFO] [slang]: Using render target format R8G8B8A8_UNORM for pass output #23.
[INFO] [slang]: Compiling shader: "/home/willian/.config/retroarch/shaders/shaders_slang/bezel/Mega_Bezel/shaders/guest/hsm-avg-lum.slang".
[INFO] [slang]: Using render target format R8G8B8A8_UNORM for pass output #24.
[INFO] [slang]: Compiling shader: "/home/willian/.config/retroarch/shaders/shaders_slang/bezel/Mega_Bezel/shaders/guest/hsm-interlace-and-linearize.slang".
[INFO] [slang]: Using render target format R16G16B16A16_SFLOAT for pass output #25.
[INFO] [slang]: Compiling shader: "/home/willian/.config/retroarch/shaders/shaders_slang/bezel/Mega_Bezel/shaders/guest/hsm-gaussian_horizontal.slang".
[INFO] [slang]: Using render target format R16G16B16A16_SFLOAT for pass output #26.
[INFO] [slang]: Compiling shader: "/home/willian/.config/retroarch/shaders/shaders_slang/bezel/Mega_Bezel/shaders/guest/hsm-gaussian_vertical.slang".
[INFO] [slang]: Using render target format R16G16B16A16_SFLOAT for pass output #27.
[INFO] [slang]: Compiling shader: "/home/willian/.config/retroarch/shaders/shaders_slang/bezel/Mega_Bezel/shaders/guest/hsm-bloom_horizontal.slang".
[INFO] [slang]: Using render target format R16G16B16A16_SFLOAT for pass output #28.
[INFO] [slang]: Compiling shader: "/home/willian/.config/retroarch/shaders/shaders_slang/bezel/Mega_Bezel/shaders/guest/hsm-bloom_vertical.slang".
[INFO] [slang]: Using render target format R16G16B16A16_SFLOAT for pass output #29.
[INFO] [slang]: Compiling shader: "/home/willian/.config/retroarch/shaders/shaders_slang/bezel/Mega_Bezel/shaders/guest/hsm-crt-guest-advanced.slang".
[INFO] [slang]: Using render target format R16G16B16A16_SFLOAT for pass output #30.
[INFO] [slang]: Compiling shader: "/home/willian/.config/retroarch/shaders/shaders_slang/bezel/Mega_Bezel/shaders/guest/hsm-deconvergence.slang".
[INFO] [slang]: Using render target format R16G16B16A16_SFLOAT for pass output #31.
[INFO] [slang]: Compiling shader: "/home/willian/.config/retroarch/shaders/shaders_slang/bezel/Mega_Bezel/shaders/base/post-crt-prep-image-layers.slang".
[INFO] [slang]: Using render target format R16G16B16A16_SFLOAT for pass output #32.
[INFO] [slang]: Compiling shader: "/home/willian/.config/retroarch/shaders/shaders_slang/bezel/Mega_Bezel/shaders/base/bezel-images-under-crt.slang".
[INFO] [slang]: Using render target format R16G16B16A16_SFLOAT for pass output #33.
[INFO] [slang]: Compiling shader: "/home/willian/.config/retroarch/shaders/shaders_slang/bezel/Mega_Bezel/shaders/base/bezel-images-over-crt.slang".
[INFO] [slang]: Using render target format R16G16B16A16_SFLOAT for pass output #34.
[INFO] [slang]: Compiling shader: "/home/willian/.config/retroarch/shaders/shaders_slang/bezel/Mega_Bezel/shaders/base/linearize-crt.slang".
[INFO] [slang]: Using render target format R16G16B16A16_SFLOAT for pass output #35.
[INFO] [slang]: Compiling shader: "/home/willian/.config/retroarch/shaders/shaders_slang/bezel/Mega_Bezel/shaders/base/blur-outside-screen-horiz.slang".
[INFO] [slang]: Using render target format R8G8B8A8_UNORM for pass output #36.
[INFO] [slang]: Compiling shader: "/home/willian/.config/retroarch/shaders/shaders_slang/bezel/Mega_Bezel/shaders/base/blur-outside-screen-vert.slang".
[INFO] [slang]: Using render target format R8G8B8A8_UNORM for pass output #37.
[INFO] [slang]: Compiling shader: "/home/willian/.config/retroarch/shaders/shaders_slang/blurs/shaders/royale/blur9x9.slang".
[INFO] [slang]: Using render target format R16G16B16A16_SFLOAT for pass output #38.
[INFO] [slang]: Compiling shader: "/home/willian/.config/retroarch/shaders/shaders_slang/blurs/shaders/royale/blur9x9.slang".
[INFO] [slang]: Using render target format R16G16B16A16_SFLOAT for pass output #39.
[INFO] [slang]: Compiling shader: "/home/willian/.config/retroarch/shaders/shaders_slang/bezel/Mega_Bezel/shaders/base/reflection.slang".
[INFO] [slang]: Using render target format R16G16B16A16_SFLOAT for pass output #40.
[INFO] [slang]: Compiling shader: "/home/willian/.config/retroarch/shaders/shaders_slang/bezel/Mega_Bezel/shaders/base/combine-passes.slang".
[INFO] [slang]: Using render target format R8G8B8A8_UNORM for pass output #41.
[INFO] [Vulkan filter chain]: Creating framebuffer 1024x1024 (max 1 level(s)).
[INFO] [Vulkan filter chain]: Creating framebuffer 1024x1024 (max 1 level(s)).
[INFO] [Vulkan filter chain]: Creating framebuffer 1024x1024 (max 1 level(s)).
[INFO] [Vulkan filter chain]: Creating framebuffer 1024x1024 (max 1 level(s)).
[INFO] [Vulkan filter chain]: Creating framebuffer 1024x1024 (max 1 level(s)).
[INFO] [Vulkan filter chain]: Creating framebuffer 1024x1024 (max 1 level(s)).
[INFO] [Vulkan filter chain]: Creating framebuffer 1024x1024 (max 1 level(s)).
[INFO] [Vulkan filter chain]: Creating framebuffer 1024x1024 (max 1 level(s)).
[INFO] [Vulkan filter chain]: Creating framebuffer 1024x1024 (max 1 level(s)).
[INFO] [Vulkan filter chain]: Creating framebuffer 1024x1024 (max 1 level(s)).
[INFO] [Vulkan filter chain]: Creating framebuffer 1024x1024 (max 1 level(s)).
[INFO] [Vulkan filter chain]: Creating framebuffer 1024x1024 (max 1 level(s)).
[INFO] [Vulkan filter chain]: Creating framebuffer 1024x1024 (max 1 level(s)).
[INFO] [Vulkan filter chain]: Creating framebuffer 1024x1024 (max 1 level(s)).
[INFO] [Vulkan filter chain]: Creating framebuffer 1024x1024 (max 1 level(s)).
[INFO] [Vulkan filter chain]: Creating framebuffer 1024x1024 (max 1 level(s)).
[INFO] [Vulkan filter chain]: Creating framebuffer 1024x1024 (max 1 level(s)).
[INFO] [Vulkan filter chain]: Creating framebuffer 1024x1024 (max 1 level(s)).
[INFO] [Vulkan filter chain]: Creating framebuffer 1024x1024 (max 1 level(s)).
[INFO] [Vulkan filter chain]: Creating framebuffer 1024x1024 (max 4294967295 level(s)).
[INFO] [Vulkan filter chain]: Creating framebuffer 1024x1024 (max 1 level(s)).
[INFO] [Vulkan filter chain]: Creating framebuffer 1024x1024 (max 1 level(s)).
[INFO] [Vulkan filter chain]: Creating framebuffer 1024x1024 (max 4294967295 level(s)).
[INFO] [Vulkan filter chain]: Creating framebuffer 1024x1024 (max 4294967295 level(s)).
[INFO] [Vulkan filter chain]: Creating framebuffer 1024x1024 (max 1 level(s)).
[INFO] [Vulkan filter chain]: Creating framebuffer 1024x1024 (max 1 level(s)).
[INFO] [Vulkan filter chain]: Creating framebuffer 800x1024 (max 1 level(s)).
[INFO] [Vulkan filter chain]: Creating framebuffer 800x600 (max 1 level(s)).
[INFO] [Vulkan filter chain]: Creating framebuffer 800x600 (max 1 level(s)).
[INFO] [Vulkan filter chain]: Creating framebuffer 800x600 (max 1 level(s)).
[INFO] [Vulkan filter chain]: Creating framebuffer 3840x2160 (max 1 level(s)).
[INFO] [Vulkan filter chain]: Creating framebuffer 3840x2160 (max 4294967295 level(s)).
[INFO] [Vulkan filter chain]: Creating framebuffer 3840x2160 (max 1 level(s)).
[INFO] [Vulkan filter chain]: Creating framebuffer 3840x2160 (max 1 level(s)).
[INFO] [Vulkan filter chain]: Creating framebuffer 3840x2160 (max 4294967295 level(s)).
[INFO] [Vulkan filter chain]: Creating framebuffer 800x600 (max 4294967295 level(s)).
[INFO] [Vulkan filter chain]: Creating framebuffer 800x600 (max 1 level(s)).
[INFO] [Vulkan filter chain]: Creating framebuffer 800x600 (max 4294967295 level(s)).
[INFO] [Vulkan filter chain]: Creating framebuffer 128x128 (max 4294967295 level(s)).
[INFO] [Vulkan filter chain]: Creating framebuffer 12x12 (max 1 level(s)).
[INFO] [Vulkan filter chain]: Creating framebuffer 3840x2160 (max 1 level(s)).
[INFO] [Vulkan filter chain]: Creating framebuffer 3840x2160 (max 1 level(s)).
[INFO] [Vulkan filter chain]: Creating framebuffer 1024x1024 (max 1 level(s)).
[INFO] [Vulkan filter chain]: Creating framebuffer 1024x1024 (max 1 level(s)).
[INFO] [Vulkan filter chain]: Creating framebuffer 1024x1024 (max 1 level(s)).
[INFO] [Vulkan filter chain]: Creating framebuffer 1024x1024 (max 1 level(s)).
[INFO] [Vulkan filter chain]: Using framebuffer feedback for pass #3.
[INFO] [Vulkan filter chain]: Creating framebuffer 1024x1024 (max 1 level(s)).
[INFO] [Vulkan filter chain]: Using framebuffer feedback for pass #4.
[INFO] [Vulkan filter chain]: Creating framebuffer 1024x1024 (max 4294967295 level(s)).
[INFO] [Vulkan filter chain]: Using framebuffer feedback for pass #19.
[INFO] [Vulkan filter chain]: Creating framebuffer 1024x1024 (max 1 level(s)).
[INFO] [Vulkan filter chain]: Using framebuffer feedback for pass #24.
[INFO] [Vulkan filter chain]: Creating framebuffer 3840x2160 (max 1 level(s)).
[INFO] [Vulkan filter chain]: Using framebuffer feedback for pass #32.
[INFO] [Vulkan filter chain]: Creating framebuffer 3840x2160 (max 1 level(s)).
[INFO] [Vulkan filter chain]: Using framebuffer feedback for pass #33.
[INFO] [Vulkan filter chain]: Creating framebuffer 3840x2160 (max 4294967295 level(s)).
[INFO] [Vulkan filter chain]: Using framebuffer feedback for pass #34.
[INFO] [Vulkan filter chain]: Creating framebuffer 3840x2160 (max 1 level(s)).
[INFO] [Vulkan filter chain]: Using framebuffer feedback for pass #40.
[INFO] [Vulkan filter chain]: Creating framebuffer 3840x2160 (max 1 level(s)).
[INFO] [Vulkan filter chain]: Using framebuffer feedback for pass #41.
[INFO] [udev]: Pad #0 (/dev/input/event6) supports force feedback.
[INFO] [udev]: Pad #0 (/dev/input/event6) supports 16 force feedback effects.
[INFO] [Joypad]: Found joypad driver: "udev".
[INFO] [DBus]: Suspended screensaver via DBus.
[INFO] [Video]: Found display server: "x11".
[INFO] [PulseAudio]: Requested 24576 bytes buffer, got 18432.
[INFO] [Display]: Found display driver: "vulkan".
[INFO] [Environ]: SET_SUBSYSTEM_INFO.
[INFO] [Playlist]: Carregando o arquivo de favoritos: "/home/willian/.config/retroarch/content_favorites.lpl".
[INFO] [Vulkan filter chain]: Creating framebuffer 1024x1024 (max 1 level(s)).
[INFO] [Vulkan filter chain]: Creating framebuffer 1024x1024 (max 1 level(s)).
[INFO] [Vulkan filter chain]: Creating framebuffer 1024x1024 (max 1 level(s)).
[INFO] [Vulkan filter chain]: Creating framebuffer 1024x1024 (max 1 level(s)).
[INFO] [Vulkan filter chain]: Creating framebuffer 1024x1024 (max 1 level(s)).
[INFO] [Vulkan filter chain]: Creating framebuffer 1024x1024 (max 1 level(s)).
[INFO] [Vulkan filter chain]: Creating framebuffer 1024x1024 (max 1 level(s)).
[INFO] [Vulkan filter chain]: Creating framebuffer 1024x1024 (max 1 level(s)).
[INFO] [Vulkan filter chain]: Creating framebuffer 1024x1024 (max 1 level(s)).
[INFO] [Vulkan filter chain]: Creating framebuffer 1024x1024 (max 1 level(s)).
[INFO] [Vulkan filter chain]: Creating framebuffer 1024x1024 (max 1 level(s)).
[INFO] [Vulkan filter chain]: Creating framebuffer 1024x1024 (max 1 level(s)).
[INFO] [Vulkan filter chain]: Creating framebuffer 1024x1024 (max 1 level(s)).
[INFO] [Vulkan filter chain]: Creating framebuffer 1024x1024 (max 1 level(s)).
[INFO] [Vulkan filter chain]: Creating framebuffer 1024x1024 (max 1 level(s)).
[INFO] [Vulkan filter chain]: Creating framebuffer 1024x1024 (max 1 level(s)).
[INFO] [Vulkan filter chain]: Creating framebuffer 1024x1024 (max 1 level(s)).
[INFO] [Vulkan filter chain]: Creating framebuffer 1024x1024 (max 1 level(s)).
[INFO] [Vulkan filter chain]: Creating framebuffer 1024x1024 (max 1 level(s)).
[INFO] [Vulkan filter chain]: Creating framebuffer 1024x1024 (max 4294967295 level(s)).
[INFO] [Vulkan filter chain]: Creating framebuffer 1024x1024 (max 1 level(s)).
[INFO] [Vulkan filter chain]: Creating framebuffer 1024x1024 (max 1 level(s)).
[INFO] [Vulkan filter chain]: Creating framebuffer 1024x1024 (max 4294967295 level(s)).
[INFO] [Vulkan filter chain]: Creating framebuffer 1024x1024 (max 4294967295 level(s)).
[INFO] [Vulkan filter chain]: Creating framebuffer 1024x1024 (max 1 level(s)).
[INFO] [Vulkan filter chain]: Creating framebuffer 1024x1024 (max 1 level(s)).
[INFO] [Vulkan filter chain]: Creating framebuffer 800x1024 (max 1 level(s)).
[INFO] [Vulkan filter chain]: Creating framebuffer 800x600 (max 1 level(s)).
[INFO] [Vulkan filter chain]: Creating framebuffer 800x600 (max 1 level(s)).
[INFO] [Vulkan filter chain]: Creating framebuffer 800x600 (max 1 level(s)).
[INFO] [Vulkan filter chain]: Creating framebuffer 3840x2160 (max 1 level(s)).
[INFO] [Vulkan filter chain]: Creating framebuffer 3840x2160 (max 4294967295 level(s)).
[INFO] [Vulkan filter chain]: Creating framebuffer 3840x2160 (max 1 level(s)).
[INFO] [Vulkan filter chain]: Creating framebuffer 3840x2160 (max 1 level(s)).
[INFO] [Vulkan filter chain]: Creating framebuffer 3840x2160 (max 4294967295 level(s)).
[INFO] [Vulkan filter chain]: Creating framebuffer 800x600 (max 4294967295 level(s)).
[INFO] [Vulkan filter chain]: Creating framebuffer 800x600 (max 1 level(s)).
[INFO] [Vulkan filter chain]: Creating framebuffer 800x600 (max 4294967295 level(s)).
[INFO] [Vulkan filter chain]: Creating framebuffer 128x128 (max 4294967295 level(s)).
[INFO] [Vulkan filter chain]: Creating framebuffer 12x12 (max 1 level(s)).
[INFO] [Vulkan filter chain]: Creating framebuffer 3840x2160 (max 1 level(s)).
[INFO] [Vulkan filter chain]: Creating framebuffer 3840x2160 (max 1 level(s)).
[INFO] [Vulkan filter chain]: Creating framebuffer 1024x1024 (max 1 level(s)).
[INFO] [Vulkan filter chain]: Creating framebuffer 1024x1024 (max 1 level(s)).
[INFO] [Vulkan filter chain]: Creating framebuffer 1024x1024 (max 1 level(s)).
[INFO] [Vulkan filter chain]: Creating framebuffer 1024x1024 (max 1 level(s)).
[INFO] [Vulkan filter chain]: Using framebuffer feedback for pass #3.
[INFO] [Vulkan filter chain]: Creating framebuffer 1024x1024 (max 1 level(s)).
[INFO] [Vulkan filter chain]: Using framebuffer feedback for pass #4.
[INFO] [Vulkan filter chain]: Creating framebuffer 1024x1024 (max 4294967295 level(s)).
[INFO] [Vulkan filter chain]: Using framebuffer feedback for pass #19.
[INFO] [Vulkan filter chain]: Creating framebuffer 1024x1024 (max 1 level(s)).
[INFO] [Vulkan filter chain]: Using framebuffer feedback for pass #24.
[INFO] [Vulkan filter chain]: Creating framebuffer 3840x2160 (max 1 level(s)).
[INFO] [Vulkan filter chain]: Using framebuffer feedback for pass #32.
[INFO] [Vulkan filter chain]: Creating framebuffer 3840x2160 (max 1 level(s)).
[INFO] [Vulkan filter chain]: Using framebuffer feedback for pass #33.
[INFO] [Vulkan filter chain]: Creating framebuffer 3840x2160 (max 4294967295 level(s)).
[INFO] [Vulkan filter chain]: Using framebuffer feedback for pass #34.
[INFO] [Vulkan filter chain]: Creating framebuffer 3840x2160 (max 1 level(s)).
[INFO] [Vulkan filter chain]: Using framebuffer feedback for pass #40.
[INFO] [Vulkan filter chain]: Creating framebuffer 3840x2160 (max 1 level(s)).
[INFO] [Vulkan filter chain]: Using framebuffer feedback for pass #41.
[INFO] [Vulkan filter chain]: Updating framebuffer size 800x600 (format: 37).
[INFO] [Vulkan filter chain]: Updating framebuffer size 800x600 (format: 43).
[INFO] [Vulkan filter chain]: Updating framebuffer size 800x600 (format: 43).
[INFO] [Vulkan filter chain]: Updating framebuffer size 800x600 (format: 109).
[INFO] [Vulkan filter chain]: Updating framebuffer size 800x600 (format: 97).
[INFO] [Vulkan filter chain]: Updating framebuffer size 800x600 (format: 97).
[INFO] [Vulkan filter chain]: Updating framebuffer size 800x600 (format: 37).
[INFO] [Vulkan filter chain]: Updating framebuffer size 800x600 (format: 37).
[INFO] [Vulkan filter chain]: Updating framebuffer size 800x600 (format: 37).
[INFO] [Vulkan filter chain]: Updating framebuffer size 800x600 (format: 37).
[INFO] [Vulkan filter chain]: Updating framebuffer size 800x600 (format: 37).
[INFO] [Vulkan filter chain]: Updating framebuffer size 800x600 (format: 37).
[INFO] [Vulkan filter chain]: Updating framebuffer size 800x600 (format: 37).
[INFO] [Vulkan filter chain]: Updating framebuffer size 800x600 (format: 37).
[INFO] [Vulkan filter chain]: Updating framebuffer size 800x600 (format: 37).
[INFO] [Vulkan filter chain]: Updating framebuffer size 800x600 (format: 37).
[INFO] [Vulkan filter chain]: Updating framebuffer size 800x600 (format: 97).
[INFO] [Vulkan filter chain]: Updating framebuffer size 800x600 (format: 97).
[INFO] [Vulkan filter chain]: Updating framebuffer size 800x600 (format: 37).
[INFO] [Vulkan filter chain]: Updating framebuffer size 800x600 (format: 37).
[INFO] [Vulkan filter chain]: Updating framebuffer size 800x600 (format: 37).
[INFO] [Vulkan filter chain]: Updating framebuffer size 800x600 (format: 37).
[INFO] [Vulkan filter chain]: Updating framebuffer size 800x600 (format: 37).
[INFO] [Vulkan filter chain]: Updating framebuffer size 800x600 (format: 37).
[INFO] [Vulkan filter chain]: Updating framebuffer size 800x600 (format: 37).
[INFO] [Vulkan filter chain]: Updating framebuffer size 800x600 (format: 97).
[INFO] [Vulkan filter chain]: Updating framebuffer size 800x600 (format: 97).
[INFO] [Vulkan filter chain]: Updating framebuffer size 800x600 (format: 44).
[INFO] [X/Vulkan]: Resized fullscreen resolution to 3840x2160.
[INFO] [Vulkan filter chain]: Creating framebuffer 1024x1024 (max 1 level(s)).
[INFO] [Vulkan filter chain]: Creating framebuffer 1024x1024 (max 1 level(s)).
[INFO] [Vulkan filter chain]: Creating framebuffer 1024x1024 (max 1 level(s)).
[INFO] [Vulkan filter chain]: Creating framebuffer 1024x1024 (max 1 level(s)).
[INFO] [Vulkan filter chain]: Creating framebuffer 1024x1024 (max 1 level(s)).
[INFO] [Vulkan filter chain]: Creating framebuffer 1024x1024 (max 1 level(s)).
[INFO] [Vulkan filter chain]: Creating framebuffer 1024x1024 (max 1 level(s)).
[INFO] [Vulkan filter chain]: Creating framebuffer 1024x1024 (max 1 level(s)).
[INFO] [Vulkan filter chain]: Creating framebuffer 1024x1024 (max 1 level(s)).
[INFO] [Vulkan filter chain]: Creating framebuffer 1024x1024 (max 1 level(s)).
[INFO] [Vulkan filter chain]: Creating framebuffer 1024x1024 (max 1 level(s)).
[INFO] [Vulkan filter chain]: Creating framebuffer 1024x1024 (max 1 level(s)).
[INFO] [Vulkan filter chain]: Creating framebuffer 1024x1024 (max 1 level(s)).
[INFO] [Vulkan filter chain]: Creating framebuffer 1024x1024 (max 1 level(s)).
[INFO] [Vulkan filter chain]: Creating framebuffer 1024x1024 (max 1 level(s)).
[INFO] [Vulkan filter chain]: Creating framebuffer 1024x1024 (max 1 level(s)).
[INFO] [Vulkan filter chain]: Creating framebuffer 1024x1024 (max 1 level(s)).
[INFO] [Vulkan filter chain]: Creating framebuffer 1024x1024 (max 1 level(s)).
[INFO] [Vulkan filter chain]: Creating framebuffer 1024x1024 (max 1 level(s)).
[INFO] [Vulkan filter chain]: Creating framebuffer 1024x1024 (max 4294967295 level(s)).
[INFO] [Vulkan filter chain]: Creating framebuffer 1024x1024 (max 1 level(s)).
[INFO] [Vulkan filter chain]: Creating framebuffer 1024x1024 (max 1 level(s)).
[INFO] [Vulkan filter chain]: Creating framebuffer 1024x1024 (max 4294967295 level(s)).
[INFO] [Vulkan filter chain]: Creating framebuffer 1024x1024 (max 4294967295 level(s)).
[INFO] [Vulkan filter chain]: Creating framebuffer 1024x1024 (max 1 level(s)).
[INFO] [Vulkan filter chain]: Creating framebuffer 1024x1024 (max 1 level(s)).
[INFO] [Vulkan filter chain]: Creating framebuffer 800x1024 (max 1 level(s)).
[INFO] [Vulkan filter chain]: Creating framebuffer 800x600 (max 1 level(s)).
[INFO] [Vulkan filter chain]: Creating framebuffer 800x600 (max 1 level(s)).
[INFO] [Vulkan filter chain]: Creating framebuffer 800x600 (max 1 level(s)).
[INFO] [Vulkan filter chain]: Creating framebuffer 3840x2160 (max 1 level(s)).
[INFO] [Vulkan filter chain]: Creating framebuffer 3840x2160 (max 4294967295 level(s)).
[INFO] [Vulkan filter chain]: Creating framebuffer 3840x2160 (max 1 level(s)).
[INFO] [Vulkan filter chain]: Creating framebuffer 3840x2160 (max 1 level(s)).
[INFO] [Vulkan filter chain]: Creating framebuffer 3840x2160 (max 4294967295 level(s)).
[INFO] [Vulkan filter chain]: Creating framebuffer 800x600 (max 4294967295 level(s)).
[INFO] [Vulkan filter chain]: Creating framebuffer 800x600 (max 1 level(s)).
[INFO] [Vulkan filter chain]: Creating framebuffer 800x600 (max 4294967295 level(s)).
[INFO] [Vulkan filter chain]: Creating framebuffer 128x128 (max 4294967295 level(s)).
[INFO] [Vulkan filter chain]: Creating framebuffer 12x12 (max 1 level(s)).
[INFO] [Vulkan filter chain]: Creating framebuffer 3840x2160 (max 1 level(s)).
[INFO] [Vulkan filter chain]: Creating framebuffer 3840x2160 (max 1 level(s)).
[INFO] [Vulkan filter chain]: Creating framebuffer 1024x1024 (max 1 level(s)).
[INFO] [Vulkan filter chain]: Creating framebuffer 1024x1024 (max 1 level(s)).
[INFO] [Vulkan filter chain]: Creating framebuffer 1024x1024 (max 1 level(s)).
[INFO] [Vulkan filter chain]: Creating framebuffer 1024x1024 (max 1 level(s)).
[INFO] [Vulkan filter chain]: Using framebuffer feedback for pass #3.
[INFO] [Vulkan filter chain]: Creating framebuffer 1024x1024 (max 1 level(s)).
[INFO] [Vulkan filter chain]: Using framebuffer feedback for pass #4.
[INFO] [Vulkan filter chain]: Creating framebuffer 1024x1024 (max 4294967295 level(s)).
[INFO] [Vulkan filter chain]: Using framebuffer feedback for pass #19.
[INFO] [Vulkan filter chain]: Creating framebuffer 1024x1024 (max 1 level(s)).
[INFO] [Vulkan filter chain]: Using framebuffer feedback for pass #24.
[INFO] [Vulkan filter chain]: Creating framebuffer 3840x2160 (max 1 level(s)).
[INFO] [Vulkan filter chain]: Using framebuffer feedback for pass #32.
[INFO] [Vulkan filter chain]: Creating framebuffer 3840x2160 (max 1 level(s)).
[INFO] [Vulkan filter chain]: Using framebuffer feedback for pass #33.
[INFO] [Vulkan filter chain]: Creating framebuffer 3840x2160 (max 4294967295 level(s)).
[INFO] [Vulkan filter chain]: Using framebuffer feedback for pass #34.
[INFO] [Vulkan filter chain]: Creating framebuffer 3840x2160 (max 1 level(s)).
[INFO] [Vulkan filter chain]: Using framebuffer feedback for pass #40.
[INFO] [Vulkan filter chain]: Creating framebuffer 3840x2160 (max 1 level(s)).
[INFO] [Vulkan filter chain]: Using framebuffer feedback for pass #41.
[INFO] [Vulkan filter chain]: Updating framebuffer size 800x600 (format: 37).
[INFO] [Vulkan filter chain]: Updating framebuffer size 800x600 (format: 43).
[INFO] [Vulkan filter chain]: Updating framebuffer size 800x600 (format: 43).
[INFO] [Vulkan filter chain]: Updating framebuffer size 800x600 (format: 109).
[INFO] [Vulkan filter chain]: Updating framebuffer size 800x600 (format: 97).
[INFO] [Vulkan filter chain]: Updating framebuffer size 800x600 (format: 97).
[INFO] [Vulkan filter chain]: Updating framebuffer size 800x600 (format: 37).
[INFO] [Vulkan filter chain]: Updating framebuffer size 800x600 (format: 37).
[INFO] [Vulkan filter chain]: Updating framebuffer size 800x600 (format: 37).
[INFO] [Vulkan filter chain]: Updating framebuffer size 800x600 (format: 37).
[INFO] [Vulkan filter chain]: Updating framebuffer size 800x600 (format: 37).
[INFO] [Vulkan filter chain]: Updating framebuffer size 800x600 (format: 37).
[INFO] [Vulkan filter chain]: Updating framebuffer size 800x600 (format: 37).
[INFO] [Vulkan filter chain]: Updating framebuffer size 800x600 (format: 37).
[INFO] [Vulkan filter chain]: Updating framebuffer size 800x600 (format: 37).
[INFO] [Vulkan filter chain]: Updating framebuffer size 800x600 (format: 37).
[INFO] [Vulkan filter chain]: Updating framebuffer size 800x600 (format: 97).
[INFO] [Vulkan filter chain]: Updating framebuffer size 800x600 (format: 97).
[INFO] [Vulkan filter chain]: Updating framebuffer size 800x600 (format: 37).
[INFO] [Vulkan filter chain]: Updating framebuffer size 800x600 (format: 37).
[INFO] [Vulkan filter chain]: Updating framebuffer size 800x600 (format: 37).
[INFO] [Vulkan filter chain]: Updating framebuffer size 800x600 (format: 37).
[INFO] [Vulkan filter chain]: Updating framebuffer size 800x600 (format: 37).
[INFO] [Vulkan filter chain]: Updating framebuffer size 800x600 (format: 37).
[INFO] [Vulkan filter chain]: Updating framebuffer size 800x600 (format: 37).
[INFO] [Vulkan filter chain]: Updating framebuffer size 800x600 (format: 97).
[INFO] [Vulkan filter chain]: Updating framebuffer size 800x600 (format: 97).
[INFO] [Vulkan filter chain]: Updating framebuffer size 800x600 (format: 44).
[INFO] [Vulkan filter chain]: Updating framebuffer size 800x600 (format: 109).
[INFO] [Vulkan filter chain]: Updating framebuffer size 800x600 (format: 97).
[INFO] [Vulkan filter chain]: Updating framebuffer size 800x600 (format: 37).
[INFO] [Vulkan filter chain]: Updating framebuffer size 800x600 (format: 37).
[INFO] [Vulkan filter chain]: Updating framebuffer size 800x600 (format: 44).
[INFO] [Vulkan filter chain]: Updating framebuffer size 800x600 (format: 44).
[INFO] [Core]: Content ran for a total of: 00 hours, 00 minutes, 06 seconds.
[INFO] [Runtime]: Saving runtime log file: "/home/willian/.config/retroarch/playlists/logs/FinalBurn Neo/kofxi.lrtl".
[INFO] [Core]: Unloading game..
[INFO] [PulseAudio]: Pausing.
[INFO] [Core]: Unloading core..
[INFO] [Core]: Unloading core symbols..
[INFO] [XINERAMA]: Xinerama version: 1.1.
[INFO] [XINERAMA]: Xinerama screens: 1.
[INFO] [XINERAMA]: Saved monitor #0.
[INFO] [Video]: Does not have enough samples for monitor refresh rate estimation. Requires to run for at least 4096 frames.
