[INFO] RetroArch 1.15.0 (Git 6616b807ed)
[INFO] === Build =======================================
[INFO] CPU Model Name: AMD Ryzen 7 5700X 8-Core Processor             
[INFO] Capacidades: MMX MMXEXT SSE SSE2 SSE3 SSE4 SSE4.2 AES AVX AVX2
[INFO] Built: Sep 13 2023
[INFO] Version: 1.15.0
[INFO] Git: 6616b807ed
[INFO] =================================================
[INFO] [Input]: Found input driver: "x".
[INFO] [Environ]: SET_PIXEL_FORMAT: RGB565.
[INFO] [Core]: Versão da API libretro: 1, Compilado contra a API: 1
[INFO] [Audio]: Set audio input rate to: 48000.00 Hz.
[INFO] [Video]: Set video size to: fullscreen.
[ERROR] [Wayland]: Failed to connect to Wayland server.
[INFO] [Vulkan]: Vulkan dynamic library loaded.
[INFO] [Vulkan]: Found vulkan context: "vk_x".
[INFO] [Vulkan]: Detecting screen resolution: 3840x2160.
[INFO] [XINERAMA]: Xinerama version: 1.1.
[INFO] [XINERAMA]: Xinerama screens: 1.
[INFO] [X/Vulkan]: Using Xinerama on screen #0.
[INFO] [X/Vulkan]: X = 0, Y = 0, W = 3840, H = 2160.
[INFO] [X/Vulkan]: Using windowed fullscreen.
[INFO] [Vulkan]: Found GPU at index 0: "NVIDIA GeForce RTX 2060".
[INFO] [Vulkan]: Using GPU index 0.
[INFO] [Vulkan]: Using fences for WSI acquire.
[INFO] [Vulkan]: Using GPU: "NVIDIA GeForce RTX 2060".
[INFO] [Vulkan]: Queue family 0 supports 16 sub-queues.
[INFO] [Vulkan]: Got 3 swapchain images.
[INFO] [Vulkan]: Using resolution 3840x2160.
[INFO] [Vulkan]: Using RGB565 format.
[INFO] [Vulkan]: Loading stock shader.
[INFO] [udev]: Pad #0 (/dev/input/event6) supports force feedback.
[INFO] [udev]: Pad #0 (/dev/input/event6) supports 16 force feedback effects.
[INFO] [Joypad]: Found joypad driver: "udev".
[INFO] [DBus]: Suspended screensaver via DBus.
[INFO] [Video]: Found display server: "x11".
[ERROR] [Overlay]: Failed to load image: /home/willian/.config/retroarch/overlay/NIL.png.
[INFO] [PulseAudio]: Requested 24576 bytes buffer, got 18432.
[INFO] [Display]: Found display driver: "vulkan".
[INFO] [Playlist]: Carregando o arquivo de favoritos: "/home/willian/.config/retroarch/content_favorites.lpl".
[INFO] [PulseAudio]: Pausing.
[INFO] [X/Vulkan]: Resized fullscreen resolution to 3840x2160.
[INFO] [Content]: Updating firmware status for: "/home/willian/.config/retroarch/cores/flycast_libretro.so" on "/home/willian/.config/retroarch/system".
[INFO] [Core]: Using content: "/home/willian/.config/retroarch/roms/MAME/kofxii/kof xii.v1.00.chd".
[INFO] [Core]: Content ran for a total of: 00 hours, 00 minutes, 00 seconds.
[INFO] [Core]: Unloading core..
[INFO] [Core]: Unloading core symbols..
[INFO] [XINERAMA]: Xinerama version: 1.1.
[INFO] [XINERAMA]: Xinerama screens: 1.
[INFO] [XINERAMA]: Saved monitor #0.
[INFO] [Video]: Average monitor Hz: 60.002400 Hz. (3.052 % frame time deviation, based on 2048 last samples).
[INFO] RetroArch 1.15.0 (Git 6616b807ed)
[INFO] === Build =======================================
[INFO] CPU Model Name: AMD Ryzen 7 5700X 8-Core Processor             
[INFO] Capacidades: MMX MMXEXT SSE SSE2 SSE3 SSE4 SSE4.2 AES AVX AVX2
[INFO] Built: Sep 13 2023
[INFO] Version: 1.15.0
[INFO] Git: 6616b807ed
[INFO] =================================================
[INFO] [Input]: Found input driver: "x".
[INFO] [Core]: Loading dynamic libretro core from: "/home/willian/.config/retroarch/cores/flycast_libretro.so"
[INFO] [Environ]: GET_CORE_OPTIONS_VERSION.
[INFO] [Environ]: GET_LANGUAGE: "7".
[INFO] [Environ]: RETRO_ENVIRONMENT_SET_CORE_OPTIONS_V2_INTL.
[INFO] [Environ]: SET_CONTROLLER_INFO.
[INFO] [Remaps]: Core-specific remap found at "/home/willian/.config/retroarch/config/remaps/Flycast/Flycast.rmp".
[INFO] [Overrides]: Redirecionando arquivo dados da memória do jogo em "/home/willian/.config/retroarch/saves/kof xii.v1.00.srm".
[INFO] [Overrides]: Redirecionando o jogo salvo em "/home/willian/.config/retroarch/states/kof xii.v1.00.state".
[INFO] [Environ]: GET_LOG_INTERFACE.
[libretro INFO] shell/libretro/libretro.cpp:312 N[BOOT]: retro_init
[INFO] [Environ]: GET_PERF_INTERFACE.
[INFO] [Environ]: SET_PIXEL_FORMAT: XRGB8888.
[INFO] [Environ]: SET_KEYBOARD_CALLBACK.
[INFO] [Environ]: GET_DISK_CONTROL_INTERFACE_VERSION.
[INFO] [Environ]: SET_DISK_CONTROL_EXT_INTERFACE.
[libretro INFO] core/hw/mem/addrspace.cpp:431 N[VMEM]: Info: nvmem is enabled
[libretro INFO] core/hw/mem/addrspace.cpp:462 N[VMEM]: BASE 0x7fe377df0000 RAM(16 MB) 0x7fe383df0000 VRAM64(8 MB) 0x7fe37bdf0000 ARAM(2 MB) 0x7fe397df0000
[INFO] [Content]: Carregamento de conteúdo ignorado. A implementação irá carregar por conta própria.
[libretro INFO] shell/libretro/libretro.cpp:1816 N[BOOT]: retro_load_game: /home/willian/.config/retroarch/roms/MAME/kofxii/kof xii.v1.00.chd
[INFO] [Environ]: GET_RUMBLE_INTERFACE.
[INFO] [Environ]: SYSTEM_DIRECTORY: "/home/willian/.config/retroarch/system".
[INFO] [Environ]: GET_SAVE_DIRECTORY.
[ERROR] [Environ]: GET_VARIABLE: pvr.rend - Invalid value.
[ERROR] [Environ]: GET_VARIABLE: rend.PerStripSorting - Invalid value.
[INFO] [Environ]: SET_SAVE_STATE_IN_BACKGROUND: yes.
[libretro INFO] File extension is: .chd
[INFO] [Environ]: GET_PREFERRED_HW_RENDER, video driver name: vulkan.
[INFO] [Environ]: GET_PREFERRED_HW_RENDER - Context callback set to RETRO_HW_CONTEXT_VULKAN.
[INFO] [Environ]: SET_HW_RENDER, context type: vulkan.
[INFO] Requesting Vulkan context.
[INFO] [Environ]: SET_HW_RENDER_CONTEXT_NEGOTIATION_INTERFACE.
[libretro INFO] core/hw/mem/addrspace.cpp:431 N[VMEM]: Info: nvmem is enabled
[libretro INFO] core/hw/mem/addrspace.cpp:462 N[VMEM]: BASE 0x7fe377df0000 RAM(16 MB) 0x7fe383df0000 VRAM64(8 MB) 0x7fe37bdf0000 ARAM(2 MB) 0x7fe397df0000
[ERROR] [Environ]: GET_VARIABLE: pvr.rend - Invalid value.
[ERROR] [Environ]: GET_VARIABLE: rend.PerStripSorting - Invalid value.
[libretro ERROR] shell/libretro/libretro.cpp:1130 E[BOOT]: Invalid hunkbytes for CHD file /home/willian/.config/retroarch/roms/MAME/kofxii/kof xii.v1.00.chd
[INFO] [Environ]: SET_MESSAGE: Invalid hunkbytes for CHD file /home/willian/.config/retroarch/roms/MAME/kofxii/kof xii.v1.00.chd
[ERROR] [Environ]: GET_VARIABLE: pvr.rend - Invalid value.
[ERROR] [Environ]: GET_VARIABLE: rend.PerStripSorting - Invalid value.
[ERROR] [Content]: Falha em carregar o conteúdo
[INFO] [Core]: Content ran for a total of: 00 hours, 00 minutes, 00 seconds.
[libretro INFO] shell/libretro/libretro.cpp:1642 N[RENDERER]: retro_vk_context_destroy
[libretro ERROR] core/linux/common.cpp:72 E[COMMON]: SIGSEGV @ 0x7fe39999531e -> 0x40 was not in vram, dynacode:0
[libretro ERROR] Fatal error : segfault
 in fault_handler -> /builds/libretro/flycast-upstream/core/linux/common.cpp : 83
[libretro ERROR] shell/libretro/libretro.cpp:3182 E[COMMON]: DEBUGBREAK!
