[INFO] RetroArch 1.16.0 (Git 6c2cc45628)
[INFO] === Build =======================================
[INFO] CPU Model Name: AMD Ryzen 7 5700X 8-Core Processor             
[INFO] Capacidades: MMX MMXEXT SSE SSE2 SSE3 SSSE3 SSE4 SSE42 AES AVX AVX2 
[INFO] Version: 1.16.0
[INFO] Git: 6c2cc45628
[INFO] Built: Oct  9 2023
[INFO] =================================================
[INFO] [Input]: Found input driver: "x".
[INFO] [Environ]: SET_PIXEL_FORMAT: RGB565.
[INFO] [Core]: Versão da API libretro: 1, Compilado contra a API: 1
[INFO] [Core]: Geometry: 320x240, Aspect: 1.333, FPS: 60.00, Sample rate: 48000.00 Hz.
[INFO] [Audio]: Set audio input rate to: 48000.00 Hz.
[INFO] [Video]: Set video size to: 3840x2160.
[ERROR] [Wayland]: Failed to connect to Wayland server.
[INFO] [Vulkan]: Vulkan dynamic library loaded.
[INFO] [Vulkan]: Found vulkan context: "vk_x".
[INFO] [Vulkan]: Detecting screen resolution: 3840x2160.
[INFO] [XINERAMA]: Xinerama version: 1.1.
[INFO] [XINERAMA]: Xinerama screens: 1.
[INFO] [X/Vulkan]: Using Xinerama on screen #0.
[INFO] [X/Vulkan]: X = 0, Y = 0, W = 3840, H = 2160.
[INFO] [X/Vulkan]: Requesting compositor bypass.
[INFO] [X/Vulkan]: Using windowed fullscreen.
[INFO] [Vulkan]: Found GPU at index 0: "NVIDIA GeForce RTX 2060".
[INFO] [Vulkan]: Using GPU index 0.
[INFO] [Vulkan]: Using fences for WSI acquire.
[INFO] [Vulkan]: Using GPU: "NVIDIA GeForce RTX 2060".
[INFO] [Vulkan]: Queue family 0 supports 16 sub-queues.
[INFO] [Vulkan]: Got 2 swapchain images.
[INFO] [Vulkan]: Using resolution 3840x2160.
[INFO] [Vulkan]: Using RGB565 format.
[INFO] [Vulkan]: Loading stock shader.
[INFO] [udev]: Pad #0 (/dev/input/event5) supports force feedback.
[INFO] [udev]: Pad #0 (/dev/input/event5) supports 16 force feedback effects.
[INFO] [Joypad]: Found joypad driver: "udev".
[INFO] [DBus]: Suspended screensaver via DBus.
[INFO] [Video]: Found display server: "x11".
[INFO] [PulseAudio]: Requested 24576 bytes buffer, got 18432.
[INFO] [Audio]: Started synchronous audio driver.
[INFO] [ALSA] Using ALSA version 1.2.10
[INFO] [Microphone]: Initialized microphone driver.
[INFO] [Display]: Found display driver: "vulkan".
[INFO] [Playlist]: Carregando o arquivo de favoritos: "/home/willian/.config/retroarch/content_favorites.lpl".
[INFO] [X/Vulkan]: Resized fullscreen resolution to 3840x2160.
[ERROR] [Thumbnail]: Download "/home/willian/.config/retroarch/thumbnails/Arcade Classics - Data East/Named_Titles/Battle Rangers (World).png" failed: File not found.
[ERROR] [Thumbnail]: Download "/home/willian/.config/retroarch/thumbnails/Arcade Classics - Data East/Named_Boxarts/Battle Rangers (World).png" failed: File not found.
[ERROR] [Thumbnail]: Download "/home/willian/.config/retroarch/thumbnails/Arcade Classics - Irem/Named_Titles/Battle Chopper.png" failed: File not found.
[ERROR] [Thumbnail]: Download "/home/willian/.config/retroarch/thumbnails/Arcade Classics - Irem/Named_Boxarts/Battle Chopper.png" failed: File not found.
[ERROR] [Thumbnail]: Download "/home/willian/.config/retroarch/thumbnails/Arcade Classics - Namco/Named_Titles/Cosmo Gang the Video (US).png" failed: File not found.
[ERROR] [Thumbnail]: Download "/home/willian/.config/retroarch/thumbnails/Arcade Classics - Namco/Named_Boxarts/Cosmo Gang the Video (US).png" failed: File not found.
[ERROR] [Thumbnail]: Download "/home/willian/.config/retroarch/thumbnails/Arcade Classics - Namco/Named_Titles/Exvania (Japan).png" failed: File not found.
[ERROR] [Thumbnail]: Download "/home/willian/.config/retroarch/thumbnails/Arcade Classics - Namco/Named_Boxarts/Exvania (Japan).png" failed: File not found.
[ERROR] [Thumbnail]: Download "/home/willian/.config/retroarch/thumbnails/Arcade Classics - Namco/Named_Titles/Galaxian (Namco set 1).png" failed: File not found.
[ERROR] [Thumbnail]: Download "/home/willian/.config/retroarch/thumbnails/Arcade Classics - Namco/Named_Titles/J-League Soccer V-Shoot.png" failed: File not found.
[ERROR] [Thumbnail]: Download "/home/willian/.config/retroarch/thumbnails/Arcade Classics - Namco/Named_Boxarts/J-League Soccer V-Shoot.png" failed: File not found.
[INFO] [Environ]: SET_SUBSYSTEM_INFO.
[INFO] [Core]: Using content: ".config/retroarch/roms/SNK - Neo Geo/garou.zip".
[INFO] [Core]: Content ran for a total of: 00 hours, 00 minutes, 00 seconds.
[INFO] [PulseAudio]: Pausing.
[INFO] [Core]: Unloading core..
[INFO] [Core]: Unloading core symbols..
[INFO] [XINERAMA]: Xinerama version: 1.1.
[INFO] [XINERAMA]: Xinerama screens: 1.
[INFO] [XINERAMA]: Saved monitor #0.
[INFO] [Video]: Does not have enough samples for monitor refresh rate estimation. Requires to run for at least 4096 frames.
[INFO] RetroArch 1.16.0 (Git 6c2cc45628)
[INFO] === Build =======================================
[INFO] CPU Model Name: AMD Ryzen 7 5700X 8-Core Processor             
[INFO] Capacidades: MMX MMXEXT SSE SSE2 SSE3 SSSE3 SSE4 SSE42 AES AVX AVX2 
[INFO] Version: 1.16.0
[INFO] Git: 6c2cc45628
[INFO] Built: Oct  9 2023
[INFO] =================================================
[INFO] [Input]: Found input driver: "x".
[INFO] [Core]: Loading dynamic libretro core from: "/home/willian/.config/retroarch/cores/fbneo_libretro.so"
[INFO] [Overrides]: Game-specific overrides found at "/home/willian/.config/retroarch/config/FinalBurn Neo/garou.cfg".
[INFO] [Config]: Loading config: "/home/willian/.config/retroarch/retroarch.cfg".
[INFO] [Config]: Appending override config: "/home/willian/.config/retroarch/config/FinalBurn Neo/garou.cfg".
[INFO] [Overrides]: Redirecionando arquivo dados da memória do jogo em "/home/willian/.config/retroarch/saves/garou.srm".
[INFO] [Overrides]: Redirecionando o jogo salvo em "/home/willian/.config/retroarch/states/garou.state".
[INFO] [Environ]: SET_SERIALIZATION_QUIRKS.
[INFO] [Environ]: GET_LOG_INTERFACE.
[INFO] [Environ]: GET_MESSAGE_INTERFACE_VERSION.
[INFO] [Environ]: SET_AUDIO_BUFFER_STATUS_CALLBACK.
[INFO] [Content]: Carregamento de conteúdo ignorado. A implementação irá carregar por conta própria.
[INFO] [Environ]: GET_SAVE_DIRECTORY.
[libretro INFO] Setting save dir to /home/willian/.config/retroarch/saves
[INFO] [Environ]: SYSTEM_DIRECTORY: "/home/willian/.config/retroarch/system".
[libretro INFO] Setting system dir to /home/willian/.config/retroarch/system
[libretro INFO] DIP switches offset: 25.
[INFO] [Environ]: SET_CONTROLLER_INFO.
[libretro INFO] Initialize DIP switches.
[INFO] [Environ]: GET_CORE_OPTIONS_VERSION.
[INFO] [Environ]: RETRO_ENVIRONMENT_SET_CORE_OPTIONS_V2.
[libretro INFO] [FBNeo] Searching all possible locations for romset garou
[libretro INFO] [FBNeo] No patched romset found at /home/willian/.config/retroarch/system/fbneo/patched/garou
[libretro INFO] [FBNeo] Romset found at .config/retroarch/roms/SNK - Neo Geo/garou
[libretro INFO] [FBNeo] No romset found at /home/willian/.config/retroarch/system/fbneo/garou
[libretro INFO] [FBNeo] No romset found at /home/willian/.config/retroarch/system/garou
[libretro INFO] [FBNeo] Searching all possible locations for romset neogeo
[libretro INFO] [FBNeo] No patched romset found at /home/willian/.config/retroarch/system/fbneo/patched/neogeo
[libretro INFO] [FBNeo] Romset found at .config/retroarch/roms/SNK - Neo Geo/neogeo
[libretro INFO] [FBNeo] No romset found at /home/willian/.config/retroarch/system/fbneo/neogeo
[libretro INFO] [FBNeo] Romset found at /home/willian/.config/retroarch/system/neogeo
[libretro INFO] [FBNeo] Using ROM with known crc 0x98bc93dc and name kf.neo-sma from archive .config/retroarch/roms/SNK - Neo Geo/garou
[libretro INFO] [FBNeo] Using ROM with known crc 0xea3171a4 and name 253-ep1.p1 from archive .config/retroarch/roms/SNK - Neo Geo/garou
[libretro INFO] [FBNeo] Using ROM with known crc 0x382f704b and name 253-ep2.p2 from archive .config/retroarch/roms/SNK - Neo Geo/garou
[libretro INFO] [FBNeo] Using ROM with known crc 0xe395bfdd and name 253-ep3.p3 from archive .config/retroarch/roms/SNK - Neo Geo/garou
[libretro INFO] [FBNeo] Using ROM with known crc 0xda92c08e and name 253-ep4.p4 from archive .config/retroarch/roms/SNK - Neo Geo/garou
[libretro INFO] [FBNeo] Using ROM with known crc 0x0603e046 and name 253-c1.c1 from archive .config/retroarch/roms/SNK - Neo Geo/garou
[libretro INFO] [FBNeo] Using ROM with known crc 0x0917d2a4 and name 253-c2.c2 from archive .config/retroarch/roms/SNK - Neo Geo/garou
[libretro INFO] [FBNeo] Using ROM with known crc 0x6737c92d and name 253-c3.c3 from archive .config/retroarch/roms/SNK - Neo Geo/garou
[libretro INFO] [FBNeo] Using ROM with known crc 0x5ba92ec6 and name 253-c4.c4 from archive .config/retroarch/roms/SNK - Neo Geo/garou
[libretro INFO] [FBNeo] Using ROM with known crc 0x3eab5557 and name 253-c5.c5 from archive .config/retroarch/roms/SNK - Neo Geo/garou
[libretro INFO] [FBNeo] Using ROM with known crc 0x308d098b and name 253-c6.c6 from archive .config/retroarch/roms/SNK - Neo Geo/garou
[libretro INFO] [FBNeo] Using ROM with known crc 0xc0e995ae and name 253-c7.c7 from archive .config/retroarch/roms/SNK - Neo Geo/garou
[libretro INFO] [FBNeo] Using ROM with known crc 0x21a11303 and name 253-c8.c8 from archive .config/retroarch/roms/SNK - Neo Geo/garou
[libretro INFO] [FBNeo] Using ROM with known crc 0x36a806be and name 253-m1.m1 from archive .config/retroarch/roms/SNK - Neo Geo/garou
[libretro INFO] [FBNeo] Using ROM with known crc 0x263e388c and name 253-v1.v1 from archive .config/retroarch/roms/SNK - Neo Geo/garou
[libretro INFO] [FBNeo] Using ROM with known crc 0x2c6bc7be and name 253-v2.v2 from archive .config/retroarch/roms/SNK - Neo Geo/garou
[libretro INFO] [FBNeo] Using ROM with known crc 0x0425b27d and name 253-v3.v3 from archive .config/retroarch/roms/SNK - Neo Geo/garou
[libretro INFO] [FBNeo] Using ROM with known crc 0xa54be8a9 and name 253-v4.v4 from archive .config/retroarch/roms/SNK - Neo Geo/garou
[libretro INFO] [FBNeo] Using ROM with known crc 0x91b64be3 and name asia-s3.rom from archive .config/retroarch/roms/SNK - Neo Geo/garou
[libretro INFO] [FBNeo] Using ROM with known crc 0x9036d879 and name sp-s2.sp1 from archive .config/retroarch/roms/SNK - Neo Geo/garou
[libretro INFO] [FBNeo] Using ROM with known crc 0xc7f2fa45 and name sp-s.sp1 from archive .config/retroarch/roms/SNK - Neo Geo/garou
[libretro INFO] [FBNeo] Using ROM with known crc 0xe72943de and name sp-u2.sp1 from archive .config/retroarch/roms/SNK - Neo Geo/garou
[libretro INFO] [FBNeo] Using ROM with known crc 0x62f021f4 and name v2.bin from archive .config/retroarch/roms/SNK - Neo Geo/garou
[libretro INFO] [FBNeo] Using ROM with known crc 0x2723a5b5 and name sp-e.sp1 from archive .config/retroarch/roms/SNK - Neo Geo/garou
[libretro INFO] [FBNeo] Using ROM with known crc 0xf0e8f27d and name vs-bios.rom from archive .config/retroarch/roms/SNK - Neo Geo/garou
[libretro INFO] [FBNeo] Using ROM with known crc 0xacede59c and name sp-j2.sp1 from archive .config/retroarch/roms/SNK - Neo Geo/garou
[libretro INFO] [FBNeo] Using ROM with known crc 0x9fb0abe4 and name sp1.jipan.1024 from archive .config/retroarch/roms/SNK - Neo Geo/garou
[libretro INFO] [FBNeo] Using ROM with known crc 0x03cc9f6a and name sp-45.sp1 from archive .config/retroarch/roms/SNK - Neo Geo/garou
[libretro INFO] [FBNeo] Using ROM with known crc 0xdff6d41f and name japan-j3.bin from archive .config/retroarch/roms/SNK - Neo Geo/garou
[libretro INFO] [FBNeo] Using ROM with known crc 0x162f0ebe and name sp-1v1_3db8c.bin from archive .config/retroarch/roms/SNK - Neo Geo/garou
[libretro INFO] [FBNeo] Using ROM with known crc 0xa4e8b9b3 and name uni-bios_3_2.rom from archive .config/retroarch/roms/SNK - Neo Geo/garou
[libretro INFO] [FBNeo] Using ROM with known crc 0x0c58093f and name uni-bios_3_1.rom from archive .config/retroarch/roms/SNK - Neo Geo/garou
[libretro INFO] [FBNeo] Using ROM with known crc 0xa97c89a9 and name uni-bios_3_0.rom from archive .config/retroarch/roms/SNK - Neo Geo/garou
[libretro INFO] [FBNeo] Using ROM with known crc 0x27664eb5 and name uni-bios_2_3.rom from archive .config/retroarch/roms/SNK - Neo Geo/garou
[libretro INFO] [FBNeo] Using ROM with known crc 0x601720ae and name uni-bios_2_3o.rom from archive .config/retroarch/roms/SNK - Neo Geo/garou
[libretro INFO] [FBNeo] Using ROM with known crc 0x2d50996a and name uni-bios_2_2.rom from archive .config/retroarch/roms/SNK - Neo Geo/garou
[libretro INFO] [FBNeo] Using ROM with known crc 0x8dabf76b and name uni-bios_2_1.rom from archive .config/retroarch/roms/SNK - Neo Geo/garou
[libretro INFO] [FBNeo] Using ROM with known crc 0x0c12c2ad and name uni-bios_2_0.rom from archive .config/retroarch/roms/SNK - Neo Geo/garou
[libretro INFO] [FBNeo] Using ROM with known crc 0xb24b44a0 and name uni-bios_1_3.rom from archive .config/retroarch/roms/SNK - Neo Geo/garou
[libretro INFO] [FBNeo] Using ROM with known crc 0x4fa698e9 and name uni-bios_1_2.rom from archive .config/retroarch/roms/SNK - Neo Geo/garou
[libretro INFO] [FBNeo] Using ROM with known crc 0xe19d3ce9 and name uni-bios_1_2o.rom from archive .config/retroarch/roms/SNK - Neo Geo/garou
[libretro INFO] [FBNeo] Using ROM with known crc 0x5dda0d84 and name uni-bios_1_1.rom from archive .config/retroarch/roms/SNK - Neo Geo/garou
[libretro INFO] [FBNeo] Using ROM with known crc 0x0ce453a0 and name uni-bios_1_0.rom from archive .config/retroarch/roms/SNK - Neo Geo/garou
[libretro INFO] [FBNeo] Using ROM with known crc 0x94416d67 and name sm1.sm1 from archive .config/retroarch/roms/SNK - Neo Geo/garou
[libretro INFO] [FBNeo] Using ROM with known crc 0xc2ea0cfd and name sfix.sfix from archive .config/retroarch/roms/SNK - Neo Geo/garou
[libretro INFO] [FBNeo] Using ROM with known crc 0x5a86cff2 and name 000-lo.lo from archive .config/retroarch/roms/SNK - Neo Geo/garou
[libretro INFO] [FBNeo] Using ROM with known crc 0x16d0c132 and name neo-po.bin from archive /home/willian/.config/retroarch/system/neogeo
[libretro INFO] [FBNeo] Using ROM with known crc 0xd27a71f1 and name neo-epo.bin from archive /home/willian/.config/retroarch/system/neogeo
[libretro INFO] [FBNeo] Using ROM with known crc 0x698ebb7d and name neodebug.bin from archive /home/willian/.config/retroarch/system/neogeo
[libretro INFO] [FBNeo] Using ROM with known crc 0xcb915e76 and name neopen.sp1 from archive /home/willian/.config/retroarch/system/neogeo
[libretro INFO] Found this bios for requested mode => NeoSystem: 0x10 (neo-epo.bin [0xd27a71f1] (AES Asia)).
[libretro INFO] [FBNeo] No missing files, proceeding
[libretro INFO] [FBNeo] Samplerate set to 48000
[libretro INFO] [FBNeo] Applied dipswitches from core options
[libretro INFO] Found this bios for requested mode => NeoSystem: 0x90 (neo-epo.bin [0xd27a71f1] (AES Asia)).
[libretro INFO] [FBNeo] Initialized driver for garou
[libretro INFO] [FBNeo] Adjusted audio buffer to match driver's refresh rate (59.180000 Hz)
[libretro INFO] [Cheevos] System RAM set to 0x5603483070b0, size is 65536
[INFO] [Environ]: SET_ROTATION: 0
[INFO] [Environ]: SET_PIXEL_FORMAT: XRGB8888.
[libretro INFO] [FBNeo] Driver garou was successfully started : game's full name is Garou - Mark of the Wolves (NGM-2530)
[INFO] [Replay]: Found last replay slot: #0
[INFO] [SRAM]: Ignorando carregamento da SRAM.
[INFO] [Core]: Versão da API libretro: 1, Compilado contra a API: 1
[libretro INFO] [FBNeo] Timing set to 59.180000 Hz
[INFO] [Core]: Geometry: 320x224, Aspect: 1.333, FPS: 59.18, Sample rate: 47994.98 Hz.
[INFO] [Audio]: Set audio input rate to: 48660.00 Hz.
[INFO] [Video]: Set video size to: 3840x2160.
[ERROR] [Wayland]: Failed to connect to Wayland server.
[INFO] [Vulkan]: Vulkan dynamic library loaded.
[INFO] [Vulkan]: Found vulkan context: "vk_x".
[INFO] [Vulkan]: Detecting screen resolution: 3840x2160.
[INFO] [XINERAMA]: Xinerama version: 1.1.
[INFO] [XINERAMA]: Xinerama screens: 1.
[INFO] [X/Vulkan]: Using Xinerama on screen #0.
[INFO] [X/Vulkan]: X = 0, Y = 0, W = 3840, H = 2160.
[INFO] [X/Vulkan]: Requesting compositor bypass.
[INFO] [X/Vulkan]: Using windowed fullscreen.
[INFO] [Vulkan]: Found GPU at index 0: "NVIDIA GeForce RTX 2060".
[INFO] [Vulkan]: Using GPU index 0.
[INFO] [Vulkan]: Using fences for WSI acquire.
[INFO] [Vulkan]: Using GPU: "NVIDIA GeForce RTX 2060".
[INFO] [Vulkan]: Queue family 0 supports 16 sub-queues.
[INFO] [Vulkan]: Got 2 swapchain images.
[INFO] [Vulkan]: Using resolution 3840x2160.
[INFO] [Vulkan]: Using BGRA8888 format.
[INFO] [Shaders]: Specific shader preset found at "/home/willian/.config/retroarch/config/global.slangp".
[INFO] [slang]: Compiling shader: "/home/willian/.config/retroarch/shaders/shaders_slang/bezel/Mega_Bezel/shaders/base/add-params-all.slang".
[INFO] [slang]: Using render target format R8G8B8A8_UNORM for pass output #0.
[INFO] [slang]: Compiling shader: "/home/willian/.config/retroarch/shaders/shaders_slang/bezel/Mega_Bezel/shaders/base/stock.slang".
[INFO] [slang]: Using render target format R8G8B8A8_SRGB for pass output #1.
[INFO] [slang]: Compiling shader: "/home/willian/.config/retroarch/shaders/shaders_slang/bezel/Mega_Bezel/shaders/base/add-negative-crop-area.slang".
[INFO] [slang]: Using render target format R8G8B8A8_SRGB for pass output #2.
[INFO] [slang]: Compiling shader: "/home/willian/.config/retroarch/shaders/shaders_slang/bezel/Mega_Bezel/shaders/base/cache-info-all-params.slang".
[INFO] [slang]: Using render target format R32G32B32A32_SFLOAT for pass output #3.
[INFO] [slang]: Compiling shader: "/home/willian/.config/retroarch/shaders/shaders_slang/bezel/Mega_Bezel/shaders/base/text-adv.slang".
[INFO] [slang]: Using render target format R16G16B16A16_SFLOAT for pass output #4.
[INFO] [slang]: Compiling shader: "/home/willian/.config/retroarch/shaders/shaders_slang/bezel/Mega_Bezel/shaders/base/intro.slang".
[INFO] [slang]: Using render target format R16G16B16A16_SFLOAT for pass output #5.
[INFO] [slang]: Compiling shader: "/home/willian/.config/retroarch/shaders/shaders_slang/bezel/Mega_Bezel/shaders/dedither/dedither-gamma-prep-1-before.slang".
[INFO] [slang]: Using render target format R8G8B8A8_UNORM for pass output #6.
[INFO] [slang]: Compiling shader: "/home/willian/.config/retroarch/shaders/shaders_slang/bezel/Mega_Bezel/shaders/hyllian/sgenpt-mix/sgenpt-mix-pass1.slang".
[INFO] [slang]: Using render target format R8G8B8A8_UNORM for pass output #7.
[INFO] [slang]: Compiling shader: "/home/willian/.config/retroarch/shaders/shaders_slang/bezel/Mega_Bezel/shaders/hyllian/sgenpt-mix/sgenpt-mix-pass2.slang".
[INFO] [slang]: Using render target format R8G8B8A8_UNORM for pass output #8.
[INFO] [slang]: Compiling shader: "/home/willian/.config/retroarch/shaders/shaders_slang/bezel/Mega_Bezel/shaders/hyllian/sgenpt-mix/sgenpt-mix-pass3.slang".
[INFO] [slang]: Using render target format R8G8B8A8_UNORM for pass output #9.
[INFO] [slang]: Compiling shader: "/home/willian/.config/retroarch/shaders/shaders_slang/bezel/Mega_Bezel/shaders/hyllian/sgenpt-mix/sgenpt-mix-pass4.slang".
[INFO] [slang]: Using render target format R8G8B8A8_UNORM for pass output #10.
[INFO] [slang]: Compiling shader: "/home/willian/.config/retroarch/shaders/shaders_slang/bezel/Mega_Bezel/shaders/hyllian/sgenpt-mix/sgenpt-mix-pass5.slang".
[INFO] [slang]: Using render target format R8G8B8A8_UNORM for pass output #11.
[INFO] [slang]: Compiling shader: "/home/willian/.config/retroarch/shaders/shaders_slang/bezel/Mega_Bezel/shaders/dedither/dedither-gamma-prep-2-after.slang".
[INFO] [slang]: Using render target format R8G8B8A8_UNORM for pass output #12.
[INFO] [slang]: Compiling shader: "/home/willian/.config/retroarch/shaders/shaders_slang/bezel/Mega_Bezel/shaders/ps1dither/hsm-PS1-Undither-BoxBlur.slang".
[INFO] [slang]: Using render target format R8G8B8A8_UNORM for pass output #13.
[INFO] [slang]: Compiling shader: "/home/willian/.config/retroarch/shaders/shaders_slang/bezel/Mega_Bezel/shaders/guest/extras/hsm-g-sharp_resampler.slang".
[INFO] [slang]: Using render target format R8G8B8A8_UNORM for pass output #14.
[INFO] [slang]: Compiling shader: "/home/willian/.config/retroarch/shaders/shaders_slang/bezel/Mega_Bezel/shaders/guest/extras/hsm-sharpsmoother.slang".
[INFO] [slang]: Using render target format R8G8B8A8_UNORM for pass output #15.
[INFO] [slang]: Compiling shader: "/home/willian/.config/retroarch/shaders/shaders_slang/bezel/Mega_Bezel/shaders/gtu/hsm-gtu-pass1.slang".
[INFO] [slang]: Using render target format R16G16B16A16_SFLOAT for pass output #16.
[INFO] [slang]: Compiling shader: "/home/willian/.config/retroarch/shaders/shaders_slang/bezel/Mega_Bezel/shaders/gtu/hsm-gtu-pass2.slang".
[INFO] [slang]: Using render target format R16G16B16A16_SFLOAT for pass output #17.
[INFO] [slang]: Compiling shader: "/home/willian/.config/retroarch/shaders/shaders_slang/bezel/Mega_Bezel/shaders/base/stock.slang".
[INFO] [slang]: Using render target format R8G8B8A8_UNORM for pass output #18.
[INFO] [slang]: Compiling shader: "/home/willian/.config/retroarch/shaders/shaders_slang/bezel/Mega_Bezel/shaders/guest/hsm-afterglow0.slang".
[INFO] [slang]: Using render target format R8G8B8A8_UNORM for pass output #19.
[INFO] [slang]: Compiling shader: "/home/willian/.config/retroarch/shaders/shaders_slang/bezel/Mega_Bezel/shaders/guest/hsm-pre-shaders-afterglow.slang".
[INFO] [slang]: Using render target format R8G8B8A8_UNORM for pass output #20.
[INFO] [slang]: Compiling shader: "/home/willian/.config/retroarch/shaders/shaders_slang/bezel/Mega_Bezel/shaders/dogway/hsm-grade.slang".
[INFO] [slang]: Using render target format R8G8B8A8_UNORM for pass output #21.
[INFO] [slang]: Compiling shader: "/home/willian/.config/retroarch/shaders/shaders_slang/bezel/Mega_Bezel/shaders/guest/hsm-custom-fast-sharpen.slang".
[INFO] [slang]: Using render target format R8G8B8A8_UNORM for pass output #22.
[INFO] [slang]: Compiling shader: "/home/willian/.config/retroarch/shaders/shaders_slang/bezel/Mega_Bezel/shaders/base/stock.slang".
[INFO] [slang]: Using render target format R8G8B8A8_UNORM for pass output #23.
[INFO] [slang]: Compiling shader: "/home/willian/.config/retroarch/shaders/shaders_slang/bezel/Mega_Bezel/shaders/guest/hsm-avg-lum.slang".
[INFO] [slang]: Using render target format R8G8B8A8_UNORM for pass output #24.
[INFO] [slang]: Compiling shader: "/home/willian/.config/retroarch/shaders/shaders_slang/bezel/Mega_Bezel/shaders/guest/hsm-interlace-and-linearize.slang".
[INFO] [slang]: Using render target format R16G16B16A16_SFLOAT for pass output #25.
[INFO] [slang]: Compiling shader: "/home/willian/.config/retroarch/shaders/shaders_slang/bezel/Mega_Bezel/shaders/guest/hsm-gaussian_horizontal.slang".
[INFO] [slang]: Using render target format R16G16B16A16_SFLOAT for pass output #26.
[INFO] [slang]: Compiling shader: "/home/willian/.config/retroarch/shaders/shaders_slang/bezel/Mega_Bezel/shaders/guest/hsm-gaussian_vertical.slang".
[INFO] [slang]: Using render target format R16G16B16A16_SFLOAT for pass output #27.
[INFO] [slang]: Compiling shader: "/home/willian/.config/retroarch/shaders/shaders_slang/bezel/Mega_Bezel/shaders/guest/hsm-bloom_horizontal.slang".
[INFO] [slang]: Using render target format R16G16B16A16_SFLOAT for pass output #28.
[INFO] [slang]: Compiling shader: "/home/willian/.config/retroarch/shaders/shaders_slang/bezel/Mega_Bezel/shaders/guest/hsm-bloom_vertical.slang".
[INFO] [slang]: Using render target format R16G16B16A16_SFLOAT for pass output #29.
[INFO] [slang]: Compiling shader: "/home/willian/.config/retroarch/shaders/shaders_slang/bezel/Mega_Bezel/shaders/guest/hsm-crt-guest-advanced.slang".
[INFO] [slang]: Using render target format R16G16B16A16_SFLOAT for pass output #30.
[INFO] [slang]: Compiling shader: "/home/willian/.config/retroarch/shaders/shaders_slang/bezel/Mega_Bezel/shaders/guest/hsm-deconvergence.slang".
[INFO] [slang]: Using render target format R16G16B16A16_SFLOAT for pass output #31.
[INFO] [slang]: Compiling shader: "/home/willian/.config/retroarch/shaders/shaders_slang/bezel/Mega_Bezel/shaders/base/post-crt-prep-image-layers.slang".
[INFO] [slang]: Using render target format R16G16B16A16_SFLOAT for pass output #32.
[INFO] [slang]: Compiling shader: "/home/willian/.config/retroarch/shaders/shaders_slang/bezel/Mega_Bezel/shaders/base/bezel-images-under-crt.slang".
[INFO] [slang]: Using render target format R16G16B16A16_SFLOAT for pass output #33.
[INFO] [slang]: Compiling shader: "/home/willian/.config/retroarch/shaders/shaders_slang/bezel/Mega_Bezel/shaders/base/bezel-images-over-crt.slang".
[INFO] [slang]: Using render target format R16G16B16A16_SFLOAT for pass output #34.
[INFO] [slang]: Compiling shader: "/home/willian/.config/retroarch/shaders/shaders_slang/bezel/Mega_Bezel/shaders/base/linearize-crt.slang".
[INFO] [slang]: Using render target format R16G16B16A16_SFLOAT for pass output #35.
[INFO] [slang]: Compiling shader: "/home/willian/.config/retroarch/shaders/shaders_slang/bezel/Mega_Bezel/shaders/base/blur-outside-screen-horiz.slang".
[INFO] [slang]: Using render target format R8G8B8A8_UNORM for pass output #36.
[INFO] [slang]: Compiling shader: "/home/willian/.config/retroarch/shaders/shaders_slang/bezel/Mega_Bezel/shaders/base/blur-outside-screen-vert.slang".
[INFO] [slang]: Using render target format R8G8B8A8_UNORM for pass output #37.
[INFO] [slang]: Compiling shader: "/home/willian/.config/retroarch/shaders/shaders_slang/blurs/shaders/royale/blur9x9.slang".
[INFO] [slang]: Using render target format R16G16B16A16_SFLOAT for pass output #38.
[INFO] [slang]: Compiling shader: "/home/willian/.config/retroarch/shaders/shaders_slang/blurs/shaders/royale/blur9x9.slang".
[INFO] [slang]: Using render target format R16G16B16A16_SFLOAT for pass output #39.
[INFO] [slang]: Compiling shader: "/home/willian/.config/retroarch/shaders/shaders_slang/bezel/Mega_Bezel/shaders/base/reflection.slang".
[INFO] [slang]: Using render target format R16G16B16A16_SFLOAT for pass output #40.
[INFO] [slang]: Compiling shader: "/home/willian/.config/retroarch/shaders/shaders_slang/bezel/Mega_Bezel/shaders/base/combine-passes.slang".
[INFO] [slang]: Using render target format R8G8B8A8_UNORM for pass output #41.
[INFO] [Vulkan filter chain]: Creating framebuffer 512x512 (max 1 level(s)).
[INFO] [Vulkan filter chain]: Creating framebuffer 512x512 (max 1 level(s)).
[INFO] [Vulkan filter chain]: Creating framebuffer 512x512 (max 1 level(s)).
[INFO] [Vulkan filter chain]: Creating framebuffer 512x512 (max 1 level(s)).
[INFO] [Vulkan filter chain]: Creating framebuffer 512x512 (max 1 level(s)).
[INFO] [Vulkan filter chain]: Creating framebuffer 512x512 (max 1 level(s)).
[INFO] [Vulkan filter chain]: Creating framebuffer 512x512 (max 1 level(s)).
[INFO] [Vulkan filter chain]: Creating framebuffer 512x512 (max 1 level(s)).
[INFO] [Vulkan filter chain]: Creating framebuffer 512x512 (max 1 level(s)).
[INFO] [Vulkan filter chain]: Creating framebuffer 512x512 (max 1 level(s)).
[INFO] [Vulkan filter chain]: Creating framebuffer 512x512 (max 1 level(s)).
[INFO] [Vulkan filter chain]: Creating framebuffer 512x512 (max 1 level(s)).
[INFO] [Vulkan filter chain]: Creating framebuffer 512x512 (max 1 level(s)).
[INFO] [Vulkan filter chain]: Creating framebuffer 512x512 (max 1 level(s)).
[INFO] [Vulkan filter chain]: Creating framebuffer 512x512 (max 1 level(s)).
[INFO] [Vulkan filter chain]: Creating framebuffer 512x512 (max 1 level(s)).
[INFO] [Vulkan filter chain]: Creating framebuffer 512x512 (max 1 level(s)).
[INFO] [Vulkan filter chain]: Creating framebuffer 512x512 (max 1 level(s)).
[INFO] [Vulkan filter chain]: Creating framebuffer 512x512 (max 1 level(s)).
[INFO] [Vulkan filter chain]: Creating framebuffer 512x512 (max 4294967295 level(s)).
[INFO] [Vulkan filter chain]: Creating framebuffer 512x512 (max 1 level(s)).
[INFO] [Vulkan filter chain]: Creating framebuffer 512x512 (max 1 level(s)).
[INFO] [Vulkan filter chain]: Creating framebuffer 512x512 (max 4294967295 level(s)).
[INFO] [Vulkan filter chain]: Creating framebuffer 512x512 (max 4294967295 level(s)).
[INFO] [Vulkan filter chain]: Creating framebuffer 512x512 (max 1 level(s)).
[INFO] [Vulkan filter chain]: Creating framebuffer 512x512 (max 1 level(s)).
[INFO] [Vulkan filter chain]: Creating framebuffer 800x512 (max 1 level(s)).
[INFO] [Vulkan filter chain]: Creating framebuffer 800x600 (max 1 level(s)).
[INFO] [Vulkan filter chain]: Creating framebuffer 800x600 (max 1 level(s)).
[INFO] [Vulkan filter chain]: Creating framebuffer 800x600 (max 1 level(s)).
[INFO] [Vulkan filter chain]: Creating framebuffer 3840x2160 (max 1 level(s)).
[INFO] [Vulkan filter chain]: Creating framebuffer 3840x2160 (max 4294967295 level(s)).
[INFO] [Vulkan filter chain]: Creating framebuffer 3840x2160 (max 1 level(s)).
[INFO] [Vulkan filter chain]: Creating framebuffer 3840x2160 (max 1 level(s)).
[INFO] [Vulkan filter chain]: Creating framebuffer 3840x2160 (max 4294967295 level(s)).
[INFO] [Vulkan filter chain]: Creating framebuffer 800x600 (max 4294967295 level(s)).
[INFO] [Vulkan filter chain]: Creating framebuffer 800x600 (max 1 level(s)).
[INFO] [Vulkan filter chain]: Creating framebuffer 800x600 (max 4294967295 level(s)).
[INFO] [Vulkan filter chain]: Creating framebuffer 128x128 (max 4294967295 level(s)).
[INFO] [Vulkan filter chain]: Creating framebuffer 12x12 (max 1 level(s)).
[INFO] [Vulkan filter chain]: Creating framebuffer 3840x2160 (max 1 level(s)).
[INFO] [Vulkan filter chain]: Creating framebuffer 3840x2160 (max 1 level(s)).
[INFO] [Vulkan filter chain]: Creating framebuffer 512x512 (max 1 level(s)).
[INFO] [Vulkan filter chain]: Creating framebuffer 512x512 (max 1 level(s)).
[INFO] [Vulkan filter chain]: Creating framebuffer 512x512 (max 1 level(s)).
[INFO] [Vulkan filter chain]: Creating framebuffer 512x512 (max 1 level(s)).
[INFO] [Vulkan filter chain]: Using framebuffer feedback for pass #3.
[INFO] [Vulkan filter chain]: Creating framebuffer 512x512 (max 1 level(s)).
[INFO] [Vulkan filter chain]: Using framebuffer feedback for pass #4.
[INFO] [Vulkan filter chain]: Creating framebuffer 512x512 (max 4294967295 level(s)).
[INFO] [Vulkan filter chain]: Using framebuffer feedback for pass #19.
[INFO] [Vulkan filter chain]: Creating framebuffer 512x512 (max 1 level(s)).
[INFO] [Vulkan filter chain]: Using framebuffer feedback for pass #24.
[INFO] [Vulkan filter chain]: Creating framebuffer 3840x2160 (max 1 level(s)).
[INFO] [Vulkan filter chain]: Using framebuffer feedback for pass #32.
[INFO] [Vulkan filter chain]: Creating framebuffer 3840x2160 (max 1 level(s)).
[INFO] [Vulkan filter chain]: Using framebuffer feedback for pass #33.
[INFO] [Vulkan filter chain]: Creating framebuffer 3840x2160 (max 4294967295 level(s)).
[INFO] [Vulkan filter chain]: Using framebuffer feedback for pass #34.
[INFO] [Vulkan filter chain]: Creating framebuffer 3840x2160 (max 1 level(s)).
[INFO] [Vulkan filter chain]: Using framebuffer feedback for pass #40.
[INFO] [Vulkan filter chain]: Creating framebuffer 3840x2160 (max 1 level(s)).
[INFO] [Vulkan filter chain]: Using framebuffer feedback for pass #41.
[INFO] [udev]: Pad #0 (/dev/input/event5) supports force feedback.
[INFO] [udev]: Pad #0 (/dev/input/event5) supports 16 force feedback effects.
[INFO] [Joypad]: Found joypad driver: "udev".
[INFO] [DBus]: Suspended screensaver via DBus.
[INFO] [Video]: Found display server: "x11".
[INFO] [PulseAudio]: Requested 24576 bytes buffer, got 18432.
[INFO] [Audio]: Started synchronous audio driver.
[INFO] [ALSA] Using ALSA version 1.2.10
[INFO] [Microphone]: Initialized microphone driver.
[INFO] [Display]: Found display driver: "vulkan".
[INFO] [Environ]: SET_SUBSYSTEM_INFO.
[libretro INFO] [FBNeo] Unknown device type for port 0, forcing "Classic" instead
[libretro INFO] [FBNeo] Unknown device type for port 1, forcing "Classic" instead
[INFO] [Playlist]: Carregando o arquivo de favoritos: "/home/willian/.config/retroarch/content_favorites.lpl".
[INFO] [Vulkan filter chain]: Creating framebuffer 512x512 (max 1 level(s)).
[INFO] [Vulkan filter chain]: Creating framebuffer 512x512 (max 1 level(s)).
[INFO] [Vulkan filter chain]: Creating framebuffer 512x512 (max 1 level(s)).
[INFO] [Vulkan filter chain]: Creating framebuffer 512x512 (max 1 level(s)).
[INFO] [Vulkan filter chain]: Creating framebuffer 512x512 (max 1 level(s)).
[INFO] [Vulkan filter chain]: Creating framebuffer 512x512 (max 1 level(s)).
[INFO] [Vulkan filter chain]: Creating framebuffer 512x512 (max 1 level(s)).
[INFO] [Vulkan filter chain]: Creating framebuffer 512x512 (max 1 level(s)).
[INFO] [Vulkan filter chain]: Creating framebuffer 512x512 (max 1 level(s)).
[INFO] [Vulkan filter chain]: Creating framebuffer 512x512 (max 1 level(s)).
[INFO] [Vulkan filter chain]: Creating framebuffer 512x512 (max 1 level(s)).
[INFO] [Vulkan filter chain]: Creating framebuffer 512x512 (max 1 level(s)).
[INFO] [Vulkan filter chain]: Creating framebuffer 512x512 (max 1 level(s)).
[INFO] [Vulkan filter chain]: Creating framebuffer 512x512 (max 1 level(s)).
[INFO] [Vulkan filter chain]: Creating framebuffer 512x512 (max 1 level(s)).
[INFO] [Vulkan filter chain]: Creating framebuffer 512x512 (max 1 level(s)).
[INFO] [Vulkan filter chain]: Creating framebuffer 512x512 (max 1 level(s)).
[INFO] [Vulkan filter chain]: Creating framebuffer 512x512 (max 1 level(s)).
[INFO] [Vulkan filter chain]: Creating framebuffer 512x512 (max 1 level(s)).
[INFO] [Vulkan filter chain]: Creating framebuffer 512x512 (max 4294967295 level(s)).
[INFO] [Vulkan filter chain]: Creating framebuffer 512x512 (max 1 level(s)).
[INFO] [Vulkan filter chain]: Creating framebuffer 512x512 (max 1 level(s)).
[INFO] [Vulkan filter chain]: Creating framebuffer 512x512 (max 4294967295 level(s)).
[INFO] [Vulkan filter chain]: Creating framebuffer 512x512 (max 4294967295 level(s)).
[INFO] [Vulkan filter chain]: Creating framebuffer 512x512 (max 1 level(s)).
[INFO] [Vulkan filter chain]: Creating framebuffer 512x512 (max 1 level(s)).
[INFO] [Vulkan filter chain]: Creating framebuffer 800x512 (max 1 level(s)).
[INFO] [Vulkan filter chain]: Creating framebuffer 800x600 (max 1 level(s)).
[INFO] [Vulkan filter chain]: Creating framebuffer 800x600 (max 1 level(s)).
[INFO] [Vulkan filter chain]: Creating framebuffer 800x600 (max 1 level(s)).
[INFO] [Vulkan filter chain]: Creating framebuffer 3840x2160 (max 1 level(s)).
[INFO] [Vulkan filter chain]: Creating framebuffer 3840x2160 (max 4294967295 level(s)).
[INFO] [Vulkan filter chain]: Creating framebuffer 3840x2160 (max 1 level(s)).
[INFO] [Vulkan filter chain]: Creating framebuffer 3840x2160 (max 1 level(s)).
[INFO] [Vulkan filter chain]: Creating framebuffer 3840x2160 (max 4294967295 level(s)).
[INFO] [Vulkan filter chain]: Creating framebuffer 800x600 (max 4294967295 level(s)).
[INFO] [Vulkan filter chain]: Creating framebuffer 800x600 (max 1 level(s)).
[INFO] [Vulkan filter chain]: Creating framebuffer 800x600 (max 4294967295 level(s)).
[INFO] [Vulkan filter chain]: Creating framebuffer 128x128 (max 4294967295 level(s)).
[INFO] [Vulkan filter chain]: Creating framebuffer 12x12 (max 1 level(s)).
[INFO] [Vulkan filter chain]: Creating framebuffer 3840x2160 (max 1 level(s)).
[INFO] [Vulkan filter chain]: Creating framebuffer 3840x2160 (max 1 level(s)).
[INFO] [Vulkan filter chain]: Creating framebuffer 512x512 (max 1 level(s)).
[INFO] [Vulkan filter chain]: Creating framebuffer 512x512 (max 1 level(s)).
[INFO] [Vulkan filter chain]: Creating framebuffer 512x512 (max 1 level(s)).
[INFO] [Vulkan filter chain]: Creating framebuffer 512x512 (max 1 level(s)).
[INFO] [Vulkan filter chain]: Using framebuffer feedback for pass #3.
[INFO] [Vulkan filter chain]: Creating framebuffer 512x512 (max 1 level(s)).
[INFO] [Vulkan filter chain]: Using framebuffer feedback for pass #4.
[INFO] [Vulkan filter chain]: Creating framebuffer 512x512 (max 4294967295 level(s)).
[INFO] [Vulkan filter chain]: Using framebuffer feedback for pass #19.
[INFO] [Vulkan filter chain]: Creating framebuffer 512x512 (max 1 level(s)).
[INFO] [Vulkan filter chain]: Using framebuffer feedback for pass #24.
[INFO] [Vulkan filter chain]: Creating framebuffer 3840x2160 (max 1 level(s)).
[INFO] [Vulkan filter chain]: Using framebuffer feedback for pass #32.
[INFO] [Vulkan filter chain]: Creating framebuffer 3840x2160 (max 1 level(s)).
[INFO] [Vulkan filter chain]: Using framebuffer feedback for pass #33.
[INFO] [Vulkan filter chain]: Creating framebuffer 3840x2160 (max 4294967295 level(s)).
[INFO] [Vulkan filter chain]: Using framebuffer feedback for pass #34.
[INFO] [Vulkan filter chain]: Creating framebuffer 3840x2160 (max 1 level(s)).
[INFO] [Vulkan filter chain]: Using framebuffer feedback for pass #40.
[INFO] [Vulkan filter chain]: Creating framebuffer 3840x2160 (max 1 level(s)).
[INFO] [Vulkan filter chain]: Using framebuffer feedback for pass #41.
[INFO] [Environ]: SET_INPUT_DESCRIPTORS:
[INFO] [X/Vulkan]: Resized fullscreen resolution to 3840x2160.
[INFO] [Vulkan filter chain]: Creating framebuffer 512x512 (max 1 level(s)).
[INFO] [Vulkan filter chain]: Creating framebuffer 512x512 (max 1 level(s)).
[INFO] [Vulkan filter chain]: Creating framebuffer 512x512 (max 1 level(s)).
[INFO] [Vulkan filter chain]: Creating framebuffer 512x512 (max 1 level(s)).
[INFO] [Vulkan filter chain]: Creating framebuffer 512x512 (max 1 level(s)).
[INFO] [Vulkan filter chain]: Creating framebuffer 512x512 (max 1 level(s)).
[INFO] [Vulkan filter chain]: Creating framebuffer 512x512 (max 1 level(s)).
[INFO] [Vulkan filter chain]: Creating framebuffer 512x512 (max 1 level(s)).
[INFO] [Vulkan filter chain]: Creating framebuffer 512x512 (max 1 level(s)).
[INFO] [Vulkan filter chain]: Creating framebuffer 512x512 (max 1 level(s)).
[INFO] [Vulkan filter chain]: Creating framebuffer 512x512 (max 1 level(s)).
[INFO] [Vulkan filter chain]: Creating framebuffer 512x512 (max 1 level(s)).
[INFO] [Vulkan filter chain]: Creating framebuffer 512x512 (max 1 level(s)).
[INFO] [Vulkan filter chain]: Creating framebuffer 512x512 (max 1 level(s)).
[INFO] [Vulkan filter chain]: Creating framebuffer 512x512 (max 1 level(s)).
[INFO] [Vulkan filter chain]: Creating framebuffer 512x512 (max 1 level(s)).
[INFO] [Vulkan filter chain]: Creating framebuffer 512x512 (max 1 level(s)).
[INFO] [Vulkan filter chain]: Creating framebuffer 512x512 (max 1 level(s)).
[INFO] [Vulkan filter chain]: Creating framebuffer 512x512 (max 1 level(s)).
[INFO] [Vulkan filter chain]: Creating framebuffer 512x512 (max 4294967295 level(s)).
[INFO] [Vulkan filter chain]: Creating framebuffer 512x512 (max 1 level(s)).
[INFO] [Vulkan filter chain]: Creating framebuffer 512x512 (max 1 level(s)).
[INFO] [Vulkan filter chain]: Creating framebuffer 512x512 (max 4294967295 level(s)).
[INFO] [Vulkan filter chain]: Creating framebuffer 512x512 (max 4294967295 level(s)).
[INFO] [Vulkan filter chain]: Creating framebuffer 512x512 (max 1 level(s)).
[INFO] [Vulkan filter chain]: Creating framebuffer 512x512 (max 1 level(s)).
[INFO] [Vulkan filter chain]: Creating framebuffer 800x512 (max 1 level(s)).
[INFO] [Vulkan filter chain]: Creating framebuffer 800x600 (max 1 level(s)).
[INFO] [Vulkan filter chain]: Creating framebuffer 800x600 (max 1 level(s)).
[INFO] [Vulkan filter chain]: Creating framebuffer 800x600 (max 1 level(s)).
[INFO] [Vulkan filter chain]: Creating framebuffer 3840x2160 (max 1 level(s)).
[INFO] [Vulkan filter chain]: Creating framebuffer 3840x2160 (max 4294967295 level(s)).
[INFO] [Vulkan filter chain]: Creating framebuffer 3840x2160 (max 1 level(s)).
[INFO] [Vulkan filter chain]: Creating framebuffer 3840x2160 (max 1 level(s)).
[INFO] [Vulkan filter chain]: Creating framebuffer 3840x2160 (max 4294967295 level(s)).
[INFO] [Vulkan filter chain]: Creating framebuffer 800x600 (max 4294967295 level(s)).
[INFO] [Vulkan filter chain]: Creating framebuffer 800x600 (max 1 level(s)).
[INFO] [Vulkan filter chain]: Creating framebuffer 800x600 (max 4294967295 level(s)).
[INFO] [Vulkan filter chain]: Creating framebuffer 128x128 (max 4294967295 level(s)).
[INFO] [Vulkan filter chain]: Creating framebuffer 12x12 (max 1 level(s)).
[INFO] [Vulkan filter chain]: Creating framebuffer 3840x2160 (max 1 level(s)).
[INFO] [Vulkan filter chain]: Creating framebuffer 3840x2160 (max 1 level(s)).
[INFO] [Vulkan filter chain]: Creating framebuffer 512x512 (max 1 level(s)).
[INFO] [Vulkan filter chain]: Creating framebuffer 512x512 (max 1 level(s)).
[INFO] [Vulkan filter chain]: Creating framebuffer 512x512 (max 1 level(s)).
[INFO] [Vulkan filter chain]: Creating framebuffer 512x512 (max 1 level(s)).
[INFO] [Vulkan filter chain]: Using framebuffer feedback for pass #3.
[INFO] [Vulkan filter chain]: Creating framebuffer 512x512 (max 1 level(s)).
[INFO] [Vulkan filter chain]: Using framebuffer feedback for pass #4.
[INFO] [Vulkan filter chain]: Creating framebuffer 512x512 (max 4294967295 level(s)).
[INFO] [Vulkan filter chain]: Using framebuffer feedback for pass #19.
[INFO] [Vulkan filter chain]: Creating framebuffer 512x512 (max 1 level(s)).
[INFO] [Vulkan filter chain]: Using framebuffer feedback for pass #24.
[INFO] [Vulkan filter chain]: Creating framebuffer 3840x2160 (max 1 level(s)).
[INFO] [Vulkan filter chain]: Using framebuffer feedback for pass #32.
[INFO] [Vulkan filter chain]: Creating framebuffer 3840x2160 (max 1 level(s)).
[INFO] [Vulkan filter chain]: Using framebuffer feedback for pass #33.
[INFO] [Vulkan filter chain]: Creating framebuffer 3840x2160 (max 4294967295 level(s)).
[INFO] [Vulkan filter chain]: Using framebuffer feedback for pass #34.
[INFO] [Vulkan filter chain]: Creating framebuffer 3840x2160 (max 1 level(s)).
[INFO] [Vulkan filter chain]: Using framebuffer feedback for pass #40.
[INFO] [Vulkan filter chain]: Creating framebuffer 3840x2160 (max 1 level(s)).
[INFO] [Vulkan filter chain]: Using framebuffer feedback for pass #41.
[INFO] [Vulkan filter chain]: Updating framebuffer size 320x224 (format: 37).
[INFO] [Vulkan filter chain]: Updating framebuffer size 320x224 (format: 43).
[INFO] [Vulkan filter chain]: Updating framebuffer size 320x224 (format: 43).
[INFO] [Vulkan filter chain]: Updating framebuffer size 320x224 (format: 109).
[INFO] [Vulkan filter chain]: Updating framebuffer size 320x224 (format: 97).
[INFO] [Vulkan filter chain]: Updating framebuffer size 320x224 (format: 97).
[INFO] [Vulkan filter chain]: Updating framebuffer size 320x224 (format: 37).
[INFO] [Vulkan filter chain]: Updating framebuffer size 320x224 (format: 37).
[INFO] [Vulkan filter chain]: Updating framebuffer size 320x224 (format: 37).
[INFO] [Vulkan filter chain]: Updating framebuffer size 320x224 (format: 37).
[INFO] [Vulkan filter chain]: Updating framebuffer size 320x224 (format: 37).
[INFO] [Vulkan filter chain]: Updating framebuffer size 320x224 (format: 37).
[INFO] [Vulkan filter chain]: Updating framebuffer size 320x224 (format: 37).
[INFO] [Vulkan filter chain]: Updating framebuffer size 320x224 (format: 37).
[INFO] [Vulkan filter chain]: Updating framebuffer size 320x224 (format: 37).
[INFO] [Vulkan filter chain]: Updating framebuffer size 320x224 (format: 37).
[INFO] [Vulkan filter chain]: Updating framebuffer size 320x224 (format: 97).
[INFO] [Vulkan filter chain]: Updating framebuffer size 320x224 (format: 97).
[INFO] [Vulkan filter chain]: Updating framebuffer size 320x224 (format: 37).
[INFO] [Vulkan filter chain]: Updating framebuffer size 320x224 (format: 37).
[INFO] [Vulkan filter chain]: Updating framebuffer size 320x224 (format: 37).
[INFO] [Vulkan filter chain]: Updating framebuffer size 320x224 (format: 37).
[INFO] [Vulkan filter chain]: Updating framebuffer size 320x224 (format: 37).
[INFO] [Vulkan filter chain]: Updating framebuffer size 320x224 (format: 37).
[INFO] [Vulkan filter chain]: Updating framebuffer size 320x224 (format: 37).
[INFO] [Vulkan filter chain]: Updating framebuffer size 320x224 (format: 97).
[INFO] [Vulkan filter chain]: Updating framebuffer size 800x224 (format: 97).
[INFO] [Vulkan filter chain]: Updating framebuffer size 320x224 (format: 44).
[INFO] [Vulkan filter chain]: Updating framebuffer size 320x224 (format: 109).
[INFO] [Vulkan filter chain]: Updating framebuffer size 320x224 (format: 97).
[INFO] [Vulkan filter chain]: Updating framebuffer size 320x224 (format: 37).
[INFO] [Vulkan filter chain]: Updating framebuffer size 320x224 (format: 37).
[INFO] [Vulkan filter chain]: Updating framebuffer size 320x224 (format: 44).
[INFO] [Vulkan filter chain]: Updating framebuffer size 320x224 (format: 44).
[INFO] [X/Vulkan]: Resized fullscreen resolution to 3840x2160.
[INFO] [Vulkan filter chain]: Creating framebuffer 512x512 (max 1 level(s)).
[INFO] [Vulkan filter chain]: Creating framebuffer 512x512 (max 1 level(s)).
[INFO] [Vulkan filter chain]: Creating framebuffer 512x512 (max 1 level(s)).
[INFO] [Vulkan filter chain]: Creating framebuffer 512x512 (max 1 level(s)).
[INFO] [Vulkan filter chain]: Creating framebuffer 512x512 (max 1 level(s)).
[INFO] [Vulkan filter chain]: Creating framebuffer 512x512 (max 1 level(s)).
[INFO] [Vulkan filter chain]: Creating framebuffer 512x512 (max 1 level(s)).
[INFO] [Vulkan filter chain]: Creating framebuffer 512x512 (max 1 level(s)).
[INFO] [Vulkan filter chain]: Creating framebuffer 512x512 (max 1 level(s)).
[INFO] [Vulkan filter chain]: Creating framebuffer 512x512 (max 1 level(s)).
[INFO] [Vulkan filter chain]: Creating framebuffer 512x512 (max 1 level(s)).
[INFO] [Vulkan filter chain]: Creating framebuffer 512x512 (max 1 level(s)).
[INFO] [Vulkan filter chain]: Creating framebuffer 512x512 (max 1 level(s)).
[INFO] [Vulkan filter chain]: Creating framebuffer 512x512 (max 1 level(s)).
[INFO] [Vulkan filter chain]: Creating framebuffer 512x512 (max 1 level(s)).
[INFO] [Vulkan filter chain]: Creating framebuffer 512x512 (max 1 level(s)).
[INFO] [Vulkan filter chain]: Creating framebuffer 512x512 (max 1 level(s)).
[INFO] [Vulkan filter chain]: Creating framebuffer 512x512 (max 1 level(s)).
[INFO] [Vulkan filter chain]: Creating framebuffer 512x512 (max 1 level(s)).
[INFO] [Vulkan filter chain]: Creating framebuffer 512x512 (max 4294967295 level(s)).
[INFO] [Vulkan filter chain]: Creating framebuffer 512x512 (max 1 level(s)).
[INFO] [Vulkan filter chain]: Creating framebuffer 512x512 (max 1 level(s)).
[INFO] [Vulkan filter chain]: Creating framebuffer 512x512 (max 4294967295 level(s)).
[INFO] [Vulkan filter chain]: Creating framebuffer 512x512 (max 4294967295 level(s)).
[INFO] [Vulkan filter chain]: Creating framebuffer 512x512 (max 1 level(s)).
[INFO] [Vulkan filter chain]: Creating framebuffer 512x512 (max 1 level(s)).
[INFO] [Vulkan filter chain]: Creating framebuffer 800x512 (max 1 level(s)).
[INFO] [Vulkan filter chain]: Creating framebuffer 800x600 (max 1 level(s)).
[INFO] [Vulkan filter chain]: Creating framebuffer 800x600 (max 1 level(s)).
[INFO] [Vulkan filter chain]: Creating framebuffer 800x600 (max 1 level(s)).
[INFO] [Vulkan filter chain]: Creating framebuffer 3840x2160 (max 1 level(s)).
[INFO] [Vulkan filter chain]: Creating framebuffer 3840x2160 (max 4294967295 level(s)).
[INFO] [Vulkan filter chain]: Creating framebuffer 3840x2160 (max 1 level(s)).
[INFO] [Vulkan filter chain]: Creating framebuffer 3840x2160 (max 1 level(s)).
[INFO] [Vulkan filter chain]: Creating framebuffer 3840x2160 (max 4294967295 level(s)).
[INFO] [Vulkan filter chain]: Creating framebuffer 800x600 (max 4294967295 level(s)).
[INFO] [Vulkan filter chain]: Creating framebuffer 800x600 (max 1 level(s)).
[INFO] [Vulkan filter chain]: Creating framebuffer 800x600 (max 4294967295 level(s)).
[INFO] [Vulkan filter chain]: Creating framebuffer 128x128 (max 4294967295 level(s)).
[INFO] [Vulkan filter chain]: Creating framebuffer 12x12 (max 1 level(s)).
[INFO] [Vulkan filter chain]: Creating framebuffer 3840x2160 (max 1 level(s)).
[INFO] [Vulkan filter chain]: Creating framebuffer 3840x2160 (max 1 level(s)).
[INFO] [Vulkan filter chain]: Creating framebuffer 512x512 (max 1 level(s)).
[INFO] [Vulkan filter chain]: Creating framebuffer 512x512 (max 1 level(s)).
[INFO] [Vulkan filter chain]: Creating framebuffer 512x512 (max 1 level(s)).
[INFO] [Vulkan filter chain]: Creating framebuffer 512x512 (max 1 level(s)).
[INFO] [Vulkan filter chain]: Using framebuffer feedback for pass #3.
[INFO] [Vulkan filter chain]: Creating framebuffer 512x512 (max 1 level(s)).
[INFO] [Vulkan filter chain]: Using framebuffer feedback for pass #4.
[INFO] [Vulkan filter chain]: Creating framebuffer 512x512 (max 4294967295 level(s)).
[INFO] [Vulkan filter chain]: Using framebuffer feedback for pass #19.
[INFO] [Vulkan filter chain]: Creating framebuffer 512x512 (max 1 level(s)).
[INFO] [Vulkan filter chain]: Using framebuffer feedback for pass #24.
[INFO] [Vulkan filter chain]: Creating framebuffer 3840x2160 (max 1 level(s)).
[INFO] [Vulkan filter chain]: Using framebuffer feedback for pass #32.
[INFO] [Vulkan filter chain]: Creating framebuffer 3840x2160 (max 1 level(s)).
[INFO] [Vulkan filter chain]: Using framebuffer feedback for pass #33.
[INFO] [Vulkan filter chain]: Creating framebuffer 3840x2160 (max 4294967295 level(s)).
[INFO] [Vulkan filter chain]: Using framebuffer feedback for pass #34.
[INFO] [Vulkan filter chain]: Creating framebuffer 3840x2160 (max 1 level(s)).
[INFO] [Vulkan filter chain]: Using framebuffer feedback for pass #40.
[INFO] [Vulkan filter chain]: Creating framebuffer 3840x2160 (max 1 level(s)).
[INFO] [Vulkan filter chain]: Using framebuffer feedback for pass #41.
[INFO] [Vulkan filter chain]: Updating framebuffer size 320x224 (format: 37).
[INFO] [Vulkan filter chain]: Updating framebuffer size 320x224 (format: 43).
[INFO] [Vulkan filter chain]: Updating framebuffer size 320x224 (format: 43).
[INFO] [Vulkan filter chain]: Updating framebuffer size 320x224 (format: 109).
[INFO] [Vulkan filter chain]: Updating framebuffer size 320x224 (format: 97).
[INFO] [Vulkan filter chain]: Updating framebuffer size 320x224 (format: 97).
[INFO] [Vulkan filter chain]: Updating framebuffer size 320x224 (format: 37).
[INFO] [Vulkan filter chain]: Updating framebuffer size 320x224 (format: 37).
[INFO] [Vulkan filter chain]: Updating framebuffer size 320x224 (format: 37).
[INFO] [Vulkan filter chain]: Updating framebuffer size 320x224 (format: 37).
[INFO] [Vulkan filter chain]: Updating framebuffer size 320x224 (format: 37).
[INFO] [Vulkan filter chain]: Updating framebuffer size 320x224 (format: 37).
[INFO] [Vulkan filter chain]: Updating framebuffer size 320x224 (format: 37).
[INFO] [Vulkan filter chain]: Updating framebuffer size 320x224 (format: 37).
[INFO] [Vulkan filter chain]: Updating framebuffer size 320x224 (format: 37).
[INFO] [Vulkan filter chain]: Updating framebuffer size 320x224 (format: 37).
[INFO] [Vulkan filter chain]: Updating framebuffer size 320x224 (format: 97).
[INFO] [Vulkan filter chain]: Updating framebuffer size 320x224 (format: 97).
[INFO] [Vulkan filter chain]: Updating framebuffer size 320x224 (format: 37).
[INFO] [Vulkan filter chain]: Updating framebuffer size 320x224 (format: 37).
[INFO] [Vulkan filter chain]: Updating framebuffer size 320x224 (format: 37).
[INFO] [Vulkan filter chain]: Updating framebuffer size 320x224 (format: 37).
[INFO] [Vulkan filter chain]: Updating framebuffer size 320x224 (format: 37).
[INFO] [Vulkan filter chain]: Updating framebuffer size 320x224 (format: 37).
[INFO] [Vulkan filter chain]: Updating framebuffer size 320x224 (format: 37).
[INFO] [Vulkan filter chain]: Updating framebuffer size 320x224 (format: 97).
[INFO] [Vulkan filter chain]: Updating framebuffer size 800x224 (format: 97).
[INFO] [Vulkan filter chain]: Updating framebuffer size 320x224 (format: 44).
[INFO] [Vulkan filter chain]: Updating framebuffer size 320x224 (format: 109).
[INFO] [Vulkan filter chain]: Updating framebuffer size 320x224 (format: 97).
[INFO] [Vulkan filter chain]: Updating framebuffer size 320x224 (format: 37).
[INFO] [Vulkan filter chain]: Updating framebuffer size 320x224 (format: 37).
[INFO] [Vulkan filter chain]: Updating framebuffer size 320x224 (format: 44).
[INFO] [Vulkan filter chain]: Updating framebuffer size 320x224 (format: 44).
[INFO] [Core]: Content ran for a total of: 00 hours, 00 minutes, 18 seconds.
[INFO] [Runtime]: Saving runtime log file: "/home/willian/.config/retroarch/playlists/logs/FinalBurn Neo/garou.lrtl".
[INFO] [Config]: Loading config: "/home/willian/.config/retroarch/retroarch.cfg".
[INFO] [Overrides]: Configuration overrides unloaded, original configuration restored.
[INFO] [Core]: Sem conteúdo, iniciando um núcleo vazio.
[INFO] [Core]: Content ran for a total of: 00 hours, 00 minutes, 00 seconds.
[INFO] [Core]: Unloading game..
[INFO] [PulseAudio]: Pausing.
[INFO] [Core]: Unloading core..
[INFO] [Core]: Unloading core symbols..
[INFO] [Core]: Saved core options file to "/home/willian/.config/retroarch/config/FinalBurn Neo/FinalBurn Neo.opt".
[INFO] [XINERAMA]: Xinerama version: 1.1.
[INFO] [XINERAMA]: Xinerama screens: 1.
[INFO] [XINERAMA]: Saved monitor #0.
[INFO] [Video]: Does not have enough samples for monitor refresh rate estimation. Requires to run for at least 4096 frames.
[INFO] RetroArch 1.16.0 (Git 6c2cc45628)
[INFO] === Build =======================================
[INFO] CPU Model Name: AMD Ryzen 7 5700X 8-Core Processor             
[INFO] Capacidades: MMX MMXEXT SSE SSE2 SSE3 SSSE3 SSE4 SSE42 AES AVX AVX2 
[INFO] Version: 1.16.0
[INFO] Git: 6c2cc45628
[INFO] Built: Oct  9 2023
[INFO] =================================================
[INFO] [Input]: Found input driver: "x".
[INFO] [Environ]: SET_PIXEL_FORMAT: RGB565.
[INFO] [Core]: Versão da API libretro: 1, Compilado contra a API: 1
[INFO] [Core]: Geometry: 320x240, Aspect: 1.333, FPS: 60.00, Sample rate: 48000.00 Hz.
[INFO] [Audio]: Set audio input rate to: 48000.00 Hz.
[INFO] [Video]: Set video size to: 3840x2160.
[ERROR] [Wayland]: Failed to connect to Wayland server.
[INFO] [Vulkan]: Vulkan dynamic library loaded.
[INFO] [Vulkan]: Found vulkan context: "vk_x".
[INFO] [Vulkan]: Detecting screen resolution: 3840x2160.
[INFO] [XINERAMA]: Xinerama version: 1.1.
[INFO] [XINERAMA]: Xinerama screens: 1.
[INFO] [X/Vulkan]: Using Xinerama on screen #0.
[INFO] [X/Vulkan]: X = 0, Y = 0, W = 3840, H = 2160.
[INFO] [X/Vulkan]: Requesting compositor bypass.
[INFO] [X/Vulkan]: Using windowed fullscreen.
[INFO] [Vulkan]: Found GPU at index 0: "NVIDIA GeForce RTX 2060".
[INFO] [Vulkan]: Using GPU index 0.
[INFO] [Vulkan]: Using fences for WSI acquire.
[INFO] [Vulkan]: Using GPU: "NVIDIA GeForce RTX 2060".
[INFO] [Vulkan]: Queue family 0 supports 16 sub-queues.
[INFO] [Vulkan]: Got 2 swapchain images.
[INFO] [Vulkan]: Using resolution 3840x2160.
[INFO] [Vulkan]: Using RGB565 format.
[INFO] [Vulkan]: Loading stock shader.
[INFO] [udev]: Pad #0 (/dev/input/event5) supports force feedback.
[INFO] [udev]: Pad #0 (/dev/input/event5) supports 16 force feedback effects.
[INFO] [Joypad]: Found joypad driver: "udev".
[INFO] [DBus]: Suspended screensaver via DBus.
[INFO] [Video]: Found display server: "x11".
[INFO] [PulseAudio]: Requested 24576 bytes buffer, got 18432.
[INFO] [Audio]: Started synchronous audio driver.
[INFO] [ALSA] Using ALSA version 1.2.10
[INFO] [Microphone]: Initialized microphone driver.
[INFO] [Display]: Found display driver: "vulkan".
[INFO] [Environ]: SET_SUBSYSTEM_INFO.
[INFO] [Shaders]: Specific shader preset found at "/home/willian/.config/retroarch/config/global.slangp".
[INFO] [Playlist]: Carregando o arquivo de favoritos: "/home/willian/.config/retroarch/content_favorites.lpl".
[INFO] [X/Vulkan]: Resized fullscreen resolution to 3840x2160.
[INFO] [Config]: Nova configuração salva em "/home/willian/.config/retroarch/retroarch.cfg".
[INFO] [Core]: Content ran for a total of: 00 hours, 00 minutes, 00 seconds.
[INFO] [PulseAudio]: Pausing.
[INFO] [Core]: Unloading core..
[INFO] [Core]: Unloading core symbols..
[INFO] [XINERAMA]: Xinerama version: 1.1.
[INFO] [XINERAMA]: Xinerama screens: 1.
[INFO] [XINERAMA]: Saved monitor #0.
[INFO] [Video]: Does not have enough samples for monitor refresh rate estimation. Requires to run for at least 4096 frames.
